# # [I 2024-01-09 23:48:28,991] Trial 66 finished with value: 0.7374492039554722 and parameters: {'n_estimators': 529, 'max_depth': 7, 'learning_rate': 0.08122316152256841, 'subsample': 0.9801210863846315, 'reg_alpha': 1.0302140277183824e-05, 'reg_lambda': 6.372226978662515e-05}. Best is trial 62 with value: 0.7440032847149474.
# # [I 2024-01-09 23:49:26,570] Trial 67 finished with value: 0.7435159496701855 and parameters: {'n_estimators': 567, 'max_depth': 9, 'learning_rate': 0.06964934008666875, 'subsample': 0.9464619667307345, 'reg_alpha': 1.0123623946676831e-05, 'reg_lambda': 0.0001924637729503987}. Best is trial 62 with value: 0.7440032847149474.
# # [I 2024-01-09 23:50:23,899] Trial 68 finished with value: 0.7427062827847938 and parameters: {'n_estimators': 519, 'max_depth': 8, 'learning_rate': 0.13813358580274082, 'subsample': 0.9800166306898888, 'reg_alpha': 2.454621400750286e-05, 'reg_lambda': 8.312159913795688e-05}. Best is trial 62 with value: 0.7440032847149474.
# # [I 2024-01-09 23:51:20,026] Trial 69 finished with value: 0.7435121123863685 and parameters: {'n_estimators': 553, 'max_depth': 9, 'learning_rate': 0.08728887105377688, 'subsample': 0.9523994210293223, 'reg_alpha': 1.576916777366187e-05, 'reg_lambda': 3.0062181145728874e-05}. Best is trial 62 with value: 0.7440032847149474.
# # [I 2024-01-09 23:52:23,111] Trial 70 finished with value: 0.7419541751566571 and parameters: {'n_estimators': 598, 'max_depth': 9, 'learning_rate': 0.044272723531206086, 'subsample': 0.9227281463708807, 'reg_alpha': 2.6586186666270883e-05, 'reg_lambda': 0.00022594443401572291}. Best is trial 62 with value: 0.7440032847149474.
# # [I 2024-01-09 23:53:45,762] Trial 71 finished with value: 0.7437576985506579 and parameters: {'n_estimators': 570, 'max_depth': 9, 'learning_rate': 0.07362496781340155, 'subsample': 0.9429301081865811, 'reg_alpha': 1.0487367349213107e-05, 'reg_lambda': 0.00014318265399412502}. Best is trial 62 with value: 0.7440032847149474.
# # [I 2024-01-09 23:54:50,283] Trial 72 finished with value: 0.7437500239830239 and parameters: {'n_estimators': 574, 'max_depth': 9, 'learning_rate': 0.07668076038189266, 'subsample': 0.9032852355979527, 'reg_alpha': 1.000461322145631e-05, 'reg_lambda': 0.0006089657277370665}. Best is trial 62 with value: 0.7440032847149474.
# # [I 2024-01-09 23:55:53,700] Trial 73 finished with value: 0.7439188644709729 and parameters: {'n_estimators': 573, 'max_depth': 9, 'learning_rate': 0.06375450110456046, 'subsample': 0.9033705745176054, 'reg_alpha': 1.5955756820940145e-05, 'reg_lambda': 6.939316946979131e-06}. Best is trial 62 with value: 0.7440032847149474.
# # [I 2024-01-09 23:56:46,391] Trial 74 finished with value: 0.7403885633593118 and parameters: {'n_estimators': 578, 'max_depth': 8, 'learning_rate': 0.06261100905611415, 'subsample': 0.9667778147433989, 'reg_alpha': 1.5261118834715412e-05, 'reg_lambda': 5.1691678924316255e-06}. Best is trial 62 with value: 0.7440032847149474.
# # [I 2024-01-09 23:57:44,603] Trial 75 finished with value: 0.7439802610120453 and parameters: {'n_estimators': 568, 'max_depth': 9, 'learning_rate': 0.07270848881784508, 'subsample': 0.8932781529742979, 'reg_alpha': 4.384616938557048e-05, 'reg_lambda': 8.445648792711417e-06}. Best is trial 62 with value: 0.7440032847149474.
# # [I 2024-01-09 23:58:39,771] Trial 76 finished with value: 0.7419887107110102 and parameters: {'n_estimators': 487, 'max_depth': 9, 'learning_rate': 0.05703688477904277, 'subsample': 0.9011962498492384, 'reg_alpha': 1.9664041205202702e-05, 'reg_lambda': 1.773914480888138e-06}. Best is trial 62 with value: 0.7440032847149474.
# # [I 2024-01-10 00:00:03,173] Trial 77 finished with value: 0.7441107286618239 and parameters: {'n_estimators': 586, 'max_depth': 9, 'learning_rate': 0.07372054199547849, 'subsample': 0.9084441669124462, 'reg_alpha': 4.5869925086802365e-05, 'reg_lambda': 1.2047816033954858e-05}. Best is trial 77 with value: 0.7441107286618239.
# # [I 2024-01-10 00:01:03,118] Trial 78 finished with value: 0.7424223237823339 and parameters: {'n_estimators': 586, 'max_depth': 9, 'learning_rate': 0.04714962392640283, 'subsample': 0.9003689660592785, 'reg_alpha': 4.9281208005504935e-05, 'reg_lambda': 2.969309451176985e-06}. Best is trial 77 with value: 0.7441107286618239.
# # [I 2024-01-10 00:02:07,361] Trial 79 finished with value: 0.7441491014999942 and parameters: {'n_estimators': 571, 'max_depth': 9, 'learning_rate': 0.07411020030631262, 'subsample': 0.9084524981347166, 'reg_alpha': 1.5596644878161967e-05, 'reg_lambda': 1.0216930414411583e-05}. Best is trial 79 with value: 0.7441491014999942.
# # [I 2024-01-10 00:03:08,202] Trial 80 finished with value: 0.7429825672196192 and parameters: {'n_estimators': 598, 'max_depth': 9, 'learning_rate': 0.052647878314747175, 'subsample': 0.9230502691949006, 'reg_alpha': 1.5729657581851443e-05, 'reg_lambda': 8.297968792013026e-06}. Best is trial 79 with value: 0.7441491014999942.
# # [I 2024-01-10 00:04:04,406] Trial 81 finished with value: 0.7438190950917303 and parameters: {'n_estimators': 571, 'max_depth': 9, 'learning_rate': 0.07704422629732792, 'subsample': 0.9081810117752631, 'reg_alpha': 2.1564126495771593e-05, 'reg_lambda': 1.557897877300606e-05}. Best is trial 79 with value: 0.7441491014999942.
# # [I 2024-01-10 00:04:59,965] Trial 82 finished with value: 0.7441874743381645 and parameters: {'n_estimators': 566, 'max_depth': 9, 'learning_rate': 0.06990259781853493, 'subsample': 0.8920015569105262, 'reg_alpha': 0.13284341131896668, 'reg_lambda': 1.6799006741969436e-05}. Best is trial 82 with value: 0.7441874743381645.
# # [I 2024-01-10 00:05:56,775] Trial 83 finished with value: 0.7443217792717602 and parameters: {'n_estimators': 566, 'max_depth': 9, 'learning_rate': 0.07439103844079738, 'subsample': 0.8858306633146907, 'reg_alpha': 0.34472247065918915, 'reg_lambda': 1.3460586987991055e-05}. Best is trial 83 with value: 0.7443217792717602.
# # [I 2024-01-10 00:06:50,320] Trial 84 finished with value: 0.7433164109117003 and parameters: {'n_estimators': 537, 'max_depth': 9, 'learning_rate': 0.06398110511050474, 'subsample': 0.8878389917801511, 'reg_alpha': 0.23727171452057086, 'reg_lambda': 1.5510456933368772e-05}. Best is trial 83 with value: 0.7443217792717602.
# # [I 2024-01-10 00:07:41,715] Trial 85 finished with value: 0.742936519813815 and parameters: {'n_estimators': 512, 'max_depth': 9, 'learning_rate': 0.05611570858656202, 'subsample': 0.9102441193521349, 'reg_alpha': 0.47113029518533683, 'reg_lambda': 7.568295148220696e-06}. Best is trial 83 with value: 0.7443217792717602.
# # [I 2024-01-10 00:08:33,590] Trial 86 finished with value: 0.7357224262378118 and parameters: {'n_estimators': 587, 'max_depth': 8, 'learning_rate': 0.03771964146856065, 'subsample': 0.9233749900536787, 'reg_alpha': 0.9646994908399972, 'reg_lambda': 2.964942461040617e-07}. Best is trial 83 with value: 0.7443217792717602.
# # [I 2024-01-10 00:09:33,152] Trial 87 finished with value: 0.7430593128959598 and parameters: {'n_estimators': 564, 'max_depth': 9, 'learning_rate': 0.06995865324052308, 'subsample': 0.653001164423939, 'reg_alpha': 0.09640132993115745, 'reg_lambda': 2.782066437741422e-05}. Best is trial 83 with value: 0.7443217792717602.
# # [I 2024-01-10 00:09:44,770] Trial 88 finished with value: 0.6831055905387929 and parameters: {'n_estimators': 186, 'max_depth': 4, 'learning_rate': 0.0465509151573463, 'subsample': 0.8868305734537393, 'reg_alpha': 0.21313197928174937, 'reg_lambda': 2.491529450943621e-06}. Best is trial 83 with value: 0.7443217792717602.
# # [I 2024-01-10 00:10:45,401] Trial 89 finished with value: 0.7442335217439688 and parameters: {'n_estimators': 600, 'max_depth': 9, 'learning_rate': 0.06058525704835029, 'subsample': 0.8697897429097268, 'reg_alpha': 0.031050621617868503, 'reg_lambda': 1.056341600046725e-05}. Best is trial 83 with value: 0.7443217792717602.
# # [I 2024-01-10 00:11:25,296] Trial 90 finished with value: 0.7140916573612536 and parameters: {'n_estimators': 587, 'max_depth': 6, 'learning_rate': 0.02645365477217938, 'subsample': 0.8650080885960226, 'reg_alpha': 0.13135667877494597, 'reg_lambda': 8.463477911826802e-07}. Best is trial 83 with value: 0.7443217792717602.
# # [I 2024-01-10 00:12:23,545] Trial 91 finished with value: 0.7437999086726451 and parameters: {'n_estimators': 599, 'max_depth': 9, 'learning_rate': 0.0625711616439012, 'subsample': 0.908916043963578, 'reg_alpha': 0.02453096676069785, 'reg_lambda': 1.064890444898583e-05}. Best is trial 83 with value: 0.7443217792717602.
# # [I 2024-01-10 00:13:18,314] Trial 92 finished with value: 0.7434123430071257 and parameters: {'n_estimators': 577, 'max_depth': 9, 'learning_rate': 0.07584351327479417, 'subsample': 0.9595023731451159, 'reg_alpha': 0.04059900852083063, 'reg_lambda': 5.538856395366166e-06}. Best is trial 83 with value: 0.7443217792717602.
# # [I 2024-01-10 00:14:12,411] Trial 93 finished with value: 0.7440646812560198 and parameters: {'n_estimators': 544, 'max_depth': 9, 'learning_rate': 0.06670320136064523, 'subsample': 0.8916665773111778, 'reg_alpha': 0.45808160780099005, 'reg_lambda': 3.6880077937923774e-05}. Best is trial 83 with value: 0.7443217792717602.
# # [I 2024-01-10 00:15:06,576] Trial 94 finished with value: 0.7428405877183893 and parameters: {'n_estimators': 541, 'max_depth': 9, 'learning_rate': 0.055844460595903096, 'subsample': 0.8923097958044202, 'reg_alpha': 0.34387340196959076, 'reg_lambda': 3.39549996795593e-05}. Best is trial 83 with value: 0.7443217792717602.
# # [I 2024-01-10 00:16:03,662] Trial 95 finished with value: 0.7414207927060908 and parameters: {'n_estimators': 559, 'max_depth': 9, 'learning_rate': 0.04107110640549487, 'subsample': 0.8419110444528959, 'reg_alpha': 0.7665361150806705, 'reg_lambda': 5.280421230395229e-05}. Best is trial 83 with value: 0.7443217792717602.
# # [I 2024-01-10 00:16:50,049] Trial 96 finished with value: 0.7420347581168146 and parameters: {'n_estimators': 545, 'max_depth': 8, 'learning_rate': 0.06676525983734449, 'subsample': 0.880802011446494, 'reg_alpha': 0.16313290906024952, 'reg_lambda': 2.126599278233765e-05}. Best is trial 83 with value: 0.7443217792717602.
# # [I 2024-01-10 00:17:42,187] Trial 97 finished with value: 0.7432243161000917 and parameters: {'n_estimators': 512, 'max_depth': 9, 'learning_rate': 0.10053504439462493, 'subsample': 0.8590051191025506, 'reg_alpha': 0.36173354424842824, 'reg_lambda': 4.582539416698337e-06}. Best is trial 83 with value: 0.7443217792717602.
# # [I 2024-01-10 00:18:39,681] Trial 98 finished with value: 0.7429672180843511 and parameters: {'n_estimators': 561, 'max_depth': 9, 'learning_rate': 0.04995974684299071, 'subsample': 0.8724514973434673, 'reg_alpha': 0.5724940388547586, 'reg_lambda': 8.17369249796785e-06}. Best is trial 83 with value: 0.7443217792717602.
# # [I 2024-01-10 00:19:38,942] Trial 99 finished with value: 0.7385735281138599 and parameters: {'n_estimators': 588, 'max_depth': 9, 'learning_rate': 0.03398041371671438, 'subsample': 0.9339021780147372, 'reg_alpha': 0.07707148588524307, 'reg_lambda': 1.2022355558739499e-05}. Best is trial 83 with value: 0.7443217792717602.
# # Best trial: score 0.7443217792717602, params {'n_estimators': 566, 'max_depth': 9, 'learning_rate': 0.07439103844079738, 'subsample': 0.8858306633146907, 'reg_alpha': 0.34472247065918915, 'reg_lambda': 1.3460586987991055e-05}



This is from the failed first attempt:

# # c:\Users\Micha\AppData\Local\Programs\Python\Python310\lib\site-packages\tqdm\auto.py:21: TqdmWarning: IProgress not found. Please update jupyter and ipywidgets. See https://ipywidgets.readthedocs.io/en/stable/user_install.html
# #   from .autonotebook import tqdm as notebook_tqdm
# # [I 2024-01-09 22:42:27,520] A new study created in memory with name: no-name-f6d8827f-d0f8-4f51-a25b-4301be8ea9a5
# # [I 2024-01-09 22:42:46,645] Trial 0 finished with value: 0.7212827272343545 and parameters: {'n_estimators': 163, 'max_depth': 8, 'learning_rate': 0.06045247161304152, 'subsample': 0.7787129509526797, 'reg_alpha': 0.2887685511052473, 'reg_lambda': 3.2177132566468014e-07}. Best is trial 0 with value: 0.7212827272343545.
# # [I 2024-01-09 22:43:14,933] Trial 1 finished with value: 0.7314860649038185 and parameters: {'n_estimators': 447, 'max_depth': 5, 'learning_rate': 0.15755606457887833, 'subsample': 0.702364387633393, 'reg_alpha': 5.785439998276666e-05, 'reg_lambda': 2.771662734503766e-07}. Best is trial 1 with value: 0.7314860649038185.
# # [I 2024-01-09 22:43:46,141] Trial 2 finished with value: 0.7244715100863006 and parameters: {'n_estimators': 536, 'max_depth': 4, 'learning_rate': 0.14787631440891466, 'subsample': 0.805691670882827, 'reg_alpha': 0.2614991747395972, 'reg_lambda': 3.92964460144178e-08}. Best is trial 1 with value: 0.7314860649038185.
# # [I 2024-01-09 22:44:27,539] Trial 3 finished with value: 0.6976220352185908 and parameters: {'n_estimators': 398, 'max_depth': 8, 'learning_rate': 0.005387900170883273, 'subsample': 0.5806532515595515, 'reg_alpha': 0.7017643374894462, 'reg_lambda': 0.040990090823901634}. Best is trial 1 with value: 0.7314860649038185.
# # [I 2024-01-09 22:44:59,236] Trial 4 finished with value: 0.6916742453022054 and parameters: {'n_estimators': 355, 'max_depth': 7, 'learning_rate': 0.008325470869137395, 'subsample': 0.9251634180247994, 'reg_alpha': 0.01419104288999719, 'reg_lambda': 0.005463869138877059}. Best is trial 1 with value: 0.7314860649038185.
# # [I 2024-01-09 22:45:35,535] Trial 5 finished with value: 0.7398782046116477 and parameters: {'n_estimators': 528, 'max_depth': 6, 'learning_rate': 0.3625879526514592, 'subsample': 0.8631194715399975, 'reg_alpha': 0.04417485989065568, 'reg_lambda': 0.00028569781406348417}. Best is trial 5 with value: 0.7398782046116477.
# # [I 2024-01-09 22:45:43,798] Trial 6 finished with value: 0.6660795622426622 and parameters: {'n_estimators': 109, 'max_depth': 5, 'learning_rate': 0.010719404452531466, 'subsample': 0.9499720422902136, 'reg_alpha': 0.009722186262269497, 'reg_lambda': 3.116687867185507e-07}. Best is trial 5 with value: 0.7398782046116477.
# # [I 2024-01-09 22:45:59,410] Trial 7 finished with value: 0.7054155586509645 and parameters: {'n_estimators': 236, 'max_depth': 5, 'learning_rate': 0.06764329877625996, 'subsample': 0.8549341739404203, 'reg_alpha': 0.6596827072923531, 'reg_lambda': 1.3719080153697584e-08}. Best is trial 5 with value: 0.7398782046116477.
# # [I 2024-01-09 22:46:33,315] Trial 8 finished with value: 0.7202927080095626 and parameters: {'n_estimators': 481, 'max_depth': 6, 'learning_rate': 0.042182717141803834, 'subsample': 0.8075639701935157, 'reg_alpha': 0.015729045962641772, 'reg_lambda': 1.3474927485741173e-08}. Best is trial 5 with value: 0.7398782046116477.
# # [I 2024-01-09 22:47:19,576] Trial 9 finished with value: 0.738938070076477 and parameters: {'n_estimators': 516, 'max_depth': 8, 'learning_rate': 0.051935626296060966, 'subsample': 0.6580799998597945, 'reg_alpha': 0.0003632112798270551, 'reg_lambda': 1.929559239399585e-06}. Best is trial 5 with value: 0.7398782046116477.
# # [I 2024-01-09 22:47:49,906] Trial 10 finished with value: 0.7204807349165966 and parameters: {'n_estimators': 596, 'max_depth': 3, 'learning_rate': 0.2616197812649297, 'subsample': 0.9714211325992917, 'reg_alpha': 0.0006588741277045746, 'reg_lambda': 1.9859389315223386}. Best is trial 5 with value: 0.7398782046116477.
# # [I 2024-01-09 22:48:54,208] Trial 11 finished with value: 0.73426809567116 and parameters: {'n_estimators': 599, 'max_depth': 9, 'learning_rate': 0.021971346411090806, 'subsample': 0.6607169985103802, 'reg_alpha': 0.0003374698594255009, 'reg_lambda': 6.797738851678759e-05}. Best is trial 5 with value: 0.7398782046116477.
# # [I 2024-01-09 22:49:16,428] Trial 12 finished with value: 0.7330056292953596 and parameters: {'n_estimators': 284, 'max_depth': 7, 'learning_rate': 0.3987864568036131, 'subsample': 0.5211844879636247, 'reg_alpha': 1.2895320817206854e-05, 'reg_lambda': 2.295594153108068e-05}. Best is trial 5 with value: 0.7398782046116477.
# # [I 2024-01-09 22:50:04,818] Trial 13 finished with value: 0.7303617407454307 and parameters: {'n_estimators': 451, 'max_depth': 9, 'learning_rate': 0.02335143263383399, 'subsample': 0.6591463558253483, 'reg_alpha': 0.0014354299657143741, 'reg_lambda': 4.820648931083635e-06}. Best is trial 5 with value: 0.7398782046116477.
# # [I 2024-01-09 22:50:43,372] Trial 14 finished with value: 0.7423110425516404 and parameters: {'n_estimators': 531, 'max_depth': 7, 'learning_rate': 0.11875211168415972, 'subsample': 0.8589196967060748, 'reg_alpha': 0.06106185254915527, 'reg_lambda': 0.004313408974501217}. Best is trial 14 with value: 0.7423110425516404.
# # [I 2024-01-09 22:51:18,572] Trial 15 finished with value: 0.7390109784690005 and parameters: {'n_estimators': 543, 'max_depth': 6, 'learning_rate': 0.13060638977018707, 'subsample': 0.8777919412388206, 'reg_alpha': 0.06024070907421242, 'reg_lambda': 0.001630738195744983}. Best is trial 14 with value: 0.7423110425516404.
# # [I 2024-01-09 22:51:49,771] Trial 16 finished with value: 0.7386387619387492 and parameters: {'n_estimators': 391, 'max_depth': 7, 'learning_rate': 0.3872097819608859, 'subsample': 0.8802740463692065, 'reg_alpha': 0.057018817950218514, 'reg_lambda': 0.0005221472591686591}. Best is trial 14 with value: 0.7423110425516404.
# # [I 2024-01-09 22:52:08,698] Trial 17 finished with value: 0.7366241879348122 and parameters: {'n_estimators': 275, 'max_depth': 6, 'learning_rate': 0.22082972874553747, 'subsample': 0.7638455830308248, 'reg_alpha': 0.06656194800253216, 'reg_lambda': 0.0551159641008944}. Best is trial 14 with value: 0.7423110425516404.
# # [I 2024-01-09 22:52:36,493] Trial 18 finished with value: 0.7157225029834882 and parameters: {'n_estimators': 493, 'max_depth': 4, 'learning_rate': 0.09541121801181791, 'subsample': 0.8372637967519704, 'reg_alpha': 0.004115735272424015, 'reg_lambda': 0.02111952521407104}. Best is trial 14 with value: 0.7423110425516404.
# # [I 2024-01-09 22:53:08,694] Trial 19 finished with value: 0.7422573205782018 and parameters: {'n_estimators': 430, 'max_depth': 7, 'learning_rate': 0.25533578653252914, 'subsample': 0.9100185406241479, 'reg_alpha': 0.14013172045909267, 'reg_lambda': 0.4724898492548154}. Best is trial 14 with value: 0.7423110425516404.
# # [I 2024-01-09 22:53:38,043] Trial 20 finished with value: 0.734421587023841 and parameters: {'n_estimators': 402, 'max_depth': 7, 'learning_rate': 0.0904911881324809, 'subsample': 0.996231385141216, 'reg_alpha': 0.19700125631557416, 'reg_lambda': 1.7481389629620026}. Best is trial 14 with value: 0.7423110425516404.
# # [I 2024-01-09 22:54:07,189] Trial 21 finished with value: 0.7413977690031888 and parameters: {'n_estimators': 444, 'max_depth': 6, 'learning_rate': 0.25483641276399593, 'subsample': 0.9110683641767444, 'reg_alpha': 0.03586187302353543, 'reg_lambda': 0.19242993761868174}. Best is trial 14 with value: 0.7423110425516404.
# # [I 2024-01-09 22:54:40,400] Trial 22 finished with value: 0.7422112731723977 and parameters: {'n_estimators': 441, 'max_depth': 7, 'learning_rate': 0.21013671150640603, 'subsample': 0.9154386652408052, 'reg_alpha': 0.13483576893547425, 'reg_lambda': 0.3556890494708037}. Best is trial 14 with value: 0.7423110425516404.
# # [I 2024-01-09 22:55:08,839] Trial 23 finished with value: 0.7431398958561172 and parameters: {'n_estimators': 336, 'max_depth': 8, 'learning_rate': 0.18469480837112906, 'subsample': 0.9076109114296111, 'reg_alpha': 0.14020339418368147, 'reg_lambda': 0.23531213559512681}. Best is trial 23 with value: 0.7431398958561172.
# # [I 2024-01-09 22:55:37,025] Trial 24 finished with value: 0.7404461226165671 and parameters: {'n_estimators': 330, 'max_depth': 8, 'learning_rate': 0.10228686918771286, 'subsample': 0.9515553817524156, 'reg_alpha': 0.9109769393009413, 'reg_lambda': 0.2263028333735641}. Best is trial 23 with value: 0.7431398958561172.
