[I 2024-01-07 18:41:39,432] Trial 93 finished with value: 0.7397995583255238 and parameters: {'num_leaves': 234, 'min_data_in_leaf': 17, 'n_estimators': 316, 'min_child_samples': 2}. Best is trial 91 with value: 0.7399033919859633.
[I 2024-01-07 18:41:59,714] Trial 94 finished with value: 0.738837978901254 and parameters: {'num_leaves': 233, 'min_data_in_leaf': 18, 'n_estimators': 316, 'min_child_samples': 2}. Best is trial 91 with value: 0.7399033919859633.
[I 2024-01-07 18:42:18,282] Trial 95 finished with value: 0.7389463297004149 and parameters: {'num_leaves': 240, 'min_data_in_leaf': 17, 'n_estimators': 289, 'min_child_samples': 2}. Best is trial 91 with value: 0.7399033919859633.
[I 2024-01-07 18:42:35,240] Trial 96 finished with value: 0.738964384620731 and parameters: {'num_leaves': 263, 'min_data_in_leaf': 16, 'n_estimators': 274, 'min_child_samples': 2}. Best is trial 91 with value: 0.7399033919859633.
[I 2024-01-07 18:43:00,141] Trial 97 finished with value: 0.7378673675840631 and parameters: {'num_leaves': 324, 'min_data_in_leaf': 20, 'n_estimators': 305, 'min_child_samples': 3}. Best is trial 91 with value: 0.7399033919859633.
[I 2024-01-07 18:43:21,264] Trial 98 finished with value: 0.73887860832627 and parameters: {'num_leaves': 223, 'min_data_in_leaf': 19, 'n_estimators': 313, 'min_child_samples': 2}. Best is trial 91 with value: 0.7399033919859633.
[I 2024-01-07 18:43:42,930] Trial 99 finished with value: 0.7388334651864604 and parameters: {'num_leaves': 246, 'min_data_in_leaf': 18, 'n_estimators': 326, 'min_child_samples': 3}. Best is trial 91 with value: 0.7399033919859633.
Best trial: score 0.7399033919859633, params {'num_leaves': 234, 'min_data_in_leaf': 17, 'n_estimators': 313, 'min_child_samples': 2}
