
# # [I 2024-01-09 23:00:04,003] A new study created in memory with name: no-name-a891ab1f-114d-434b-ab03-d678fabd3a31
# # [I 2024-01-09 23:00:23,211] Trial 0 finished with value: 0.7333087747169044 and parameters: {'n_estimators': 201, 'max_depth': 6, 'learning_rate': 0.26052530569784765, 'subsample': 0.6006924099965518, 'reg_alpha': 0.047018934020999624, 'reg_lambda': 0.00011206777119288735}. Best is trial 0 with value: 0.7333087747169044.
# # [I 2024-01-09 23:01:23,154] Trial 1 finished with value: 0.7433893193042237 and parameters: {'n_estimators': 587, 'max_depth': 9, 'learning_rate': 0.05088597132699915, 'subsample': 0.825629146173626, 'reg_alpha': 0.0001624842611518334, 'reg_lambda': 0.00012216763298662962}. Best is trial 1 with value: 0.7433893193042237.
# # [I 2024-01-09 23:02:05,943] Trial 2 finished with value: 0.6849474867709641 and parameters: {'n_estimators': 548, 'max_depth': 6, 'learning_rate': 0.00568024000478306, 'subsample': 0.9552159429195286, 'reg_alpha': 5.852210207826423e-05, 'reg_lambda': 2.9666804841945843e-07}. Best is trial 1 with value: 0.7433893193042237.
# # [I 2024-01-09 23:02:21,335] Trial 3 finished with value: 0.7088729513701022 and parameters: {'n_estimators': 128, 'max_depth': 9, 'learning_rate': 0.02185191921445119, 'subsample': 0.6258068912866841, 'reg_alpha': 7.508649731919097e-05, 'reg_lambda': 2.3617664090517076e-08}. Best is trial 1 with value: 0.7433893193042237.
# # [I 2024-01-09 23:02:50,350] Trial 4 finished with value: 0.665223847951466 and parameters: {'n_estimators': 464, 'max_depth': 4, 'learning_rate': 0.008933709620324984, 'subsample': 0.574449511319924, 'reg_alpha': 2.6676689420461742e-05, 'reg_lambda': 0.034642180904670285}. Best is trial 1 with value: 0.7433893193042237.
# # [I 2024-01-09 23:03:32,480] Trial 5 finished with value: 0.7271038867847782 and parameters: {'n_estimators': 536, 'max_depth': 7, 'learning_rate': 0.0358782365857866, 'subsample': 0.8987753714956488, 'reg_alpha': 0.0011327153885398499, 'reg_lambda': 0.002833101403488936}. Best is trial 1 with value: 0.7433893193042237.
# # [I 2024-01-09 23:04:21,129] Trial 6 finished with value: 0.7348743865142496 and parameters: {'n_estimators': 530, 'max_depth': 8, 'learning_rate': 0.03697513393365109, 'subsample': 0.5326774394094727, 'reg_alpha': 0.2536833382225363, 'reg_lambda': 0.007174370653213359}. Best is trial 1 with value: 0.7433893193042237.
# # [I 2024-01-09 23:04:55,802] Trial 7 finished with value: 0.7212098188418309 and parameters: {'n_estimators': 473, 'max_depth': 3, 'learning_rate': 0.3469992550543149, 'subsample': 0.8617850018879492, 'reg_alpha': 0.048276210815380846, 'reg_lambda': 8.652316990769502e-07}. Best is trial 1 with value: 0.7433893193042237.
# # [I 2024-01-09 23:05:56,665] Trial 8 finished with value: 0.7371652449530125 and parameters: {'n_estimators': 599, 'max_depth': 8, 'learning_rate': 0.04187654421981936, 'subsample': 0.9293555344679156, 'reg_alpha': 0.00026786992318198594, 'reg_lambda': 5.555298132151663e-07}. Best is trial 1 with value: 0.7433893193042237.
# # [I 2024-01-09 23:06:05,598] Trial 9 finished with value: 0.6717050203184178 and parameters: {'n_estimators': 130, 'max_depth': 4, 'learning_rate': 0.03851392145346366, 'subsample': 0.661516945502004, 'reg_alpha': 1.1535276258537843e-05, 'reg_lambda': 1.2161616462579603e-08}. Best is trial 1 with value: 0.7433893193042237.
# # [I 2024-01-09 23:06:38,009] Trial 10 finished with value: 0.7424645339043211 and parameters: {'n_estimators': 310, 'max_depth': 9, 'learning_rate': 0.14811976819529804, 'subsample': 0.7841115081870227, 'reg_alpha': 0.007443192801145212, 'reg_lambda': 0.5859348365040832}. Best is trial 1 with value: 0.7433893193042237.
# # [I 2024-01-09 23:07:08,070] Trial 11 finished with value: 0.7420577818197168 and parameters: {'n_estimators': 296, 'max_depth': 9, 'learning_rate': 0.1390812875415526, 'subsample': 0.7799348240450799, 'reg_alpha': 0.004780691848633306, 'reg_lambda': 8.932795755015078e-05}. Best is trial 1 with value: 0.7433893193042237.
# # [I 2024-01-09 23:07:45,831] Trial 12 finished with value: 0.7432473398029938 and parameters: {'n_estimators': 356, 'max_depth': 9, 'learning_rate': 0.11103122570915094, 'subsample': 0.7713817633755247, 'reg_alpha': 0.0036752931163281386, 'reg_lambda': 1.3294949493234096}. Best is trial 1 with value: 0.7433893193042237.
# # [I 2024-01-09 23:08:17,635] Trial 13 finished with value: 0.7386310873711152 and parameters: {'n_estimators': 405, 'max_depth': 7, 'learning_rate': 0.10070349623974262, 'subsample': 0.7095570773083473, 'reg_alpha': 0.0006445168786881791, 'reg_lambda': 1.0565307773087633}. Best is trial 1 with value: 0.7433893193042237.
# # [I 2024-01-09 23:08:53,731] Trial 14 finished with value: 0.7397016895560645 and parameters: {'n_estimators': 374, 'max_depth': 8, 'learning_rate': 0.0798088261236293, 'subsample': 0.8357763518168788, 'reg_alpha': 0.0002297842902392959, 'reg_lambda': 1.2590981968717636e-05}. Best is trial 1 with value: 0.7433893193042237.
# # [I 2024-01-09 23:09:20,381] Trial 15 finished with value: 0.6950280313582834 and parameters: {'n_estimators': 233, 'max_depth': 7, 'learning_rate': 0.016301949210064583, 'subsample': 0.7087931112513088, 'reg_alpha': 0.0017611211516015107, 'reg_lambda': 0.0004892742600721694}. Best is trial 1 with value: 0.7433893193042237.
# # [I 2024-01-09 23:10:08,904] Trial 16 finished with value: 0.7400125095452434 and parameters: {'n_estimators': 416, 'max_depth': 9, 'learning_rate': 0.0666521833144291, 'subsample': 0.9912573498998496, 'reg_alpha': 0.0165424701514291, 'reg_lambda': 0.07766136691476097}. Best is trial 1 with value: 0.7433893193042237.
# # [I 2024-01-09 23:10:31,690] Trial 17 finished with value: 0.7305267439495627 and parameters: {'n_estimators': 315, 'max_depth': 5, 'learning_rate': 0.19424057873297448, 'subsample': 0.824582956742095, 'reg_alpha': 0.5390343720614504, 'reg_lambda': 7.519193033673916e-06}. Best is trial 1 with value: 0.7433893193042237.
# # [I 2024-01-09 23:10:55,878] Trial 18 finished with value: 0.706509184538816 and parameters: {'n_estimators': 237, 'max_depth': 8, 'learning_rate': 0.01949497912789025, 'subsample': 0.7364023186915425, 'reg_alpha': 0.00019867289450538922, 'reg_lambda': 0.0010804856515630277}. Best is trial 1 with value: 0.7433893193042237.
# # [I 2024-01-09 23:11:35,598] Trial 19 finished with value: 0.7346364749175943 and parameters: {'n_estimators': 477, 'max_depth': 7, 'learning_rate': 0.06127625124909843, 'subsample': 0.8721212504567811, 'reg_alpha': 0.01938063059842054, 'reg_lambda': 0.06414636147505137}. Best is trial 1 with value: 0.7433893193042237.
# # [I 2024-01-09 23:12:30,349] Trial 20 finished with value: 0.737249665196987 and parameters: {'n_estimators': 599, 'max_depth': 6, 'learning_rate': 0.09372506571705211, 'subsample': 0.7921978170796418, 'reg_alpha': 0.0007908211835571311, 'reg_lambda': 1.348877806224597e-05}. Best is trial 1 with value: 0.7433893193042237.
# # [I 2024-01-09 23:13:12,818] Trial 21 finished with value: 0.7425374422968446 and parameters: {'n_estimators': 307, 'max_depth': 9, 'learning_rate': 0.1590477617645034, 'subsample': 0.7734088339361191, 'reg_alpha': 0.004923345803188596, 'reg_lambda': 1.3369419909428928}. Best is trial 1 with value: 0.7433893193042237.
# # [I 2024-01-09 23:14:01,814] Trial 22 finished with value: 0.7419656870081082 and parameters: {'n_estimators': 351, 'max_depth': 9, 'learning_rate': 0.1348056969749821, 'subsample': 0.6825745186623345, 'reg_alpha': 0.00262258576503164, 'reg_lambda': 0.3268314611603986}. Best is trial 1 with value: 0.7433893193042237.
# # [I 2024-01-09 23:14:34,422] Trial 23 finished with value: 0.7403847260754947 and parameters: {'n_estimators': 267, 'max_depth': 8, 'learning_rate': 0.2287101016144441, 'subsample': 0.7538138607930241, 'reg_alpha': 0.009065003861654423, 'reg_lambda': 0.0066450449288388315}. Best is trial 1 with value: 0.7433893193042237.
# # [I 2024-01-09 23:14:57,058] Trial 24 finished with value: 0.7380401456632937 and parameters: {'n_estimators': 179, 'max_depth': 9, 'learning_rate': 0.3871996524015227, 'subsample': 0.8217875302070918, 'reg_alpha': 0.07630656352548418, 'reg_lambda': 1.7195195597531376}. Best is trial 1 with value: 0.7433893193042237.
# # [I 2024-01-09 23:15:38,757] Trial 25 finished with value: 0.7384622468831662 and parameters: {'n_estimators': 438, 'max_depth': 8, 'learning_rate': 0.05788180406232143, 'subsample': 0.7412841405888144, 'reg_alpha': 0.0026212143977133126, 'reg_lambda': 0.2195034468509065}. Best is trial 1 with value: 0.7433893193042237.
# # [I 2024-01-09 23:16:17,619] Trial 26 finished with value: 0.7432473398029938 and parameters: {'n_estimators': 361, 'max_depth': 9, 'learning_rate': 0.11393214683023366, 'subsample': 0.8977289922814432, 'reg_alpha': 0.0003914864386644773, 'reg_lambda': 0.023545224427202638}. Best is trial 1 with value: 0.7433893193042237.
# # [I 2024-01-09 23:16:57,774] Trial 27 finished with value: 0.7213978457488652 and parameters: {'n_estimators': 371, 'max_depth': 8, 'learning_rate': 0.02828400992256516, 'subsample': 0.8906334951986903, 'reg_alpha': 0.0003683686610476211, 'reg_lambda': 0.03146687663425673}. Best is trial 1 with value: 0.7433893193042237.
# # [I 2024-01-09 23:17:51,875] Trial 28 finished with value: 0.7435121123863685 and parameters: {'n_estimators': 503, 'max_depth': 9, 'learning_rate': 0.1003129145568426, 'subsample': 0.9339489199783957, 'reg_alpha': 7.287435099971498e-05, 'reg_lambda': 0.00041200226288994816}. Best is trial 28 with value: 0.7435121123863685.
# # [I 2024-01-09 23:18:29,611] Trial 29 finished with value: 0.7317508374871929 and parameters: {'n_estimators': 506, 'max_depth': 7, 'learning_rate': 0.050338048721845545, 'subsample': 0.9432681487969389, 'reg_alpha': 7.127623102303377e-05, 'reg_lambda': 0.0001034665970015755}. Best is trial 28 with value: 0.7435121123863685.
# # [I 2024-01-09 23:19:03,499] Trial 30 finished with value: 0.7241261545427684 and parameters: {'n_estimators': 571, 'max_depth': 5, 'learning_rate': 0.07733038900979214, 'subsample': 0.9735927926646701, 'reg_alpha': 0.00011538426905578963, 'reg_lambda': 0.0003822771768784155}. Best is trial 28 with value: 0.7435121123863685.
# # [I 2024-01-09 23:19:54,372] Trial 31 finished with value: 0.7433317600469683 and parameters: {'n_estimators': 500, 'max_depth': 9, 'learning_rate': 0.10870133168211372, 'subsample': 0.9135616265836577, 'reg_alpha': 3.193653432961089e-05, 'reg_lambda': 0.009990700261163816}. Best is trial 28 with value: 0.7435121123863685.
# # [I 2024-01-09 23:20:44,610] Trial 32 finished with value: 0.7337001776662406 and parameters: {'n_estimators': 502, 'max_depth': 9, 'learning_rate': 0.25603841289662976, 'subsample': 0.9329598365452315, 'reg_alpha': 1.97340256750812e-05, 'reg_lambda': 5.8909452465288355e-05}. Best is trial 28 with value: 0.7435121123863685.
# # [I 2024-01-09 23:21:33,026] Trial 33 finished with value: 0.743596532630343 and parameters: {'n_estimators': 567, 'max_depth': 8, 'learning_rate': 0.10083473171825715, 'subsample': 0.8492514815691262, 'reg_alpha': 3.448161073426747e-05, 'reg_lambda': 0.0020333024383809638}. Best is trial 33 with value: 0.743596532630343.
# # [I 2024-01-09 23:22:20,074] Trial 34 finished with value: 0.7431705941266534 and parameters: {'n_estimators': 560, 'max_depth': 8, 'learning_rate': 0.0841190179415389, 'subsample': 0.8608842459623286, 'reg_alpha': 3.184922332039331e-05, 'reg_lambda': 0.001871118149324902}. Best is trial 33 with value: 0.743596532630343.
# # [I 2024-01-09 23:23:18,493] Trial 35 finished with value: 0.7182244120321871 and parameters: {'n_estimators': 514, 'max_depth': 9, 'learning_rate': 0.012084280692885403, 'subsample': 0.9162543974622568, 'reg_alpha': 4.0964505342414395e-05, 'reg_lambda': 0.0002892193920427215}. Best is trial 33 with value: 0.743596532630343.
# # [I 2024-01-09 23:24:04,635] Trial 36 finished with value: 0.7419196396023038 and parameters: {'n_estimators': 565, 'max_depth': 8, 'learning_rate': 0.18614422825244853, 'subsample': 0.9647438475273754, 'reg_alpha': 0.00010995321435041975, 'reg_lambda': 0.0038511384396849573}. Best is trial 33 with value: 0.743596532630343.
# # [I 2024-01-09 23:25:02,037] Trial 37 finished with value: 0.737614207159604 and parameters: {'n_estimators': 534, 'max_depth': 9, 'learning_rate': 0.031017551244565893, 'subsample': 0.8438282730494945, 'reg_alpha': 1.4815589331323914e-05, 'reg_lambda': 0.013134059299983897}. Best is trial 33 with value: 0.743596532630343.
# # [I 2024-01-09 23:25:44,001] Trial 38 finished with value: 0.7302312730956521 and parameters: {'n_estimators': 448, 'max_depth': 7, 'learning_rate': 0.04962027500979714, 'subsample': 0.8085701408612248, 'reg_alpha': 4.1207737712837114e-05, 'reg_lambda': 4.291593392303632e-05}. Best is trial 33 with value: 0.743596532630343.
# # [I 2024-01-09 23:26:41,413] Trial 39 finished with value: 0.6989650845545489 and parameters: {'n_estimators': 489, 'max_depth': 8, 'learning_rate': 0.0056866145963278495, 'subsample': 0.9114682517870011, 'reg_alpha': 9.754101315811237e-05, 'reg_lambda': 3.851186002494117e-06}. Best is trial 33 with value: 0.743596532630343.
# # [I 2024-01-09 23:27:20,477] Trial 40 finished with value: 0.7230747387769041 and parameters: {'n_estimators': 577, 'max_depth': 5, 'learning_rate': 0.06504942570478692, 'subsample': 0.8757527008129107, 'reg_alpha': 1.970956391580199e-05, 'reg_lambda': 0.0011527581531044133}. Best is trial 33 with value: 0.743596532630343.
# # [I 2024-01-09 23:28:14,428] Trial 41 finished with value: 0.7418889413317676 and parameters: {'n_estimators': 542, 'max_depth': 9, 'learning_rate': 0.12254169079091909, 'subsample': 0.8480233361068809, 'reg_alpha': 5.97072552116587e-05, 'reg_lambda': 0.0007933604590777581}. Best is trial 33 with value: 0.743596532630343.
# # [I 2024-01-09 23:29:05,621] Trial 42 finished with value: 0.7407722917410141 and parameters: {'n_estimators': 521, 'max_depth': 9, 'learning_rate': 0.10590177308091096, 'subsample': 0.6033194813894606, 'reg_alpha': 0.00014666679678133088, 'reg_lambda': 0.00020188382092366081}. Best is trial 33 with value: 0.743596532630343.
# # [I 2024-01-09 23:29:50,360] Trial 43 finished with value: 0.7395520354872008 and parameters: {'n_estimators': 457, 'max_depth': 9, 'learning_rate': 0.16521147875940098, 'subsample': 0.8073137018848776, 'reg_alpha': 3.266218759081499e-05, 'reg_lambda': 2.914488415395374e-05}. Best is trial 33 with value: 0.743596532630343.
# # [I 2024-01-09 23:30:44,468] Trial 44 finished with value: 0.732913534483751 and parameters: {'n_estimators': 596, 'max_depth': 8, 'learning_rate': 0.29313952164694373, 'subsample': 0.8856400066573981, 'reg_alpha': 0.0012207564827678593, 'reg_lambda': 0.0029087659458297043}. Best is trial 33 with value: 0.743596532630343.
# # [I 2024-01-09 23:31:24,942] Trial 45 finished with value: 0.7404039124945799 and parameters: {'n_estimators': 395, 'max_depth': 9, 'learning_rate': 0.09025598705777844, 'subsample': 0.9967213035967059, 'reg_alpha': 0.00048000211817505746, 'reg_lambda': 0.11875813918986418}. Best is trial 33 with value: 0.743596532630343.
# # [I 2024-01-09 23:32:21,437] Trial 46 finished with value: 0.7430900111664959 and parameters: {'n_estimators': 549, 'max_depth': 8, 'learning_rate': 0.11754895571158072, 'subsample': 0.9568219767374775, 'reg_alpha': 1.1653841302639015e-05, 'reg_lambda': 1.307606827833739e-07}. Best is trial 33 with value: 0.743596532630343.
# # [I 2024-01-09 23:32:53,101] Trial 47 finished with value: 0.6967701582112117 and parameters: {'n_estimators': 436, 'max_depth': 3, 'learning_rate': 0.07432138782314236, 'subsample': 0.5332199401419515, 'reg_alpha': 0.00021724835795370763, 'reg_lambda': 0.014355190203258305}. Best is trial 33 with value: 0.743596532630343.
# # [I 2024-01-09 23:33:58,102] Trial 48 finished with value: 0.7416203314645761 and parameters: {'n_estimators': 491, 'max_depth': 9, 'learning_rate': 0.05307120185180966, 'subsample': 0.91583246576904, 'reg_alpha': 6.23152792835018e-05, 'reg_lambda': 0.0001457526557634007}. Best is trial 33 with value: 0.743596532630343.
# # [I 2024-01-09 23:34:44,897] Trial 49 finished with value: 0.734751593432105 and parameters: {'n_estimators': 332, 'max_depth': 9, 'learning_rate': 0.04196697495917679, 'subsample': 0.7629476092339872, 'reg_alpha': 2.007818681290058e-05, 'reg_lambda': 1.345536595179626e-06}. Best is trial 33 with value: 0.743596532630343.
# # [I 2024-01-09 23:35:20,933] Trial 50 finished with value: 0.7290570642476429 and parameters: {'n_estimators': 582, 'max_depth': 4, 'learning_rate': 0.20628829058889683, 'subsample': 0.7245710906348227, 'reg_alpha': 0.0012655603915784149, 'reg_lambda': 0.0069572243422086465}. Best is trial 33 with value: 0.743596532630343.
# # [I 2024-01-09 23:35:55,820] Trial 51 finished with value: 0.7431859432619214 and parameters: {'n_estimators': 373, 'max_depth': 9, 'learning_rate': 0.10800753203020971, 'subsample': 0.8971631099202375, 'reg_alpha': 0.00031298091579787626, 'reg_lambda': 0.01710564012385445}. Best is trial 33 with value: 0.743596532630343.
# # [I 2024-01-09 23:36:48,408] Trial 52 finished with value: 0.7402964685477033 and parameters: {'n_estimators': 424, 'max_depth': 9, 'learning_rate': 0.16403737072975874, 'subsample': 0.8519889863042217, 'reg_alpha': 4.7029714059451447e-05, 'reg_lambda': 0.548907597406904}. Best is trial 33 with value: 0.743596532630343.
# # [I 2024-01-09 23:36:59,093] Trial 53 finished with value: 0.7255919969608713 and parameters: {'n_estimators': 101, 'max_depth': 8, 'learning_rate': 0.11982236385626727, 'subsample': 0.7980966716500798, 'reg_alpha': 0.0007329406105614228, 'reg_lambda': 0.03316164511940057}. Best is trial 33 with value: 0.743596532630343.
# # [I 2024-01-09 23:37:50,381] Trial 54 finished with value: 0.7433355973307855 and parameters: {'n_estimators': 471, 'max_depth': 9, 'learning_rate': 0.10077944010061841, 'subsample': 0.8297793958661175, 'reg_alpha': 0.00013738010915348818, 'reg_lambda': 0.0018687479882408867}. Best is trial 33 with value: 0.743596532630343.
# # [I 2024-01-09 23:38:37,950] Trial 55 finished with value: 0.7408298509982694 and parameters: {'n_estimators': 472, 'max_depth': 9, 'learning_rate': 0.1361330367507099, 'subsample': 0.8223250531384398, 'reg_alpha': 0.00015616769096915852, 'reg_lambda': 0.0008413997364397366}. Best is trial 33 with value: 0.743596532630343.
# # [I 2024-01-09 23:39:24,295] Trial 56 finished with value: 0.7418390566421463 and parameters: {'n_estimators': 529, 'max_depth': 8, 'learning_rate': 0.06944214921643611, 'subsample': 0.8309731908600331, 'reg_alpha': 8.320134354863929e-05, 'reg_lambda': 0.003625297658491838}. Best is trial 33 with value: 0.743596532630343.
# # [I 2024-01-09 23:40:24,980] Trial 57 finished with value: 0.743581183495075 and parameters: {'n_estimators': 555, 'max_depth': 9, 'learning_rate': 0.09228860449226807, 'subsample': 0.8681536868529991, 'reg_alpha': 1.0609012337344487e-05, 'reg_lambda': 0.0005011656697109183}. Best is trial 33 with value: 0.743596532630343.
# # [I 2024-01-09 23:41:19,458] Trial 58 finished with value: 0.7437500239830239 and parameters: {'n_estimators': 553, 'max_depth': 9, 'learning_rate': 0.084354574047343, 'subsample': 0.877643098301532, 'reg_alpha': 1.0942230630211092e-05, 'reg_lambda': 0.0004413581362295261}. Best is trial 58 with value: 0.7437500239830239.
# # [I 2024-01-09 23:42:06,763] Trial 59 finished with value: 0.7345367055383517 and parameters: {'n_estimators': 556, 'max_depth': 8, 'learning_rate': 0.03520471456963472, 'subsample': 0.8605611495151771, 'reg_alpha': 1.2885186398359719e-05, 'reg_lambda': 0.00045935298754463965}. Best is trial 58 with value: 0.7437500239830239.
# # [I 2024-01-09 23:42:44,232] Trial 60 finished with value: 0.7301468528516776 and parameters: {'n_estimators': 586, 'max_depth': 6, 'learning_rate': 0.05884096670615191, 'subsample': 0.8788621713068385, 'reg_alpha': 2.5514573880617388e-05, 'reg_lambda': 0.0016902265219972056}. Best is trial 58 with value: 0.7437500239830239.
# # [I 2024-01-09 23:43:36,016] Trial 61 finished with value: 0.7435888580627088 and parameters: {'n_estimators': 540, 'max_depth': 9, 'learning_rate': 0.09355116358944579, 'subsample': 0.9336940442739986, 'reg_alpha': 2.529754800812459e-05, 'reg_lambda': 0.00019765414364051362}. Best is trial 58 with value: 0.7437500239830239.
# # [I 2024-01-09 23:44:28,643] Trial 62 finished with value: 0.7440032847149474 and parameters: {'n_estimators': 543, 'max_depth': 9, 'learning_rate': 0.09107783861185915, 'subsample': 0.9231950980125518, 'reg_alpha': 1.0170523313529933e-05, 'reg_lambda': 0.00023219813720820273}. Best is trial 62 with value: 0.7440032847149474.
# # [I 2024-01-09 23:45:36,823] Trial 63 finished with value: 0.7433087363440661 and parameters: {'n_estimators': 545, 'max_depth': 9, 'learning_rate': 0.08923095090933364, 'subsample': 0.9354805327704463, 'reg_alpha': 1.6628730536526093e-05, 'reg_lambda': 1.9027490261511004e-05}. Best is trial 62 with value: 0.7440032847149474.
# # [I 2024-01-09 23:46:49,289] Trial 64 finished with value: 0.7438536306460835 and parameters: {'n_estimators': 521, 'max_depth': 9, 'learning_rate': 0.07723958420863987, 'subsample': 0.9463964251845542, 'reg_alpha': 1.0045866757270406e-05, 'reg_lambda': 9.004111899573125e-05}. Best is trial 62 with value: 0.7440032847149474.
# # [I 2024-01-09 23:47:45,564] Trial 65 finished with value: 0.743615719049428 and parameters: {'n_estimators': 526, 'max_depth': 9, 'learning_rate': 0.08315698901079004, 'subsample': 0.9444086555171886, 'reg_alpha': 1.0266861608544172e-05, 'reg_lambda': 7.800911085423565e-05}. Best is trial 62 with value: 0.7440032847149474.
