# [I 2024-01-24 21:36:53,240] Trial 566 finished with value: 0.7484778715784088 and parameters: {'max_depth': 178, 'learning_rate': 0.03894107729413525, 'subsample': 0.9531268514487651, 'colsample_bytree': 0.7142747118062337, 'reg_alpha': 0.003334850319448137, 'reg_lambda': 0.39903687550230077, 'min_child_weight': 15, 'gamma': 0.20767558475892967, 'num_boost_round': 457}. Best is trial 222 with value: 0.7501662829368125.
# [I 2024-01-24 21:37:21,112] Trial 567 finished with value: 0.7477359938603223 and parameters: {'max_depth': 272, 'learning_rate': 0.026654606077402998, 'subsample': 0.9847697236146239, 'colsample_bytree': 0.7328578664134634, 'reg_alpha': 0.825582084195915, 'reg_lambda': 0.27017642338209674, 'min_child_weight': 14, 'gamma': 0.22946810140704588, 'num_boost_round': 437}. Best is trial 222 with value: 0.7501662829368125.
# [I 2024-01-24 21:37:41,717] Trial 568 finished with value: 0.7464313123561013 and parameters: {'max_depth': 208, 'learning_rate': 0.029743108263318822, 'subsample': 0.9596717816310208, 'colsample_bytree': 0.8556980318219248, 'reg_alpha': 0.0010938051124060304, 'reg_lambda': 0.08637361679841642, 'min_child_weight': 15, 'gamma': 0.35648046794158744, 'num_boost_round': 478}. Best is trial 222 with value: 0.7501662829368125.
# [I 2024-01-24 21:38:05,319] Trial 569 finished with value: 0.7480941417242262 and parameters: {'max_depth': 218, 'learning_rate': 0.042614300269261114, 'subsample': 0.966528056725103, 'colsample_bytree': 0.7217568452629651, 'reg_alpha': 0.0008141685016711011, 'reg_lambda': 0.16419256492914053, 'min_child_weight': 14, 'gamma': 0.26569150647868894, 'num_boost_round': 444}. Best is trial 222 with value: 0.7501662829368125.
# [I 2024-01-24 21:38:22,360] Trial 570 finished with value: 0.7472755180353031 and parameters: {'max_depth': 174, 'learning_rate': 0.03725121143385348, 'subsample': 0.8049009698208582, 'colsample_bytree': 0.7136642727429892, 'reg_alpha': 0.9848843425199958, 'reg_lambda': 0.34553242737986345, 'min_child_weight': 15, 'gamma': 0.24841842265335673, 'num_boost_round': 490}. Best is trial 222 with value: 0.7501662829368125.
# [I 2024-01-24 21:38:45,016] Trial 571 finished with value: 0.7494499872090048 and parameters: {'max_depth': 190, 'learning_rate': 0.040027036867377117, 'subsample': 0.9743889960626464, 'colsample_bytree': 0.7274095238501245, 'reg_alpha': 0.005472212990485103, 'reg_lambda': 0.11103156230760185, 'min_child_weight': 14, 'gamma': 0.18049174864340387, 'num_boost_round': 465}. Best is trial 222 with value: 0.7501662829368125.
# [I 2024-01-24 21:39:05,216] Trial 572 finished with value: 0.7473522640061396 and parameters: {'max_depth': 190, 'learning_rate': 0.032665855979645705, 'subsample': 0.9820042277372648, 'colsample_bytree': 0.7335726973918654, 'reg_alpha': 0.00720541134580656, 'reg_lambda': 0.12038225530689069, 'min_child_weight': 16, 'gamma': 0.19984887284989505, 'num_boost_round': 432}. Best is trial 222 with value: 0.7501662829368125.
# [I 2024-01-24 21:39:31,609] Trial 573 finished with value: 0.7486825275006396 and parameters: {'max_depth': 186, 'learning_rate': 0.034066704253502375, 'subsample': 0.9752835435922376, 'colsample_bytree': 0.7270675611434649, 'reg_alpha': 0.01055158632570183, 'reg_lambda': 0.09295657932733026, 'min_child_weight': 14, 'gamma': 0.1824068637935785, 'num_boost_round': 465}. Best is trial 222 with value: 0.7501662829368125.
# [I 2024-01-24 21:39:59,007] Trial 574 finished with value: 0.7492964952673318 and parameters: {'max_depth': 181, 'learning_rate': 0.0394325250646058, 'subsample': 0.9920966919339999, 'colsample_bytree': 0.7349095471018638, 'reg_alpha': 0.005636429955173487, 'reg_lambda': 0.06195913077559518, 'min_child_weight': 13, 'gamma': 0.18250160992166184, 'num_boost_round': 455}. Best is trial 222 with value: 0.7501662829368125.
# [I 2024-01-24 21:40:24,083] Trial 575 finished with value: 0.7485290355589664 and parameters: {'max_depth': 46, 'learning_rate': 0.0353657168751422, 'subsample': 0.9763011954866755, 'colsample_bytree': 0.7386547880346412, 'reg_alpha': 0.004166715967251171, 'reg_lambda': 0.13325162113286754, 'min_child_weight': 14, 'gamma': 0.23853948588668986, 'num_boost_round': 451}. Best is trial 222 with value: 0.7501662829368125.
# [I 2024-01-24 21:40:50,572] Trial 576 finished with value: 0.7488616014325915 and parameters: {'max_depth': 197, 'learning_rate': 0.04064229710572455, 'subsample': 0.9864301430580318, 'colsample_bytree': 0.7283663078156464, 'reg_alpha': 0.004839075265228343, 'reg_lambda': 0.08138351124876496, 'min_child_weight': 18, 'gamma': 0.19074852676549278, 'num_boost_round': 462}. Best is trial 222 with value: 0.7501662829368125.
# [I 2024-01-24 21:41:18,640] Trial 577 finished with value: 0.7486313635200819 and parameters: {'max_depth': 196, 'learning_rate': 0.03741405860853007, 'subsample': 0.971586785950499, 'colsample_bytree': 0.7199150540683027, 'reg_alpha': 0.005829854946672747, 'reg_lambda': 0.184169421564473, 'min_child_weight': 15, 'gamma': 0.1704988549422578, 'num_boost_round': 471}. Best is trial 222 with value: 0.7501662829368125.
# [I 2024-01-24 21:41:43,021] Trial 578 finished with value: 0.7492453312867742 and parameters: {'max_depth': 191, 'learning_rate': 0.04369107124046866, 'subsample': 0.9801859690527062, 'colsample_bytree': 0.7271067959653419, 'reg_alpha': 2.7858941664065168e-05, 'reg_lambda': 0.09142917583533842, 'min_child_weight': 15, 'gamma': 0.17561283841348668, 'num_boost_round': 438}. Best is trial 222 with value: 0.7501662829368125.
# [I 2024-01-24 21:42:16,741] Trial 579 finished with value: 0.7485546175492453 and parameters: {'max_depth': 184, 'learning_rate': 0.028689950714783845, 'subsample': 0.9675765053708338, 'colsample_bytree': 0.73205157465739, 'reg_alpha': 0.0075118795902094, 'reg_lambda': 0.04879998125716595, 'min_child_weight': 16, 'gamma': 0.16636384579207442, 'num_boost_round': 420}. Best is trial 222 with value: 0.7501662829368125.
# [I 2024-01-24 21:42:44,277] Trial 580 finished with value: 0.747454591967255 and parameters: {'max_depth': 189, 'learning_rate': 0.039361821461080054, 'subsample': 0.9725150656892728, 'colsample_bytree': 0.7424185690080924, 'reg_alpha': 0.003099536548681116, 'reg_lambda': 0.13573700316097742, 'min_child_weight': 8, 'gamma': 0.2144572013564147, 'num_boost_round': 448}. Best is trial 222 with value: 0.7501662829368125.
# [I 2024-01-24 21:43:08,268] Trial 581 finished with value: 0.7484011256075722 and parameters: {'max_depth': 201, 'learning_rate': 0.03219646031315836, 'subsample': 0.9668612958583358, 'colsample_bytree': 0.7220722361827162, 'reg_alpha': 0.0023821107530993786, 'reg_lambda': 0.07106988315274308, 'min_child_weight': 14, 'gamma': 0.25525286860524915, 'num_boost_round': 405}. Best is trial 222 with value: 0.7501662829368125.
# [I 2024-01-24 21:43:31,422] Trial 582 finished with value: 0.7486057815298031 and parameters: {'max_depth': 281, 'learning_rate': 0.03537611797299707, 'subsample': 0.9790372419620701, 'colsample_bytree': 0.7072737010064075, 'reg_alpha': 0.0036985857951879236, 'reg_lambda': 0.20775505163283925, 'min_child_weight': 13, 'gamma': 0.22572238708589332, 'num_boost_round': 468}. Best is trial 222 with value: 0.7501662829368125.
# [I 2024-01-24 21:43:53,505] Trial 583 finished with value: 0.7484778715784088 and parameters: {'max_depth': 176, 'learning_rate': 0.04284463125997364, 'subsample': 0.9614705397821575, 'colsample_bytree': 0.7386541921575291, 'reg_alpha': 0.0016698558922837554, 'reg_lambda': 0.11285603128893894, 'min_child_weight': 15, 'gamma': 0.24124778392113666, 'num_boost_round': 853}. Best is trial 222 with value: 0.7501662829368125.
# [I 2024-01-24 21:44:19,854] Trial 584 finished with value: 0.747966231772832 and parameters: {'max_depth': 205, 'learning_rate': 0.03720770293991569, 'subsample': 0.9722975716583149, 'colsample_bytree': 0.7824815376586125, 'reg_alpha': 0.03384103328982176, 'reg_lambda': 0.11439217375365361, 'min_child_weight': 14, 'gamma': 0.2155083440746331, 'num_boost_round': 455}. Best is trial 222 with value: 0.7501662829368125.
# [I 2024-01-24 21:44:43,801] Trial 585 finished with value: 0.7483243796367358 and parameters: {'max_depth': 194, 'learning_rate': 0.040968206079974284, 'subsample': 0.9629156041277029, 'colsample_bytree': 0.7156719654532472, 'reg_alpha': 0.0042458178046153395, 'reg_lambda': 8.575304054525649e-05, 'min_child_weight': 14, 'gamma': 0.19690707963392493, 'num_boost_round': 525}. Best is trial 222 with value: 0.7501662829368125.
# [I 2024-01-24 21:45:04,423] Trial 586 finished with value: 0.7476592478894858 and parameters: {'max_depth': 182, 'learning_rate': 0.03525284757232631, 'subsample': 0.9855139803340821, 'colsample_bytree': 0.726753073935367, 'reg_alpha': 0.010554945582032743, 'reg_lambda': 0.0026005561308794292, 'min_child_weight': 15, 'gamma': 0.25717542349687245, 'num_boost_round': 426}. Best is trial 222 with value: 0.7501662829368125.
# [I 2024-01-24 21:45:13,530] Trial 587 finished with value: 0.7426707597851112 and parameters: {'max_depth': 200, 'learning_rate': 0.045075643849140194, 'subsample': 0.969288430031085, 'colsample_bytree': 0.7048216482807498, 'reg_alpha': 0.0012445134862426924, 'reg_lambda': 0.1592926277389279, 'min_child_weight': 15, 'gamma': 0.2327820562036344, 'num_boost_round': 441}. Best is trial 222 with value: 0.7501662829368125.
# [I 2024-01-24 21:45:41,943] Trial 588 finished with value: 0.7480685597339474 and parameters: {'max_depth': 189, 'learning_rate': 0.030402915930688907, 'subsample': 0.9255502942192984, 'colsample_bytree': 0.8421512684680046, 'reg_alpha': 0.07017007239985965, 'reg_lambda': 0.23551775997922994, 'min_child_weight': 16, 'gamma': 0.15225937635499906, 'num_boost_round': 536}. Best is trial 222 with value: 0.7501662829368125.
# [I 2024-01-24 21:45:56,083] Trial 589 finished with value: 0.7447429009976976 and parameters: {'max_depth': 286, 'learning_rate': 0.06385594659744909, 'subsample': 0.9767061836165407, 'colsample_bytree': 0.9447356100715909, 'reg_alpha': 0.0026086772033199566, 'reg_lambda': 0.04550867998313399, 'min_child_weight': 14, 'gamma': 0.24701223980396664, 'num_boost_round': 523}. Best is trial 222 with value: 0.7501662829368125.
# [I 2024-01-24 21:46:20,146] Trial 590 finished with value: 0.7483755436172934 and parameters: {'max_depth': 268, 'learning_rate': 0.04013487084997619, 'subsample': 0.957516153934027, 'colsample_bytree': 0.7207464078863408, 'reg_alpha': 0.002255651147280404, 'reg_lambda': 0.09565913194744435, 'min_child_weight': 13, 'gamma': 0.26998267233470974, 'num_boost_round': 479}. Best is trial 222 with value: 0.7501662829368125.
# [I 2024-01-24 21:46:46,920] Trial 591 finished with value: 0.7480685597339474 and parameters: {'max_depth': 296, 'learning_rate': 0.04431664868180201, 'subsample': 0.9652214547401012, 'colsample_bytree': 0.7105016256961874, 'reg_alpha': 0.00552009551051377, 'reg_lambda': 0.07066254090528024, 'min_child_weight': 16, 'gamma': 0.2196706689254249, 'num_boost_round': 453}. Best is trial 222 with value: 0.7501662829368125.
# [I 2024-01-24 21:47:01,848] Trial 592 finished with value: 0.7479918137631107 and parameters: {'max_depth': 209, 'learning_rate': 0.06920850744026498, 'subsample': 0.993336581171197, 'colsample_bytree': 0.7324956682334977, 'reg_alpha': 0.0007667863931133671, 'reg_lambda': 0.16379068124302587, 'min_child_weight': 14, 'gamma': 0.2059977006112383, 'num_boost_round': 505}. Best is trial 222 with value: 0.7501662829368125.
# [I 2024-01-24 21:47:30,025] Trial 593 finished with value: 0.7491685853159376 and parameters: {'max_depth': 174, 'learning_rate': 0.033664165615095935, 'subsample': 0.9822358623809594, 'colsample_bytree': 0.723775182264819, 'reg_alpha': 0.0018767232743644457, 'reg_lambda': 0.001689687407182799, 'min_child_weight': 15, 'gamma': 0.2314629007519745, 'num_boost_round': 443}. Best is trial 222 with value: 0.7501662829368125.
# [I 2024-01-24 21:47:50,724] Trial 594 finished with value: 0.7474801739575339 and parameters: {'max_depth': 276, 'learning_rate': 0.03746633831235888, 'subsample': 0.9550662958988558, 'colsample_bytree': 0.7179535185711777, 'reg_alpha': 0.004056837290613651, 'reg_lambda': 0.2524602708212187, 'min_child_weight': 13, 'gamma': 0.2601625496009351, 'num_boost_round': 533}. Best is trial 222 with value: 0.7501662829368125.
# [I 2024-01-24 21:48:24,131] Trial 595 finished with value: 0.7486313635200819 and parameters: {'max_depth': 197, 'learning_rate': 0.02518503374317537, 'subsample': 0.9726373394865225, 'colsample_bytree': 0.7115249246019142, 'reg_alpha': 0.008618344373053609, 'reg_lambda': 0.06125339685943969, 'min_child_weight': 15, 'gamma': 0.24750582823929138, 'num_boost_round': 517}. Best is trial 222 with value: 0.7501662829368125.
# [I 2024-01-24 21:48:44,756] Trial 596 finished with value: 0.7489127654131491 and parameters: {'max_depth': 184, 'learning_rate': 0.03889303881672057, 'subsample': 0.9627001377406291, 'colsample_bytree': 0.7390398581537307, 'reg_alpha': 0.001398012757669867, 'reg_lambda': 0.13117312052737848, 'min_child_weight': 17, 'gamma': 0.2764874788752225, 'num_boost_round': 464}. Best is trial 222 with value: 0.7501662829368125.
# [I 2024-01-24 21:48:54,031] Trial 597 finished with value: 0.7356612944487081 and parameters: {'max_depth': 8, 'learning_rate': 0.04222249639673425, 'subsample': 0.967997617561014, 'colsample_bytree': 0.7001338020145572, 'reg_alpha': 0.0008952220915865888, 'reg_lambda': 0.09921707976446463, 'min_child_weight': 14, 'gamma': 0.34991019102164517, 'num_boost_round': 526}. Best is trial 222 with value: 0.7501662829368125.
# [I 2024-01-24 21:49:11,354] Trial 598 finished with value: 0.749424405218726 and parameters: {'max_depth': 191, 'learning_rate': 0.06045740493865895, 'subsample': 0.8556739826131183, 'colsample_bytree': 0.7303385703236094, 'reg_alpha': 0.0032054922789221335, 'reg_lambda': 0.3251034992865143, 'min_child_weight': 14, 'gamma': 0.22699566124078455, 'num_boost_round': 498}. Best is trial 222 with value: 0.7501662829368125.
# [I 2024-01-24 21:49:27,125] Trial 599 finished with value: 0.749424405218726 and parameters: {'max_depth': 17, 'learning_rate': 0.058329032960236324, 'subsample': 0.837491717486544, 'colsample_bytree': 0.734244645417882, 'reg_alpha': 0.006197458206437538, 'reg_lambda': 0.2693280266743663, 'min_child_weight': 16, 'gamma': 0.22414355364915867, 'num_boost_round': 702}. Best is trial 222 with value: 0.7501662829368125.
# Best trial: trial number 222, score 0.7501662829368125, params {'max_depth': 242, 'learning_rate': 0.04393371416973458, 'subsample': 0.9439960873720802, 'colsample_bytree': 0.7003290355739655, 'reg_alpha': 0.0003237412959478171, 'reg_lambda': 0.09095702630543905, 'min_child_weight': 16, 'gamma': 0.269374952772387, 'num_boost_round': 517}