# [I 2024-01-24 18:37:35,576] Trial 154 finished with value: 0.7477615758506011 and parameters: {'max_depth': 24, 'learning_rate': 0.05970095708825112, 'subsample': 0.9637827928222346, 'colsample_bytree': 0.7240350017949867, 'reg_alpha': 0.6716104383898386, 'reg_lambda': 9.633771090766754e-05, 'min_child_weight': 15, 'gamma': 0.41068863438124104, 'num_boost_round': 404}. Best is trial 68 with value: 0.7502174469173701.
# [I 2024-01-24 18:37:47,951] Trial 155 finished with value: 0.7477359938603223 and parameters: {'max_depth': 22, 'learning_rate': 0.07099704285828702, 'subsample': 0.9482374016661721, 'colsample_bytree': 0.7054518266756972, 'reg_alpha': 0.4469446506609525, 'reg_lambda': 0.00040171797741779314, 'min_child_weight': 16, 'gamma': 0.03378741640780686, 'num_boost_round': 428}. Best is trial 68 with value: 0.7502174469173701.
# [I 2024-01-24 18:37:58,002] Trial 156 finished with value: 0.7453312867741111 and parameters: {'max_depth': 13, 'learning_rate': 0.06429710300401893, 'subsample': 0.9593468123580304, 'colsample_bytree': 0.729408980164853, 'reg_alpha': 0.9937603304714027, 'reg_lambda': 0.0025608830643437676, 'min_child_weight': 14, 'gamma': 0.10884878712758853, 'num_boost_round': 407}. Best is trial 68 with value: 0.7502174469173701.
# [I 2024-01-24 18:38:16,962] Trial 157 finished with value: 0.7485034535686876 and parameters: {'max_depth': 25, 'learning_rate': 0.04300331974949695, 'subsample': 0.9694956093916303, 'colsample_bytree': 0.717216516895952, 'reg_alpha': 0.7231735981494658, 'reg_lambda': 0.0006804471685293306, 'min_child_weight': 17, 'gamma': 0.06136611803697514, 'num_boost_round': 425}. Best is trial 68 with value: 0.7502174469173701.
# [I 2024-01-24 18:38:26,479] Trial 158 finished with value: 0.7469173701713994 and parameters: {'max_depth': 28, 'learning_rate': 0.07763619170032145, 'subsample': 0.9932638804042422, 'colsample_bytree': 0.7107807377467587, 'reg_alpha': 0.42979879221201, 'reg_lambda': 0.00018150953444766727, 'min_child_weight': 16, 'gamma': 0.23692707623452558, 'num_boost_round': 400}. Best is trial 68 with value: 0.7502174469173701.
# [I 2024-01-24 18:38:51,253] Trial 159 finished with value: 0.7467638782297263 and parameters: {'max_depth': 22, 'learning_rate': 0.021540073950826424, 'subsample': 0.9785879551253619, 'colsample_bytree': 0.7005094142279937, 'reg_alpha': 0.6007888400061663, 'reg_lambda': 5.6764183868871975e-06, 'min_child_weight': 14, 'gamma': 0.2141248658705107, 'num_boost_round': 522}. Best is trial 68 with value: 0.7502174469173701.
# [I 2024-01-24 18:39:07,009] Trial 160 finished with value: 0.748273215656178 and parameters: {'max_depth': 24, 'learning_rate': 0.058064982437866446, 'subsample': 0.964048269335556, 'colsample_bytree': 0.7380045350673379, 'reg_alpha': 0.27193690749312177, 'reg_lambda': 4.426717182410977e-05, 'min_child_weight': 15, 'gamma': 0.17996432152092823, 'num_boost_round': 583}. Best is trial 68 with value: 0.7502174469173701.
# [I 2024-01-24 18:39:17,866] Trial 161 finished with value: 0.747454591967255 and parameters: {'max_depth': 23, 'learning_rate': 0.08461633974491825, 'subsample': 0.9503533439293869, 'colsample_bytree': 0.7079909913751853, 'reg_alpha': 0.17299532488601813, 'reg_lambda': 3.5153772277717294e-05, 'min_child_weight': 13, 'gamma': 0.40127522623225464, 'num_boost_round': 480}. Best is trial 68 with value: 0.7502174469173701.
# [I 2024-01-24 18:39:30,844] Trial 162 finished with value: 0.7484267075978511 and parameters: {'max_depth': 23, 'learning_rate': 0.07436822992161243, 'subsample': 0.9427693435580985, 'colsample_bytree': 0.72090760372962, 'reg_alpha': 0.36821804617840004, 'reg_lambda': 6.875124473873672e-05, 'min_child_weight': 14, 'gamma': 0.42465470084277135, 'num_boost_round': 629}. Best is trial 68 with value: 0.7502174469173701.
# [I 2024-01-24 18:39:43,212] Trial 163 finished with value: 0.7489383474034279 and parameters: {'max_depth': 23, 'learning_rate': 0.06693155385607082, 'subsample': 0.9555721738932403, 'colsample_bytree': 0.712115350030455, 'reg_alpha': 0.7903306614476052, 'reg_lambda': 1.2480014968709092e-05, 'min_child_weight': 13, 'gamma': 0.14119132162731687, 'num_boost_round': 551}. Best is trial 68 with value: 0.7502174469173701.
# [I 2024-01-24 18:39:54,708] Trial 164 finished with value: 0.7469429521616782 and parameters: {'max_depth': 27, 'learning_rate': 0.07958623484512124, 'subsample': 0.9253052871449968, 'colsample_bytree': 0.7068717893125092, 'reg_alpha': 0.5468817920386051, 'reg_lambda': 1.7407321229256006e-05, 'min_child_weight': 13, 'gamma': 0.3994388366026511, 'num_boost_round': 782}. Best is trial 68 with value: 0.7502174469173701.
# [I 2024-01-24 18:40:09,613] Trial 165 finished with value: 0.7492964952673318 and parameters: {'max_depth': 25, 'learning_rate': 0.06297322558780541, 'subsample': 0.9718078970969705, 'colsample_bytree': 0.7167617035193984, 'reg_alpha': 0.20184567782650814, 'reg_lambda': 5.1138619636769585e-05, 'min_child_weight': 15, 'gamma': 0.42024245600755994, 'num_boost_round': 437}. Best is trial 68 with value: 0.7502174469173701.
# [I 2024-01-24 18:40:23,030] Trial 166 finished with value: 0.7483499616270146 and parameters: {'max_depth': 22, 'learning_rate': 0.06856965387533352, 'subsample': 0.9382815177317889, 'colsample_bytree': 0.7257584678770672, 'reg_alpha': 0.027639382701825244, 'reg_lambda': 0.0001336023432886191, 'min_child_weight': 14, 'gamma': 0.16467790348165395, 'num_boost_round': 500}. Best is trial 68 with value: 0.7502174469173701.
# [I 2024-01-24 18:40:31,475] Trial 167 finished with value: 0.7470708621130724 and parameters: {'max_depth': 21, 'learning_rate': 0.09180271446038965, 'subsample': 0.8099107070036295, 'colsample_bytree': 0.7117290205662445, 'reg_alpha': 0.2947756533116044, 'reg_lambda': 2.785325935694557e-05, 'min_child_weight': 16, 'gamma': 0.4463850815910708, 'num_boost_round': 530}. Best is trial 68 with value: 0.7502174469173701.
# [I 2024-01-24 18:40:48,195] Trial 168 finished with value: 0.7491430033256588 and parameters: {'max_depth': 26, 'learning_rate': 0.0542285311941622, 'subsample': 0.9568942153594545, 'colsample_bytree': 0.705758362815432, 'reg_alpha': 0.9721230926185032, 'reg_lambda': 0.004002450343056587, 'min_child_weight': 12, 'gamma': 0.37738664707985836, 'num_boost_round': 413}. Best is trial 68 with value: 0.7502174469173701.
# [I 2024-01-24 18:41:01,007] Trial 169 finished with value: 0.7489383474034279 and parameters: {'max_depth': 24, 'learning_rate': 0.07413741343348884, 'subsample': 0.9458653965407904, 'colsample_bytree': 0.700909471829076, 'reg_alpha': 0.41417156668342137, 'reg_lambda': 3.70980178685325e-05, 'min_child_weight': 19, 'gamma': 0.4094014562865415, 'num_boost_round': 542}. Best is trial 68 with value: 0.7502174469173701.
# [I 2024-01-24 18:41:17,768] Trial 170 finished with value: 0.7484011256075722 and parameters: {'max_depth': 30, 'learning_rate': 0.05861109574440422, 'subsample': 0.9651105591590161, 'colsample_bytree': 0.7191044755642517, 'reg_alpha': 0.5766066212328991, 'reg_lambda': 1.0624204851787709e-05, 'min_child_weight': 14, 'gamma': 0.0762228535102126, 'num_boost_round': 573}. Best is trial 68 with value: 0.7502174469173701.
# [I 2024-01-24 18:41:32,206] Trial 171 finished with value: 0.7490406753645433 and parameters: {'max_depth': 25, 'learning_rate': 0.06220420297307253, 'subsample': 0.9723757844812813, 'colsample_bytree': 0.7149442674510094, 'reg_alpha': 0.2319637990872092, 'reg_lambda': 5.635814429092207e-05, 'min_child_weight': 15, 'gamma': 0.41748510965464364, 'num_boost_round': 438}. Best is trial 68 with value: 0.7502174469173701.
# [I 2024-01-24 18:41:48,401] Trial 172 finished with value: 0.7497313891020722 and parameters: {'max_depth': 25, 'learning_rate': 0.06488265164702861, 'subsample': 0.9854757412067202, 'colsample_bytree': 0.7170875324741564, 'reg_alpha': 0.1351986423933831, 'reg_lambda': 7.547568413674566e-05, 'min_child_weight': 15, 'gamma': 0.3928843103132019, 'num_boost_round': 434}. Best is trial 68 with value: 0.7502174469173701.
# [I 2024-01-24 18:42:01,624] Trial 173 finished with value: 0.7486569455103607 and parameters: {'max_depth': 23, 'learning_rate': 0.06691690433836445, 'subsample': 0.9849437171857709, 'colsample_bytree': 0.7068972053746538, 'reg_alpha': 0.07749240739918031, 'reg_lambda': 9.71713157315636e-05, 'min_child_weight': 17, 'gamma': 0.39168089973399856, 'num_boost_round': 426}. Best is trial 68 with value: 0.7502174469173701.
# [I 2024-01-24 18:42:15,882] Trial 174 finished with value: 0.74845228958813 and parameters: {'max_depth': 26, 'learning_rate': 0.07230251171455489, 'subsample': 0.9912764298804025, 'colsample_bytree': 0.724466740292047, 'reg_alpha': 0.13118015150296272, 'reg_lambda': 7.425835441408276e-05, 'min_child_weight': 15, 'gamma': 0.3689460899277059, 'num_boost_round': 662}. Best is trial 68 with value: 0.7502174469173701.
# [I 2024-01-24 18:42:31,390] Trial 175 finished with value: 0.7388334612432848 and parameters: {'max_depth': 24, 'learning_rate': 0.010384219346293137, 'subsample': 0.9785956226864355, 'colsample_bytree': 0.7115046345079109, 'reg_alpha': 0.7412477360637105, 'reg_lambda': 1.7029365446768592, 'min_child_weight': 14, 'gamma': 0.38388280519607526, 'num_boost_round': 449}. Best is trial 68 with value: 0.7502174469173701.
# [I 2024-01-24 18:42:45,985] Trial 176 finished with value: 0.7476848298797647 and parameters: {'max_depth': 25, 'learning_rate': 0.08034680663309228, 'subsample': 0.9524226036610335, 'colsample_bytree': 0.730809156270264, 'reg_alpha': 0.10612784786643992, 'reg_lambda': 2.0149642043166455e-05, 'min_child_weight': 8, 'gamma': 0.40434756573626374, 'num_boost_round': 463}. Best is trial 68 with value: 0.7502174469173701.
# [I 2024-01-24 18:43:02,513] Trial 177 finished with value: 0.7474290099769763 and parameters: {'max_depth': 23, 'learning_rate': 0.04784422522839999, 'subsample': 0.9609563374012098, 'colsample_bytree': 0.7917886100357097, 'reg_alpha': 0.4845697471011636, 'reg_lambda': 1.4135004445049913e-05, 'min_child_weight': 16, 'gamma': 0.4348400113605107, 'num_boost_round': 556}. Best is trial 68 with value: 0.7502174469173701.
# [I 2024-01-24 18:43:18,846] Trial 178 finished with value: 0.7486569455103607 and parameters: {'max_depth': 29, 'learning_rate': 0.06929604436212063, 'subsample': 0.9315059234768941, 'colsample_bytree': 0.7005154497389977, 'reg_alpha': 0.3454969141001045, 'reg_lambda': 2.8985171349213906e-05, 'min_child_weight': 13, 'gamma': 0.38956325848499196, 'num_boost_round': 424}. Best is trial 68 with value: 0.7502174469173701.
# [I 2024-01-24 18:43:34,998] Trial 179 finished with value: 0.7490406753645433 and parameters: {'max_depth': 21, 'learning_rate': 0.05613439663370061, 'subsample': 0.9674243110663905, 'colsample_bytree': 0.719636082374041, 'reg_alpha': 0.6967774007921977, 'reg_lambda': 0.0008614553014013264, 'min_child_weight': 15, 'gamma': 0.39885974846245215, 'num_boost_round': 408}. Best is trial 68 with value: 0.7502174469173701.
# [I 2024-01-24 18:43:50,646] Trial 180 finished with value: 0.7490406753645433 and parameters: {'max_depth': 27, 'learning_rate': 0.06419991112938622, 'subsample': 0.9848960257592968, 'colsample_bytree': 0.7083071937391654, 'reg_alpha': 0.007453512347979878, 'reg_lambda': 0.5562615566595136, 'min_child_weight': 17, 'gamma': 0.4259655778197463, 'num_boost_round': 525}. Best is trial 68 with value: 0.7502174469173701.
# [I 2024-01-24 18:44:04,034] Trial 181 finished with value: 0.7481453057047838 and parameters: {'max_depth': 25, 'learning_rate': 0.06205706630840658, 'subsample': 0.9717431527724332, 'colsample_bytree': 0.7177686220339605, 'reg_alpha': 0.20884005039335035, 'reg_lambda': 5.1824645913986926e-05, 'min_child_weight': 15, 'gamma': 0.4162519246260403, 'num_boost_round': 437}. Best is trial 68 with value: 0.7502174469173701.
# [I 2024-01-24 18:44:14,956] Trial 182 finished with value: 0.7479150677922742 and parameters: {'max_depth': 25, 'learning_rate': 0.07556014399175973, 'subsample': 0.9751246225370582, 'colsample_bytree': 0.7143801254102013, 'reg_alpha': 0.15793618949293806, 'reg_lambda': 0.0002183103166731674, 'min_child_weight': 16, 'gamma': 0.42156828319615136, 'num_boost_round': 444}. Best is trial 68 with value: 0.7502174469173701.
# [I 2024-01-24 18:44:34,420] Trial 183 finished with value: 0.7492453312867742 and parameters: {'max_depth': 26, 'learning_rate': 0.05179571151853036, 'subsample': 0.9597314959501986, 'colsample_bytree': 0.7049510361474708, 'reg_alpha': 0.21121066098868635, 'reg_lambda': 4.281751057859915e-05, 'min_child_weight': 14, 'gamma': 0.4086822247466534, 'num_boost_round': 417}. Best is trial 68 with value: 0.7502174469173701.
# [I 2024-01-24 18:44:48,565] Trial 184 finished with value: 0.7492197492964953 and parameters: {'max_depth': 24, 'learning_rate': 0.061596258387965605, 'subsample': 0.8417602045390961, 'colsample_bytree': 0.7240760709332037, 'reg_alpha': 0.0511153700983061, 'reg_lambda': 0.00012240074698717404, 'min_child_weight': 15, 'gamma': 0.39523626727239564, 'num_boost_round': 432}. Best is trial 68 with value: 0.7502174469173701.
# [I 2024-01-24 18:44:58,871] Trial 185 finished with value: 0.7476336658992069 and parameters: {'max_depth': 24, 'learning_rate': 0.06617535947156256, 'subsample': 0.9682415629387277, 'colsample_bytree': 0.7150224172652867, 'reg_alpha': 0.9628733207676333, 'reg_lambda': 8.531396808702076e-05, 'min_child_weight': 16, 'gamma': 0.37971420141471207, 'num_boost_round': 483}. Best is trial 68 with value: 0.7502174469173701.
# [I 2024-01-24 18:45:11,325] Trial 186 finished with value: 0.7489639293937068 and parameters: {'max_depth': 26, 'learning_rate': 0.0703232444158416, 'subsample': 0.9517316430662911, 'colsample_bytree': 0.7093776974171351, 'reg_alpha': 0.2879421703475752, 'reg_lambda': 3.452554093197972e-05, 'min_child_weight': 15, 'gamma': 0.43996728039060007, 'num_boost_round': 518}. Best is trial 68 with value: 0.7502174469173701.
# [I 2024-01-24 18:45:21,471] Trial 187 finished with value: 0.748273215656178 and parameters: {'max_depth': 25, 'learning_rate': 0.08306425921953957, 'subsample': 0.9789873658904726, 'colsample_bytree': 0.7191051882133197, 'reg_alpha': 0.5318821219040794, 'reg_lambda': 0.12817930672890426, 'min_child_weight': 18, 'gamma': 0.36518531939975635, 'num_boost_round': 450}. Best is trial 68 with value: 0.7502174469173701.
# [I 2024-01-24 18:45:35,177] Trial 188 finished with value: 0.7485290355589664 and parameters: {'max_depth': 23, 'learning_rate': 0.05719251455770966, 'subsample': 0.9627979392358752, 'colsample_bytree': 0.7314483899051272, 'reg_alpha': 0.3691478682882282, 'reg_lambda': 7.605511055586185e-06, 'min_child_weight': 13, 'gamma': 0.4072809513084036, 'num_boost_round': 537}. Best is trial 68 with value: 0.7502174469173701.
# [I 2024-01-24 18:45:51,584] Trial 189 finished with value: 0.7488104374520338 and parameters: {'max_depth': 22, 'learning_rate': 0.06257820933844911, 'subsample': 0.9457675264548971, 'colsample_bytree': 0.7046847272854472, 'reg_alpha': 0.6071579185939786, 'reg_lambda': 0.0017741856289786003, 'min_child_weight': 14, 'gamma': 0.12629846942701786, 'num_boost_round': 508}. Best is trial 68 with value: 0.7502174469173701.
# [I 2024-01-24 18:46:02,260] Trial 190 finished with value: 0.7483755436172934 and parameters: {'max_depth': 27, 'learning_rate': 0.0764873778208517, 'subsample': 0.9722797377332297, 'colsample_bytree': 0.7006428738988657, 'reg_alpha': 0.9757477448697193, 'reg_lambda': 5.4298858035478884e-05, 'min_child_weight': 15, 'gamma': 0.4277740989970228, 'num_boost_round': 474}. Best is trial 68 with value: 0.7502174469173701.
# [I 2024-01-24 18:46:22,157] Trial 191 finished with value: 0.7492453312867742 and parameters: {'max_depth': 28, 'learning_rate': 0.05293648081462911, 'subsample': 0.9541281326406208, 'colsample_bytree': 0.711111518100876, 'reg_alpha': 0.0021248744890400508, 'reg_lambda': 1.9287123076288558e-05, 'min_child_weight': 17, 'gamma': 0.19377746199804935, 'num_boost_round': 456}. Best is trial 68 with value: 0.7502174469173701.
# [I 2024-01-24 18:46:33,485] Trial 192 finished with value: 0.7450754668713226 and parameters: {'max_depth': 27, 'learning_rate': 0.05542377803873203, 'subsample': 0.9551808818592257, 'colsample_bytree': 0.7770689465599683, 'reg_alpha': 0.0014976203771602502, 'reg_lambda': 2.457824359144329e-05, 'min_child_weight': 17, 'gamma': 0.3940212783342239, 'num_boost_round': 467}. Best is trial 68 with value: 0.7502174469173701.
# [I 2024-01-24 18:46:48,437] Trial 193 finished with value: 0.7487081094909184 and parameters: {'max_depth': 27, 'learning_rate': 0.06677369087350703, 'subsample': 0.9351101547952448, 'colsample_bytree': 0.7051714508107445, 'reg_alpha': 0.0011466264271051988, 'reg_lambda': 3.3087261561898534e-05, 'min_child_weight': 16, 'gamma': 0.3838693733353037, 'num_boost_round': 442}. Best is trial 68 with value: 0.7502174469173701.
# [I 2024-01-24 18:47:07,238] Trial 194 finished with value: 0.749424405218726 and parameters: {'max_depth': 26, 'learning_rate': 0.058818251928865, 'subsample': 0.9665670110567198, 'colsample_bytree': 0.7149499924937223, 'reg_alpha': 0.004427598322858598, 'reg_lambda': 2.6068924354177953e-05, 'min_child_weight': 18, 'gamma': 0.34837612842678417, 'num_boost_round': 494}. Best is trial 68 with value: 0.7502174469173701.
# [I 2024-01-24 18:47:21,627] Trial 195 finished with value: 0.7481964696853416 and parameters: {'max_depth': 26, 'learning_rate': 0.06062756519005195, 'subsample': 0.9660731371967222, 'colsample_bytree': 0.7240814068406582, 'reg_alpha': 0.01798813098306013, 'reg_lambda': 4.564700308301976e-05, 'min_child_weight': 18, 'gamma': 0.4165591816175133, 'num_boost_round': 497}. Best is trial 68 with value: 0.7502174469173701.
# [I 2024-01-24 18:47:36,899] Trial 196 finished with value: 0.749091839345101 and parameters: {'max_depth': 24, 'learning_rate': 0.06523232236603428, 'subsample': 0.984370924581551, 'colsample_bytree': 0.7168897047948014, 'reg_alpha': 0.0038181655871705957, 'reg_lambda': 1.3126478476506974e-05, 'min_child_weight': 19, 'gamma': 0.35356140436001365, 'num_boost_round': 564}. Best is trial 68 with value: 0.7502174469173701.
# [I 2024-01-24 18:47:50,467] Trial 197 finished with value: 0.7493988232284472 and parameters: {'max_depth': 25, 'learning_rate': 0.07084122568342008, 'subsample': 0.9753050699374759, 'colsample_bytree': 0.7131900966684752, 'reg_alpha': 0.7363153477780306, 'reg_lambda': 6.513040052243836e-05, 'min_child_weight': 18, 'gamma': 0.4016684217624876, 'num_boost_round': 489}. Best is trial 68 with value: 0.7502174469173701.
# [I 2024-01-24 18:48:04,362] Trial 198 finished with value: 0.7490150933742645 and parameters: {'max_depth': 25, 'learning_rate': 0.07191412593801277, 'subsample': 0.9794388638931923, 'colsample_bytree': 0.7000841257981919, 'reg_alpha': 0.006045337515119946, 'reg_lambda': 7.271041121940846e-05, 'min_child_weight': 18, 'gamma': 0.37596310780570763, 'num_boost_round': 488}. Best is trial 68 with value: 0.7502174469173701.
# [I 2024-01-24 18:48:13,817] Trial 199 finished with value: 0.7448963929393707 and parameters: {'max_depth': 23, 'learning_rate': 0.08143168031690814, 'subsample': 0.9596067576675262, 'colsample_bytree': 0.8678110713440361, 'reg_alpha': 0.7835601218896384, 'reg_lambda': 9.431038906490764e-06, 'min_child_weight': 19, 'gamma': 0.4020209095708426, 'num_boost_round': 509}. Best is trial 68 with value: 0.7502174469173701.
# [I 2024-01-24 18:48:23,829] Trial 200 finished with value: 0.7476336658992069 and parameters: {'max_depth': 26, 'learning_rate': 0.0879633839039899, 'subsample': 0.9949040357378055, 'colsample_bytree': 0.7120168122150322, 'reg_alpha': 0.5061954695095909, 'reg_lambda': 2.200142022266183e-05, 'min_child_weight': 19, 'gamma': 0.388993295713734, 'num_boost_round': 497}. Best is trial 68 with value: 0.7502174469173701.
# [I 2024-01-24 18:48:37,688] Trial 201 finished with value: 0.7496290611409568 and parameters: {'max_depth': 25, 'learning_rate': 0.07116316746841649, 'subsample': 0.9724660979199954, 'colsample_bytree': 0.7157495099386407, 'reg_alpha': 0.7281983605201808, 'reg_lambda': 5.655894181768107e-05, 'min_child_weight': 18, 'gamma': 0.40364620260481493, 'num_boost_round': 487}. Best is trial 68 with value: 0.7502174469173701.
# [I 2024-01-24 18:48:51,026] Trial 202 finished with value: 0.7490150933742645 and parameters: {'max_depth': 24, 'learning_rate': 0.07058410353542119, 'subsample': 0.9663996989469703, 'colsample_bytree': 0.7231469280569922, 'reg_alpha': 0.7121732879652779, 'reg_lambda': 0.00010072902775318073, 'min_child_weight': 19, 'gamma': 0.40609615810071675, 'num_boost_round': 484}. Best is trial 68 with value: 0.7502174469173701.
# [I 2024-01-24 18:49:05,088] Trial 203 finished with value: 0.7490662573548221 and parameters: {'max_depth': 25, 'learning_rate': 0.07672500565673153, 'subsample': 0.9886928306976295, 'colsample_bytree': 0.7100243158771631, 'reg_alpha': 0.00909585047515314, 'reg_lambda': 6.457352362171427e-05, 'min_child_weight': 18, 'gamma': 0.39187484314693155, 'num_boost_round': 473}. Best is trial 68 with value: 0.7502174469173701.
# [I 2024-01-24 18:49:14,487] Trial 204 finished with value: 0.7443335891532361 and parameters: {'max_depth': 26, 'learning_rate': 0.06958738184017453, 'subsample': 0.9773823939393605, 'colsample_bytree': 0.9278882236067827, 'reg_alpha': 0.7550037682170067, 'reg_lambda': 3.250302961366954e-05, 'min_child_weight': 18, 'gamma': 0.40047499950794074, 'num_boost_round': 489}. Best is trial 68 with value: 0.7502174469173701.
# [I 2024-01-24 18:49:30,244] Trial 205 finished with value: 0.7482220516756204 and parameters: {'max_depth': 24, 'learning_rate': 0.05855373158650477, 'subsample': 0.9470516511763479, 'colsample_bytree': 0.7067732737090489, 'reg_alpha': 0.4677511358292586, 'reg_lambda': 0.00015547801400483247, 'min_child_weight': 18, 'gamma': 0.3683274242578791, 'num_boost_round': 548}. Best is trial 68 with value: 0.7502174469173701.
