# [I 2024-01-17 21:00:24,009] Trial 511 finished with value: 0.7471731900741878 and parameters: {'max_depth': 20, 'learning_rate': 0.041818914066370456, 'subsample': 0.7939567043095827, 'colsample_bytree': 0.7419493485659, 'reg_alpha': 0.005168751451525556, 'reg_lambda': 0.005097187228329197, 'min_child_weight': 14, 'gamma': 0.12041946374717814, 'num_boost_round': 806}. Best is trial 434 with value: 0.7503965208493221.
# [I 2024-01-17 21:00:38,410] Trial 512 finished with value: 0.7484011256075722 and parameters: {'max_depth': 19, 'learning_rate': 0.06185517081502866, 'subsample': 0.8033527428773242, 'colsample_bytree': 0.7174873047274845, 'reg_alpha': 0.006351442043060665, 'reg_lambda': 0.002176573314443561, 'min_child_weight': 13, 'gamma': 0.12754395794891363, 'num_boost_round': 796}. Best is trial 434 with value: 0.7503965208493221.
# [I 2024-01-17 21:00:55,814] Trial 513 finished with value: 0.7485034535686876 and parameters: {'max_depth': 19, 'learning_rate': 0.05447309682053471, 'subsample': 0.8118219155069267, 'colsample_bytree': 0.7240593170241942, 'reg_alpha': 0.007504285686542371, 'reg_lambda': 0.0025363272948926456, 'min_child_weight': 13, 'gamma': 0.1515019871663786, 'num_boost_round': 788}. Best is trial 434 with value: 0.7503965208493221.
# [I 2024-01-17 21:01:10,666] Trial 514 finished with value: 0.7465848042977743 and parameters: {'max_depth': 19, 'learning_rate': 0.051912987873261984, 'subsample': 0.7951753000125399, 'colsample_bytree': 0.7383572020192746, 'reg_alpha': 0.010014182711863854, 'reg_lambda': 0.0068428980263739786, 'min_child_weight': 15, 'gamma': 0.1448085268153898, 'num_boost_round': 804}. Best is trial 434 with value: 0.7503965208493221.
# [I 2024-01-17 21:01:26,964] Trial 515 finished with value: 0.7471220260936301 and parameters: {'max_depth': 19, 'learning_rate': 0.05544326315385322, 'subsample': 0.7979991379098166, 'colsample_bytree': 0.7407253034779826, 'reg_alpha': 0.004168688226467978, 'reg_lambda': 0.0036070341974185453, 'min_child_weight': 14, 'gamma': 0.12483388461219942, 'num_boost_round': 780}. Best is trial 434 with value: 0.7503965208493221.
# [I 2024-01-17 21:01:42,498] Trial 516 finished with value: 0.747147608083909 and parameters: {'max_depth': 20, 'learning_rate': 0.05726432880161494, 'subsample': 0.7946961761962985, 'colsample_bytree': 0.7310160673792853, 'reg_alpha': 0.0032576629075484367, 'reg_lambda': 0.0023369887862863576, 'min_child_weight': 13, 'gamma': 0.14912854284432445, 'num_boost_round': 782}. Best is trial 434 with value: 0.7503965208493221.
# [I 2024-01-17 21:02:01,512] Trial 517 finished with value: 0.7488871834228703 and parameters: {'max_depth': 20, 'learning_rate': 0.05401195204394427, 'subsample': 0.7989269783410219, 'colsample_bytree': 0.7255278530056909, 'reg_alpha': 0.008715960552911978, 'reg_lambda': 0.003174588431576276, 'min_child_weight': 14, 'gamma': 0.15950827297937642, 'num_boost_round': 833}. Best is trial 434 with value: 0.7503965208493221.
# [I 2024-01-17 21:02:23,485] Trial 518 finished with value: 0.7488871834228703 and parameters: {'max_depth': 20, 'learning_rate': 0.04715011949828633, 'subsample': 0.8031875374436697, 'colsample_bytree': 0.742964357990349, 'reg_alpha': 0.00628767519806281, 'reg_lambda': 0.009202059034620267, 'min_child_weight': 13, 'gamma': 0.14321438035035497, 'num_boost_round': 783}. Best is trial 434 with value: 0.7503965208493221.
# [I 2024-01-17 21:02:38,575] Trial 519 finished with value: 0.7456638526477359 and parameters: {'max_depth': 20, 'learning_rate': 0.04579839608382353, 'subsample': 0.8111491357889404, 'colsample_bytree': 0.7293938239283618, 'reg_alpha': 0.006458882631300091, 'reg_lambda': 0.004880084485479569, 'min_child_weight': 13, 'gamma': 0.14187446387528144, 'num_boost_round': 829}. Best is trial 434 with value: 0.7503965208493221.
# [I 2024-01-17 21:03:02,809] Trial 520 finished with value: 0.7490406753645433 and parameters: {'max_depth': 20, 'learning_rate': 0.04715311723615609, 'subsample': 0.811291173363221, 'colsample_bytree': 0.7172099503417884, 'reg_alpha': 0.005854902862057195, 'reg_lambda': 0.005772381716514731, 'min_child_weight': 13, 'gamma': 0.13684128011134372, 'num_boost_round': 786}. Best is trial 434 with value: 0.7503965208493221.
# [I 2024-01-17 21:03:20,004] Trial 521 finished with value: 0.7466871322588897 and parameters: {'max_depth': 20, 'learning_rate': 0.04489059904514279, 'subsample': 0.8119055738277262, 'colsample_bytree': 0.7158349680375591, 'reg_alpha': 0.006352513972902025, 'reg_lambda': 0.009698935410225094, 'min_child_weight': 14, 'gamma': 0.13083630358694212, 'num_boost_round': 808}. Best is trial 434 with value: 0.7503965208493221.
# [I 2024-01-17 21:03:43,555] Trial 522 finished with value: 0.7499360450243029 and parameters: {'max_depth': 20, 'learning_rate': 0.04412380990060704, 'subsample': 0.8038380375353306, 'colsample_bytree': 0.7292878249225436, 'reg_alpha': 0.0034750696601197027, 'reg_lambda': 0.007013382496636911, 'min_child_weight': 13, 'gamma': 0.14535559512391716, 'num_boost_round': 805}. Best is trial 434 with value: 0.7503965208493221.
# [I 2024-01-17 21:03:58,848] Trial 523 finished with value: 0.7472243540547454 and parameters: {'max_depth': 20, 'learning_rate': 0.0523357260354943, 'subsample': 0.8041360917778679, 'colsample_bytree': 0.7258872051492242, 'reg_alpha': 0.008991477402292941, 'reg_lambda': 0.003391656004344805, 'min_child_weight': 13, 'gamma': 0.14017386706667512, 'num_boost_round': 798}. Best is trial 434 with value: 0.7503965208493221.
# [I 2024-01-17 21:04:24,826] Trial 524 finished with value: 0.749577897160399 and parameters: {'max_depth': 20, 'learning_rate': 0.04077188421618203, 'subsample': 0.8260888826506689, 'colsample_bytree': 0.7337029689528723, 'reg_alpha': 0.0039169696835638, 'reg_lambda': 0.005472192074391902, 'min_child_weight': 12, 'gamma': 0.14820052255344124, 'num_boost_round': 821}. Best is trial 434 with value: 0.7503965208493221.
# [I 2024-01-17 21:04:43,889] Trial 525 finished with value: 0.7489127654131491 and parameters: {'max_depth': 20, 'learning_rate': 0.05093479648573059, 'subsample': 0.8002466674559391, 'colsample_bytree': 0.7280483918282212, 'reg_alpha': 0.012379138071997123, 'reg_lambda': 0.0019260869174144663, 'min_child_weight': 13, 'gamma': 0.1522901111205178, 'num_boost_round': 774}. Best is trial 434 with value: 0.7503965208493221.
# [I 2024-01-17 21:05:06,393] Trial 526 finished with value: 0.7482987976464569 and parameters: {'max_depth': 20, 'learning_rate': 0.05341114542772151, 'subsample': 0.7858311814813558, 'colsample_bytree': 0.7378831334710666, 'reg_alpha': 0.004334576632002125, 'reg_lambda': 0.0023494070897159126, 'min_child_weight': 13, 'gamma': 0.1383847119579953, 'num_boost_round': 782}. Best is trial 434 with value: 0.7503965208493221.
# [I 2024-01-17 21:05:30,550] Trial 527 finished with value: 0.7486825275006396 and parameters: {'max_depth': 20, 'learning_rate': 0.052032924128055144, 'subsample': 0.818888699239134, 'colsample_bytree': 0.712363099321528, 'reg_alpha': 0.010041512164360559, 'reg_lambda': 0.0066712321318113475, 'min_child_weight': 13, 'gamma': 0.14047735536707173, 'num_boost_round': 803}. Best is trial 434 with value: 0.7503965208493221.
# [I 2024-01-17 21:05:56,410] Trial 528 finished with value: 0.747966231772832 and parameters: {'max_depth': 20, 'learning_rate': 0.035579495171741096, 'subsample': 0.8186156719917888, 'colsample_bytree': 0.7093884505128304, 'reg_alpha': 0.003987846136288541, 'reg_lambda': 0.010482963573048197, 'min_child_weight': 13, 'gamma': 0.14157941891266532, 'num_boost_round': 818}. Best is trial 434 with value: 0.7503965208493221.
# [I 2024-01-17 21:06:13,691] Trial 529 finished with value: 0.7472499360450243 and parameters: {'max_depth': 20, 'learning_rate': 0.05242974462066612, 'subsample': 0.8070446202977642, 'colsample_bytree': 0.739912203668432, 'reg_alpha': 0.01175598006684208, 'reg_lambda': 0.0030692601531372918, 'min_child_weight': 14, 'gamma': 0.14082162231111772, 'num_boost_round': 806}. Best is trial 434 with value: 0.7503965208493221.
# [I 2024-01-17 21:06:29,613] Trial 530 finished with value: 0.7468406242005627 and parameters: {'max_depth': 19, 'learning_rate': 0.05020142036031183, 'subsample': 0.7932122428041586, 'colsample_bytree': 0.719163022032142, 'reg_alpha': 0.005080123074273663, 'reg_lambda': 0.003080597430287597, 'min_child_weight': 14, 'gamma': 0.13215645579826066, 'num_boost_round': 788}. Best is trial 434 with value: 0.7503965208493221.
# [I 2024-01-17 21:06:47,378] Trial 531 finished with value: 0.7482987976464569 and parameters: {'max_depth': 20, 'learning_rate': 0.049627072366526234, 'subsample': 0.8050184705874578, 'colsample_bytree': 0.7266821184225762, 'reg_alpha': 0.0076201259274067, 'reg_lambda': 0.0021502204004885945, 'min_child_weight': 13, 'gamma': 0.1602057312544589, 'num_boost_round': 793}. Best is trial 434 with value: 0.7503965208493221.
# [I 2024-01-17 21:07:07,960] Trial 532 finished with value: 0.748273215656178 and parameters: {'max_depth': 20, 'learning_rate': 0.04967918033639088, 'subsample': 0.7997151089619072, 'colsample_bytree': 0.7372866900138358, 'reg_alpha': 0.006083616119523127, 'reg_lambda': 0.0034120719226284875, 'min_child_weight': 12, 'gamma': 0.149249945100068, 'num_boost_round': 804}. Best is trial 434 with value: 0.7503965208493221.
# [I 2024-01-17 21:07:30,237] Trial 533 finished with value: 0.7485034535686876 and parameters: {'max_depth': 20, 'learning_rate': 0.045580039679588104, 'subsample': 0.8092223533120886, 'colsample_bytree': 0.7268162235226381, 'reg_alpha': 0.0031807305406910936, 'reg_lambda': 0.005019086341830522, 'min_child_weight': 12, 'gamma': 0.14524755116402496, 'num_boost_round': 820}. Best is trial 434 with value: 0.7503965208493221.
# [I 2024-01-17 21:07:47,137] Trial 534 finished with value: 0.7486057815298031 and parameters: {'max_depth': 19, 'learning_rate': 0.05005437674771117, 'subsample': 0.8095089022464985, 'colsample_bytree': 0.7321884466877897, 'reg_alpha': 0.005241844174604471, 'reg_lambda': 0.0021788817740859643, 'min_child_weight': 13, 'gamma': 0.13959889199605827, 'num_boost_round': 789}. Best is trial 434 with value: 0.7503965208493221.
# [I 2024-01-17 21:08:09,828] Trial 535 finished with value: 0.7485290355589664 and parameters: {'max_depth': 20, 'learning_rate': 0.04368153871179589, 'subsample': 0.8029411281248241, 'colsample_bytree': 0.7312503356220212, 'reg_alpha': 0.004113466375481888, 'reg_lambda': 0.015186511862447735, 'min_child_weight': 12, 'gamma': 0.12964794386292322, 'num_boost_round': 804}. Best is trial 434 with value: 0.7503965208493221.
# [I 2024-01-17 21:08:35,614] Trial 536 finished with value: 0.749270913277053 and parameters: {'max_depth': 20, 'learning_rate': 0.04658559984848251, 'subsample': 0.8110961576147871, 'colsample_bytree': 0.7269333841143263, 'reg_alpha': 0.003305725064664885, 'reg_lambda': 0.0048874260364333896, 'min_child_weight': 13, 'gamma': 0.14766220080088288, 'num_boost_round': 779}. Best is trial 434 with value: 0.7503965208493221.
# [I 2024-01-17 21:08:58,568] Trial 537 finished with value: 0.7496290611409568 and parameters: {'max_depth': 20, 'learning_rate': 0.05233913211592351, 'subsample': 0.7906113130479793, 'colsample_bytree': 0.7243290200819654, 'reg_alpha': 0.003361555211767089, 'reg_lambda': 0.0076629881958348404, 'min_child_weight': 13, 'gamma': 0.13467567318634788, 'num_boost_round': 801}. Best is trial 434 with value: 0.7503965208493221.
# [I 2024-01-17 21:09:21,975] Trial 538 finished with value: 0.7506779227423894 and parameters: {'max_depth': 20, 'learning_rate': 0.04735883403404956, 'subsample': 0.820644662125095, 'colsample_bytree': 0.7184349909513894, 'reg_alpha': 0.011578588979534711, 'reg_lambda': 0.0039715599430452725, 'min_child_weight': 13, 'gamma': 0.16377835407138885, 'num_boost_round': 815}. Best is trial 538 with value: 0.7506779227423894.
# [I 2024-01-17 21:09:44,796] Trial 539 finished with value: 0.7486057815298031 and parameters: {'max_depth': 20, 'learning_rate': 0.04363490773407163, 'subsample': 0.8039691462218639, 'colsample_bytree': 0.7286996571183397, 'reg_alpha': 0.006880092350189169, 'reg_lambda': 0.00677159476413925, 'min_child_weight': 13, 'gamma': 0.15969658998982042, 'num_boost_round': 816}. Best is trial 538 with value: 0.7506779227423894.
# [I 2024-01-17 21:10:05,000] Trial 540 finished with value: 0.7472499360450243 and parameters: {'max_depth': 20, 'learning_rate': 0.04272355651770326, 'subsample': 0.8062186388799168, 'colsample_bytree': 0.736583044389765, 'reg_alpha': 0.00771161499441626, 'reg_lambda': 0.003574569450750897, 'min_child_weight': 12, 'gamma': 0.16549638462187805, 'num_boost_round': 816}. Best is trial 538 with value: 0.7506779227423894.
# [I 2024-01-17 21:10:27,665] Trial 541 finished with value: 0.7498081350729087 and parameters: {'max_depth': 20, 'learning_rate': 0.05052064309992476, 'subsample': 0.8076591306346728, 'colsample_bytree': 0.7192295940339863, 'reg_alpha': 0.004042043018294268, 'reg_lambda': 0.005185273812452034, 'min_child_weight': 13, 'gamma': 0.15075955493308638, 'num_boost_round': 777}. Best is trial 538 with value: 0.7506779227423894.
# [I 2024-01-17 21:10:46,840] Trial 542 finished with value: 0.7486569455103607 and parameters: {'max_depth': 19, 'learning_rate': 0.0485293649369031, 'subsample': 0.8082971368139492, 'colsample_bytree': 0.7408794321220153, 'reg_alpha': 0.006626009983919167, 'reg_lambda': 0.003971452441749819, 'min_child_weight': 12, 'gamma': 0.16434674214246411, 'num_boost_round': 804}. Best is trial 538 with value: 0.7506779227423894.
# [I 2024-01-17 21:11:10,095] Trial 543 finished with value: 0.749577897160399 and parameters: {'max_depth': 20, 'learning_rate': 0.04373464483149754, 'subsample': 0.8040840211539195, 'colsample_bytree': 0.7282055079885028, 'reg_alpha': 0.007327419713747759, 'reg_lambda': 0.01015676190624593, 'min_child_weight': 14, 'gamma': 0.16319127394257796, 'num_boost_round': 815}. Best is trial 538 with value: 0.7506779227423894.
# [I 2024-01-17 21:11:31,649] Trial 544 finished with value: 0.7495523151701202 and parameters: {'max_depth': 20, 'learning_rate': 0.047645554736291035, 'subsample': 0.8075146890586286, 'colsample_bytree': 0.7292518559240717, 'reg_alpha': 0.009390899914991351, 'reg_lambda': 0.007050623648502468, 'min_child_weight': 13, 'gamma': 0.15273075402101577, 'num_boost_round': 809}. Best is trial 538 with value: 0.7506779227423894.
# [I 2024-01-17 21:11:55,543] Trial 545 finished with value: 0.7496546431312356 and parameters: {'max_depth': 20, 'learning_rate': 0.050059616008056564, 'subsample': 0.8207970315301558, 'colsample_bytree': 0.716243848341639, 'reg_alpha': 0.0037953604423550786, 'reg_lambda': 0.003053451177688035, 'min_child_weight': 12, 'gamma': 0.13997035222149987, 'num_boost_round': 791}. Best is trial 538 with value: 0.7506779227423894.
# [I 2024-01-17 21:12:15,543] Trial 546 finished with value: 0.749091839345101 and parameters: {'max_depth': 20, 'learning_rate': 0.05344077393632185, 'subsample': 0.8028432427262077, 'colsample_bytree': 0.7202306436182982, 'reg_alpha': 0.003924950445196694, 'reg_lambda': 0.005933072497768016, 'min_child_weight': 13, 'gamma': 0.14671929401012895, 'num_boost_round': 776}. Best is trial 538 with value: 0.7506779227423894.
# [I 2024-01-17 21:12:35,659] Trial 547 finished with value: 0.7489127654131491 and parameters: {'max_depth': 20, 'learning_rate': 0.05046425762066967, 'subsample': 0.8106310008691213, 'colsample_bytree': 0.7198613017437715, 'reg_alpha': 0.004784463322215549, 'reg_lambda': 0.009139507490080351, 'min_child_weight': 13, 'gamma': 0.14938031251676057, 'num_boost_round': 813}. Best is trial 538 with value: 0.7506779227423894.
# [I 2024-01-17 21:12:57,130] Trial 548 finished with value: 0.7493476592478895 and parameters: {'max_depth': 20, 'learning_rate': 0.0493174461059921, 'subsample': 0.8185922438148494, 'colsample_bytree': 0.7111938328739542, 'reg_alpha': 0.005944105442478402, 'reg_lambda': 0.002794945075842498, 'min_child_weight': 12, 'gamma': 0.16963727205308377, 'num_boost_round': 812}. Best is trial 538 with value: 0.7506779227423894.
# [I 2024-01-17 21:13:16,396] Trial 549 finished with value: 0.7485546175492453 and parameters: {'max_depth': 19, 'learning_rate': 0.056511244499287586, 'subsample': 0.8159442412883141, 'colsample_bytree': 0.7248814686141696, 'reg_alpha': 0.006758375669823618, 'reg_lambda': 0.004628162485447464, 'min_child_weight': 14, 'gamma': 0.14323845757331022, 'num_boost_round': 792}. Best is trial 538 with value: 0.7506779227423894.
# [I 2024-01-17 21:13:34,220] Trial 550 finished with value: 0.7479406497825531 and parameters: {'max_depth': 20, 'learning_rate': 0.04967303438778934, 'subsample': 0.821274155099931, 'colsample_bytree': 0.7228731070888913, 'reg_alpha': 0.005922098766422685, 'reg_lambda': 0.003157319924456899, 'min_child_weight': 11, 'gamma': 0.14805578365580577, 'num_boost_round': 790}. Best is trial 538 with value: 0.7506779227423894.
# [I 2024-01-17 21:13:51,479] Trial 551 finished with value: 0.7470196981325148 and parameters: {'max_depth': 20, 'learning_rate': 0.04655228061037857, 'subsample': 0.8154720578220223, 'colsample_bytree': 0.714792792490538, 'reg_alpha': 0.006556874138908643, 'reg_lambda': 0.008030519179795957, 'min_child_weight': 13, 'gamma': 0.15771542428513247, 'num_boost_round': 799}. Best is trial 538 with value: 0.7506779227423894.
# [I 2024-01-17 21:14:07,560] Trial 552 finished with value: 0.7478383218214377 and parameters: {'max_depth': 20, 'learning_rate': 0.050180617806916995, 'subsample': 0.8275298583313618, 'colsample_bytree': 0.7227203148113874, 'reg_alpha': 0.005471436812962815, 'reg_lambda': 0.003462331116035545, 'min_child_weight': 12, 'gamma': 0.15560766540147833, 'num_boost_round': 799}. Best is trial 538 with value: 0.7506779227423894.
# [I 2024-01-17 21:14:28,884] Trial 553 finished with value: 0.7491430033256588 and parameters: {'max_depth': 20, 'learning_rate': 0.047070350489593266, 'subsample': 0.8179998807524808, 'colsample_bytree': 0.7218530187933504, 'reg_alpha': 0.0049601828909055625, 'reg_lambda': 0.0059821557956672685, 'min_child_weight': 14, 'gamma': 0.16051558448177033, 'num_boost_round': 820}. Best is trial 538 with value: 0.7506779227423894.
# [I 2024-01-17 21:14:46,440] Trial 554 finished with value: 0.7474034279866973 and parameters: {'max_depth': 20, 'learning_rate': 0.052306623483996256, 'subsample': 0.8091045918378359, 'colsample_bytree': 0.710214276736827, 'reg_alpha': 0.005829531260124392, 'reg_lambda': 0.005410713978510964, 'min_child_weight': 13, 'gamma': 0.14875953998400832, 'num_boost_round': 774}. Best is trial 538 with value: 0.7506779227423894.
# [I 2024-01-17 21:15:08,094] Trial 555 finished with value: 0.749091839345101 and parameters: {'max_depth': 19, 'learning_rate': 0.05126718124124436, 'subsample': 0.8098607542682474, 'colsample_bytree': 0.7216655915796352, 'reg_alpha': 0.006886466474567865, 'reg_lambda': 0.0031013657682865937, 'min_child_weight': 12, 'gamma': 0.15500186902673385, 'num_boost_round': 796}. Best is trial 538 with value: 0.7506779227423894.
# [I 2024-01-17 21:15:30,521] Trial 556 finished with value: 0.749270913277053 and parameters: {'max_depth': 20, 'learning_rate': 0.04451782591207912, 'subsample': 0.8148386413906854, 'colsample_bytree': 0.7202945965547425, 'reg_alpha': 0.012967842681048359, 'reg_lambda': 0.005269312887082465, 'min_child_weight': 13, 'gamma': 0.1642817576473827, 'num_boost_round': 795}. Best is trial 538 with value: 0.7506779227423894.
# [I 2024-01-17 21:15:51,361] Trial 557 finished with value: 0.7493988232284472 and parameters: {'max_depth': 20, 'learning_rate': 0.0534885133848315, 'subsample': 0.8070391766705796, 'colsample_bytree': 0.7076121062480445, 'reg_alpha': 0.0030627594733735916, 'reg_lambda': 0.006107905160101229, 'min_child_weight': 13, 'gamma': 0.1509226183018571, 'num_boost_round': 812}. Best is trial 538 with value: 0.7506779227423894.
# [I 2024-01-17 21:16:12,227] Trial 558 finished with value: 0.74911742133538 and parameters: {'max_depth': 20, 'learning_rate': 0.0493581394934245, 'subsample': 0.7994388676099317, 'colsample_bytree': 0.7138868628734644, 'reg_alpha': 0.0052123323422881875, 'reg_lambda': 0.005860011123451691, 'min_child_weight': 13, 'gamma': 0.14194240680738518, 'num_boost_round': 797}. Best is trial 538 with value: 0.7506779227423894.
# [I 2024-01-17 21:16:31,797] Trial 559 finished with value: 0.7491685853159376 and parameters: {'max_depth': 20, 'learning_rate': 0.050950241152171345, 'subsample': 0.8093818235621324, 'colsample_bytree': 0.7252481374591536, 'reg_alpha': 0.0035739268781366127, 'reg_lambda': 0.005637972666212673, 'min_child_weight': 13, 'gamma': 0.15439869946110682, 'num_boost_round': 798}. Best is trial 538 with value: 0.7506779227423894.
# [I 2024-01-17 21:16:43,283] Trial 560 finished with value: 0.743694039396265 and parameters: {'max_depth': 20, 'learning_rate': 0.04727230294229452, 'subsample': 0.8030235998347547, 'colsample_bytree': 0.7218715055280481, 'reg_alpha': 0.005342730920201983, 'reg_lambda': 0.0033856345904691447, 'min_child_weight': 13, 'gamma': 0.16870531464698357, 'num_boost_round': 803}. Best is trial 538 with value: 0.7506779227423894.
# [I 2024-01-17 21:16:59,260] Trial 561 finished with value: 0.7468662061908417 and parameters: {'max_depth': 20, 'learning_rate': 0.04779617059716297, 'subsample': 0.8101259626987067, 'colsample_bytree': 0.705654217729293, 'reg_alpha': 0.004126989067355158, 'reg_lambda': 0.004226853020797951, 'min_child_weight': 12, 'gamma': 0.15803996853779384, 'num_boost_round': 807}. Best is trial 538 with value: 0.7506779227423894.
