# [I 2024-01-24 19:14:45,024] Trial 309 finished with value: 0.7477104118700435 and parameters: {'max_depth': 30, 'learning_rate': 0.07362587254097916, 'subsample': 0.9856779157080868, 'colsample_bytree': 0.7206222560234632, 'reg_alpha': 0.008393276327658777, 'reg_lambda': 1.862679507287132e-05, 'min_child_weight': 17, 'gamma': 0.4824548282829772, 'num_boost_round': 454}. Best is trial 243 with value: 0.750422102839601.
# [I 2024-01-24 19:14:58,402] Trial 310 finished with value: 0.7475313379380916 and parameters: {'max_depth': 29, 'learning_rate': 0.0609582699328858, 'subsample': 0.9777910519743154, 'colsample_bytree': 0.7108389277240986, 'reg_alpha': 0.019676330664431786, 'reg_lambda': 9.625800868855739e-05, 'min_child_weight': 19, 'gamma': 0.4073145182685075, 'num_boost_round': 475}. Best is trial 243 with value: 0.750422102839601.
# [I 2024-01-24 19:15:12,460] Trial 311 finished with value: 0.748273215656178 and parameters: {'max_depth': 30, 'learning_rate': 0.06737364767525272, 'subsample': 0.9013116847040256, 'colsample_bytree': 0.700811006573106, 'reg_alpha': 0.011638080031423307, 'reg_lambda': 3.1482688586440784e-05, 'min_child_weight': 18, 'gamma': 0.4214610393916655, 'num_boost_round': 420}. Best is trial 243 with value: 0.750422102839601.
# [I 2024-01-24 19:15:28,129] Trial 312 finished with value: 0.7468662061908417 and parameters: {'max_depth': 28, 'learning_rate': 0.04862679271208144, 'subsample': 0.9851146680234548, 'colsample_bytree': 0.7831186906620332, 'reg_alpha': 0.21875604581740163, 'reg_lambda': 6.682354534343158e-05, 'min_child_weight': 18, 'gamma': 0.3951246296368395, 'num_boost_round': 410}. Best is trial 243 with value: 0.750422102839601.
# [I 2024-01-24 19:15:38,727] Trial 313 finished with value: 0.7470452801227936 and parameters: {'max_depth': 19, 'learning_rate': 0.0823484567374345, 'subsample': 0.9722250858699277, 'colsample_bytree': 0.7200297460287236, 'reg_alpha': 0.9957314115253836, 'reg_lambda': 1.0192692781743973e-05, 'min_child_weight': 17, 'gamma': 0.3799017470321078, 'num_boost_round': 400}. Best is trial 243 with value: 0.750422102839601.
# [I 2024-01-24 19:16:09,508] Trial 314 finished with value: 0.7399079048349961 and parameters: {'max_depth': 29, 'learning_rate': 0.0063692127966332, 'subsample': 0.9685602950323398, 'colsample_bytree': 0.7004066552794411, 'reg_alpha': 0.03209284118701847, 'reg_lambda': 2.8637982628997217e-05, 'min_child_weight': 16, 'gamma': 0.11365451014526351, 'num_boost_round': 466}. Best is trial 243 with value: 0.750422102839601.
# [I 2024-01-24 19:16:22,078] Trial 315 finished with value: 0.7467127142491685 and parameters: {'max_depth': 18, 'learning_rate': 0.05205652064735823, 'subsample': 0.8499781366094298, 'colsample_bytree': 0.7112275539776377, 'reg_alpha': 0.35392995014225187, 'reg_lambda': 0.0001550473939142447, 'min_child_weight': 16, 'gamma': 0.40890008139396045, 'num_boost_round': 491}. Best is trial 243 with value: 0.750422102839601.
# [I 2024-01-24 19:16:32,506] Trial 316 finished with value: 0.74845228958813 and parameters: {'max_depth': 23, 'learning_rate': 0.09560102466117143, 'subsample': 0.9990110412846563, 'colsample_bytree': 0.7155502638036876, 'reg_alpha': 0.28664064409055123, 'reg_lambda': 4.692665427282571e-05, 'min_child_weight': 12, 'gamma': 0.3991831802456299, 'num_boost_round': 505}. Best is trial 243 with value: 0.750422102839601.
# [I 2024-01-24 19:16:47,088] Trial 317 finished with value: 0.7487848554617549 and parameters: {'max_depth': 24, 'learning_rate': 0.06375793141220192, 'subsample': 0.9643093679097113, 'colsample_bytree': 0.7052678268803566, 'reg_alpha': 0.48978488105590373, 'reg_lambda': 8.991691349073202e-05, 'min_child_weight': 17, 'gamma': 0.4624712491676575, 'num_boost_round': 526}. Best is trial 243 with value: 0.750422102839601.
# [I 2024-01-24 19:17:08,743] Trial 318 finished with value: 0.7492964952673318 and parameters: {'max_depth': 28, 'learning_rate': 0.04418275993230101, 'subsample': 0.9797620539122471, 'colsample_bytree': 0.7262537816413226, 'reg_alpha': 0.008254703866677334, 'reg_lambda': 4.29288856353821e-06, 'min_child_weight': 15, 'gamma': 0.47820833449040256, 'num_boost_round': 462}. Best is trial 243 with value: 0.750422102839601.
# [I 2024-01-24 19:17:25,980] Trial 319 finished with value: 0.749270913277053 and parameters: {'max_depth': 25, 'learning_rate': 0.05762049239648384, 'subsample': 0.9879509301175446, 'colsample_bytree': 0.7096686892169153, 'reg_alpha': 0.003493448819024935, 'reg_lambda': 2.3774667225544895e-05, 'min_child_weight': 17, 'gamma': 0.370457287612379, 'num_boost_round': 425}. Best is trial 243 with value: 0.750422102839601.
# [I 2024-01-24 19:17:40,970] Trial 320 finished with value: 0.7490150933742645 and parameters: {'max_depth': 27, 'learning_rate': 0.07121425960453517, 'subsample': 0.9755397231109588, 'colsample_bytree': 0.7174105222515206, 'reg_alpha': 0.5823613385795781, 'reg_lambda': 1.3242214993760169e-05, 'min_child_weight': 18, 'gamma': 0.4204930778416017, 'num_boost_round': 482}. Best is trial 243 with value: 0.750422102839601.
# [I 2024-01-24 19:17:53,457] Trial 321 finished with value: 0.7473778459964185 and parameters: {'max_depth': 15, 'learning_rate': 0.06619232566181871, 'subsample': 0.9614523737037759, 'colsample_bytree': 0.7060275998728399, 'reg_alpha': 0.08649620661792928, 'reg_lambda': 0.00012042272466319996, 'min_child_weight': 16, 'gamma': 0.3893869222995369, 'num_boost_round': 443}. Best is trial 243 with value: 0.750422102839601.
# [I 2024-01-24 19:18:09,594] Trial 322 finished with value: 0.7484778715784088 and parameters: {'max_depth': 30, 'learning_rate': 0.05987187008116161, 'subsample': 0.9560161836951018, 'colsample_bytree': 0.7226795914014409, 'reg_alpha': 0.1362934517072212, 'reg_lambda': 0.00022373661623964, 'min_child_weight': 19, 'gamma': 0.4119605766609646, 'num_boost_round': 584}. Best is trial 243 with value: 0.750422102839601.
# [I 2024-01-24 19:18:22,674] Trial 323 finished with value: 0.7492964952673318 and parameters: {'max_depth': 22, 'learning_rate': 0.07791825151489137, 'subsample': 0.9676429352242698, 'colsample_bytree': 0.7120865299110463, 'reg_alpha': 0.7646193780243803, 'reg_lambda': 3.926412722460559e-05, 'min_child_weight': 15, 'gamma': 0.40026450275672304, 'num_boost_round': 573}. Best is trial 243 with value: 0.750422102839601.
# [I 2024-01-24 19:18:40,471] Trial 324 finished with value: 0.7489383474034279 and parameters: {'max_depth': 26, 'learning_rate': 0.05472993196475104, 'subsample': 0.9828838543978747, 'colsample_bytree': 0.7332273034746591, 'reg_alpha': 0.4351902286676093, 'reg_lambda': 5.5209976005549105e-05, 'min_child_weight': 17, 'gamma': 0.4398181007201245, 'num_boost_round': 747}. Best is trial 243 with value: 0.750422102839601.
# [I 2024-01-24 19:18:52,702] Trial 325 finished with value: 0.7456126886671783 and parameters: {'max_depth': 25, 'learning_rate': 0.07121466384088247, 'subsample': 0.9914224460544674, 'colsample_bytree': 0.879725399067717, 'reg_alpha': 0.015567653244024456, 'reg_lambda': 0.000172917363220181, 'min_child_weight': 16, 'gamma': 0.4897960074119183, 'num_boost_round': 650}. Best is trial 243 with value: 0.750422102839601.
# [I 2024-01-24 19:19:04,245] Trial 326 finished with value: 0.7485034535686876 and parameters: {'max_depth': 24, 'learning_rate': 0.06414707705419741, 'subsample': 0.9382358000672719, 'colsample_bytree': 0.7001494379763872, 'reg_alpha': 0.9946577847678497, 'reg_lambda': 7.446349474212164e-05, 'min_child_weight': 18, 'gamma': 0.47256709544870584, 'num_boost_round': 548}. Best is trial 243 with value: 0.750422102839601.
# [I 2024-01-24 19:19:21,879] Trial 327 finished with value: 0.7479406497825531 and parameters: {'max_depth': 27, 'learning_rate': 0.06017570103146029, 'subsample': 0.9326047506816142, 'colsample_bytree': 0.7148323178782534, 'reg_alpha': 0.17926746456630938, 'reg_lambda': 1.9228258348263355e-05, 'min_child_weight': 15, 'gamma': 0.08432871476459682, 'num_boost_round': 562}. Best is trial 243 with value: 0.750422102839601.
# [I 2024-01-24 19:19:37,945] Trial 328 finished with value: 0.7480941417242262 and parameters: {'max_depth': 23, 'learning_rate': 0.05243381275115969, 'subsample': 0.9724074807984565, 'colsample_bytree': 0.7072808512461733, 'reg_alpha': 0.3283437189401343, 'reg_lambda': 0.0006748749222854476, 'min_child_weight': 16, 'gamma': 0.19017686506083337, 'num_boost_round': 516}. Best is trial 243 with value: 0.750422102839601.
# [I 2024-01-24 19:19:50,950] Trial 329 finished with value: 0.7489895113839857 and parameters: {'max_depth': 24, 'learning_rate': 0.06764579610247268, 'subsample': 0.9148271144588815, 'colsample_bytree': 0.7214748789639945, 'reg_alpha': 0.5820477286181577, 'reg_lambda': 0.00013591896595521125, 'min_child_weight': 11, 'gamma': 0.49831005716014315, 'num_boost_round': 597}. Best is trial 243 with value: 0.750422102839601.
# [I 2024-01-24 19:19:59,875] Trial 330 finished with value: 0.7442312611921207 and parameters: {'max_depth': 26, 'learning_rate': 0.03088825609193123, 'subsample': 0.9525923440349618, 'colsample_bytree': 0.7105492608411957, 'reg_alpha': 0.009778198021680293, 'reg_lambda': 3.2433719454748184e-05, 'min_child_weight': 8, 'gamma': 0.42734994978481244, 'num_boost_round': 432}. Best is trial 243 with value: 0.750422102839601.
# [I 2024-01-24 19:20:14,341] Trial 331 finished with value: 0.7485546175492453 and parameters: {'max_depth': 29, 'learning_rate': 0.07574910241706756, 'subsample': 0.9603223937042424, 'colsample_bytree': 0.7002435649648089, 'reg_alpha': 0.006454942247912278, 'reg_lambda': 0.0003972641516286675, 'min_child_weight': 17, 'gamma': 0.38252344694371804, 'num_boost_round': 533}. Best is trial 243 with value: 0.750422102839601.
# [I 2024-01-24 19:20:33,325] Trial 332 finished with value: 0.7493988232284472 and parameters: {'max_depth': 25, 'learning_rate': 0.04835634848232708, 'subsample': 0.9787969515697755, 'colsample_bytree': 0.7156450991530422, 'reg_alpha': 0.000601653062758102, 'reg_lambda': 9.74417107121653e-05, 'min_child_weight': 15, 'gamma': 0.4115887590152242, 'num_boost_round': 452}. Best is trial 243 with value: 0.750422102839601.
# [I 2024-01-24 19:20:45,319] Trial 333 finished with value: 0.7470964441033512 and parameters: {'max_depth': 26, 'learning_rate': 0.05750319161305267, 'subsample': 0.9455668794765033, 'colsample_bytree': 0.7274458716557805, 'reg_alpha': 0.7526689888714556, 'reg_lambda': 1.6203556732883914e-06, 'min_child_weight': 18, 'gamma': 0.39896996893073455, 'num_boost_round': 412}. Best is trial 243 with value: 0.750422102839601.
# [I 2024-01-24 19:20:59,214] Trial 334 finished with value: 0.7486313635200819 and parameters: {'max_depth': 22, 'learning_rate': 0.06471131075751169, 'subsample': 0.9689076144637356, 'colsample_bytree': 0.7073830661164958, 'reg_alpha': 0.43411149986457165, 'reg_lambda': 6.30849049265101e-05, 'min_child_weight': 16, 'gamma': 0.20222356314940027, 'num_boost_round': 496}. Best is trial 243 with value: 0.750422102839601.
# [I 2024-01-24 19:21:10,804] Trial 335 finished with value: 0.7476592478894858 and parameters: {'max_depth': 25, 'learning_rate': 0.08868402571660877, 'subsample': 0.9936531932015235, 'colsample_bytree': 0.7183812018026063, 'reg_alpha': 0.004567000622340399, 'reg_lambda': 0.00020173224858273506, 'min_child_weight': 16, 'gamma': 0.37321317844525187, 'num_boost_round': 556}. Best is trial 243 with value: 0.750422102839601.
# [I 2024-01-24 19:21:25,426] Trial 336 finished with value: 0.7486313635200819 and parameters: {'max_depth': 27, 'learning_rate': 0.07228738231431536, 'subsample': 0.9747094466253271, 'colsample_bytree': 0.7053350986254894, 'reg_alpha': 0.0024507086881623047, 'reg_lambda': 3.9666835626305255e-05, 'min_child_weight': 12, 'gamma': 0.4204754785110431, 'num_boost_round': 543}. Best is trial 243 with value: 0.750422102839601.
# [I 2024-01-24 19:21:40,104] Trial 337 finished with value: 0.7488616014325915 and parameters: {'max_depth': 23, 'learning_rate': 0.05556362748857615, 'subsample': 0.9873760937544082, 'colsample_bytree': 0.7242103460616359, 'reg_alpha': 0.26573942155072283, 'reg_lambda': 0.0521322515843428, 'min_child_weight': 17, 'gamma': 0.39038337042352733, 'num_boost_round': 569}. Best is trial 243 with value: 0.750422102839601.
# [I 2024-01-24 19:21:54,123] Trial 338 finished with value: 0.7487592734714761 and parameters: {'max_depth': 24, 'learning_rate': 0.06243397119505125, 'subsample': 0.9629974245952351, 'colsample_bytree': 0.712437938394607, 'reg_alpha': 0.7743329945253946, 'reg_lambda': 1.500025540167763e-05, 'min_child_weight': 19, 'gamma': 0.3642974988763919, 'num_boost_round': 420}. Best is trial 243 with value: 0.750422102839601.
# [I 2024-01-24 19:22:21,804] Trial 339 finished with value: 0.7466103862880532 and parameters: {'max_depth': 28, 'learning_rate': 0.02009986058526937, 'subsample': 0.951780394090262, 'colsample_bytree': 0.7326448241259758, 'reg_alpha': 0.5163160964975927, 'reg_lambda': 0.4731863678650594, 'min_child_weight': 13, 'gamma': 0.1550861556889898, 'num_boost_round': 554}. Best is trial 243 with value: 0.750422102839601.
# [I 2024-01-24 19:22:34,123] Trial 340 finished with value: 0.7472499360450243 and parameters: {'max_depth': 26, 'learning_rate': 0.08064592865452436, 'subsample': 0.9799068074891684, 'colsample_bytree': 0.7001739966547854, 'reg_alpha': 0.6065479819675099, 'reg_lambda': 2.4508160292612357e-05, 'min_child_weight': 15, 'gamma': 0.4067647520471071, 'num_boost_round': 485}. Best is trial 243 with value: 0.750422102839601.
# [I 2024-01-24 19:22:46,895] Trial 341 finished with value: 0.7452801227935533 and parameters: {'max_depth': 21, 'learning_rate': 0.04460536285027796, 'subsample': 0.941792527152313, 'colsample_bytree': 0.8573485157834791, 'reg_alpha': 0.3737166048388131, 'reg_lambda': 1.3694595542156045, 'min_child_weight': 17, 'gamma': 0.4465479442358399, 'num_boost_round': 519}. Best is trial 243 with value: 0.750422102839601.
# [I 2024-01-24 19:23:05,584] Trial 342 finished with value: 0.7493988232284472 and parameters: {'max_depth': 20, 'learning_rate': 0.05100147183059839, 'subsample': 0.9567692745845505, 'colsample_bytree': 0.7090107795184406, 'reg_alpha': 0.7526701868016105, 'reg_lambda': 0.00010288910598264808, 'min_child_weight': 18, 'gamma': 0.38405403628393614, 'num_boost_round': 541}. Best is trial 243 with value: 0.750422102839601.
# [I 2024-01-24 19:23:18,754] Trial 343 finished with value: 0.747966231772832 and parameters: {'max_depth': 25, 'learning_rate': 0.0695650921519061, 'subsample': 0.9274330067981966, 'colsample_bytree': 0.718992053560803, 'reg_alpha': 0.024443130919318254, 'reg_lambda': 0.0002501741531576379, 'min_child_weight': 10, 'gamma': 0.4239998103141859, 'num_boost_round': 608}. Best is trial 243 with value: 0.750422102839601.
# [I 2024-01-24 19:23:32,397] Trial 344 finished with value: 0.7439754412893322 and parameters: {'max_depth': 29, 'learning_rate': 0.060106195187955035, 'subsample': 0.9687039157570562, 'colsample_bytree': 0.9856591859787058, 'reg_alpha': 0.2011577940789022, 'reg_lambda': 0.001066266073748435, 'min_child_weight': 16, 'gamma': 0.4038220617388692, 'num_boost_round': 580}. Best is trial 243 with value: 0.750422102839601.
# [I 2024-01-24 19:23:44,221] Trial 345 finished with value: 0.7473266820158608 and parameters: {'max_depth': 26, 'learning_rate': 0.06763686595849049, 'subsample': 0.7959547621626273, 'colsample_bytree': 0.7123248321319009, 'reg_alpha': 0.9955069391297859, 'reg_lambda': 0.000142782033169576, 'min_child_weight': 15, 'gamma': 0.41202669688189103, 'num_boost_round': 400}. Best is trial 243 with value: 0.750422102839601.
# [I 2024-01-24 19:23:57,989] Trial 346 finished with value: 0.747147608083909 and parameters: {'max_depth': 23, 'learning_rate': 0.055451211056314766, 'subsample': 0.9749799296141023, 'colsample_bytree': 0.7068626077161024, 'reg_alpha': 0.5839397886120469, 'reg_lambda': 5.0865533905324006e-05, 'min_child_weight': 20, 'gamma': 0.39270480107297573, 'num_boost_round': 530}. Best is trial 243 with value: 0.750422102839601.
# [I 2024-01-24 19:24:13,596] Trial 347 finished with value: 0.7483499616270146 and parameters: {'max_depth': 27, 'learning_rate': 0.06307789564986432, 'subsample': 0.9807294657723133, 'colsample_bytree': 0.7219784430490451, 'reg_alpha': 0.40715446553581147, 'reg_lambda': 8.460621529024011e-05, 'min_child_weight': 19, 'gamma': 0.4323315806309998, 'num_boost_round': 565}. Best is trial 243 with value: 0.750422102839601.
# [I 2024-01-24 19:24:33,784] Trial 348 finished with value: 0.7493988232284472 and parameters: {'max_depth': 28, 'learning_rate': 0.04088589603793125, 'subsample': 0.9486262450798587, 'colsample_bytree': 0.7050416364591268, 'reg_alpha': 0.0011754086919664448, 'reg_lambda': 1.9343170034221367e-05, 'min_child_weight': 17, 'gamma': 0.4172831429587962, 'num_boost_round': 457}. Best is trial 243 with value: 0.750422102839601.
# [I 2024-01-24 19:24:44,825] Trial 349 finished with value: 0.7476080839089281 and parameters: {'max_depth': 30, 'learning_rate': 0.07528685930648664, 'subsample': 0.9653282236273336, 'colsample_bytree': 0.7151127179474561, 'reg_alpha': 0.7835879637565693, 'reg_lambda': 1.0804954542722866e-05, 'min_child_weight': 13, 'gamma': 0.378424841600514, 'num_boost_round': 548}. Best is trial 243 with value: 0.750422102839601.
# [I 2024-01-24 19:25:03,577] Trial 350 finished with value: 0.749577897160399 and parameters: {'max_depth': 24, 'learning_rate': 0.05097287106071818, 'subsample': 0.9858028223474445, 'colsample_bytree': 0.7290971422165884, 'reg_alpha': 0.2722919919090945, 'reg_lambda': 5.680808091047936e-06, 'min_child_weight': 16, 'gamma': 0.3978505090185366, 'num_boost_round': 507}. Best is trial 243 with value: 0.750422102839601.
# [I 2024-01-24 19:25:18,606] Trial 351 finished with value: 0.7482987976464569 and parameters: {'max_depth': 24, 'learning_rate': 0.05148634814707752, 'subsample': 0.9942311321614138, 'colsample_bytree': 0.7319141371345743, 'reg_alpha': 0.2611664851132092, 'reg_lambda': 2.4912884893417624e-06, 'min_child_weight': 16, 'gamma': 0.399719591808101, 'num_boost_round': 871}. Best is trial 243 with value: 0.750422102839601.
# [I 2024-01-24 19:25:20,381] Trial 352 finished with value: 0.6710411870043489 and parameters: {'max_depth': 7, 'learning_rate': 0.044899098792703866, 'subsample': 0.9870347508674524, 'colsample_bytree': 0.7410169843787806, 'reg_alpha': 0.23190336702088657, 'reg_lambda': 4.593484377313557e-06, 'min_child_weight': 16, 'gamma': 0.405197756412677, 'num_boost_round': 520}. Best is trial 243 with value: 0.750422102839601.
# [I 2024-01-24 19:25:27,366] Trial 353 finished with value: 0.7475825019186493 and parameters: {'max_depth': 24, 'learning_rate': 0.17266891566599102, 'subsample': 0.9822051405471379, 'colsample_bytree': 0.7370032425083336, 'reg_alpha': 0.00038380338863832036, 'reg_lambda': 5.403011473882028e-06, 'min_child_weight': 15, 'gamma': 0.39150247359344226, 'num_boost_round': 514}. Best is trial 243 with value: 0.750422102839601.
# [I 2024-01-24 19:25:44,506] Trial 354 finished with value: 0.7486825275006396 and parameters: {'max_depth': 23, 'learning_rate': 0.05138274809323937, 'subsample': 0.9887150168318398, 'colsample_bytree': 0.7280600244860447, 'reg_alpha': 0.13997541555408816, 'reg_lambda': 3.755172189779863e-06, 'min_child_weight': 16, 'gamma': 0.4160737876076339, 'num_boost_round': 503}. Best is trial 243 with value: 0.750422102839601.
# [I 2024-01-24 19:26:00,091] Trial 355 finished with value: 0.7486313635200819 and parameters: {'max_depth': 24, 'learning_rate': 0.04866571045428858, 'subsample': 0.9939724055607336, 'colsample_bytree': 0.7002702028716119, 'reg_alpha': 0.3578337208723216, 'reg_lambda': 0.24651283447977496, 'min_child_weight': 15, 'gamma': 0.4275085663494175, 'num_boost_round': 839}. Best is trial 243 with value: 0.750422102839601.
# [I 2024-01-24 19:26:10,158] Trial 356 finished with value: 0.7472243540547454 and parameters: {'max_depth': 22, 'learning_rate': 0.08207536662564958, 'subsample': 0.9995627299737028, 'colsample_bytree': 0.7472665246890835, 'reg_alpha': 0.10754611754237874, 'reg_lambda': 3.2923068619386625e-06, 'min_child_weight': 16, 'gamma': 0.39821110976221114, 'num_boost_round': 531}. Best is trial 243 with value: 0.750422102839601.
# [I 2024-01-24 19:26:27,460] Trial 357 finished with value: 0.749091839345101 and parameters: {'max_depth': 23, 'learning_rate': 0.047061171076552055, 'subsample': 0.9850045981531629, 'colsample_bytree': 0.7265556668037716, 'reg_alpha': 0.5007178345278921, 'reg_lambda': 0.00018674575934655085, 'min_child_weight': 17, 'gamma': 0.44254531620136195, 'num_boost_round': 410}. Best is trial 243 with value: 0.750422102839601.
# [I 2024-01-24 19:26:49,129] Trial 358 finished with value: 0.7485290355589664 and parameters: {'max_depth': 25, 'learning_rate': 0.0378110819104209, 'subsample': 0.9766795043673986, 'colsample_bytree': 0.7086725695873918, 'reg_alpha': 0.3061876460576856, 'reg_lambda': 7.38388828939636e-06, 'min_child_weight': 16, 'gamma': 0.38568927305084305, 'num_boost_round': 538}. Best is trial 243 with value: 0.750422102839601.
# [I 2024-01-24 19:27:01,338] Trial 359 finished with value: 0.7474801739575339 and parameters: {'max_depth': 24, 'learning_rate': 0.06961444127832714, 'subsample': 0.9392443145913868, 'colsample_bytree': 0.7221684296396194, 'reg_alpha': 0.6253399908074241, 'reg_lambda': 0.00029698788737112506, 'min_child_weight': 14, 'gamma': 0.13833950306286918, 'num_boost_round': 429}. Best is trial 243 with value: 0.750422102839601.
# [I 2024-01-24 19:27:16,315] Trial 360 finished with value: 0.7458685085699668 and parameters: {'max_depth': 25, 'learning_rate': 0.05676499395940549, 'subsample': 0.9841317519290746, 'colsample_bytree': 0.9388462915017765, 'reg_alpha': 0.1772704455040354, 'reg_lambda': 7.974326099083468e-06, 'min_child_weight': 16, 'gamma': 0.1782448840462192, 'num_boost_round': 443}. Best is trial 243 with value: 0.750422102839601.
