# [I 2024-01-24 23:04:29,752] Trial 255 finished with value: 0.747301100025582 and parameters: {'max_depth': 20, 'learning_rate': 0.0661544615525893, 'subsample': 0.8066113438670024, 'colsample_bytree': 0.7730013288469215, 'reg_alpha': 0.004234631353393204, 'reg_lambda': 1.8615059105111532e-06, 'min_child_weight': 10, 'gamma': 0.2881150084065561, 'num_boost_round': 679}. Best is trial 250 with value: 0.7498848810437452.
# [I 2024-01-24 23:04:50,282] Trial 256 finished with value: 0.749577897160399 and parameters: {'max_depth': 18, 'learning_rate': 0.10167138577038133, 'subsample': 0.8163202577478864, 'colsample_bytree': 0.7094428404341258, 'reg_alpha': 0.01031993947063547, 'reg_lambda': 1.6163969849635279e-06, 'min_child_weight': 11, 'gamma': 0.35938090529360256, 'num_boost_round': 689}. Best is trial 250 with value: 0.7498848810437452.
# [I 2024-01-24 23:05:05,777] Trial 257 finished with value: 0.7483755436172934 and parameters: {'max_depth': 18, 'learning_rate': 0.10089943718309469, 'subsample': 0.823674463031808, 'colsample_bytree': 0.7879543663658298, 'reg_alpha': 0.02059945158657006, 'reg_lambda': 6.084759949343991e-06, 'min_child_weight': 11, 'gamma': 0.30218826090451395, 'num_boost_round': 694}. Best is trial 250 with value: 0.7498848810437452.
# [I 2024-01-24 23:05:24,291] Trial 258 finished with value: 0.7474034279866973 and parameters: {'max_depth': 16, 'learning_rate': 0.07828508780499156, 'subsample': 0.7838222714260571, 'colsample_bytree': 0.7262921777543739, 'reg_alpha': 0.010983405661490522, 'reg_lambda': 6.374250895413904e-06, 'min_child_weight': 10, 'gamma': 0.24121788394586546, 'num_boost_round': 710}. Best is trial 250 with value: 0.7498848810437452.
# [I 2024-01-24 23:05:44,903] Trial 259 finished with value: 0.7484267075978511 and parameters: {'max_depth': 18, 'learning_rate': 0.08137538071592133, 'subsample': 0.7931607672405525, 'colsample_bytree': 0.7449833031424541, 'reg_alpha': 0.02713338694299442, 'reg_lambda': 3.17173300858486e-06, 'min_child_weight': 12, 'gamma': 0.24675116627878077, 'num_boost_round': 665}. Best is trial 250 with value: 0.7498848810437452.
# [I 2024-01-24 23:06:02,687] Trial 260 finished with value: 0.748119723714505 and parameters: {'max_depth': 17, 'learning_rate': 0.0857330661676457, 'subsample': 0.7758280697469763, 'colsample_bytree': 0.7266766803988529, 'reg_alpha': 0.06551230369491652, 'reg_lambda': 1.184915152516249e-05, 'min_child_weight': 9, 'gamma': 0.31258610817831534, 'num_boost_round': 700}. Best is trial 250 with value: 0.7498848810437452.
# [I 2024-01-24 23:06:19,808] Trial 261 finished with value: 0.7469173701713994 and parameters: {'max_depth': 16, 'learning_rate': 0.09028400146440378, 'subsample': 0.7854513877278649, 'colsample_bytree': 0.7520207993979715, 'reg_alpha': 0.018520170181181513, 'reg_lambda': 1.255056094348708e-05, 'min_child_weight': 13, 'gamma': 0.3073781483034584, 'num_boost_round': 715}. Best is trial 250 with value: 0.7498848810437452.
# [I 2024-01-24 23:06:38,590] Trial 262 finished with value: 0.7473778459964185 and parameters: {'max_depth': 17, 'learning_rate': 0.10581352351927222, 'subsample': 0.8157129808798924, 'colsample_bytree': 0.7543408002866038, 'reg_alpha': 0.008113955281373313, 'reg_lambda': 2.1355473733403886e-06, 'min_child_weight': 11, 'gamma': 0.2988792602346988, 'num_boost_round': 670}. Best is trial 250 with value: 0.7498848810437452.
# [I 2024-01-24 23:06:57,738] Trial 263 finished with value: 0.746968534151957 and parameters: {'max_depth': 18, 'learning_rate': 0.08264843921180244, 'subsample': 0.8199145034756745, 'colsample_bytree': 0.7718753729810266, 'reg_alpha': 0.021025123859973356, 'reg_lambda': 2.7794082029312987e-06, 'min_child_weight': 12, 'gamma': 0.2713166791427477, 'num_boost_round': 638}. Best is trial 250 with value: 0.7498848810437452.
# [I 2024-01-24 23:07:12,826] Trial 264 finished with value: 0.7464057303658225 and parameters: {'max_depth': 18, 'learning_rate': 0.08688542481293163, 'subsample': 0.7788246372877002, 'colsample_bytree': 0.7155774808304822, 'reg_alpha': 0.038540753444184, 'reg_lambda': 6.8398553423972715e-06, 'min_child_weight': 12, 'gamma': 0.34064593589003545, 'num_boost_round': 693}. Best is trial 250 with value: 0.7498848810437452.
# [I 2024-01-24 23:07:23,313] Trial 265 finished with value: 0.7474290099769763 and parameters: {'max_depth': 20, 'learning_rate': 0.12482433184115758, 'subsample': 0.796903061673335, 'colsample_bytree': 0.7648982364656196, 'reg_alpha': 0.025410430229924542, 'reg_lambda': 8.203565677932834e-06, 'min_child_weight': 12, 'gamma': 0.3545182465611049, 'num_boost_round': 720}. Best is trial 250 with value: 0.7498848810437452.
# [I 2024-01-24 23:07:41,600] Trial 266 finished with value: 0.7474801739575339 and parameters: {'max_depth': 18, 'learning_rate': 0.11276623966424022, 'subsample': 0.8210905545696692, 'colsample_bytree': 0.7430915181511111, 'reg_alpha': 0.01604868819158655, 'reg_lambda': 6.591158452917083e-06, 'min_child_weight': 13, 'gamma': 0.3446662468678142, 'num_boost_round': 687}. Best is trial 250 with value: 0.7498848810437452.
# [I 2024-01-24 23:07:54,702] Trial 267 finished with value: 0.7475569199283705 and parameters: {'max_depth': 19, 'learning_rate': 0.1126657738750291, 'subsample': 0.8327357058226162, 'colsample_bytree': 0.7148549091061427, 'reg_alpha': 0.014486844340289077, 'reg_lambda': 4.015601012585022e-06, 'min_child_weight': 10, 'gamma': 0.3776948631957904, 'num_boost_round': 676}. Best is trial 250 with value: 0.7498848810437452.
# [I 2024-01-24 23:08:16,485] Trial 268 finished with value: 0.7482987976464569 and parameters: {'max_depth': 18, 'learning_rate': 0.08340901400775853, 'subsample': 0.8147167997311465, 'colsample_bytree': 0.7242960125197, 'reg_alpha': 0.010401432446162614, 'reg_lambda': 2.6251746302434855e-06, 'min_child_weight': 12, 'gamma': 0.24099889917397277, 'num_boost_round': 678}. Best is trial 250 with value: 0.7498848810437452.
# [I 2024-01-24 23:08:37,128] Trial 269 finished with value: 0.7481964696853416 and parameters: {'max_depth': 19, 'learning_rate': 0.06102216516659395, 'subsample': 0.8421917281322313, 'colsample_bytree': 0.7341223955931611, 'reg_alpha': 0.008533881783991618, 'reg_lambda': 7.524671368385997e-06, 'min_child_weight': 10, 'gamma': 0.25100269449350593, 'num_boost_round': 656}. Best is trial 250 with value: 0.7498848810437452.
# [I 2024-01-24 23:08:52,692] Trial 270 finished with value: 0.7479406497825531 and parameters: {'max_depth': 17, 'learning_rate': 0.09882996963033196, 'subsample': 0.7766290511227978, 'colsample_bytree': 0.7119977471689142, 'reg_alpha': 0.010435179844124991, 'reg_lambda': 9.757051614136798e-06, 'min_child_weight': 12, 'gamma': 0.36649531240629096, 'num_boost_round': 655}. Best is trial 250 with value: 0.7498848810437452.
# [I 2024-01-24 23:09:06,369] Trial 271 finished with value: 0.7465592223074955 and parameters: {'max_depth': 20, 'learning_rate': 0.09814026854484444, 'subsample': 0.7871875030029544, 'colsample_bytree': 0.7150698921548868, 'reg_alpha': 0.017067432878473694, 'reg_lambda': 2.721966215698961e-06, 'min_child_weight': 12, 'gamma': 0.2605569578074824, 'num_boost_round': 703}. Best is trial 250 with value: 0.7498848810437452.
# [I 2024-01-24 23:09:25,274] Trial 272 finished with value: 0.7483755436172934 and parameters: {'max_depth': 18, 'learning_rate': 0.06619178847545462, 'subsample': 0.824064056391717, 'colsample_bytree': 0.7057630003466068, 'reg_alpha': 0.005028368568579216, 'reg_lambda': 2.3948291349981347e-06, 'min_child_weight': 11, 'gamma': 0.2124812471004041, 'num_boost_round': 629}. Best is trial 250 with value: 0.7498848810437452.
# [I 2024-01-24 23:09:41,232] Trial 273 finished with value: 0.7476336658992069 and parameters: {'max_depth': 18, 'learning_rate': 0.09075778330123077, 'subsample': 0.8181499445556002, 'colsample_bytree': 0.7302417018129883, 'reg_alpha': 0.0023563480994832865, 'reg_lambda': 5.366711416706007e-06, 'min_child_weight': 11, 'gamma': 0.24460629953353133, 'num_boost_round': 659}. Best is trial 250 with value: 0.7498848810437452.
# [I 2024-01-24 23:10:02,888] Trial 274 finished with value: 0.748273215656178 and parameters: {'max_depth': 20, 'learning_rate': 0.0728031514164676, 'subsample': 0.7948062084348421, 'colsample_bytree': 0.7437794800470489, 'reg_alpha': 0.02255446635731453, 'reg_lambda': 2.911939994751326e-06, 'min_child_weight': 12, 'gamma': 0.2709969006385195, 'num_boost_round': 660}. Best is trial 250 with value: 0.7498848810437452.
# [I 2024-01-24 23:10:18,365] Trial 275 finished with value: 0.7469941161422359 and parameters: {'max_depth': 19, 'learning_rate': 0.07855309771983153, 'subsample': 0.8126181843104641, 'colsample_bytree': 0.7275084328257188, 'reg_alpha': 0.012399622774062159, 'reg_lambda': 1.2897092676319239e-05, 'min_child_weight': 10, 'gamma': 0.29334168950568373, 'num_boost_round': 641}. Best is trial 250 with value: 0.7498848810437452.
# [I 2024-01-24 23:10:35,833] Trial 276 finished with value: 0.747966231772832 and parameters: {'max_depth': 18, 'learning_rate': 0.10271514147708057, 'subsample': 0.7961616097455123, 'colsample_bytree': 0.7409292416840287, 'reg_alpha': 0.013425952920921094, 'reg_lambda': 1.5046024863313492e-06, 'min_child_weight': 14, 'gamma': 0.21522362243052234, 'num_boost_round': 712}. Best is trial 250 with value: 0.7498848810437452.
# [I 2024-01-24 23:10:56,299] Trial 277 finished with value: 0.7484778715784088 and parameters: {'max_depth': 18, 'learning_rate': 0.06918799646766852, 'subsample': 0.8327310297228694, 'colsample_bytree': 0.7039911152733738, 'reg_alpha': 0.00730885164979413, 'reg_lambda': 2.4863361466790628e-06, 'min_child_weight': 12, 'gamma': 0.32665029683560254, 'num_boost_round': 652}. Best is trial 250 with value: 0.7498848810437452.
# [I 2024-01-24 23:11:15,124] Trial 278 finished with value: 0.7478383218214377 and parameters: {'max_depth': 18, 'learning_rate': 0.09120346333059169, 'subsample': 0.8029778951309234, 'colsample_bytree': 0.7294205773387331, 'reg_alpha': 0.000673784781050978, 'reg_lambda': 1.093998590879673e-06, 'min_child_weight': 11, 'gamma': 0.27015174226886907, 'num_boost_round': 678}. Best is trial 250 with value: 0.7498848810437452.
# [I 2024-01-24 23:11:29,488] Trial 279 finished with value: 0.7467638782297263 and parameters: {'max_depth': 18, 'learning_rate': 0.07601247030542639, 'subsample': 0.8057858436038838, 'colsample_bytree': 0.7246859046585933, 'reg_alpha': 0.0060444807913081385, 'reg_lambda': 5.590121088303392e-06, 'min_child_weight': 10, 'gamma': 0.2467899824129523, 'num_boost_round': 686}. Best is trial 250 with value: 0.7498848810437452.
# [I 2024-01-24 23:11:48,072] Trial 280 finished with value: 0.7487336914811973 and parameters: {'max_depth': 19, 'learning_rate': 0.07035444214794583, 'subsample': 0.8006378832428003, 'colsample_bytree': 0.7334835554733434, 'reg_alpha': 0.011022942207667589, 'reg_lambda': 4.21386999183867e-05, 'min_child_weight': 11, 'gamma': 0.2388130059756719, 'num_boost_round': 638}. Best is trial 250 with value: 0.7498848810437452.
# [I 2024-01-24 23:12:06,287] Trial 281 finished with value: 0.7474801739575339 and parameters: {'max_depth': 17, 'learning_rate': 0.0876565517590764, 'subsample': 0.8101067760778731, 'colsample_bytree': 0.7377249050949823, 'reg_alpha': 0.006548517190281556, 'reg_lambda': 6.151423325058028e-06, 'min_child_weight': 11, 'gamma': 0.3170384333480187, 'num_boost_round': 579}. Best is trial 250 with value: 0.7498848810437452.
# [I 2024-01-24 23:12:28,706] Trial 282 finished with value: 0.7481708876950627 and parameters: {'max_depth': 19, 'learning_rate': 0.06264033978900961, 'subsample': 0.8072909388040419, 'colsample_bytree': 0.7292077218549654, 'reg_alpha': 0.02197980040398807, 'reg_lambda': 2.9649924405198128e-06, 'min_child_weight': 12, 'gamma': 0.2030715497473942, 'num_boost_round': 637}. Best is trial 250 with value: 0.7498848810437452.
# [I 2024-01-24 23:12:50,676] Trial 283 finished with value: 0.7479150677922742 and parameters: {'max_depth': 17, 'learning_rate': 0.06341361021437392, 'subsample': 0.8006574485009171, 'colsample_bytree': 0.7381134813112276, 'reg_alpha': 0.009056732419610806, 'reg_lambda': 1.585917256817631e-05, 'min_child_weight': 12, 'gamma': 0.2459339716958049, 'num_boost_round': 624}. Best is trial 250 with value: 0.7498848810437452.
# [I 2024-01-24 23:13:04,868] Trial 284 finished with value: 0.7459708365310821 and parameters: {'max_depth': 19, 'learning_rate': 0.0751473314137634, 'subsample': 0.8432324444964928, 'colsample_bytree': 0.7758436980429184, 'reg_alpha': 0.00771016491679096, 'reg_lambda': 2.0398172732734664e-05, 'min_child_weight': 11, 'gamma': 0.2904491837572312, 'num_boost_round': 652}. Best is trial 250 with value: 0.7498848810437452.
# [I 2024-01-24 23:13:18,165] Trial 285 finished with value: 0.7450243028907648 and parameters: {'max_depth': 20, 'learning_rate': 0.06958308504947537, 'subsample': 0.8089849157898923, 'colsample_bytree': 0.731554646852093, 'reg_alpha': 0.02009808330920502, 'reg_lambda': 4.513573938305208e-06, 'min_child_weight': 13, 'gamma': 0.26403601096446194, 'num_boost_round': 645}. Best is trial 250 with value: 0.7498848810437452.
# [I 2024-01-24 23:13:39,132] Trial 286 finished with value: 0.7482476336658992 and parameters: {'max_depth': 18, 'learning_rate': 0.06641542017876731, 'subsample': 0.8190418416235266, 'colsample_bytree': 0.7065395208755257, 'reg_alpha': 0.011665872048403197, 'reg_lambda': 1.7567826799164523e-05, 'min_child_weight': 13, 'gamma': 0.24574172360173335, 'num_boost_round': 640}. Best is trial 250 with value: 0.7498848810437452.
# [I 2024-01-24 23:14:00,868] Trial 287 finished with value: 0.7478383218214377 and parameters: {'max_depth': 19, 'learning_rate': 0.05186732947607145, 'subsample': 0.8290077636640291, 'colsample_bytree': 0.7298815362896711, 'reg_alpha': 0.00309960231901915, 'reg_lambda': 2.2067515143936762e-05, 'min_child_weight': 11, 'gamma': 0.17547517919886543, 'num_boost_round': 698}. Best is trial 250 with value: 0.7498848810437452.
# [I 2024-01-24 23:14:22,299] Trial 288 finished with value: 0.74845228958813 and parameters: {'max_depth': 18, 'learning_rate': 0.06294775998119514, 'subsample': 0.815041712129636, 'colsample_bytree': 0.704646773330393, 'reg_alpha': 0.005676540038064284, 'reg_lambda': 6.103138693561136e-06, 'min_child_weight': 10, 'gamma': 0.2315766317902722, 'num_boost_round': 673}. Best is trial 250 with value: 0.7498848810437452.
# [I 2024-01-24 23:14:37,885] Trial 289 finished with value: 0.7478127398311589 and parameters: {'max_depth': 19, 'learning_rate': 0.08670635490678662, 'subsample': 0.7837532247772308, 'colsample_bytree': 0.7080264607638443, 'reg_alpha': 0.022739964104614714, 'reg_lambda': 1.231672642536782e-05, 'min_child_weight': 9, 'gamma': 0.33572074913658945, 'num_boost_round': 663}. Best is trial 250 with value: 0.7498848810437452.
# [I 2024-01-24 23:14:56,155] Trial 290 finished with value: 0.7482987976464569 and parameters: {'max_depth': 20, 'learning_rate': 0.06959786318748273, 'subsample': 0.8191165320144206, 'colsample_bytree': 0.739397271281137, 'reg_alpha': 0.008131027434496823, 'reg_lambda': 1.1691830574479054e-05, 'min_child_weight': 13, 'gamma': 0.2591025177461862, 'num_boost_round': 663}. Best is trial 250 with value: 0.7498848810437452.
# [I 2024-01-24 23:15:09,187] Trial 291 finished with value: 0.747147608083909 and parameters: {'max_depth': 19, 'learning_rate': 0.08625719023634887, 'subsample': 0.8402995218504216, 'colsample_bytree': 0.7040813299255954, 'reg_alpha': 0.019098609492056568, 'reg_lambda': 3.5018706894458178e-06, 'min_child_weight': 12, 'gamma': 0.2459443913362908, 'num_boost_round': 653}. Best is trial 250 with value: 0.7498848810437452.
# [I 2024-01-24 23:15:30,059] Trial 292 finished with value: 0.7486825275006396 and parameters: {'max_depth': 18, 'learning_rate': 0.06362956635236511, 'subsample': 0.8285007999584683, 'colsample_bytree': 0.7484877742653051, 'reg_alpha': 0.017790457643601234, 'reg_lambda': 1.026701383550433e-05, 'min_child_weight': 12, 'gamma': 0.21602542530091978, 'num_boost_round': 698}. Best is trial 250 with value: 0.7498848810437452.
# [I 2024-01-24 23:15:57,669] Trial 293 finished with value: 0.749091839345101 and parameters: {'max_depth': 19, 'learning_rate': 0.05429824837408812, 'subsample': 0.799197551215953, 'colsample_bytree': 0.7434159715642802, 'reg_alpha': 0.022325362316784458, 'reg_lambda': 2.5583426571902403e-05, 'min_child_weight': 12, 'gamma': 0.16660268463376066, 'num_boost_round': 704}. Best is trial 250 with value: 0.7498848810437452.
# [I 2024-01-24 23:16:16,894] Trial 294 finished with value: 0.7478894858019953 and parameters: {'max_depth': 19, 'learning_rate': 0.07553948447264892, 'subsample': 0.8230319617379631, 'colsample_bytree': 0.7391898690138138, 'reg_alpha': 0.055308071450693976, 'reg_lambda': 1.1881995650566917e-05, 'min_child_weight': 12, 'gamma': 0.27378801887465953, 'num_boost_round': 675}. Best is trial 250 with value: 0.7498848810437452.
# [I 2024-01-24 23:16:35,723] Trial 295 finished with value: 0.7484011256075722 and parameters: {'max_depth': 19, 'learning_rate': 0.05720037462883285, 'subsample': 0.7840664636977921, 'colsample_bytree': 0.7276671850393008, 'reg_alpha': 0.010495429364031007, 'reg_lambda': 6.030754995956642e-05, 'min_child_weight': 12, 'gamma': 0.27281165987272304, 'num_boost_round': 631}. Best is trial 250 with value: 0.7498848810437452.
# [I 2024-01-24 23:16:59,712] Trial 296 finished with value: 0.7481453057047838 and parameters: {'max_depth': 18, 'learning_rate': 0.054069757860677845, 'subsample': 0.8447348356016193, 'colsample_bytree': 0.7183555872217258, 'reg_alpha': 0.006478635079949179, 'reg_lambda': 8.544950514308001e-06, 'min_child_weight': 10, 'gamma': 0.2500591936105622, 'num_boost_round': 661}. Best is trial 250 with value: 0.7498848810437452.
# [I 2024-01-24 23:17:17,235] Trial 297 finished with value: 0.7489383474034279 and parameters: {'max_depth': 18, 'learning_rate': 0.0609966946932188, 'subsample': 0.821237733443333, 'colsample_bytree': 0.7150094917067231, 'reg_alpha': 0.012907639555801096, 'reg_lambda': 2.5916179273966285e-05, 'min_child_weight': 10, 'gamma': 0.23231040698903815, 'num_boost_round': 704}. Best is trial 250 with value: 0.7498848810437452.
# [I 2024-01-24 23:17:35,719] Trial 298 finished with value: 0.7478894858019953 and parameters: {'max_depth': 19, 'learning_rate': 0.06587304249725733, 'subsample': 0.8166896772691778, 'colsample_bytree': 0.7075170691560703, 'reg_alpha': 0.007045270643918781, 'reg_lambda': 2.3665860510428106e-05, 'min_child_weight': 13, 'gamma': 0.24417655479010178, 'num_boost_round': 626}. Best is trial 250 with value: 0.7498848810437452.
# [I 2024-01-24 23:17:49,263] Trial 299 finished with value: 0.7457661806088514 and parameters: {'max_depth': 18, 'learning_rate': 0.05915652870853668, 'subsample': 0.8310705697992458, 'colsample_bytree': 0.7209451614368247, 'reg_alpha': 0.0016062765055741026, 'reg_lambda': 3.751499126288409e-06, 'min_child_weight': 12, 'gamma': 0.23415398144518323, 'num_boost_round': 650}. Best is trial 250 with value: 0.7498848810437452.
# [I 2024-01-24 23:18:08,906] Trial 300 finished with value: 0.7480685597339474 and parameters: {'max_depth': 18, 'learning_rate': 0.08785579273704991, 'subsample': 0.8215904398714423, 'colsample_bytree': 0.7360329491914887, 'reg_alpha': 0.0022084532397535586, 'reg_lambda': 2.537731397054445e-05, 'min_child_weight': 11, 'gamma': 0.2602906171843982, 'num_boost_round': 704}. Best is trial 250 with value: 0.7498848810437452.
# [I 2024-01-24 23:18:28,490] Trial 301 finished with value: 0.7476848298797647 and parameters: {'max_depth': 17, 'learning_rate': 0.0899835520284178, 'subsample': 0.808642653200521, 'colsample_bytree': 0.7302265665694688, 'reg_alpha': 0.007634961639104425, 'reg_lambda': 1.1519115345718763e-05, 'min_child_weight': 10, 'gamma': 0.23918920171103877, 'num_boost_round': 661}. Best is trial 250 with value: 0.7498848810437452.
# [I 2024-01-24 23:18:47,214] Trial 302 finished with value: 0.7476592478894858 and parameters: {'max_depth': 19, 'learning_rate': 0.05962528062338941, 'subsample': 0.8361927366693875, 'colsample_bytree': 0.7421423180826286, 'reg_alpha': 0.01201374329384771, 'reg_lambda': 3.59325011698537e-05, 'min_child_weight': 12, 'gamma': 0.14546182884440503, 'num_boost_round': 691}. Best is trial 250 with value: 0.7498848810437452.
# [I 2024-01-24 23:19:04,325] Trial 303 finished with value: 0.7457405986185726 and parameters: {'max_depth': 19, 'learning_rate': 0.05704818028072564, 'subsample': 0.8086933479886756, 'colsample_bytree': 0.7286775476448969, 'reg_alpha': 0.03118667781090905, 'reg_lambda': 1.555376337041747e-05, 'min_child_weight': 11, 'gamma': 0.17730899863234584, 'num_boost_round': 712}. Best is trial 250 with value: 0.7498848810437452.
# [I 2024-01-24 23:19:25,584] Trial 304 finished with value: 0.7485546175492453 and parameters: {'max_depth': 20, 'learning_rate': 0.05014520030805712, 'subsample': 0.8036755221898322, 'colsample_bytree': 0.7542255937599954, 'reg_alpha': 0.0224278085113962, 'reg_lambda': 8.924598350406018e-05, 'min_child_weight': 12, 'gamma': 0.12223649970884491, 'num_boost_round': 736}. Best is trial 250 with value: 0.7498848810437452.
# [I 2024-01-24 23:19:45,067] Trial 305 finished with value: 0.7485801995395241 and parameters: {'max_depth': 19, 'learning_rate': 0.061653049470809795, 'subsample': 0.8249649222871512, 'colsample_bytree': 0.7292741206035727, 'reg_alpha': 0.007226508393642504, 'reg_lambda': 1.6414008259819273e-05, 'min_child_weight': 11, 'gamma': 0.21171814779750153, 'num_boost_round': 710}. Best is trial 250 with value: 0.7498848810437452.
