# [I 2024-01-24 20:58:05,399] Trial 464 finished with value: 0.7491430033256588 and parameters: {'max_depth': 173, 'learning_rate': 0.05626967998278722, 'subsample': 0.9802555034081226, 'colsample_bytree': 0.7103228047006639, 'reg_alpha': 0.000493283474752821, 'reg_lambda': 1.6438318936107766e-05, 'min_child_weight': 15, 'gamma': 0.2579113178592402, 'num_boost_round': 513}. Best is trial 222 with value: 0.7501662829368125.
# [I 2024-01-24 20:58:26,537] Trial 465 finished with value: 0.7493732412381684 and parameters: {'max_depth': 194, 'learning_rate': 0.04711691229764038, 'subsample': 0.9767815104401525, 'colsample_bytree': 0.7283147422732852, 'reg_alpha': 0.00041179943529451676, 'reg_lambda': 3.1100964147577777e-06, 'min_child_weight': 15, 'gamma': 0.2247345478416449, 'num_boost_round': 529}. Best is trial 222 with value: 0.7501662829368125.
# [I 2024-01-24 20:58:47,927] Trial 466 finished with value: 0.7495011511895626 and parameters: {'max_depth': 197, 'learning_rate': 0.04716407734085069, 'subsample': 0.9758098872726477, 'colsample_bytree': 0.7328797882447667, 'reg_alpha': 0.0008218487153015875, 'reg_lambda': 2.19095474179829e-06, 'min_child_weight': 15, 'gamma': 0.20785175626907385, 'num_boost_round': 536}. Best is trial 222 with value: 0.7501662829368125.
# [I 2024-01-24 20:59:07,125] Trial 467 finished with value: 0.7485034535686876 and parameters: {'max_depth': 186, 'learning_rate': 0.05230354904951892, 'subsample': 0.9828999735408046, 'colsample_bytree': 0.7325960573409593, 'reg_alpha': 0.0005687232069863413, 'reg_lambda': 1.8881136740131642e-06, 'min_child_weight': 15, 'gamma': 0.21152454289094508, 'num_boost_round': 537}. Best is trial 222 with value: 0.7501662829368125.
# [I 2024-01-24 20:59:26,375] Trial 468 finished with value: 0.7484778715784088 and parameters: {'max_depth': 193, 'learning_rate': 0.047965754568690504, 'subsample': 0.9793552789388987, 'colsample_bytree': 0.7319701080255895, 'reg_alpha': 0.0009998283849334442, 'reg_lambda': 3.779913356542125e-06, 'min_child_weight': 15, 'gamma': 0.19361126142216997, 'num_boost_round': 540}. Best is trial 222 with value: 0.7501662829368125.
# [I 2024-01-24 20:59:41,711] Trial 469 finished with value: 0.7485034535686876 and parameters: {'max_depth': 197, 'learning_rate': 0.06389175286103295, 'subsample': 0.9736570054919228, 'colsample_bytree': 0.72863561942208, 'reg_alpha': 0.0011289037156441565, 'reg_lambda': 2.4873159675562612e-06, 'min_child_weight': 15, 'gamma': 0.20110372493227455, 'num_boost_round': 535}. Best is trial 222 with value: 0.7501662829368125.
# [I 2024-01-24 20:59:59,637] Trial 470 finished with value: 0.7478127398311589 and parameters: {'max_depth': 197, 'learning_rate': 0.05205898208278927, 'subsample': 0.9931628380744457, 'colsample_bytree': 0.7386690198696566, 'reg_alpha': 0.0007408980183648975, 'reg_lambda': 9.429901643914152e-05, 'min_child_weight': 15, 'gamma': 0.20652647901224505, 'num_boost_round': 527}. Best is trial 222 with value: 0.7501662829368125.
# [I 2024-01-24 21:00:16,052] Trial 471 finished with value: 0.7487081094909184 and parameters: {'max_depth': 190, 'learning_rate': 0.05734666124413357, 'subsample': 0.987099978900375, 'colsample_bytree': 0.7275825638320824, 'reg_alpha': 0.0008080849573726807, 'reg_lambda': 7.930186943526255e-06, 'min_child_weight': 15, 'gamma': 0.22282890970528457, 'num_boost_round': 548}. Best is trial 222 with value: 0.7501662829368125.
# [I 2024-01-24 21:00:38,120] Trial 472 finished with value: 0.7490406753645433 and parameters: {'max_depth': 199, 'learning_rate': 0.04607779443650648, 'subsample': 0.9768716007275711, 'colsample_bytree': 0.7348632382036129, 'reg_alpha': 0.0013958438275065118, 'reg_lambda': 1.5606909869129023e-06, 'min_child_weight': 15, 'gamma': 0.21777681207776287, 'num_boost_round': 554}. Best is trial 222 with value: 0.7501662829368125.
# [I 2024-01-24 21:00:58,412] Trial 473 finished with value: 0.7491430033256588 and parameters: {'max_depth': 192, 'learning_rate': 0.04894622983379887, 'subsample': 0.9764267703820995, 'colsample_bytree': 0.7432782272033822, 'reg_alpha': 0.0007664167147954494, 'reg_lambda': 2.564649286316519e-05, 'min_child_weight': 14, 'gamma': 0.20610240949132919, 'num_boost_round': 530}. Best is trial 222 with value: 0.7501662829368125.
# [I 2024-01-24 21:01:22,974] Trial 474 finished with value: 0.7486825275006396 and parameters: {'max_depth': 205, 'learning_rate': 0.044339100105184805, 'subsample': 0.9849263533935301, 'colsample_bytree': 0.7242713081625204, 'reg_alpha': 0.001750119978621544, 'reg_lambda': 3.1657868861496287e-06, 'min_child_weight': 15, 'gamma': 0.2233373504296287, 'num_boost_round': 522}. Best is trial 222 with value: 0.7501662829368125.
# [I 2024-01-24 21:01:40,982] Trial 475 finished with value: 0.7487336914811973 and parameters: {'max_depth': 193, 'learning_rate': 0.05437902570610466, 'subsample': 0.9735531619921837, 'colsample_bytree': 0.7335048054336171, 'reg_alpha': 0.0004176576017086373, 'reg_lambda': 2.9764957645752333e-06, 'min_child_weight': 14, 'gamma': 0.21564983489867157, 'num_boost_round': 543}. Best is trial 222 with value: 0.7501662829368125.
# [I 2024-01-24 21:02:03,325] Trial 476 finished with value: 0.749270913277053 and parameters: {'max_depth': 184, 'learning_rate': 0.04320483639835182, 'subsample': 0.9707351864263963, 'colsample_bytree': 0.7283233259830842, 'reg_alpha': 1.0995143741295643e-06, 'reg_lambda': 2.2925985848481386e-06, 'min_child_weight': 15, 'gamma': 0.2981857522378576, 'num_boost_round': 533}. Best is trial 222 with value: 0.7501662829368125.
# [I 2024-01-24 21:02:19,557] Trial 477 finished with value: 0.7479150677922742 and parameters: {'max_depth': 205, 'learning_rate': 0.04814578051951386, 'subsample': 0.9768964367758565, 'colsample_bytree': 0.7241770199429335, 'reg_alpha': 0.0002803909057947392, 'reg_lambda': 7.302773409780997e-05, 'min_child_weight': 14, 'gamma': 0.2279943748284496, 'num_boost_round': 517}. Best is trial 222 with value: 0.7501662829368125.
# [I 2024-01-24 21:02:37,270] Trial 478 finished with value: 0.7481964696853416 and parameters: {'max_depth': 199, 'learning_rate': 0.05956478695399019, 'subsample': 0.9842301805264345, 'colsample_bytree': 0.7488943894766851, 'reg_alpha': 0.0004768098395622646, 'reg_lambda': 1.4440736802309487e-06, 'min_child_weight': 15, 'gamma': 0.274397781364693, 'num_boost_round': 555}. Best is trial 222 with value: 0.7501662829368125.
# [I 2024-01-24 21:02:57,128] Trial 479 finished with value: 0.7481708876950627 and parameters: {'max_depth': 212, 'learning_rate': 0.04182834375511358, 'subsample': 0.9689975271633956, 'colsample_bytree': 0.7410872565591344, 'reg_alpha': 0.0003746193388475669, 'reg_lambda': 2.0052938482674394e-06, 'min_child_weight': 16, 'gamma': 0.19823759533601865, 'num_boost_round': 453}. Best is trial 222 with value: 0.7501662829368125.
# [I 2024-01-24 21:03:17,596] Trial 480 finished with value: 0.7478639038117165 and parameters: {'max_depth': 187, 'learning_rate': 0.052137749876981006, 'subsample': 0.9771535958153108, 'colsample_bytree': 0.7315972932632759, 'reg_alpha': 0.0007455397179926247, 'reg_lambda': 1.6437209670346614e-06, 'min_child_weight': 14, 'gamma': 0.22921056304016288, 'num_boost_round': 415}. Best is trial 222 with value: 0.7501662829368125.
# [I 2024-01-24 21:03:32,309] Trial 481 finished with value: 0.7481964696853416 and parameters: {'max_depth': 177, 'learning_rate': 0.06903770420018253, 'subsample': 0.9691289035339795, 'colsample_bytree': 0.7216492296223879, 'reg_alpha': 0.0005585197522477655, 'reg_lambda': 3.7345439262701212e-06, 'min_child_weight': 16, 'gamma': 0.28053700355766314, 'num_boost_round': 527}. Best is trial 222 with value: 0.7501662829368125.
# [I 2024-01-24 21:03:49,748] Trial 482 finished with value: 0.7481453057047838 and parameters: {'max_depth': 210, 'learning_rate': 0.04598967006742516, 'subsample': 0.9738397411597017, 'colsample_bytree': 0.7379986298044421, 'reg_alpha': 0.00024238779034798012, 'reg_lambda': 4.029566278055272e-06, 'min_child_weight': 15, 'gamma': 0.23485915608546593, 'num_boost_round': 544}. Best is trial 222 with value: 0.7501662829368125.
# [I 2024-01-24 21:04:08,926] Trial 483 finished with value: 0.749091839345101 and parameters: {'max_depth': 179, 'learning_rate': 0.04930656290663798, 'subsample': 0.990756002890289, 'colsample_bytree': 0.7266976003163069, 'reg_alpha': 0.0003770944351031796, 'reg_lambda': 5.340933872981158e-06, 'min_child_weight': 14, 'gamma': 0.2115775703847388, 'num_boost_round': 511}. Best is trial 222 with value: 0.7501662829368125.
# [I 2024-01-24 21:04:27,029] Trial 484 finished with value: 0.749091839345101 and parameters: {'max_depth': 187, 'learning_rate': 0.04063554308465416, 'subsample': 0.9828059013469381, 'colsample_bytree': 0.7189262653132283, 'reg_alpha': 0.00130194922570399, 'reg_lambda': 2.908648385305135e-06, 'min_child_weight': 14, 'gamma': 0.38630281590391424, 'num_boost_round': 537}. Best is trial 222 with value: 0.7501662829368125.
# [I 2024-01-24 21:04:46,955] Trial 485 finished with value: 0.7486825275006396 and parameters: {'max_depth': 192, 'learning_rate': 0.04402593463726963, 'subsample': 0.9681625120706244, 'colsample_bytree': 0.7514616720279843, 'reg_alpha': 0.00018548264787204637, 'reg_lambda': 0.00017532203476065404, 'min_child_weight': 15, 'gamma': 0.29821019595487824, 'num_boost_round': 522}. Best is trial 222 with value: 0.7501662829368125.
# [I 2024-01-24 21:05:04,559] Trial 486 finished with value: 0.7478639038117165 and parameters: {'max_depth': 201, 'learning_rate': 0.05480481355294363, 'subsample': 0.9734441463575748, 'colsample_bytree': 0.7296529825255798, 'reg_alpha': 0.000576728447608993, 'reg_lambda': 0.004505139019942758, 'min_child_weight': 16, 'gamma': 0.28351269026130677, 'num_boost_round': 501}. Best is trial 222 with value: 0.7501662829368125.
# [I 2024-01-24 21:05:24,232] Trial 487 finished with value: 0.7492197492964953 and parameters: {'max_depth': 215, 'learning_rate': 0.04692134553384617, 'subsample': 0.9788116935035324, 'colsample_bytree': 0.7158150793956269, 'reg_alpha': 0.00013749099360806696, 'reg_lambda': 1.9451771880023555e-06, 'min_child_weight': 14, 'gamma': 0.26876874154452857, 'num_boost_round': 549}. Best is trial 222 with value: 0.7501662829368125.
# [I 2024-01-24 21:05:44,358] Trial 488 finished with value: 0.7495523151701202 and parameters: {'max_depth': 196, 'learning_rate': 0.050952190969556756, 'subsample': 0.9661997278047515, 'colsample_bytree': 0.7351679652655256, 'reg_alpha': 0.000881620948034138, 'reg_lambda': 0.24257565466315703, 'min_child_weight': 15, 'gamma': 0.22655932144751545, 'num_boost_round': 514}. Best is trial 222 with value: 0.7501662829368125.
# [I 2024-01-24 21:06:00,055] Trial 489 finished with value: 0.7479406497825531 and parameters: {'max_depth': 207, 'learning_rate': 0.05948124978256261, 'subsample': 0.8748518703381899, 'colsample_bytree': 0.7375347744123139, 'reg_alpha': 0.0013939706759135515, 'reg_lambda': 0.27242198798800393, 'min_child_weight': 15, 'gamma': 0.22302573629067796, 'num_boost_round': 532}. Best is trial 222 with value: 0.7501662829368125.
# [I 2024-01-24 21:06:19,549] Trial 490 finished with value: 0.7483755436172934 and parameters: {'max_depth': 193, 'learning_rate': 0.051604633366751154, 'subsample': 0.9686757084613385, 'colsample_bytree': 0.7431502751465595, 'reg_alpha': 0.001217422963933425, 'reg_lambda': 1.0021502550403536e-05, 'min_child_weight': 15, 'gamma': 0.21661014324341532, 'num_boost_round': 521}. Best is trial 222 with value: 0.7501662829368125.
# [I 2024-01-24 21:06:34,151] Trial 491 finished with value: 0.7463545663852648 and parameters: {'max_depth': 195, 'learning_rate': 0.05573750129230501, 'subsample': 0.9150140866752103, 'colsample_bytree': 0.7355644781945675, 'reg_alpha': 0.0008608233391850627, 'reg_lambda': 2.4474255488913195e-05, 'min_child_weight': 15, 'gamma': 0.2279628373929523, 'num_boost_round': 616}. Best is trial 222 with value: 0.7501662829368125.
# [I 2024-01-24 21:06:50,357] Trial 492 finished with value: 0.7488360194423126 and parameters: {'max_depth': 196, 'learning_rate': 0.06535909121306115, 'subsample': 0.9790446057098565, 'colsample_bytree': 0.7316861958402421, 'reg_alpha': 0.0009435214456023765, 'reg_lambda': 0.2654231757016721, 'min_child_weight': 14, 'gamma': 0.2366454765622432, 'num_boost_round': 661}. Best is trial 222 with value: 0.7501662829368125.
# [I 2024-01-24 21:07:07,819] Trial 493 finished with value: 0.7484778715784088 and parameters: {'max_depth': 201, 'learning_rate': 0.04970447792366352, 'subsample': 0.9664790389623841, 'colsample_bytree': 0.7429995785008117, 'reg_alpha': 0.00196255386637916, 'reg_lambda': 2.172747742578656e-06, 'min_child_weight': 15, 'gamma': 0.20695741856468283, 'num_boost_round': 540}. Best is trial 222 with value: 0.7501662829368125.
# [I 2024-01-24 21:07:24,558] Trial 494 finished with value: 0.7479150677922742 and parameters: {'max_depth': 181, 'learning_rate': 0.06226743739674206, 'subsample': 0.9658226438583629, 'colsample_bytree': 0.7264145093943196, 'reg_alpha': 0.0006656131522501565, 'reg_lambda': 0.36345824305308305, 'min_child_weight': 15, 'gamma': 0.21749056375820197, 'num_boost_round': 514}. Best is trial 222 with value: 0.7501662829368125.
# [I 2024-01-24 21:07:44,791] Trial 495 finished with value: 0.74778715784088 and parameters: {'max_depth': 184, 'learning_rate': 0.051091664357808805, 'subsample': 0.985112477874631, 'colsample_bytree': 0.7513852706659017, 'reg_alpha': 0.0007677039045855507, 'reg_lambda': 0.21735641406121714, 'min_child_weight': 14, 'gamma': 0.2335538253315099, 'num_boost_round': 528}. Best is trial 222 with value: 0.7501662829368125.
# [I 2024-01-24 21:08:05,962] Trial 496 finished with value: 0.7479918137631107 and parameters: {'max_depth': 189, 'learning_rate': 0.04042826741449927, 'subsample': 0.9722429368869911, 'colsample_bytree': 0.7562304857037837, 'reg_alpha': 0.0004984965426866894, 'reg_lambda': 0.29790712644939477, 'min_child_weight': 15, 'gamma': 0.24053901364966532, 'num_boost_round': 559}. Best is trial 222 with value: 0.7501662829368125.
# [I 2024-01-24 21:08:23,689] Trial 497 finished with value: 0.7485034535686876 and parameters: {'max_depth': 206, 'learning_rate': 0.05722095984505442, 'subsample': 0.9734517368576412, 'colsample_bytree': 0.7224618505909667, 'reg_alpha': 0.0010347850628562984, 'reg_lambda': 3.553196151851119e-06, 'min_child_weight': 16, 'gamma': 0.2212877919499709, 'num_boost_round': 517}. Best is trial 222 with value: 0.7501662829368125.
# [I 2024-01-24 21:08:44,335] Trial 498 finished with value: 0.7480173957533895 and parameters: {'max_depth': 219, 'learning_rate': 0.04344118641784232, 'subsample': 0.9766806056488747, 'colsample_bytree': 0.7950905737641866, 'reg_alpha': 0.0028524830794375263, 'reg_lambda': 1.7608121497808265e-05, 'min_child_weight': 14, 'gamma': 0.2945581760827935, 'num_boost_round': 590}. Best is trial 222 with value: 0.7501662829368125.
# [I 2024-01-24 21:09:02,402] Trial 499 finished with value: 0.7477615758506011 and parameters: {'max_depth': 212, 'learning_rate': 0.045905472541449555, 'subsample': 0.9903079129175668, 'colsample_bytree': 0.7325119885310697, 'reg_alpha': 0.0006474653722464504, 'reg_lambda': 1.2233755641689559e-06, 'min_child_weight': 15, 'gamma': 0.30402347711368427, 'num_boost_round': 549}. Best is trial 222 with value: 0.7501662829368125.
# [I 2024-01-24 21:09:20,806] Trial 500 finished with value: 0.7484778715784088 and parameters: {'max_depth': 198, 'learning_rate': 0.05281522983654231, 'subsample': 0.964505895080407, 'colsample_bytree': 0.7475669822279659, 'reg_alpha': 0.00046733695200262056, 'reg_lambda': 0.16918915581539443, 'min_child_weight': 14, 'gamma': 0.20272810669280905, 'num_boost_round': 574}. Best is trial 222 with value: 0.7501662829368125.
# [I 2024-01-24 21:09:41,200] Trial 501 finished with value: 0.7484011256075722 and parameters: {'max_depth': 180, 'learning_rate': 0.04791375900667795, 'subsample': 0.9804754008541816, 'colsample_bytree': 0.7371792972558752, 'reg_alpha': 0.0009434016909348677, 'reg_lambda': 0.25936123973218594, 'min_child_weight': 15, 'gamma': 0.1814132407898727, 'num_boost_round': 505}. Best is trial 222 with value: 0.7501662829368125.
# [I 2024-01-24 21:10:14,547] Trial 502 finished with value: 0.7471987720644666 and parameters: {'max_depth': 190, 'learning_rate': 0.018772287528832338, 'subsample': 0.9656989895819045, 'colsample_bytree': 0.721816459376509, 'reg_alpha': 0.013330426607657786, 'reg_lambda': 5.546397398294104e-06, 'min_child_weight': 16, 'gamma': 0.24164487440817933, 'num_boost_round': 529}. Best is trial 222 with value: 0.7501662829368125.
# [I 2024-01-24 21:10:36,226] Trial 503 finished with value: 0.7441545152212843 and parameters: {'max_depth': 223, 'learning_rate': 0.01442037564104956, 'subsample': 0.9714324740402946, 'colsample_bytree': 0.728872190879833, 'reg_alpha': 0.001876019225988208, 'reg_lambda': 0.45369318953029253, 'min_child_weight': 14, 'gamma': 0.28641056713572527, 'num_boost_round': 543}. Best is trial 222 with value: 0.7501662829368125.
# [I 2024-01-24 21:11:01,051] Trial 504 finished with value: 0.7494499872090048 and parameters: {'max_depth': 204, 'learning_rate': 0.03916607267716479, 'subsample': 0.9957380269671795, 'colsample_bytree': 0.7417262932466171, 'reg_alpha': 0.0016444444895707296, 'reg_lambda': 0.21287089807987786, 'min_child_weight': 15, 'gamma': 0.22974323708804165, 'num_boost_round': 514}. Best is trial 222 with value: 0.7501662829368125.
# [I 2024-01-24 21:11:25,490] Trial 505 finished with value: 0.7488104374520338 and parameters: {'max_depth': 204, 'learning_rate': 0.0400110965673509, 'subsample': 0.9957316943736553, 'colsample_bytree': 0.7434395574572661, 'reg_alpha': 0.001631291103026801, 'reg_lambda': 0.22448246953288975, 'min_child_weight': 14, 'gamma': 0.2754031585753307, 'num_boost_round': 491}. Best is trial 222 with value: 0.7501662829368125.
# [I 2024-01-24 21:11:46,176] Trial 506 finished with value: 0.7432847275518035 and parameters: {'max_depth': 213, 'learning_rate': 0.03820234466277135, 'subsample': 0.9936854852808725, 'colsample_bytree': 0.7492750347010005, 'reg_alpha': 0.002464953155797726, 'reg_lambda': 0.17477571623896462, 'min_child_weight': 2, 'gamma': 0.24709390770306125, 'num_boost_round': 501}. Best is trial 222 with value: 0.7501662829368125.
# [I 2024-01-24 21:12:10,088] Trial 507 finished with value: 0.7480685597339474 and parameters: {'max_depth': 216, 'learning_rate': 0.03873075238610295, 'subsample': 0.9887788220114562, 'colsample_bytree': 0.758357994189534, 'reg_alpha': 0.0014570258982313639, 'reg_lambda': 0.13025777905668287, 'min_child_weight': 16, 'gamma': 0.23196822762686473, 'num_boost_round': 508}. Best is trial 222 with value: 0.7501662829368125.
# [I 2024-01-24 21:12:32,720] Trial 508 finished with value: 0.7486057815298031 and parameters: {'max_depth': 205, 'learning_rate': 0.04205745344731996, 'subsample': 0.9965732161346083, 'colsample_bytree': 0.7465378687916304, 'reg_alpha': 0.0015941501533256973, 'reg_lambda': 0.33389453912518147, 'min_child_weight': 15, 'gamma': 0.26113850981912345, 'num_boost_round': 518}. Best is trial 222 with value: 0.7501662829368125.
# [I 2024-01-24 21:12:54,910] Trial 509 finished with value: 0.7475825019186493 and parameters: {'max_depth': 200, 'learning_rate': 0.035101661191090816, 'subsample': 0.9981411433861572, 'colsample_bytree': 0.74099561853857, 'reg_alpha': 0.0019502446714984745, 'reg_lambda': 0.2114324466416077, 'min_child_weight': 14, 'gamma': 0.29088127155313026, 'num_boost_round': 514}. Best is trial 222 with value: 0.7501662829368125.
# [I 2024-01-24 21:13:11,720] Trial 510 finished with value: 0.7475057559478128 and parameters: {'max_depth': 23, 'learning_rate': 0.04220741612867872, 'subsample': 0.960194477884217, 'colsample_bytree': 0.7357383617307581, 'reg_alpha': 0.001149742331758428, 'reg_lambda': 0.30760721396360485, 'min_child_weight': 15, 'gamma': 0.26901454483198045, 'num_boost_round': 745}. Best is trial 222 with value: 0.7501662829368125.
# [I 2024-01-24 21:13:38,274] Trial 511 finished with value: 0.7497313891020722 and parameters: {'max_depth': 286, 'learning_rate': 0.0392501678181586, 'subsample': 0.9640945375145409, 'colsample_bytree': 0.7196366601945052, 'reg_alpha': 0.002924033574091206, 'reg_lambda': 0.15906745741788225, 'min_child_weight': 14, 'gamma': 0.2115459534505656, 'num_boost_round': 442}. Best is trial 222 with value: 0.7501662829368125.
# [I 2024-01-24 21:13:59,653] Trial 512 finished with value: 0.7481964696853416 and parameters: {'max_depth': 290, 'learning_rate': 0.03840934226316137, 'subsample': 0.9610768879498165, 'colsample_bytree': 0.7148840628874268, 'reg_alpha': 0.001962283429098437, 'reg_lambda': 0.16726285748090994, 'min_child_weight': 14, 'gamma': 0.284033001605015, 'num_boost_round': 438}. Best is trial 222 with value: 0.7501662829368125.
# [I 2024-01-24 21:14:29,282] Trial 513 finished with value: 0.7484778715784088 and parameters: {'max_depth': 221, 'learning_rate': 0.03493708826058473, 'subsample': 0.9640670691443427, 'colsample_bytree': 0.719118400833658, 'reg_alpha': 0.002677117646893073, 'reg_lambda': 3.107450697673097e-05, 'min_child_weight': 14, 'gamma': 0.21179811900205658, 'num_boost_round': 447}. Best is trial 222 with value: 0.7501662829368125.
# [I 2024-01-24 21:14:54,637] Trial 514 finished with value: 0.7495267331798414 and parameters: {'max_depth': 285, 'learning_rate': 0.03243050889709868, 'subsample': 0.957653779258886, 'colsample_bytree': 0.7111387358189506, 'reg_alpha': 0.003235675580772619, 'reg_lambda': 0.23056463177252806, 'min_child_weight': 14, 'gamma': 0.21185397007353035, 'num_boost_round': 453}. Best is trial 222 with value: 0.7501662829368125.
