# [I 2024-01-28 20:34:17,291] Trial 47 finished with value: 0.7374937644696282 and parameters: {'max_depth': 16, 'learning_rate': 0.0974291026162116, 'subsample': 0.8456458077638569, 'colsample_bytree': 0.9046241112898701, 'reg_alpha': 0.00040564586599552274, 'reg_lambda': 6.763432087105226e-05, 'min_child_weight': 17, 'gamma': 0.19603898569388495, 'num_boost_round': 628}. Best is trial 40 with value: 0.7403461199012548.
# [I 2024-01-28 20:34:42,244] Trial 48 finished with value: 0.7365472429362633 and parameters: {'max_depth': 13, 'learning_rate': 0.053921573816484596, 'subsample': 0.9107992088748287, 'colsample_bytree': 0.7983161101234542, 'reg_alpha': 0.00014046241979901654, 'reg_lambda': 0.0016576489485187935, 'min_child_weight': 15, 'gamma': 0.398712973552367, 'num_boost_round': 610}. Best is trial 40 with value: 0.7403461199012548.
# [I 2024-01-28 20:35:22,361] Trial 49 finished with value: 0.7387216842966962 and parameters: {'max_depth': 14, 'learning_rate': 0.043021850468187454, 'subsample': 0.9201386452587939, 'colsample_bytree': 0.8185295790253692, 'reg_alpha': 0.00036638014377348506, 'reg_lambda': 0.0003806381236776744, 'min_child_weight': 15, 'gamma': 0.29990951279354133, 'num_boost_round': 581}. Best is trial 40 with value: 0.7403461199012548.
# [I 2024-01-28 20:35:52,414] Trial 50 finished with value: 0.737532136964224 and parameters: {'max_depth': 18, 'learning_rate': 0.04367239201104618, 'subsample': 0.8828156146896289, 'colsample_bytree': 0.8549211009695211, 'reg_alpha': 0.006530514374746921, 'reg_lambda': 0.0014283243682745425, 'min_child_weight': 15, 'gamma': 0.34836637275425614, 'num_boost_round': 597}. Best is trial 40 with value: 0.7403461199012548.
# [I 2024-01-28 20:36:20,093] Trial 51 finished with value: 0.7405507732057661 and parameters: {'max_depth': 13, 'learning_rate': 0.0725851024781176, 'subsample': 0.8638814561924124, 'colsample_bytree': 0.7887399318950916, 'reg_alpha': 0.00013132489746638579, 'reg_lambda': 0.023399582015872177, 'min_child_weight': 13, 'gamma': 0.3390085919908514, 'num_boost_round': 588}. Best is trial 51 with value: 0.7405507732057661.
# [I 2024-01-28 20:36:50,369] Trial 52 finished with value: 0.7374681828065642 and parameters: {'max_depth': 15, 'learning_rate': 0.04065371639344327, 'subsample': 0.85000384756287, 'colsample_bytree': 0.7583558469328163, 'reg_alpha': 0.0004854576889117392, 'reg_lambda': 0.0003719518737383975, 'min_child_weight': 12, 'gamma': 0.33116315001986485, 'num_boost_round': 588}. Best is trial 51 with value: 0.7405507732057661.
# [I 2024-01-28 20:37:10,481] Trial 53 finished with value: 0.7335286066947212 and parameters: {'max_depth': 12, 'learning_rate': 0.04443725763600076, 'subsample': 0.8465570303861932, 'colsample_bytree': 0.7720488407865566, 'reg_alpha': 0.00687778195077889, 'reg_lambda': 0.004549311809411474, 'min_child_weight': 13, 'gamma': 0.3462143439881952, 'num_boost_round': 563}. Best is trial 51 with value: 0.7405507732057661.
# [I 2024-01-28 20:37:43,717] Trial 54 finished with value: 0.7383379593507373 and parameters: {'max_depth': 18, 'learning_rate': 0.04304935011741258, 'subsample': 0.980280578583119, 'colsample_bytree': 0.8477262330167895, 'reg_alpha': 5.071859257287877e-05, 'reg_lambda': 0.00019042282608454638, 'min_child_weight': 13, 'gamma': 0.28766964566168296, 'num_boost_round': 534}. Best is trial 51 with value: 0.7405507732057661.
# [I 2024-01-28 20:38:05,826] Trial 55 finished with value: 0.7395402975147414 and parameters: {'max_depth': 17, 'learning_rate': 0.1033616089674597, 'subsample': 0.9352521825806377, 'colsample_bytree': 0.8242329486832866, 'reg_alpha': 0.00011615897145880021, 'reg_lambda': 0.012432853870842009, 'min_child_weight': 13, 'gamma': 0.29953742100625635, 'num_boost_round': 599}. Best is trial 51 with value: 0.7405507732057661.
# [I 2024-01-28 20:38:43,416] Trial 56 finished with value: 0.7369565495452859 and parameters: {'max_depth': 16, 'learning_rate': 0.02979090046812184, 'subsample': 0.8724738842458606, 'colsample_bytree': 0.7666133032203013, 'reg_alpha': 9.392533898203761e-05, 'reg_lambda': 0.004698151977920576, 'min_child_weight': 16, 'gamma': 0.2987213417008263, 'num_boost_round': 607}. Best is trial 51 with value: 0.7405507732057661.
# [I 2024-01-28 20:39:17,838] Trial 57 finished with value: 0.736930967882222 and parameters: {'max_depth': 16, 'learning_rate': 0.03678086202211005, 'subsample': 0.9286793458060288, 'colsample_bytree': 0.8300831785342258, 'reg_alpha': 0.0034994184193137654, 'reg_lambda': 0.00022969491624319038, 'min_child_weight': 13, 'gamma': 0.19277330329798728, 'num_boost_round': 590}. Best is trial 51 with value: 0.7405507732057661.
# [I 2024-01-28 20:39:45,921] Trial 58 finished with value: 0.7373786469858405 and parameters: {'max_depth': 17, 'learning_rate': 0.049079197629994555, 'subsample': 0.935837158658002, 'colsample_bytree': 0.7099371483524832, 'reg_alpha': 0.00017647656963768116, 'reg_lambda': 0.0004550934752129151, 'min_child_weight': 13, 'gamma': 0.31475943107381915, 'num_boost_round': 600}. Best is trial 51 with value: 0.7405507732057661.
# [I 2024-01-28 20:40:18,447] Trial 59 finished with value: 0.7405251915427022 and parameters: {'max_depth': 16, 'learning_rate': 0.06777991009076101, 'subsample': 0.9234412475980724, 'colsample_bytree': 0.7592238797398502, 'reg_alpha': 3.4361273251320136e-05, 'reg_lambda': 0.002051408511913565, 'min_child_weight': 9, 'gamma': 0.3191749814425508, 'num_boost_round': 590}. Best is trial 51 with value: 0.7405507732057661.
# [I 2024-01-28 20:41:03,983] Trial 60 finished with value: 0.7382995868561415 and parameters: {'max_depth': 14, 'learning_rate': 0.03368666424933333, 'subsample': 0.8868589000427448, 'colsample_bytree': 0.8060309547759653, 'reg_alpha': 5.520001746772964e-05, 'reg_lambda': 0.003886025953344365, 'min_child_weight': 9, 'gamma': 0.2779705500846751, 'num_boost_round': 620}. Best is trial 51 with value: 0.7405507732057661.
# [I 2024-01-28 20:41:28,252] Trial 61 finished with value: 0.7395530883462733 and parameters: {'max_depth': 18, 'learning_rate': 0.08121472303506785, 'subsample': 0.936778421075463, 'colsample_bytree': 0.8233512129301261, 'reg_alpha': 9.140947045052731e-05, 'reg_lambda': 0.0006442992213582602, 'min_child_weight': 13, 'gamma': 0.33284947451002117, 'num_boost_round': 588}. Best is trial 51 with value: 0.7405507732057661.
# [I 2024-01-28 20:41:45,037] Trial 62 finished with value: 0.7382612143615457 and parameters: {'max_depth': 13, 'learning_rate': 0.11489617768533929, 'subsample': 0.8887159054268198, 'colsample_bytree': 0.7341689485984007, 'reg_alpha': 9.756635963018224e-05, 'reg_lambda': 0.0007463320229268845, 'min_child_weight': 11, 'gamma': 0.3108415456950817, 'num_boost_round': 624}. Best is trial 51 with value: 0.7405507732057661.
# [I 2024-01-28 20:42:23,445] Trial 63 finished with value: 0.7396937874931249 and parameters: {'max_depth': 19, 'learning_rate': 0.04401588118152827, 'subsample': 0.8540003242127618, 'colsample_bytree': 0.7541673824314387, 'reg_alpha': 0.00027062413231599753, 'reg_lambda': 0.014879613357643913, 'min_child_weight': 13, 'gamma': 0.3276572160814907, 'num_boost_round': 722}. Best is trial 51 with value: 0.7405507732057661.
# [I 2024-01-28 20:42:54,878] Trial 64 finished with value: 0.7390414550849951 and parameters: {'max_depth': 15, 'learning_rate': 0.056158026922073084, 'subsample': 0.9205624205810449, 'colsample_bytree': 0.7763351846835378, 'reg_alpha': 0.0003917185543739754, 'reg_lambda': 0.006458759629452399, 'min_child_weight': 10, 'gamma': 0.34103165895547344, 'num_boost_round': 596}. Best is trial 51 with value: 0.7405507732057661.
# [I 2024-01-28 20:43:12,935] Trial 65 finished with value: 0.7368414320614983 and parameters: {'max_depth': 13, 'learning_rate': 0.08195287969330856, 'subsample': 0.8699681991533093, 'colsample_bytree': 0.834203026705975, 'reg_alpha': 2.1486296543713024e-05, 'reg_lambda': 0.03209009374863615, 'min_child_weight': 12, 'gamma': 0.42243590917976226, 'num_boost_round': 580}. Best is trial 51 with value: 0.7405507732057661.
# [I 2024-01-28 20:43:35,901] Trial 66 finished with value: 0.7375833002903518 and parameters: {'max_depth': 14, 'learning_rate': 0.06281668040055466, 'subsample': 0.8831386508383259, 'colsample_bytree': 0.745840215443004, 'reg_alpha': 3.3301811740230804e-05, 'reg_lambda': 0.038330822691217396, 'min_child_weight': 13, 'gamma': 0.23965073452113467, 'num_boost_round': 554}. Best is trial 51 with value: 0.7405507732057661.
# [I 2024-01-28 20:44:04,081] Trial 67 finished with value: 0.7385809851498446 and parameters: {'max_depth': 14, 'learning_rate': 0.06525612201145516, 'subsample': 0.8930856412192789, 'colsample_bytree': 0.7354268742118217, 'reg_alpha': 2.0538979517654994e-05, 'reg_lambda': 0.024111563630462476, 'min_child_weight': 7, 'gamma': 0.35639302015540997, 'num_boost_round': 644}. Best is trial 51 with value: 0.7405507732057661.
# [I 2024-01-28 20:44:36,853] Trial 68 finished with value: 0.739361225873294 and parameters: {'max_depth': 17, 'learning_rate': 0.05636240244496825, 'subsample': 0.8629935742983589, 'colsample_bytree': 0.7978455794502456, 'reg_alpha': 4.141747096369174e-06, 'reg_lambda': 0.014575924630658143, 'min_child_weight': 13, 'gamma': 0.25753736473555006, 'num_boost_round': 605}. Best is trial 51 with value: 0.7405507732057661.
# [I 2024-01-28 20:44:59,786] Trial 69 finished with value: 0.7369565495452859 and parameters: {'max_depth': 15, 'learning_rate': 0.06061770830948702, 'subsample': 0.9555975296899444, 'colsample_bytree': 0.7498595057361884, 'reg_alpha': 2.1867924660974354e-05, 'reg_lambda': 0.004463245508988389, 'min_child_weight': 13, 'gamma': 0.3280578571191727, 'num_boost_round': 548}. Best is trial 51 with value: 0.7405507732057661.
# [I 2024-01-28 20:45:43,105] Trial 70 finished with value: 0.7412031056138959 and parameters: {'max_depth': 16, 'learning_rate': 0.04846684228670431, 'subsample': 0.8890783223897608, 'colsample_bytree': 0.8005769952366119, 'reg_alpha': 9.860719384681922e-05, 'reg_lambda': 0.001221067566921893, 'min_child_weight': 15, 'gamma': 0.3063328781623517, 'num_boost_round': 646}. Best is trial 70 with value: 0.7412031056138959.
# [I 2024-01-28 20:46:46,823] Trial 71 finished with value: 0.7388112201174198 and parameters: {'max_depth': 19, 'learning_rate': 0.021776978557946667, 'subsample': 0.8830672700346212, 'colsample_bytree': 0.7939465939669403, 'reg_alpha': 1.4326991338534055e-05, 'reg_lambda': 0.0018952041934695856, 'min_child_weight': 17, 'gamma': 0.3814735432338799, 'num_boost_round': 713}. Best is trial 70 with value: 0.7412031056138959.
# [I 2024-01-28 20:47:16,073] Trial 72 finished with value: 0.7390926184111228 and parameters: {'max_depth': 16, 'learning_rate': 0.06940826583796778, 'subsample': 0.9455515533886686, 'colsample_bytree': 0.8170109923998181, 'reg_alpha': 1.6789091207708735e-05, 'reg_lambda': 0.0020869506741219373, 'min_child_weight': 10, 'gamma': 0.333996648964026, 'num_boost_round': 680}. Best is trial 70 with value: 0.7412031056138959.
# [I 2024-01-28 20:47:49,138] Trial 73 finished with value: 0.7394635525255497 and parameters: {'max_depth': 20, 'learning_rate': 0.055320540945869016, 'subsample': 0.9103950715074642, 'colsample_bytree': 0.8267487069413277, 'reg_alpha': 0.00011402890055712011, 'reg_lambda': 0.005316947789176681, 'min_child_weight': 13, 'gamma': 0.3321632859322666, 'num_boost_round': 724}. Best is trial 70 with value: 0.7412031056138959.
# [I 2024-01-28 20:48:15,353] Trial 74 finished with value: 0.7407426356787454 and parameters: {'max_depth': 16, 'learning_rate': 0.09824301575269252, 'subsample': 0.8939927409815239, 'colsample_bytree': 0.8028320960308404, 'reg_alpha': 6.439525318874797e-05, 'reg_lambda': 0.008234122371756542, 'min_child_weight': 14, 'gamma': 0.2599532680455291, 'num_boost_round': 675}. Best is trial 70 with value: 0.7412031056138959.
# [I 2024-01-28 20:49:01,262] Trial 75 finished with value: 0.7403589107327868 and parameters: {'max_depth': 18, 'learning_rate': 0.03915036354245037, 'subsample': 0.904996002880805, 'colsample_bytree': 0.7522309434055868, 'reg_alpha': 2.2354728501797125e-05, 'reg_lambda': 0.004593784236439752, 'min_child_weight': 9, 'gamma': 0.2498661934352273, 'num_boost_round': 635}. Best is trial 70 with value: 0.7412031056138959.
# [I 2024-01-28 20:49:42,356] Trial 76 finished with value: 0.7372123661759251 and parameters: {'max_depth': 16, 'learning_rate': 0.030905792309162017, 'subsample': 0.8642265842077925, 'colsample_bytree': 0.755141986125734, 'reg_alpha': 1.538178551953157e-05, 'reg_lambda': 0.0010106998532951105, 'min_child_weight': 16, 'gamma': 0.2581349321428589, 'num_boost_round': 798}. Best is trial 70 with value: 0.7412031056138959.
# [I 2024-01-28 20:50:08,085] Trial 77 finished with value: 0.7378135352579271 and parameters: {'max_depth': 18, 'learning_rate': 0.05566382183862197, 'subsample': 0.9063194753799555, 'colsample_bytree': 0.8713364221864073, 'reg_alpha': 0.00012295793428536574, 'reg_lambda': 0.00012331231890570668, 'min_child_weight': 17, 'gamma': 0.3767845464802654, 'num_boost_round': 637}. Best is trial 70 with value: 0.7412031056138959.
# [I 2024-01-28 20:50:35,591] Trial 78 finished with value: 0.7373402744912447 and parameters: {'max_depth': 12, 'learning_rate': 0.05162964279048576, 'subsample': 0.865891830001069, 'colsample_bytree': 0.7362393273172461, 'reg_alpha': 2.5128114635835564e-05, 'reg_lambda': 0.010249802655819967, 'min_child_weight': 12, 'gamma': 0.3048484742917465, 'num_boost_round': 649}. Best is trial 70 with value: 0.7412031056138959.
# [I 2024-01-28 20:51:06,972] Trial 79 finished with value: 0.7396809966615929 and parameters: {'max_depth': 19, 'learning_rate': 0.06127646402602078, 'subsample': 0.9274259996461666, 'colsample_bytree': 0.8062906220528311, 'reg_alpha': 0.0003097812697053575, 'reg_lambda': 0.01897071076455829, 'min_child_weight': 14, 'gamma': 0.3048557795933607, 'num_boost_round': 633}. Best is trial 70 with value: 0.7412031056138959.
# [I 2024-01-28 20:51:53,460] Trial 80 finished with value: 0.7409856614778527 and parameters: {'max_depth': 19, 'learning_rate': 0.04626744083022719, 'subsample': 0.857897322085892, 'colsample_bytree': 0.7986643221006146, 'reg_alpha': 1.6513371933884545e-05, 'reg_lambda': 0.003029956009282107, 'min_child_weight': 14, 'gamma': 0.4085645602675048, 'num_boost_round': 708}. Best is trial 70 with value: 0.7412031056138959.
# [I 2024-01-28 20:52:27,024] Trial 81 finished with value: 0.7400135582814239 and parameters: {'max_depth': 17, 'learning_rate': 0.056165244149373926, 'subsample': 0.8650931877319956, 'colsample_bytree': 0.8075236322219377, 'reg_alpha': 0.0002374351069935946, 'reg_lambda': 0.0004145334183499433, 'min_child_weight': 14, 'gamma': 0.3210405882306732, 'num_boost_round': 712}. Best is trial 70 with value: 0.7412031056138959.
# [I 2024-01-28 20:52:58,959] Trial 82 finished with value: 0.7370332945344777 and parameters: {'max_depth': 14, 'learning_rate': 0.04542533940476096, 'subsample': 0.925631970439647, 'colsample_bytree': 0.804163146603438, 'reg_alpha': 5.601879816725872e-05, 'reg_lambda': 0.0011991928439179383, 'min_child_weight': 13, 'gamma': 0.30698604330510154, 'num_boost_round': 720}. Best is trial 70 with value: 0.7412031056138959.
# [I 2024-01-28 20:53:16,960] Trial 83 finished with value: 0.7379286527417148 and parameters: {'max_depth': 18, 'learning_rate': 0.08013350257581521, 'subsample': 0.8716282697418802, 'colsample_bytree': 0.7624281347789834, 'reg_alpha': 0.00026548699175718907, 'reg_lambda': 0.017449500004410128, 'min_child_weight': 15, 'gamma': 0.40543800884711956, 'num_boost_round': 629}. Best is trial 70 with value: 0.7412031056138959.
# [I 2024-01-28 20:53:48,437] Trial 84 finished with value: 0.7403461199012548 and parameters: {'max_depth': 20, 'learning_rate': 0.059266355199990677, 'subsample': 0.8398928579221074, 'colsample_bytree': 0.79484096639452, 'reg_alpha': 1.1434676785486515e-05, 'reg_lambda': 0.010556413567133155, 'min_child_weight': 13, 'gamma': 0.38427525124565964, 'num_boost_round': 713}. Best is trial 70 with value: 0.7412031056138959.
# [I 2024-01-28 20:54:09,477] Trial 85 finished with value: 0.7379030710786508 and parameters: {'max_depth': 19, 'learning_rate': 0.09628796128088452, 'subsample': 0.8292629706174885, 'colsample_bytree': 0.7931608533804737, 'reg_alpha': 0.0002268542318179453, 'reg_lambda': 0.023050611361875358, 'min_child_weight': 12, 'gamma': 0.24115618315474283, 'num_boost_round': 598}. Best is trial 70 with value: 0.7412031056138959.
# [I 2024-01-28 20:54:42,101] Trial 86 finished with value: 0.7393356442102301 and parameters: {'max_depth': 19, 'learning_rate': 0.05602136367531466, 'subsample': 0.8554298451924376, 'colsample_bytree': 0.8391020156872294, 'reg_alpha': 7.928146336308837e-05, 'reg_lambda': 0.033049234051917176, 'min_child_weight': 13, 'gamma': 0.3742296127980508, 'num_boost_round': 779}. Best is trial 70 with value: 0.7412031056138959.
# [I 2024-01-28 20:55:00,970] Trial 87 finished with value: 0.7391949450633786 and parameters: {'max_depth': 19, 'learning_rate': 0.12754566587936428, 'subsample': 0.916999107069563, 'colsample_bytree': 0.7687326655022377, 'reg_alpha': 5.113409967268113e-06, 'reg_lambda': 0.003861158166150149, 'min_child_weight': 11, 'gamma': 0.43539036860561375, 'num_boost_round': 766}. Best is trial 70 with value: 0.7412031056138959.
# [I 2024-01-28 20:55:20,054] Trial 88 finished with value: 0.7373019019966488 and parameters: {'max_depth': 19, 'learning_rate': 0.0759209005088705, 'subsample': 0.8332938110692334, 'colsample_bytree': 0.7601180187592057, 'reg_alpha': 1.7891223064210585e-05, 'reg_lambda': 0.011399149322570825, 'min_child_weight': 12, 'gamma': 0.44725191051688984, 'num_boost_round': 616}. Best is trial 70 with value: 0.7412031056138959.
# [I 2024-01-28 20:55:53,915] Trial 89 finished with value: 0.740282165743595 and parameters: {'max_depth': 18, 'learning_rate': 0.05983385853224411, 'subsample': 0.8060738771900816, 'colsample_bytree': 0.7767748444904597, 'reg_alpha': 0.00018868566738763356, 'reg_lambda': 0.005805259684142433, 'min_child_weight': 11, 'gamma': 0.2776148895295778, 'num_boost_round': 704}. Best is trial 70 with value: 0.7412031056138959.
# [I 2024-01-28 20:56:17,011] Trial 90 finished with value: 0.7394891341886136 and parameters: {'max_depth': 20, 'learning_rate': 0.12447402481647814, 'subsample': 0.9018697956036272, 'colsample_bytree': 0.826542728436321, 'reg_alpha': 6.268858277372844e-05, 'reg_lambda': 0.005844111304710304, 'min_child_weight': 19, 'gamma': 0.3401553336565488, 'num_boost_round': 738}. Best is trial 70 with value: 0.7412031056138959.
# [I 2024-01-28 20:56:46,628] Trial 91 finished with value: 0.739361225873294 and parameters: {'max_depth': 17, 'learning_rate': 0.07147597948657104, 'subsample': 0.8568046387877517, 'colsample_bytree': 0.8271862935974609, 'reg_alpha': 1.090013930650193e-05, 'reg_lambda': 0.002137471758482882, 'min_child_weight': 13, 'gamma': 0.3065837681487417, 'num_boost_round': 698}. Best is trial 70 with value: 0.7412031056138959.
# [I 2024-01-28 20:57:19,849] Trial 92 finished with value: 0.7379414435732468 and parameters: {'max_depth': 18, 'learning_rate': 0.04373243045175824, 'subsample': 0.7953879874252118, 'colsample_bytree': 0.8264914423849463, 'reg_alpha': 0.0002907296191531436, 'reg_lambda': 0.000840568504588248, 'min_child_weight': 16, 'gamma': 0.3091282202302512, 'num_boost_round': 680}. Best is trial 70 with value: 0.7412031056138959.
# [I 2024-01-28 20:57:35,939] Trial 93 finished with value: 0.7390030825903993 and parameters: {'max_depth': 15, 'learning_rate': 0.10761688156719595, 'subsample': 0.8493585619860422, 'colsample_bytree': 0.8130378162152503, 'reg_alpha': 5.095596102144862e-05, 'reg_lambda': 0.00036610305344261774, 'min_child_weight': 15, 'gamma': 0.3298451196719821, 'num_boost_round': 752}. Best is trial 70 with value: 0.7412031056138959.
# [I 2024-01-28 20:58:09,064] Trial 94 finished with value: 0.7395019250201456 and parameters: {'max_depth': 18, 'learning_rate': 0.06367981873854799, 'subsample': 0.7846170636155165, 'colsample_bytree': 0.8073379933513969, 'reg_alpha': 8.262362253434982e-05, 'reg_lambda': 0.0015625113671336138, 'min_child_weight': 9, 'gamma': 0.26806577969181383, 'num_boost_round': 700}. Best is trial 70 with value: 0.7412031056138959.
# [I 2024-01-28 20:58:44,075] Trial 95 finished with value: 0.7401030941021476 and parameters: {'max_depth': 20, 'learning_rate': 0.053313758207089244, 'subsample': 0.8269176330702646, 'colsample_bytree': 0.8026254544657588, 'reg_alpha': 0.0005418948520051394, 'reg_lambda': 0.017480340937206712, 'min_child_weight': 15, 'gamma': 0.4461604256177474, 'num_boost_round': 729}. Best is trial 70 with value: 0.7412031056138959.
# [I 2024-01-28 20:59:07,214] Trial 96 finished with value: 0.7391949450633786 and parameters: {'max_depth': 20, 'learning_rate': 0.10121527692475112, 'subsample': 0.8755774386433666, 'colsample_bytree': 0.8081187490944761, 'reg_alpha': 3.1368347127871e-05, 'reg_lambda': 0.012762771247689956, 'min_child_weight': 10, 'gamma': 0.37148554251322946, 'num_boost_round': 719}. Best is trial 70 with value: 0.7412031056138959.
# [I 2024-01-28 20:59:42,431] Trial 97 finished with value: 0.7404484465535104 and parameters: {'max_depth': 19, 'learning_rate': 0.05141856989736265, 'subsample': 0.805790041344646, 'colsample_bytree': 0.7890868160738599, 'reg_alpha': 0.001278092919087972, 'reg_lambda': 0.015235564730018136, 'min_child_weight': 9, 'gamma': 0.38070219790245546, 'num_boost_round': 725}. Best is trial 70 with value: 0.7412031056138959.
