# [I 2024-01-24 19:30:59,108] Trial 207 finished with value: 0.7491941673062164 and parameters: {'max_depth': 250, 'learning_rate': 0.04799458145435308, 'subsample': 0.9435379585858991, 'colsample_bytree': 0.7055040716979059, 'reg_alpha': 0.000914103059477754, 'reg_lambda': 0.02895213022202996, 'min_child_weight': 16, 'gamma': 0.24912297227849617, 'num_boost_round': 525}. Best is trial 206 with value: 0.7497058071117932.
# [I 2024-01-24 19:31:20,480] Trial 208 finished with value: 0.7483243796367358 and parameters: {'max_depth': 246, 'learning_rate': 0.04963554546043331, 'subsample': 0.939263491504568, 'colsample_bytree': 0.7069036002036106, 'reg_alpha': 0.0013519231960761725, 'reg_lambda': 0.02449977926784335, 'min_child_weight': 16, 'gamma': 0.23776441903980877, 'num_boost_round': 514}. Best is trial 206 with value: 0.7497058071117932.
# [I 2024-01-24 19:31:37,182] Trial 209 finished with value: 0.7478639038117165 and parameters: {'max_depth': 257, 'learning_rate': 0.05491109940338331, 'subsample': 0.947693410634554, 'colsample_bytree': 0.7045039977510755, 'reg_alpha': 0.0006702651175791375, 'reg_lambda': 0.05109727913363557, 'min_child_weight': 15, 'gamma': 0.3781508469671002, 'num_boost_round': 528}. Best is trial 206 with value: 0.7497058071117932.
# [I 2024-01-24 19:31:58,788] Trial 210 finished with value: 0.7493220772576106 and parameters: {'max_depth': 251, 'learning_rate': 0.04573359014986338, 'subsample': 0.9462639082140841, 'colsample_bytree': 0.710452177742714, 'reg_alpha': 0.00044606625164242793, 'reg_lambda': 0.03118989145555026, 'min_child_weight': 16, 'gamma': 0.24750850427723695, 'num_boost_round': 492}. Best is trial 206 with value: 0.7497058071117932.
# [I 2024-01-24 19:32:19,812] Trial 211 finished with value: 0.7483243796367358 and parameters: {'max_depth': 269, 'learning_rate': 0.04576250510014593, 'subsample': 0.944831219819407, 'colsample_bytree': 0.7113495595862662, 'reg_alpha': 0.00021270099023008155, 'reg_lambda': 0.03599139468885784, 'min_child_weight': 16, 'gamma': 0.25282703248352884, 'num_boost_round': 491}. Best is trial 206 with value: 0.7497058071117932.
# [I 2024-01-24 19:32:40,608] Trial 212 finished with value: 0.7484778715784088 and parameters: {'max_depth': 243, 'learning_rate': 0.0470583541866353, 'subsample': 0.935862814120309, 'colsample_bytree': 0.7043522494795563, 'reg_alpha': 0.0008322826900774871, 'reg_lambda': 0.021650821670838385, 'min_child_weight': 16, 'gamma': 0.244515953991695, 'num_boost_round': 502}. Best is trial 206 with value: 0.7497058071117932.
# [I 2024-01-24 19:33:00,255] Trial 213 finished with value: 0.74911742133538 and parameters: {'max_depth': 255, 'learning_rate': 0.05217642776807988, 'subsample': 0.9494063509201797, 'colsample_bytree': 0.7005987305482931, 'reg_alpha': 0.00037591735501897345, 'reg_lambda': 0.030992354125419022, 'min_child_weight': 16, 'gamma': 0.26163608757987855, 'num_boost_round': 483}. Best is trial 206 with value: 0.7497058071117932.
# [I 2024-01-24 19:33:20,246] Trial 214 finished with value: 0.7456126886671783 and parameters: {'max_depth': 262, 'learning_rate': 0.05365789081818349, 'subsample': 0.9417479095271825, 'colsample_bytree': 0.9171709050793052, 'reg_alpha': 0.00044108077060902104, 'reg_lambda': 0.033324775263288066, 'min_child_weight': 16, 'gamma': 0.22920452959538193, 'num_boost_round': 472}. Best is trial 206 with value: 0.7497058071117932.
# [I 2024-01-24 19:33:37,477] Trial 215 finished with value: 0.7477615758506011 and parameters: {'max_depth': 248, 'learning_rate': 0.049929080151300424, 'subsample': 0.9514322894320915, 'colsample_bytree': 0.8492339281236251, 'reg_alpha': 0.00016821473909093036, 'reg_lambda': 0.07422646883624472, 'min_child_weight': 16, 'gamma': 0.2188607976013604, 'num_boost_round': 483}. Best is trial 206 with value: 0.7497058071117932.
# [I 2024-01-24 19:33:54,217] Trial 216 finished with value: 0.7483243796367358 and parameters: {'max_depth': 251, 'learning_rate': 0.05751953817081084, 'subsample': 0.8128693822553886, 'colsample_bytree': 0.7098106215656402, 'reg_alpha': 0.001019145504184129, 'reg_lambda': 0.02260894828975039, 'min_child_weight': 15, 'gamma': 0.25531442444929053, 'num_boost_round': 493}. Best is trial 206 with value: 0.7497058071117932.
# [I 2024-01-24 19:34:12,212] Trial 217 finished with value: 0.7484267075978511 and parameters: {'max_depth': 253, 'learning_rate': 0.04328295277806652, 'subsample': 0.924998883645086, 'colsample_bytree': 0.7111788939471013, 'reg_alpha': 0.0003843315405462464, 'reg_lambda': 0.05022984115990939, 'min_child_weight': 16, 'gamma': 0.24419646158001718, 'num_boost_round': 479}. Best is trial 206 with value: 0.7497058071117932.
# [I 2024-01-24 19:34:27,005] Trial 218 finished with value: 0.7476080839089281 and parameters: {'max_depth': 236, 'learning_rate': 0.05202858801399954, 'subsample': 0.9332325558526764, 'colsample_bytree': 0.7176393253401167, 'reg_alpha': 0.0004907407930107357, 'reg_lambda': 0.02958848375954367, 'min_child_weight': 15, 'gamma': 0.26213423196671076, 'num_boost_round': 460}. Best is trial 206 with value: 0.7497058071117932.
# [I 2024-01-24 19:34:44,042] Trial 219 finished with value: 0.7486825275006396 and parameters: {'max_depth': 156, 'learning_rate': 0.04920210430319613, 'subsample': 0.9518692038088677, 'colsample_bytree': 0.70595731178342, 'reg_alpha': 0.990565648455141, 'reg_lambda': 0.03751681291103069, 'min_child_weight': 19, 'gamma': 0.2792450567947064, 'num_boost_round': 865}. Best is trial 206 with value: 0.7497058071117932.
# [I 2024-01-24 19:35:05,394] Trial 220 finished with value: 0.7493476592478895 and parameters: {'max_depth': 241, 'learning_rate': 0.045668936394046664, 'subsample': 0.9584265586069282, 'colsample_bytree': 0.700310724274968, 'reg_alpha': 0.00030988409700138806, 'reg_lambda': 0.10679012336460628, 'min_child_weight': 17, 'gamma': 0.26126564503630334, 'num_boost_round': 509}. Best is trial 206 with value: 0.7497058071117932.
# [I 2024-01-24 19:35:25,544] Trial 221 finished with value: 0.7485034535686876 and parameters: {'max_depth': 242, 'learning_rate': 0.04622972619035747, 'subsample': 0.9590448970284998, 'colsample_bytree': 0.7017946202894794, 'reg_alpha': 0.000614302605833704, 'reg_lambda': 0.12091618790851572, 'min_child_weight': 17, 'gamma': 0.26264789827815693, 'num_boost_round': 508}. Best is trial 206 with value: 0.7497058071117932.
# [I 2024-01-24 19:35:51,266] Trial 222 finished with value: 0.7501662829368125 and parameters: {'max_depth': 242, 'learning_rate': 0.04393371416973458, 'subsample': 0.9439960873720802, 'colsample_bytree': 0.7003290355739655, 'reg_alpha': 0.0003237412959478171, 'reg_lambda': 0.09095702630543905, 'min_child_weight': 16, 'gamma': 0.269374952772387, 'num_boost_round': 517}. Best is trial 222 with value: 0.7501662829368125.
# [I 2024-01-24 19:36:15,723] Trial 223 finished with value: 0.7485546175492453 and parameters: {'max_depth': 251, 'learning_rate': 0.042661476485786165, 'subsample': 0.9495048607574119, 'colsample_bytree': 0.7010157613532659, 'reg_alpha': 0.0002468963285152872, 'reg_lambda': 0.10324317002338133, 'min_child_weight': 15, 'gamma': 0.24989150620722556, 'num_boost_round': 498}. Best is trial 222 with value: 0.7501662829368125.
# [I 2024-01-24 19:36:35,204] Trial 224 finished with value: 0.7480173957533895 and parameters: {'max_depth': 263, 'learning_rate': 0.04471313370847513, 'subsample': 0.9608230462175285, 'colsample_bytree': 0.7095984791789554, 'reg_alpha': 0.0003250514581088614, 'reg_lambda': 0.08628895479535152, 'min_child_weight': 16, 'gamma': 0.2611897324242235, 'num_boost_round': 521}. Best is trial 222 with value: 0.7501662829368125.
# [I 2024-01-24 19:36:58,547] Trial 225 finished with value: 0.7486313635200819 and parameters: {'max_depth': 239, 'learning_rate': 0.048292110580588264, 'subsample': 0.9422758493887965, 'colsample_bytree': 0.7007477256173106, 'reg_alpha': 0.00034645229605711114, 'reg_lambda': 0.07181171728501419, 'min_child_weight': 16, 'gamma': 0.23856446066620476, 'num_boost_round': 487}. Best is trial 222 with value: 0.7501662829368125.
# [I 2024-01-24 19:37:15,385] Trial 226 finished with value: 0.7488616014325915 and parameters: {'max_depth': 258, 'learning_rate': 0.0540911754870157, 'subsample': 0.9530769814943643, 'colsample_bytree': 0.7078222243109019, 'reg_alpha': 0.0005247174152244666, 'reg_lambda': 0.00035383140425179646, 'min_child_weight': 17, 'gamma': 0.28330566849186445, 'num_boost_round': 506}. Best is trial 222 with value: 0.7501662829368125.
# [I 2024-01-24 19:37:37,644] Trial 227 finished with value: 0.7487081094909184 and parameters: {'max_depth': 246, 'learning_rate': 0.04207276447486091, 'subsample': 0.9582232860829173, 'colsample_bytree': 0.7137254766819918, 'reg_alpha': 0.0001584271921873303, 'reg_lambda': 0.16797163469496432, 'min_child_weight': 15, 'gamma': 0.2701848424006442, 'num_boost_round': 516}. Best is trial 222 with value: 0.7501662829368125.
# [I 2024-01-24 19:37:55,743] Trial 228 finished with value: 0.7454591967255053 and parameters: {'max_depth': 149, 'learning_rate': 0.04896139400923717, 'subsample': 0.9660274971469287, 'colsample_bytree': 0.9547154756455656, 'reg_alpha': 0.0002728958019600702, 'reg_lambda': 0.05630137257875843, 'min_child_weight': 17, 'gamma': 0.3098822272440515, 'num_boost_round': 497}. Best is trial 222 with value: 0.7501662829368125.
# [I 2024-01-24 19:38:10,995] Trial 229 finished with value: 0.7472499360450243 and parameters: {'max_depth': 142, 'learning_rate': 0.057728067417490245, 'subsample': 0.938779451010997, 'colsample_bytree': 0.7069723386421434, 'reg_alpha': 0.0003232649175821753, 'reg_lambda': 0.047690986408643006, 'min_child_weight': 16, 'gamma': 0.29089810552055395, 'num_boost_round': 433}. Best is trial 222 with value: 0.7501662829368125.
# [I 2024-01-24 19:38:29,698] Trial 230 finished with value: 0.7488104374520338 and parameters: {'max_depth': 231, 'learning_rate': 0.04557460541308466, 'subsample': 0.9464684121357358, 'colsample_bytree': 0.7156648926710124, 'reg_alpha': 0.0004617026650755564, 'reg_lambda': 0.13507518039720695, 'min_child_weight': 16, 'gamma': 0.3042104814757731, 'num_boost_round': 471}. Best is trial 222 with value: 0.7501662829368125.
# [I 2024-01-24 19:38:51,303] Trial 231 finished with value: 0.7475313379380916 and parameters: {'max_depth': 269, 'learning_rate': 0.05069026436235505, 'subsample': 0.9457689574036086, 'colsample_bytree': 0.7265038647245871, 'reg_alpha': 0.0015784225134856495, 'reg_lambda': 0.027627365713094803, 'min_child_weight': 19, 'gamma': 0.27438603789878946, 'num_boost_round': 520}. Best is trial 222 with value: 0.7501662829368125.
# [I 2024-01-24 19:39:07,398] Trial 232 finished with value: 0.7477615758506011 and parameters: {'max_depth': 256, 'learning_rate': 0.06128288185910286, 'subsample': 0.9536994127765254, 'colsample_bytree': 0.7128319934094999, 'reg_alpha': 0.00011096234037930647, 'reg_lambda': 0.017786827450337467, 'min_child_weight': 18, 'gamma': 0.25695205996789017, 'num_boost_round': 509}. Best is trial 222 with value: 0.7501662829368125.
# [I 2024-01-24 19:39:28,922] Trial 233 finished with value: 0.7485290355589664 and parameters: {'max_depth': 237, 'learning_rate': 0.04058830514869532, 'subsample': 0.9500792490322342, 'colsample_bytree': 0.7000958222624174, 'reg_alpha': 0.00023235153729141028, 'reg_lambda': 0.04149910321304534, 'min_child_weight': 15, 'gamma': 0.26649712372660234, 'num_boost_round': 529}. Best is trial 222 with value: 0.7501662829368125.
# [I 2024-01-24 19:39:46,907] Trial 234 finished with value: 0.7480173957533895 and parameters: {'max_depth': 230, 'learning_rate': 0.05301799241050486, 'subsample': 0.7421668640326169, 'colsample_bytree': 0.7207393151462177, 'reg_alpha': 0.0008045315203541804, 'reg_lambda': 6.66697626760048e-05, 'min_child_weight': 17, 'gamma': 0.28425020858086236, 'num_boost_round': 491}. Best is trial 222 with value: 0.7501662829368125.
# [I 2024-01-24 19:40:06,756] Trial 235 finished with value: 0.7480941417242262 and parameters: {'max_depth': 243, 'learning_rate': 0.04371527521745697, 'subsample': 0.939938547858912, 'colsample_bytree': 0.7065193982624086, 'reg_alpha': 0.0022120297441497287, 'reg_lambda': 0.021993920105671007, 'min_child_weight': 19, 'gamma': 0.2725174477044698, 'num_boost_round': 502}. Best is trial 222 with value: 0.7501662829368125.
# [I 2024-01-24 19:40:22,404] Trial 236 finished with value: 0.7478639038117165 and parameters: {'max_depth': 224, 'learning_rate': 0.046612941198062065, 'subsample': 0.8835061433207869, 'colsample_bytree': 0.7111500859782123, 'reg_alpha': 0.6665384324797455, 'reg_lambda': 0.03399551980181046, 'min_child_weight': 16, 'gamma': 0.2951288324734099, 'num_boost_round': 516}. Best is trial 222 with value: 0.7501662829368125.
# [I 2024-01-24 19:40:38,339] Trial 237 finished with value: 0.7475057559478128 and parameters: {'max_depth': 237, 'learning_rate': 0.055689678742908144, 'subsample': 0.931473363345392, 'colsample_bytree': 0.7166661292231851, 'reg_alpha': 0.8526478082108891, 'reg_lambda': 7.507380721968375e-06, 'min_child_weight': 6, 'gamma': 0.24736812598395366, 'num_boost_round': 483}. Best is trial 222 with value: 0.7501662829368125.
# [I 2024-01-24 19:41:00,277] Trial 238 finished with value: 0.748119723714505 and parameters: {'max_depth': 251, 'learning_rate': 0.039900873790181535, 'subsample': 0.9588895050654398, 'colsample_bytree': 0.7263546529858942, 'reg_alpha': 0.0030739558701507646, 'reg_lambda': 0.8929612593413874, 'min_child_weight': 15, 'gamma': 0.3175216290533083, 'num_boost_round': 545}. Best is trial 222 with value: 0.7501662829368125.
# [I 2024-01-24 19:41:18,500] Trial 239 finished with value: 0.7479406497825531 and parameters: {'max_depth': 152, 'learning_rate': 0.05038689207252773, 'subsample': 0.9442834398642825, 'colsample_bytree': 0.7056991796632516, 'reg_alpha': 0.002421686073598015, 'reg_lambda': 0.025615309479521897, 'min_child_weight': 16, 'gamma': 0.4000508458008677, 'num_boost_round': 527}. Best is trial 222 with value: 0.7501662829368125.
# [I 2024-01-24 19:41:33,838] Trial 240 finished with value: 0.7495011511895626 and parameters: {'max_depth': 276, 'learning_rate': 0.060973641350517874, 'subsample': 0.9648951661189773, 'colsample_bytree': 0.719309089328096, 'reg_alpha': 0.702865687561501, 'reg_lambda': 0.07096053408883235, 'min_child_weight': 17, 'gamma': 0.2783358993030983, 'num_boost_round': 507}. Best is trial 222 with value: 0.7501662829368125.
# [I 2024-01-24 19:41:49,015] Trial 241 finished with value: 0.7491941673062164 and parameters: {'max_depth': 104, 'learning_rate': 0.05965888861863485, 'subsample': 0.9655698429621326, 'colsample_bytree': 0.7178870863068045, 'reg_alpha': 0.6193618691386176, 'reg_lambda': 0.07086922170445695, 'min_child_weight': 17, 'gamma': 0.28253415114875857, 'num_boost_round': 506}. Best is trial 222 with value: 0.7501662829368125.
# [I 2024-01-24 19:42:05,320] Trial 242 finished with value: 0.7488104374520338 and parameters: {'max_depth': 279, 'learning_rate': 0.06053208394421763, 'subsample': 0.9661470242227234, 'colsample_bytree': 0.7170077583735045, 'reg_alpha': 0.6069597558653272, 'reg_lambda': 0.10526677623548794, 'min_child_weight': 17, 'gamma': 0.28933795695184744, 'num_boost_round': 505}. Best is trial 222 with value: 0.7501662829368125.
# [I 2024-01-24 19:42:23,113] Trial 243 finished with value: 0.7478127398311589 and parameters: {'max_depth': 275, 'learning_rate': 0.05960500016169632, 'subsample': 0.9753194659765205, 'colsample_bytree': 0.7000602851193193, 'reg_alpha': 0.5156874456365502, 'reg_lambda': 0.054347806953691104, 'min_child_weight': 17, 'gamma': 0.280326983662081, 'num_boost_round': 498}. Best is trial 222 with value: 0.7501662829368125.
# [I 2024-01-24 19:42:40,941] Trial 244 finished with value: 0.7490662573548221 and parameters: {'max_depth': 285, 'learning_rate': 0.05461494965492515, 'subsample': 0.9634166228311174, 'colsample_bytree': 0.7096389730783164, 'reg_alpha': 0.8218125224782554, 'reg_lambda': 0.07564912308619427, 'min_child_weight': 17, 'gamma': 0.2612336809682242, 'num_boost_round': 513}. Best is trial 222 with value: 0.7501662829368125.
# [I 2024-01-24 19:42:54,602] Trial 245 finished with value: 0.7478127398311589 and parameters: {'max_depth': 291, 'learning_rate': 0.05551128148815482, 'subsample': 0.9629301937031951, 'colsample_bytree': 0.7112499030691115, 'reg_alpha': 0.7250725207820703, 'reg_lambda': 0.06967950683837656, 'min_child_weight': 17, 'gamma': 0.30384554066704506, 'num_boost_round': 510}. Best is trial 222 with value: 0.7501662829368125.
# [I 2024-01-24 19:43:15,886] Trial 246 finished with value: 0.7491941673062164 and parameters: {'max_depth': 103, 'learning_rate': 0.05250215267963039, 'subsample': 0.9705006743495009, 'colsample_bytree': 0.7198989577369358, 'reg_alpha': 0.9951383271005021, 'reg_lambda': 0.08539109562370227, 'min_child_weight': 17, 'gamma': 0.26242326812726247, 'num_boost_round': 491}. Best is trial 222 with value: 0.7501662829368125.
# [I 2024-01-24 19:43:38,607] Trial 247 finished with value: 0.7488871834228703 and parameters: {'max_depth': 291, 'learning_rate': 0.04781782209573254, 'subsample': 0.9700459687905906, 'colsample_bytree': 0.7216110478731065, 'reg_alpha': 0.8101015650642104, 'reg_lambda': 0.08811586854497554, 'min_child_weight': 17, 'gamma': 0.258203104078578, 'num_boost_round': 493}. Best is trial 222 with value: 0.7501662829368125.
# [I 2024-01-24 19:43:50,844] Trial 248 finished with value: 0.747147608083909 and parameters: {'max_depth': 288, 'learning_rate': 0.05264996679389268, 'subsample': 0.9756464524267233, 'colsample_bytree': 0.717234280470603, 'reg_alpha': 0.4623226453959623, 'reg_lambda': 0.07233001422210562, 'min_child_weight': 17, 'gamma': 0.2657968743650267, 'num_boost_round': 482}. Best is trial 222 with value: 0.7501662829368125.
# [I 2024-01-24 19:44:14,331] Trial 249 finished with value: 0.7492197492964953 and parameters: {'max_depth': 99, 'learning_rate': 0.04451246535906483, 'subsample': 0.9680957535853373, 'colsample_bytree': 0.7318110658294543, 'reg_alpha': 0.8948669125246267, 'reg_lambda': 0.12754725090732558, 'min_child_weight': 16, 'gamma': 0.24739365109429026, 'num_boost_round': 517}. Best is trial 222 with value: 0.7501662829368125.
# [I 2024-01-24 19:44:31,083] Trial 250 finished with value: 0.7478639038117165 and parameters: {'max_depth': 91, 'learning_rate': 0.04463084901701498, 'subsample': 0.964356035741636, 'colsample_bytree': 0.733705578152843, 'reg_alpha': 0.980775175264884, 'reg_lambda': 0.08717096169351556, 'min_child_weight': 16, 'gamma': 0.23487576079154648, 'num_boost_round': 519}. Best is trial 222 with value: 0.7501662829368125.
# [I 2024-01-24 19:44:49,702] Trial 251 finished with value: 0.7488616014325915 and parameters: {'max_depth': 95, 'learning_rate': 0.04349791804470776, 'subsample': 0.9579734061208485, 'colsample_bytree': 0.7285493325137722, 'reg_alpha': 0.7055880924413263, 'reg_lambda': 0.06760767386315145, 'min_child_weight': 16, 'gamma': 0.30939568350669927, 'num_boost_round': 504}. Best is trial 222 with value: 0.7501662829368125.
# [I 2024-01-24 19:45:05,145] Trial 252 finished with value: 0.7473266820158608 and parameters: {'max_depth': 102, 'learning_rate': 0.04825693450179956, 'subsample': 0.9687129190335713, 'colsample_bytree': 0.7235900423212922, 'reg_alpha': 0.9575211627255512, 'reg_lambda': 0.12096706273062578, 'min_child_weight': 16, 'gamma': 0.2497512971643401, 'num_boost_round': 490}. Best is trial 222 with value: 0.7501662829368125.
# [I 2024-01-24 19:45:27,770] Trial 253 finished with value: 0.7486313635200819 and parameters: {'max_depth': 107, 'learning_rate': 0.04057869719732248, 'subsample': 0.9790590815761152, 'colsample_bytree': 0.7325811813408458, 'reg_alpha': 0.5617124477003558, 'reg_lambda': 0.15615209233977573, 'min_child_weight': 15, 'gamma': 0.3204153736950749, 'num_boost_round': 472}. Best is trial 222 with value: 0.7501662829368125.
# [I 2024-01-24 19:45:43,057] Trial 254 finished with value: 0.7476080839089281 and parameters: {'max_depth': 287, 'learning_rate': 0.05071137162696114, 'subsample': 0.9634402756667892, 'colsample_bytree': 0.7207390195128598, 'reg_alpha': 0.7491580393804377, 'reg_lambda': 0.11144877128722157, 'min_child_weight': 16, 'gamma': 0.2745340790198729, 'num_boost_round': 510}. Best is trial 222 with value: 0.7501662829368125.
# [I 2024-01-24 19:46:00,637] Trial 255 finished with value: 0.7480429777436685 and parameters: {'max_depth': 99, 'learning_rate': 0.04610472412357469, 'subsample': 0.9570116161325029, 'colsample_bytree': 0.7376231400594555, 'reg_alpha': 0.4090120959446793, 'reg_lambda': 0.06188112859190899, 'min_child_weight': 16, 'gamma': 0.2981575776109757, 'num_boost_round': 499}. Best is trial 222 with value: 0.7501662829368125.
# [I 2024-01-24 19:46:21,612] Trial 256 finished with value: 0.7489383474034279 and parameters: {'max_depth': 279, 'learning_rate': 0.042199946581452145, 'subsample': 0.9650540200993948, 'colsample_bytree': 0.7169433694011056, 'reg_alpha': 0.6446998827739829, 'reg_lambda': 0.08487001483441996, 'min_child_weight': 17, 'gamma': 0.2503733885075971, 'num_boost_round': 486}. Best is trial 222 with value: 0.7501662829368125.
# [I 2024-01-24 19:46:35,481] Trial 257 finished with value: 0.7478127398311589 and parameters: {'max_depth': 296, 'learning_rate': 0.051687347212876246, 'subsample': 0.9526009316440536, 'colsample_bytree': 0.7134361664104744, 'reg_alpha': 0.8100978073714492, 'reg_lambda': 0.04523600266895365, 'min_child_weight': 15, 'gamma': 0.2376658097561492, 'num_boost_round': 532}. Best is trial 222 with value: 0.7501662829368125.
