# [I 2024-01-24 23:20:07,842] Trial 306 finished with value: 0.7471987720644666 and parameters: {'max_depth': 20, 'learning_rate': 0.04311486635798348, 'subsample': 0.7949740487704611, 'colsample_bytree': 0.7275516358507343, 'reg_alpha': 0.007349823287912169, 'reg_lambda': 9.982657941756332e-05, 'min_child_weight': 11, 'gamma': 0.15620442635685478, 'num_boost_round': 700}. Best is trial 250 with value: 0.7498848810437452.
# [I 2024-01-24 23:20:28,830] Trial 307 finished with value: 0.7481964696853416 and parameters: {'max_depth': 18, 'learning_rate': 0.06493345846482153, 'subsample': 0.8043448202501872, 'colsample_bytree': 0.7389697300404307, 'reg_alpha': 0.042066831359246645, 'reg_lambda': 9.728446965663997e-06, 'min_child_weight': 12, 'gamma': 0.1825099769335383, 'num_boost_round': 644}. Best is trial 250 with value: 0.7498848810437452.
# [I 2024-01-24 23:20:52,137] Trial 308 finished with value: 0.7476592478894858 and parameters: {'max_depth': 18, 'learning_rate': 0.059930566536733246, 'subsample': 0.8063146107278736, 'colsample_bytree': 0.7670723242621101, 'reg_alpha': 0.034369509722936696, 'reg_lambda': 1.7214411482212797e-05, 'min_child_weight': 12, 'gamma': 0.14377868732532195, 'num_boost_round': 690}. Best is trial 250 with value: 0.7498848810437452.
# [I 2024-01-24 23:21:19,843] Trial 309 finished with value: 0.7482220516756204 and parameters: {'max_depth': 18, 'learning_rate': 0.04994123686443564, 'subsample': 0.8402065749803151, 'colsample_bytree': 0.7133116705340568, 'reg_alpha': 0.026936792818863062, 'reg_lambda': 7.741252781818073e-06, 'min_child_weight': 9, 'gamma': 0.21896675066307908, 'num_boost_round': 713}. Best is trial 250 with value: 0.7498848810437452.
# [I 2024-01-24 23:21:45,360] Trial 310 finished with value: 0.7480173957533895 and parameters: {'max_depth': 18, 'learning_rate': 0.052827174633112, 'subsample': 0.7973572111162578, 'colsample_bytree': 0.7351560673622552, 'reg_alpha': 0.01934620897714292, 'reg_lambda': 8.83757709718344e-05, 'min_child_weight': 11, 'gamma': 0.14595813608910752, 'num_boost_round': 645}. Best is trial 250 with value: 0.7498848810437452.
# [I 2024-01-24 23:22:16,673] Trial 311 finished with value: 0.7488360194423126 and parameters: {'max_depth': 20, 'learning_rate': 0.03488745461210177, 'subsample': 0.8147804841628234, 'colsample_bytree': 0.7544188461642558, 'reg_alpha': 0.01654045670427349, 'reg_lambda': 2.3022711569965806e-05, 'min_child_weight': 11, 'gamma': 0.14110142244986396, 'num_boost_round': 714}. Best is trial 250 with value: 0.7498848810437452.
# [I 2024-01-24 23:22:33,737] Trial 312 finished with value: 0.7475825019186493 and parameters: {'max_depth': 18, 'learning_rate': 0.07122900338788193, 'subsample': 0.8161884964177137, 'colsample_bytree': 0.768734810980932, 'reg_alpha': 0.029670816408721136, 'reg_lambda': 2.2154433148393643e-05, 'min_child_weight': 10, 'gamma': 0.20877852197650418, 'num_boost_round': 755}. Best is trial 250 with value: 0.7498848810437452.
# [I 2024-01-24 23:22:54,832] Trial 313 finished with value: 0.7482220516756204 and parameters: {'max_depth': 19, 'learning_rate': 0.05940581062034326, 'subsample': 0.8152906214363237, 'colsample_bytree': 0.7119160495587387, 'reg_alpha': 0.010006046694303194, 'reg_lambda': 7.255934964449713e-06, 'min_child_weight': 11, 'gamma': 0.19970029341157702, 'num_boost_round': 676}. Best is trial 250 with value: 0.7498848810437452.
# [I 2024-01-24 23:23:13,359] Trial 314 finished with value: 0.7477615758506011 and parameters: {'max_depth': 19, 'learning_rate': 0.07320526577449514, 'subsample': 0.8009388883972484, 'colsample_bytree': 0.730484678362026, 'reg_alpha': 0.03382879182441026, 'reg_lambda': 7.695074951212935e-06, 'min_child_weight': 13, 'gamma': 0.22108119104308827, 'num_boost_round': 672}. Best is trial 250 with value: 0.7498848810437452.
# [I 2024-01-24 23:23:30,676] Trial 315 finished with value: 0.7467894602200051 and parameters: {'max_depth': 20, 'learning_rate': 0.05653610434277058, 'subsample': 0.8338150511853732, 'colsample_bytree': 0.7245557975288905, 'reg_alpha': 0.0117367650623267, 'reg_lambda': 2.4852133682970935e-05, 'min_child_weight': 12, 'gamma': 0.22453076984167253, 'num_boost_round': 692}. Best is trial 250 with value: 0.7498848810437452.
# [I 2024-01-24 23:23:55,273] Trial 316 finished with value: 0.7483243796367358 and parameters: {'max_depth': 18, 'learning_rate': 0.05083310274974293, 'subsample': 0.8302686651624389, 'colsample_bytree': 0.7474117543575939, 'reg_alpha': 0.020710043889767417, 'reg_lambda': 3.5762085689545304e-05, 'min_child_weight': 11, 'gamma': 0.16248354346781146, 'num_boost_round': 720}. Best is trial 250 with value: 0.7498848810437452.
# [I 2024-01-24 23:24:15,450] Trial 317 finished with value: 0.7460220005116398 and parameters: {'max_depth': 19, 'learning_rate': 0.05166590134768674, 'subsample': 0.8215332204541491, 'colsample_bytree': 0.7126716100946859, 'reg_alpha': 0.01680898762555185, 'reg_lambda': 3.073159916992496e-05, 'min_child_weight': 13, 'gamma': 0.24304483448156317, 'num_boost_round': 754}. Best is trial 250 with value: 0.7498848810437452.
# [I 2024-01-24 23:24:38,874] Trial 318 finished with value: 0.7482220516756204 and parameters: {'max_depth': 20, 'learning_rate': 0.05273913967946001, 'subsample': 0.8211332060936865, 'colsample_bytree': 0.780992817392275, 'reg_alpha': 0.006693251760251872, 'reg_lambda': 2.0981939097066357e-05, 'min_child_weight': 11, 'gamma': 0.15251112492661295, 'num_boost_round': 702}. Best is trial 250 with value: 0.7498848810437452.
# [I 2024-01-24 23:25:04,748] Trial 319 finished with value: 0.7478639038117165 and parameters: {'max_depth': 19, 'learning_rate': 0.04790893139936614, 'subsample': 0.8401640212400747, 'colsample_bytree': 0.7523140053203896, 'reg_alpha': 0.013786663142373201, 'reg_lambda': 1.1123035726682704e-05, 'min_child_weight': 12, 'gamma': 0.16663517247698334, 'num_boost_round': 714}. Best is trial 250 with value: 0.7498848810437452.
# [I 2024-01-24 23:25:24,629] Trial 320 finished with value: 0.7478127398311589 and parameters: {'max_depth': 18, 'learning_rate': 0.06383146195598242, 'subsample': 0.8213307292774279, 'colsample_bytree': 0.7342723284521984, 'reg_alpha': 0.007095469782253935, 'reg_lambda': 5.365754678643779e-06, 'min_child_weight': 10, 'gamma': 0.25007723250180447, 'num_boost_round': 712}. Best is trial 250 with value: 0.7498848810437452.
# [I 2024-01-24 23:25:53,379] Trial 321 finished with value: 0.7456894346380148 and parameters: {'max_depth': 20, 'learning_rate': 0.023123424556779192, 'subsample': 0.8248441039009077, 'colsample_bytree': 0.7467922127361089, 'reg_alpha': 0.007503177321784012, 'reg_lambda': 9.786798558508703e-05, 'min_child_weight': 11, 'gamma': 0.13940642625132535, 'num_boost_round': 704}. Best is trial 250 with value: 0.7498848810437452.
# [I 2024-01-24 23:26:09,506] Trial 322 finished with value: 0.7447173190074188 and parameters: {'max_depth': 19, 'learning_rate': 0.04795897372784452, 'subsample': 0.8486438614581926, 'colsample_bytree': 0.7541053073482318, 'reg_alpha': 0.07417344958624983, 'reg_lambda': 1.5921387948490504e-05, 'min_child_weight': 9, 'gamma': 0.14893975059578068, 'num_boost_round': 694}. Best is trial 250 with value: 0.7498848810437452.
# [I 2024-01-24 23:26:36,209] Trial 323 finished with value: 0.7481708876950627 and parameters: {'max_depth': 20, 'learning_rate': 0.03891591363099125, 'subsample': 0.815257902667057, 'colsample_bytree': 0.7042420769911907, 'reg_alpha': 0.1032117744006569, 'reg_lambda': 5.9217160643931286e-06, 'min_child_weight': 10, 'gamma': 0.1689912938479572, 'num_boost_round': 695}. Best is trial 250 with value: 0.7498848810437452.
# [I 2024-01-24 23:27:14,011] Trial 324 finished with value: 0.7485290355589664 and parameters: {'max_depth': 19, 'learning_rate': 0.04026160983988462, 'subsample': 0.8200967697226801, 'colsample_bytree': 0.7611194815295405, 'reg_alpha': 0.0217985356818418, 'reg_lambda': 1.4882182864537119e-05, 'min_child_weight': 13, 'gamma': 0.1410998518752281, 'num_boost_round': 730}. Best is trial 250 with value: 0.7498848810437452.
# [I 2024-01-24 23:27:41,763] Trial 325 finished with value: 0.748273215656178 and parameters: {'max_depth': 19, 'learning_rate': 0.03638351443844664, 'subsample': 0.8285215690736734, 'colsample_bytree': 0.7508223840802389, 'reg_alpha': 0.012188080495804509, 'reg_lambda': 6.887875698302852e-05, 'min_child_weight': 9, 'gamma': 0.13099469889379545, 'num_boost_round': 703}. Best is trial 250 with value: 0.7498848810437452.
# [I 2024-01-24 23:28:23,958] Trial 326 finished with value: 0.7480429777436685 and parameters: {'max_depth': 19, 'learning_rate': 0.029569403635382047, 'subsample': 0.8321075563832678, 'colsample_bytree': 0.7207524780364652, 'reg_alpha': 0.028717007562333637, 'reg_lambda': 9.263297631726434e-06, 'min_child_weight': 10, 'gamma': 0.11557360010664397, 'num_boost_round': 727}. Best is trial 250 with value: 0.7498848810437452.
# [I 2024-01-24 23:28:55,548] Trial 327 finished with value: 0.7479406497825531 and parameters: {'max_depth': 20, 'learning_rate': 0.03385645638694763, 'subsample': 0.8300268326996391, 'colsample_bytree': 0.7390166948753429, 'reg_alpha': 0.016716796792908554, 'reg_lambda': 2.4648951132948323e-05, 'min_child_weight': 9, 'gamma': 0.1944738095352709, 'num_boost_round': 699}. Best is trial 250 with value: 0.7498848810437452.
# [I 2024-01-24 23:29:32,576] Trial 328 finished with value: 0.7480685597339474 and parameters: {'max_depth': 19, 'learning_rate': 0.038395763295581954, 'subsample': 0.8212272684355609, 'colsample_bytree': 0.8034098154206887, 'reg_alpha': 0.006488395972279898, 'reg_lambda': 2.546390068421293e-05, 'min_child_weight': 11, 'gamma': 0.07417686412067549, 'num_boost_round': 746}. Best is trial 250 with value: 0.7498848810437452.
# [I 2024-01-24 23:30:01,462] Trial 329 finished with value: 0.7481453057047838 and parameters: {'max_depth': 20, 'learning_rate': 0.042822539132787114, 'subsample': 0.8239804270227458, 'colsample_bytree': 0.7501993290877352, 'reg_alpha': 0.03076497233267225, 'reg_lambda': 9.006754899384836e-06, 'min_child_weight': 9, 'gamma': 0.16939578721896428, 'num_boost_round': 679}. Best is trial 250 with value: 0.7498848810437452.
# [I 2024-01-24 23:30:32,290] Trial 330 finished with value: 0.74845228958813 and parameters: {'max_depth': 19, 'learning_rate': 0.03758310669670526, 'subsample': 0.825060016536965, 'colsample_bytree': 0.7398188257383518, 'reg_alpha': 0.013055100793251421, 'reg_lambda': 4.62892519634949e-06, 'min_child_weight': 11, 'gamma': 0.21618162315270661, 'num_boost_round': 656}. Best is trial 250 with value: 0.7498848810437452.
# [I 2024-01-24 23:31:10,187] Trial 331 finished with value: 0.7489383474034279 and parameters: {'max_depth': 20, 'learning_rate': 0.03645160594847908, 'subsample': 0.8318524671955956, 'colsample_bytree': 0.7526734129327068, 'reg_alpha': 0.005665427311292017, 'reg_lambda': 6.189472873679208e-05, 'min_child_weight': 14, 'gamma': 0.11395826525537425, 'num_boost_round': 669}. Best is trial 250 with value: 0.7498848810437452.
# [I 2024-01-24 23:31:36,414] Trial 332 finished with value: 0.7487081094909184 and parameters: {'max_depth': 20, 'learning_rate': 0.042545125715837705, 'subsample': 0.8301935340194123, 'colsample_bytree': 0.7657857922661697, 'reg_alpha': 0.062119639966257356, 'reg_lambda': 1.4086890644350353e-05, 'min_child_weight': 12, 'gamma': 0.17944387280486002, 'num_boost_round': 707}. Best is trial 250 with value: 0.7498848810437452.
# [I 2024-01-24 23:32:06,746] Trial 333 finished with value: 0.7486825275006396 and parameters: {'max_depth': 20, 'learning_rate': 0.030356408325147057, 'subsample': 0.8327515462566341, 'colsample_bytree': 0.7466133629013331, 'reg_alpha': 0.1097065004790316, 'reg_lambda': 6.798121286359242e-06, 'min_child_weight': 10, 'gamma': 0.12951868597403376, 'num_boost_round': 717}. Best is trial 250 with value: 0.7498848810437452.
# [I 2024-01-24 23:32:31,716] Trial 334 finished with value: 0.7467638782297263 and parameters: {'max_depth': 19, 'learning_rate': 0.03473437312855679, 'subsample': 0.8101947847641743, 'colsample_bytree': 0.752752850402271, 'reg_alpha': 0.009744432918187239, 'reg_lambda': 5.318113246578407e-05, 'min_child_weight': 13, 'gamma': 0.13493713506804605, 'num_boost_round': 699}. Best is trial 250 with value: 0.7498848810437452.
# [I 2024-01-24 23:32:53,557] Trial 335 finished with value: 0.7486313635200819 and parameters: {'max_depth': 18, 'learning_rate': 0.05349144409237899, 'subsample': 0.8277167507904095, 'colsample_bytree': 0.7491899127013076, 'reg_alpha': 0.017295162918902877, 'reg_lambda': 1.9704719093879823e-06, 'min_child_weight': 12, 'gamma': 0.20298182566175552, 'num_boost_round': 766}. Best is trial 250 with value: 0.7498848810437452.
# [I 2024-01-24 23:33:18,114] Trial 336 finished with value: 0.7470196981325148 and parameters: {'max_depth': 18, 'learning_rate': 0.04546040326000617, 'subsample': 0.8116616803572702, 'colsample_bytree': 0.7279831446690103, 'reg_alpha': 0.015502351942699997, 'reg_lambda': 1.2111229845724903e-05, 'min_child_weight': 11, 'gamma': 0.15670774856931166, 'num_boost_round': 727}. Best is trial 250 with value: 0.7498848810437452.
# [I 2024-01-24 23:33:47,198] Trial 337 finished with value: 0.7487081094909184 and parameters: {'max_depth': 18, 'learning_rate': 0.05035300314404697, 'subsample': 0.8271736994012848, 'colsample_bytree': 0.7616830042922407, 'reg_alpha': 0.016697720341702, 'reg_lambda': 2.0262871010999208e-06, 'min_child_weight': 13, 'gamma': 0.186153490126222, 'num_boost_round': 695}. Best is trial 250 with value: 0.7498848810437452.
# [I 2024-01-24 23:34:14,357] Trial 338 finished with value: 0.7470964441033512 and parameters: {'max_depth': 19, 'learning_rate': 0.04541073449968819, 'subsample': 0.8352097590774555, 'colsample_bytree': 0.7607931966995594, 'reg_alpha': 0.006108706684395217, 'reg_lambda': 2.9560699341626354e-06, 'min_child_weight': 11, 'gamma': 0.1725759348160576, 'num_boost_round': 713}. Best is trial 250 with value: 0.7498848810437452.
# [I 2024-01-24 23:34:39,924] Trial 339 finished with value: 0.7475057559478128 and parameters: {'max_depth': 19, 'learning_rate': 0.036962295283919325, 'subsample': 0.795187434180779, 'colsample_bytree': 0.7617734982877917, 'reg_alpha': 0.0338575472332819, 'reg_lambda': 2.756936103602896e-05, 'min_child_weight': 10, 'gamma': 0.09116839976304884, 'num_boost_round': 769}. Best is trial 250 with value: 0.7498848810437452.
# [I 2024-01-24 23:35:14,768] Trial 340 finished with value: 0.7488616014325915 and parameters: {'max_depth': 19, 'learning_rate': 0.028262559501438442, 'subsample': 0.8416578270625226, 'colsample_bytree': 0.7618396278701658, 'reg_alpha': 0.010291719528173603, 'reg_lambda': 1.8356475154211765e-05, 'min_child_weight': 12, 'gamma': 0.17919989675375841, 'num_boost_round': 661}. Best is trial 250 with value: 0.7498848810437452.
# [I 2024-01-24 23:35:37,294] Trial 341 finished with value: 0.7468662061908417 and parameters: {'max_depth': 20, 'learning_rate': 0.046291519026130934, 'subsample': 0.845485024189965, 'colsample_bytree': 0.7483499622470823, 'reg_alpha': 0.005560415375116891, 'reg_lambda': 1.378409592206509e-05, 'min_child_weight': 14, 'gamma': 0.15011224735054476, 'num_boost_round': 644}. Best is trial 250 with value: 0.7498848810437452.
# [I 2024-01-24 23:36:23,127] Trial 342 finished with value: 0.7475569199283705 and parameters: {'max_depth': 19, 'learning_rate': 0.02594307190026357, 'subsample': 0.8523798864273098, 'colsample_bytree': 0.783394289555178, 'reg_alpha': 0.04131411373452512, 'reg_lambda': 0.0001230234357752527, 'min_child_weight': 16, 'gamma': 0.11544290685461711, 'num_boost_round': 682}. Best is trial 250 with value: 0.7498848810437452.
# [I 2024-01-24 23:36:56,915] Trial 343 finished with value: 0.7482476336658992 and parameters: {'max_depth': 19, 'learning_rate': 0.03441263314929887, 'subsample': 0.8468910388866877, 'colsample_bytree': 0.7599980655768086, 'reg_alpha': 0.0030666903743166948, 'reg_lambda': 3.194440295794592e-05, 'min_child_weight': 13, 'gamma': 0.17460359599795733, 'num_boost_round': 661}. Best is trial 250 with value: 0.7498848810437452.
# [I 2024-01-24 23:37:33,475] Trial 344 finished with value: 0.7485546175492453 and parameters: {'max_depth': 18, 'learning_rate': 0.03693639578488215, 'subsample': 0.8356772461963434, 'colsample_bytree': 0.7721364976768018, 'reg_alpha': 0.005076293079862531, 'reg_lambda': 6.162758247318212e-06, 'min_child_weight': 12, 'gamma': 0.11434313594604972, 'num_boost_round': 685}. Best is trial 250 with value: 0.7498848810437452.
# [I 2024-01-24 23:38:05,426] Trial 345 finished with value: 0.7484778715784088 and parameters: {'max_depth': 20, 'learning_rate': 0.03475519192504228, 'subsample': 0.8241371362530193, 'colsample_bytree': 0.751405066764022, 'reg_alpha': 0.025615795305080444, 'reg_lambda': 2.742660157620803e-05, 'min_child_weight': 13, 'gamma': 0.15148080536403005, 'num_boost_round': 659}. Best is trial 250 with value: 0.7498848810437452.
# [I 2024-01-24 23:38:32,025] Trial 346 finished with value: 0.7480941417242262 and parameters: {'max_depth': 20, 'learning_rate': 0.041820756376916006, 'subsample': 0.8379702315697453, 'colsample_bytree': 0.8061582693135031, 'reg_alpha': 0.01550064463036971, 'reg_lambda': 1.8568561989984543e-05, 'min_child_weight': 14, 'gamma': 0.18157392893021296, 'num_boost_round': 730}. Best is trial 250 with value: 0.7498848810437452.
# [I 2024-01-24 23:38:55,137] Trial 347 finished with value: 0.7481708876950627 and parameters: {'max_depth': 19, 'learning_rate': 0.05185440084817292, 'subsample': 0.8348441891023721, 'colsample_bytree': 0.7299593359953067, 'reg_alpha': 0.007006090266217659, 'reg_lambda': 1.9903962392249608e-05, 'min_child_weight': 12, 'gamma': 0.2596597142641603, 'num_boost_round': 609}. Best is trial 250 with value: 0.7498848810437452.
# [I 2024-01-24 23:39:18,821] Trial 348 finished with value: 0.74469173701714 and parameters: {'max_depth': 20, 'learning_rate': 0.034003704403169896, 'subsample': 0.8094012692835862, 'colsample_bytree': 0.76779859548969, 'reg_alpha': 0.038797386440939934, 'reg_lambda': 4.176171142763019e-06, 'min_child_weight': 13, 'gamma': 0.17213115694860942, 'num_boost_round': 636}. Best is trial 250 with value: 0.7498848810437452.
# [I 2024-01-24 23:39:44,185] Trial 349 finished with value: 0.7460475825019186 and parameters: {'max_depth': 19, 'learning_rate': 0.038929178419353914, 'subsample': 0.8127540714647856, 'colsample_bytree': 0.7495312672416271, 'reg_alpha': 0.006266562361742197, 'reg_lambda': 2.4614905010883243e-05, 'min_child_weight': 14, 'gamma': 0.1700253089294945, 'num_boost_round': 595}. Best is trial 250 with value: 0.7498848810437452.
# [I 2024-01-24 23:40:16,955] Trial 350 finished with value: 0.7482220516756204 and parameters: {'max_depth': 20, 'learning_rate': 0.04996531875797867, 'subsample': 0.843003356133737, 'colsample_bytree': 0.7856405960998851, 'reg_alpha': 0.010462771498299245, 'reg_lambda': 1.5896984454797902e-05, 'min_child_weight': 14, 'gamma': 0.1869139083115134, 'num_boost_round': 668}. Best is trial 250 with value: 0.7498848810437452.
# [I 2024-01-24 23:40:38,565] Trial 351 finished with value: 0.745177794832438 and parameters: {'max_depth': 19, 'learning_rate': 0.035856643375619966, 'subsample': 0.8313392500860605, 'colsample_bytree': 0.7665989161196856, 'reg_alpha': 0.01827356607537362, 'reg_lambda': 1.3711982695263934e-05, 'min_child_weight': 14, 'gamma': 0.07393123275548397, 'num_boost_round': 656}. Best is trial 250 with value: 0.7498848810437452.
# [I 2024-01-24 23:41:13,979] Trial 352 finished with value: 0.7480429777436685 and parameters: {'max_depth': 19, 'learning_rate': 0.027283806166288376, 'subsample': 0.8469706515554019, 'colsample_bytree': 0.7862950609705058, 'reg_alpha': 0.0007497263558714198, 'reg_lambda': 5.277406357969973e-06, 'min_child_weight': 11, 'gamma': 0.10356562972399025, 'num_boost_round': 658}. Best is trial 250 with value: 0.7498848810437452.
# [I 2024-01-24 23:41:42,053] Trial 353 finished with value: 0.7466615502686109 and parameters: {'max_depth': 18, 'learning_rate': 0.03270173630500614, 'subsample': 0.8234923042979434, 'colsample_bytree': 0.7289404925670621, 'reg_alpha': 0.009278508516552614, 'reg_lambda': 1.0107106942331618e-05, 'min_child_weight': 10, 'gamma': 0.12127764116011307, 'num_boost_round': 621}. Best is trial 250 with value: 0.7498848810437452.
# [I 2024-01-24 23:42:10,653] Trial 354 finished with value: 0.7482476336658992 and parameters: {'max_depth': 20, 'learning_rate': 0.03634169533473375, 'subsample': 0.8427309103414912, 'colsample_bytree': 0.757271715124644, 'reg_alpha': 0.003533230623643865, 'reg_lambda': 4.341844388442731e-06, 'min_child_weight': 11, 'gamma': 0.19020601713767937, 'num_boost_round': 683}. Best is trial 250 with value: 0.7498848810437452.
# [I 2024-01-24 23:42:41,396] Trial 355 finished with value: 0.7475569199283705 and parameters: {'max_depth': 19, 'learning_rate': 0.04183671413066608, 'subsample': 0.8376597895341393, 'colsample_bytree': 0.760853800862166, 'reg_alpha': 0.02377293860311782, 'reg_lambda': 1.4646692976752846e-05, 'min_child_weight': 14, 'gamma': 0.1846999440215907, 'num_boost_round': 708}. Best is trial 250 with value: 0.7498848810437452.
# [I 2024-01-24 23:43:22,827] Trial 356 finished with value: 0.7479406497825531 and parameters: {'max_depth': 19, 'learning_rate': 0.027334699997251282, 'subsample': 0.8436627725793674, 'colsample_bytree': 0.7699375128112202, 'reg_alpha': 0.02112885955503514, 'reg_lambda': 1.960306154034661e-05, 'min_child_weight': 13, 'gamma': 0.11797723763956669, 'num_boost_round': 707}. Best is trial 250 with value: 0.7498848810437452.
