# [I 2024-01-24 19:27:30,807] Trial 361 finished with value: 0.7479918137631107 and parameters: {'max_depth': 21, 'learning_rate': 0.07604379562063895, 'subsample': 0.7022430134728979, 'colsample_bytree': 0.7149760036767493, 'reg_alpha': 0.013503016313168059, 'reg_lambda': 0.00012185939487993402, 'min_child_weight': 15, 'gamma': 0.10424683928597756, 'num_boost_round': 507}. Best is trial 243 with value: 0.750422102839601.
# [I 2024-01-24 19:27:46,336] Trial 362 finished with value: 0.749270913277053 and parameters: {'max_depth': 22, 'learning_rate': 0.06535820900242444, 'subsample': 0.9721309803344643, 'colsample_bytree': 0.7000139242435404, 'reg_alpha': 0.05998000885275294, 'reg_lambda': 5.924960020684139e-06, 'min_child_weight': 15, 'gamma': 0.4087948084643277, 'num_boost_round': 557}. Best is trial 243 with value: 0.750422102839601.
# [I 2024-01-24 19:28:02,354] Trial 363 finished with value: 0.7489383474034279 and parameters: {'max_depth': 25, 'learning_rate': 0.05379180754789431, 'subsample': 0.9548580363967603, 'colsample_bytree': 0.7061425581000524, 'reg_alpha': 0.4269005302031313, 'reg_lambda': 0.00046733521650702816, 'min_child_weight': 16, 'gamma': 0.4545259258799189, 'num_boost_round': 566}. Best is trial 243 with value: 0.750422102839601.
# [I 2024-01-24 19:28:17,376] Trial 364 finished with value: 0.7503453568687644 and parameters: {'max_depth': 24, 'learning_rate': 0.060610486998204566, 'subsample': 0.9906638467056794, 'colsample_bytree': 0.7203240315165619, 'reg_alpha': 0.9767827681959972, 'reg_lambda': 6.711384214253154e-05, 'min_child_weight': 17, 'gamma': 0.4206162915330285, 'num_boost_round': 526}. Best is trial 243 with value: 0.750422102839601.
# [I 2024-01-24 19:28:30,362] Trial 365 finished with value: 0.7488360194423126 and parameters: {'max_depth': 24, 'learning_rate': 0.05676537462848526, 'subsample': 0.9915325639632319, 'colsample_bytree': 0.7534105138892584, 'reg_alpha': 0.7971799560636708, 'reg_lambda': 0.029523080161456612, 'min_child_weight': 17, 'gamma': 0.4303598202783456, 'num_boost_round': 511}. Best is trial 243 with value: 0.750422102839601.
# [I 2024-01-24 19:28:45,751] Trial 366 finished with value: 0.7496034791506779 and parameters: {'max_depth': 23, 'learning_rate': 0.05952951434195671, 'subsample': 0.9894093599204992, 'colsample_bytree': 0.7335254374424635, 'reg_alpha': 0.9973717454012061, 'reg_lambda': 6.92526504461048e-05, 'min_child_weight': 15, 'gamma': 0.4149620565171057, 'num_boost_round': 522}. Best is trial 243 with value: 0.750422102839601.
# [I 2024-01-24 19:28:57,349] Trial 367 finished with value: 0.7488616014325915 and parameters: {'max_depth': 23, 'learning_rate': 0.06091385511985881, 'subsample': 0.9974581830318641, 'colsample_bytree': 0.7348425203039936, 'reg_alpha': 0.9936164734294158, 'reg_lambda': 7.107050672487075e-05, 'min_child_weight': 15, 'gamma': 0.42391756323634294, 'num_boost_round': 525}. Best is trial 243 with value: 0.750422102839601.
# [I 2024-01-24 19:29:13,222] Trial 368 finished with value: 0.7493732412381684 and parameters: {'max_depth': 23, 'learning_rate': 0.060603522782831654, 'subsample': 0.9874866253033343, 'colsample_bytree': 0.7406876534316776, 'reg_alpha': 0.8069854824718106, 'reg_lambda': 6.121859200744388e-05, 'min_child_weight': 14, 'gamma': 0.4389921384055681, 'num_boost_round': 524}. Best is trial 243 with value: 0.750422102839601.
# [I 2024-01-24 19:29:27,288] Trial 369 finished with value: 0.749091839345101 and parameters: {'max_depth': 23, 'learning_rate': 0.06748706580894831, 'subsample': 0.9949144130294234, 'colsample_bytree': 0.7350463512802518, 'reg_alpha': 0.9984381193154205, 'reg_lambda': 8.333589959505114e-05, 'min_child_weight': 15, 'gamma': 0.4168145586801347, 'num_boost_round': 512}. Best is trial 243 with value: 0.750422102839601.
# [I 2024-01-24 19:29:46,766] Trial 370 finished with value: 0.7403683806600154 and parameters: {'max_depth': 24, 'learning_rate': 0.008600300622674369, 'subsample': 0.9903322490335907, 'colsample_bytree': 0.7294836089781604, 'reg_alpha': 0.6672659758045052, 'reg_lambda': 5.502313325786999e-05, 'min_child_weight': 13, 'gamma': 0.43423272587368966, 'num_boost_round': 531}. Best is trial 243 with value: 0.750422102839601.
# [I 2024-01-24 19:29:58,490] Trial 371 finished with value: 0.7481453057047838 and parameters: {'max_depth': 23, 'learning_rate': 0.07198741516460426, 'subsample': 0.9846496808984645, 'colsample_bytree': 0.7458466701422423, 'reg_alpha': 0.560527372481071, 'reg_lambda': 7.567960209310892e-05, 'min_child_weight': 15, 'gamma': 0.4233894763682249, 'num_boost_round': 539}. Best is trial 243 with value: 0.750422102839601.
# [I 2024-01-24 19:30:07,670] Trial 372 finished with value: 0.7472755180353031 and parameters: {'max_depth': 22, 'learning_rate': 0.0856443265201413, 'subsample': 0.9907840102909432, 'colsample_bytree': 0.7250043373119371, 'reg_alpha': 0.7788594481006648, 'reg_lambda': 9.41335217672649e-05, 'min_child_weight': 16, 'gamma': 0.41215784640673736, 'num_boost_round': 519}. Best is trial 243 with value: 0.750422102839601.
# [I 2024-01-24 19:30:21,291] Trial 373 finished with value: 0.7482987976464569 and parameters: {'max_depth': 24, 'learning_rate': 0.05920323201908994, 'subsample': 0.9996054719695748, 'colsample_bytree': 0.7280803568062049, 'reg_alpha': 0.6455185905071373, 'reg_lambda': 0.11471855289622603, 'min_child_weight': 16, 'gamma': 0.4150616932892313, 'num_boost_round': 502}. Best is trial 243 with value: 0.750422102839601.
# [I 2024-01-24 19:30:37,811] Trial 374 finished with value: 0.7477359938603223 and parameters: {'max_depth': 22, 'learning_rate': 0.05367798061860093, 'subsample': 0.9820756545901771, 'colsample_bytree': 0.722865771092591, 'reg_alpha': 0.040459234307867374, 'reg_lambda': 4.482354574382622e-05, 'min_child_weight': 17, 'gamma': 0.11830771684569923, 'num_boost_round': 547}. Best is trial 243 with value: 0.750422102839601.
# [I 2024-01-24 19:30:49,233] Trial 375 finished with value: 0.7471731900741878 and parameters: {'max_depth': 20, 'learning_rate': 0.06452433239991413, 'subsample': 0.9810542040933221, 'colsample_bytree': 0.7704188895909204, 'reg_alpha': 0.9652749334600226, 'reg_lambda': 0.00011845671704991207, 'min_child_weight': 14, 'gamma': 0.4057711768627208, 'num_boost_round': 473}. Best is trial 243 with value: 0.750422102839601.
# [I 2024-01-24 19:31:02,352] Trial 376 finished with value: 0.7491685853159376 and parameters: {'max_depth': 24, 'learning_rate': 0.07525062909597648, 'subsample': 0.9912301549932722, 'colsample_bytree': 0.738407099941553, 'reg_alpha': 0.4893032736236448, 'reg_lambda': 7.323333363834427e-05, 'min_child_weight': 16, 'gamma': 0.03292197180161696, 'num_boost_round': 529}. Best is trial 243 with value: 0.750422102839601.
# [I 2024-01-24 19:31:16,855] Trial 377 finished with value: 0.7483499616270146 and parameters: {'max_depth': 24, 'learning_rate': 0.05750323690267554, 'subsample': 0.9858754289675947, 'colsample_bytree': 0.7195420359601834, 'reg_alpha': 0.7522096523081192, 'reg_lambda': 5.735727132092324e-05, 'min_child_weight': 15, 'gamma': 0.46029605320511763, 'num_boost_round': 494}. Best is trial 243 with value: 0.750422102839601.
# [I 2024-01-24 19:31:33,785] Trial 378 finished with value: 0.7481708876950627 and parameters: {'max_depth': 24, 'learning_rate': 0.06219540523227464, 'subsample': 0.8748744049635766, 'colsample_bytree': 0.7303526126656269, 'reg_alpha': 0.5524840892121095, 'reg_lambda': 0.00010924562052749373, 'min_child_weight': 12, 'gamma': 0.08823380869915992, 'num_boost_round': 541}. Best is trial 243 with value: 0.750422102839601.
# [I 2024-01-24 19:31:46,465] Trial 379 finished with value: 0.7491685853159376 and parameters: {'max_depth': 23, 'learning_rate': 0.06814152059577833, 'subsample': 0.9330705040623133, 'colsample_bytree': 0.7182967276532585, 'reg_alpha': 0.9563019185998324, 'reg_lambda': 9.345319082047345e-06, 'min_child_weight': 16, 'gamma': 0.4472820802067441, 'num_boost_round': 485}. Best is trial 243 with value: 0.750422102839601.
# [I 2024-01-24 19:32:03,526] Trial 380 finished with value: 0.749424405218726 and parameters: {'max_depth': 30, 'learning_rate': 0.052333027219761276, 'subsample': 0.978656887619113, 'colsample_bytree': 0.7247980089232867, 'reg_alpha': 0.7265426809712845, 'reg_lambda': 3.7321119167150686e-05, 'min_child_weight': 14, 'gamma': 0.4225438073837748, 'num_boost_round': 590}. Best is trial 243 with value: 0.750422102839601.
# [I 2024-01-24 19:32:14,319] Trial 381 finished with value: 0.7480685597339474 and parameters: {'max_depth': 23, 'learning_rate': 0.07257773022451897, 'subsample': 0.9875137386345268, 'colsample_bytree': 0.7144188153522195, 'reg_alpha': 0.44554694318042315, 'reg_lambda': 0.0008501055795997725, 'min_child_weight': 15, 'gamma': 0.4045753618887446, 'num_boost_round': 514}. Best is trial 243 with value: 0.750422102839601.
# [I 2024-01-24 19:32:28,058] Trial 382 finished with value: 0.7484778715784088 and parameters: {'max_depth': 28, 'learning_rate': 0.06424093535731988, 'subsample': 0.97284659592723, 'colsample_bytree': 0.7205132239734715, 'reg_alpha': 0.5888844808136672, 'reg_lambda': 0.00014029273300402044, 'min_child_weight': 15, 'gamma': 0.43236603779016797, 'num_boost_round': 528}. Best is trial 243 with value: 0.750422102839601.
# [I 2024-01-24 19:32:40,232] Trial 383 finished with value: 0.7483243796367358 and parameters: {'max_depth': 29, 'learning_rate': 0.07951492592779506, 'subsample': 0.7636264585798951, 'colsample_bytree': 0.7347144064389352, 'reg_alpha': 0.7849945572199277, 'reg_lambda': 8.58597455579517e-05, 'min_child_weight': 13, 'gamma': 0.41502068804721826, 'num_boost_round': 808}. Best is trial 243 with value: 0.750422102839601.
# [I 2024-01-24 19:32:47,554] Trial 384 finished with value: 0.7455615246866206 and parameters: {'max_depth': 17, 'learning_rate': 0.10287356919748991, 'subsample': 0.9448189604768529, 'colsample_bytree': 0.7109968296645973, 'reg_alpha': 0.956980386789974, 'reg_lambda': 0.007919923986326965, 'min_child_weight': 16, 'gamma': 0.42507678967550594, 'num_boost_round': 548}. Best is trial 243 with value: 0.750422102839601.
# [I 2024-01-24 19:33:05,222] Trial 385 finished with value: 0.7491941673062164 and parameters: {'max_depth': 25, 'learning_rate': 0.05775438988687304, 'subsample': 0.9791325438451716, 'colsample_bytree': 0.7291476090776816, 'reg_alpha': 0.3612116373374726, 'reg_lambda': 0.00036993791616266356, 'min_child_weight': 17, 'gamma': 0.2280175076402199, 'num_boost_round': 502}. Best is trial 243 with value: 0.750422102839601.
# [I 2024-01-24 19:33:18,718] Trial 386 finished with value: 0.7484778715784088 and parameters: {'max_depth': 23, 'learning_rate': 0.06733142696441802, 'subsample': 0.9929968941747909, 'colsample_bytree': 0.7170575818539688, 'reg_alpha': 0.6348488554582724, 'reg_lambda': 5.439438350094231e-05, 'min_child_weight': 3, 'gamma': 0.47360781012014563, 'num_boost_round': 579}. Best is trial 243 with value: 0.750422102839601.
# [I 2024-01-24 19:33:31,692] Trial 387 finished with value: 0.7475825019186493 and parameters: {'max_depth': 24, 'learning_rate': 0.05460277007801842, 'subsample': 0.9604848584176329, 'colsample_bytree': 0.7113763299602325, 'reg_alpha': 0.45088806989537894, 'reg_lambda': 1.3269661584277926e-05, 'min_child_weight': 17, 'gamma': 0.39797329912324414, 'num_boost_round': 633}. Best is trial 243 with value: 0.750422102839601.
# [I 2024-01-24 19:33:45,227] Trial 388 finished with value: 0.7491430033256588 and parameters: {'max_depth': 29, 'learning_rate': 0.06104652036280276, 'subsample': 0.9833654565696005, 'colsample_bytree': 0.7212887872561964, 'reg_alpha': 0.665857855376756, 'reg_lambda': 0.00015334973375605483, 'min_child_weight': 16, 'gamma': 0.48616940728099944, 'num_boost_round': 534}. Best is trial 243 with value: 0.750422102839601.
# [I 2024-01-24 19:34:01,736] Trial 389 finished with value: 0.748119723714505 and parameters: {'max_depth': 25, 'learning_rate': 0.04851900474786425, 'subsample': 0.9743072033077129, 'colsample_bytree': 0.7131340937565878, 'reg_alpha': 0.9880993412639516, 'reg_lambda': 0.07340434091001302, 'min_child_weight': 17, 'gamma': 0.40829816239743066, 'num_boost_round': 466}. Best is trial 243 with value: 0.750422102839601.
# [I 2024-01-24 19:34:12,913] Trial 390 finished with value: 0.7483499616270146 and parameters: {'max_depth': 22, 'learning_rate': 0.07123401397460535, 'subsample': 0.9998328677149027, 'colsample_bytree': 0.7255575704990743, 'reg_alpha': 0.5395295385805966, 'reg_lambda': 6.71166199374178e-05, 'min_child_weight': 13, 'gamma': 0.418535625982027, 'num_boost_round': 522}. Best is trial 243 with value: 0.750422102839601.
# [I 2024-01-24 19:34:25,078] Trial 391 finished with value: 0.7477104118700435 and parameters: {'max_depth': 23, 'learning_rate': 0.06326299930718157, 'subsample': 0.9682633829382784, 'colsample_bytree': 0.706749654868579, 'reg_alpha': 0.3320302029155124, 'reg_lambda': 0.00023076196892958168, 'min_child_weight': 15, 'gamma': 0.4431676002150813, 'num_boost_round': 479}. Best is trial 243 with value: 0.750422102839601.
# [I 2024-01-24 19:34:36,369] Trial 392 finished with value: 0.743540547454592 and parameters: {'max_depth': 9, 'learning_rate': 0.05610536134738613, 'subsample': 0.9453524177455152, 'colsample_bytree': 0.7315545468277347, 'reg_alpha': 0.7698459496195335, 'reg_lambda': 0.0001002304439033629, 'min_child_weight': 5, 'gamma': 0.3113416667948056, 'num_boost_round': 570}. Best is trial 243 with value: 0.750422102839601.
# [I 2024-01-24 19:34:46,801] Trial 393 finished with value: 0.7471220260936301 and parameters: {'max_depth': 22, 'learning_rate': 0.07524106544393042, 'subsample': 0.9884438737577887, 'colsample_bytree': 0.7176564614211063, 'reg_alpha': 0.9919306084685959, 'reg_lambda': 0.0006556802863897262, 'min_child_weight': 18, 'gamma': 0.06961232903573122, 'num_boost_round': 553}. Best is trial 243 with value: 0.750422102839601.
# [I 2024-01-24 19:34:56,165] Trial 394 finished with value: 0.7466871322588897 and parameters: {'max_depth': 19, 'learning_rate': 0.09220755975281583, 'subsample': 0.9784161190358579, 'colsample_bytree': 0.84017606425873, 'reg_alpha': 0.02231087754144829, 'reg_lambda': 4.162250325001242e-05, 'min_child_weight': 14, 'gamma': 0.4337886176307026, 'num_boost_round': 822}. Best is trial 243 with value: 0.750422102839601.
# [I 2024-01-24 19:35:14,174] Trial 395 finished with value: 0.7492453312867742 and parameters: {'max_depth': 25, 'learning_rate': 0.051304871962161464, 'subsample': 0.937655863229512, 'colsample_bytree': 0.7107460514116868, 'reg_alpha': 0.5357316472569686, 'reg_lambda': 5.7506022916650475e-06, 'min_child_weight': 16, 'gamma': 0.39827818317726826, 'num_boost_round': 458}. Best is trial 243 with value: 0.750422102839601.
# [I 2024-01-24 19:35:26,161] Trial 396 finished with value: 0.7481964696853416 and parameters: {'max_depth': 21, 'learning_rate': 0.06783215617916613, 'subsample': 0.9499392475021315, 'colsample_bytree': 0.7003186071314951, 'reg_alpha': 0.42200934007635604, 'reg_lambda': 0.00011418239003724213, 'min_child_weight': 15, 'gamma': 0.4074512398631518, 'num_boost_round': 539}. Best is trial 243 with value: 0.750422102839601.
# [I 2024-01-24 19:35:39,669] Trial 397 finished with value: 0.7480173957533895 and parameters: {'max_depth': 24, 'learning_rate': 0.06072209954687916, 'subsample': 0.9240746542379729, 'colsample_bytree': 0.7190551129524803, 'reg_alpha': 0.6588171421530563, 'reg_lambda': 5.141345427321621e-05, 'min_child_weight': 16, 'gamma': 0.4999970302106186, 'num_boost_round': 562}. Best is trial 243 with value: 0.750422102839601.
# [I 2024-01-24 19:35:52,168] Trial 398 finished with value: 0.748119723714505 and parameters: {'max_depth': 28, 'learning_rate': 0.08111295453966787, 'subsample': 0.9625036556214499, 'colsample_bytree': 0.7413617754907667, 'reg_alpha': 0.23995278856505933, 'reg_lambda': 8.009632547994065e-05, 'min_child_weight': 12, 'gamma': 0.39033291511125645, 'num_boost_round': 511}. Best is trial 243 with value: 0.750422102839601.
# [I 2024-01-24 19:35:59,053] Trial 399 finished with value: 0.7335124072652852 and parameters: {'max_depth': 29, 'learning_rate': 0.005061482504973073, 'subsample': 0.9931885168257513, 'colsample_bytree': 0.7053033505178481, 'reg_alpha': 0.08793370066636078, 'reg_lambda': 0.00016640826664203627, 'min_child_weight': 17, 'gamma': 0.37783991711427084, 'num_boost_round': 497}. Best is trial 243 with value: 0.750422102839601.
# [I 2024-01-24 19:36:12,259] Trial 400 finished with value: 0.747147608083909 and parameters: {'max_depth': 30, 'learning_rate': 0.05806282540044378, 'subsample': 0.9830134221412652, 'colsample_bytree': 0.7114624398202647, 'reg_alpha': 0.7643829713758283, 'reg_lambda': 6.542668456167253e-05, 'min_child_weight': 14, 'gamma': 0.2905813457086124, 'num_boost_round': 548}. Best is trial 243 with value: 0.750422102839601.
# [I 2024-01-24 19:36:27,527] Trial 401 finished with value: 0.7482987976464569 and parameters: {'max_depth': 24, 'learning_rate': 0.06506714055319536, 'subsample': 0.9715816897964095, 'colsample_bytree': 0.7245237045322371, 'reg_alpha': 0.010362660262416837, 'reg_lambda': 3.357888694121135e-05, 'min_child_weight': 18, 'gamma': 0.4260150096668703, 'num_boost_round': 520}. Best is trial 243 with value: 0.750422102839601.
# [I 2024-01-24 19:36:37,686] Trial 402 finished with value: 0.7474034279866973 and parameters: {'max_depth': 23, 'learning_rate': 0.07136978171633093, 'subsample': 0.9575540616227165, 'colsample_bytree': 0.7158668518223263, 'reg_alpha': 0.996481166973039, 'reg_lambda': 0.0002977208260455944, 'min_child_weight': 15, 'gamma': 0.4178970470057206, 'num_boost_round': 536}. Best is trial 243 with value: 0.750422102839601.
# [I 2024-01-24 19:36:53,718] Trial 403 finished with value: 0.7490662573548221 and parameters: {'max_depth': 25, 'learning_rate': 0.05427877014407657, 'subsample': 0.977642421892152, 'colsample_bytree': 0.7057650003831886, 'reg_alpha': 0.31127976335465346, 'reg_lambda': 0.00021319071898631806, 'min_child_weight': 16, 'gamma': 0.4025001845158461, 'num_boost_round': 574}. Best is trial 243 with value: 0.750422102839601.
# [I 2024-01-24 19:37:05,069] Trial 404 finished with value: 0.7453057047838322 and parameters: {'max_depth': 18, 'learning_rate': 0.04956118298185774, 'subsample': 0.9863897060820037, 'colsample_bytree': 0.7328178268137793, 'reg_alpha': 0.45392404830284444, 'reg_lambda': 0.00010228954172866899, 'min_child_weight': 16, 'gamma': 0.41092792273045886, 'num_boost_round': 451}. Best is trial 243 with value: 0.750422102839601.
# [I 2024-01-24 19:37:16,228] Trial 405 finished with value: 0.7488871834228703 and parameters: {'max_depth': 27, 'learning_rate': 0.08632481639767087, 'subsample': 0.9670152098660832, 'colsample_bytree': 0.7102961785984998, 'reg_alpha': 0.6477972051246547, 'reg_lambda': 9.405858479999213e-06, 'min_child_weight': 17, 'gamma': 0.4378215685313791, 'num_boost_round': 553}. Best is trial 243 with value: 0.750422102839601.
# [I 2024-01-24 19:37:30,665] Trial 406 finished with value: 0.7497058071117932 and parameters: {'max_depth': 24, 'learning_rate': 0.06168072653283423, 'subsample': 0.9536200537650174, 'colsample_bytree': 0.7241552347545123, 'reg_alpha': 0.5270827291221335, 'reg_lambda': 4.728573266233776e-05, 'min_child_weight': 14, 'gamma': 0.38528081460198027, 'num_boost_round': 474}. Best is trial 243 with value: 0.750422102839601.
# [I 2024-01-24 19:37:45,707] Trial 407 finished with value: 0.747454591967255 and parameters: {'max_depth': 24, 'learning_rate': 0.0621466274271117, 'subsample': 0.9429383817319461, 'colsample_bytree': 0.7387612208119656, 'reg_alpha': 0.18696439800011713, 'reg_lambda': 4.423634029160362e-05, 'min_child_weight': 14, 'gamma': 0.35907658984600654, 'num_boost_round': 472}. Best is trial 243 with value: 0.750422102839601.
# [I 2024-01-24 19:37:57,238] Trial 408 finished with value: 0.7460987464824763 and parameters: {'max_depth': 24, 'learning_rate': 0.057207260597269514, 'subsample': 0.9484181064482838, 'colsample_bytree': 0.7268461804569321, 'reg_alpha': 0.3331445886477295, 'reg_lambda': 3.4515472510160106e-05, 'min_child_weight': 14, 'gamma': 0.3884350669996129, 'num_boost_round': 480}. Best is trial 243 with value: 0.750422102839601.
# [I 2024-01-24 19:38:09,305] Trial 409 finished with value: 0.7485801995395241 and parameters: {'max_depth': 25, 'learning_rate': 0.07655546683549737, 'subsample': 0.9316012807207028, 'colsample_bytree': 0.7318496336802875, 'reg_alpha': 0.4570069195614622, 'reg_lambda': 2.6398662316121954e-05, 'min_child_weight': 14, 'gamma': 0.38281021635957624, 'num_boost_round': 493}. Best is trial 243 with value: 0.750422102839601.
# [I 2024-01-24 19:38:23,507] Trial 410 finished with value: 0.7490662573548221 and parameters: {'max_depth': 24, 'learning_rate': 0.06915067596250675, 'subsample': 0.952141125965577, 'colsample_bytree': 0.7236889338836849, 'reg_alpha': 0.24727567577803905, 'reg_lambda': 5.776775143825765e-05, 'min_child_weight': 19, 'gamma': 0.3748354952296373, 'num_boost_round': 461}. Best is trial 243 with value: 0.750422102839601.
# [I 2024-01-24 19:38:49,778] Trial 411 finished with value: 0.7473522640061396 and parameters: {'max_depth': 23, 'learning_rate': 0.02452885899521023, 'subsample': 0.9940835128328398, 'colsample_bytree': 0.7197391766968313, 'reg_alpha': 0.5484351939603698, 'reg_lambda': 8.031093002490904e-05, 'min_child_weight': 13, 'gamma': 0.37145907974488274, 'num_boost_round': 654}. Best is trial 243 with value: 0.750422102839601.
# [I 2024-01-24 19:39:03,514] Trial 412 finished with value: 0.7467894602200051 and parameters: {'max_depth': 24, 'learning_rate': 0.05244555877810083, 'subsample': 0.9389481807739304, 'colsample_bytree': 0.7494887032451518, 'reg_alpha': 0.036739004495424686, 'reg_lambda': 1.5074581949378433e-05, 'min_child_weight': 13, 'gamma': 0.3987246030825985, 'num_boost_round': 484}. Best is trial 243 with value: 0.750422102839601.
