# [I 2024-01-17 19:22:22,453] Trial 154 finished with value: 0.7481453057047838 and parameters: {'max_depth': 18, 'learning_rate': 0.06931016204059391, 'subsample': 0.8304982222717181, 'colsample_bytree': 0.7555787240411006, 'reg_alpha': 0.0009782095374437872, 'reg_lambda': 0.0002863579682462439, 'min_child_weight': 12, 'gamma': 0.07499620986018421, 'num_boost_round': 484}. Best is trial 73 with value: 0.7495011511895626.
# [I 2024-01-17 19:22:38,482] Trial 155 finished with value: 0.7473266820158608 and parameters: {'max_depth': 19, 'learning_rate': 0.07323922961129285, 'subsample': 0.769764850629967, 'colsample_bytree': 0.7615289712147902, 'reg_alpha': 0.00020299822683688104, 'reg_lambda': 0.0023300195032527177, 'min_child_weight': 11, 'gamma': 0.03126840932665324, 'num_boost_round': 620}. Best is trial 73 with value: 0.7495011511895626.
# [I 2024-01-17 19:22:47,716] Trial 156 finished with value: 0.746482476336659 and parameters: {'max_depth': 16, 'learning_rate': 0.1063740624717202, 'subsample': 0.8005138809963864, 'colsample_bytree': 0.8226260352952361, 'reg_alpha': 8.834965573506701e-05, 'reg_lambda': 0.00488761140089149, 'min_child_weight': 15, 'gamma': 0.1595790807573863, 'num_boost_round': 644}. Best is trial 73 with value: 0.7495011511895626.
# [I 2024-01-17 19:23:01,081] Trial 157 finished with value: 0.7465592223074955 and parameters: {'max_depth': 15, 'learning_rate': 0.05633879350144638, 'subsample': 0.7812403236293481, 'colsample_bytree': 0.7925898844772377, 'reg_alpha': 0.00010530035410727307, 'reg_lambda': 0.001257700558815058, 'min_child_weight': 10, 'gamma': 0.16351283320348087, 'num_boost_round': 630}. Best is trial 73 with value: 0.7495011511895626.
# [I 2024-01-17 19:23:09,437] Trial 158 finished with value: 0.7466615502686109 and parameters: {'max_depth': 15, 'learning_rate': 0.10412267954106998, 'subsample': 0.7542349961429835, 'colsample_bytree': 0.7659841164612551, 'reg_alpha': 0.0004479925699493331, 'reg_lambda': 0.0020827401839633333, 'min_child_weight': 15, 'gamma': 0.08621798157594862, 'num_boost_round': 537}. Best is trial 73 with value: 0.7495011511895626.
# [I 2024-01-17 19:23:19,678] Trial 159 finished with value: 0.7473266820158608 and parameters: {'max_depth': 16, 'learning_rate': 0.10656131435556311, 'subsample': 0.7701965748104643, 'colsample_bytree': 0.8056095484497123, 'reg_alpha': 0.00047400311023016134, 'reg_lambda': 0.0004903539053517959, 'min_child_weight': 15, 'gamma': 0.07507134403791925, 'num_boost_round': 652}. Best is trial 73 with value: 0.7495011511895626.
# [I 2024-01-17 19:23:38,463] Trial 160 finished with value: 0.7470452801227936 and parameters: {'max_depth': 18, 'learning_rate': 0.04753850631106166, 'subsample': 0.7834319634095859, 'colsample_bytree': 0.779528609780568, 'reg_alpha': 0.00024911568624529844, 'reg_lambda': 0.002325559639214015, 'min_child_weight': 12, 'gamma': 0.14709748531839006, 'num_boost_round': 554}. Best is trial 73 with value: 0.7495011511895626.
# [I 2024-01-17 19:23:46,753] Trial 161 finished with value: 0.7467382962394474 and parameters: {'max_depth': 15, 'learning_rate': 0.10783391411149108, 'subsample': 0.8117885721783231, 'colsample_bytree': 0.7431781467717073, 'reg_alpha': 0.0005044253464951199, 'reg_lambda': 0.00018988270068177518, 'min_child_weight': 13, 'gamma': 0.03709329556047818, 'num_boost_round': 677}. Best is trial 73 with value: 0.7495011511895626.
# [I 2024-01-17 19:23:59,175] Trial 162 finished with value: 0.7478639038117165 and parameters: {'max_depth': 18, 'learning_rate': 0.08073320725214345, 'subsample': 0.7273322131381229, 'colsample_bytree': 0.7591384564649822, 'reg_alpha': 0.002156030516527906, 'reg_lambda': 0.0013530354437291568, 'min_child_weight': 17, 'gamma': 0.07113369431463448, 'num_boost_round': 671}. Best is trial 73 with value: 0.7495011511895626.
# [I 2024-01-17 19:24:10,660] Trial 163 finished with value: 0.7471731900741878 and parameters: {'max_depth': 18, 'learning_rate': 0.08835466885183625, 'subsample': 0.7548209961513207, 'colsample_bytree': 0.7754726664142768, 'reg_alpha': 0.00036352668273700043, 'reg_lambda': 0.005147800701362978, 'min_child_weight': 9, 'gamma': 0.08390655884582962, 'num_boost_round': 644}. Best is trial 73 with value: 0.7495011511895626.
# [I 2024-01-17 19:24:23,782] Trial 164 finished with value: 0.7468150422102839 and parameters: {'max_depth': 20, 'learning_rate': 0.08259553996383409, 'subsample': 0.7948791576913194, 'colsample_bytree': 0.8017113213098033, 'reg_alpha': 0.0012445219695765358, 'reg_lambda': 0.0016067056054195085, 'min_child_weight': 10, 'gamma': 0.002888293056505814, 'num_boost_round': 669}. Best is trial 73 with value: 0.7495011511895626.
# [I 2024-01-17 19:24:41,861] Trial 165 finished with value: 0.7480173957533895 and parameters: {'max_depth': 18, 'learning_rate': 0.059544190850263676, 'subsample': 0.7344154986280347, 'colsample_bytree': 0.7619416929440498, 'reg_alpha': 0.00011141797462311598, 'reg_lambda': 0.026302234986662454, 'min_child_weight': 12, 'gamma': 0.09297528304307998, 'num_boost_round': 630}. Best is trial 73 with value: 0.7495011511895626.
# [I 2024-01-17 19:24:57,267] Trial 166 finished with value: 0.7467894602200051 and parameters: {'max_depth': 18, 'learning_rate': 0.061717793032787766, 'subsample': 0.8516124140675554, 'colsample_bytree': 0.7300986296949706, 'reg_alpha': 0.0002852241311114025, 'reg_lambda': 0.002453522106594466, 'min_child_weight': 7, 'gamma': 0.09997107878260206, 'num_boost_round': 671}. Best is trial 73 with value: 0.7495011511895626.
# [I 2024-01-17 19:25:14,929] Trial 167 finished with value: 0.7473778459964185 and parameters: {'max_depth': 19, 'learning_rate': 0.052170637629490604, 'subsample': 0.799828687171912, 'colsample_bytree': 0.8177663561710272, 'reg_alpha': 0.00014118164917417594, 'reg_lambda': 0.00014831151706238535, 'min_child_weight': 9, 'gamma': 0.07655628982917975, 'num_boost_round': 622}. Best is trial 73 with value: 0.7495011511895626.
# [I 2024-01-17 19:25:29,513] Trial 168 finished with value: 0.7468662061908417 and parameters: {'max_depth': 19, 'learning_rate': 0.06249421836949514, 'subsample': 0.7708210386889582, 'colsample_bytree': 0.740199823222933, 'reg_alpha': 0.00017414278489951874, 'reg_lambda': 0.0005777983644771502, 'min_child_weight': 11, 'gamma': 0.1278628572468631, 'num_boost_round': 571}. Best is trial 73 with value: 0.7495011511895626.
# [I 2024-01-17 19:25:43,624] Trial 169 finished with value: 0.7490406753645433 and parameters: {'max_depth': 19, 'learning_rate': 0.07282320485272635, 'subsample': 0.7573747830869124, 'colsample_bytree': 0.827322745996028, 'reg_alpha': 0.00047696679181457067, 'reg_lambda': 0.011608076989208222, 'min_child_weight': 16, 'gamma': 0.07982482186101766, 'num_boost_round': 630}. Best is trial 73 with value: 0.7495011511895626.
# [I 2024-01-17 19:25:57,566] Trial 170 finished with value: 0.7439242773087746 and parameters: {'max_depth': 16, 'learning_rate': 0.03899942820682474, 'subsample': 0.7631292779068333, 'colsample_bytree': 0.7636946314379719, 'reg_alpha': 0.0002687439316790578, 'reg_lambda': 0.0007136456689045453, 'min_child_weight': 10, 'gamma': 0.12160202301519837, 'num_boost_round': 707}. Best is trial 73 with value: 0.7495011511895626.
# [I 2024-01-17 19:26:07,285] Trial 171 finished with value: 0.7464313123561013 and parameters: {'max_depth': 18, 'learning_rate': 0.09674105249900262, 'subsample': 0.7304550629577422, 'colsample_bytree': 0.7864532011162751, 'reg_alpha': 6.226221269963463e-05, 'reg_lambda': 0.026122153420421873, 'min_child_weight': 12, 'gamma': 0.14254739293485547, 'num_boost_round': 612}. Best is trial 73 with value: 0.7495011511895626.
# [I 2024-01-17 19:26:17,040] Trial 172 finished with value: 0.7459196725505244 and parameters: {'max_depth': 20, 'learning_rate': 0.0945299380269054, 'subsample': 0.7014018967449366, 'colsample_bytree': 0.8025222870195503, 'reg_alpha': 7.234897047890905e-05, 'reg_lambda': 0.032074422707985516, 'min_child_weight': 15, 'gamma': 0.09185467401999126, 'num_boost_round': 622}. Best is trial 73 with value: 0.7495011511895626.
# [I 2024-01-17 19:26:25,535] Trial 173 finished with value: 0.7467127142491685 and parameters: {'max_depth': 19, 'learning_rate': 0.12188781513247805, 'subsample': 0.728958381064882, 'colsample_bytree': 0.7521328450199616, 'reg_alpha': 6.18564083461882e-05, 'reg_lambda': 0.025281258979774155, 'min_child_weight': 14, 'gamma': 0.11618243981435336, 'num_boost_round': 638}. Best is trial 73 with value: 0.7495011511895626.
# [I 2024-01-17 19:26:41,403] Trial 174 finished with value: 0.7475313379380916 and parameters: {'max_depth': 19, 'learning_rate': 0.06499491233285658, 'subsample': 0.7658629541070621, 'colsample_bytree': 0.7472725964664291, 'reg_alpha': 0.0016706281000597374, 'reg_lambda': 0.010031392152678002, 'min_child_weight': 11, 'gamma': 0.1346011255244608, 'num_boost_round': 596}. Best is trial 73 with value: 0.7495011511895626.
# [I 2024-01-17 19:26:59,463] Trial 175 finished with value: 0.7467382962394474 and parameters: {'max_depth': 19, 'learning_rate': 0.03916783657864763, 'subsample': 0.7579152889458771, 'colsample_bytree': 0.7823193633762447, 'reg_alpha': 0.008836480214863322, 'reg_lambda': 0.0006375380697446685, 'min_child_weight': 13, 'gamma': 0.13720868934746688, 'num_boost_round': 628}. Best is trial 73 with value: 0.7495011511895626.
# [I 2024-01-17 19:27:12,061] Trial 176 finished with value: 0.7480173957533895 and parameters: {'max_depth': 18, 'learning_rate': 0.0905972975267971, 'subsample': 0.7571062128889596, 'colsample_bytree': 0.7767243553922123, 'reg_alpha': 5.502681118164885e-05, 'reg_lambda': 0.0016915920349446225, 'min_child_weight': 15, 'gamma': 0.05475295163728704, 'num_boost_round': 605}. Best is trial 73 with value: 0.7495011511895626.
# [I 2024-01-17 19:27:30,155] Trial 177 finished with value: 0.7465848042977743 and parameters: {'max_depth': 19, 'learning_rate': 0.03882140178235767, 'subsample': 0.7795652624170205, 'colsample_bytree': 0.7900115348333974, 'reg_alpha': 0.005026022097574141, 'reg_lambda': 0.048938237285808504, 'min_child_weight': 17, 'gamma': 0.09020631842095175, 'num_boost_round': 612}. Best is trial 73 with value: 0.7495011511895626.
# [I 2024-01-17 19:27:47,030] Trial 178 finished with value: 0.7450243028907648 and parameters: {'max_depth': 20, 'learning_rate': 0.04375684216784464, 'subsample': 0.7237401721495744, 'colsample_bytree': 0.8458881224286194, 'reg_alpha': 7.55403006236304e-05, 'reg_lambda': 0.007912723210943873, 'min_child_weight': 17, 'gamma': 0.1750128443073761, 'num_boost_round': 586}. Best is trial 73 with value: 0.7495011511895626.
# [I 2024-01-17 19:27:59,589] Trial 179 finished with value: 0.7470708621130724 and parameters: {'max_depth': 19, 'learning_rate': 0.08728138420448622, 'subsample': 0.7464497136079471, 'colsample_bytree': 0.7676889622205922, 'reg_alpha': 0.001255209985397815, 'reg_lambda': 0.014266832738626037, 'min_child_weight': 15, 'gamma': 0.020632451723792654, 'num_boost_round': 590}. Best is trial 73 with value: 0.7495011511895626.
# [I 2024-01-17 19:28:14,508] Trial 180 finished with value: 0.7474290099769763 and parameters: {'max_depth': 19, 'learning_rate': 0.0663922894434223, 'subsample': 0.7436804349754665, 'colsample_bytree': 0.8093729895705972, 'reg_alpha': 0.0005500495706093211, 'reg_lambda': 0.01187357686173611, 'min_child_weight': 11, 'gamma': 0.06527071354109479, 'num_boost_round': 641}. Best is trial 73 with value: 0.7495011511895626.
# [I 2024-01-17 19:28:27,898] Trial 181 finished with value: 0.7469941161422359 and parameters: {'max_depth': 18, 'learning_rate': 0.06747681236606659, 'subsample': 0.735686536287357, 'colsample_bytree': 0.7864150690341836, 'reg_alpha': 0.00039014358389096045, 'reg_lambda': 0.011099732422346941, 'min_child_weight': 14, 'gamma': 0.08617130880960021, 'num_boost_round': 590}. Best is trial 73 with value: 0.7495011511895626.
# [I 2024-01-17 19:28:37,975] Trial 182 finished with value: 0.747966231772832 and parameters: {'max_depth': 16, 'learning_rate': 0.09522433366580313, 'subsample': 0.7703836562886397, 'colsample_bytree': 0.7628815188050938, 'reg_alpha': 0.0023911931207800507, 'reg_lambda': 0.016565240984208123, 'min_child_weight': 13, 'gamma': 0.04713543352870983, 'num_boost_round': 656}. Best is trial 73 with value: 0.7495011511895626.
# [I 2024-01-17 19:28:49,075] Trial 183 finished with value: 0.7458685085699668 and parameters: {'max_depth': 16, 'learning_rate': 0.061678138722164794, 'subsample': 0.7624389714273958, 'colsample_bytree': 0.7721751098047632, 'reg_alpha': 0.000695200765776285, 'reg_lambda': 0.0012548792334163396, 'min_child_weight': 15, 'gamma': 0.0946915709759262, 'num_boost_round': 516}. Best is trial 73 with value: 0.7495011511895626.
# [I 2024-01-17 19:29:02,176] Trial 184 finished with value: 0.7469941161422359 and parameters: {'max_depth': 19, 'learning_rate': 0.06620896440267436, 'subsample': 0.7819018089866437, 'colsample_bytree': 0.7625666776386448, 'reg_alpha': 5.4044290703079345e-05, 'reg_lambda': 0.0016570657643566388, 'min_child_weight': 16, 'gamma': 0.0933999191995175, 'num_boost_round': 621}. Best is trial 73 with value: 0.7495011511895626.
# [I 2024-01-17 19:29:16,183] Trial 185 finished with value: 0.7488871834228703 and parameters: {'max_depth': 19, 'learning_rate': 0.08054522555364611, 'subsample': 0.7287193142943547, 'colsample_bytree': 0.7428286751774364, 'reg_alpha': 0.0008294599824265304, 'reg_lambda': 0.0007268277588321533, 'min_child_weight': 11, 'gamma': 0.1371835495414779, 'num_boost_round': 631}. Best is trial 73 with value: 0.7495011511895626.
# [I 2024-01-17 19:29:33,468] Trial 186 finished with value: 0.7464313123561013 and parameters: {'max_depth': 20, 'learning_rate': 0.043803439546492434, 'subsample': 0.7307895748602656, 'colsample_bytree': 0.8637283822987614, 'reg_alpha': 0.00010756983690412521, 'reg_lambda': 0.006129818093559106, 'min_child_weight': 14, 'gamma': 0.07876843455706044, 'num_boost_round': 598}. Best is trial 73 with value: 0.7495011511895626.
# [I 2024-01-17 19:29:46,668] Trial 187 finished with value: 0.7464057303658225 and parameters: {'max_depth': 19, 'learning_rate': 0.06509788424383853, 'subsample': 0.7766508313142073, 'colsample_bytree': 0.7903424051130938, 'reg_alpha': 0.0001622684377706684, 'reg_lambda': 0.0011753482912340925, 'min_child_weight': 16, 'gamma': 0.0834337887979834, 'num_boost_round': 589}. Best is trial 73 with value: 0.7495011511895626.
# [I 2024-01-17 19:29:57,335] Trial 188 finished with value: 0.7465080583269379 and parameters: {'max_depth': 18, 'learning_rate': 0.08258948207922003, 'subsample': 0.7760631272813883, 'colsample_bytree': 0.7463122854736631, 'reg_alpha': 0.0009217871665867173, 'reg_lambda': 0.0007867272462649634, 'min_child_weight': 12, 'gamma': 0.05858530348839489, 'num_boost_round': 637}. Best is trial 73 with value: 0.7495011511895626.
# [I 2024-01-17 19:30:07,650] Trial 189 finished with value: 0.7461754924533128 and parameters: {'max_depth': 18, 'learning_rate': 0.08740243743057753, 'subsample': 0.7110117546943094, 'colsample_bytree': 0.7578643644380982, 'reg_alpha': 0.00014827930442228726, 'reg_lambda': 0.0006802927361368894, 'min_child_weight': 13, 'gamma': 0.09619808041758171, 'num_boost_round': 611}. Best is trial 73 with value: 0.7495011511895626.
# [I 2024-01-17 19:30:25,249] Trial 190 finished with value: 0.7480173957533895 and parameters: {'max_depth': 18, 'learning_rate': 0.06796826884107421, 'subsample': 0.7775292125537762, 'colsample_bytree': 0.761532970813751, 'reg_alpha': 0.0016984049599258627, 'reg_lambda': 0.006242887908928726, 'min_child_weight': 12, 'gamma': 0.04432341964021105, 'num_boost_round': 637}. Best is trial 73 with value: 0.7495011511895626.
# [I 2024-01-17 19:30:37,052] Trial 191 finished with value: 0.7478383218214377 and parameters: {'max_depth': 18, 'learning_rate': 0.09199022127100485, 'subsample': 0.7589415401866891, 'colsample_bytree': 0.7651602305681197, 'reg_alpha': 0.0010585590204309557, 'reg_lambda': 0.002473255267364713, 'min_child_weight': 8, 'gamma': 0.14618320947607044, 'num_boost_round': 620}. Best is trial 73 with value: 0.7495011511895626.
# [I 2024-01-17 19:30:46,602] Trial 192 finished with value: 0.7475825019186493 and parameters: {'max_depth': 17, 'learning_rate': 0.08798594059406636, 'subsample': 0.7419891542853616, 'colsample_bytree': 0.7901040317070067, 'reg_alpha': 0.0009960449353248978, 'reg_lambda': 0.0021389436550423593, 'min_child_weight': 14, 'gamma': 0.12521565370524837, 'num_boost_round': 645}. Best is trial 73 with value: 0.7495011511895626.
# [I 2024-01-17 19:31:05,144] Trial 193 finished with value: 0.7484011256075722 and parameters: {'max_depth': 19, 'learning_rate': 0.06023786071869976, 'subsample': 0.7618612541431017, 'colsample_bytree': 0.7360248396567741, 'reg_alpha': 0.0012604486370711282, 'reg_lambda': 0.001901123330381851, 'min_child_weight': 12, 'gamma': 0.10424079845487877, 'num_boost_round': 688}. Best is trial 73 with value: 0.7495011511895626.
# [I 2024-01-17 19:31:14,735] Trial 194 finished with value: 0.7482220516756204 and parameters: {'max_depth': 16, 'learning_rate': 0.10982194301612111, 'subsample': 0.7263965380999383, 'colsample_bytree': 0.749276258141775, 'reg_alpha': 0.0006561959553797637, 'reg_lambda': 0.0005737614153708188, 'min_child_weight': 13, 'gamma': 0.07040023667197164, 'num_boost_round': 597}. Best is trial 73 with value: 0.7495011511895626.
# [I 2024-01-17 19:31:29,467] Trial 195 finished with value: 0.7483499616270146 and parameters: {'max_depth': 19, 'learning_rate': 0.06475849272742891, 'subsample': 0.7852298610753822, 'colsample_bytree': 0.7717827199391768, 'reg_alpha': 0.0008867608958748394, 'reg_lambda': 0.001920861771419794, 'min_child_weight': 12, 'gamma': 0.08717177045505473, 'num_boost_round': 614}. Best is trial 73 with value: 0.7495011511895626.
# [I 2024-01-17 19:31:41,418] Trial 196 finished with value: 0.7485801995395241 and parameters: {'max_depth': 19, 'learning_rate': 0.09136925656705232, 'subsample': 0.7462358803333499, 'colsample_bytree': 0.7555475196191389, 'reg_alpha': 0.011747453903501884, 'reg_lambda': 0.0028766142316083636, 'min_child_weight': 14, 'gamma': 0.07987722965216473, 'num_boost_round': 652}. Best is trial 73 with value: 0.7495011511895626.
# [I 2024-01-17 19:31:53,298] Trial 197 finished with value: 0.7477615758506011 and parameters: {'max_depth': 19, 'learning_rate': 0.09696019146279647, 'subsample': 0.7360168015892945, 'colsample_bytree': 0.7361714502484449, 'reg_alpha': 0.0006165677504784781, 'reg_lambda': 0.005332264601077659, 'min_child_weight': 11, 'gamma': 0.11259377727801057, 'num_boost_round': 635}. Best is trial 73 with value: 0.7495011511895626.
# [I 2024-01-17 19:32:04,669] Trial 198 finished with value: 0.746482476336659 and parameters: {'max_depth': 20, 'learning_rate': 0.07338810471390891, 'subsample': 0.7425483948627606, 'colsample_bytree': 0.8022444000052114, 'reg_alpha': 0.00048244309277476106, 'reg_lambda': 0.008563552828431409, 'min_child_weight': 9, 'gamma': 0.092691836269542, 'num_boost_round': 638}. Best is trial 73 with value: 0.7495011511895626.
# [I 2024-01-17 19:32:20,072] Trial 199 finished with value: 0.7456382706574571 and parameters: {'max_depth': 17, 'learning_rate': 0.064117754510267, 'subsample': 0.8039167136504586, 'colsample_bytree': 0.7763151496807523, 'reg_alpha': 0.0005626895930318038, 'reg_lambda': 0.0007839371886507537, 'min_child_weight': 10, 'gamma': 0.021205718881289484, 'num_boost_round': 682}. Best is trial 73 with value: 0.7495011511895626.
# [I 2024-01-17 19:32:37,856] Trial 200 finished with value: 0.7496290611409568 and parameters: {'max_depth': 19, 'learning_rate': 0.0654529656924255, 'subsample': 0.7924918656264801, 'colsample_bytree': 0.7299869960283065, 'reg_alpha': 0.0002183208300517004, 'reg_lambda': 0.002460830534207808, 'min_child_weight': 10, 'gamma': 0.11695512242880172, 'num_boost_round': 655}. Best is trial 200 with value: 0.7496290611409568.
# [I 2024-01-17 19:32:50,068] Trial 201 finished with value: 0.7482220516756204 and parameters: {'max_depth': 18, 'learning_rate': 0.07273371680192524, 'subsample': 0.783742308292835, 'colsample_bytree': 0.7472648717122705, 'reg_alpha': 0.0014891934961349287, 'reg_lambda': 0.0006934826330291246, 'min_child_weight': 11, 'gamma': 0.07836447428785052, 'num_boost_round': 622}. Best is trial 200 with value: 0.7496290611409568.
# [I 2024-01-17 19:33:00,124] Trial 202 finished with value: 0.744845228958813 and parameters: {'max_depth': 18, 'learning_rate': 0.07303401006167674, 'subsample': 0.7737535838810551, 'colsample_bytree': 0.7842722355709649, 'reg_alpha': 0.0008989361557241815, 'reg_lambda': 0.0036758681541509846, 'min_child_weight': 9, 'gamma': 0.06799552857572755, 'num_boost_round': 701}. Best is trial 200 with value: 0.7496290611409568.
# [I 2024-01-17 19:33:20,378] Trial 203 finished with value: 0.7479150677922742 and parameters: {'max_depth': 19, 'learning_rate': 0.06023791939718475, 'subsample': 0.7303095726440706, 'colsample_bytree': 0.7788501758839314, 'reg_alpha': 0.0005456413584563319, 'reg_lambda': 0.012379611531446285, 'min_child_weight': 11, 'gamma': 0.06136346862277519, 'num_boost_round': 739}. Best is trial 200 with value: 0.7496290611409568.
# [I 2024-01-17 19:33:34,993] Trial 204 finished with value: 0.7466615502686109 and parameters: {'max_depth': 20, 'learning_rate': 0.0602585463949641, 'subsample': 0.7486229100203485, 'colsample_bytree': 0.7278046279074166, 'reg_alpha': 0.001947184960998409, 'reg_lambda': 0.0010146323627180447, 'min_child_weight': 12, 'gamma': 0.09575621352849374, 'num_boost_round': 650}. Best is trial 200 with value: 0.7496290611409568.
