# [I 2024-01-24 20:22:51,372] Trial 362 finished with value: 0.7447940649782553 and parameters: {'max_depth': 70, 'learning_rate': 0.03971180309902081, 'subsample': 0.9263675898795005, 'colsample_bytree': 0.7580452715347544, 'reg_alpha': 0.4160533152366739, 'reg_lambda': 0.5348829647961711, 'min_child_weight': 13, 'gamma': 0.24190462492607123, 'num_boost_round': 587}. Best is trial 222 with value: 0.7501662829368125.
# [I 2024-01-24 20:23:19,491] Trial 363 finished with value: 0.7478383218214377 and parameters: {'max_depth': 232, 'learning_rate': 0.026737051993971063, 'subsample': 0.9603770109012938, 'colsample_bytree': 0.7395566680400506, 'reg_alpha': 0.12215185214991403, 'reg_lambda': 0.9227571622294701, 'min_child_weight': 12, 'gamma': 0.2569832945935753, 'num_boost_round': 570}. Best is trial 222 with value: 0.7501662829368125.
# [I 2024-01-24 20:23:46,243] Trial 364 finished with value: 0.7492453312867742 and parameters: {'max_depth': 218, 'learning_rate': 0.03557170656354506, 'subsample': 0.9542332132075795, 'colsample_bytree': 0.7456673872727093, 'reg_alpha': 0.0002456088611322979, 'reg_lambda': 0.0007261626220297573, 'min_child_weight': 13, 'gamma': 0.22672388554444795, 'num_boost_round': 567}. Best is trial 222 with value: 0.7501662829368125.
# [I 2024-01-24 20:24:08,548] Trial 365 finished with value: 0.7495011511895626 and parameters: {'max_depth': 217, 'learning_rate': 0.04132042352817453, 'subsample': 0.9519594570786657, 'colsample_bytree': 0.7549240617427245, 'reg_alpha': 0.00027148590595414506, 'reg_lambda': 0.0008181477347804212, 'min_child_weight': 13, 'gamma': 0.2231228913972664, 'num_boost_round': 567}. Best is trial 222 with value: 0.7501662829368125.
# [I 2024-01-24 20:24:32,547] Trial 366 finished with value: 0.7486313635200819 and parameters: {'max_depth': 221, 'learning_rate': 0.04157402968377164, 'subsample': 0.9468392849161461, 'colsample_bytree': 0.7545628743000429, 'reg_alpha': 0.00021698697166175492, 'reg_lambda': 0.0007493786965372674, 'min_child_weight': 12, 'gamma': 0.21693778316966877, 'num_boost_round': 597}. Best is trial 222 with value: 0.7501662829368125.
# [I 2024-01-24 20:24:54,369] Trial 367 finished with value: 0.7491941673062164 and parameters: {'max_depth': 226, 'learning_rate': 0.04140725232628515, 'subsample': 0.9401018097166979, 'colsample_bytree': 0.7595950810610826, 'reg_alpha': 0.21880376381334557, 'reg_lambda': 0.0005722986403431299, 'min_child_weight': 13, 'gamma': 0.23111142139399682, 'num_boost_round': 555}. Best is trial 222 with value: 0.7501662829368125.
# [I 2024-01-24 20:25:16,749] Trial 368 finished with value: 0.749270913277053 and parameters: {'max_depth': 235, 'learning_rate': 0.039497925904578714, 'subsample': 0.9495441066500788, 'colsample_bytree': 0.7703535805169067, 'reg_alpha': 0.00017371183445394548, 'reg_lambda': 0.44758283185273684, 'min_child_weight': 13, 'gamma': 0.22164373289540415, 'num_boost_round': 582}. Best is trial 222 with value: 0.7501662829368125.
# [I 2024-01-24 20:25:38,012] Trial 369 finished with value: 0.7484778715784088 and parameters: {'max_depth': 235, 'learning_rate': 0.03974487611327903, 'subsample': 0.9482429707886522, 'colsample_bytree': 0.7533351875085004, 'reg_alpha': 0.0001236844946775494, 'reg_lambda': 0.3869166487258754, 'min_child_weight': 13, 'gamma': 0.20756890188196414, 'num_boost_round': 578}. Best is trial 222 with value: 0.7501662829368125.
# [I 2024-01-24 20:25:58,823] Trial 370 finished with value: 0.74845228958813 and parameters: {'max_depth': 214, 'learning_rate': 0.04269017142294803, 'subsample': 0.944096849475141, 'colsample_bytree': 0.7497127764613384, 'reg_alpha': 0.00016473279205114175, 'reg_lambda': 0.29372684197370635, 'min_child_weight': 13, 'gamma': 0.22262048687947103, 'num_boost_round': 582}. Best is trial 222 with value: 0.7501662829368125.
# [I 2024-01-24 20:26:20,642] Trial 371 finished with value: 0.748119723714505 and parameters: {'max_depth': 230, 'learning_rate': 0.03710625799835648, 'subsample': 0.9363613194439429, 'colsample_bytree': 0.7429232290415446, 'reg_alpha': 0.00022679406716660826, 'reg_lambda': 0.5550749440778077, 'min_child_weight': 12, 'gamma': 0.24050054144620076, 'num_boost_round': 564}. Best is trial 222 with value: 0.7501662829368125.
# [I 2024-01-24 20:26:44,442] Trial 372 finished with value: 0.74845228958813 and parameters: {'max_depth': 226, 'learning_rate': 0.0382063398465396, 'subsample': 0.9531336164100882, 'colsample_bytree': 0.7738860392428116, 'reg_alpha': 0.0003595642786776227, 'reg_lambda': 0.0008123090119639758, 'min_child_weight': 13, 'gamma': 0.1984579197302099, 'num_boost_round': 558}. Best is trial 222 with value: 0.7501662829368125.
# [I 2024-01-24 20:27:06,484] Trial 373 finished with value: 0.7487592734714761 and parameters: {'max_depth': 55, 'learning_rate': 0.04209090989519495, 'subsample': 0.9516400287724646, 'colsample_bytree': 0.7873572084334921, 'reg_alpha': 0.00017294872715087887, 'reg_lambda': 0.3858191985465249, 'min_child_weight': 13, 'gamma': 0.2117941457669732, 'num_boost_round': 556}. Best is trial 222 with value: 0.7501662829368125.
# [I 2024-01-24 20:27:26,382] Trial 374 finished with value: 0.7490406753645433 and parameters: {'max_depth': 237, 'learning_rate': 0.042483770111066535, 'subsample': 0.9432416050326003, 'colsample_bytree': 0.7492673416153979, 'reg_alpha': 0.000250880200158165, 'reg_lambda': 1.1129958565310203, 'min_child_weight': 14, 'gamma': 0.24755007513079696, 'num_boost_round': 571}. Best is trial 222 with value: 0.7501662829368125.
# [I 2024-01-24 20:27:36,893] Trial 375 finished with value: 0.7462778204144283 and parameters: {'max_depth': 220, 'learning_rate': 0.12783850326496626, 'subsample': 0.9571499141318178, 'colsample_bytree': 0.7610108422271274, 'reg_alpha': 0.0003117510287849344, 'reg_lambda': 0.0009537385857182446, 'min_child_weight': 13, 'gamma': 0.22266097850545158, 'num_boost_round': 545}. Best is trial 222 with value: 0.7501662829368125.
# [I 2024-01-24 20:27:56,107] Trial 376 finished with value: 0.7481964696853416 and parameters: {'max_depth': 228, 'learning_rate': 0.039314905622555504, 'subsample': 0.9485809893880429, 'colsample_bytree': 0.7629815142992828, 'reg_alpha': 0.5001749891866656, 'reg_lambda': 0.7643178837077454, 'min_child_weight': 14, 'gamma': 0.23398720858579547, 'num_boost_round': 588}. Best is trial 222 with value: 0.7501662829368125.
# [I 2024-01-24 20:28:17,250] Trial 377 finished with value: 0.7479150677922742 and parameters: {'max_depth': 213, 'learning_rate': 0.0439240324102818, 'subsample': 0.9362449286813913, 'colsample_bytree': 0.7648013064215363, 'reg_alpha': 0.00018080416392193273, 'reg_lambda': 0.00048083853948797765, 'min_child_weight': 12, 'gamma': 0.24325293048940516, 'num_boost_round': 604}. Best is trial 222 with value: 0.7501662829368125.
# [I 2024-01-24 20:28:40,310] Trial 378 finished with value: 0.7483243796367358 and parameters: {'max_depth': 243, 'learning_rate': 0.04056798701966366, 'subsample': 0.9586108039491102, 'colsample_bytree': 0.7382303331290903, 'reg_alpha': 0.00011231181620661384, 'reg_lambda': 0.001742718542390102, 'min_child_weight': 14, 'gamma': 0.26408601116838454, 'num_boost_round': 573}. Best is trial 222 with value: 0.7501662829368125.
# [I 2024-01-24 20:29:06,677] Trial 379 finished with value: 0.7473266820158608 and parameters: {'max_depth': 233, 'learning_rate': 0.03767317484683094, 'subsample': 0.9515098230071153, 'colsample_bytree': 0.829607173289054, 'reg_alpha': 0.0004852281270455976, 'reg_lambda': 0.20854278720942307, 'min_child_weight': 13, 'gamma': 0.254966234621455, 'num_boost_round': 564}. Best is trial 222 with value: 0.7501662829368125.
# [I 2024-01-24 20:29:29,080] Trial 380 finished with value: 0.749091839345101 and parameters: {'max_depth': 216, 'learning_rate': 0.044617590730465305, 'subsample': 0.9415575651984477, 'colsample_bytree': 0.7336020654153632, 'reg_alpha': 9.841254552886004e-06, 'reg_lambda': 0.0029892396930377174, 'min_child_weight': 14, 'gamma': 0.23073693076914348, 'num_boost_round': 553}. Best is trial 222 with value: 0.7501662829368125.
# [I 2024-01-24 20:29:58,855] Trial 381 finished with value: 0.747966231772832 and parameters: {'max_depth': 299, 'learning_rate': 0.03512967632784106, 'subsample': 0.9595030023569824, 'colsample_bytree': 0.770383405616219, 'reg_alpha': 9.193677960482588e-05, 'reg_lambda': 0.13216969051933355, 'min_child_weight': 13, 'gamma': 0.2172308749942231, 'num_boost_round': 585}. Best is trial 222 with value: 0.7501662829368125.
# [I 2024-01-24 20:30:22,383] Trial 382 finished with value: 0.7487081094909184 and parameters: {'max_depth': 60, 'learning_rate': 0.041850475400811764, 'subsample': 0.9469967865730049, 'colsample_bytree': 0.7435258323366688, 'reg_alpha': 0.0002741927146005372, 'reg_lambda': 0.490947395774145, 'min_child_weight': 11, 'gamma': 0.1928875648871001, 'num_boost_round': 547}. Best is trial 222 with value: 0.7501662829368125.
# [I 2024-01-24 20:30:45,210] Trial 383 finished with value: 0.7485801995395241 and parameters: {'max_depth': 222, 'learning_rate': 0.031511164960137505, 'subsample': 0.7612692969276633, 'colsample_bytree': 0.7276936663706456, 'reg_alpha': 0.5044367088374088, 'reg_lambda': 0.652309048511807, 'min_child_weight': 14, 'gamma': 0.27014085185855713, 'num_boost_round': 573}. Best is trial 222 with value: 0.7501662829368125.
# [I 2024-01-24 20:31:05,657] Trial 384 finished with value: 0.7488104374520338 and parameters: {'max_depth': 233, 'learning_rate': 0.03887207809717893, 'subsample': 0.9537364460493384, 'colsample_bytree': 0.7267394677023966, 'reg_alpha': 0.2899879369877601, 'reg_lambda': 0.29166835364202753, 'min_child_weight': 12, 'gamma': 0.24039637329207134, 'num_boost_round': 559}. Best is trial 222 with value: 0.7501662829368125.
# [I 2024-01-24 20:31:22,100] Trial 385 finished with value: 0.749091839345101 and parameters: {'max_depth': 240, 'learning_rate': 0.04492085608038964, 'subsample': 0.9622115553336371, 'colsample_bytree': 0.7565989191547247, 'reg_alpha': 0.5748349268606823, 'reg_lambda': 0.8712163362383913, 'min_child_weight': 13, 'gamma': 0.25531511905487303, 'num_boost_round': 594}. Best is trial 222 with value: 0.7501662829368125.
# [I 2024-01-24 20:31:42,032] Trial 386 finished with value: 0.7483243796367358 and parameters: {'max_depth': 211, 'learning_rate': 0.0422092149230298, 'subsample': 0.9276738588865555, 'colsample_bytree': 0.7353193416998545, 'reg_alpha': 0.4187947946223495, 'reg_lambda': 0.42633381513233837, 'min_child_weight': 14, 'gamma': 0.26976632597116645, 'num_boost_round': 541}. Best is trial 222 with value: 0.7501662829368125.
# [I 2024-01-24 20:32:06,429] Trial 387 finished with value: 0.7460220005116398 and parameters: {'max_depth': 227, 'learning_rate': 0.03364765394698635, 'subsample': 0.9425639527293528, 'colsample_bytree': 0.9395269048241535, 'reg_alpha': 0.000557799230722182, 'reg_lambda': 0.17470339384901248, 'min_child_weight': 13, 'gamma': 0.2254319765076278, 'num_boost_round': 549}. Best is trial 222 with value: 0.7501662829368125.
# [I 2024-01-24 20:32:28,937] Trial 388 finished with value: 0.7484011256075722 and parameters: {'max_depth': 236, 'learning_rate': 0.03654079733835421, 'subsample': 0.9520052839595582, 'colsample_bytree': 0.7423395041043249, 'reg_alpha': 0.6307024032471416, 'reg_lambda': 0.0011736940790750148, 'min_child_weight': 14, 'gamma': 0.24742186728673748, 'num_boost_round': 535}. Best is trial 222 with value: 0.7501662829368125.
# [I 2024-01-24 20:32:45,137] Trial 389 finished with value: 0.7481964696853416 and parameters: {'max_depth': 223, 'learning_rate': 0.046169140014637275, 'subsample': 0.8612848830124292, 'colsample_bytree': 0.7239635298374711, 'reg_alpha': 0.3281511484546432, 'reg_lambda': 1.177856567439519, 'min_child_weight': 13, 'gamma': 0.26003972456444857, 'num_boost_round': 562}. Best is trial 222 with value: 0.7501662829368125.
# [I 2024-01-24 20:33:09,973] Trial 390 finished with value: 0.7489383474034279 and parameters: {'max_depth': 207, 'learning_rate': 0.03992835458191335, 'subsample': 0.9367136781715234, 'colsample_bytree': 0.7498788892643417, 'reg_alpha': 0.5261283813767703, 'reg_lambda': 0.09574059550561347, 'min_child_weight': 14, 'gamma': 0.2749412923764238, 'num_boost_round': 626}. Best is trial 222 with value: 0.7501662829368125.
# [I 2024-01-24 20:33:23,812] Trial 391 finished with value: 0.7464057303658225 and parameters: {'max_depth': 247, 'learning_rate': 0.04414824834789212, 'subsample': 0.9571581299918757, 'colsample_bytree': 0.7340685880044118, 'reg_alpha': 1.9920924301618095e-05, 'reg_lambda': 0.6607894828514863, 'min_child_weight': 12, 'gamma': 0.21134290937344177, 'num_boost_round': 573}. Best is trial 222 with value: 0.7501662829368125.
# [I 2024-01-24 20:33:42,733] Trial 392 finished with value: 0.7493988232284472 and parameters: {'max_depth': 218, 'learning_rate': 0.0471732891261052, 'subsample': 0.9477107023915621, 'colsample_bytree': 0.729014605424222, 'reg_alpha': 0.00029605087618001587, 'reg_lambda': 0.3219074983215941, 'min_child_weight': 13, 'gamma': 0.23740877221141818, 'num_boost_round': 583}. Best is trial 222 with value: 0.7501662829368125.
# [I 2024-01-24 20:33:56,598] Trial 393 finished with value: 0.7472499360450243 and parameters: {'max_depth': 195, 'learning_rate': 0.04865182741447784, 'subsample': 0.9624484601234783, 'colsample_bytree': 0.7315906232449012, 'reg_alpha': 0.0003334404737397977, 'reg_lambda': 0.00043377461028805544, 'min_child_weight': 14, 'gamma': 0.2470639783653066, 'num_boost_round': 535}. Best is trial 222 with value: 0.7501662829368125.
# [I 2024-01-24 20:34:17,456] Trial 394 finished with value: 0.7488616014325915 and parameters: {'max_depth': 216, 'learning_rate': 0.046663452568381544, 'subsample': 0.9440499831690166, 'colsample_bytree': 0.7249305276459596, 'reg_alpha': 0.0003966663888395075, 'reg_lambda': 0.2367021462672205, 'min_child_weight': 13, 'gamma': 0.2377855319212337, 'num_boost_round': 541}. Best is trial 222 with value: 0.7501662829368125.
# [I 2024-01-24 20:34:38,388] Trial 395 finished with value: 0.7488104374520338 and parameters: {'max_depth': 203, 'learning_rate': 0.04630172939643976, 'subsample': 0.9560302088701462, 'colsample_bytree': 0.7286144286778234, 'reg_alpha': 0.39757400123190056, 'reg_lambda': 0.1328838844976953, 'min_child_weight': 14, 'gamma': 0.2622513865152585, 'num_boost_round': 551}. Best is trial 222 with value: 0.7501662829368125.
# [I 2024-01-24 20:34:46,369] Trial 396 finished with value: 0.7455871066768995 and parameters: {'max_depth': 220, 'learning_rate': 0.15814253658183738, 'subsample': 0.9330237172074376, 'colsample_bytree': 0.7216145467507878, 'reg_alpha': 0.0003014828124498968, 'reg_lambda': 0.3266765031455454, 'min_child_weight': 15, 'gamma': 0.27246173540334157, 'num_boost_round': 564}. Best is trial 222 with value: 0.7501662829368125.
# [I 2024-01-24 20:35:06,581] Trial 397 finished with value: 0.7490406753645433 and parameters: {'max_depth': 281, 'learning_rate': 0.04323162505986993, 'subsample': 0.9643329865524257, 'colsample_bytree': 0.7294096405212496, 'reg_alpha': 0.6721865936319956, 'reg_lambda': 0.2186265846917132, 'min_child_weight': 12, 'gamma': 0.25555873258433814, 'num_boost_round': 441}. Best is trial 222 with value: 0.7501662829368125.
# [I 2024-01-24 20:35:23,579] Trial 398 finished with value: 0.7489895113839857 and parameters: {'max_depth': 213, 'learning_rate': 0.04993258389873677, 'subsample': 0.9470046710358865, 'colsample_bytree': 0.7222484356076286, 'reg_alpha': 0.490582112025478, 'reg_lambda': 0.179511077967951, 'min_child_weight': 14, 'gamma': 0.23249361331537244, 'num_boost_round': 428}. Best is trial 222 with value: 0.7501662829368125.
# [I 2024-01-24 20:35:46,168] Trial 399 finished with value: 0.7484011256075722 and parameters: {'max_depth': 188, 'learning_rate': 0.04397706728975875, 'subsample': 0.9392746172886658, 'colsample_bytree': 0.7353082893764603, 'reg_alpha': 0.0005354232285051938, 'reg_lambda': 1.4217570204126933, 'min_child_weight': 13, 'gamma': 0.2459903476767615, 'num_boost_round': 529}. Best is trial 222 with value: 0.7501662829368125.
# [I 2024-01-24 20:36:04,201] Trial 400 finished with value: 0.7489639293937068 and parameters: {'max_depth': 224, 'learning_rate': 0.04816611143452914, 'subsample': 0.9730806837324122, 'colsample_bytree': 0.7375541591070186, 'reg_alpha': 0.24556461959943468, 'reg_lambda': 0.09440507412147489, 'min_child_weight': 15, 'gamma': 0.2824828780245106, 'num_boost_round': 546}. Best is trial 222 with value: 0.7501662829368125.
# [I 2024-01-24 20:36:24,907] Trial 401 finished with value: 0.7482476336658992 and parameters: {'max_depth': 272, 'learning_rate': 0.05365099094194214, 'subsample': 0.9537104955615066, 'colsample_bytree': 0.7167188810131863, 'reg_alpha': 0.7099686707110718, 'reg_lambda': 0.9431316267497188, 'min_child_weight': 14, 'gamma': 0.12449198989289573, 'num_boost_round': 532}. Best is trial 222 with value: 0.7501662829368125.
# [I 2024-01-24 20:36:47,403] Trial 402 finished with value: 0.7402916346891788 and parameters: {'max_depth': 228, 'learning_rate': 0.006433092184817627, 'subsample': 0.9596220217339488, 'colsample_bytree': 0.7413746774360361, 'reg_alpha': 0.41769931813396516, 'reg_lambda': 0.00013794844301329916, 'min_child_weight': 14, 'gamma': 0.270311344079527, 'num_boost_round': 579}. Best is trial 222 with value: 0.7501662829368125.
# [I 2024-01-24 20:37:07,572] Trial 403 finished with value: 0.7480429777436685 and parameters: {'max_depth': 207, 'learning_rate': 0.040278926954230784, 'subsample': 0.9459177932850907, 'colsample_bytree': 0.7275713377567673, 'reg_alpha': 0.1940725080480412, 'reg_lambda': 0.6011545882930265, 'min_child_weight': 15, 'gamma': 0.26372471661664165, 'num_boost_round': 557}. Best is trial 222 with value: 0.7501662829368125.
# [I 2024-01-24 20:37:35,960] Trial 404 finished with value: 0.748119723714505 and parameters: {'max_depth': 216, 'learning_rate': 0.03523317896465063, 'subsample': 0.9661273156505353, 'colsample_bytree': 0.7216433974141359, 'reg_alpha': 0.000454849374378055, 'reg_lambda': 0.12686033842146738, 'min_child_weight': 13, 'gamma': 0.25148471266787253, 'num_boost_round': 524}. Best is trial 222 with value: 0.7501662829368125.
# [I 2024-01-24 20:37:58,459] Trial 405 finished with value: 0.7477104118700435 and parameters: {'max_depth': 158, 'learning_rate': 0.03810442600944864, 'subsample': 0.9779037642596837, 'colsample_bytree': 0.8612755332449006, 'reg_alpha': 0.695516668180654, 'reg_lambda': 0.2771179991399075, 'min_child_weight': 11, 'gamma': 0.08857880884007925, 'num_boost_round': 570}. Best is trial 222 with value: 0.7501662829368125.
# [I 2024-01-24 20:38:19,623] Trial 406 finished with value: 0.7484778715784088 and parameters: {'max_depth': 80, 'learning_rate': 0.042221319572454695, 'subsample': 0.9526261696072017, 'colsample_bytree': 0.7129799566352735, 'reg_alpha': 0.3240510512928504, 'reg_lambda': 0.4173338133961816, 'min_child_weight': 15, 'gamma': 0.23626420070192689, 'num_boost_round': 596}. Best is trial 222 with value: 0.7501662829368125.
# [I 2024-01-24 20:38:37,770] Trial 407 finished with value: 0.7488360194423126 and parameters: {'max_depth': 194, 'learning_rate': 0.04680866407685798, 'subsample': 0.9412156948975416, 'colsample_bytree': 0.7203308758134528, 'reg_alpha': 0.561826836523408, 'reg_lambda': 0.1734180556159075, 'min_child_weight': 13, 'gamma': 0.27731941694710766, 'num_boost_round': 540}. Best is trial 222 with value: 0.7501662829368125.
# [I 2024-01-24 20:38:55,413] Trial 408 finished with value: 0.7489639293937068 and parameters: {'max_depth': 67, 'learning_rate': 0.05106590572158136, 'subsample': 0.962707690086342, 'colsample_bytree': 0.7287512960105241, 'reg_alpha': 0.00030243074095833935, 'reg_lambda': 0.11101437772725596, 'min_child_weight': 13, 'gamma': 0.2597695211356111, 'num_boost_round': 526}. Best is trial 222 with value: 0.7501662829368125.
# [I 2024-01-24 20:39:25,054] Trial 409 finished with value: 0.7484011256075722 and parameters: {'max_depth': 287, 'learning_rate': 0.02983903657848459, 'subsample': 0.9711867104031082, 'colsample_bytree': 0.7126367885034086, 'reg_alpha': 0.000638652711825994, 'reg_lambda': 0.5475240479641608, 'min_child_weight': 12, 'gamma': 0.2875591049844992, 'num_boost_round': 551}. Best is trial 222 with value: 0.7501662829368125.
# [I 2024-01-24 20:39:44,399] Trial 410 finished with value: 0.7474801739575339 and parameters: {'max_depth': 243, 'learning_rate': 0.037009248263439674, 'subsample': 0.9491716547963386, 'colsample_bytree': 0.7380719764494876, 'reg_alpha': 0.8008783030394679, 'reg_lambda': 0.7842593635005723, 'min_child_weight': 15, 'gamma': 0.23917883715856994, 'num_boost_round': 537}. Best is trial 222 with value: 0.7501662829368125.
# [I 2024-01-24 20:40:01,953] Trial 411 finished with value: 0.7485290355589664 and parameters: {'max_depth': 227, 'learning_rate': 0.05679990624683485, 'subsample': 0.9326867414063408, 'colsample_bytree': 0.7196654070323877, 'reg_alpha': 0.3909724681885759, 'reg_lambda': 0.07891131188984864, 'min_child_weight': 14, 'gamma': 0.24912045463436178, 'num_boost_round': 563}. Best is trial 222 with value: 0.7501662829368125.
# [I 2024-01-24 20:40:21,431] Trial 412 finished with value: 0.7481964696853416 and parameters: {'max_depth': 44, 'learning_rate': 0.043953413064515466, 'subsample': 0.9573815575654196, 'colsample_bytree': 0.7448610054252941, 'reg_alpha': 0.5248226335806285, 'reg_lambda': 0.30546383855041065, 'min_child_weight': 14, 'gamma': 0.266372237816816, 'num_boost_round': 586}. Best is trial 222 with value: 0.7501662829368125.
