# [I 2024-01-17 21:17:19,917] Trial 562 finished with value: 0.7487336914811973 and parameters: {'max_depth': 20, 'learning_rate': 0.05028966222132996, 'subsample': 0.8147515392131363, 'colsample_bytree': 0.716100655676182, 'reg_alpha': 0.006257782995287628, 'reg_lambda': 0.005692338937360614, 'min_child_weight': 13, 'gamma': 0.16768185950966563, 'num_boost_round': 803}. Best is trial 538 with value: 0.7506779227423894.
# [I 2024-01-17 21:17:40,122] Trial 563 finished with value: 0.7491685853159376 and parameters: {'max_depth': 20, 'learning_rate': 0.050324798194110516, 'subsample': 0.8030966553404308, 'colsample_bytree': 0.7107452598589986, 'reg_alpha': 0.006670084682940772, 'reg_lambda': 0.006101785244022915, 'min_child_weight': 13, 'gamma': 0.15363935886051097, 'num_boost_round': 814}. Best is trial 538 with value: 0.7506779227423894.
# [I 2024-01-17 21:17:59,732] Trial 564 finished with value: 0.749091839345101 and parameters: {'max_depth': 20, 'learning_rate': 0.046816515082664024, 'subsample': 0.817194646345209, 'colsample_bytree': 0.7208856732324803, 'reg_alpha': 0.00963411421208445, 'reg_lambda': 0.0037564449738730576, 'min_child_weight': 13, 'gamma': 0.1681167113496208, 'num_boost_round': 826}. Best is trial 538 with value: 0.7506779227423894.
# [I 2024-01-17 21:18:16,401] Trial 565 finished with value: 0.748119723714505 and parameters: {'max_depth': 20, 'learning_rate': 0.05428550085122885, 'subsample': 0.803481148617215, 'colsample_bytree': 0.7168939034570412, 'reg_alpha': 0.002335951623919556, 'reg_lambda': 0.004779401959510825, 'min_child_weight': 13, 'gamma': 0.1475167803683824, 'num_boost_round': 812}. Best is trial 538 with value: 0.7506779227423894.
# [I 2024-01-17 21:18:32,494] Trial 566 finished with value: 0.7478383218214377 and parameters: {'max_depth': 20, 'learning_rate': 0.055580650463384236, 'subsample': 0.8076527642727411, 'colsample_bytree': 0.7147586287157149, 'reg_alpha': 0.006320978097745901, 'reg_lambda': 0.006559750751468347, 'min_child_weight': 14, 'gamma': 0.15756329233476066, 'num_boost_round': 802}. Best is trial 538 with value: 0.7506779227423894.
# [I 2024-01-17 21:18:52,025] Trial 567 finished with value: 0.7493476592478895 and parameters: {'max_depth': 20, 'learning_rate': 0.055777336520522344, 'subsample': 0.8040532064775218, 'colsample_bytree': 0.7086673693126608, 'reg_alpha': 0.004739504402054481, 'reg_lambda': 0.007259621659409643, 'min_child_weight': 12, 'gamma': 0.1649872024649232, 'num_boost_round': 786}. Best is trial 538 with value: 0.7506779227423894.
# [I 2024-01-17 21:19:09,863] Trial 568 finished with value: 0.7485034535686876 and parameters: {'max_depth': 20, 'learning_rate': 0.05327217276547676, 'subsample': 0.8131746650610556, 'colsample_bytree': 0.7082909935119891, 'reg_alpha': 0.005503854050722549, 'reg_lambda': 0.006467135312137222, 'min_child_weight': 12, 'gamma': 0.15845416440689153, 'num_boost_round': 823}. Best is trial 538 with value: 0.7506779227423894.
# [I 2024-01-17 21:19:32,206] Trial 569 finished with value: 0.7497313891020722 and parameters: {'max_depth': 20, 'learning_rate': 0.04804750885845353, 'subsample': 0.8303154273568929, 'colsample_bytree': 0.7248750927991426, 'reg_alpha': 0.007022315657088216, 'reg_lambda': 0.004281912540097224, 'min_child_weight': 13, 'gamma': 0.18455633057523593, 'num_boost_round': 822}. Best is trial 538 with value: 0.7506779227423894.
# [I 2024-01-17 21:19:55,915] Trial 570 finished with value: 0.7488360194423126 and parameters: {'max_depth': 20, 'learning_rate': 0.0414542700494491, 'subsample': 0.8149903004251732, 'colsample_bytree': 0.7144367080499436, 'reg_alpha': 0.0036683224548902365, 'reg_lambda': 0.011938775386732376, 'min_child_weight': 14, 'gamma': 0.1613648743498749, 'num_boost_round': 816}. Best is trial 538 with value: 0.7506779227423894.
# [I 2024-01-17 21:20:15,527] Trial 571 finished with value: 0.7486825275006396 and parameters: {'max_depth': 20, 'learning_rate': 0.051112163071284064, 'subsample': 0.8138267212645075, 'colsample_bytree': 0.7234017543016271, 'reg_alpha': 0.008125073832516502, 'reg_lambda': 0.005804423631578056, 'min_child_weight': 13, 'gamma': 0.1937949948119657, 'num_boost_round': 822}. Best is trial 538 with value: 0.7506779227423894.
# [I 2024-01-17 21:20:33,495] Trial 572 finished with value: 0.7480941417242262 and parameters: {'max_depth': 20, 'learning_rate': 0.0470012469406091, 'subsample': 0.8170597603406631, 'colsample_bytree': 0.7250071097576243, 'reg_alpha': 0.006074525226546336, 'reg_lambda': 0.006868629294263358, 'min_child_weight': 13, 'gamma': 0.17461515733581034, 'num_boost_round': 809}. Best is trial 538 with value: 0.7506779227423894.
# [I 2024-01-17 21:20:50,613] Trial 573 finished with value: 0.7484011256075722 and parameters: {'max_depth': 20, 'learning_rate': 0.05269124717691396, 'subsample': 0.8263651066333744, 'colsample_bytree': 0.7152703283593683, 'reg_alpha': 0.012673266175542092, 'reg_lambda': 0.004122903735416671, 'min_child_weight': 12, 'gamma': 0.1907512517224574, 'num_boost_round': 829}. Best is trial 538 with value: 0.7506779227423894.
# [I 2024-01-17 21:21:03,166] Trial 574 finished with value: 0.7455615246866206 and parameters: {'max_depth': 20, 'learning_rate': 0.05016177926536499, 'subsample': 0.8268249103689727, 'colsample_bytree': 0.723623449843315, 'reg_alpha': 0.007655991066861444, 'reg_lambda': 0.004197906661658337, 'min_child_weight': 12, 'gamma': 0.17692575198987462, 'num_boost_round': 801}. Best is trial 538 with value: 0.7506779227423894.
# [I 2024-01-17 21:21:18,101] Trial 575 finished with value: 0.7469941161422359 and parameters: {'max_depth': 20, 'learning_rate': 0.05673577537737235, 'subsample': 0.8150728629607008, 'colsample_bytree': 0.7182759087523196, 'reg_alpha': 0.007872837782669137, 'reg_lambda': 0.004183153142524756, 'min_child_weight': 13, 'gamma': 0.16659475546378635, 'num_boost_round': 807}. Best is trial 538 with value: 0.7506779227423894.
# [I 2024-01-17 21:21:40,510] Trial 576 finished with value: 0.7489127654131491 and parameters: {'max_depth': 20, 'learning_rate': 0.04939544197241902, 'subsample': 0.8121244266870921, 'colsample_bytree': 0.7284681325124385, 'reg_alpha': 0.004673705298028391, 'reg_lambda': 0.006122840369502429, 'min_child_weight': 13, 'gamma': 0.1842694204601683, 'num_boost_round': 835}. Best is trial 538 with value: 0.7506779227423894.
# [I 2024-01-17 21:21:57,422] Trial 577 finished with value: 0.7478383218214377 and parameters: {'max_depth': 20, 'learning_rate': 0.053497359732370194, 'subsample': 0.8119271814367253, 'colsample_bytree': 0.713791674401696, 'reg_alpha': 0.006093696460821752, 'reg_lambda': 0.0025814636402206673, 'min_child_weight': 12, 'gamma': 0.1737764903892627, 'num_boost_round': 800}. Best is trial 538 with value: 0.7506779227423894.
# [I 2024-01-17 21:22:20,497] Trial 578 finished with value: 0.7496290611409568 and parameters: {'max_depth': 20, 'learning_rate': 0.04846071405626737, 'subsample': 0.8237317676963598, 'colsample_bytree': 0.7165220821161851, 'reg_alpha': 0.008951755615484532, 'reg_lambda': 0.004942446457614801, 'min_child_weight': 13, 'gamma': 0.19048703849500062, 'num_boost_round': 803}. Best is trial 538 with value: 0.7506779227423894.
# [I 2024-01-17 21:22:43,013] Trial 579 finished with value: 0.7499360450243029 and parameters: {'max_depth': 20, 'learning_rate': 0.04777532533530364, 'subsample': 0.8045533349946266, 'colsample_bytree': 0.7251810692041167, 'reg_alpha': 0.004917564013782076, 'reg_lambda': 0.0032723526909747692, 'min_child_weight': 12, 'gamma': 0.17465662362777729, 'num_boost_round': 781}. Best is trial 538 with value: 0.7506779227423894.
# [I 2024-01-17 21:23:04,308] Trial 580 finished with value: 0.7487848554617549 and parameters: {'max_depth': 20, 'learning_rate': 0.04659675185551561, 'subsample': 0.8088042784102367, 'colsample_bytree': 0.7176200698452828, 'reg_alpha': 0.005962256077412229, 'reg_lambda': 0.007937300893166094, 'min_child_weight': 14, 'gamma': 0.16189514531559668, 'num_boost_round': 810}. Best is trial 538 with value: 0.7506779227423894.
# [I 2024-01-17 21:23:25,427] Trial 581 finished with value: 0.7496290611409568 and parameters: {'max_depth': 20, 'learning_rate': 0.04658554653228774, 'subsample': 0.80822654755416, 'colsample_bytree': 0.7441461545575119, 'reg_alpha': 0.008137906268360431, 'reg_lambda': 0.0029055733516987867, 'min_child_weight': 13, 'gamma': 0.17915328851877416, 'num_boost_round': 787}. Best is trial 538 with value: 0.7506779227423894.
# [I 2024-01-17 21:23:51,090] Trial 582 finished with value: 0.7506523407521105 and parameters: {'max_depth': 20, 'learning_rate': 0.04453648939593731, 'subsample': 0.8297330186195416, 'colsample_bytree': 0.728796657899596, 'reg_alpha': 0.006242294639070593, 'reg_lambda': 0.004380807970891287, 'min_child_weight': 13, 'gamma': 0.1847404701468876, 'num_boost_round': 811}. Best is trial 538 with value: 0.7506779227423894.
# [I 2024-01-17 21:24:11,862] Trial 583 finished with value: 0.7486569455103607 and parameters: {'max_depth': 20, 'learning_rate': 0.04963849262201779, 'subsample': 0.7936530663262736, 'colsample_bytree': 0.72657092662383, 'reg_alpha': 0.008273145973688036, 'reg_lambda': 0.002521229270483156, 'min_child_weight': 12, 'gamma': 0.19055143200055327, 'num_boost_round': 778}. Best is trial 538 with value: 0.7506779227423894.
# [I 2024-01-17 21:24:27,455] Trial 584 finished with value: 0.7470964441033512 and parameters: {'max_depth': 19, 'learning_rate': 0.04761869721957926, 'subsample': 0.828321284759546, 'colsample_bytree': 0.7265680584856545, 'reg_alpha': 0.006498579306101636, 'reg_lambda': 0.0031363211304200793, 'min_child_weight': 12, 'gamma': 0.17940386235567346, 'num_boost_round': 807}. Best is trial 538 with value: 0.7506779227423894.
# [I 2024-01-17 21:24:47,813] Trial 585 finished with value: 0.7493732412381684 and parameters: {'max_depth': 20, 'learning_rate': 0.05128281243800149, 'subsample': 0.8024745162211047, 'colsample_bytree': 0.7217596943813868, 'reg_alpha': 0.00847976091265228, 'reg_lambda': 0.003934912759876597, 'min_child_weight': 13, 'gamma': 0.16421733815998907, 'num_boost_round': 802}. Best is trial 538 with value: 0.7506779227423894.
# [I 2024-01-17 21:25:10,035] Trial 586 finished with value: 0.7496802251215144 and parameters: {'max_depth': 20, 'learning_rate': 0.04976110981300872, 'subsample': 0.8260776144228761, 'colsample_bytree': 0.733174636784213, 'reg_alpha': 0.010578335454681361, 'reg_lambda': 0.003091290647935066, 'min_child_weight': 12, 'gamma': 0.21754758655260645, 'num_boost_round': 800}. Best is trial 538 with value: 0.7506779227423894.
# [I 2024-01-17 21:25:27,237] Trial 587 finished with value: 0.748273215656178 and parameters: {'max_depth': 20, 'learning_rate': 0.054806501171215806, 'subsample': 0.815240748695753, 'colsample_bytree': 0.727724258950082, 'reg_alpha': 0.007694662764089135, 'reg_lambda': 0.004102680661796053, 'min_child_weight': 13, 'gamma': 0.17855414650917303, 'num_boost_round': 802}. Best is trial 538 with value: 0.7506779227423894.
# [I 2024-01-17 21:25:49,230] Trial 588 finished with value: 0.7484011256075722 and parameters: {'max_depth': 20, 'learning_rate': 0.04662136634124489, 'subsample': 0.8103611249110131, 'colsample_bytree': 0.7166486230357172, 'reg_alpha': 0.006337147305700059, 'reg_lambda': 0.010310870414421573, 'min_child_weight': 13, 'gamma': 0.18201849051079852, 'num_boost_round': 827}. Best is trial 538 with value: 0.7506779227423894.
# [I 2024-01-17 21:26:12,698] Trial 589 finished with value: 0.749424405218726 and parameters: {'max_depth': 20, 'learning_rate': 0.04421776223194646, 'subsample': 0.8068272171916221, 'colsample_bytree': 0.7366540061654014, 'reg_alpha': 0.006303294508930908, 'reg_lambda': 0.00485037503236237, 'min_child_weight': 13, 'gamma': 0.17397511027213627, 'num_boost_round': 806}. Best is trial 538 with value: 0.7506779227423894.
# [I 2024-01-17 21:26:33,178] Trial 590 finished with value: 0.7477359938603223 and parameters: {'max_depth': 20, 'learning_rate': 0.0448197722878083, 'subsample': 0.8079332211795702, 'colsample_bytree': 0.7196793422144209, 'reg_alpha': 0.003845980177810398, 'reg_lambda': 0.008460598311729661, 'min_child_weight': 14, 'gamma': 0.19576586019348358, 'num_boost_round': 828}. Best is trial 538 with value: 0.7506779227423894.
# [I 2024-01-17 21:26:54,125] Trial 591 finished with value: 0.7483499616270146 and parameters: {'max_depth': 20, 'learning_rate': 0.04584942009785193, 'subsample': 0.8283731047453573, 'colsample_bytree': 0.7366643577968482, 'reg_alpha': 0.008554237554354062, 'reg_lambda': 0.004237222447546249, 'min_child_weight': 13, 'gamma': 0.18583577515975022, 'num_boost_round': 812}. Best is trial 538 with value: 0.7506779227423894.
# [I 2024-01-17 21:27:12,214] Trial 592 finished with value: 0.7464313123561013 and parameters: {'max_depth': 20, 'learning_rate': 0.04130709377254171, 'subsample': 0.8203338672427155, 'colsample_bytree': 0.74382056594281, 'reg_alpha': 0.009117236308067827, 'reg_lambda': 0.0041235635187169654, 'min_child_weight': 13, 'gamma': 0.19657302651312217, 'num_boost_round': 801}. Best is trial 538 with value: 0.7506779227423894.
# [I 2024-01-17 21:27:35,112] Trial 593 finished with value: 0.7490406753645433 and parameters: {'max_depth': 20, 'learning_rate': 0.04510516499383467, 'subsample': 0.8143599807201426, 'colsample_bytree': 0.731157875417127, 'reg_alpha': 0.006021494691356017, 'reg_lambda': 0.004317912144123578, 'min_child_weight': 12, 'gamma': 0.178010582350185, 'num_boost_round': 798}. Best is trial 538 with value: 0.7506779227423894.
# [I 2024-01-17 21:27:51,907] Trial 594 finished with value: 0.7469941161422359 and parameters: {'max_depth': 20, 'learning_rate': 0.048802686940739894, 'subsample': 0.816134513095775, 'colsample_bytree': 0.7433210820166196, 'reg_alpha': 0.008876008252686963, 'reg_lambda': 0.0026336652386479576, 'min_child_weight': 13, 'gamma': 0.17978466594896306, 'num_boost_round': 816}. Best is trial 538 with value: 0.7506779227423894.
# [I 2024-01-17 21:28:13,593] Trial 595 finished with value: 0.7504476848298798 and parameters: {'max_depth': 20, 'learning_rate': 0.05087389963539828, 'subsample': 0.8133009126534323, 'colsample_bytree': 0.7339058901295532, 'reg_alpha': 0.005773011143676976, 'reg_lambda': 0.0046502050696422175, 'min_child_weight': 13, 'gamma': 0.19516464757104438, 'num_boost_round': 800}. Best is trial 538 with value: 0.7506779227423894.
# [I 2024-01-17 21:28:31,158] Trial 596 finished with value: 0.7478127398311589 and parameters: {'max_depth': 20, 'learning_rate': 0.04629736463891667, 'subsample': 0.8093421564110161, 'colsample_bytree': 0.7364745464107658, 'reg_alpha': 0.0069696360783588224, 'reg_lambda': 0.006402207266794169, 'min_child_weight': 13, 'gamma': 0.1897766042008592, 'num_boost_round': 799}. Best is trial 538 with value: 0.7506779227423894.
# [I 2024-01-17 21:28:46,963] Trial 597 finished with value: 0.7486057815298031 and parameters: {'max_depth': 20, 'learning_rate': 0.05495496802615478, 'subsample': 0.8118046203904944, 'colsample_bytree': 0.702910246513634, 'reg_alpha': 0.004777843365218872, 'reg_lambda': 0.003471487209356582, 'min_child_weight': 13, 'gamma': 0.1873961644313184, 'num_boost_round': 792}. Best is trial 538 with value: 0.7506779227423894.
# [I 2024-01-17 21:29:10,151] Trial 598 finished with value: 0.7492964952673318 and parameters: {'max_depth': 20, 'learning_rate': 0.04403802440757766, 'subsample': 0.8098782360944261, 'colsample_bytree': 0.723702905373381, 'reg_alpha': 0.005905466980539682, 'reg_lambda': 0.004682452943061493, 'min_child_weight': 13, 'gamma': 0.1807990038484823, 'num_boost_round': 807}. Best is trial 538 with value: 0.7506779227423894.
# [I 2024-01-17 21:29:31,003] Trial 599 finished with value: 0.7497058071117932 and parameters: {'max_depth': 20, 'learning_rate': 0.04962094607447366, 'subsample': 0.8208021765953698, 'colsample_bytree': 0.7344877621759325, 'reg_alpha': 0.003614258506757835, 'reg_lambda': 0.0035798254601335506, 'min_child_weight': 14, 'gamma': 0.17884545455298523, 'num_boost_round': 805}. Best is trial 538 with value: 0.7506779227423894.
# Best trial: trial number 538, score 0.7506779227423894, params {'max_depth': 20, 'learning_rate': 0.04735883403404956, 'subsample': 0.820644662125095, 'colsample_bytree': 0.7184349909513894, 'reg_alpha': 0.011578588979534711, 'reg_lambda': 0.0039715599430452725, 'min_child_weight': 13, 'gamma': 0.16377835407138885, 'num_boost_round': 815}
