# [I 2024-01-24 21:15:27,030] Trial 515 finished with value: 0.7491430033256588 and parameters: {'max_depth': 283, 'learning_rate': 0.02728144141341682, 'subsample': 0.9551949243296871, 'colsample_bytree': 0.7089769767907719, 'reg_alpha': 0.13740144731913126, 'reg_lambda': 0.2336373013712849, 'min_child_weight': 14, 'gamma': 0.18942942333318158, 'num_boost_round': 450}. Best is trial 222 with value: 0.7501662829368125.
# [I 2024-01-24 21:15:58,560] Trial 516 finished with value: 0.7478639038117165 and parameters: {'max_depth': 300, 'learning_rate': 0.03133083449601812, 'subsample': 0.8275391340272514, 'colsample_bytree': 0.7134047180102003, 'reg_alpha': 0.0028174868004400898, 'reg_lambda': 0.15542361464480603, 'min_child_weight': 13, 'gamma': 0.20423857109815396, 'num_boost_round': 436}. Best is trial 222 with value: 0.7501662829368125.
# [I 2024-01-24 21:16:27,618] Trial 517 finished with value: 0.7488616014325915 and parameters: {'max_depth': 283, 'learning_rate': 0.028864770884853518, 'subsample': 0.9286272173025855, 'colsample_bytree': 0.7097600562010463, 'reg_alpha': 0.004383824637758693, 'reg_lambda': 0.30528004401098446, 'min_child_weight': 13, 'gamma': 0.2102146423406132, 'num_boost_round': 429}. Best is trial 222 with value: 0.7501662829368125.
# [I 2024-01-24 21:16:57,805] Trial 518 finished with value: 0.7488616014325915 and parameters: {'max_depth': 225, 'learning_rate': 0.03347391300529281, 'subsample': 0.9588555950065997, 'colsample_bytree': 0.716718216653617, 'reg_alpha': 0.0036627975354387725, 'reg_lambda': 0.20694928001173607, 'min_child_weight': 14, 'gamma': 0.1987884487379192, 'num_boost_round': 456}. Best is trial 222 with value: 0.7501662829368125.
# [I 2024-01-24 21:17:22,710] Trial 519 finished with value: 0.7480429777436685 and parameters: {'max_depth': 291, 'learning_rate': 0.03161630286945603, 'subsample': 0.9335769991489788, 'colsample_bytree': 0.7060574348150089, 'reg_alpha': 0.003687799875943128, 'reg_lambda': 0.2312755143918889, 'min_child_weight': 14, 'gamma': 0.21805804735843914, 'num_boost_round': 442}. Best is trial 222 with value: 0.7501662829368125.
# [I 2024-01-24 21:17:54,816] Trial 520 finished with value: 0.748119723714505 and parameters: {'max_depth': 282, 'learning_rate': 0.025602692059080334, 'subsample': 0.9560965751932631, 'colsample_bytree': 0.712641509884927, 'reg_alpha': 0.001778469731707057, 'reg_lambda': 0.15231722768177133, 'min_child_weight': 14, 'gamma': 0.2024577601205294, 'num_boost_round': 419}. Best is trial 222 with value: 0.7501662829368125.
# [I 2024-01-24 21:18:20,476] Trial 521 finished with value: 0.7484011256075722 and parameters: {'max_depth': 298, 'learning_rate': 0.03627388321419764, 'subsample': 0.9469358227907297, 'colsample_bytree': 0.7194022745907618, 'reg_alpha': 0.003216654009589464, 'reg_lambda': 0.37131096093517046, 'min_child_weight': 13, 'gamma': 0.2190462682843853, 'num_boost_round': 463}. Best is trial 222 with value: 0.7501662829368125.
# [I 2024-01-24 21:18:46,090] Trial 522 finished with value: 0.747966231772832 and parameters: {'max_depth': 295, 'learning_rate': 0.03314396673253113, 'subsample': 0.9553036740261116, 'colsample_bytree': 0.7214567051401143, 'reg_alpha': 0.0019986968713486047, 'reg_lambda': 0.00011628853893722014, 'min_child_weight': 14, 'gamma': 0.2104822967568947, 'num_boost_round': 461}. Best is trial 222 with value: 0.7501662829368125.
# [I 2024-01-24 21:19:11,593] Trial 523 finished with value: 0.7476336658992069 and parameters: {'max_depth': 290, 'learning_rate': 0.037868809592800215, 'subsample': 0.9630270791702726, 'colsample_bytree': 0.8478166782053141, 'reg_alpha': 0.005144496743049996, 'reg_lambda': 0.2653016776227561, 'min_child_weight': 14, 'gamma': 0.18817001856629373, 'num_boost_round': 448}. Best is trial 222 with value: 0.7501662829368125.
# [I 2024-01-24 21:19:40,194] Trial 524 finished with value: 0.747454591967255 and parameters: {'max_depth': 210, 'learning_rate': 0.03074597715382007, 'subsample': 0.9414988896653129, 'colsample_bytree': 0.7661498420715356, 'reg_alpha': 0.0024836316437632337, 'reg_lambda': 0.1360654224074817, 'min_child_weight': 11, 'gamma': 0.2304653399701335, 'num_boost_round': 450}. Best is trial 222 with value: 0.7501662829368125.
# [I 2024-01-24 21:20:04,558] Trial 525 finished with value: 0.7491941673062164 and parameters: {'max_depth': 219, 'learning_rate': 0.03933020575491984, 'subsample': 0.9683215724514961, 'colsample_bytree': 0.706635741927216, 'reg_alpha': 0.0029896338985056343, 'reg_lambda': 0.38772062007882485, 'min_child_weight': 13, 'gamma': 0.24173567542457147, 'num_boost_round': 427}. Best is trial 222 with value: 0.7501662829368125.
# [I 2024-01-24 21:20:35,130] Trial 526 finished with value: 0.746482476336659 and parameters: {'max_depth': 287, 'learning_rate': 0.035353906565653494, 'subsample': 0.9852222165667182, 'colsample_bytree': 0.821395185131087, 'reg_alpha': 0.004680869829796156, 'reg_lambda': 0.00033333860656693863, 'min_child_weight': 5, 'gamma': 0.1962690538171666, 'num_boost_round': 436}. Best is trial 222 with value: 0.7501662829368125.
# [I 2024-01-24 21:20:54,468] Trial 527 finished with value: 0.7478639038117165 and parameters: {'max_depth': 278, 'learning_rate': 0.04057494309493211, 'subsample': 0.952308736452113, 'colsample_bytree': 0.7141663469106659, 'reg_alpha': 0.0025724718300750523, 'reg_lambda': 0.00022600803798430495, 'min_child_weight': 13, 'gamma': 0.2224192664079146, 'num_boost_round': 463}. Best is trial 222 with value: 0.7501662829368125.
# [I 2024-01-24 21:21:21,508] Trial 528 finished with value: 0.7484267075978511 and parameters: {'max_depth': 272, 'learning_rate': 0.03356581776897331, 'subsample': 0.9369878003058083, 'colsample_bytree': 0.7534574239198305, 'reg_alpha': 0.006857834710325917, 'reg_lambda': 0.21627284993925408, 'min_child_weight': 14, 'gamma': 0.25401531838777436, 'num_boost_round': 427}. Best is trial 222 with value: 0.7501662829368125.
# [I 2024-01-24 21:21:47,715] Trial 529 finished with value: 0.7495011511895626 and parameters: {'max_depth': 210, 'learning_rate': 0.0376375064730718, 'subsample': 0.9590627735376018, 'colsample_bytree': 0.7224278308414124, 'reg_alpha': 0.0012530501604348294, 'reg_lambda': 0.46658758813574164, 'min_child_weight': 14, 'gamma': 0.23638406752263033, 'num_boost_round': 468}. Best is trial 222 with value: 0.7501662829368125.
# [I 2024-01-24 21:22:17,347] Trial 530 finished with value: 0.7478894858019953 and parameters: {'max_depth': 207, 'learning_rate': 0.02854008037600986, 'subsample': 0.9629703780588653, 'colsample_bytree': 0.7190401577476796, 'reg_alpha': 0.0013747859086024907, 'reg_lambda': 0.5340391398774953, 'min_child_weight': 14, 'gamma': 0.20995447135462567, 'num_boost_round': 461}. Best is trial 222 with value: 0.7501662829368125.
# [I 2024-01-24 21:22:43,238] Trial 531 finished with value: 0.7497313891020722 and parameters: {'max_depth': 200, 'learning_rate': 0.03570858040671988, 'subsample': 0.9708058196865615, 'colsample_bytree': 0.7111797172242906, 'reg_alpha': 0.0022321264553825655, 'reg_lambda': 0.08916040792336971, 'min_child_weight': 14, 'gamma': 0.22934630382682888, 'num_boost_round': 442}. Best is trial 222 with value: 0.7501662829368125.
# [I 2024-01-24 21:23:07,446] Trial 532 finished with value: 0.7477615758506011 and parameters: {'max_depth': 200, 'learning_rate': 0.032784068461928585, 'subsample': 0.9995646988496185, 'colsample_bytree': 0.7047897402429324, 'reg_alpha': 0.0015390111754816477, 'reg_lambda': 0.11212223600431487, 'min_child_weight': 14, 'gamma': 0.22583536818499905, 'num_boost_round': 441}. Best is trial 222 with value: 0.7501662829368125.
# [I 2024-01-24 21:23:14,748] Trial 533 finished with value: 0.7411102583781017 and parameters: {'max_depth': 199, 'learning_rate': 0.03646209270660307, 'subsample': 0.9713647640744767, 'colsample_bytree': 0.7106046644840871, 'reg_alpha': 0.001965837492662576, 'reg_lambda': 0.08734186590752598, 'min_child_weight': 14, 'gamma': 0.21750639865265248, 'num_boost_round': 468}. Best is trial 222 with value: 0.7501662829368125.
# [I 2024-01-24 21:23:36,157] Trial 534 finished with value: 0.7483499616270146 and parameters: {'max_depth': 207, 'learning_rate': 0.03482542249432355, 'subsample': 0.9826441851143247, 'colsample_bytree': 0.7111483768129767, 'reg_alpha': 0.00224811894862683, 'reg_lambda': 0.09627247427757572, 'min_child_weight': 14, 'gamma': 0.2514340744062251, 'num_boost_round': 459}. Best is trial 222 with value: 0.7501662829368125.
# [I 2024-01-24 21:24:02,137] Trial 535 finished with value: 0.7496546431312356 and parameters: {'max_depth': 196, 'learning_rate': 0.031154963122432145, 'subsample': 0.9697286744001167, 'colsample_bytree': 0.7166307850557495, 'reg_alpha': 0.0034840115417768365, 'reg_lambda': 0.06453150476793447, 'min_child_weight': 15, 'gamma': 0.3410811819401591, 'num_boost_round': 436}. Best is trial 222 with value: 0.7501662829368125.
# [I 2024-01-24 21:24:30,769] Trial 536 finished with value: 0.7465848042977743 and parameters: {'max_depth': 199, 'learning_rate': 0.02859613732323708, 'subsample': 0.9670570754980116, 'colsample_bytree': 0.9076558778230244, 'reg_alpha': 0.0043541008023468076, 'reg_lambda': 0.060517472926940756, 'min_child_weight': 15, 'gamma': 0.329832041462843, 'num_boost_round': 447}. Best is trial 222 with value: 0.7501662829368125.
# [I 2024-01-24 21:24:58,341] Trial 537 finished with value: 0.7487336914811973 and parameters: {'max_depth': 203, 'learning_rate': 0.03054650666666178, 'subsample': 0.9664481649023061, 'colsample_bytree': 0.7054860161721461, 'reg_alpha': 0.003530145445512456, 'reg_lambda': 0.07754881618533851, 'min_child_weight': 14, 'gamma': 0.3332756860944006, 'num_boost_round': 444}. Best is trial 222 with value: 0.7501662829368125.
# [I 2024-01-24 21:25:27,892] Trial 538 finished with value: 0.7489895113839857 and parameters: {'max_depth': 209, 'learning_rate': 0.0306435474122805, 'subsample': 0.9712164740531546, 'colsample_bytree': 0.7153199880293297, 'reg_alpha': 0.002274396669402963, 'reg_lambda': 0.07729990963688323, 'min_child_weight': 14, 'gamma': 0.33866303750822446, 'num_boost_round': 432}. Best is trial 222 with value: 0.7501662829368125.
# [I 2024-01-24 21:25:59,180] Trial 539 finished with value: 0.74845228958813 and parameters: {'max_depth': 196, 'learning_rate': 0.027173238660188077, 'subsample': 0.9630634253709389, 'colsample_bytree': 0.7112382645749578, 'reg_alpha': 0.002841011583955607, 'reg_lambda': 0.06138217619249725, 'min_child_weight': 15, 'gamma': 0.34760059601288434, 'num_boost_round': 452}. Best is trial 222 with value: 0.7501662829368125.
# [I 2024-01-24 21:26:32,053] Trial 540 finished with value: 0.7492964952673318 and parameters: {'max_depth': 190, 'learning_rate': 0.03201930278589711, 'subsample': 0.9585283458252658, 'colsample_bytree': 0.7045848485471994, 'reg_alpha': 0.0013186951676592532, 'reg_lambda': 0.124655288833693, 'min_child_weight': 15, 'gamma': 0.3632537765379824, 'num_boost_round': 437}. Best is trial 222 with value: 0.7501662829368125.
# [I 2024-01-24 21:27:00,778] Trial 541 finished with value: 0.7490406753645433 and parameters: {'max_depth': 203, 'learning_rate': 0.033780864157708215, 'subsample': 0.9719015175684278, 'colsample_bytree': 0.7161363744594658, 'reg_alpha': 0.003871169260483846, 'reg_lambda': 0.09216548465920689, 'min_child_weight': 14, 'gamma': 0.22737986651620506, 'num_boost_round': 471}. Best is trial 222 with value: 0.7501662829368125.
# [I 2024-01-24 21:27:28,621] Trial 542 finished with value: 0.7482220516756204 and parameters: {'max_depth': 212, 'learning_rate': 0.029607948598292487, 'subsample': 0.9621304924290713, 'colsample_bytree': 0.7212175016961007, 'reg_alpha': 6.2222195325506235e-06, 'reg_lambda': 0.051877427116028794, 'min_child_weight': 15, 'gamma': 0.3377427738013298, 'num_boost_round': 454}. Best is trial 222 with value: 0.7501662829368125.
# [I 2024-01-24 21:27:49,950] Trial 543 finished with value: 0.7489895113839857 and parameters: {'max_depth': 194, 'learning_rate': 0.03659018604068531, 'subsample': 0.97536680114869, 'colsample_bytree': 0.7094083815998878, 'reg_alpha': 0.0062317280340756735, 'reg_lambda': 0.1470134633166058, 'min_child_weight': 16, 'gamma': 0.3420586598411841, 'num_boost_round': 444}. Best is trial 222 with value: 0.7501662829368125.
# [I 2024-01-24 21:28:16,468] Trial 544 finished with value: 0.748273215656178 and parameters: {'max_depth': 203, 'learning_rate': 0.0334945903386118, 'subsample': 0.9683815127484674, 'colsample_bytree': 0.7165464493447414, 'reg_alpha': 0.001661525648578085, 'reg_lambda': 0.11353032536679643, 'min_child_weight': 14, 'gamma': 0.3515984592473023, 'num_boost_round': 451}. Best is trial 222 with value: 0.7501662829368125.
# [I 2024-01-24 21:28:45,648] Trial 545 finished with value: 0.7492453312867742 and parameters: {'max_depth': 188, 'learning_rate': 0.03648377376756246, 'subsample': 0.756361683584924, 'colsample_bytree': 0.7008576727052237, 'reg_alpha': 0.0032475514737999494, 'reg_lambda': 0.1537166299521886, 'min_child_weight': 10, 'gamma': 0.19867103115943718, 'num_boost_round': 423}. Best is trial 222 with value: 0.7501662829368125.
# [I 2024-01-24 21:29:09,657] Trial 546 finished with value: 0.7486313635200819 and parameters: {'max_depth': 289, 'learning_rate': 0.038327843604400565, 'subsample': 0.9586333252208187, 'colsample_bytree': 0.7229348119965722, 'reg_alpha': 0.0010667035322553275, 'reg_lambda': 0.007128841410301169, 'min_child_weight': 14, 'gamma': 0.36031561725636285, 'num_boost_round': 413}. Best is trial 222 with value: 0.7501662829368125.
# [I 2024-01-24 21:29:45,943] Trial 547 finished with value: 0.7487592734714761 and parameters: {'max_depth': 283, 'learning_rate': 0.02368412260364199, 'subsample': 0.9791116134406876, 'colsample_bytree': 0.7104494384623133, 'reg_alpha': 0.00272065173371821, 'reg_lambda': 0.05183459190205775, 'min_child_weight': 15, 'gamma': 0.24500240628574133, 'num_boost_round': 438}. Best is trial 222 with value: 0.7501662829368125.
# [I 2024-01-24 21:30:04,992] Trial 548 finished with value: 0.7466615502686109 and parameters: {'max_depth': 211, 'learning_rate': 0.03518953016257423, 'subsample': 0.8967199374115037, 'colsample_bytree': 0.7151629543070733, 'reg_alpha': 0.0020887827413411902, 'reg_lambda': 0.07563134374307379, 'min_child_weight': 16, 'gamma': 0.21416247067804167, 'num_boost_round': 474}. Best is trial 222 with value: 0.7501662829368125.
# [I 2024-01-24 21:30:26,645] Trial 549 finished with value: 0.7477359938603223 and parameters: {'max_depth': 184, 'learning_rate': 0.0316619213868697, 'subsample': 0.9655574658125294, 'colsample_bytree': 0.7217970317699259, 'reg_alpha': 0.0012247767790139327, 'reg_lambda': 0.0035397104220923456, 'min_child_weight': 14, 'gamma': 0.375714505152996, 'num_boost_round': 458}. Best is trial 222 with value: 0.7501662829368125.
# [I 2024-01-24 21:30:51,500] Trial 550 finished with value: 0.7487592734714761 and parameters: {'max_depth': 195, 'learning_rate': 0.03770787213781894, 'subsample': 0.9590018467950543, 'colsample_bytree': 0.7006596419464657, 'reg_alpha': 0.005195686404654434, 'reg_lambda': 0.18381191497138863, 'min_child_weight': 20, 'gamma': 0.26126354618879166, 'num_boost_round': 429}. Best is trial 222 with value: 0.7501662829368125.
# [I 2024-01-24 21:31:02,815] Trial 551 finished with value: 0.7428754157073421 and parameters: {'max_depth': 207, 'learning_rate': 0.040140341546122935, 'subsample': 0.7971617923541394, 'colsample_bytree': 0.7079428116777813, 'reg_alpha': 0.0015625115160406973, 'reg_lambda': 1.115843561202382e-05, 'min_child_weight': 14, 'gamma': 0.23457472331085372, 'num_boost_round': 421}. Best is trial 222 with value: 0.7501662829368125.
# [I 2024-01-24 21:31:31,259] Trial 552 finished with value: 0.74845228958813 and parameters: {'max_depth': 278, 'learning_rate': 0.03482392252846412, 'subsample': 0.9719756244961278, 'colsample_bytree': 0.7242173248655078, 'reg_alpha': 0.0023491707378571138, 'reg_lambda': 0.10198215851437946, 'min_child_weight': 15, 'gamma': 0.26683362798748, 'num_boost_round': 441}. Best is trial 222 with value: 0.7501662829368125.
# [I 2024-01-24 21:31:52,886] Trial 553 finished with value: 0.7456894346380148 and parameters: {'max_depth': 58, 'learning_rate': 0.03012455970424571, 'subsample': 0.9553253287122473, 'colsample_bytree': 0.9287574406448776, 'reg_alpha': 0.003657049294842012, 'reg_lambda': 0.1302554826585549, 'min_child_weight': 15, 'gamma': 0.20778905302029954, 'num_boost_round': 466}. Best is trial 222 with value: 0.7501662829368125.
# [I 2024-01-24 21:32:16,456] Trial 554 finished with value: 0.7481708876950627 and parameters: {'max_depth': 200, 'learning_rate': 0.03800728976639072, 'subsample': 0.9892758543448283, 'colsample_bytree': 0.7172059388261814, 'reg_alpha': 0.007841162979284885, 'reg_lambda': 6.034213647418944e-05, 'min_child_weight': 16, 'gamma': 0.25209499892326376, 'num_boost_round': 455}. Best is trial 222 with value: 0.7501662829368125.
# [I 2024-01-24 21:32:43,948] Trial 555 finished with value: 0.7486057815298031 and parameters: {'max_depth': 214, 'learning_rate': 0.04158163514993007, 'subsample': 0.9635729523767037, 'colsample_bytree': 0.7127041782381197, 'reg_alpha': 0.002442565256464021, 'reg_lambda': 0.1961969727864496, 'min_child_weight': 15, 'gamma': 0.2235985121179394, 'num_boost_round': 479}. Best is trial 222 with value: 0.7501662829368125.
# [I 2024-01-24 21:33:03,921] Trial 556 finished with value: 0.7476848298797647 and parameters: {'max_depth': 178, 'learning_rate': 0.032484543681677684, 'subsample': 0.9799011752260669, 'colsample_bytree': 0.7244840129601693, 'reg_alpha': 0.0009625196818987024, 'reg_lambda': 0.06360097310925329, 'min_child_weight': 6, 'gamma': 0.19221167642827056, 'num_boost_round': 431}. Best is trial 222 with value: 0.7501662829368125.
# [I 2024-01-24 21:33:24,650] Trial 557 finished with value: 0.74778715784088 and parameters: {'max_depth': 187, 'learning_rate': 0.04208685101071015, 'subsample': 0.7839509633276334, 'colsample_bytree': 0.7045548716055869, 'reg_alpha': 0.001492802837725612, 'reg_lambda': 0.0964390410291145, 'min_child_weight': 14, 'gamma': 0.237620878267997, 'num_boost_round': 435}. Best is trial 222 with value: 0.7501662829368125.
# [I 2024-01-24 21:33:45,431] Trial 558 finished with value: 0.747147608083909 and parameters: {'max_depth': 195, 'learning_rate': 0.036765550343453836, 'subsample': 0.9690393564304965, 'colsample_bytree': 0.8806743640266146, 'reg_alpha': 0.0008494882136622726, 'reg_lambda': 0.23442208605751805, 'min_child_weight': 14, 'gamma': 0.27608358317965487, 'num_boost_round': 449}. Best is trial 222 with value: 0.7501662829368125.
# [I 2024-01-24 21:34:09,535] Trial 559 finished with value: 0.74911742133538 and parameters: {'max_depth': 205, 'learning_rate': 0.039742300195104226, 'subsample': 0.9569192728249586, 'colsample_bytree': 0.7184128877489502, 'reg_alpha': 0.004587634667397948, 'reg_lambda': 0.1496191998667433, 'min_child_weight': 15, 'gamma': 0.26257001318635714, 'num_boost_round': 484}. Best is trial 222 with value: 0.7501662829368125.
# [I 2024-01-24 21:34:39,740] Trial 560 finished with value: 0.7468662061908417 and parameters: {'max_depth': 184, 'learning_rate': 0.0214345239697878, 'subsample': 0.7239446620822878, 'colsample_bytree': 0.7104582461192515, 'reg_alpha': 0.0031877187906545813, 'reg_lambda': 0.2873178026113946, 'min_child_weight': 14, 'gamma': 0.24721696993354186, 'num_boost_round': 471}. Best is trial 222 with value: 0.7501662829368125.
# [I 2024-01-24 21:35:02,781] Trial 561 finished with value: 0.7479918137631107 and parameters: {'max_depth': 292, 'learning_rate': 0.03311886573217037, 'subsample': 0.9759536911125847, 'colsample_bytree': 0.7276249314301739, 'reg_alpha': 0.0011706827647600113, 'reg_lambda': 0.07413869456613473, 'min_child_weight': 16, 'gamma': 0.22944893961843146, 'num_boost_round': 445}. Best is trial 222 with value: 0.7501662829368125.
# [I 2024-01-24 21:35:20,287] Trial 562 finished with value: 0.7397032489127654 and parameters: {'max_depth': 214, 'learning_rate': 0.009568885321014835, 'subsample': 0.9193169652760255, 'colsample_bytree': 0.7185892382560733, 'reg_alpha': 0.0019688913334647623, 'reg_lambda': 0.18108760298155907, 'min_child_weight': 14, 'gamma': 0.21851714766896296, 'num_boost_round': 462}. Best is trial 222 with value: 0.7501662829368125.
# [I 2024-01-24 21:35:46,905] Trial 563 finished with value: 0.7482476336658992 and parameters: {'max_depth': 287, 'learning_rate': 0.035545123181697856, 'subsample': 0.8861263711841556, 'colsample_bytree': 0.7073545728776318, 'reg_alpha': 0.0016339299538281641, 'reg_lambda': 0.11884288822157142, 'min_child_weight': 15, 'gamma': 0.273182645501803, 'num_boost_round': 424}. Best is trial 222 with value: 0.7501662829368125.
# [I 2024-01-24 21:36:07,834] Trial 564 finished with value: 0.7460475825019186 and parameters: {'max_depth': 193, 'learning_rate': 0.07230911903308485, 'subsample': 0.9636161124010384, 'colsample_bytree': 0.7002283461095777, 'reg_alpha': 0.002561491296608015, 'reg_lambda': 3.9649321587612584e-05, 'min_child_weight': 4, 'gamma': 0.25684111586415875, 'num_boost_round': 411}. Best is trial 222 with value: 0.7501662829368125.
# [I 2024-01-24 21:36:29,534] Trial 565 finished with value: 0.7482220516756204 and parameters: {'max_depth': 200, 'learning_rate': 0.04297895637061378, 'subsample': 0.9718248065982258, 'colsample_bytree': 0.7258230910245552, 'reg_alpha': 0.018532224329380412, 'reg_lambda': 0.052743238396060016, 'min_child_weight': 16, 'gamma': 0.24033155617319155, 'num_boost_round': 495}. Best is trial 222 with value: 0.7501662829368125.
