# [I 2024-01-17 19:48:09,182] Trial 256 finished with value: 0.747147608083909 and parameters: {'max_depth': 19, 'learning_rate': 0.05678808993945868, 'subsample': 0.8190164027014478, 'colsample_bytree': 0.7002172723853889, 'reg_alpha': 0.0008234555495219596, 'reg_lambda': 0.0011831179191709872, 'min_child_weight': 10, 'gamma': 0.0435435372068357, 'num_boost_round': 766}. Best is trial 200 with value: 0.7496290611409568.
# [I 2024-01-17 19:48:28,439] Trial 257 finished with value: 0.7477104118700435 and parameters: {'max_depth': 20, 'learning_rate': 0.04975102647182125, 'subsample': 0.7882870271650875, 'colsample_bytree': 0.7270613055682429, 'reg_alpha': 0.0042571067405341705, 'reg_lambda': 0.002177161975425085, 'min_child_weight': 12, 'gamma': 0.11958481346270375, 'num_boost_round': 686}. Best is trial 200 with value: 0.7496290611409568.
# [I 2024-01-17 19:48:43,323] Trial 258 finished with value: 0.7492453312867742 and parameters: {'max_depth': 17, 'learning_rate': 0.07903688904654291, 'subsample': 0.8186762596433673, 'colsample_bytree': 0.7279143324824622, 'reg_alpha': 0.003470023095401425, 'reg_lambda': 0.00029666814811566875, 'min_child_weight': 12, 'gamma': 0.14782930007960984, 'num_boost_round': 743}. Best is trial 200 with value: 0.7496290611409568.
# [I 2024-01-17 19:48:59,750] Trial 259 finished with value: 0.7479150677922742 and parameters: {'max_depth': 18, 'learning_rate': 0.058413649855105894, 'subsample': 0.7842881418828238, 'colsample_bytree': 0.7408849258570009, 'reg_alpha': 0.0028984998004516747, 'reg_lambda': 0.00036327924679068374, 'min_child_weight': 10, 'gamma': 0.1197214583237641, 'num_boost_round': 696}. Best is trial 200 with value: 0.7496290611409568.
# [I 2024-01-17 19:49:21,674] Trial 260 finished with value: 0.7480941417242262 and parameters: {'max_depth': 19, 'learning_rate': 0.043498992329468335, 'subsample': 0.8100385401165062, 'colsample_bytree': 0.71668890734915, 'reg_alpha': 0.01130836740044744, 'reg_lambda': 0.0037985963337156684, 'min_child_weight': 12, 'gamma': 0.08859648319442928, 'num_boost_round': 779}. Best is trial 200 with value: 0.7496290611409568.
# [I 2024-01-17 19:49:36,930] Trial 261 finished with value: 0.7479406497825531 and parameters: {'max_depth': 20, 'learning_rate': 0.06972322997666842, 'subsample': 0.759534756153979, 'colsample_bytree': 0.7020294506687121, 'reg_alpha': 0.002050153067780933, 'reg_lambda': 0.002367383788205683, 'min_child_weight': 14, 'gamma': 0.13918155008991395, 'num_boost_round': 772}. Best is trial 200 with value: 0.7496290611409568.
# [I 2024-01-17 19:49:51,052] Trial 262 finished with value: 0.7478383218214377 and parameters: {'max_depth': 19, 'learning_rate': 0.07398816648940457, 'subsample': 0.7611119697508318, 'colsample_bytree': 0.7290738796224145, 'reg_alpha': 0.0003796252947854521, 'reg_lambda': 0.002484884043307469, 'min_child_weight': 13, 'gamma': 0.07428253788108631, 'num_boost_round': 656}. Best is trial 200 with value: 0.7496290611409568.
# [I 2024-01-17 19:49:57,163] Trial 263 finished with value: 0.7416730621642365 and parameters: {'max_depth': 15, 'learning_rate': 0.08519475257440028, 'subsample': 0.7952528274026595, 'colsample_bytree': 0.7643715460348006, 'reg_alpha': 0.006234395076510663, 'reg_lambda': 0.00043300660477799683, 'min_child_weight': 15, 'gamma': 0.16651444995433518, 'num_boost_round': 720}. Best is trial 200 with value: 0.7496290611409568.
# [I 2024-01-17 19:50:09,229] Trial 264 finished with value: 0.7465592223074955 and parameters: {'max_depth': 19, 'learning_rate': 0.07089600031831965, 'subsample': 0.7980804401184148, 'colsample_bytree': 0.7296002702992221, 'reg_alpha': 0.0031542468316569246, 'reg_lambda': 0.0007341204199435147, 'min_child_weight': 15, 'gamma': 0.13352593962643683, 'num_boost_round': 799}. Best is trial 200 with value: 0.7496290611409568.
# [I 2024-01-17 19:50:21,196] Trial 265 finished with value: 0.7460475825019186 and parameters: {'max_depth': 17, 'learning_rate': 0.058753751054086235, 'subsample': 0.7733744528303177, 'colsample_bytree': 0.7218288255266366, 'reg_alpha': 0.04094281325159741, 'reg_lambda': 0.000341940821631255, 'min_child_weight': 13, 'gamma': 0.16663140786705313, 'num_boost_round': 767}. Best is trial 200 with value: 0.7496290611409568.
# [I 2024-01-17 19:50:35,584] Trial 266 finished with value: 0.7478639038117165 and parameters: {'max_depth': 18, 'learning_rate': 0.06464404736013023, 'subsample': 0.787181641897679, 'colsample_bytree': 0.7355857101766277, 'reg_alpha': 0.0068700547230674544, 'reg_lambda': 0.0013189639705812634, 'min_child_weight': 15, 'gamma': 0.18284627500682785, 'num_boost_round': 812}. Best is trial 200 with value: 0.7496290611409568.
# [I 2024-01-17 19:50:47,493] Trial 267 finished with value: 0.7452545408032745 and parameters: {'max_depth': 18, 'learning_rate': 0.05184620998490022, 'subsample': 0.8207489542435772, 'colsample_bytree': 0.7212291628250587, 'reg_alpha': 0.028627701578221452, 'reg_lambda': 0.000755525593677758, 'min_child_weight': 11, 'gamma': 0.11369879816986543, 'num_boost_round': 747}. Best is trial 200 with value: 0.7496290611409568.
# [I 2024-01-17 19:51:05,113] Trial 268 finished with value: 0.7494755691992837 and parameters: {'max_depth': 19, 'learning_rate': 0.05963219470147332, 'subsample': 0.8040478811553542, 'colsample_bytree': 0.7033195542459768, 'reg_alpha': 0.02974437968590946, 'reg_lambda': 0.0015453089542437637, 'min_child_weight': 12, 'gamma': 0.17139809759599944, 'num_boost_round': 808}. Best is trial 200 with value: 0.7496290611409568.
# [I 2024-01-17 19:51:22,294] Trial 269 finished with value: 0.7476848298797647 and parameters: {'max_depth': 20, 'learning_rate': 0.05609738082304014, 'subsample': 0.7913804047567051, 'colsample_bytree': 0.7266835503618262, 'reg_alpha': 0.0017839987989374797, 'reg_lambda': 0.0019541638224781018, 'min_child_weight': 13, 'gamma': 0.09466263375929078, 'num_boost_round': 817}. Best is trial 200 with value: 0.7496290611409568.
# [I 2024-01-17 19:51:34,599] Trial 270 finished with value: 0.745842926579688 and parameters: {'max_depth': 18, 'learning_rate': 0.060292527604344476, 'subsample': 0.8063419109829635, 'colsample_bytree': 0.7473013297680694, 'reg_alpha': 0.01203033735590973, 'reg_lambda': 0.001411142247968063, 'min_child_weight': 15, 'gamma': 0.1869713010061544, 'num_boost_round': 773}. Best is trial 200 with value: 0.7496290611409568.
# [I 2024-01-17 19:51:47,088] Trial 271 finished with value: 0.7472755180353031 and parameters: {'max_depth': 18, 'learning_rate': 0.06139514267801812, 'subsample': 0.7682381085620573, 'colsample_bytree': 0.7239020531223505, 'reg_alpha': 0.07912196753365774, 'reg_lambda': 0.007307343491508474, 'min_child_weight': 16, 'gamma': 0.1433131577883834, 'num_boost_round': 853}. Best is trial 200 with value: 0.7496290611409568.
# [I 2024-01-17 19:52:09,260] Trial 272 finished with value: 0.7481708876950627 and parameters: {'max_depth': 20, 'learning_rate': 0.05228310414352748, 'subsample': 0.7793026135897059, 'colsample_bytree': 0.7400428462002357, 'reg_alpha': 0.005365863419399847, 'reg_lambda': 0.0039031677664423305, 'min_child_weight': 15, 'gamma': 0.184120359869484, 'num_boost_round': 760}. Best is trial 200 with value: 0.7496290611409568.
# [I 2024-01-17 19:52:21,437] Trial 273 finished with value: 0.7492964952673318 and parameters: {'max_depth': 18, 'learning_rate': 0.09398078106451072, 'subsample': 0.7918516635145675, 'colsample_bytree': 0.7172934942132351, 'reg_alpha': 0.0020144600850840596, 'reg_lambda': 0.001317949526134785, 'min_child_weight': 11, 'gamma': 0.1573057667274361, 'num_boost_round': 757}. Best is trial 200 with value: 0.7496290611409568.
# [I 2024-01-17 19:52:33,066] Trial 274 finished with value: 0.7457405986185726 and parameters: {'max_depth': 19, 'learning_rate': 0.07462682865958566, 'subsample': 0.7980296388179386, 'colsample_bytree': 0.7168702610425086, 'reg_alpha': 0.0037406369829677483, 'reg_lambda': 0.0013732963670450111, 'min_child_weight': 11, 'gamma': 0.20825629810243076, 'num_boost_round': 762}. Best is trial 200 with value: 0.7496290611409568.
# [I 2024-01-17 19:52:48,854] Trial 275 finished with value: 0.7465848042977743 and parameters: {'max_depth': 19, 'learning_rate': 0.04762888178424993, 'subsample': 0.7854625265825486, 'colsample_bytree': 0.7304667250007321, 'reg_alpha': 0.002013116572723524, 'reg_lambda': 0.0015258530881400855, 'min_child_weight': 9, 'gamma': 0.19327525043228094, 'num_boost_round': 714}. Best is trial 200 with value: 0.7496290611409568.
# [I 2024-01-17 19:53:01,905] Trial 276 finished with value: 0.7466359682783321 and parameters: {'max_depth': 18, 'learning_rate': 0.06521042797708212, 'subsample': 0.7652599554071549, 'colsample_bytree': 0.7458717834909889, 'reg_alpha': 0.013210781407057937, 'reg_lambda': 0.005702325589540295, 'min_child_weight': 13, 'gamma': 0.13129380501600005, 'num_boost_round': 749}. Best is trial 200 with value: 0.7496290611409568.
# [I 2024-01-17 19:53:22,984] Trial 277 finished with value: 0.747966231772832 and parameters: {'max_depth': 19, 'learning_rate': 0.04160566638223804, 'subsample': 0.8312931200645634, 'colsample_bytree': 0.7630467967102533, 'reg_alpha': 0.04492555700501099, 'reg_lambda': 0.0007512259030720999, 'min_child_weight': 13, 'gamma': 0.18927895715969467, 'num_boost_round': 806}. Best is trial 200 with value: 0.7496290611409568.
# [I 2024-01-17 19:53:39,823] Trial 278 finished with value: 0.7487081094909184 and parameters: {'max_depth': 20, 'learning_rate': 0.05694745301956643, 'subsample': 0.777909157921012, 'colsample_bytree': 0.717445260145608, 'reg_alpha': 0.004743615277159516, 'reg_lambda': 0.001650310073954182, 'min_child_weight': 10, 'gamma': 0.09275522207184851, 'num_boost_round': 727}. Best is trial 200 with value: 0.7496290611409568.
# [I 2024-01-17 19:53:59,485] Trial 279 finished with value: 0.7495011511895626 and parameters: {'max_depth': 19, 'learning_rate': 0.06577962854737833, 'subsample': 0.7715677616142981, 'colsample_bytree': 0.7203784333424026, 'reg_alpha': 0.006542424481611512, 'reg_lambda': 0.00010400419377906377, 'min_child_weight': 11, 'gamma': 0.13743404155677658, 'num_boost_round': 676}. Best is trial 200 with value: 0.7496290611409568.
# [I 2024-01-17 19:54:18,937] Trial 280 finished with value: 0.7497313891020722 and parameters: {'max_depth': 19, 'learning_rate': 0.0507538135551261, 'subsample': 0.7757033990592374, 'colsample_bytree': 0.7033304767300838, 'reg_alpha': 0.0033088574343809146, 'reg_lambda': 0.010811444965629302, 'min_child_weight': 13, 'gamma': 0.14001008988371658, 'num_boost_round': 791}. Best is trial 280 with value: 0.7497313891020722.
# [I 2024-01-17 19:54:32,187] Trial 281 finished with value: 0.7478639038117165 and parameters: {'max_depth': 20, 'learning_rate': 0.07375478817911611, 'subsample': 0.7875707426887504, 'colsample_bytree': 0.707214429681765, 'reg_alpha': 0.004349256035538245, 'reg_lambda': 0.0015058281863729185, 'min_child_weight': 12, 'gamma': 0.1440695047419859, 'num_boost_round': 693}. Best is trial 280 with value: 0.7497313891020722.
# [I 2024-01-17 19:54:43,461] Trial 282 finished with value: 0.7459452545408033 and parameters: {'max_depth': 20, 'learning_rate': 0.0736726595401156, 'subsample': 0.7834883850590856, 'colsample_bytree': 0.7147377716369093, 'reg_alpha': 0.005913702457583122, 'reg_lambda': 0.0002602896127958071, 'min_child_weight': 10, 'gamma': 0.1263569558028848, 'num_boost_round': 787}. Best is trial 280 with value: 0.7497313891020722.
# [I 2024-01-17 19:54:56,939] Trial 283 finished with value: 0.7472499360450243 and parameters: {'max_depth': 19, 'learning_rate': 0.07259581851716487, 'subsample': 0.7643839786520056, 'colsample_bytree': 0.7274856845050537, 'reg_alpha': 0.0026208679242281773, 'reg_lambda': 0.002885138641947819, 'min_child_weight': 10, 'gamma': 0.11566608476734816, 'num_boost_round': 795}. Best is trial 280 with value: 0.7497313891020722.
# [I 2024-01-17 19:55:07,703] Trial 284 finished with value: 0.7454336147352264 and parameters: {'max_depth': 20, 'learning_rate': 0.0811381638732522, 'subsample': 0.7525876564602726, 'colsample_bytree': 0.7234944436236643, 'reg_alpha': 0.00042196786170122733, 'reg_lambda': 0.004379032115297234, 'min_child_weight': 13, 'gamma': 0.1008811338121886, 'num_boost_round': 736}. Best is trial 280 with value: 0.7497313891020722.
# [I 2024-01-17 19:55:22,196] Trial 285 finished with value: 0.7485034535686876 and parameters: {'max_depth': 20, 'learning_rate': 0.07039490622681406, 'subsample': 0.777598932660106, 'colsample_bytree': 0.7235791106873803, 'reg_alpha': 0.005186450710141382, 'reg_lambda': 0.0008802118738179263, 'min_child_weight': 12, 'gamma': 0.12837679960723528, 'num_boost_round': 765}. Best is trial 280 with value: 0.7497313891020722.
# [I 2024-01-17 19:55:40,072] Trial 286 finished with value: 0.7481964696853416 and parameters: {'max_depth': 19, 'learning_rate': 0.05044514557562524, 'subsample': 0.7802033386448943, 'colsample_bytree': 0.729446032032682, 'reg_alpha': 0.002342309562757608, 'reg_lambda': 0.0023707285092973824, 'min_child_weight': 12, 'gamma': 0.11313852450891025, 'num_boost_round': 741}. Best is trial 280 with value: 0.7497313891020722.
# [I 2024-01-17 19:55:59,523] Trial 287 finished with value: 0.7480685597339474 and parameters: {'max_depth': 19, 'learning_rate': 0.04628137903699131, 'subsample': 0.793274271537337, 'colsample_bytree': 0.7313245547591158, 'reg_alpha': 0.025146834228838292, 'reg_lambda': 0.0009558267449792405, 'min_child_weight': 10, 'gamma': 0.179563999028864, 'num_boost_round': 735}. Best is trial 280 with value: 0.7497313891020722.
# [I 2024-01-17 19:56:14,309] Trial 288 finished with value: 0.7479406497825531 and parameters: {'max_depth': 19, 'learning_rate': 0.06508289696445121, 'subsample': 0.8084386402634955, 'colsample_bytree': 0.7264736486156156, 'reg_alpha': 0.009280180885763677, 'reg_lambda': 0.00040814085279035697, 'min_child_weight': 11, 'gamma': 0.19835355898626925, 'num_boost_round': 747}. Best is trial 280 with value: 0.7497313891020722.
# [I 2024-01-17 19:56:29,702] Trial 289 finished with value: 0.749270913277053 and parameters: {'max_depth': 19, 'learning_rate': 0.06911831041572775, 'subsample': 0.7923109859448416, 'colsample_bytree': 0.7191049606530135, 'reg_alpha': 0.002371713543949176, 'reg_lambda': 0.00048043328593730107, 'min_child_weight': 11, 'gamma': 0.1529002789112797, 'num_boost_round': 744}. Best is trial 280 with value: 0.7497313891020722.
# [I 2024-01-17 19:56:44,133] Trial 290 finished with value: 0.7486313635200819 and parameters: {'max_depth': 19, 'learning_rate': 0.08327579909503073, 'subsample': 0.740172035265301, 'colsample_bytree': 0.701865025425455, 'reg_alpha': 0.0013232617733718967, 'reg_lambda': 0.0009644349405314402, 'min_child_weight': 11, 'gamma': 0.08668422117474868, 'num_boost_round': 658}. Best is trial 280 with value: 0.7497313891020722.
# [I 2024-01-17 19:56:53,849] Trial 291 finished with value: 0.7454080327449475 and parameters: {'max_depth': 19, 'learning_rate': 0.08179814103597371, 'subsample': 0.7873651609040841, 'colsample_bytree': 0.7025392197318946, 'reg_alpha': 0.0012142803759084121, 'reg_lambda': 0.00021790977305476472, 'min_child_weight': 12, 'gamma': 0.15008413767228565, 'num_boost_round': 693}. Best is trial 280 with value: 0.7497313891020722.
# [I 2024-01-17 19:57:14,932] Trial 292 finished with value: 0.7486057815298031 and parameters: {'max_depth': 19, 'learning_rate': 0.05726614510976745, 'subsample': 0.7508676820495649, 'colsample_bytree': 0.7270432761659682, 'reg_alpha': 0.00227744197036592, 'reg_lambda': 0.0014041468796825315, 'min_child_weight': 12, 'gamma': 0.129757127097854, 'num_boost_round': 753}. Best is trial 280 with value: 0.7497313891020722.
# [I 2024-01-17 19:57:26,476] Trial 293 finished with value: 0.7469941161422359 and parameters: {'max_depth': 19, 'learning_rate': 0.06955174587743959, 'subsample': 0.7208998460636217, 'colsample_bytree': 0.7062571495403835, 'reg_alpha': 0.001276261339787939, 'reg_lambda': 0.0005156253037498658, 'min_child_weight': 12, 'gamma': 0.11578355542883645, 'num_boost_round': 675}. Best is trial 280 with value: 0.7497313891020722.
# [I 2024-01-17 19:57:44,299] Trial 294 finished with value: 0.7487848554617549 and parameters: {'max_depth': 19, 'learning_rate': 0.05902295517572796, 'subsample': 0.7748547407534621, 'colsample_bytree': 0.7233641009455501, 'reg_alpha': 0.0015133160930442305, 'reg_lambda': 0.0027010010083947703, 'min_child_weight': 13, 'gamma': 0.10275870855229098, 'num_boost_round': 740}. Best is trial 280 with value: 0.7497313891020722.
# [I 2024-01-17 19:57:59,067] Trial 295 finished with value: 0.7474290099769763 and parameters: {'max_depth': 20, 'learning_rate': 0.0675942106937462, 'subsample': 0.7779971042123277, 'colsample_bytree': 0.7250854727667195, 'reg_alpha': 0.0011564909844245168, 'reg_lambda': 0.0008402352881301679, 'min_child_weight': 13, 'gamma': 0.12682135456859991, 'num_boost_round': 723}. Best is trial 280 with value: 0.7497313891020722.
# [I 2024-01-17 19:58:10,178] Trial 296 finished with value: 0.7483755436172934 and parameters: {'max_depth': 19, 'learning_rate': 0.08790410986288769, 'subsample': 0.7440880860047328, 'colsample_bytree': 0.7233137470150623, 'reg_alpha': 0.009968342413624721, 'reg_lambda': 0.0005367043106177055, 'min_child_weight': 12, 'gamma': 0.13003004635488438, 'num_boost_round': 768}. Best is trial 280 with value: 0.7497313891020722.
# [I 2024-01-17 19:58:25,427] Trial 297 finished with value: 0.7481453057047838 and parameters: {'max_depth': 19, 'learning_rate': 0.07912920622403781, 'subsample': 0.7947783762099525, 'colsample_bytree': 0.7150822553160832, 'reg_alpha': 0.0026450919077319734, 'reg_lambda': 0.0002803083101021309, 'min_child_weight': 11, 'gamma': 0.12600028452071635, 'num_boost_round': 729}. Best is trial 280 with value: 0.7497313891020722.
# [I 2024-01-17 19:58:38,940] Trial 298 finished with value: 0.7477615758506011 and parameters: {'max_depth': 18, 'learning_rate': 0.07926920073085196, 'subsample': 0.7926697500732726, 'colsample_bytree': 0.73690324257544, 'reg_alpha': 0.003392215482993489, 'reg_lambda': 0.00022618966816103292, 'min_child_weight': 12, 'gamma': 0.15952653060903382, 'num_boost_round': 728}. Best is trial 280 with value: 0.7497313891020722.
# [I 2024-01-17 19:58:50,520] Trial 299 finished with value: 0.7456638526477359 and parameters: {'max_depth': 18, 'learning_rate': 0.0692694190793487, 'subsample': 0.7727748852006222, 'colsample_bytree': 0.7380429225623172, 'reg_alpha': 0.0009311747427035285, 'reg_lambda': 0.0007962016717906039, 'min_child_weight': 12, 'gamma': 0.13084046631723154, 'num_boost_round': 741}. Best is trial 280 with value: 0.7497313891020722.
# [I 2024-01-17 19:59:03,854] Trial 300 finished with value: 0.74845228958813 and parameters: {'max_depth': 18, 'learning_rate': 0.07701916416765772, 'subsample': 0.7447527437521476, 'colsample_bytree': 0.7151512525684425, 'reg_alpha': 0.00500854408227681, 'reg_lambda': 0.0009130370820758579, 'min_child_weight': 12, 'gamma': 0.11574095330868563, 'num_boost_round': 710}. Best is trial 280 with value: 0.7497313891020722.
# [I 2024-01-17 19:59:16,686] Trial 301 finished with value: 0.7458940905602456 and parameters: {'max_depth': 19, 'learning_rate': 0.07285056965247941, 'subsample': 0.7992181154591702, 'colsample_bytree': 0.7424639747595165, 'reg_alpha': 0.001873522031083927, 'reg_lambda': 0.0011402007521915081, 'min_child_weight': 12, 'gamma': 0.11932332036059173, 'num_boost_round': 708}. Best is trial 280 with value: 0.7497313891020722.
# [I 2024-01-17 19:59:33,469] Trial 302 finished with value: 0.7489895113839857 and parameters: {'max_depth': 19, 'learning_rate': 0.06642323295009463, 'subsample': 0.7661957084889119, 'colsample_bytree': 0.7433874455109337, 'reg_alpha': 0.0024575222380805468, 'reg_lambda': 0.0006071140720140329, 'min_child_weight': 12, 'gamma': 0.14706471115809727, 'num_boost_round': 761}. Best is trial 280 with value: 0.7497313891020722.
# [I 2024-01-17 19:59:53,232] Trial 303 finished with value: 0.7477615758506011 and parameters: {'max_depth': 20, 'learning_rate': 0.043275675378178786, 'subsample': 0.7806140939206383, 'colsample_bytree': 0.7429936310095017, 'reg_alpha': 0.0038039806506761117, 'reg_lambda': 0.0020881591378033313, 'min_child_weight': 11, 'gamma': 0.13477550110446382, 'num_boost_round': 815}. Best is trial 280 with value: 0.7497313891020722.
# [I 2024-01-17 20:00:09,251] Trial 304 finished with value: 0.7502686108979278 and parameters: {'max_depth': 18, 'learning_rate': 0.06949760197050864, 'subsample': 0.7871296138515518, 'colsample_bytree': 0.7223808145597003, 'reg_alpha': 0.0028247977944178774, 'reg_lambda': 0.000577550039269003, 'min_child_weight': 9, 'gamma': 0.097092580471978, 'num_boost_round': 705}. Best is trial 304 with value: 0.7502686108979278.
# [I 2024-01-17 20:00:27,561] Trial 305 finished with value: 0.7485801995395241 and parameters: {'max_depth': 18, 'learning_rate': 0.055000893014660254, 'subsample': 0.7670177618046039, 'colsample_bytree': 0.7391889610493464, 'reg_alpha': 0.001406108039751836, 'reg_lambda': 0.0019820059942702094, 'min_child_weight': 13, 'gamma': 0.12798395496556908, 'num_boost_round': 680}. Best is trial 304 with value: 0.7502686108979278.
# [I 2024-01-17 20:00:42,337] Trial 306 finished with value: 0.7474290099769763 and parameters: {'max_depth': 18, 'learning_rate': 0.06206987448103703, 'subsample': 0.7527385157018531, 'colsample_bytree': 0.7179984474850214, 'reg_alpha': 0.002860989215602053, 'reg_lambda': 0.0011682238785032707, 'min_child_weight': 12, 'gamma': 0.11313115726284183, 'num_boost_round': 703}. Best is trial 304 with value: 0.7502686108979278.
