[I 2024-01-15 14:04:31,986] Trial 156 finished with value: 0.7426451777948324 and parameters: {'max_depth': 10, 'learning_rate': 0.07562800923980206, 'subsample': 0.814650471495691, 'colsample_bytree': 0.8699428419705667, 'reg_alpha': 0.0004414825327646199, 'reg_lambda': 0.0003571013406355971, 'min_child_weight': 6, 'gamma': 0.32558188744680866, 'num_boost_round': 638}. Best is trial 109 with value: 0.7471731900741878.
[I 2024-01-15 14:04:39,905] Trial 157 finished with value: 0.7465080583269379 and parameters: {'max_depth': 10, 'learning_rate': 0.10681559452293819, 'subsample': 0.8118000926324738, 'colsample_bytree': 0.8612387687436744, 'reg_alpha': 0.0001855529338190218, 'reg_lambda': 0.0028814312670552124, 'min_child_weight': 7, 'gamma': 0.32515950937471877, 'num_boost_round': 559}. Best is trial 109 with value: 0.7471731900741878.
[I 2024-01-15 14:04:47,553] Trial 158 finished with value: 0.746149910463034 and parameters: {'max_depth': 10, 'learning_rate': 0.1202179617010789, 'subsample': 0.8073205928295111, 'colsample_bytree': 0.9012008523869494, 'reg_alpha': 5.093379095120083e-05, 'reg_lambda': 0.0009782438425695067, 'min_child_weight': 4, 'gamma': 0.2989244920924054, 'num_boost_round': 596}. Best is trial 109 with value: 0.7471731900741878.
[I 2024-01-15 14:04:53,038] Trial 159 finished with value: 0.74469173701714 and parameters: {'max_depth': 9, 'learning_rate': 0.15517738429026395, 'subsample': 0.7916909798736035, 'colsample_bytree': 0.9186510910932713, 'reg_alpha': 0.0001213376998543268, 'reg_lambda': 0.0017308526373278651, 'min_child_weight': 6, 'gamma': 0.3629277569096315, 'num_boost_round': 656}. Best is trial 109 with value: 0.7471731900741878.
[I 2024-01-15 14:05:01,261] Trial 160 finished with value: 0.74469173701714 and parameters: {'max_depth': 10, 'learning_rate': 0.08505262390055812, 'subsample': 0.8033011172174105, 'colsample_bytree': 0.8949349680919134, 'reg_alpha': 1.4152292658391657e-05, 'reg_lambda': 0.0008046934092931674, 'min_child_weight': 4, 'gamma': 0.3625085087937887, 'num_boost_round': 589}. Best is trial 109 with value: 0.7471731900741878.
[I 2024-01-15 14:05:06,645] Trial 161 finished with value: 0.7448196469685342 and parameters: {'max_depth': 10, 'learning_rate': 0.137031769158702, 'subsample': 0.8197820402246369, 'colsample_bytree': 0.8741003343722323, 'reg_alpha': 2.7109826632463317e-05, 'reg_lambda': 0.0038866045111731855, 'min_child_weight': 6, 'gamma': 0.29113472472215074, 'num_boost_round': 575}. Best is trial 109 with value: 0.7471731900741878.
[I 2024-01-15 14:05:13,881] Trial 162 finished with value: 0.7468150422102839 and parameters: {'max_depth': 10, 'learning_rate': 0.1399472870348744, 'subsample': 0.8328870376873754, 'colsample_bytree': 0.8540534820977557, 'reg_alpha': 0.0002960956011498698, 'reg_lambda': 0.00042286625069414387, 'min_child_weight': 6, 'gamma': 0.2903662793866109, 'num_boost_round': 570}. Best is trial 109 with value: 0.7471731900741878.
[I 2024-01-15 14:05:20,157] Trial 163 finished with value: 0.7456382706574571 and parameters: {'max_depth': 10, 'learning_rate': 0.11852122597306324, 'subsample': 0.82096070532961, 'colsample_bytree': 0.9051463538056796, 'reg_alpha': 0.0011444490384311737, 'reg_lambda': 0.0009891629269964406, 'min_child_weight': 5, 'gamma': 0.30699970837444485, 'num_boost_round': 585}. Best is trial 109 with value: 0.7471731900741878.
[I 2024-01-15 14:05:27,066] Trial 164 finished with value: 0.7473266820158608 and parameters: {'max_depth': 10, 'learning_rate': 0.16600004757130238, 'subsample': 0.8338515850264939, 'colsample_bytree': 0.8350193167977603, 'reg_alpha': 5.89065889962893e-05, 'reg_lambda': 0.0018907516717618252, 'min_child_weight': 6, 'gamma': 0.28284008599691146, 'num_boost_round': 571}. Best is trial 164 with value: 0.7473266820158608.
[I 2024-01-15 14:05:35,496] Trial 165 finished with value: 0.7432847275518035 and parameters: {'max_depth': 10, 'learning_rate': 0.08014740315479646, 'subsample': 0.8062510138782947, 'colsample_bytree': 0.9148575165637464, 'reg_alpha': 0.00026304664376535365, 'reg_lambda': 0.000857793051222099, 'min_child_weight': 5, 'gamma': 0.33766783476288487, 'num_boost_round': 567}. Best is trial 164 with value: 0.7473266820158608.
[I 2024-01-15 14:05:43,492] Trial 166 finished with value: 0.7429521616781786 and parameters: {'max_depth': 10, 'learning_rate': 0.07925572870548561, 'subsample': 0.7845294179173506, 'colsample_bytree': 0.9053805637839694, 'reg_alpha': 5.5206256260754675e-05, 'reg_lambda': 0.0008729629313219714, 'min_child_weight': 7, 'gamma': 0.3381227295648021, 'num_boost_round': 594}. Best is trial 164 with value: 0.7473266820158608.
[I 2024-01-15 14:05:52,088] Trial 167 finished with value: 0.7454847787157841 and parameters: {'max_depth': 10, 'learning_rate': 0.08428293815852725, 'subsample': 0.8287287524276862, 'colsample_bytree': 0.8613555347996305, 'reg_alpha': 6.106568655478518e-05, 'reg_lambda': 0.0009291982125760441, 'min_child_weight': 7, 'gamma': 0.32694105850921107, 'num_boost_round': 548}. Best is trial 164 with value: 0.7473266820158608.
[I 2024-01-15 14:05:59,294] Trial 168 finished with value: 0.7448963929393707 and parameters: {'max_depth': 10, 'learning_rate': 0.10604211872309818, 'subsample': 0.7941641051377125, 'colsample_bytree': 0.9016349159633505, 'reg_alpha': 0.0005986708772286711, 'reg_lambda': 0.000729204515769135, 'min_child_weight': 5, 'gamma': 0.30083683706781594, 'num_boost_round': 459}. Best is trial 164 with value: 0.7473266820158608.
[I 2024-01-15 14:06:05,808] Trial 169 finished with value: 0.7442568431823996 and parameters: {'max_depth': 10, 'learning_rate': 0.0984777678230098, 'subsample': 0.7999404219322249, 'colsample_bytree': 0.8863883952586513, 'reg_alpha': 0.0001453717097447907, 'reg_lambda': 0.004268366938740265, 'min_child_weight': 6, 'gamma': 0.296327691854113, 'num_boost_round': 557}. Best is trial 164 with value: 0.7473266820158608.
[I 2024-01-15 14:06:11,944] Trial 170 finished with value: 0.7453312867741111 and parameters: {'max_depth': 10, 'learning_rate': 0.13385557853514077, 'subsample': 0.8040871488835422, 'colsample_bytree': 0.8734384493630473, 'reg_alpha': 0.00010386973435795378, 'reg_lambda': 0.00313498738170297, 'min_child_weight': 6, 'gamma': 0.34460908012564584, 'num_boost_round': 530}. Best is trial 164 with value: 0.7473266820158608.
[I 2024-01-15 14:06:17,972] Trial 171 finished with value: 0.7409567664364287 and parameters: {'max_depth': 9, 'learning_rate': 0.10720907138740064, 'subsample': 0.8426869535633295, 'colsample_bytree': 0.8800698841397105, 'reg_alpha': 0.00024422993989794143, 'reg_lambda': 0.002311776167257319, 'min_child_weight': 6, 'gamma': 0.16462875861368326, 'num_boost_round': 555}. Best is trial 164 with value: 0.7473266820158608.
[I 2024-01-15 14:06:24,186] Trial 172 finished with value: 0.7453824507546687 and parameters: {'max_depth': 10, 'learning_rate': 0.14773199485663235, 'subsample': 0.849100346942967, 'colsample_bytree': 0.8881744417022479, 'reg_alpha': 0.00028310194600656596, 'reg_lambda': 0.001706211008284849, 'min_child_weight': 6, 'gamma': 0.3332854272718934, 'num_boost_round': 523}. Best is trial 164 with value: 0.7473266820158608.
[I 2024-01-15 14:06:35,058] Trial 173 finished with value: 0.7460987464824763 and parameters: {'max_depth': 10, 'learning_rate': 0.07052406305896097, 'subsample': 0.8318087005676388, 'colsample_bytree': 0.89354626842306, 'reg_alpha': 0.00011384104976741539, 'reg_lambda': 0.0011494002812677952, 'min_child_weight': 4, 'gamma': 0.2880318589781505, 'num_boost_round': 610}. Best is trial 164 with value: 0.7473266820158608.
[I 2024-01-15 14:06:40,478] Trial 174 finished with value: 0.7440521872601689 and parameters: {'max_depth': 10, 'learning_rate': 0.1624875923218854, 'subsample': 0.8366907042015408, 'colsample_bytree': 0.8944075136818116, 'reg_alpha': 0.000148363986466991, 'reg_lambda': 0.0015177884505795233, 'min_child_weight': 6, 'gamma': 0.34512673124855897, 'num_boost_round': 538}. Best is trial 164 with value: 0.7473266820158608.
[I 2024-01-15 14:06:45,434] Trial 175 finished with value: 0.7454591967255053 and parameters: {'max_depth': 10, 'learning_rate': 0.1792280090227239, 'subsample': 0.8157612632527786, 'colsample_bytree': 0.8320421943437029, 'reg_alpha': 0.0002748673630137184, 'reg_lambda': 0.0003317039281845842, 'min_child_weight': 5, 'gamma': 0.3134623802987846, 'num_boost_round': 540}. Best is trial 164 with value: 0.7473266820158608.
[I 2024-01-15 14:06:50,212] Trial 176 finished with value: 0.7437452033768227 and parameters: {'max_depth': 10, 'learning_rate': 0.17341596792202313, 'subsample': 0.8172571499242306, 'colsample_bytree': 0.8062005071936378, 'reg_alpha': 4.873420250577543e-05, 'reg_lambda': 0.0007978507580642955, 'min_child_weight': 3, 'gamma': 0.35496583181074737, 'num_boost_round': 522}. Best is trial 164 with value: 0.7473266820158608.
[I 2024-01-15 14:06:54,984] Trial 177 finished with value: 0.7391660271169097 and parameters: {'max_depth': 9, 'learning_rate': 0.11810602918713584, 'subsample': 0.824167686811588, 'colsample_bytree': 0.8175832167755577, 'reg_alpha': 0.000208239497967317, 'reg_lambda': 0.0007597314557264773, 'min_child_weight': 5, 'gamma': 0.3040368957848903, 'num_boost_round': 609}. Best is trial 164 with value: 0.7473266820158608.
[I 2024-01-15 14:06:59,305] Trial 178 finished with value: 0.7429521616781786 and parameters: {'max_depth': 9, 'learning_rate': 0.16750083303510924, 'subsample': 0.8121894608491312, 'colsample_bytree': 0.8660137821997822, 'reg_alpha': 0.0002252215975076578, 'reg_lambda': 0.005825167833274174, 'min_child_weight': 5, 'gamma': 0.2726492571090909, 'num_boost_round': 600}. Best is trial 164 with value: 0.7473266820158608.
[I 2024-01-15 14:07:03,817] Trial 179 finished with value: 0.7432335635712459 and parameters: {'max_depth': 9, 'learning_rate': 0.1781517410137455, 'subsample': 0.8216624700852354, 'colsample_bytree': 0.8461455962589923, 'reg_alpha': 0.0004096037546490196, 'reg_lambda': 0.0005818202232689487, 'min_child_weight': 5, 'gamma': 0.28561931858196105, 'num_boost_round': 514}. Best is trial 164 with value: 0.7473266820158608.
[I 2024-01-15 14:07:13,080] Trial 180 finished with value: 0.7459708365310821 and parameters: {'max_depth': 10, 'learning_rate': 0.09209849478536998, 'subsample': 0.8453992980617325, 'colsample_bytree': 0.8577219033850509, 'reg_alpha': 0.00019321053673795706, 'reg_lambda': 0.0013677172639589151, 'min_child_weight': 6, 'gamma': 0.3085984730610442, 'num_boost_round': 609}. Best is trial 164 with value: 0.7473266820158608.
[I 2024-01-15 14:07:22,389] Trial 181 finished with value: 0.7473266820158608 and parameters: {'max_depth': 10, 'learning_rate': 0.09970340382541809, 'subsample': 0.8438091781498112, 'colsample_bytree': 0.9030177843659862, 'reg_alpha': 0.00023620852085782417, 'reg_lambda': 0.0035201684330327695, 'min_child_weight': 6, 'gamma': 0.29014345794343466, 'num_boost_round': 678}. Best is trial 164 with value: 0.7473266820158608.
[I 2024-01-15 14:07:30,045] Trial 182 finished with value: 0.7451266308518802 and parameters: {'max_depth': 10, 'learning_rate': 0.10648502920688913, 'subsample': 0.834074934665885, 'colsample_bytree': 0.8324996923016159, 'reg_alpha': 0.0008871864904621067, 'reg_lambda': 0.004450637068133582, 'min_child_weight': 5, 'gamma': 0.28198029805499614, 'num_boost_round': 599}. Best is trial 164 with value: 0.7473266820158608.
[I 2024-01-15 14:07:35,737] Trial 183 finished with value: 0.7413916602711691 and parameters: {'max_depth': 10, 'learning_rate': 0.09895969310675594, 'subsample': 0.8168887227133143, 'colsample_bytree': 0.8335822361751644, 'reg_alpha': 0.0003465830270649773, 'reg_lambda': 0.0032382374911530576, 'min_child_weight': 4, 'gamma': 0.268214469242801, 'num_boost_round': 580}. Best is trial 164 with value: 0.7473266820158608.
[I 2024-01-15 14:07:46,351] Trial 184 finished with value: 0.7464568943463801 and parameters: {'max_depth': 10, 'learning_rate': 0.07677904299859864, 'subsample': 0.8271556542544335, 'colsample_bytree': 0.8967002224940331, 'reg_alpha': 3.892793276191773e-05, 'reg_lambda': 0.0031820656653697627, 'min_child_weight': 3, 'gamma': 0.351921037989267, 'num_boost_round': 632}. Best is trial 164 with value: 0.7473266820158608.
[I 2024-01-15 14:07:54,364] Trial 185 finished with value: 0.7446149910463034 and parameters: {'max_depth': 10, 'learning_rate': 0.10053257517144809, 'subsample': 0.8461579775796437, 'colsample_bytree': 0.8707404636643323, 'reg_alpha': 0.000239320722353393, 'reg_lambda': 0.0005777150572751278, 'min_child_weight': 4, 'gamma': 0.2652884990781798, 'num_boost_round': 508}. Best is trial 164 with value: 0.7473266820158608.
[I 2024-01-15 14:08:04,774] Trial 186 finished with value: 0.7447173190074188 and parameters: {'max_depth': 10, 'learning_rate': 0.06738363267530371, 'subsample': 0.8153792776625454, 'colsample_bytree': 0.8870876197135507, 'reg_alpha': 0.0004281162055463078, 'reg_lambda': 0.0012723947178689798, 'min_child_weight': 4, 'gamma': 0.2813947074947823, 'num_boost_round': 592}. Best is trial 164 with value: 0.7473266820158608.
[I 2024-01-15 14:08:11,023] Trial 187 finished with value: 0.7423381939114864 and parameters: {'max_depth': 10, 'learning_rate': 0.09672427363671346, 'subsample': 0.8246974549084337, 'colsample_bytree': 0.8589325091556298, 'reg_alpha': 8.492603109370168e-05, 'reg_lambda': 0.0052337929693913885, 'min_child_weight': 6, 'gamma': 0.2436333833905645, 'num_boost_round': 613}. Best is trial 164 with value: 0.7473266820158608.
[I 2024-01-15 14:08:18,139] Trial 188 finished with value: 0.74469173701714 and parameters: {'max_depth': 10, 'learning_rate': 0.1169728262456335, 'subsample': 0.8380318489906795, 'colsample_bytree': 0.8785316789241046, 'reg_alpha': 0.0010535678431947862, 'reg_lambda': 0.0011555670956290697, 'min_child_weight': 4, 'gamma': 0.34355013894290115, 'num_boost_round': 532}. Best is trial 164 with value: 0.7473266820158608.
[I 2024-01-15 14:08:26,622] Trial 189 finished with value: 0.7470708621130724 and parameters: {'max_depth': 10, 'learning_rate': 0.11003199488681953, 'subsample': 0.8761114245285806, 'colsample_bytree': 0.8396839102108716, 'reg_alpha': 0.00013712722942569943, 'reg_lambda': 0.00029891724028448366, 'min_child_weight': 4, 'gamma': 0.27407200176322927, 'num_boost_round': 536}. Best is trial 164 with value: 0.7473266820158608.
[I 2024-01-15 14:08:36,076] Trial 190 finished with value: 0.7454336147352264 and parameters: {'max_depth': 10, 'learning_rate': 0.08400360172690954, 'subsample': 0.8151220704976918, 'colsample_bytree': 0.882849518448231, 'reg_alpha': 0.00021327335732478005, 'reg_lambda': 0.00043147030175231626, 'min_child_weight': 3, 'gamma': 0.33438539602178874, 'num_boost_round': 601}. Best is trial 164 with value: 0.7473266820158608.
[I 2024-01-15 14:08:41,931] Trial 191 finished with value: 0.7465080583269379 and parameters: {'max_depth': 10, 'learning_rate': 0.17280081452791887, 'subsample': 0.8305960273337384, 'colsample_bytree': 0.845061089266356, 'reg_alpha': 0.00011245968388608042, 'reg_lambda': 0.0010542250479694273, 'min_child_weight': 6, 'gamma': 0.2766128029602382, 'num_boost_round': 622}. Best is trial 164 with value: 0.7473266820158608.
[I 2024-01-15 14:08:48,846] Trial 192 finished with value: 0.7426195958045536 and parameters: {'max_depth': 10, 'learning_rate': 0.09482423956907245, 'subsample': 0.8509369099316523, 'colsample_bytree': 0.8582419098655654, 'reg_alpha': 8.182105756833705e-05, 'reg_lambda': 0.0016856240324028542, 'min_child_weight': 5, 'gamma': 0.2311143612361625, 'num_boost_round': 582}. Best is trial 164 with value: 0.7473266820158608.
[I 2024-01-15 14:08:56,944] Trial 193 finished with value: 0.7415963161933998 and parameters: {'max_depth': 9, 'learning_rate': 0.07087534686743527, 'subsample': 0.8316120307479326, 'colsample_bytree': 0.9023219369639639, 'reg_alpha': 0.00026069474109427683, 'reg_lambda': 0.0013722139760098458, 'min_child_weight': 5, 'gamma': 0.28866697466808816, 'num_boost_round': 662}. Best is trial 164 with value: 0.7473266820158608.
[I 2024-01-15 14:09:06,268] Trial 194 finished with value: 0.745177794832438 and parameters: {'max_depth': 10, 'learning_rate': 0.07927963227769484, 'subsample': 0.8531519286615764, 'colsample_bytree': 0.8968867745885224, 'reg_alpha': 5.534351934923964e-05, 'reg_lambda': 0.0016532525104086325, 'min_child_weight': 2, 'gamma': 0.2987903289495073, 'num_boost_round': 605}. Best is trial 164 with value: 0.7473266820158608.
[I 2024-01-15 14:09:13,552] Trial 195 finished with value: 0.7432591455615247 and parameters: {'max_depth': 9, 'learning_rate': 0.09737880823116911, 'subsample': 0.8545461130172629, 'colsample_bytree': 0.8975752185453729, 'reg_alpha': 8.027464697701397e-05, 'reg_lambda': 0.0010767071581331694, 'min_child_weight': 4, 'gamma': 0.3440466600653741, 'num_boost_round': 663}. Best is trial 164 with value: 0.7473266820158608.
[I 2024-01-15 14:09:21,977] Trial 196 finished with value: 0.7472243540547454 and parameters: {'max_depth': 10, 'learning_rate': 0.12432192684280914, 'subsample': 0.8517521264911335, 'colsample_bytree': 0.8839893554017728, 'reg_alpha': 0.00010359780638190863, 'reg_lambda': 0.0005056726176113019, 'min_child_weight': 4, 'gamma': 0.28013984818806464, 'num_boost_round': 653}. Best is trial 164 with value: 0.7473266820158608.
[I 2024-01-15 14:09:30,784] Trial 197 finished with value: 0.7448963929393707 and parameters: {'max_depth': 10, 'learning_rate': 0.08857201569922878, 'subsample': 0.8171307811504527, 'colsample_bytree': 0.9090800794955005, 'reg_alpha': 6.426830061133368e-05, 'reg_lambda': 0.006412441850720493, 'min_child_weight': 3, 'gamma': 0.3096043108737726, 'num_boost_round': 727}. Best is trial 164 with value: 0.7473266820158608.
[I 2024-01-15 14:09:38,211] Trial 198 finished with value: 0.7454591967255053 and parameters: {'max_depth': 10, 'learning_rate': 0.13329357367798533, 'subsample': 0.8501223850382009, 'colsample_bytree': 0.8740236104848179, 'reg_alpha': 5.7390515298840386e-05, 'reg_lambda': 0.00044280522003429184, 'min_child_weight': 5, 'gamma': 0.31496702483849354, 'num_boost_round': 596}. Best is trial 164 with value: 0.7473266820158608.
[I 2024-01-15 14:09:46,948] Trial 199 finished with value: 0.7464568943463801 and parameters: {'max_depth': 10, 'learning_rate': 0.09495590706606895, 'subsample': 0.8326064021899612, 'colsample_bytree': 0.8502957680013558, 'reg_alpha': 0.00013332360960047166, 'reg_lambda': 0.001487831524530508, 'min_child_weight': 5, 'gamma': 0.3115615526098671, 'num_boost_round': 600}. Best is trial 164 with value: 0.7473266820158608.
[I 2024-01-15 14:09:56,779] Trial 200 finished with value: 0.7441800972115631 and parameters: {'max_depth': 10, 'learning_rate': 0.0719981213565799, 'subsample': 0.838782998584228, 'colsample_bytree': 0.8977647284137138, 'reg_alpha': 4.840470269344046e-05, 'reg_lambda': 0.01315413188032895, 'min_child_weight': 4, 'gamma': 0.2810547315656531, 'num_boost_round': 597}. Best is trial 164 with value: 0.7473266820158608.
[I 2024-01-15 14:10:03,729] Trial 201 finished with value: 0.745996418521361 and parameters: {'max_depth': 10, 'learning_rate': 0.11842074011840448, 'subsample': 0.8249447528562817, 'colsample_bytree': 0.842975434188314, 'reg_alpha': 6.400977301266389e-05, 'reg_lambda': 0.00019010999910656096, 'min_child_weight': 4, 'gamma': 0.24942557648773644, 'num_boost_round': 639}. Best is trial 164 with value: 0.7473266820158608.
[I 2024-01-15 14:10:10,764] Trial 202 finished with value: 0.7457405986185726 and parameters: {'max_depth': 10, 'learning_rate': 0.10802900355172163, 'subsample': 0.8606259511061343, 'colsample_bytree': 0.8734915016482583, 'reg_alpha': 8.554373623078028e-05, 'reg_lambda': 0.0008948316435659821, 'min_child_weight': 6, 'gamma': 0.29189695724685244, 'num_boost_round': 584}. Best is trial 164 with value: 0.7473266820158608.
[I 2024-01-15 14:10:20,266] Trial 203 finished with value: 0.747147608083909 and parameters: {'max_depth': 10, 'learning_rate': 0.09294180828243015, 'subsample': 0.8867983339742893, 'colsample_bytree': 0.8473104908293092, 'reg_alpha': 8.28085239502714e-05, 'reg_lambda': 0.00012539261157949093, 'min_child_weight': 4, 'gamma': 0.249766926567628, 'num_boost_round': 645}. Best is trial 164 with value: 0.7473266820158608.
[I 2024-01-15 14:10:27,107] Trial 204 finished with value: 0.7456894346380148 and parameters: {'max_depth': 10, 'learning_rate': 0.14019046451219452, 'subsample': 0.8538947262012384, 'colsample_bytree': 0.8661455194107262, 'reg_alpha': 2.592578890024321e-05, 'reg_lambda': 0.0011942914153405617, 'min_child_weight': 3, 'gamma': 0.252200144227845, 'num_boost_round': 658}. Best is trial 164 with value: 0.7473266820158608.
[I 2024-01-15 14:10:34,646] Trial 205 finished with value: 0.7450498848810437 and parameters: {'max_depth': 10, 'learning_rate': 0.11201039524042379, 'subsample': 0.839805827723382, 'colsample_bytree': 0.8711542634260373, 'reg_alpha': 3.693224380123566e-05, 'reg_lambda': 0.0009408855691225151, 'min_child_weight': 5, 'gamma': 0.2711003128162379, 'num_boost_round': 625}. Best is trial 164 with value: 0.7473266820158608.
[I 2024-01-15 14:10:41,044] Trial 206 finished with value: 0.7478383218214377 and parameters: {'max_depth': 10, 'learning_rate': 0.1784948845361474, 'subsample': 0.84827097216949, 'colsample_bytree': 0.8393718130015214, 'reg_alpha': 5.303063954324498e-05, 'reg_lambda': 0.0009577826629438424, 'min_child_weight': 4, 'gamma': 0.24483074531891544, 'num_boost_round': 592}. Best is trial 206 with value: 0.7478383218214377.
[I 2024-01-15 14:10:48,195] Trial 207 finished with value: 0.7458940905602456 and parameters: {'max_depth': 10, 'learning_rate': 0.1265545891648695, 'subsample': 0.826064287901568, 'colsample_bytree': 0.875943640627661, 'reg_alpha': 9.522514638561593e-05, 'reg_lambda': 0.0003311335085805238, 'min_child_weight': 5, 'gamma': 0.3233025069902785, 'num_boost_round': 651}. Best is trial 206 with value: 0.7478383218214377.
