[I 2024-01-15 12:55:31,056] Trial 215 finished with value: 0.746968534151957 and parameters: {'max_depth': 10, 'learning_rate': 0.09200498657810123, 'subsample': 0.837053630605432, 'colsample_bytree': 0.7882120905140981, 'reg_alpha': 0.0015254077597429674, 'reg_lambda': 2.9666033382956557e-06, 'min_child_weight': 4, 'gamma': 0.06761397798613068, 'num_boost_round': 837}. Best is trial 107 with value: 0.7486569455103607.
[I 2024-01-15 12:55:37,289] Trial 216 finished with value: 0.7391660271169097 and parameters: {'max_depth': 10, 'learning_rate': 0.09034695203490856, 'subsample': 0.8367992838857095, 'colsample_bytree': 0.7904625001995874, 'reg_alpha': 0.0015913830992920254, 'reg_lambda': 2.768525668412663e-06, 'min_child_weight': 3, 'gamma': 0.0647401380992522, 'num_boost_round': 838}. Best is trial 107 with value: 0.7486569455103607.
[I 2024-01-15 12:55:44,536] Trial 217 finished with value: 0.743387055512919 and parameters: {'max_depth': 10, 'learning_rate': 0.09952959331426467, 'subsample': 0.8249778210423565, 'colsample_bytree': 0.7855868849826637, 'reg_alpha': 0.002155339955580309, 'reg_lambda': 3.5095474151104185e-06, 'min_child_weight': 2, 'gamma': 0.2846784013056163, 'num_boost_round': 838}. Best is trial 107 with value: 0.7486569455103607.
[I 2024-01-15 12:55:54,932] Trial 218 finished with value: 0.7477615758506011 and parameters: {'max_depth': 10, 'learning_rate': 0.08823266939779846, 'subsample': 0.8116847554346428, 'colsample_bytree': 0.7750638974686321, 'reg_alpha': 0.0011582485380632044, 'reg_lambda': 1.5065526863205232e-06, 'min_child_weight': 4, 'gamma': 0.25493500402602204, 'num_boost_round': 841}. Best is trial 107 with value: 0.7486569455103607.
[I 2024-01-15 12:56:03,923] Trial 219 finished with value: 0.7449731389102072 and parameters: {'max_depth': 10, 'learning_rate': 0.08218753663421428, 'subsample': 0.8122010548281718, 'colsample_bytree': 0.7789788147360327, 'reg_alpha': 0.0013676472085487753, 'reg_lambda': 1.6581662704453366e-06, 'min_child_weight': 4, 'gamma': 0.269445044667434, 'num_boost_round': 850}. Best is trial 107 with value: 0.7486569455103607.
[I 2024-01-15 12:56:12,212] Trial 220 finished with value: 0.7446149910463034 and parameters: {'max_depth': 10, 'learning_rate': 0.08597495128411892, 'subsample': 0.8526710508579198, 'colsample_bytree': 0.7988880926009763, 'reg_alpha': 0.0057877825124724004, 'reg_lambda': 1.507738570542095e-06, 'min_child_weight': 4, 'gamma': 0.29024729500358204, 'num_boost_round': 833}. Best is trial 107 with value: 0.7486569455103607.
[I 2024-01-15 12:56:19,291] Trial 221 finished with value: 0.7426963417753901 and parameters: {'max_depth': 10, 'learning_rate': 0.09035189632754623, 'subsample': 0.821958799649275, 'colsample_bytree': 0.7740025341095802, 'reg_alpha': 0.0009902270124987306, 'reg_lambda': 2.6553372067910965e-06, 'min_child_weight': 4, 'gamma': 0.25275461799402255, 'num_boost_round': 837}. Best is trial 107 with value: 0.7486569455103607.
[I 2024-01-15 12:56:26,332] Trial 222 finished with value: 0.7385520593502175 and parameters: {'max_depth': 10, 'learning_rate': 0.07594136846633671, 'subsample': 0.8318433726873002, 'colsample_bytree': 0.7834781218675998, 'reg_alpha': 0.001752013783615882, 'reg_lambda': 1.288367182286931e-06, 'min_child_weight': 3, 'gamma': 0.07518472651793066, 'num_boost_round': 845}. Best is trial 107 with value: 0.7486569455103607.
[I 2024-01-15 12:56:34,460] Trial 223 finished with value: 0.7447429009976976 and parameters: {'max_depth': 10, 'learning_rate': 0.09699735863272867, 'subsample': 0.8108440755473956, 'colsample_bytree': 0.7690199506957749, 'reg_alpha': 0.0011404016391857335, 'reg_lambda': 2.1366118232276064e-06, 'min_child_weight': 5, 'gamma': 0.23559478415440896, 'num_boost_round': 828}. Best is trial 107 with value: 0.7486569455103607.
[I 2024-01-15 12:56:41,459] Trial 224 finished with value: 0.7456382706574571 and parameters: {'max_depth': 10, 'learning_rate': 0.11071765906239096, 'subsample': 0.8256087654096906, 'colsample_bytree': 0.7767090247336615, 'reg_alpha': 0.003368153983143735, 'reg_lambda': 3.823667438874756e-06, 'min_child_weight': 4, 'gamma': 0.30663815578116055, 'num_boost_round': 842}. Best is trial 107 with value: 0.7486569455103607.
[I 2024-01-15 12:56:50,631] Trial 225 finished with value: 0.7456382706574571 and parameters: {'max_depth': 10, 'learning_rate': 0.10535272071334177, 'subsample': 0.815153060335552, 'colsample_bytree': 0.7647045678688519, 'reg_alpha': 0.0022744874187569353, 'reg_lambda': 0.00016054847403852655, 'min_child_weight': 6, 'gamma': 0.08856256779731028, 'num_boost_round': 818}. Best is trial 107 with value: 0.7486569455103607.
[I 2024-01-15 12:56:57,104] Trial 226 finished with value: 0.7457661806088514 and parameters: {'max_depth': 10, 'learning_rate': 0.15694647902943715, 'subsample': 0.841605708954931, 'colsample_bytree': 0.7819004543049993, 'reg_alpha': 0.0007902448869705712, 'reg_lambda': 5.440602311278662e-06, 'min_child_weight': 7, 'gamma': 0.04170817662712844, 'num_boost_round': 832}. Best is trial 107 with value: 0.7486569455103607.
[I 2024-01-15 12:57:03,784] Trial 227 finished with value: 0.7454080327449475 and parameters: {'max_depth': 10, 'learning_rate': 0.12968441435746839, 'subsample': 0.804588482956497, 'colsample_bytree': 0.7879474643036426, 'reg_alpha': 0.0015672033507611379, 'reg_lambda': 0.0002694992697714342, 'min_child_weight': 4, 'gamma': 0.06627544233506612, 'num_boost_round': 842}. Best is trial 107 with value: 0.7486569455103607.
[I 2024-01-15 12:57:11,029] Trial 228 finished with value: 0.7439498592990534 and parameters: {'max_depth': 10, 'learning_rate': 0.09349298323429284, 'subsample': 0.7570639232288349, 'colsample_bytree': 0.7729341404397313, 'reg_alpha': 0.3723755721931088, 'reg_lambda': 2.988207853658198e-06, 'min_child_weight': 3, 'gamma': 0.26093721143546883, 'num_boost_round': 825}. Best is trial 107 with value: 0.7486569455103607.
[I 2024-01-15 12:57:17,825] Trial 229 finished with value: 0.7428754157073421 and parameters: {'max_depth': 10, 'learning_rate': 0.10159863638036466, 'subsample': 0.8176731511734282, 'colsample_bytree': 0.7675471488365393, 'reg_alpha': 0.006944339102702552, 'reg_lambda': 0.0004279140213787005, 'min_child_weight': 3, 'gamma': 0.09501091905890204, 'num_boost_round': 816}. Best is trial 107 with value: 0.7486569455103607.
[I 2024-01-15 12:57:26,951] Trial 230 finished with value: 0.7478383218214377 and parameters: {'max_depth': 10, 'learning_rate': 0.11750133827318324, 'subsample': 0.8296667224646849, 'colsample_bytree': 0.7768612127537533, 'reg_alpha': 0.004283754364326549, 'reg_lambda': 5.897166629950389e-06, 'min_child_weight': 5, 'gamma': 0.07929709899426308, 'num_boost_round': 850}. Best is trial 107 with value: 0.7486569455103607.
[I 2024-01-15 12:57:35,992] Trial 231 finished with value: 0.7475057559478128 and parameters: {'max_depth': 10, 'learning_rate': 0.11138957315900197, 'subsample': 0.8304104873349049, 'colsample_bytree': 0.7760816942891784, 'reg_alpha': 0.0043350940715185604, 'reg_lambda': 5.977433265009949e-06, 'min_child_weight': 5, 'gamma': 0.08115257786775738, 'num_boost_round': 843}. Best is trial 107 with value: 0.7486569455103607.
[I 2024-01-15 12:57:44,264] Trial 232 finished with value: 0.7476080839089281 and parameters: {'max_depth': 10, 'learning_rate': 0.11366264826874574, 'subsample': 0.834795841579014, 'colsample_bytree': 0.7785309298492885, 'reg_alpha': 0.0032529272622927228, 'reg_lambda': 5.8777802091940734e-06, 'min_child_weight': 5, 'gamma': 0.08002643557324407, 'num_boost_round': 850}. Best is trial 107 with value: 0.7486569455103607.
[I 2024-01-15 12:57:52,846] Trial 233 finished with value: 0.7476848298797647 and parameters: {'max_depth': 10, 'learning_rate': 0.11434609510743647, 'subsample': 0.8308121019144479, 'colsample_bytree': 0.7831060843662678, 'reg_alpha': 0.004549957136647566, 'reg_lambda': 6.68429453939864e-06, 'min_child_weight': 5, 'gamma': 0.07733639197184894, 'num_boost_round': 850}. Best is trial 107 with value: 0.7486569455103607.
[I 2024-01-15 12:58:01,445] Trial 234 finished with value: 0.7466871322588897 and parameters: {'max_depth': 10, 'learning_rate': 0.11311720340660168, 'subsample': 0.836036830149848, 'colsample_bytree': 0.7928009428114804, 'reg_alpha': 0.00427296842719533, 'reg_lambda': 8.416646812921822e-06, 'min_child_weight': 5, 'gamma': 0.21362969654454772, 'num_boost_round': 849}. Best is trial 107 with value: 0.7486569455103607.
[I 2024-01-15 12:58:07,750] Trial 235 finished with value: 0.7451266308518802 and parameters: {'max_depth': 10, 'learning_rate': 0.12603304629023498, 'subsample': 0.8273543163057423, 'colsample_bytree': 0.7885375596181393, 'reg_alpha': 0.005060050578972278, 'reg_lambda': 6.286650276102644e-06, 'min_child_weight': 5, 'gamma': 0.08188707958091705, 'num_boost_round': 400}. Best is trial 107 with value: 0.7486569455103607.
[I 2024-01-15 12:58:13,643] Trial 236 finished with value: 0.7431056536198517 and parameters: {'max_depth': 10, 'learning_rate': 0.12329944967996426, 'subsample': 0.8380096101296434, 'colsample_bytree': 0.7825747419108849, 'reg_alpha': 0.0033682001555908245, 'reg_lambda': 7.334308401258195e-06, 'min_child_weight': 5, 'gamma': 0.08083036538410648, 'num_boost_round': 850}. Best is trial 107 with value: 0.7486569455103607.
[I 2024-01-15 12:58:20,228] Trial 237 finished with value: 0.7445894090560246 and parameters: {'max_depth': 10, 'learning_rate': 0.11408530539100144, 'subsample': 0.8294059712071125, 'colsample_bytree': 0.7730547368504234, 'reg_alpha': 0.002785900256904678, 'reg_lambda': 4.214556326447915e-06, 'min_child_weight': 5, 'gamma': 0.10199208890219069, 'num_boost_round': 842}. Best is trial 107 with value: 0.7486569455103607.
[I 2024-01-15 12:58:27,269] Trial 238 finished with value: 0.7466359682783321 and parameters: {'max_depth': 10, 'learning_rate': 0.13683371304349104, 'subsample': 0.8335635286664621, 'colsample_bytree': 0.7784138336583885, 'reg_alpha': 0.004201075162536909, 'reg_lambda': 1.0046227597674717e-05, 'min_child_weight': 4, 'gamma': 0.06657778865851499, 'num_boost_round': 842}. Best is trial 107 with value: 0.7486569455103607.
[I 2024-01-15 12:58:34,898] Trial 239 finished with value: 0.7441800972115631 and parameters: {'max_depth': 10, 'learning_rate': 0.10993061920637136, 'subsample': 0.8473706507887385, 'colsample_bytree': 0.78666120913218, 'reg_alpha': 0.007524821252919002, 'reg_lambda': 5.5330838466236395e-06, 'min_child_weight': 5, 'gamma': 0.27994359642792555, 'num_boost_round': 836}. Best is trial 107 with value: 0.7486569455103607.
[I 2024-01-15 12:58:42,272] Trial 240 finished with value: 0.7460731644921975 and parameters: {'max_depth': 10, 'learning_rate': 0.11651782821287177, 'subsample': 0.8218560098742752, 'colsample_bytree': 0.7760150562162305, 'reg_alpha': 0.005404517748654534, 'reg_lambda': 3.848709715496772e-06, 'min_child_weight': 4, 'gamma': 0.07518280524499875, 'num_boost_round': 848}. Best is trial 107 with value: 0.7486569455103607.
[I 2024-01-15 12:58:48,677] Trial 241 finished with value: 0.7336658992069582 and parameters: {'max_depth': 6, 'learning_rate': 0.10247289312044085, 'subsample': 0.831451935444141, 'colsample_bytree': 0.7805774122156937, 'reg_alpha': 0.003251269002774217, 'reg_lambda': 4.429995614043555e-06, 'min_child_weight': 6, 'gamma': 0.05943625883411104, 'num_boost_round': 850}. Best is trial 107 with value: 0.7486569455103607.
[I 2024-01-15 12:58:58,631] Trial 242 finished with value: 0.7479918137631107 and parameters: {'max_depth': 10, 'learning_rate': 0.11000541710663622, 'subsample': 0.8404390824172149, 'colsample_bytree': 0.7752531198387623, 'reg_alpha': 0.0026620890450651793, 'reg_lambda': 7.033314401974748e-06, 'min_child_weight': 5, 'gamma': 0.07235888963871753, 'num_boost_round': 835}. Best is trial 107 with value: 0.7486569455103607.
[I 2024-01-15 12:59:05,370] Trial 243 finished with value: 0.7439754412893322 and parameters: {'max_depth': 10, 'learning_rate': 0.10645678489205593, 'subsample': 0.8430128682678314, 'colsample_bytree': 0.7738411371984162, 'reg_alpha': 0.0024046624862378617, 'reg_lambda': 6.901156872432728e-06, 'min_child_weight': 5, 'gamma': 0.08597941929203826, 'num_boost_round': 831}. Best is trial 107 with value: 0.7486569455103607.
[I 2024-01-15 12:59:13,103] Trial 244 finished with value: 0.746303402404707 and parameters: {'max_depth': 10, 'learning_rate': 0.12126858099821167, 'subsample': 0.8365768600458044, 'colsample_bytree': 0.7851404608749867, 'reg_alpha': 0.00392490936793797, 'reg_lambda': 8.900733625873464e-06, 'min_child_weight': 5, 'gamma': 0.07214419925694188, 'num_boost_round': 840}. Best is trial 107 with value: 0.7486569455103607.
[I 2024-01-15 12:59:19,624] Trial 245 finished with value: 0.7442312611921207 and parameters: {'max_depth': 10, 'learning_rate': 0.11089497909089326, 'subsample': 0.8227931792343632, 'colsample_bytree': 0.776100626262476, 'reg_alpha': 0.0019418086320764664, 'reg_lambda': 5.660848428605122e-06, 'min_child_weight': 4, 'gamma': 0.05641985156028473, 'num_boost_round': 833}. Best is trial 107 with value: 0.7486569455103607.
[I 2024-01-15 12:59:27,285] Trial 246 finished with value: 0.7453568687643899 and parameters: {'max_depth': 10, 'learning_rate': 0.12864297986264994, 'subsample': 0.8503684003910422, 'colsample_bytree': 0.8929046589400069, 'reg_alpha': 0.0026622817996887773, 'reg_lambda': 1.2678864229690607e-05, 'min_child_weight': 5, 'gamma': 0.07764793991477692, 'num_boost_round': 836}. Best is trial 107 with value: 0.7486569455103607.
[I 2024-01-15 12:59:35,897] Trial 247 finished with value: 0.7472499360450243 and parameters: {'max_depth': 10, 'learning_rate': 0.1049300589744183, 'subsample': 0.8715983382602918, 'colsample_bytree': 0.77000944009852, 'reg_alpha': 0.006033582869836825, 'reg_lambda': 7.85947859514024e-06, 'min_child_weight': 4, 'gamma': 0.04602117905673056, 'num_boost_round': 843}. Best is trial 107 with value: 0.7486569455103607.
[I 2024-01-15 12:59:43,834] Trial 248 finished with value: 0.7457150166282938 and parameters: {'max_depth': 10, 'learning_rate': 0.11799781085215343, 'subsample': 0.8675098248478859, 'colsample_bytree': 0.730628829551404, 'reg_alpha': 0.006650953376769036, 'reg_lambda': 7.96006267988409e-06, 'min_child_weight': 2, 'gamma': 0.038009763269227184, 'num_boost_round': 843}. Best is trial 107 with value: 0.7486569455103607.
[I 2024-01-15 12:59:53,434] Trial 249 finished with value: 0.7474034279866973 and parameters: {'max_depth': 10, 'learning_rate': 0.10752636921190883, 'subsample': 0.8741518107596087, 'colsample_bytree': 0.7612620799192094, 'reg_alpha': 0.009330495858404848, 'reg_lambda': 9.172481585671558e-06, 'min_child_weight': 5, 'gamma': 0.028100141955245628, 'num_boost_round': 850}. Best is trial 107 with value: 0.7486569455103607.
[I 2024-01-15 13:00:01,124] Trial 250 finished with value: 0.7441800972115631 and parameters: {'max_depth': 10, 'learning_rate': 0.10457932611664927, 'subsample': 0.875913715798624, 'colsample_bytree': 0.7607752827587487, 'reg_alpha': 0.01855489983704809, 'reg_lambda': 1.0746322547523453e-05, 'min_child_weight': 5, 'gamma': 0.04883812513683594, 'num_boost_round': 845}. Best is trial 107 with value: 0.7486569455103607.
[I 2024-01-15 13:00:09,758] Trial 251 finished with value: 0.7465592223074955 and parameters: {'max_depth': 10, 'learning_rate': 0.11203897902871829, 'subsample': 0.8789440008774239, 'colsample_bytree': 0.7655908979589624, 'reg_alpha': 0.010934794163964699, 'reg_lambda': 1.1311882982186842e-05, 'min_child_weight': 5, 'gamma': 0.019316703954019535, 'num_boost_round': 849}. Best is trial 107 with value: 0.7486569455103607.
[I 2024-01-15 13:00:16,900] Trial 252 finished with value: 0.7440777692504477 and parameters: {'max_depth': 10, 'learning_rate': 0.10204456142573551, 'subsample': 0.8645625591803956, 'colsample_bytree': 0.7571014844555353, 'reg_alpha': 0.008181137746768659, 'reg_lambda': 6.913650916924932e-06, 'min_child_weight': 4, 'gamma': 0.044578372138635684, 'num_boost_round': 850}. Best is trial 107 with value: 0.7486569455103607.
[I 2024-01-15 13:00:24,641] Trial 253 finished with value: 0.7462522384241494 and parameters: {'max_depth': 10, 'learning_rate': 0.11965324966960111, 'subsample': 0.8719883317020286, 'colsample_bytree': 0.7721070507753119, 'reg_alpha': 0.004724203630240138, 'reg_lambda': 8.661168160161228e-06, 'min_child_weight': 5, 'gamma': 0.029788660250494536, 'num_boost_round': 829}. Best is trial 107 with value: 0.7486569455103607.
[I 2024-01-15 13:00:33,316] Trial 254 finished with value: 0.7467894602200051 and parameters: {'max_depth': 10, 'learning_rate': 0.10774196313233879, 'subsample': 0.8725885281234695, 'colsample_bytree': 0.7608366691454207, 'reg_alpha': 0.003401709308434747, 'reg_lambda': 6.04858760748856e-06, 'min_child_weight': 5, 'gamma': 0.055708701878305206, 'num_boost_round': 840}. Best is trial 107 with value: 0.7486569455103607.
[I 2024-01-15 13:00:41,609] Trial 255 finished with value: 0.7465848042977743 and parameters: {'max_depth': 10, 'learning_rate': 0.0981994610463684, 'subsample': 0.8597880812915495, 'colsample_bytree': 0.7437450858038491, 'reg_alpha': 0.004682395532406724, 'reg_lambda': 5.603756015269812e-06, 'min_child_weight': 6, 'gamma': 0.09178292669436675, 'num_boost_round': 827}. Best is trial 107 with value: 0.7486569455103607.
[I 2024-01-15 13:00:47,809] Trial 256 finished with value: 0.7440777692504477 and parameters: {'max_depth': 10, 'learning_rate': 0.11350391843731425, 'subsample': 0.8565827566914823, 'colsample_bytree': 0.7673583658984001, 'reg_alpha': 0.0027873116503703004, 'reg_lambda': 1.3262363498702583e-05, 'min_child_weight': 4, 'gamma': 0.107951064328864, 'num_boost_round': 832}. Best is trial 107 with value: 0.7486569455103607.
[I 2024-01-15 13:00:54,723] Trial 257 finished with value: 0.7445894090560246 and parameters: {'max_depth': 10, 'learning_rate': 0.1322933670047382, 'subsample': 0.8904236905541462, 'colsample_bytree': 0.9347513900956725, 'reg_alpha': 0.009051996772976342, 'reg_lambda': 8.487619623021408e-06, 'min_child_weight': 3, 'gamma': 0.06597843518008734, 'num_boost_round': 841}. Best is trial 107 with value: 0.7486569455103607.
[I 2024-01-15 13:01:01,955] Trial 258 finished with value: 0.7444359171143515 and parameters: {'max_depth': 10, 'learning_rate': 0.10053275660501501, 'subsample': 0.865734048514957, 'colsample_bytree': 0.7702383419332343, 'reg_alpha': 0.014886574497411813, 'reg_lambda': 1.047723743835125e-05, 'min_child_weight': 6, 'gamma': 0.08255531707577773, 'num_boost_round': 519}. Best is trial 107 with value: 0.7486569455103607.
[I 2024-01-15 13:01:10,205] Trial 259 finished with value: 0.7484267075978511 and parameters: {'max_depth': 10, 'learning_rate': 0.12385841938353222, 'subsample': 0.8802447124297045, 'colsample_bytree': 0.7530254831151438, 'reg_alpha': 0.0036883129769560053, 'reg_lambda': 4.427549286236646e-06, 'min_child_weight': 4, 'gamma': 0.24132913665296946, 'num_boost_round': 825}. Best is trial 107 with value: 0.7486569455103607.
[I 2024-01-15 13:01:17,283] Trial 260 finished with value: 0.7461754924533128 and parameters: {'max_depth': 10, 'learning_rate': 0.12908045343135122, 'subsample': 0.8849785327601715, 'colsample_bytree': 0.7507255083507701, 'reg_alpha': 0.0041195338124752215, 'reg_lambda': 4.557156633986681e-06, 'min_child_weight': 4, 'gamma': 0.2308871078322356, 'num_boost_round': 822}. Best is trial 107 with value: 0.7486569455103607.
[I 2024-01-15 13:01:25,951] Trial 261 finished with value: 0.7486313635200819 and parameters: {'max_depth': 10, 'learning_rate': 0.12067271717901042, 'subsample': 0.8983523783196324, 'colsample_bytree': 0.7549803351803722, 'reg_alpha': 0.005897593595847809, 'reg_lambda': 3.505977108218916e-06, 'min_child_weight': 4, 'gamma': 0.25744496084118984, 'num_boost_round': 824}. Best is trial 107 with value: 0.7486569455103607.
[I 2024-01-15 13:01:31,148] Trial 262 finished with value: 0.7418265541059095 and parameters: {'max_depth': 10, 'learning_rate': 0.12081099426183599, 'subsample': 0.8884964116340596, 'colsample_bytree': 0.755711869089741, 'reg_alpha': 0.005596553534642498, 'reg_lambda': 3.917444347397205e-06, 'min_child_weight': 4, 'gamma': 0.25184963933782756, 'num_boost_round': 850}. Best is trial 107 with value: 0.7486569455103607.
[I 2024-01-15 13:01:36,497] Trial 263 finished with value: 0.743207981580967 and parameters: {'max_depth': 10, 'learning_rate': 0.1355842632561851, 'subsample': 0.9319473127217547, 'colsample_bytree': 0.7542632605389512, 'reg_alpha': 0.007050710658886981, 'reg_lambda': 3.3761114207924244e-06, 'min_child_weight': 5, 'gamma': 0.26429322820359497, 'num_boost_round': 825}. Best is trial 107 with value: 0.7486569455103607.
[I 2024-01-15 13:01:40,814] Trial 264 finished with value: 0.7346635968278332 and parameters: {'max_depth': 7, 'learning_rate': 0.12407610057052054, 'subsample': 0.9086970136023224, 'colsample_bytree': 0.7608987286370783, 'reg_alpha': 0.0058372005354584465, 'reg_lambda': 4.812917830695664e-06, 'min_child_weight': 11, 'gamma': 0.2768245979314907, 'num_boost_round': 832}. Best is trial 107 with value: 0.7486569455103607.
[I 2024-01-15 13:01:48,061] Trial 265 finished with value: 0.7453568687643899 and parameters: {'max_depth': 10, 'learning_rate': 0.11405302222471653, 'subsample': 0.9112257530215998, 'colsample_bytree': 0.7461702921506278, 'reg_alpha': 3.629968518610271e-05, 'reg_lambda': 2.461411237178087e-06, 'min_child_weight': 4, 'gamma': 0.2970968850040933, 'num_boost_round': 850}. Best is trial 107 with value: 0.7486569455103607.
[I 2024-01-15 13:01:54,896] Trial 266 finished with value: 0.745177794832438 and parameters: {'max_depth': 10, 'learning_rate': 0.13758789424444726, 'subsample': 0.9024560752371099, 'colsample_bytree': 0.763424739477104, 'reg_alpha': 0.010241238430665649, 'reg_lambda': 6.424665063296986e-06, 'min_child_weight': 5, 'gamma': 0.24511762644727486, 'num_boost_round': 821}. Best is trial 107 with value: 0.7486569455103607.
