# [I 2024-01-28 21:00:08,688] Trial 98 finished with value: 0.7395530883462733 and parameters: {'max_depth': 17, 'learning_rate': 0.07544139628879608, 'subsample': 0.8179032053464809, 'colsample_bytree': 0.8058918724618539, 'reg_alpha': 0.00017904852742384528, 'reg_lambda': 0.008320381688641553, 'min_child_weight': 14, 'gamma': 0.2898859574920979, 'num_boost_round': 765}. Best is trial 70 with value: 0.7412031056138959.
# [I 2024-01-28 21:00:31,313] Trial 99 finished with value: 0.739962394955296 and parameters: {'max_depth': 18, 'learning_rate': 0.08594136663598743, 'subsample': 0.827980229669511, 'colsample_bytree': 0.7389504451523685, 'reg_alpha': 0.00018921192059578255, 'reg_lambda': 0.0036131025383737037, 'min_child_weight': 14, 'gamma': 0.41330410941436335, 'num_boost_round': 708}. Best is trial 70 with value: 0.7412031056138959.
# [I 2024-01-28 21:00:50,351] Trial 100 finished with value: 0.7369053862191581 and parameters: {'max_depth': 19, 'learning_rate': 0.07968907431031866, 'subsample': 0.7988103764984282, 'colsample_bytree': 0.8451584749900571, 'reg_alpha': 6.67993584804723e-05, 'reg_lambda': 0.026071784653452123, 'min_child_weight': 13, 'gamma': 0.36350924880500074, 'num_boost_round': 861}. Best is trial 70 with value: 0.7412031056138959.
# [I 2024-01-28 21:01:15,975] Trial 101 finished with value: 0.7392333175579744 and parameters: {'max_depth': 19, 'learning_rate': 0.06766548276612702, 'subsample': 0.842032238611405, 'colsample_bytree': 0.7556595567885028, 'reg_alpha': 0.00572397034149241, 'reg_lambda': 0.00845986278131035, 'min_child_weight': 16, 'gamma': 0.4147830399677481, 'num_boost_round': 686}. Best is trial 70 with value: 0.7412031056138959.
# [I 2024-01-28 21:01:56,823] Trial 102 finished with value: 0.7409472889832568 and parameters: {'max_depth': 20, 'learning_rate': 0.055600352950813316, 'subsample': 0.8517442111860183, 'colsample_bytree': 0.7900987679326942, 'reg_alpha': 0.004788061817239992, 'reg_lambda': 0.0023600650752695, 'min_child_weight': 13, 'gamma': 0.34249776566857565, 'num_boost_round': 677}. Best is trial 70 with value: 0.7412031056138959.
# [I 2024-01-28 21:02:26,352] Trial 103 finished with value: 0.7395658791778054 and parameters: {'max_depth': 19, 'learning_rate': 0.06521058552978266, 'subsample': 0.8153618475167581, 'colsample_bytree': 0.8368688955376004, 'reg_alpha': 6.361550482917494e-05, 'reg_lambda': 0.022150553614414988, 'min_child_weight': 15, 'gamma': 0.4274674769422053, 'num_boost_round': 548}. Best is trial 70 with value: 0.7412031056138959.
# [I 2024-01-28 21:02:53,893] Trial 104 finished with value: 0.7386321484759724 and parameters: {'max_depth': 17, 'learning_rate': 0.05345906203115564, 'subsample': 0.8589388369125995, 'colsample_bytree': 0.7264390186655547, 'reg_alpha': 0.0020833458809239236, 'reg_lambda': 0.09339880397813899, 'min_child_weight': 13, 'gamma': 0.27355174035800106, 'num_boost_round': 648}. Best is trial 70 with value: 0.7412031056138959.
# [I 2024-01-28 21:03:20,604] Trial 105 finished with value: 0.738440286002993 and parameters: {'max_depth': 19, 'learning_rate': 0.0563772857225563, 'subsample': 0.8683126603040322, 'colsample_bytree': 0.84098750820749, 'reg_alpha': 0.001678165529022005, 'reg_lambda': 0.002055050604872774, 'min_child_weight': 10, 'gamma': 0.3330366861372329, 'num_boost_round': 740}. Best is trial 70 with value: 0.7412031056138959.
# [I 2024-01-28 21:03:54,444] Trial 106 finished with value: 0.740282165743595 and parameters: {'max_depth': 18, 'learning_rate': 0.05962130945447469, 'subsample': 0.8245771797287863, 'colsample_bytree': 0.7865390889076832, 'reg_alpha': 0.0015921236087525976, 'reg_lambda': 0.22186975322565736, 'min_child_weight': 10, 'gamma': 0.32657359523415747, 'num_boost_round': 781}. Best is trial 70 with value: 0.7412031056138959.
# [I 2024-01-28 21:04:22,807] Trial 107 finished with value: 0.7379414435732468 and parameters: {'max_depth': 18, 'learning_rate': 0.05914040823959184, 'subsample': 0.7061103192836915, 'colsample_bytree': 0.8864419092406821, 'reg_alpha': 0.0017983398827025505, 'reg_lambda': 0.1351807326190687, 'min_child_weight': 15, 'gamma': 0.33571338141180074, 'num_boost_round': 766}. Best is trial 70 with value: 0.7412031056138959.
# [I 2024-01-28 21:04:55,816] Trial 108 finished with value: 0.7397449508192527 and parameters: {'max_depth': 18, 'learning_rate': 0.04953156817844138, 'subsample': 0.824388020678016, 'colsample_bytree': 0.8025904705689663, 'reg_alpha': 0.0044343995778877016, 'reg_lambda': 0.0006691376718580988, 'min_child_weight': 14, 'gamma': 0.46839687062033786, 'num_boost_round': 865}. Best is trial 70 with value: 0.7412031056138959.
# [I 2024-01-28 21:05:17,973] Trial 109 finished with value: 0.7386705209705683 and parameters: {'max_depth': 19, 'learning_rate': 0.09476206624438085, 'subsample': 0.8119371731930967, 'colsample_bytree': 0.795667273384794, 'reg_alpha': 0.0025450336092351583, 'reg_lambda': 0.010568543238711635, 'min_child_weight': 11, 'gamma': 0.3534548012489879, 'num_boost_round': 689}. Best is trial 70 with value: 0.7412031056138959.
# [I 2024-01-28 21:05:47,222] Trial 110 finished with value: 0.7407937990048733 and parameters: {'max_depth': 19, 'learning_rate': 0.07896418822520812, 'subsample': 0.7806079397421601, 'colsample_bytree': 0.7757109029953119, 'reg_alpha': 8.764208636567493e-05, 'reg_lambda': 0.0032395492800197283, 'min_child_weight': 11, 'gamma': 0.4595774028336862, 'num_boost_round': 705}. Best is trial 70 with value: 0.7412031056138959.
# [I 2024-01-28 21:06:16,185] Trial 111 finished with value: 0.7394251800309538 and parameters: {'max_depth': 17, 'learning_rate': 0.07417737531728737, 'subsample': 0.8936623516635125, 'colsample_bytree': 0.8115804109299312, 'reg_alpha': 0.0041836357965793405, 'reg_lambda': 0.018393004903005543, 'min_child_weight': 11, 'gamma': 0.2988777708180359, 'num_boost_round': 707}. Best is trial 70 with value: 0.7412031056138959.
# [I 2024-01-28 21:07:11,785] Trial 112 finished with value: 0.7403205382381909 and parameters: {'max_depth': 19, 'learning_rate': 0.031546444169315416, 'subsample': 0.7675110856951407, 'colsample_bytree': 0.7959033579953878, 'reg_alpha': 0.0012304105814544208, 'reg_lambda': 0.012980718459559082, 'min_child_weight': 11, 'gamma': 0.31690789386117585, 'num_boost_round': 715}. Best is trial 70 with value: 0.7412031056138959.
# [I 2024-01-28 21:07:42,145] Trial 113 finished with value: 0.7403844923958507 and parameters: {'max_depth': 16, 'learning_rate': 0.0774479034804014, 'subsample': 0.8203911179898514, 'colsample_bytree': 0.7650976792611387, 'reg_alpha': 0.001479927369080618, 'reg_lambda': 0.009005060432489517, 'min_child_weight': 11, 'gamma': 0.3573862592104993, 'num_boost_round': 682}. Best is trial 70 with value: 0.7412031056138959.
# [I 2024-01-28 21:08:13,802] Trial 114 finished with value: 0.7382995868561415 and parameters: {'max_depth': 19, 'learning_rate': 0.046715010469979994, 'subsample': 0.8069958713515188, 'colsample_bytree': 0.7954966955913632, 'reg_alpha': 0.0013205023240695812, 'reg_lambda': 0.004554331627420674, 'min_child_weight': 12, 'gamma': 0.282275384354175, 'num_boost_round': 766}. Best is trial 70 with value: 0.7412031056138959.
# [I 2024-01-28 21:08:48,679] Trial 115 finished with value: 0.738146096877758 and parameters: {'max_depth': 20, 'learning_rate': 0.04091168004378595, 'subsample': 0.8017683204885233, 'colsample_bytree': 0.8049668404285413, 'reg_alpha': 0.0031440996663438447, 'reg_lambda': 0.003915614041618413, 'min_child_weight': 11, 'gamma': 0.4154488280267077, 'num_boost_round': 694}. Best is trial 70 with value: 0.7412031056138959.
# [I 2024-01-28 21:09:19,940] Trial 116 finished with value: 0.7394635525255497 and parameters: {'max_depth': 18, 'learning_rate': 0.05309860726004448, 'subsample': 0.8828442545340117, 'colsample_bytree': 0.8421136000302832, 'reg_alpha': 0.0007666037914404136, 'reg_lambda': 0.00037236035568015825, 'min_child_weight': 13, 'gamma': 0.3574999659895972, 'num_boost_round': 657}. Best is trial 70 with value: 0.7412031056138959.
# [I 2024-01-28 21:09:57,483] Trial 117 finished with value: 0.7364704979470715 and parameters: {'max_depth': 18, 'learning_rate': 0.025505403568756777, 'subsample': 0.8004450162570649, 'colsample_bytree': 0.7920948310737678, 'reg_alpha': 0.003092428450339846, 'reg_lambda': 0.0004747639876726352, 'min_child_weight': 13, 'gamma': 0.31293734386048, 'num_boost_round': 694}. Best is trial 70 with value: 0.7412031056138959.
# [I 2024-01-28 21:10:24,187] Trial 118 finished with value: 0.7397321599877208 and parameters: {'max_depth': 16, 'learning_rate': 0.08582762634486042, 'subsample': 0.8618215829016262, 'colsample_bytree': 0.7750640055727606, 'reg_alpha': 0.017740333896446022, 'reg_lambda': 0.04080893684960747, 'min_child_weight': 6, 'gamma': 0.33570873750617486, 'num_boost_round': 640}. Best is trial 70 with value: 0.7412031056138959.
# [I 2024-01-28 21:10:46,282] Trial 119 finished with value: 0.7362914263056242 and parameters: {'max_depth': 16, 'learning_rate': 0.04756670326009715, 'subsample': 0.7674522316498144, 'colsample_bytree': 0.7449832773151661, 'reg_alpha': 0.00040756194827852035, 'reg_lambda': 0.0361950581860402, 'min_child_weight': 10, 'gamma': 0.443841770025013, 'num_boost_round': 702}. Best is trial 70 with value: 0.7412031056138959.
# [I 2024-01-28 21:11:05,066] Trial 120 finished with value: 0.7385042401606529 and parameters: {'max_depth': 17, 'learning_rate': 0.10685966295785276, 'subsample': 0.8501068795815078, 'colsample_bytree': 0.8327693112131614, 'reg_alpha': 0.0004969794495396131, 'reg_lambda': 0.0010928644547723355, 'min_child_weight': 17, 'gamma': 0.3955623458668211, 'num_boost_round': 666}. Best is trial 70 with value: 0.7412031056138959.
# [I 2024-01-28 21:11:43,161] Trial 121 finished with value: 0.7405891457003619 and parameters: {'max_depth': 16, 'learning_rate': 0.061136251442617376, 'subsample': 0.874982790778498, 'colsample_bytree': 0.8180086006443774, 'reg_alpha': 0.009480599615396003, 'reg_lambda': 0.0057960077239256344, 'min_child_weight': 10, 'gamma': 0.32264014649645917, 'num_boost_round': 641}. Best is trial 70 with value: 0.7412031056138959.
# [I 2024-01-28 21:12:22,804] Trial 122 finished with value: 0.7400647216075518 and parameters: {'max_depth': 15, 'learning_rate': 0.0455045262076844, 'subsample': 0.826326412375272, 'colsample_bytree': 0.7787966198934444, 'reg_alpha': 0.021467212350441127, 'reg_lambda': 0.006161704426153989, 'min_child_weight': 8, 'gamma': 0.35893606305703696, 'num_boost_round': 695}. Best is trial 70 with value: 0.7412031056138959.
# [I 2024-01-28 21:12:51,002] Trial 123 finished with value: 0.7398856499661043 and parameters: {'max_depth': 15, 'learning_rate': 0.0710613611564987, 'subsample': 0.8420058850239388, 'colsample_bytree': 0.7603434616767935, 'reg_alpha': 0.0002067001819333189, 'reg_lambda': 0.0033983752439975955, 'min_child_weight': 10, 'gamma': 0.29476500945667283, 'num_boost_round': 650}. Best is trial 70 with value: 0.7412031056138959.
# [I 2024-01-28 21:13:22,590] Trial 124 finished with value: 0.7403333290697228 and parameters: {'max_depth': 17, 'learning_rate': 0.06779983221101347, 'subsample': 0.9001977283085738, 'colsample_bytree': 0.7864734786629406, 'reg_alpha': 0.0003011874998380597, 'reg_lambda': 0.04095893063281277, 'min_child_weight': 11, 'gamma': 0.3118261127872199, 'num_boost_round': 656}. Best is trial 70 with value: 0.7412031056138959.
# [I 2024-01-28 21:13:53,857] Trial 125 finished with value: 0.7391182000741868 and parameters: {'max_depth': 18, 'learning_rate': 0.05144207024202971, 'subsample': 0.746248270222683, 'colsample_bytree': 0.7776949387153277, 'reg_alpha': 0.00017440677835735605, 'reg_lambda': 0.014703145570789484, 'min_child_weight': 10, 'gamma': 0.25432144468258194, 'num_boost_round': 670}. Best is trial 70 with value: 0.7412031056138959.
# [I 2024-01-28 21:14:23,984] Trial 126 finished with value: 0.7366751512515828 and parameters: {'max_depth': 15, 'learning_rate': 0.03952840134789306, 'subsample': 0.7951862418134047, 'colsample_bytree': 0.8534586973379807, 'reg_alpha': 0.0025820484533503507, 'reg_lambda': 0.00567241503426917, 'min_child_weight': 7, 'gamma': 0.32147588421088613, 'num_boost_round': 684}. Best is trial 70 with value: 0.7412031056138959.
# [I 2024-01-28 21:15:27,831] Trial 127 finished with value: 0.7401286757652115 and parameters: {'max_depth': 20, 'learning_rate': 0.02544415709453233, 'subsample': 0.8389054156552338, 'colsample_bytree': 0.7854731435619328, 'reg_alpha': 0.00013048679712320354, 'reg_lambda': 0.0020081372830612933, 'min_child_weight': 13, 'gamma': 0.2849548914890669, 'num_boost_round': 661}. Best is trial 70 with value: 0.7412031056138959.
# [I 2024-01-28 21:16:05,727] Trial 128 finished with value: 0.739361225873294 and parameters: {'max_depth': 16, 'learning_rate': 0.04163120461775973, 'subsample': 0.8750263280373788, 'colsample_bytree': 0.7179138729467147, 'reg_alpha': 0.00010427162616234798, 'reg_lambda': 0.04087515285541324, 'min_child_weight': 11, 'gamma': 0.3945629372536073, 'num_boost_round': 755}. Best is trial 70 with value: 0.7412031056138959.
# [I 2024-01-28 21:16:23,549] Trial 129 finished with value: 0.7376344636164798 and parameters: {'max_depth': 14, 'learning_rate': 0.10458438761306882, 'subsample': 0.7622263536086399, 'colsample_bytree': 0.7783129680052701, 'reg_alpha': 0.002121025956103875, 'reg_lambda': 0.14278937636667657, 'min_child_weight': 9, 'gamma': 0.2463447642219752, 'num_boost_round': 702}. Best is trial 70 with value: 0.7412031056138959.
# [I 2024-01-28 21:16:51,635] Trial 130 finished with value: 0.7312902111766286 and parameters: {'max_depth': 14, 'learning_rate': 0.02463269343614209, 'subsample': 0.8339442110500851, 'colsample_bytree': 0.8005948258202848, 'reg_alpha': 0.0006837327540984592, 'reg_lambda': 0.0031510295782432828, 'min_child_weight': 10, 'gamma': 0.23497843612564498, 'num_boost_round': 621}. Best is trial 70 with value: 0.7412031056138959.
# [I 2024-01-28 21:17:23,321] Trial 131 finished with value: 0.7405251915427022 and parameters: {'max_depth': 16, 'learning_rate': 0.07757011160325901, 'subsample': 0.8670546526899914, 'colsample_bytree': 0.8117448417402984, 'reg_alpha': 0.0008389018793590052, 'reg_lambda': 0.004923755043158602, 'min_child_weight': 10, 'gamma': 0.2968843032736514, 'num_boost_round': 557}. Best is trial 70 with value: 0.7412031056138959.
# [I 2024-01-28 21:18:14,989] Trial 132 finished with value: 0.7412158964454278 and parameters: {'max_depth': 18, 'learning_rate': 0.0334091846845558, 'subsample': 0.828458861169777, 'colsample_bytree': 0.7672705664131164, 'reg_alpha': 0.02049334001509153, 'reg_lambda': 0.021298573207234165, 'min_child_weight': 8, 'gamma': 0.3745657865155657, 'num_boost_round': 683}. Best is trial 132 with value: 0.7412158964454278.
# [I 2024-01-28 21:18:35,360] Trial 133 finished with value: 0.7397065783246568 and parameters: {'max_depth': 15, 'learning_rate': 0.12494394695661777, 'subsample': 0.8452483968387963, 'colsample_bytree': 0.8021722269922168, 'reg_alpha': 0.0006669752786885454, 'reg_lambda': 0.0030860490090210487, 'min_child_weight': 12, 'gamma': 0.2607755014396104, 'num_boost_round': 619}. Best is trial 132 with value: 0.7412158964454278.
# [I 2024-01-28 21:19:18,773] Trial 134 finished with value: 0.739655414998529 and parameters: {'max_depth': 18, 'learning_rate': 0.04970351545545159, 'subsample': 0.9227730893612041, 'colsample_bytree': 0.7987907619555644, 'reg_alpha': 0.008618207795042097, 'reg_lambda': 0.00211381819005846, 'min_child_weight': 13, 'gamma': 0.18847517898987234, 'num_boost_round': 645}. Best is trial 132 with value: 0.7412158964454278.
# [I 2024-01-28 21:19:41,606] Trial 135 finished with value: 0.7367774779038385 and parameters: {'max_depth': 15, 'learning_rate': 0.06041343523297044, 'subsample': 0.8260734271169405, 'colsample_bytree': 0.8202710330616724, 'reg_alpha': 0.0019073848007416607, 'reg_lambda': 0.05983684893199807, 'min_child_weight': 13, 'gamma': 0.271519107595286, 'num_boost_round': 671}. Best is trial 132 with value: 0.7412158964454278.
# [I 2024-01-28 21:20:04,156] Trial 136 finished with value: 0.7394891341886136 and parameters: {'max_depth': 16, 'learning_rate': 0.09342058441771063, 'subsample': 0.8065866030390806, 'colsample_bytree': 0.7972618618724052, 'reg_alpha': 0.014626129021771489, 'reg_lambda': 0.004934646095272751, 'min_child_weight': 11, 'gamma': 0.37782209122952554, 'num_boost_round': 622}. Best is trial 132 with value: 0.7412158964454278.
# [I 2024-01-28 21:20:32,566] Trial 137 finished with value: 0.7365344521047313 and parameters: {'max_depth': 15, 'learning_rate': 0.04996772852465194, 'subsample': 0.8520393815177542, 'colsample_bytree': 0.8146077092398444, 'reg_alpha': 9.565441544478258e-05, 'reg_lambda': 0.025085451695939242, 'min_child_weight': 8, 'gamma': 0.31601566950825133, 'num_boost_round': 639}. Best is trial 132 with value: 0.7412158964454278.
# [I 2024-01-28 21:21:08,092] Trial 138 finished with value: 0.7407810081733414 and parameters: {'max_depth': 16, 'learning_rate': 0.06572614566455526, 'subsample': 0.8572854369907178, 'colsample_bytree': 0.79705673860055, 'reg_alpha': 0.0016119092252740465, 'reg_lambda': 0.032896847910212676, 'min_child_weight': 14, 'gamma': 0.3585011719586329, 'num_boost_round': 652}. Best is trial 132 with value: 0.7412158964454278.
# [I 2024-01-28 21:21:44,084] Trial 139 finished with value: 0.737851907752523 and parameters: {'max_depth': 15, 'learning_rate': 0.043606988090421364, 'subsample': 0.8120025351045967, 'colsample_bytree': 0.7863317584125167, 'reg_alpha': 0.023846864933796508, 'reg_lambda': 0.08090656957018094, 'min_child_weight': 12, 'gamma': 0.22297294578371973, 'num_boost_round': 670}. Best is trial 132 with value: 0.7412158964454278.
# [I 2024-01-28 21:22:17,704] Trial 140 finished with value: 0.7389007559381435 and parameters: {'max_depth': 20, 'learning_rate': 0.04274149158807661, 'subsample': 0.8710580175203966, 'colsample_bytree': 0.8233021609425678, 'reg_alpha': 0.07012684450816847, 'reg_lambda': 0.006897734376766432, 'min_child_weight': 11, 'gamma': 0.31495362652237974, 'num_boost_round': 608}. Best is trial 132 with value: 0.7412158964454278.
# [I 2024-01-28 21:22:50,264] Trial 141 finished with value: 0.7383891226768653 and parameters: {'max_depth': 16, 'learning_rate': 0.04960079229647467, 'subsample': 0.8606138114066163, 'colsample_bytree': 0.7877879891580228, 'reg_alpha': 0.00413638270723512, 'reg_lambda': 0.049184952593451445, 'min_child_weight': 12, 'gamma': 0.3579416779572096, 'num_boost_round': 692}. Best is trial 132 with value: 0.7412158964454278.
# [I 2024-01-28 21:23:15,495] Trial 142 finished with value: 0.7391309909057188 and parameters: {'max_depth': 15, 'learning_rate': 0.0673143622009215, 'subsample': 0.7963141253316985, 'colsample_bytree': 0.7843849537585275, 'reg_alpha': 0.015526125239898329, 'reg_lambda': 0.012397267904660381, 'min_child_weight': 12, 'gamma': 0.4046217397751815, 'num_boost_round': 747}. Best is trial 132 with value: 0.7412158964454278.
# [I 2024-01-28 21:23:42,674] Trial 143 finished with value: 0.7392077358949105 and parameters: {'max_depth': 16, 'learning_rate': 0.07738067995717443, 'subsample': 0.8243980355787189, 'colsample_bytree': 0.8267177573330724, 'reg_alpha': 0.0048905911351625605, 'reg_lambda': 0.032510199284469375, 'min_child_weight': 8, 'gamma': 0.29755829278055484, 'num_boost_round': 637}. Best is trial 132 with value: 0.7412158964454278.
# [I 2024-01-28 21:24:23,218] Trial 144 finished with value: 0.7385170309921848 and parameters: {'max_depth': 17, 'learning_rate': 0.0400020138825742, 'subsample': 0.7873144349703229, 'colsample_bytree': 0.8013352204187085, 'reg_alpha': 0.0011107712246262742, 'reg_lambda': 0.005564106578519297, 'min_child_weight': 10, 'gamma': 0.2594900699265177, 'num_boost_round': 629}. Best is trial 132 with value: 0.7412158964454278.
# [I 2024-01-28 21:24:44,621] Trial 145 finished with value: 0.7399496041237641 and parameters: {'max_depth': 14, 'learning_rate': 0.09254429209655766, 'subsample': 0.8199571760585276, 'colsample_bytree': 0.7687742654346235, 'reg_alpha': 0.005235333436897863, 'reg_lambda': 0.036281477875262945, 'min_child_weight': 8, 'gamma': 0.3960527194268421, 'num_boost_round': 723}. Best is trial 132 with value: 0.7412158964454278.
# [I 2024-01-28 21:25:09,110] Trial 146 finished with value: 0.7389391284327393 and parameters: {'max_depth': 16, 'learning_rate': 0.08065263578828584, 'subsample': 0.8599871782117354, 'colsample_bytree': 0.8093338562020679, 'reg_alpha': 0.0031910009398773424, 'reg_lambda': 0.0005823731688071025, 'min_child_weight': 9, 'gamma': 0.2849303465924161, 'num_boost_round': 617}. Best is trial 132 with value: 0.7412158964454278.
# [I 2024-01-28 21:25:34,942] Trial 147 finished with value: 0.7388240109489518 and parameters: {'max_depth': 19, 'learning_rate': 0.06621005861744195, 'subsample': 0.8852145330282463, 'colsample_bytree': 0.8313338327997228, 'reg_alpha': 0.0007232272465579426, 'reg_lambda': 0.008750814637818597, 'min_child_weight': 9, 'gamma': 0.3094013846582046, 'num_boost_round': 612}. Best is trial 132 with value: 0.7412158964454278.
# [I 2024-01-28 21:26:16,683] Trial 148 finished with value: 0.7393868075363579 and parameters: {'max_depth': 18, 'learning_rate': 0.03932861145463669, 'subsample': 0.8734885161931686, 'colsample_bytree': 0.7942420022815291, 'reg_alpha': 0.004478665649843354, 'reg_lambda': 0.033988063730913856, 'min_child_weight': 10, 'gamma': 0.32040759286821086, 'num_boost_round': 684}. Best is trial 132 with value: 0.7412158964454278.
