# [I 2024-01-24 18:49:41,702] Trial 206 finished with value: 0.7490150933742645 and parameters: {'max_depth': 23, 'learning_rate': 0.07409749754848949, 'subsample': 0.973646364702097, 'colsample_bytree': 0.7138334684238267, 'reg_alpha': 0.7332422934635281, 'reg_lambda': 0.0005237621065022036, 'min_child_weight': 18, 'gamma': 0.3837216575981821, 'num_boost_round': 500}. Best is trial 68 with value: 0.7502174469173701.
# [I 2024-01-24 18:49:55,268] Trial 207 finished with value: 0.74911742133538 and parameters: {'max_depth': 22, 'learning_rate': 0.06661085637026275, 'subsample': 0.9624796965849339, 'colsample_bytree': 0.7272603492956099, 'reg_alpha': 0.4144276660295506, 'reg_lambda': 1.5444400544512332e-05, 'min_child_weight': 17, 'gamma': 0.41062784751989334, 'num_boost_round': 516}. Best is trial 68 with value: 0.7502174469173701.
# [I 2024-01-24 18:50:06,728] Trial 208 finished with value: 0.7452801227935533 and parameters: {'max_depth': 23, 'learning_rate': 0.06016354316420634, 'subsample': 0.8894660347658605, 'colsample_bytree': 0.96972368565136, 'reg_alpha': 0.5911490334733183, 'reg_lambda': 2.7258730283004434e-05, 'min_child_weight': 17, 'gamma': 0.37492311943471573, 'num_boost_round': 528}. Best is trial 68 with value: 0.7502174469173701.
# [I 2024-01-24 18:50:18,537] Trial 209 finished with value: 0.7486569455103607 and parameters: {'max_depth': 25, 'learning_rate': 0.07732024601717359, 'subsample': 0.9414466458717949, 'colsample_bytree': 0.7193426265214037, 'reg_alpha': 0.9779981056625666, 'reg_lambda': 4.378268649464878e-05, 'min_child_weight': 13, 'gamma': 0.3974667344969703, 'num_boost_round': 408}. Best is trial 68 with value: 0.7502174469173701.
# [I 2024-01-24 18:50:28,405] Trial 210 finished with value: 0.747454591967255 and parameters: {'max_depth': 19, 'learning_rate': 0.06566135652573783, 'subsample': 0.9828196907298169, 'colsample_bytree': 0.7076305861607213, 'reg_alpha': 0.9932027324227232, 'reg_lambda': 8.842617320418383e-05, 'min_child_weight': 14, 'gamma': 0.4146178480899443, 'num_boost_round': 543}. Best is trial 68 with value: 0.7502174469173701.
# [I 2024-01-24 18:50:42,602] Trial 211 finished with value: 0.7484011256075722 and parameters: {'max_depth': 25, 'learning_rate': 0.06355709732135871, 'subsample': 0.970238126487483, 'colsample_bytree': 0.715929474352317, 'reg_alpha': 0.30914783928418904, 'reg_lambda': 0.03004135422866048, 'min_child_weight': 20, 'gamma': 0.4223029182976739, 'num_boost_round': 421}. Best is trial 68 with value: 0.7502174469173701.
# [I 2024-01-24 18:50:54,890] Trial 212 finished with value: 0.7485290355589664 and parameters: {'max_depth': 26, 'learning_rate': 0.06916668469208538, 'subsample': 0.9726898775479521, 'colsample_bytree': 0.7144460171497813, 'reg_alpha': 0.5583366665056794, 'reg_lambda': 0.06734242456001681, 'min_child_weight': 14, 'gamma': 0.43160385061992784, 'num_boost_round': 466}. Best is trial 68 with value: 0.7502174469173701.
# [I 2024-01-24 18:51:10,333] Trial 213 finished with value: 0.7476848298797647 and parameters: {'max_depth': 25, 'learning_rate': 0.05842300756607862, 'subsample': 0.9661275598310137, 'colsample_bytree': 0.7183083790966669, 'reg_alpha': 7.80862297566707e-06, 'reg_lambda': 5.292565771372466e-05, 'min_child_weight': 15, 'gamma': 0.4068131094629699, 'num_boost_round': 503}. Best is trial 68 with value: 0.7502174469173701.
# [I 2024-01-24 18:51:23,640] Trial 214 finished with value: 0.7491685853159376 and parameters: {'max_depth': 24, 'learning_rate': 0.06219463404842792, 'subsample': 0.9605324324489238, 'colsample_bytree': 0.706179077388037, 'reg_alpha': 6.847017690594248e-05, 'reg_lambda': 4.57331338890621e-05, 'min_child_weight': 16, 'gamma': 0.4210682753919003, 'num_boost_round': 480}. Best is trial 68 with value: 0.7502174469173701.
# [I 2024-01-24 18:51:36,621] Trial 215 finished with value: 0.7479918137631107 and parameters: {'max_depth': 25, 'learning_rate': 0.07194841026173586, 'subsample': 0.9771795164395061, 'colsample_bytree': 0.7128117039358289, 'reg_alpha': 2.155413051191684e-05, 'reg_lambda': 2.228827536829653e-05, 'min_child_weight': 18, 'gamma': 0.39440493112264485, 'num_boost_round': 535}. Best is trial 68 with value: 0.7502174469173701.
# [I 2024-01-24 18:51:53,143] Trial 216 finished with value: 0.7474801739575339 and parameters: {'max_depth': 24, 'learning_rate': 0.05611876773098067, 'subsample': 0.9558537342878731, 'colsample_bytree': 0.815498321779047, 'reg_alpha': 0.4205728629561826, 'reg_lambda': 0.011549374294357357, 'min_child_weight': 15, 'gamma': 0.3862717413001562, 'num_boost_round': 433}. Best is trial 68 with value: 0.7502174469173701.
# [I 2024-01-24 18:52:04,371] Trial 217 finished with value: 0.7476848298797647 and parameters: {'max_depth': 29, 'learning_rate': 0.08283552236346488, 'subsample': 0.9686058352750351, 'colsample_bytree': 0.722415019104822, 'reg_alpha': 0.1834721189896253, 'reg_lambda': 7.259857612971223e-05, 'min_child_weight': 12, 'gamma': 0.4139755561945539, 'num_boost_round': 419}. Best is trial 68 with value: 0.7502174469173701.
# [I 2024-01-24 18:52:22,597] Trial 218 finished with value: 0.749424405218726 and parameters: {'max_depth': 26, 'learning_rate': 0.05122939053672383, 'subsample': 0.9490496287275134, 'colsample_bytree': 0.7286323224877441, 'reg_alpha': 0.6769268257663354, 'reg_lambda': 0.000309460924259752, 'min_child_weight': 14, 'gamma': 0.43489988100991467, 'num_boost_round': 555}. Best is trial 68 with value: 0.7502174469173701.
# [I 2024-01-24 18:52:43,172] Trial 219 finished with value: 0.749091839345101 and parameters: {'max_depth': 26, 'learning_rate': 0.049336166267107795, 'subsample': 0.951788021913455, 'colsample_bytree': 0.7357637361194929, 'reg_alpha': 0.696897999658807, 'reg_lambda': 0.00030029886683656667, 'min_child_weight': 14, 'gamma': 0.3013964521480591, 'num_boost_round': 561}. Best is trial 68 with value: 0.7502174469173701.
# [I 2024-01-24 18:52:58,602] Trial 220 finished with value: 0.7488871834228703 and parameters: {'max_depth': 26, 'learning_rate': 0.052674518917445914, 'subsample': 0.9379676206740817, 'colsample_bytree': 0.7278931412605495, 'reg_alpha': 0.5968436955443571, 'reg_lambda': 0.00041450838223115586, 'min_child_weight': 14, 'gamma': 0.4329718384340871, 'num_boost_round': 553}. Best is trial 68 with value: 0.7502174469173701.
# [I 2024-01-24 18:53:12,882] Trial 221 finished with value: 0.749091839345101 and parameters: {'max_depth': 25, 'learning_rate': 0.06504980560966483, 'subsample': 0.9584596719649254, 'colsample_bytree': 0.7092370556769693, 'reg_alpha': 0.7771178699612724, 'reg_lambda': 0.00026197572190145236, 'min_child_weight': 14, 'gamma': 0.44616459203208114, 'num_boost_round': 492}. Best is trial 68 with value: 0.7502174469173701.
# [I 2024-01-24 18:53:32,698] Trial 222 finished with value: 0.7496290611409568 and parameters: {'max_depth': 24, 'learning_rate': 0.05936218097029362, 'subsample': 0.9469658072563686, 'colsample_bytree': 0.7048099692072392, 'reg_alpha': 0.012220272056573913, 'reg_lambda': 0.00011961256859830008, 'min_child_weight': 13, 'gamma': 0.09610074007406139, 'num_boost_round': 575}. Best is trial 68 with value: 0.7502174469173701.
# [I 2024-01-24 18:53:47,419] Trial 223 finished with value: 0.7483499616270146 and parameters: {'max_depth': 16, 'learning_rate': 0.05834323198296343, 'subsample': 0.9458700305144601, 'colsample_bytree': 0.7040354155678955, 'reg_alpha': 0.013088596803689673, 'reg_lambda': 0.00013771132132181938, 'min_child_weight': 13, 'gamma': 0.4017567695032602, 'num_boost_round': 572}. Best is trial 68 with value: 0.7502174469173701.
# [I 2024-01-24 18:54:08,121] Trial 224 finished with value: 0.7486057815298031 and parameters: {'max_depth': 23, 'learning_rate': 0.04821501863048966, 'subsample': 0.9473103894419206, 'colsample_bytree': 0.700253726618046, 'reg_alpha': 0.029626598833186135, 'reg_lambda': 0.00019431123917500667, 'min_child_weight': 13, 'gamma': 0.08502999336549222, 'num_boost_round': 581}. Best is trial 68 with value: 0.7502174469173701.
# [I 2024-01-24 18:54:21,243] Trial 225 finished with value: 0.7475057559478128 and parameters: {'max_depth': 22, 'learning_rate': 0.07186884044565704, 'subsample': 0.9509717875146211, 'colsample_bytree': 0.7111294009640862, 'reg_alpha': 0.006158104529222457, 'reg_lambda': 0.00010721515304160934, 'min_child_weight': 13, 'gamma': 0.10676329251118447, 'num_boost_round': 599}. Best is trial 68 with value: 0.7502174469173701.
# [I 2024-01-24 18:54:40,319] Trial 226 finished with value: 0.7498337170631875 and parameters: {'max_depth': 24, 'learning_rate': 0.044640328909213205, 'subsample': 0.9407551159482062, 'colsample_bytree': 0.7050015187163097, 'reg_alpha': 0.009569233726862412, 'reg_lambda': 0.0006077394556600591, 'min_child_weight': 17, 'gamma': 0.3790128050466834, 'num_boost_round': 554}. Best is trial 68 with value: 0.7502174469173701.
# [I 2024-01-24 18:54:56,326] Trial 227 finished with value: 0.7463545663852648 and parameters: {'max_depth': 24, 'learning_rate': 0.042582206176341245, 'subsample': 0.9416790779475424, 'colsample_bytree': 0.7048710363951638, 'reg_alpha': 0.004043948088406442, 'reg_lambda': 0.001087439106711158, 'min_child_weight': 17, 'gamma': 0.06441717825793455, 'num_boost_round': 554}. Best is trial 68 with value: 0.7502174469173701.
# [I 2024-01-24 18:55:08,181] Trial 228 finished with value: 0.7430289076490151 and parameters: {'max_depth': 27, 'learning_rate': 0.04443964257055929, 'subsample': 0.870043284290472, 'colsample_bytree': 0.7002928275581283, 'reg_alpha': 0.009481408633307747, 'reg_lambda': 0.00034490103465104966, 'min_child_weight': 16, 'gamma': 0.09490234250274715, 'num_boost_round': 562}. Best is trial 68 with value: 0.7502174469173701.
# [I 2024-01-24 18:55:24,244] Trial 229 finished with value: 0.748119723714505 and parameters: {'max_depth': 24, 'learning_rate': 0.04984174482783449, 'subsample': 0.9560464294048714, 'colsample_bytree': 0.7193224985096479, 'reg_alpha': 0.7570720307763161, 'reg_lambda': 0.00022323947718126458, 'min_child_weight': 18, 'gamma': 0.37745145598465135, 'num_boost_round': 543}. Best is trial 68 with value: 0.7502174469173701.
# [I 2024-01-24 18:55:37,345] Trial 230 finished with value: 0.7409056024558711 and parameters: {'max_depth': 10, 'learning_rate': 0.03779838566203009, 'subsample': 0.961818587690101, 'colsample_bytree': 0.710654408933806, 'reg_alpha': 0.00945171934625774, 'reg_lambda': 0.0005275798502895547, 'min_child_weight': 17, 'gamma': 0.08525609695173442, 'num_boost_round': 573}. Best is trial 68 with value: 0.7502174469173701.
# [I 2024-01-24 18:55:58,949] Trial 231 finished with value: 0.7480941417242262 and parameters: {'max_depth': 23, 'learning_rate': 0.05374210781185863, 'subsample': 0.9344089324544321, 'colsample_bytree': 0.8387663355626723, 'reg_alpha': 0.014397602135196592, 'reg_lambda': 0.0006279890442613793, 'min_child_weight': 13, 'gamma': 0.11289396211290872, 'num_boost_round': 547}. Best is trial 68 with value: 0.7502174469173701.
# [I 2024-01-24 18:56:17,159] Trial 232 finished with value: 0.7475057559478128 and parameters: {'max_depth': 23, 'learning_rate': 0.04602070033223283, 'subsample': 0.9495130698825415, 'colsample_bytree': 0.7060685033411869, 'reg_alpha': 0.004659142591087314, 'reg_lambda': 1.6459725007867092e-05, 'min_child_weight': 17, 'gamma': 0.01427622688734903, 'num_boost_round': 533}. Best is trial 68 with value: 0.7502174469173701.
# [I 2024-01-24 18:56:28,584] Trial 233 finished with value: 0.7477615758506011 and parameters: {'max_depth': 24, 'learning_rate': 0.06156761464743186, 'subsample': 0.9434799616811321, 'colsample_bytree': 0.7138068569544956, 'reg_alpha': 0.039229556966914075, 'reg_lambda': 0.0003680350269439994, 'min_child_weight': 14, 'gamma': 0.38644036575159546, 'num_boost_round': 556}. Best is trial 68 with value: 0.7502174469173701.
# [I 2024-01-24 18:56:40,985] Trial 234 finished with value: 0.7475569199283705 and parameters: {'max_depth': 25, 'learning_rate': 0.06729384104561019, 'subsample': 0.9381523862978067, 'colsample_bytree': 0.7084431493539952, 'reg_alpha': 0.006832869244459398, 'reg_lambda': 3.1673681627034106e-05, 'min_child_weight': 14, 'gamma': 0.3944413065859508, 'num_boost_round': 522}. Best is trial 68 with value: 0.7502174469173701.
# [I 2024-01-24 18:56:53,535] Trial 235 finished with value: 0.7471987720644666 and parameters: {'max_depth': 26, 'learning_rate': 0.05600130375115955, 'subsample': 0.9539462088016654, 'colsample_bytree': 0.7215389391631671, 'reg_alpha': 0.5180064561581332, 'reg_lambda': 6.77869851979068e-05, 'min_child_weight': 12, 'gamma': 0.4071837991638517, 'num_boost_round': 402}. Best is trial 68 with value: 0.7502174469173701.
# [I 2024-01-24 18:57:03,664] Trial 236 finished with value: 0.7476336658992069 and parameters: {'max_depth': 23, 'learning_rate': 0.07652476497401316, 'subsample': 0.929386433887432, 'colsample_bytree': 0.7142792806423819, 'reg_alpha': 0.9892072872755003, 'reg_lambda': 6.680432266440292e-06, 'min_child_weight': 18, 'gamma': 0.36259883735612713, 'num_boost_round': 564}. Best is trial 68 with value: 0.7502174469173701.
# [I 2024-01-24 18:57:20,430] Trial 237 finished with value: 0.7490406753645433 and parameters: {'max_depth': 24, 'learning_rate': 0.06822284607459661, 'subsample': 0.9668042167994823, 'colsample_bytree': 0.7003801676855405, 'reg_alpha': 0.022476237063733282, 'reg_lambda': 0.006524919159400915, 'min_child_weight': 17, 'gamma': 0.2506608547247831, 'num_boost_round': 590}. Best is trial 68 with value: 0.7502174469173701.
# [I 2024-01-24 18:57:34,689] Trial 238 finished with value: 0.7480685597339474 and parameters: {'max_depth': 25, 'learning_rate': 0.06096594105079065, 'subsample': 0.7714212918177179, 'colsample_bytree': 0.7063262093369111, 'reg_alpha': 0.6274115679262684, 'reg_lambda': 1.1194698894957356e-05, 'min_child_weight': 16, 'gamma': 0.12252189432049815, 'num_boost_round': 541}. Best is trial 68 with value: 0.7502174469173701.
# [I 2024-01-24 18:57:50,610] Trial 239 finished with value: 0.7471987720644666 and parameters: {'max_depth': 30, 'learning_rate': 0.05324011782103514, 'subsample': 0.9489768801808303, 'colsample_bytree': 0.7291140751196158, 'reg_alpha': 0.38173422488915654, 'reg_lambda': 0.0007414429408625573, 'min_child_weight': 19, 'gamma': 0.37310940777848545, 'num_boost_round': 527}. Best is trial 68 with value: 0.7502174469173701.
# [I 2024-01-24 18:58:01,500] Trial 240 finished with value: 0.748273215656178 and parameters: {'max_depth': 26, 'learning_rate': 0.07179496475230075, 'subsample': 0.9596192311844142, 'colsample_bytree': 0.716668185572095, 'reg_alpha': 0.7806559274056963, 'reg_lambda': 3.740055494143805e-05, 'min_child_weight': 14, 'gamma': 0.39544451359905014, 'num_boost_round': 478}. Best is trial 68 with value: 0.7502174469173701.
# [I 2024-01-24 18:58:15,884] Trial 241 finished with value: 0.747966231772832 and parameters: {'max_depth': 25, 'learning_rate': 0.06301395445639335, 'subsample': 0.9768418790023591, 'colsample_bytree': 0.7177816849240974, 'reg_alpha': 0.11692142598899682, 'reg_lambda': 5.3084285288192974e-05, 'min_child_weight': 15, 'gamma': 0.43338276282006233, 'num_boost_round': 511}. Best is trial 68 with value: 0.7502174469173701.
# [I 2024-01-24 18:58:30,752] Trial 242 finished with value: 0.7488616014325915 and parameters: {'max_depth': 24, 'learning_rate': 0.06556527193810248, 'subsample': 0.9719618297772943, 'colsample_bytree': 0.7107104468627752, 'reg_alpha': 0.0033055096315552147, 'reg_lambda': 2.4966285845263462e-05, 'min_child_weight': 15, 'gamma': 0.4219876278602186, 'num_boost_round': 409}. Best is trial 68 with value: 0.7502174469173701.
# [I 2024-01-24 18:58:45,804] Trial 243 finished with value: 0.750422102839601 and parameters: {'max_depth': 26, 'learning_rate': 0.05806796580696987, 'subsample': 0.983071751147048, 'colsample_bytree': 0.7237525527298514, 'reg_alpha': 0.26534117163076976, 'reg_lambda': 0.00013147205610001023, 'min_child_weight': 16, 'gamma': 0.4147177374695941, 'num_boost_round': 552}. Best is trial 243 with value: 0.750422102839601.
# [I 2024-01-24 18:59:03,063] Trial 244 finished with value: 0.7496290611409568 and parameters: {'max_depth': 27, 'learning_rate': 0.05897474484465142, 'subsample': 0.9863633523468632, 'colsample_bytree': 0.7265845595424355, 'reg_alpha': 0.4864966349681657, 'reg_lambda': 0.00016939700087737842, 'min_child_weight': 16, 'gamma': 0.41028533300014774, 'num_boost_round': 550}. Best is trial 243 with value: 0.750422102839601.
# [I 2024-01-24 18:59:17,605] Trial 245 finished with value: 0.7488871834228703 and parameters: {'max_depth': 27, 'learning_rate': 0.05778787257105008, 'subsample': 0.9887139277218449, 'colsample_bytree': 0.7244020935111662, 'reg_alpha': 0.4710981387139977, 'reg_lambda': 0.00012586126833948367, 'min_child_weight': 16, 'gamma': 0.4119031591378145, 'num_boost_round': 553}. Best is trial 243 with value: 0.750422102839601.
# [I 2024-01-24 18:59:35,238] Trial 246 finished with value: 0.7499616270145817 and parameters: {'max_depth': 28, 'learning_rate': 0.05684961017632992, 'subsample': 0.9829889228088114, 'colsample_bytree': 0.7347370230841593, 'reg_alpha': 0.5671950719309913, 'reg_lambda': 0.00017036303024158743, 'min_child_weight': 16, 'gamma': 0.40084634211240977, 'num_boost_round': 568}. Best is trial 243 with value: 0.750422102839601.
# [I 2024-01-24 18:59:48,319] Trial 247 finished with value: 0.7473522640061396 and parameters: {'max_depth': 28, 'learning_rate': 0.052103648468506195, 'subsample': 0.9841786294254691, 'colsample_bytree': 0.7418161829546642, 'reg_alpha': 0.5733936170075169, 'reg_lambda': 0.00018984323190586333, 'min_child_weight': 16, 'gamma': 0.4125661936069884, 'num_boost_round': 568}. Best is trial 243 with value: 0.750422102839601.
# [I 2024-01-24 19:00:03,928] Trial 248 finished with value: 0.749091839345101 and parameters: {'max_depth': 28, 'learning_rate': 0.05689044635334139, 'subsample': 0.9831130809950502, 'colsample_bytree': 0.733936005784367, 'reg_alpha': 0.5017100873326852, 'reg_lambda': 0.00014919739101251198, 'min_child_weight': 16, 'gamma': 0.2812118955060947, 'num_boost_round': 580}. Best is trial 243 with value: 0.750422102839601.
# [I 2024-01-24 19:00:21,982] Trial 249 finished with value: 0.7490150933742645 and parameters: {'max_depth': 27, 'learning_rate': 0.050933028299520205, 'subsample': 0.9901301611036607, 'colsample_bytree': 0.7297931277370171, 'reg_alpha': 0.3360699257370123, 'reg_lambda': 0.0002783820995056055, 'min_child_weight': 16, 'gamma': 0.42828851402436807, 'num_boost_round': 562}. Best is trial 243 with value: 0.750422102839601.
# [I 2024-01-24 19:00:34,179] Trial 250 finished with value: 0.7480941417242262 and parameters: {'max_depth': 27, 'learning_rate': 0.05956600118896071, 'subsample': 0.9960359884584845, 'colsample_bytree': 0.7380699299114181, 'reg_alpha': 0.7604809559999659, 'reg_lambda': 0.00015449578610969575, 'min_child_weight': 17, 'gamma': 0.4042239282015208, 'num_boost_round': 541}. Best is trial 243 with value: 0.750422102839601.
# [I 2024-01-24 19:00:48,740] Trial 251 finished with value: 0.7485034535686876 and parameters: {'max_depth': 28, 'learning_rate': 0.05427692061080573, 'subsample': 0.9830140412306677, 'colsample_bytree': 0.7246811285009328, 'reg_alpha': 0.40697625051303254, 'reg_lambda': 9.978568464234975e-05, 'min_child_weight': 16, 'gamma': 0.4427098012240212, 'num_boost_round': 550}. Best is trial 243 with value: 0.750422102839601.
# [I 2024-01-24 19:00:50,239] Trial 252 finished with value: 0.6512663085188027 and parameters: {'max_depth': 5, 'learning_rate': 0.060368829408692135, 'subsample': 0.9887999875257394, 'colsample_bytree': 0.7217595975773436, 'reg_alpha': 0.9904746953554144, 'reg_lambda': 0.0002699592215047326, 'min_child_weight': 16, 'gamma': 0.38312927370121813, 'num_boost_round': 573}. Best is trial 243 with value: 0.750422102839601.
# [I 2024-01-24 19:01:03,736] Trial 253 finished with value: 0.7485546175492453 and parameters: {'max_depth': 26, 'learning_rate': 0.05565497477634026, 'subsample': 0.9777661881635713, 'colsample_bytree': 0.7260485850782457, 'reg_alpha': 0.6133818861376115, 'reg_lambda': 0.00019458323455117494, 'min_child_weight': 17, 'gamma': 0.42012265579455477, 'num_boost_round': 559}. Best is trial 243 with value: 0.750422102839601.
# [I 2024-01-24 19:01:19,185] Trial 254 finished with value: 0.7485801995395241 and parameters: {'max_depth': 26, 'learning_rate': 0.04843977698184648, 'subsample': 0.9786399711806626, 'colsample_bytree': 0.7327207570456469, 'reg_alpha': 0.30616354933360634, 'reg_lambda': 0.00011557408485227202, 'min_child_weight': 17, 'gamma': 0.39959188719321026, 'num_boost_round': 544}. Best is trial 243 with value: 0.750422102839601.
# [I 2024-01-24 19:01:30,585] Trial 255 finished with value: 0.7475313379380916 and parameters: {'max_depth': 27, 'learning_rate': 0.06342729760381145, 'subsample': 0.9984494474333349, 'colsample_bytree': 0.7165205539893076, 'reg_alpha': 0.6162368840553007, 'reg_lambda': 8.360676299049016e-05, 'min_child_weight': 18, 'gamma': 0.4115098604431875, 'num_boost_round': 569}. Best is trial 243 with value: 0.750422102839601.
# [I 2024-01-24 19:01:44,642] Trial 256 finished with value: 0.7502686108979278 and parameters: {'max_depth': 26, 'learning_rate': 0.06726060544922906, 'subsample': 0.9820538632956979, 'colsample_bytree': 0.7043520484549479, 'reg_alpha': 0.40649923487285705, 'reg_lambda': 0.00016764654563650248, 'min_child_weight': 16, 'gamma': 0.3895163408985203, 'num_boost_round': 551}. Best is trial 243 with value: 0.750422102839601.
