[I 2024-01-24 21:32:17,944] A new study created in memory with name: no-name-0f008688-d4ad-4abb-a6e7-3bc9506efc48
# [I 2024-01-24 21:32:42,635] Trial 0 finished with value: 0.7477359938603223 and parameters: {'max_depth': 20, 'learning_rate': 0.04177699141011847, 'subsample': 0.8229141392835416, 'colsample_bytree': 0.8513337815482673, 'reg_alpha': 3.711336506342863e-05, 'reg_lambda': 0.08956256305599095, 'min_child_weight': 6, 'gamma': 0.14828479653331783, 'num_boost_round': 609}. Best is trial 0 with value: 0.7477359938603223.
# [I 2024-01-24 21:33:51,861] Trial 1 finished with value: 0.7325147096444103 and parameters: {'max_depth': 10, 'learning_rate': 0.016260283350782355, 'subsample': 0.9148426105892031, 'colsample_bytree': 0.9160368040543407, 'reg_alpha': 0.00025288438901011014, 'reg_lambda': 0.005098945992872055, 'min_child_weight': 14, 'gamma': 0.224560593691305, 'num_boost_round': 606}. Best is trial 0 with value: 0.7477359938603223.
# [I 2024-01-24 21:34:48,108] Trial 2 finished with value: 0.742389357892044 and parameters: {'max_depth': 12, 'learning_rate': 0.022015403422486018, 'subsample': 0.8542951774972409, 'colsample_bytree': 0.8683371271979246, 'reg_alpha': 1.948634839846506e-05, 'reg_lambda': 0.0024964148187419715, 'min_child_weight': 8, 'gamma': 0.2433672623557122, 'num_boost_round': 636}. Best is trial 0 with value: 0.7477359938603223.
# [I 2024-01-24 21:35:35,811] Trial 3 finished with value: 0.7360961882834485 and parameters: {'max_depth': 10, 'learning_rate': 0.026833502383749437, 'subsample': 0.9038634843514033, 'colsample_bytree': 0.8637739144710712, 'reg_alpha': 0.004844381049360463, 'reg_lambda': 0.11001675591332455, 'min_child_weight': 11, 'gamma': 0.20638225421756357, 'num_boost_round': 714}. Best is trial 0 with value: 0.7477359938603223.
# [I 2024-01-24 21:36:23,366] Trial 4 finished with value: 0.742721923765669 and parameters: {'max_depth': 9, 'learning_rate': 0.04729411145923027, 'subsample': 0.8649494695478772, 'colsample_bytree': 0.8103749817875381, 'reg_alpha': 0.000169225959230442, 'reg_lambda': 0.05252433142659844, 'min_child_weight': 12, 'gamma': 0.37350043235281805, 'num_boost_round': 692}. Best is trial 0 with value: 0.7477359938603223.
# [I 2024-01-24 21:36:46,723] Trial 5 finished with value: 0.741417242261448 and parameters: {'max_depth': 13, 'learning_rate': 0.04517954559772212, 'subsample': 0.8904357248309213, 'colsample_bytree': 0.8315177396886684, 'reg_alpha': 0.004015820190765807, 'reg_lambda': 7.903890659750166e-06, 'min_child_weight': 12, 'gamma': 0.3140685918650139, 'num_boost_round': 696}. Best is trial 0 with value: 0.7477359938603223.
# [I 2024-01-24 21:37:24,189] Trial 6 finished with value: 0.7419800460475825 and parameters: {'max_depth': 15, 'learning_rate': 0.022554689098631744, 'subsample': 0.8774139425052876, 'colsample_bytree': 0.9203666667431499, 'reg_alpha': 0.0018327425504399341, 'reg_lambda': 0.0002502834717931474, 'min_child_weight': 13, 'gamma': 0.17306373423282395, 'num_boost_round': 664}. Best is trial 0 with value: 0.7477359938603223.
# [I 2024-01-24 21:37:54,667] Trial 7 finished with value: 0.7447429009976976 and parameters: {'max_depth': 11, 'learning_rate': 0.06251275579946237, 'subsample': 0.9058534284844265, 'colsample_bytree': 0.8546327266173189, 'reg_alpha': 0.00032407050124191893, 'reg_lambda': 0.0017922419341151827, 'min_child_weight': 10, 'gamma': 0.1269916341174736, 'num_boost_round': 526}. Best is trial 0 with value: 0.7477359938603223.
# [I 2024-01-24 21:38:30,821] Trial 8 finished with value: 0.7486313635200819 and parameters: {'max_depth': 12, 'learning_rate': 0.05758828222614718, 'subsample': 0.7804226954425081, 'colsample_bytree': 0.8755348548132729, 'reg_alpha': 0.00017682974532703887, 'reg_lambda': 0.002043455632809802, 'min_child_weight': 12, 'gamma': 0.2367087180889414, 'num_boost_round': 647}. Best is trial 8 with value: 0.7486313635200819.
# [I 2024-01-24 21:39:12,657] Trial 9 finished with value: 0.7304169864415452 and parameters: {'max_depth': 12, 'learning_rate': 0.012473681720470309, 'subsample': 0.829614522269192, 'colsample_bytree': 0.8759332187407181, 'reg_alpha': 0.07049987991339095, 'reg_lambda': 0.0007143104874305366, 'min_child_weight': 16, 'gamma': 0.19247656641033062, 'num_boost_round': 521}. Best is trial 8 with value: 0.7486313635200819.
# [I 2024-01-24 21:39:46,402] Trial 10 finished with value: 0.7400869787669481 and parameters: {'max_depth': 14, 'learning_rate': 0.020394633592976174, 'subsample': 0.8161434103396945, 'colsample_bytree': 0.9061410517437272, 'reg_alpha': 0.0015240368990244724, 'reg_lambda': 2.702302102810572e-05, 'min_child_weight': 11, 'gamma': 0.332781071267106, 'num_boost_round': 661}. Best is trial 8 with value: 0.7486313635200819.
# [I 2024-01-24 21:40:24,460] Trial 11 finished with value: 0.7461754924533128 and parameters: {'max_depth': 12, 'learning_rate': 0.051814337317879385, 'subsample': 0.8358367274533449, 'colsample_bytree': 0.8498061960691061, 'reg_alpha': 0.01695343426336679, 'reg_lambda': 0.0003660329251222397, 'min_child_weight': 11, 'gamma': 0.17042956460820857, 'num_boost_round': 507}. Best is trial 8 with value: 0.7486313635200819.
# [I 2024-01-24 21:40:57,834] Trial 12 finished with value: 0.7460731644921975 and parameters: {'max_depth': 16, 'learning_rate': 0.03917485961432354, 'subsample': 0.8757555449180092, 'colsample_bytree': 0.8724259595393538, 'reg_alpha': 8.371045952340722e-05, 'reg_lambda': 0.0021894113443734387, 'min_child_weight': 14, 'gamma': 0.06349165280323388, 'num_boost_round': 677}. Best is trial 8 with value: 0.7486313635200819.
# [I 2024-01-24 21:42:20,549] Trial 13 finished with value: 0.7449219749296495 and parameters: {'max_depth': 11, 'learning_rate': 0.03552122714808737, 'subsample': 0.8172839065481712, 'colsample_bytree': 0.925872002855596, 'reg_alpha': 0.007861449238950153, 'reg_lambda': 0.004356578414171239, 'min_child_weight': 9, 'gamma': 0.11182663926752179, 'num_boost_round': 535}. Best is trial 8 with value: 0.7486313635200819.
# [I 2024-01-24 21:42:44,065] Trial 14 finished with value: 0.7471731900741878 and parameters: {'max_depth': 15, 'learning_rate': 0.07861065116105416, 'subsample': 0.8016125323761484, 'colsample_bytree': 0.940493022277038, 'reg_alpha': 0.00030352510029883875, 'reg_lambda': 0.006103546815478197, 'min_child_weight': 15, 'gamma': 0.15809941087320006, 'num_boost_round': 604}. Best is trial 8 with value: 0.7486313635200819.
# [I 2024-01-24 21:43:27,975] Trial 15 finished with value: 0.7414428242517268 and parameters: {'max_depth': 10, 'learning_rate': 0.035724394407705085, 'subsample': 0.746571926092688, 'colsample_bytree': 0.8436923020255231, 'reg_alpha': 3.889273856593658e-05, 'reg_lambda': 0.01178054004874498, 'min_child_weight': 12, 'gamma': 0.2063494482577016, 'num_boost_round': 598}. Best is trial 8 with value: 0.7486313635200819.
# [I 2024-01-24 21:44:28,664] Trial 16 finished with value: 0.7373241238168329 and parameters: {'max_depth': 8, 'learning_rate': 0.03190037207625393, 'subsample': 0.8036580148171575, 'colsample_bytree': 0.7783980241665097, 'reg_alpha': 0.00019457325712956422, 'reg_lambda': 0.000266352908410331, 'min_child_weight': 11, 'gamma': 0.23528603145754876, 'num_boost_round': 619}. Best is trial 8 with value: 0.7486313635200819.
# [I 2024-01-24 21:45:04,968] Trial 17 finished with value: 0.7429009976976209 and parameters: {'max_depth': 10, 'learning_rate': 0.05583720385535601, 'subsample': 0.8946926537349267, 'colsample_bytree': 0.898608489144819, 'reg_alpha': 1.4562784255853264e-05, 'reg_lambda': 0.020220611214852784, 'min_child_weight': 11, 'gamma': 0.10543283235359738, 'num_boost_round': 464}. Best is trial 8 with value: 0.7486313635200819.
# [I 2024-01-24 21:45:37,492] Trial 18 finished with value: 0.743207981580967 and parameters: {'max_depth': 10, 'learning_rate': 0.06439343833728073, 'subsample': 0.8846764839110933, 'colsample_bytree': 0.9030169877878891, 'reg_alpha': 0.00013817746665599416, 'reg_lambda': 0.0007163328944576275, 'min_child_weight': 9, 'gamma': 0.22117746330151672, 'num_boost_round': 688}. Best is trial 8 with value: 0.7486313635200819.
# [I 2024-01-24 21:46:10,179] Trial 19 finished with value: 0.7381939114863136 and parameters: {'max_depth': 8, 'learning_rate': 0.07322748557680346, 'subsample': 0.7395029140386791, 'colsample_bytree': 0.8647351776770933, 'reg_alpha': 5.10345255776317e-06, 'reg_lambda': 0.01854396283077301, 'min_child_weight': 16, 'gamma': 0.14331331413571857, 'num_boost_round': 615}. Best is trial 8 with value: 0.7486313635200819.
# [I 2024-01-24 21:46:12,964] Trial 20 finished with value: 0.6679457661806089 and parameters: {'max_depth': 7, 'learning_rate': 0.011007564059615895, 'subsample': 0.7654535413883036, 'colsample_bytree': 0.919141360846127, 'reg_alpha': 0.0018922607531880393, 'reg_lambda': 0.01431248633118749, 'min_child_weight': 9, 'gamma': 0.13784323976611804, 'num_boost_round': 460}. Best is trial 8 with value: 0.7486313635200819.
# [I 2024-01-24 21:47:11,134] Trial 21 finished with value: 0.742542849833717 and parameters: {'max_depth': 10, 'learning_rate': 0.030528438605543166, 'subsample': 0.8413407269202834, 'colsample_bytree': 0.9127751720049899, 'reg_alpha': 6.192900353712676e-05, 'reg_lambda': 0.014745122728042159, 'min_child_weight': 9, 'gamma': 0.21019913224509035, 'num_boost_round': 543}. Best is trial 8 with value: 0.7486313635200819.
# [I 2024-01-24 21:47:34,233] Trial 22 finished with value: 0.7475313379380916 and parameters: {'max_depth': 13, 'learning_rate': 0.09110516852095367, 'subsample': 0.74591447314497, 'colsample_bytree': 0.8646688152398329, 'reg_alpha': 0.01017296472683911, 'reg_lambda': 0.0005410813013698879, 'min_child_weight': 10, 'gamma': 0.16312727489409024, 'num_boost_round': 582}. Best is trial 8 with value: 0.7486313635200819.
# [I 2024-01-24 21:47:48,749] Trial 23 finished with value: 0.745177794832438 and parameters: {'max_depth': 16, 'learning_rate': 0.09845283634571056, 'subsample': 0.8832029850088053, 'colsample_bytree': 0.9246129488175733, 'reg_alpha': 0.00048520750991862775, 'reg_lambda': 0.0012901448256054221, 'min_child_weight': 17, 'gamma': 0.03901208922484331, 'num_boost_round': 606}. Best is trial 8 with value: 0.7486313635200819.
# [I 2024-01-24 21:48:11,309] Trial 24 finished with value: 0.7477104118700435 and parameters: {'max_depth': 16, 'learning_rate': 0.10368407289047299, 'subsample': 0.7655030468358673, 'colsample_bytree': 0.8844530628994708, 'reg_alpha': 0.0006771622473305467, 'reg_lambda': 0.0009406108464214099, 'min_child_weight': 16, 'gamma': 0.1579767672606353, 'num_boost_round': 644}. Best is trial 8 with value: 0.7486313635200819.
# [I 2024-01-24 21:48:32,828] Trial 25 finished with value: 0.7461243284727552 and parameters: {'max_depth': 15, 'learning_rate': 0.0763798435887194, 'subsample': 0.8302736386577174, 'colsample_bytree': 0.867606545656349, 'reg_alpha': 9.614217037961839e-05, 'reg_lambda': 0.0012966190295175387, 'min_child_weight': 13, 'gamma': 0.1977875116293343, 'num_boost_round': 505}. Best is trial 8 with value: 0.7486313635200819.
# [I 2024-01-24 21:48:54,251] Trial 26 finished with value: 0.7462266564338705 and parameters: {'max_depth': 11, 'learning_rate': 0.12351123808502722, 'subsample': 0.8813640522412847, 'colsample_bytree': 0.8574810128268568, 'reg_alpha': 0.00020628032931878414, 'reg_lambda': 0.0014864444237283603, 'min_child_weight': 14, 'gamma': 0.13531877732429076, 'num_boost_round': 480}. Best is trial 8 with value: 0.7486313635200819.
# [I 2024-01-24 21:49:15,903] Trial 27 finished with value: 0.74778715784088 and parameters: {'max_depth': 17, 'learning_rate': 0.0643536634524087, 'subsample': 0.7937857288145754, 'colsample_bytree': 0.8810558120616112, 'reg_alpha': 0.004803462375951155, 'reg_lambda': 0.0017021866717626647, 'min_child_weight': 13, 'gamma': 0.14305962687238283, 'num_boost_round': 657}. Best is trial 8 with value: 0.7486313635200819.
# [I 2024-01-24 21:49:29,202] Trial 28 finished with value: 0.7463545663852648 and parameters: {'max_depth': 16, 'learning_rate': 0.15970860294854888, 'subsample': 0.7748167436443211, 'colsample_bytree': 0.9619342090384323, 'reg_alpha': 0.0009532135828742837, 'reg_lambda': 0.03315502076931019, 'min_child_weight': 14, 'gamma': 0.07893272462025018, 'num_boost_round': 576}. Best is trial 8 with value: 0.7486313635200819.
# [I 2024-01-24 21:49:53,268] Trial 29 finished with value: 0.7442312611921207 and parameters: {'max_depth': 15, 'learning_rate': 0.0444273802260942, 'subsample': 0.8893367069551896, 'colsample_bytree': 0.9063421239563016, 'reg_alpha': 0.00026005766907386235, 'reg_lambda': 0.04972159318570181, 'min_child_weight': 10, 'gamma': 0.1136140215795792, 'num_boost_round': 557}. Best is trial 8 with value: 0.7486313635200819.
# [I 2024-01-24 21:50:14,085] Trial 30 finished with value: 0.7475057559478128 and parameters: {'max_depth': 16, 'learning_rate': 0.08964009347148263, 'subsample': 0.8813583624078464, 'colsample_bytree': 0.8718149688938887, 'reg_alpha': 0.0017786976629279947, 'reg_lambda': 0.00013545033017235523, 'min_child_weight': 13, 'gamma': 0.04274140145317705, 'num_boost_round': 697}. Best is trial 8 with value: 0.7486313635200819.
# [I 2024-01-24 21:50:34,498] Trial 31 finished with value: 0.7476080839089281 and parameters: {'max_depth': 16, 'learning_rate': 0.08558400567871828, 'subsample': 0.8662449319678088, 'colsample_bytree': 0.8499809945556885, 'reg_alpha': 6.082099408500541e-05, 'reg_lambda': 0.004651685869264615, 'min_child_weight': 15, 'gamma': 0.1295228316858084, 'num_boost_round': 683}. Best is trial 8 with value: 0.7486313635200819.
# [I 2024-01-24 21:50:48,579] Trial 32 finished with value: 0.746482476336659 and parameters: {'max_depth': 14, 'learning_rate': 0.19687476662107317, 'subsample': 0.8006311638947368, 'colsample_bytree': 0.9323658296759745, 'reg_alpha': 0.005741387228956961, 'reg_lambda': 0.0004839456675227654, 'min_child_weight': 14, 'gamma': 0.17105563083231812, 'num_boost_round': 565}. Best is trial 8 with value: 0.7486313635200819.
# [I 2024-01-24 21:51:01,544] Trial 33 finished with value: 0.7457661806088514 and parameters: {'max_depth': 18, 'learning_rate': 0.09121296661764129, 'subsample': 0.8636100338107886, 'colsample_bytree': 0.809811541146999, 'reg_alpha': 0.0037403414629396106, 'reg_lambda': 0.00022099027069181934, 'min_child_weight': 8, 'gamma': 0.09589841827809237, 'num_boost_round': 642}. Best is trial 8 with value: 0.7486313635200819.
# [I 2024-01-24 21:51:21,120] Trial 34 finished with value: 0.7440777692504477 and parameters: {'max_depth': 13, 'learning_rate': 0.07340293046885117, 'subsample': 0.7789046313567185, 'colsample_bytree': 0.8801318206937035, 'reg_alpha': 0.007354507546378178, 'reg_lambda': 0.0003347379828937143, 'min_child_weight': 11, 'gamma': 0.11796941428281679, 'num_boost_round': 685}. Best is trial 8 with value: 0.7486313635200819.
# [I 2024-01-24 21:51:53,111] Trial 35 finished with value: 0.7426451777948324 and parameters: {'max_depth': 14, 'learning_rate': 0.038846062979515546, 'subsample': 0.8516238324195335, 'colsample_bytree': 0.8167239625965882, 'reg_alpha': 0.0008552433873498623, 'reg_lambda': 0.00017943039162186946, 'min_child_weight': 15, 'gamma': 0.13913367317585723, 'num_boost_round': 556}. Best is trial 8 with value: 0.7486313635200819.
# [I 2024-01-24 21:52:14,338] Trial 36 finished with value: 0.7477359938603223 and parameters: {'max_depth': 14, 'learning_rate': 0.08432013521847634, 'subsample': 0.7475098631001639, 'colsample_bytree': 0.8950491602608731, 'reg_alpha': 0.0027532043428534336, 'reg_lambda': 0.010883430652778848, 'min_child_weight': 13, 'gamma': 0.25511118713895686, 'num_boost_round': 780}. Best is trial 8 with value: 0.7486313635200819.
# [I 2024-01-24 21:52:29,784] Trial 37 finished with value: 0.7456126886671783 and parameters: {'max_depth': 14, 'learning_rate': 0.11238877107741292, 'subsample': 0.7360305617796161, 'colsample_bytree': 0.8457564531847719, 'reg_alpha': 0.01294151568085905, 'reg_lambda': 0.006238472249535118, 'min_child_weight': 17, 'gamma': 0.14286478089847668, 'num_boost_round': 739}. Best is trial 8 with value: 0.7486313635200819.
# [I 2024-01-24 21:52:45,371] Trial 38 finished with value: 0.746303402404707 and parameters: {'max_depth': 15, 'learning_rate': 0.1397455234172811, 'subsample': 0.7228180036721831, 'colsample_bytree': 0.8796414658446687, 'reg_alpha': 0.09179072620110422, 'reg_lambda': 0.001009732587059951, 'min_child_weight': 14, 'gamma': 0.009307769219860623, 'num_boost_round': 664}. Best is trial 8 with value: 0.7486313635200819.
# [I 2024-01-24 21:53:07,783] Trial 39 finished with value: 0.7443847531337938 and parameters: {'max_depth': 18, 'learning_rate': 0.037952178841982015, 'subsample': 0.819011210898459, 'colsample_bytree': 0.92382548190362, 'reg_alpha': 0.02966480697671189, 'reg_lambda': 0.0008455351602151418, 'min_child_weight': 15, 'gamma': 0.17868000110955573, 'num_boost_round': 541}. Best is trial 8 with value: 0.7486313635200819.
# [I 2024-01-24 21:53:25,626] Trial 40 finished with value: 0.7461243284727552 and parameters: {'max_depth': 14, 'learning_rate': 0.09562582754099466, 'subsample': 0.7377969906901994, 'colsample_bytree': 0.9302368941608187, 'reg_alpha': 0.0002545612298025393, 'reg_lambda': 0.001648991576503828, 'min_child_weight': 11, 'gamma': 0.07440657196976364, 'num_boost_round': 658}. Best is trial 8 with value: 0.7486313635200819.
# [I 2024-01-24 21:53:50,731] Trial 41 finished with value: 0.746482476336659 and parameters: {'max_depth': 17, 'learning_rate': 0.05449221273674477, 'subsample': 0.7955189186284503, 'colsample_bytree': 0.8459107389521859, 'reg_alpha': 0.001785672545241956, 'reg_lambda': 0.00016508489697089079, 'min_child_weight': 16, 'gamma': 0.006726374272487207, 'num_boost_round': 741}. Best is trial 8 with value: 0.7486313635200819.
# [I 2024-01-24 21:54:21,114] Trial 42 finished with value: 0.7450754668713226 and parameters: {'max_depth': 14, 'learning_rate': 0.05110858706697854, 'subsample': 0.7711985928652768, 'colsample_bytree': 0.94933747839719, 'reg_alpha': 0.0010542986476343643, 'reg_lambda': 0.16443412682096237, 'min_child_weight': 14, 'gamma': 0.2613996779264226, 'num_boost_round': 765}. Best is trial 8 with value: 0.7486313635200819.
# [I 2024-01-24 21:54:40,851] Trial 43 finished with value: 0.7475057559478128 and parameters: {'max_depth': 14, 'learning_rate': 0.1398688500710489, 'subsample': 0.7461729931507345, 'colsample_bytree': 0.8890608183243011, 'reg_alpha': 0.0034961630946490456, 'reg_lambda': 0.0009096809018425995, 'min_child_weight': 15, 'gamma': 0.2819971602678695, 'num_boost_round': 675}. Best is trial 8 with value: 0.7486313635200819.
# [I 2024-01-24 21:54:59,413] Trial 44 finished with value: 0.7456894346380148 and parameters: {'max_depth': 16, 'learning_rate': 0.07221356944139369, 'subsample': 0.8114108968331901, 'colsample_bytree': 0.9271580200041903, 'reg_alpha': 0.0005609800143902077, 'reg_lambda': 0.00015796129871853277, 'min_child_weight': 10, 'gamma': 0.18327250054759425, 'num_boost_round': 781}. Best is trial 8 with value: 0.7486313635200819.
# [I 2024-01-24 21:55:23,255] Trial 45 finished with value: 0.7423126119212075 and parameters: {'max_depth': 8, 'learning_rate': 0.15387163826918912, 'subsample': 0.8110804252345006, 'colsample_bytree': 0.8838554092452935, 'reg_alpha': 0.0002963223520492115, 'reg_lambda': 0.05543249744850973, 'min_child_weight': 15, 'gamma': 0.207043419970424, 'num_boost_round': 752}. Best is trial 8 with value: 0.7486313635200819.
# [I 2024-01-24 21:55:46,476] Trial 46 finished with value: 0.7465592223074955 and parameters: {'max_depth': 16, 'learning_rate': 0.05818571269642182, 'subsample': 0.8618910721048665, 'colsample_bytree': 0.8802238206831967, 'reg_alpha': 0.001163119439678197, 'reg_lambda': 0.00021051568495880478, 'min_child_weight': 14, 'gamma': 0.14259487620287906, 'num_boost_round': 628}. Best is trial 8 with value: 0.7486313635200819.
# [I 2024-01-24 21:56:03,826] Trial 47 finished with value: 0.7457661806088514 and parameters: {'max_depth': 17, 'learning_rate': 0.10443749038576663, 'subsample': 0.7486599359301223, 'colsample_bytree': 0.8759079309184388, 'reg_alpha': 0.0030089799214544715, 'reg_lambda': 0.02572891633010005, 'min_child_weight': 12, 'gamma': 0.22075592784502468, 'num_boost_round': 654}. Best is trial 8 with value: 0.7486313635200819.
# [I 2024-01-24 21:56:41,960] Trial 48 finished with value: 0.746968534151957 and parameters: {'max_depth': 19, 'learning_rate': 0.03652349525580237, 'subsample': 0.8487817100439106, 'colsample_bytree': 0.8745179073525019, 'reg_alpha': 0.0004057268707848495, 'reg_lambda': 0.005351108599413314, 'min_child_weight': 17, 'gamma': 0.1355896249445306, 'num_boost_round': 608}. Best is trial 8 with value: 0.7486313635200819.
# [I 2024-01-24 21:57:09,227] Trial 49 finished with value: 0.7437196213865438 and parameters: {'max_depth': 16, 'learning_rate': 0.03298203062517264, 'subsample': 0.729765363193762, 'colsample_bytree': 0.9054457749285626, 'reg_alpha': 0.00433981573131293, 'reg_lambda': 0.0003986621970451296, 'min_child_weight': 13, 'gamma': 0.2447628118011524, 'num_boost_round': 590}. Best is trial 8 with value: 0.7486313635200819.
# [I 2024-01-24 21:57:26,389] Trial 50 finished with value: 0.7453568687643899 and parameters: {'max_depth': 14, 'learning_rate': 0.08923876602289553, 'subsample': 0.8468282903311077, 'colsample_bytree': 0.8967005298439836, 'reg_alpha': 7.2348640620380185e-06, 'reg_lambda': 0.0015202046487991755, 'min_child_weight': 12, 'gamma': 0.09017622462823731, 'num_boost_round': 865}. Best is trial 8 with value: 0.7486313635200819.
