# [I 2024-01-28 21:26:44,454] Trial 149 finished with value: 0.7403461199012548 and parameters: {'max_depth': 18, 'learning_rate': 0.0735062142009309, 'subsample': 0.8354642415173482, 'colsample_bytree': 0.764273805375147, 'reg_alpha': 0.0008133703233414844, 'reg_lambda': 0.011810871596441588, 'min_child_weight': 13, 'gamma': 0.4101432590096702, 'num_boost_round': 722}. Best is trial 132 with value: 0.7412158964454278.
# [I 2024-01-28 21:27:14,949] Trial 150 finished with value: 0.7374170194804364 and parameters: {'max_depth': 15, 'learning_rate': 0.044485535386297695, 'subsample': 0.8815347869260177, 'colsample_bytree': 0.8019462134512524, 'reg_alpha': 0.007588524086874492, 'reg_lambda': 0.058612590672073084, 'min_child_weight': 7, 'gamma': 0.2579374650497859, 'num_boost_round': 624}. Best is trial 132 with value: 0.7412158964454278.
# [I 2024-01-28 21:27:49,746] Trial 151 finished with value: 0.7403717015643188 and parameters: {'max_depth': 19, 'learning_rate': 0.04752730751002023, 'subsample': 0.8025367481192962, 'colsample_bytree': 0.7399120968651525, 'reg_alpha': 0.00036555023829899216, 'reg_lambda': 0.17556957477485166, 'min_child_weight': 9, 'gamma': 0.3471893743734904, 'num_boost_round': 638}. Best is trial 132 with value: 0.7412158964454278.
# [I 2024-01-28 21:28:10,093] Trial 152 finished with value: 0.7386321484759724 and parameters: {'max_depth': 15, 'learning_rate': 0.07577654996761136, 'subsample': 0.8375896338325426, 'colsample_bytree': 0.771096245813897, 'reg_alpha': 0.1328333503340715, 'reg_lambda': 0.005980513547200213, 'min_child_weight': 10, 'gamma': 0.35007195893531745, 'num_boost_round': 749}. Best is trial 132 with value: 0.7412158964454278.
# [I 2024-01-28 21:28:31,843] Trial 153 finished with value: 0.73874726595976 and parameters: {'max_depth': 18, 'learning_rate': 0.07122808219222225, 'subsample': 0.8055478562461694, 'colsample_bytree': 0.7782616365944607, 'reg_alpha': 0.0011975843797417248, 'reg_lambda': 0.0071228312852982525, 'min_child_weight': 10, 'gamma': 0.42509931795521866, 'num_boost_round': 686}. Best is trial 132 with value: 0.7412158964454278.
# [I 2024-01-28 21:28:57,572] Trial 154 finished with value: 0.7398216958084445 and parameters: {'max_depth': 17, 'learning_rate': 0.07181014471373066, 'subsample': 0.8380015587008189, 'colsample_bytree': 0.78238797997396, 'reg_alpha': 0.00021071704618208644, 'reg_lambda': 0.012320081766672842, 'min_child_weight': 9, 'gamma': 0.34769556533824575, 'num_boost_round': 702}. Best is trial 132 with value: 0.7412158964454278.
# [I 2024-01-28 21:29:22,764] Trial 155 finished with value: 0.7394763433570817 and parameters: {'max_depth': 18, 'learning_rate': 0.05165383743749339, 'subsample': 0.8713987112033799, 'colsample_bytree': 0.7851290798918836, 'reg_alpha': 0.0011723703721884524, 'reg_lambda': 0.014726490365841283, 'min_child_weight': 11, 'gamma': 0.33123926791075164, 'num_boost_round': 670}. Best is trial 132 with value: 0.7412158964454278.
# [I 2024-01-28 21:29:32,098] Trial 156 finished with value: 0.7382612143615457 and parameters: {'max_depth': 16, 'learning_rate': 0.09134842707264144, 'subsample': 0.8812079919208646, 'colsample_bytree': 0.7298194475760577, 'reg_alpha': 0.0010372041102433593, 'reg_lambda': 0.009862719472082525, 'min_child_weight': 10, 'gamma': 0.3415233095932915, 'num_boost_round': 616}. Best is trial 132 with value: 0.7412158964454278.
# [I 2024-01-28 21:30:05,025] Trial 157 finished with value: 0.7406914723526177 and parameters: {'max_depth': 19, 'learning_rate': 0.05924350060530235, 'subsample': 0.8551929331941233, 'colsample_bytree': 0.7590298985672724, 'reg_alpha': 0.0027173981583811357, 'reg_lambda': 0.005492437747258826, 'min_child_weight': 9, 'gamma': 0.3500456877441397, 'num_boost_round': 776}. Best is trial 132 with value: 0.7412158964454278.
# [I 2024-01-28 21:30:34,723] Trial 158 finished with value: 0.7381844693723538 and parameters: {'max_depth': 18, 'learning_rate': 0.05518955882197876, 'subsample': 0.7789284182432207, 'colsample_bytree': 0.7917905208556517, 'reg_alpha': 0.0017239712442278497, 'reg_lambda': 0.0015775738784628705, 'min_child_weight': 9, 'gamma': 0.4098081792191709, 'num_boost_round': 752}. Best is trial 132 with value: 0.7412158964454278.
# [I 2024-01-28 21:30:56,636] Trial 159 finished with value: 0.7400903032706156 and parameters: {'max_depth': 16, 'learning_rate': 0.09374479440748673, 'subsample': 0.817800417259564, 'colsample_bytree': 0.7375694437271765, 'reg_alpha': 0.001871439427895779, 'reg_lambda': 0.0068157487014157535, 'min_child_weight': 10, 'gamma': 0.34785662878927265, 'num_boost_round': 694}. Best is trial 132 with value: 0.7412158964454278.
# [I 2024-01-28 21:31:20,889] Trial 160 finished with value: 0.7397577416507848 and parameters: {'max_depth': 16, 'learning_rate': 0.08920408274145523, 'subsample': 0.814718685443606, 'colsample_bytree': 0.7912484327321891, 'reg_alpha': 0.00040663544572600415, 'reg_lambda': 0.011628054765641509, 'min_child_weight': 13, 'gamma': 0.4142043690204054, 'num_boost_round': 792}. Best is trial 132 with value: 0.7412158964454278.
# [I 2024-01-28 21:31:51,252] Trial 161 finished with value: 0.7391309909057188 and parameters: {'max_depth': 18, 'learning_rate': 0.054964157252830916, 'subsample': 0.844628717034114, 'colsample_bytree': 0.7964121632711317, 'reg_alpha': 0.0018248897601635518, 'reg_lambda': 0.015282108409287357, 'min_child_weight': 11, 'gamma': 0.31406606490349437, 'num_boost_round': 738}. Best is trial 132 with value: 0.7412158964454278.
# [I 2024-01-28 21:32:19,286] Trial 162 finished with value: 0.7402437932489991 and parameters: {'max_depth': 19, 'learning_rate': 0.08096721523420325, 'subsample': 0.8757763441603699, 'colsample_bytree': 0.7622222641030925, 'reg_alpha': 0.007856969660552984, 'reg_lambda': 0.07897928951177151, 'min_child_weight': 13, 'gamma': 0.36123581237615976, 'num_boost_round': 756}. Best is trial 132 with value: 0.7412158964454278.
# [I 2024-01-28 21:32:46,189] Trial 163 finished with value: 0.7385426126552488 and parameters: {'max_depth': 15, 'learning_rate': 0.05686249317471478, 'subsample': 0.8525879652744901, 'colsample_bytree': 0.7254463042699196, 'reg_alpha': 0.0007644076839759278, 'reg_lambda': 0.004380164617156878, 'min_child_weight': 7, 'gamma': 0.37039631942381085, 'num_boost_round': 722}. Best is trial 132 with value: 0.7412158964454278.
# [I 2024-01-28 21:33:17,250] Trial 164 finished with value: 0.7393484350417621 and parameters: {'max_depth': 17, 'learning_rate': 0.05860429809934679, 'subsample': 0.8361892865612739, 'colsample_bytree': 0.7601395285639587, 'reg_alpha': 0.0008639006718637717, 'reg_lambda': 0.008264166199659752, 'min_child_weight': 7, 'gamma': 0.33342202079448086, 'num_boost_round': 791}. Best is trial 132 with value: 0.7412158964454278.
# [I 2024-01-28 21:33:51,630] Trial 165 finished with value: 0.7378007444263952 and parameters: {'max_depth': 18, 'learning_rate': 0.03958769866301606, 'subsample': 0.8001527914338395, 'colsample_bytree': 0.7685570197594777, 'reg_alpha': 0.0013427602020985765, 'reg_lambda': 0.007695683111178466, 'min_child_weight': 10, 'gamma': 0.31572540888524464, 'num_boost_round': 714}. Best is trial 132 with value: 0.7412158964454278.
# [I 2024-01-28 21:34:25,549] Trial 166 finished with value: 0.7400903032706156 and parameters: {'max_depth': 19, 'learning_rate': 0.04479287630913553, 'subsample': 0.8142503111479703, 'colsample_bytree': 0.7084469870964485, 'reg_alpha': 0.0014720766077700555, 'reg_lambda': 0.012796098162119537, 'min_child_weight': 6, 'gamma': 0.4189914448010901, 'num_boost_round': 773}. Best is trial 132 with value: 0.7412158964454278.
# [I 2024-01-28 21:34:41,241] Trial 167 finished with value: 0.7353065322776633 and parameters: {'max_depth': 17, 'learning_rate': 0.07148580124630523, 'subsample': 0.8272293447200125, 'colsample_bytree': 0.7772426143371184, 'reg_alpha': 0.0001198872934358209, 'reg_lambda': 0.01402212719531069, 'min_child_weight': 13, 'gamma': 0.4456060848985841, 'num_boost_round': 708}. Best is trial 132 with value: 0.7412158964454278.
# [I 2024-01-28 21:35:09,446] Trial 168 finished with value: 0.7406786815210857 and parameters: {'max_depth': 19, 'learning_rate': 0.06966318924979846, 'subsample': 0.8648028771197931, 'colsample_bytree': 0.7332562071094636, 'reg_alpha': 0.0013236796960182215, 'reg_lambda': 0.14490423066416877, 'min_child_weight': 6, 'gamma': 0.24293114076599404, 'num_boost_round': 669}. Best is trial 132 with value: 0.7412158964454278.
# [I 2024-01-28 21:35:30,294] Trial 169 finished with value: 0.7393868075363579 and parameters: {'max_depth': 19, 'learning_rate': 0.09112386064159818, 'subsample': 0.8193374723340504, 'colsample_bytree': 0.7299123533247136, 'reg_alpha': 0.00021085886882058583, 'reg_lambda': 0.06561407998912379, 'min_child_weight': 8, 'gamma': 0.38058550391839935, 'num_boost_round': 766}. Best is trial 132 with value: 0.7412158964454278.
# [I 2024-01-28 21:35:52,476] Trial 170 finished with value: 0.7392333175579744 and parameters: {'max_depth': 18, 'learning_rate': 0.09002539224501173, 'subsample': 0.8175978012140832, 'colsample_bytree': 0.7388017133074292, 'reg_alpha': 0.0013996707397637795, 'reg_lambda': 0.01750464648272813, 'min_child_weight': 11, 'gamma': 0.27411687321985745, 'num_boost_round': 725}. Best is trial 132 with value: 0.7412158964454278.
# [I 2024-01-28 21:36:17,911] Trial 171 finished with value: 0.7385937759813765 and parameters: {'max_depth': 20, 'learning_rate': 0.09313397004461361, 'subsample': 0.8491904177497568, 'colsample_bytree': 0.777087796069323, 'reg_alpha': 0.0003991127815653606, 'reg_lambda': 0.12881473589150708, 'min_child_weight': 6, 'gamma': 0.3095691331428593, 'num_boost_round': 662}. Best is trial 132 with value: 0.7412158964454278.
# [I 2024-01-28 21:36:55,108] Trial 172 finished with value: 0.7402949565751269 and parameters: {'max_depth': 20, 'learning_rate': 0.04736600155147438, 'subsample': 0.893099118790158, 'colsample_bytree': 0.7521921854899021, 'reg_alpha': 0.0003002598682087702, 'reg_lambda': 0.02541020485835421, 'min_child_weight': 9, 'gamma': 0.2775432369937858, 'num_boost_round': 722}. Best is trial 132 with value: 0.7412158964454278.
# [I 2024-01-28 21:37:25,279] Trial 173 finished with value: 0.7400775124390837 and parameters: {'max_depth': 20, 'learning_rate': 0.06091872923247813, 'subsample': 0.8318479602801664, 'colsample_bytree': 0.714209549066196, 'reg_alpha': 0.00019955655719379302, 'reg_lambda': 0.020375199277293976, 'min_child_weight': 6, 'gamma': 0.3294932896012628, 'num_boost_round': 707}. Best is trial 132 with value: 0.7412158964454278.
# [I 2024-01-28 21:37:54,269] Trial 174 finished with value: 0.7403205382381909 and parameters: {'max_depth': 19, 'learning_rate': 0.06899334746783974, 'subsample': 0.8731430260533621, 'colsample_bytree': 0.7537000069918993, 'reg_alpha': 0.0027223477672084152, 'reg_lambda': 0.025341879441617123, 'min_child_weight': 12, 'gamma': 0.34628802094989214, 'num_boost_round': 694}. Best is trial 132 with value: 0.7412158964454278.
# [I 2024-01-28 21:38:18,437] Trial 175 finished with value: 0.7392972717156343 and parameters: {'max_depth': 18, 'learning_rate': 0.08646702355751795, 'subsample': 0.8176675109381744, 'colsample_bytree': 0.7491433302151519, 'reg_alpha': 0.0013894768627675251, 'reg_lambda': 0.04722321598018345, 'min_child_weight': 9, 'gamma': 0.3547127337899002, 'num_boost_round': 750}. Best is trial 132 with value: 0.7412158964454278.
# [I 2024-01-28 21:38:43,617] Trial 176 finished with value: 0.7396426241669971 and parameters: {'max_depth': 19, 'learning_rate': 0.07562576840667788, 'subsample': 0.8443917232239017, 'colsample_bytree': 0.7284448041707949, 'reg_alpha': 0.001704457690272947, 'reg_lambda': 0.10174109255163905, 'min_child_weight': 8, 'gamma': 0.3647267625296158, 'num_boost_round': 693}. Best is trial 132 with value: 0.7412158964454278.
# [I 2024-01-28 21:39:09,442] Trial 177 finished with value: 0.7392333175579744 and parameters: {'max_depth': 18, 'learning_rate': 0.06854668369363538, 'subsample': 0.8454202322528929, 'colsample_bytree': 0.7740964378990003, 'reg_alpha': 0.0037242293924719784, 'reg_lambda': 0.03825113336284655, 'min_child_weight': 8, 'gamma': 0.3402213014099263, 'num_boost_round': 737}. Best is trial 132 with value: 0.7412158964454278.
# [I 2024-01-28 21:39:39,737] Trial 178 finished with value: 0.7408321714994692 and parameters: {'max_depth': 16, 'learning_rate': 0.06995095344838276, 'subsample': 0.8253528629452053, 'colsample_bytree': 0.7625425070070433, 'reg_alpha': 0.0026348130076568987, 'reg_lambda': 0.06020652382012015, 'min_child_weight': 12, 'gamma': 0.3503296912267191, 'num_boost_round': 665}. Best is trial 132 with value: 0.7412158964454278.
# [I 2024-01-28 21:40:06,056] Trial 179 finished with value: 0.7392205267264425 and parameters: {'max_depth': 17, 'learning_rate': 0.06359396716614919, 'subsample': 0.84320630362826, 'colsample_bytree': 0.7627083210475925, 'reg_alpha': 0.0006715531189066783, 'reg_lambda': 0.04662776812678407, 'min_child_weight': 8, 'gamma': 0.3245682580472107, 'num_boost_round': 768}. Best is trial 132 with value: 0.7412158964454278.
# [I 2024-01-28 21:40:39,519] Trial 180 finished with value: 0.7401030941021476 and parameters: {'max_depth': 19, 'learning_rate': 0.07779689541310082, 'subsample': 0.8528845452989141, 'colsample_bytree': 0.7063468771494744, 'reg_alpha': 0.003942306802507734, 'reg_lambda': 0.03185660145946553, 'min_child_weight': 5, 'gamma': 0.3371315407733467, 'num_boost_round': 649}. Best is trial 132 with value: 0.7412158964454278.
# [I 2024-01-28 21:41:12,264] Trial 181 finished with value: 0.7409472889832568 and parameters: {'max_depth': 18, 'learning_rate': 0.06168056632024283, 'subsample': 0.8841461392812814, 'colsample_bytree': 0.7342270820261512, 'reg_alpha': 0.01211332478174504, 'reg_lambda': 0.003558453819436312, 'min_child_weight': 12, 'gamma': 0.336250637426218, 'num_boost_round': 517}. Best is trial 132 with value: 0.7412158964454278.
# [I 2024-01-28 21:41:43,260] Trial 182 finished with value: 0.7398344866399764 and parameters: {'max_depth': 18, 'learning_rate': 0.06948990772344667, 'subsample': 0.8671637108349215, 'colsample_bytree': 0.770439391776394, 'reg_alpha': 0.0026809007958456207, 'reg_lambda': 0.0341964313689935, 'min_child_weight': 12, 'gamma': 0.3093468029454999, 'num_boost_round': 642}. Best is trial 132 with value: 0.7412158964454278.
# [I 2024-01-28 21:42:15,400] Trial 183 finished with value: 0.7409984523093847 and parameters: {'max_depth': 18, 'learning_rate': 0.07111172954745441, 'subsample': 0.8296304545380478, 'colsample_bytree': 0.7142802387066199, 'reg_alpha': 0.0013903131055939472, 'reg_lambda': 0.007879991873551153, 'min_child_weight': 8, 'gamma': 0.28261299947117163, 'num_boost_round': 667}. Best is trial 132 with value: 0.7412158964454278.
# [I 2024-01-28 21:43:09,368] Trial 184 finished with value: 0.7404868190481063 and parameters: {'max_depth': 20, 'learning_rate': 0.039062039482351034, 'subsample': 0.9265006519810329, 'colsample_bytree': 0.7757603292683252, 'reg_alpha': 0.0007981396820697256, 'reg_lambda': 0.025309241311242233, 'min_child_weight': 12, 'gamma': 0.33641598435925235, 'num_boost_round': 571}. Best is trial 132 with value: 0.7412158964454278.
# [I 2024-01-28 21:43:39,556] Trial 185 finished with value: 0.7404996098796383 and parameters: {'max_depth': 17, 'learning_rate': 0.07768661493693249, 'subsample': 0.848826852592834, 'colsample_bytree': 0.7763762006654032, 'reg_alpha': 0.027615232584105386, 'reg_lambda': 0.0747262174162486, 'min_child_weight': 9, 'gamma': 0.3142678347602135, 'num_boost_round': 608}. Best is trial 132 with value: 0.7412158964454278.