# [I 2024-01-17 20:00:59,326] Trial 307 finished with value: 0.7493988232284472 and parameters: {'max_depth': 19, 'learning_rate': 0.0660892923715711, 'subsample': 0.7393758073175873, 'colsample_bytree': 0.7426112704205475, 'reg_alpha': 0.0013241041059833699, 'reg_lambda': 0.0007411352246982924, 'min_child_weight': 14, 'gamma': 0.13824778570583995, 'num_boost_round': 757}. Best is trial 304 with value: 0.7502686108979278.
# [I 2024-01-17 20:01:13,284] Trial 308 finished with value: 0.7461243284727552 and parameters: {'max_depth': 19, 'learning_rate': 0.06443733284208468, 'subsample': 0.7387148834708026, 'colsample_bytree': 0.719396659078533, 'reg_alpha': 0.0008884090994155632, 'reg_lambda': 0.0005142123469168391, 'min_child_weight': 12, 'gamma': 0.10416420491927011, 'num_boost_round': 717}. Best is trial 304 with value: 0.7502686108979278.
# [I 2024-01-17 20:01:28,515] Trial 309 finished with value: 0.7501151189562548 and parameters: {'max_depth': 17, 'learning_rate': 0.0761497862616922, 'subsample': 0.7763736187521264, 'colsample_bytree': 0.7038665848548573, 'reg_alpha': 0.004583407305595706, 'reg_lambda': 0.0011016727134014232, 'min_child_weight': 13, 'gamma': 0.09512588652957624, 'num_boost_round': 760}. Best is trial 304 with value: 0.7502686108979278.
# [I 2024-01-17 20:01:42,369] Trial 310 finished with value: 0.7484778715784088 and parameters: {'max_depth': 18, 'learning_rate': 0.07396863306298408, 'subsample': 0.7597384461708788, 'colsample_bytree': 0.7416391815187943, 'reg_alpha': 0.0028634875413465857, 'reg_lambda': 0.0009169693923458379, 'min_child_weight': 12, 'gamma': 0.10693115927839762, 'num_boost_round': 735}. Best is trial 304 with value: 0.7502686108979278.
# [I 2024-01-17 20:01:56,478] Trial 311 finished with value: 0.7472243540547454 and parameters: {'max_depth': 18, 'learning_rate': 0.07953511413624668, 'subsample': 0.7629849961843951, 'colsample_bytree': 0.7269989029478386, 'reg_alpha': 0.005862521271177328, 'reg_lambda': 0.00023396971896880845, 'min_child_weight': 12, 'gamma': 0.09145806725045656, 'num_boost_round': 759}. Best is trial 304 with value: 0.7502686108979278.
# [I 2024-01-17 20:02:14,171] Trial 312 finished with value: 0.7475825019186493 and parameters: {'max_depth': 18, 'learning_rate': 0.05176077180526631, 'subsample': 0.7713080856564944, 'colsample_bytree': 0.7280201018495323, 'reg_alpha': 0.0014170835983234598, 'reg_lambda': 0.001124805260222849, 'min_child_weight': 13, 'gamma': 0.11848266600468849, 'num_boost_round': 695}. Best is trial 304 with value: 0.7502686108979278.
# [I 2024-01-17 20:02:36,265] Trial 313 finished with value: 0.7500127909951394 and parameters: {'max_depth': 19, 'learning_rate': 0.06078283986984344, 'subsample': 0.7958297049199251, 'colsample_bytree': 0.7011568493050225, 'reg_alpha': 0.0019733164597792977, 'reg_lambda': 0.000629158609142976, 'min_child_weight': 11, 'gamma': 0.1272710071565835, 'num_boost_round': 748}. Best is trial 304 with value: 0.7502686108979278.
# [I 2024-01-17 20:02:47,483] Trial 314 finished with value: 0.7475569199283705 and parameters: {'max_depth': 16, 'learning_rate': 0.09426467503490112, 'subsample': 0.7885033701818853, 'colsample_bytree': 0.7172282336765087, 'reg_alpha': 0.0018069890666674731, 'reg_lambda': 0.0005188219839022052, 'min_child_weight': 10, 'gamma': 0.11071496139535726, 'num_boost_round': 648}. Best is trial 304 with value: 0.7502686108979278.
# [I 2024-01-17 20:03:00,579] Trial 315 finished with value: 0.7490406753645433 and parameters: {'max_depth': 17, 'learning_rate': 0.08096070195799301, 'subsample': 0.7575324548295819, 'colsample_bytree': 0.7318811305510999, 'reg_alpha': 0.002414617901659516, 'reg_lambda': 0.0005435001962692064, 'min_child_weight': 12, 'gamma': 0.09543696774132795, 'num_boost_round': 727}. Best is trial 304 with value: 0.7502686108979278.
# [I 2024-01-17 20:03:15,873] Trial 316 finished with value: 0.7476848298797647 and parameters: {'max_depth': 19, 'learning_rate': 0.06713715661116798, 'subsample': 0.7654080815784058, 'colsample_bytree': 0.7265641189243001, 'reg_alpha': 0.0019984226013280144, 'reg_lambda': 0.003196203474299331, 'min_child_weight': 12, 'gamma': 0.046331858479685364, 'num_boost_round': 699}. Best is trial 304 with value: 0.7502686108979278.
# [I 2024-01-17 20:03:26,722] Trial 317 finished with value: 0.748119723714505 and parameters: {'max_depth': 17, 'learning_rate': 0.10287789489635979, 'subsample': 0.7679206359719166, 'colsample_bytree': 0.7284178612068554, 'reg_alpha': 0.013996907295220008, 'reg_lambda': 9.734319031420925e-05, 'min_child_weight': 13, 'gamma': 0.11803433626400299, 'num_boost_round': 710}. Best is trial 304 with value: 0.7502686108979278.
# [I 2024-01-17 20:03:39,871] Trial 318 finished with value: 0.7469173701713994 and parameters: {'max_depth': 18, 'learning_rate': 0.07958174224870913, 'subsample': 0.7456199592043671, 'colsample_bytree': 0.7279665245464959, 'reg_alpha': 0.0024144700687332675, 'reg_lambda': 0.00035586241488136204, 'min_child_weight': 13, 'gamma': 0.11736896892410781, 'num_boost_round': 737}. Best is trial 304 with value: 0.7502686108979278.
# [I 2024-01-17 20:03:50,789] Trial 319 finished with value: 0.7485801995395241 and parameters: {'max_depth': 18, 'learning_rate': 0.09162466652163584, 'subsample': 0.7444074193954036, 'colsample_bytree': 0.7231671068913862, 'reg_alpha': 0.0009080164964257616, 'reg_lambda': 0.00041362356885411914, 'min_child_weight': 11, 'gamma': 0.051190284512000334, 'num_boost_round': 652}. Best is trial 304 with value: 0.7502686108979278.
# [I 2024-01-17 20:04:02,422] Trial 320 finished with value: 0.7478127398311589 and parameters: {'max_depth': 19, 'learning_rate': 0.08344873340680234, 'subsample': 0.7681342198376264, 'colsample_bytree': 0.748666521760503, 'reg_alpha': 0.0022636195051260175, 'reg_lambda': 0.0018135099335460213, 'min_child_weight': 14, 'gamma': 0.10075124559649645, 'num_boost_round': 727}. Best is trial 304 with value: 0.7502686108979278.
# [I 2024-01-17 20:04:16,606] Trial 321 finished with value: 0.7486313635200819 and parameters: {'max_depth': 18, 'learning_rate': 0.07237599452363185, 'subsample': 0.7881683382842621, 'colsample_bytree': 0.7294407462921194, 'reg_alpha': 0.002673247709040754, 'reg_lambda': 0.0019488673399397328, 'min_child_weight': 12, 'gamma': 0.11030021438552971, 'num_boost_round': 716}. Best is trial 304 with value: 0.7502686108979278.
# [I 2024-01-17 20:04:31,313] Trial 322 finished with value: 0.7486313635200819 and parameters: {'max_depth': 17, 'learning_rate': 0.07686369546642594, 'subsample': 0.7574972825645698, 'colsample_bytree': 0.7379183312546115, 'reg_alpha': 0.0009965064782817923, 'reg_lambda': 0.002247523625220233, 'min_child_weight': 12, 'gamma': 0.05510425798529926, 'num_boost_round': 690}. Best is trial 304 with value: 0.7502686108979278.
# [I 2024-01-17 20:04:48,251] Trial 323 finished with value: 0.7498081350729087 and parameters: {'max_depth': 19, 'learning_rate': 0.07332298381390014, 'subsample': 0.7881375852500588, 'colsample_bytree': 0.7346701376947136, 'reg_alpha': 0.0014699493880009737, 'reg_lambda': 0.0006345696972648484, 'min_child_weight': 10, 'gamma': 0.12066893076448276, 'num_boost_round': 736}. Best is trial 304 with value: 0.7502686108979278.
# [I 2024-01-17 20:05:00,546] Trial 324 finished with value: 0.7475569199283705 and parameters: {'max_depth': 18, 'learning_rate': 0.07450004188334276, 'subsample': 0.7852338412664498, 'colsample_bytree': 0.7040489792365224, 'reg_alpha': 0.0029098901646356944, 'reg_lambda': 0.000424465449033639, 'min_child_weight': 11, 'gamma': 0.09253773672014459, 'num_boost_round': 721}. Best is trial 304 with value: 0.7502686108979278.
# [I 2024-01-17 20:05:16,690] Trial 325 finished with value: 0.7492964952673318 and parameters: {'max_depth': 18, 'learning_rate': 0.06595974461984337, 'subsample': 0.767602198200474, 'colsample_bytree': 0.7247397820090161, 'reg_alpha': 0.005788001141456112, 'reg_lambda': 0.0012990407832573507, 'min_child_weight': 14, 'gamma': 0.11654938526294162, 'num_boost_round': 746}. Best is trial 304 with value: 0.7502686108979278.
# [I 2024-01-17 20:05:29,936] Trial 326 finished with value: 0.7480685597339474 and parameters: {'max_depth': 17, 'learning_rate': 0.07838077555762125, 'subsample': 0.7807892045121703, 'colsample_bytree': 0.738559115683672, 'reg_alpha': 0.0016345826784328508, 'reg_lambda': 0.0004233969947555834, 'min_child_weight': 11, 'gamma': 0.09671817138403749, 'num_boost_round': 654}. Best is trial 304 with value: 0.7502686108979278.
# [I 2024-01-17 20:05:44,510] Trial 327 finished with value: 0.7483243796367358 and parameters: {'max_depth': 17, 'learning_rate': 0.07390932088072256, 'subsample': 0.7608411993898859, 'colsample_bytree': 0.7195207799627117, 'reg_alpha': 0.0019489403916965091, 'reg_lambda': 0.0004373435394470034, 'min_child_weight': 11, 'gamma': 0.10893554615210342, 'num_boost_round': 718}. Best is trial 304 with value: 0.7502686108979278.
# [I 2024-01-17 20:06:00,155] Trial 328 finished with value: 0.7480941417242262 and parameters: {'max_depth': 17, 'learning_rate': 0.06888715828978172, 'subsample': 0.786955909923283, 'colsample_bytree': 0.7602618128611462, 'reg_alpha': 0.0035878062263646126, 'reg_lambda': 0.00024954665872102864, 'min_child_weight': 12, 'gamma': 0.11262505909746927, 'num_boost_round': 719}. Best is trial 304 with value: 0.7502686108979278.
# [I 2024-01-17 20:06:18,635] Trial 329 finished with value: 0.7493732412381684 and parameters: {'max_depth': 19, 'learning_rate': 0.06657641581331801, 'subsample': 0.7751472995141626, 'colsample_bytree': 0.7173537721568819, 'reg_alpha': 0.0023262701636881135, 'reg_lambda': 0.000546029146833659, 'min_child_weight': 12, 'gamma': 0.13284816029633806, 'num_boost_round': 753}. Best is trial 304 with value: 0.7502686108979278.
# [I 2024-01-17 20:06:29,198] Trial 330 finished with value: 0.7478639038117165 and parameters: {'max_depth': 17, 'learning_rate': 0.10193379782886175, 'subsample': 0.7459861363441833, 'colsample_bytree': 0.720358615050057, 'reg_alpha': 0.0023076329376850494, 'reg_lambda': 0.0008688405198929803, 'min_child_weight': 11, 'gamma': 0.09530977989758876, 'num_boost_round': 732}. Best is trial 304 with value: 0.7502686108979278.
# [I 2024-01-17 20:06:47,201] Trial 331 finished with value: 0.7484267075978511 and parameters: {'max_depth': 19, 'learning_rate': 0.07310091246481047, 'subsample': 0.7970694051015434, 'colsample_bytree': 0.735550262966186, 'reg_alpha': 0.0006339047916662533, 'reg_lambda': 0.001322443347012064, 'min_child_weight': 10, 'gamma': 0.1005626078032676, 'num_boost_round': 712}. Best is trial 304 with value: 0.7502686108979278.
# [I 2024-01-17 20:07:00,528] Trial 332 finished with value: 0.7483499616270146 and parameters: {'max_depth': 18, 'learning_rate': 0.07568512597388384, 'subsample': 0.7834153309083546, 'colsample_bytree': 0.7225506967086713, 'reg_alpha': 0.0007925761092861362, 'reg_lambda': 0.0011914297441627246, 'min_child_weight': 11, 'gamma': 0.13462719399325146, 'num_boost_round': 754}. Best is trial 304 with value: 0.7502686108979278.
# [I 2024-01-17 20:07:16,264] Trial 333 finished with value: 0.7487848554617549 and parameters: {'max_depth': 19, 'learning_rate': 0.06544338851471916, 'subsample': 0.7809662454963371, 'colsample_bytree': 0.7284661498985386, 'reg_alpha': 0.0025846013497919655, 'reg_lambda': 0.0016032810627204209, 'min_child_weight': 12, 'gamma': 0.114467491057572, 'num_boost_round': 741}. Best is trial 304 with value: 0.7502686108979278.
# [I 2024-01-17 20:07:28,224] Trial 334 finished with value: 0.7476848298797647 and parameters: {'max_depth': 19, 'learning_rate': 0.07699111442205002, 'subsample': 0.7756620304777233, 'colsample_bytree': 0.713566752528927, 'reg_alpha': 0.004122859997573378, 'reg_lambda': 0.0003172096895549913, 'min_child_weight': 12, 'gamma': 0.11727970947598146, 'num_boost_round': 719}. Best is trial 304 with value: 0.7502686108979278.
# [I 2024-01-17 20:07:38,422] Trial 335 finished with value: 0.7486057815298031 and parameters: {'max_depth': 18, 'learning_rate': 0.09612123107552839, 'subsample': 0.7832690710931196, 'colsample_bytree': 0.7331451060843444, 'reg_alpha': 0.0010095296327333767, 'reg_lambda': 0.0008466515584795539, 'min_child_weight': 13, 'gamma': 0.11705996349743064, 'num_boost_round': 701}. Best is trial 304 with value: 0.7502686108979278.
# [I 2024-01-17 20:07:52,317] Trial 336 finished with value: 0.7467638782297263 and parameters: {'max_depth': 18, 'learning_rate': 0.06774003419462876, 'subsample': 0.7927579080617877, 'colsample_bytree': 0.742847017779897, 'reg_alpha': 0.0017010996979975083, 'reg_lambda': 0.0011951404958312308, 'min_child_weight': 11, 'gamma': 0.12135482810149914, 'num_boost_round': 695}. Best is trial 304 with value: 0.7502686108979278.
# [I 2024-01-17 20:08:07,985] Trial 337 finished with value: 0.7475313379380916 and parameters: {'max_depth': 19, 'learning_rate': 0.06488178097928411, 'subsample': 0.7805045375825037, 'colsample_bytree': 0.7361122119515198, 'reg_alpha': 0.0012049109811701625, 'reg_lambda': 0.0016406127296734667, 'min_child_weight': 12, 'gamma': 0.11530884330143773, 'num_boost_round': 688}. Best is trial 304 with value: 0.7502686108979278.
# [I 2024-01-17 20:08:26,092] Trial 338 finished with value: 0.749091839345101 and parameters: {'max_depth': 19, 'learning_rate': 0.05460635370799899, 'subsample': 0.7984295215412558, 'colsample_bytree': 0.7259386754828445, 'reg_alpha': 0.0022305882542098354, 'reg_lambda': 0.004258753607296965, 'min_child_weight': 12, 'gamma': 0.1289943582543116, 'num_boost_round': 759}. Best is trial 304 with value: 0.7502686108979278.
# [I 2024-01-17 20:08:39,885] Trial 339 finished with value: 0.7484267075978511 and parameters: {'max_depth': 18, 'learning_rate': 0.0779484112427218, 'subsample': 0.784917174983177, 'colsample_bytree': 0.712564595371328, 'reg_alpha': 0.002253542089393095, 'reg_lambda': 0.0010880212571192799, 'min_child_weight': 12, 'gamma': 0.10917254307175353, 'num_boost_round': 729}. Best is trial 304 with value: 0.7502686108979278.
# [I 2024-01-17 20:08:54,168] Trial 340 finished with value: 0.7491941673062164 and parameters: {'max_depth': 18, 'learning_rate': 0.06787088363774078, 'subsample': 0.7901779921147105, 'colsample_bytree': 0.7128594132150762, 'reg_alpha': 0.0020556115731687774, 'reg_lambda': 0.001277753451246676, 'min_child_weight': 11, 'gamma': 0.1372155119267766, 'num_boost_round': 743}. Best is trial 304 with value: 0.7502686108979278.
# [I 2024-01-17 20:09:12,847] Trial 341 finished with value: 0.7484267075978511 and parameters: {'max_depth': 19, 'learning_rate': 0.050952783976996666, 'subsample': 0.8020953611388899, 'colsample_bytree': 0.7059597690638113, 'reg_alpha': 0.002269844019797168, 'reg_lambda': 0.0037878793976394835, 'min_child_weight': 12, 'gamma': 0.14641400764593906, 'num_boost_round': 817}. Best is trial 304 with value: 0.7502686108979278.
# [I 2024-01-17 20:09:29,301] Trial 342 finished with value: 0.748119723714505 and parameters: {'max_depth': 19, 'learning_rate': 0.0717984018341671, 'subsample': 0.798999068737521, 'colsample_bytree': 0.7184954250583602, 'reg_alpha': 0.0026900273331597947, 'reg_lambda': 0.0007923292238090586, 'min_child_weight': 14, 'gamma': 0.14425115708047986, 'num_boost_round': 784}. Best is trial 304 with value: 0.7502686108979278.
# [I 2024-01-17 20:09:46,152] Trial 343 finished with value: 0.747147608083909 and parameters: {'max_depth': 19, 'learning_rate': 0.059843951059451256, 'subsample': 0.8085741830748834, 'colsample_bytree': 0.7359025766013546, 'reg_alpha': 0.0022724747712100286, 'reg_lambda': 0.0008845233056329365, 'min_child_weight': 13, 'gamma': 0.15000620551698157, 'num_boost_round': 741}. Best is trial 304 with value: 0.7502686108979278.
# [I 2024-01-17 20:10:03,174] Trial 344 finished with value: 0.7499104630340241 and parameters: {'max_depth': 18, 'learning_rate': 0.06496646789947771, 'subsample': 0.7852873090607162, 'colsample_bytree': 0.7285060899830896, 'reg_alpha': 0.00397800875836161, 'reg_lambda': 0.002727293235677279, 'min_child_weight': 13, 'gamma': 0.09882779076710013, 'num_boost_round': 757}. Best is trial 304 with value: 0.7502686108979278.
# [I 2024-01-17 20:10:19,195] Trial 345 finished with value: 0.7489383474034279 and parameters: {'max_depth': 18, 'learning_rate': 0.06289758225427464, 'subsample': 0.7929002132189078, 'colsample_bytree': 0.7120488829733708, 'reg_alpha': 0.001146079258079264, 'reg_lambda': 0.004675297124587282, 'min_child_weight': 12, 'gamma': 0.13350342394468132, 'num_boost_round': 740}. Best is trial 304 with value: 0.7502686108979278.
# [I 2024-01-17 20:10:30,358] Trial 346 finished with value: 0.7444103351240727 and parameters: {'max_depth': 19, 'learning_rate': 0.059927606610396596, 'subsample': 0.7863904430821039, 'colsample_bytree': 0.7442751146108861, 'reg_alpha': 0.0022305217877552647, 'reg_lambda': 0.001118858547634338, 'min_child_weight': 11, 'gamma': 0.11149344735166604, 'num_boost_round': 727}. Best is trial 304 with value: 0.7502686108979278.
# [I 2024-01-17 20:10:44,291] Trial 347 finished with value: 0.7482220516756204 and parameters: {'max_depth': 19, 'learning_rate': 0.07636108861438529, 'subsample': 0.7761543952879169, 'colsample_bytree': 0.7111302384061794, 'reg_alpha': 0.0024501549998357753, 'reg_lambda': 0.007182007202100683, 'min_child_weight': 12, 'gamma': 0.13593135594176758, 'num_boost_round': 744}. Best is trial 304 with value: 0.7502686108979278.
# [I 2024-01-17 20:10:58,137] Trial 348 finished with value: 0.748273215656178 and parameters: {'max_depth': 18, 'learning_rate': 0.07894088741172116, 'subsample': 0.785002854534529, 'colsample_bytree': 0.7150766721579889, 'reg_alpha': 0.000971169414625095, 'reg_lambda': 0.004324815538825875, 'min_child_weight': 12, 'gamma': 0.09995507880054699, 'num_boost_round': 714}. Best is trial 304 with value: 0.7502686108979278.
# [I 2024-01-17 20:11:17,518] Trial 349 finished with value: 0.749091839345101 and parameters: {'max_depth': 19, 'learning_rate': 0.05975458861517268, 'subsample': 0.794052566159527, 'colsample_bytree': 0.7211806031574491, 'reg_alpha': 0.0013740648497622648, 'reg_lambda': 0.001056780753316581, 'min_child_weight': 12, 'gamma': 0.15714593053881482, 'num_boost_round': 750}. Best is trial 304 with value: 0.7502686108979278.
# [I 2024-01-17 20:11:32,641] Trial 350 finished with value: 0.7486313635200819 and parameters: {'max_depth': 19, 'learning_rate': 0.06411712884922292, 'subsample': 0.7930011298287775, 'colsample_bytree': 0.7241011445565781, 'reg_alpha': 0.000614360558890839, 'reg_lambda': 0.006064333403036189, 'min_child_weight': 14, 'gamma': 0.12627744393371867, 'num_boost_round': 765}. Best is trial 304 with value: 0.7502686108979278.
# [I 2024-01-17 20:11:47,340] Trial 351 finished with value: 0.7468150422102839 and parameters: {'max_depth': 18, 'learning_rate': 0.05445880879653325, 'subsample': 0.8066803631735717, 'colsample_bytree': 0.7397762669855934, 'reg_alpha': 0.0006963544360377296, 'reg_lambda': 0.002084140487680761, 'min_child_weight': 13, 'gamma': 0.12666674268127953, 'num_boost_round': 765}. Best is trial 304 with value: 0.7502686108979278.
# [I 2024-01-17 20:12:05,429] Trial 352 finished with value: 0.7483755436172934 and parameters: {'max_depth': 18, 'learning_rate': 0.05712738604382418, 'subsample': 0.781986863906918, 'colsample_bytree': 0.7439975375471853, 'reg_alpha': 0.0024797197669272613, 'reg_lambda': 0.0041331496027772145, 'min_child_weight': 13, 'gamma': 0.12118436729716578, 'num_boost_round': 769}. Best is trial 304 with value: 0.7502686108979278.
# [I 2024-01-17 20:12:22,614] Trial 353 finished with value: 0.7499360450243029 and parameters: {'max_depth': 18, 'learning_rate': 0.06424545780903909, 'subsample': 0.7936589314761437, 'colsample_bytree': 0.7094674554561095, 'reg_alpha': 0.0017687487678964477, 'reg_lambda': 0.0010813632358615173, 'min_child_weight': 13, 'gamma': 0.14257502456974594, 'num_boost_round': 749}. Best is trial 304 with value: 0.7502686108979278.
# [I 2024-01-17 20:12:37,027] Trial 354 finished with value: 0.7483499616270146 and parameters: {'max_depth': 18, 'learning_rate': 0.07753387890598037, 'subsample': 0.7990782633073232, 'colsample_bytree': 0.7111194399682566, 'reg_alpha': 0.006409480574692182, 'reg_lambda': 0.0006928065787968766, 'min_child_weight': 11, 'gamma': 0.11582871741153095, 'num_boost_round': 754}. Best is trial 304 with value: 0.7502686108979278.
# [I 2024-01-17 20:12:56,637] Trial 355 finished with value: 0.74911742133538 and parameters: {'max_depth': 19, 'learning_rate': 0.06364503049641336, 'subsample': 0.7774857712041812, 'colsample_bytree': 0.7271505380203447, 'reg_alpha': 0.0013469993718687738, 'reg_lambda': 0.0035163959275481328, 'min_child_weight': 13, 'gamma': 0.08342326713575383, 'num_boost_round': 731}. Best is trial 304 with value: 0.7502686108979278.
# [I 2024-01-17 20:13:12,571] Trial 356 finished with value: 0.7469173701713994 and parameters: {'max_depth': 18, 'learning_rate': 0.05938729166034534, 'subsample': 0.7808022867068192, 'colsample_bytree': 0.720352513305598, 'reg_alpha': 0.0017123219406256682, 'reg_lambda': 0.0037772041893724263, 'min_child_weight': 13, 'gamma': 0.09498626694194241, 'num_boost_round': 704}. Best is trial 304 with value: 0.7502686108979278.
# [I 2024-01-17 20:13:27,492] Trial 357 finished with value: 0.7479406497825531 and parameters: {'max_depth': 19, 'learning_rate': 0.05950939566352153, 'subsample': 0.7883891392157445, 'colsample_bytree': 0.707796498650678, 'reg_alpha': 0.0019097496817728776, 'reg_lambda': 0.0023469004074683966, 'min_child_weight': 13, 'gamma': 0.1500943975832455, 'num_boost_round': 761}. Best is trial 304 with value: 0.7502686108979278.
