# [I 2024-01-24 18:28:31,113] A new study created in memory with name: no-name-cd1464ca-1245-471c-b746-1cc9e8577b68
# [I 2024-01-24 18:28:32,787] Trial 0 finished with value: 0.6986441545152213 and parameters: {'max_depth': 10, 'learning_rate': 0.008103727247535905, 'subsample': 0.8108988315582805, 'colsample_bytree': 0.7660793327547557, 'reg_alpha': 0.0015799277846497255, 'reg_lambda': 1.4528422904584343e-05, 'min_child_weight': 8, 'gamma': 0.43027325510319603, 'num_boost_round': 667}. Best is trial 0 with value: 0.6986441545152213.
# [I 2024-01-24 18:29:04,969] Trial 1 finished with value: 0.7400102327961116 and parameters: {'max_depth': 258, 'learning_rate': 0.005012330912828789, 'subsample': 0.9202908414384935, 'colsample_bytree': 0.7365160864715138, 'reg_alpha': 0.006010796307503335, 'reg_lambda': 3.5044082011539404e-05, 'min_child_weight': 14, 'gamma': 0.02705993375757393, 'num_boost_round': 783}. Best is trial 1 with value: 0.7400102327961116.
# [I 2024-01-24 18:29:16,780] Trial 2 finished with value: 0.7354310565361986 and parameters: {'max_depth': 50, 'learning_rate': 0.010167774297009907, 'subsample': 0.8280181814684495, 'colsample_bytree': 0.7976713785608419, 'reg_alpha': 3.6101112352656958e-06, 'reg_lambda': 0.3390624336493044, 'min_child_weight': 20, 'gamma': 0.3813806571961771, 'num_boost_round': 487}. Best is trial 1 with value: 0.7400102327961116.
# [I 2024-01-24 18:29:25,170] Trial 3 finished with value: 0.7468662061908417 and parameters: {'max_depth': 31, 'learning_rate': 0.12055672817408694, 'subsample': 0.8638555911396162, 'colsample_bytree': 0.7180567614011822, 'reg_alpha': 0.0016373991806191643, 'reg_lambda': 0.0002762279647358045, 'min_child_weight': 17, 'gamma': 0.374002940116083, 'num_boost_round': 726}. Best is trial 3 with value: 0.7468662061908417.
# [I 2024-01-24 18:29:52,354] Trial 4 finished with value: 0.7480941417242262 and parameters: {'max_depth': 155, 'learning_rate': 0.03908886041300626, 'subsample': 0.9714986303304027, 'colsample_bytree': 0.7437140941716216, 'reg_alpha': 0.014120793198488303, 'reg_lambda': 0.28804421024488086, 'min_child_weight': 3, 'gamma': 0.46449705711715444, 'num_boost_round': 401}. Best is trial 4 with value: 0.7480941417242262.
# [I 2024-01-24 18:30:01,399] Trial 5 finished with value: 0.7463289843949859 and parameters: {'max_depth': 238, 'learning_rate': 0.10944849334368122, 'subsample': 0.7888153885574671, 'colsample_bytree': 0.7667250089520855, 'reg_alpha': 1.634677853304282e-06, 'reg_lambda': 0.3566288008371843, 'min_child_weight': 18, 'gamma': 0.4782392222711099, 'num_boost_round': 719}. Best is trial 4 with value: 0.7480941417242262.
# [I 2024-01-24 18:30:09,393] Trial 6 finished with value: 0.7409567664364287 and parameters: {'max_depth': 199, 'learning_rate': 0.011694154542215425, 'subsample': 0.9407986065647804, 'colsample_bytree': 0.9277239939498958, 'reg_alpha': 0.46409650639223476, 'reg_lambda': 1.4011993522843442, 'min_child_weight': 8, 'gamma': 0.28190732068633645, 'num_boost_round': 635}. Best is trial 4 with value: 0.7480941417242262.
# [I 2024-01-24 18:30:29,192] Trial 7 finished with value: 0.7341007930416986 and parameters: {'max_depth': 266, 'learning_rate': 0.15240329676507208, 'subsample': 0.7233371699690163, 'colsample_bytree': 0.7736040912031544, 'reg_alpha': 4.3848750615226995e-05, 'reg_lambda': 0.00015448805341654266, 'min_child_weight': 1, 'gamma': 0.11681449028629676, 'num_boost_round': 783}. Best is trial 4 with value: 0.7480941417242262.
# [I 2024-01-24 18:30:56,131] Trial 8 finished with value: 0.7454336147352264 and parameters: {'max_depth': 63, 'learning_rate': 0.02259149491439572, 'subsample': 0.7346040951546831, 'colsample_bytree': 0.9989914079147855, 'reg_alpha': 0.00200626984588493, 'reg_lambda': 0.12196480167060247, 'min_child_weight': 5, 'gamma': 0.012855402500061675, 'num_boost_round': 740}. Best is trial 4 with value: 0.7480941417242262.
# [I 2024-01-24 18:31:36,522] Trial 9 finished with value: 0.7475569199283705 and parameters: {'max_depth': 67, 'learning_rate': 0.015583695554943962, 'subsample': 0.853340748098794, 'colsample_bytree': 0.7354447754050496, 'reg_alpha': 0.04625898491687019, 'reg_lambda': 0.10028234589124159, 'min_child_weight': 8, 'gamma': 0.014231832149305734, 'num_boost_round': 558}. Best is trial 4 with value: 0.7480941417242262.
# [I 2024-01-24 18:32:11,182] Trial 10 finished with value: 0.7339473011000256 and parameters: {'max_depth': 121, 'learning_rate': 0.04390566089451972, 'subsample': 0.9997839444401373, 'colsample_bytree': 0.8713710460280055, 'reg_alpha': 6.760359604838708e-05, 'reg_lambda': 0.0038191793435587234, 'min_child_weight': 1, 'gamma': 0.23086458516604863, 'num_boost_round': 403}. Best is trial 4 with value: 0.7480941417242262.
# [I 2024-01-24 18:32:22,576] Trial 11 finished with value: 0.745177794832438 and parameters: {'max_depth': 127, 'learning_rate': 0.03368627280130713, 'subsample': 0.8903994773379617, 'colsample_bytree': 0.8451689946683342, 'reg_alpha': 0.09044329221315828, 'reg_lambda': 0.01226593768783432, 'min_child_weight': 5, 'gamma': 0.18329607957455854, 'num_boost_round': 547}. Best is trial 4 with value: 0.7480941417242262.
# [I 2024-01-24 18:32:36,691] Trial 12 finished with value: 0.7480941417242262 and parameters: {'max_depth': 182, 'learning_rate': 0.06412882464050021, 'subsample': 0.980622698943803, 'colsample_bytree': 0.7092265668854064, 'reg_alpha': 0.03548049333595957, 'reg_lambda': 0.01704182297319864, 'min_child_weight': 10, 'gamma': 0.30959647181207905, 'num_boost_round': 405}. Best is trial 4 with value: 0.7480941417242262.
# [I 2024-01-24 18:32:53,234] Trial 13 finished with value: 0.7479406497825531 and parameters: {'max_depth': 183, 'learning_rate': 0.06355376705039673, 'subsample': 0.990464420012756, 'colsample_bytree': 0.7118048274504093, 'reg_alpha': 0.02765960155689976, 'reg_lambda': 0.016408732565414422, 'min_child_weight': 14, 'gamma': 0.305893059714465, 'num_boost_round': 403}. Best is trial 4 with value: 0.7480941417242262.
# [I 2024-01-24 18:33:05,218] Trial 14 finished with value: 0.7489639293937068 and parameters: {'max_depth': 165, 'learning_rate': 0.06160489226822765, 'subsample': 0.9564838150525058, 'colsample_bytree': 0.8220719375877771, 'reg_alpha': 0.894707293379902, 'reg_lambda': 1.1290231588400649e-06, 'min_child_weight': 12, 'gamma': 0.4859320416349858, 'num_boost_round': 898}. Best is trial 14 with value: 0.7489639293937068.
# [I 2024-01-24 18:33:16,725] Trial 15 finished with value: 0.7475825019186493 and parameters: {'max_depth': 110, 'learning_rate': 0.06703781987332585, 'subsample': 0.9323218388637015, 'colsample_bytree': 0.8310989178982648, 'reg_alpha': 0.8625602626077122, 'reg_lambda': 4.103921636924806e-06, 'min_child_weight': 13, 'gamma': 0.49586314321933184, 'num_boost_round': 843}. Best is trial 14 with value: 0.7489639293937068.
# [I 2024-01-24 18:33:37,066] Trial 16 finished with value: 0.7447940649782553 and parameters: {'max_depth': 153, 'learning_rate': 0.0221704891825728, 'subsample': 0.9549363567059421, 'colsample_bytree': 0.8976974174641152, 'reg_alpha': 0.1958278543413493, 'reg_lambda': 3.097474763144796e-06, 'min_child_weight': 4, 'gamma': 0.41382834745030267, 'num_boost_round': 887}. Best is trial 14 with value: 0.7489639293937068.
# [I 2024-01-24 18:33:56,600] Trial 17 finished with value: 0.748273215656178 and parameters: {'max_depth': 299, 'learning_rate': 0.04636458545019795, 'subsample': 0.8947704311863334, 'colsample_bytree': 0.8138553531888596, 'reg_alpha': 0.0003040631782387138, 'reg_lambda': 0.0006733937846984911, 'min_child_weight': 12, 'gamma': 0.46091344311138865, 'num_boost_round': 624}. Best is trial 14 with value: 0.7489639293937068.
# [I 2024-01-24 18:34:03,834] Trial 18 finished with value: 0.7450754668713226 and parameters: {'max_depth': 296, 'learning_rate': 0.19722331256122835, 'subsample': 0.9018640699343159, 'colsample_bytree': 0.8099201432022557, 'reg_alpha': 0.00013269729946457343, 'reg_lambda': 1.0705674129019289e-06, 'min_child_weight': 12, 'gamma': 0.3539682811909277, 'num_boost_round': 622}. Best is trial 14 with value: 0.7489639293937068.
# [I 2024-01-24 18:34:14,917] Trial 19 finished with value: 0.7457661806088514 and parameters: {'max_depth': 233, 'learning_rate': 0.09438464821516615, 'subsample': 0.8852609968202356, 'colsample_bytree': 0.9322686680389305, 'reg_alpha': 0.000293204371055225, 'reg_lambda': 0.0005395453407677034, 'min_child_weight': 10, 'gamma': 0.4309139178686642, 'num_boost_round': 561}. Best is trial 14 with value: 0.7489639293937068.
# [I 2024-01-24 18:34:34,808] Trial 20 finished with value: 0.7462778204144283 and parameters: {'max_depth': 97, 'learning_rate': 0.04935164511557447, 'subsample': 0.7679325674484646, 'colsample_bytree': 0.8741455453970199, 'reg_alpha': 1.6267896933347834e-05, 'reg_lambda': 5.784724935340453e-05, 'min_child_weight': 16, 'gamma': 0.20789694766890532, 'num_boost_round': 899}. Best is trial 14 with value: 0.7489639293937068.
# [I 2024-01-24 18:34:56,669] Trial 21 finished with value: 0.7483755436172934 and parameters: {'max_depth': 153, 'learning_rate': 0.03333509086558614, 'subsample': 0.962352096591307, 'colsample_bytree': 0.8025792594897001, 'reg_alpha': 0.0098015805571444, 'reg_lambda': 0.006705207625104874, 'min_child_weight': 11, 'gamma': 0.4793652252409638, 'num_boost_round': 491}. Best is trial 14 with value: 0.7489639293937068.
# [I 2024-01-24 18:35:11,722] Trial 22 finished with value: 0.7453057047838322 and parameters: {'max_depth': 300, 'learning_rate': 0.026095144867448745, 'subsample': 0.9591932825425216, 'colsample_bytree': 0.8156883911218648, 'reg_alpha': 0.0003990836418450454, 'reg_lambda': 0.001619078807642858, 'min_child_weight': 11, 'gamma': 0.4936751094424806, 'num_boost_round': 489}. Best is trial 14 with value: 0.7489639293937068.
# [I 2024-01-24 18:35:32,541] Trial 23 finished with value: 0.747454591967255 and parameters: {'max_depth': 217, 'learning_rate': 0.029955434454157277, 'subsample': 0.9192929449131891, 'colsample_bytree': 0.7885710664908074, 'reg_alpha': 0.00883928820813992, 'reg_lambda': 0.003713002654901779, 'min_child_weight': 15, 'gamma': 0.43091068252033027, 'num_boost_round': 482}. Best is trial 14 with value: 0.7489639293937068.
# [I 2024-01-24 18:35:47,514] Trial 24 finished with value: 0.7478894858019953 and parameters: {'max_depth': 170, 'learning_rate': 0.05277018434995913, 'subsample': 0.8747163120757241, 'colsample_bytree': 0.8309787020938817, 'reg_alpha': 0.1594003845158588, 'reg_lambda': 0.0006626974039832371, 'min_child_weight': 12, 'gamma': 0.4590772078851586, 'num_boost_round': 596}. Best is trial 14 with value: 0.7489639293937068.
# [I 2024-01-24 18:36:28,649] Trial 25 finished with value: 0.7476848298797647 and parameters: {'max_depth': 87, 'learning_rate': 0.017381251406448806, 'subsample': 0.9088066467583681, 'colsample_bytree': 0.8653253007481595, 'reg_alpha': 0.0042936649262156155, 'reg_lambda': 0.00010688470269174102, 'min_child_weight': 9, 'gamma': 0.34347874539181245, 'num_boost_round': 696}. Best is trial 14 with value: 0.7489639293937068.
# [I 2024-01-24 18:36:38,591] Trial 26 finished with value: 0.7469941161422359 and parameters: {'max_depth': 132, 'learning_rate': 0.08407576935754228, 'subsample': 0.9455968591312437, 'colsample_bytree': 0.8428242764079723, 'reg_alpha': 0.000574021868869335, 'reg_lambda': 1.5671591470060124e-05, 'min_child_weight': 12, 'gamma': 0.39514095996737075, 'num_boost_round': 453}. Best is trial 14 with value: 0.7489639293937068.
# [I 2024-01-24 18:37:00,404] Trial 27 finished with value: 0.748273215656178 and parameters: {'max_depth': 203, 'learning_rate': 0.03877823517611876, 'subsample': 0.9729114593356079, 'colsample_bytree': 0.7952960983771097, 'reg_alpha': 2.7344108031114224e-05, 'reg_lambda': 0.04034422000435205, 'min_child_weight': 14, 'gamma': 0.4584574306832169, 'num_boost_round': 525}. Best is trial 14 with value: 0.7489639293937068.
# [I 2024-01-24 18:37:14,206] Trial 28 finished with value: 0.7447429009976976 and parameters: {'max_depth': 142, 'learning_rate': 0.07714214126218187, 'subsample': 0.8304994131340839, 'colsample_bytree': 0.8973718988817948, 'reg_alpha': 8.32290867942926e-06, 'reg_lambda': 0.0016023446067088855, 'min_child_weight': 6, 'gamma': 0.1477117921926535, 'num_boost_round': 589}. Best is trial 14 with value: 0.7489639293937068.
# [I 2024-01-24 18:37:27,821] Trial 29 finished with value: 0.7468662061908417 and parameters: {'max_depth': 18, 'learning_rate': 0.05313002851346876, 'subsample': 0.9293738636252222, 'colsample_bytree': 0.7677799445984851, 'reg_alpha': 0.00013871083056732938, 'reg_lambda': 1.2627413514789082e-05, 'min_child_weight': 7, 'gamma': 0.4277754496638525, 'num_boost_round': 680}. Best is trial 14 with value: 0.7489639293937068.
# [I 2024-01-24 18:37:51,340] Trial 30 finished with value: 0.7458685085699668 and parameters: {'max_depth': 165, 'learning_rate': 0.018674961346725985, 'subsample': 0.8999934753236941, 'colsample_bytree': 0.8268963858036569, 'reg_alpha': 0.001214495795440692, 'reg_lambda': 0.004724860149382621, 'min_child_weight': 11, 'gamma': 0.3378317499366068, 'num_boost_round': 655}. Best is trial 14 with value: 0.7489639293937068.
# [I 2024-01-24 18:38:15,758] Trial 31 finished with value: 0.7478639038117165 and parameters: {'max_depth': 205, 'learning_rate': 0.03401307999371672, 'subsample': 0.9699031657928275, 'colsample_bytree': 0.7854506978923196, 'reg_alpha': 1.6843371273028835e-05, 'reg_lambda': 0.06335355170281813, 'min_child_weight': 14, 'gamma': 0.4474898690907143, 'num_boost_round': 524}. Best is trial 14 with value: 0.7489639293937068.
# [I 2024-01-24 18:38:35,565] Trial 32 finished with value: 0.7487592734714761 and parameters: {'max_depth': 239, 'learning_rate': 0.041462003041237504, 'subsample': 0.9638750995927944, 'colsample_bytree': 0.7994953479130039, 'reg_alpha': 4.804271814002182e-05, 'reg_lambda': 0.03566069312954618, 'min_child_weight': 13, 'gamma': 0.4949772213940784, 'num_boost_round': 521}. Best is trial 14 with value: 0.7489639293937068.
# [I 2024-01-24 18:38:54,120] Trial 33 finished with value: 0.7475569199283705 and parameters: {'max_depth': 279, 'learning_rate': 0.045554852922096656, 'subsample': 0.9535570949963222, 'colsample_bytree': 0.807994453011374, 'reg_alpha': 0.00019024275036904725, 'reg_lambda': 0.008983878639935486, 'min_child_weight': 9, 'gamma': 0.40158214235544165, 'num_boost_round': 458}. Best is trial 14 with value: 0.7489639293937068.
# [I 2024-01-24 18:39:19,455] Trial 34 finished with value: 0.7476848298797647 and parameters: {'max_depth': 249, 'learning_rate': 0.026798110862409977, 'subsample': 0.9194982716740245, 'colsample_bytree': 0.7511701079010144, 'reg_alpha': 0.0035696967623734845, 'reg_lambda': 0.03962842342945748, 'min_child_weight': 16, 'gamma': 0.49939998521251433, 'num_boost_round': 771}. Best is trial 14 with value: 0.7489639293937068.
# [I 2024-01-24 18:39:36,934] Trial 35 finished with value: 0.7397032489127654 and parameters: {'max_depth': 269, 'learning_rate': 0.005661617762431955, 'subsample': 0.9845864202928628, 'colsample_bytree': 0.8548405374458171, 'reg_alpha': 0.0007062061155102303, 'reg_lambda': 0.976377277792185, 'min_child_weight': 13, 'gamma': 0.07246665440546723, 'num_boost_round': 600}. Best is trial 14 with value: 0.7489639293937068.
# [I 2024-01-24 18:39:53,373] Trial 36 finished with value: 0.7475569199283705 and parameters: {'max_depth': 221, 'learning_rate': 0.03832936039966475, 'subsample': 0.839350674976791, 'colsample_bytree': 0.8155022848773309, 'reg_alpha': 4.797774019097056e-06, 'reg_lambda': 0.0005253282601164063, 'min_child_weight': 13, 'gamma': 0.4652051958260158, 'num_boost_round': 817}. Best is trial 14 with value: 0.7489639293937068.
# [I 2024-01-24 18:40:23,621] Trial 37 finished with value: 0.7426451777948324 and parameters: {'max_depth': 281, 'learning_rate': 0.012985022900896124, 'subsample': 0.866724305341199, 'colsample_bytree': 0.784140044480258, 'reg_alpha': 1.0300295929956975e-06, 'reg_lambda': 0.4014007619488208, 'min_child_weight': 19, 'gamma': 0.3722134144900952, 'num_boost_round': 511}. Best is trial 14 with value: 0.7489639293937068.
# [I 2024-01-24 18:40:37,418] Trial 38 finished with value: 0.7478383218214377 and parameters: {'max_depth': 245, 'learning_rate': 0.05567291340935023, 'subsample': 0.7982078737218624, 'colsample_bytree': 0.7448481309157344, 'reg_alpha': 8.260528602275504e-05, 'reg_lambda': 3.088344689569251e-05, 'min_child_weight': 17, 'gamma': 0.4801217803787235, 'num_boost_round': 440}. Best is trial 14 with value: 0.7489639293937068.
# [I 2024-01-24 18:40:47,591] Trial 39 finished with value: 0.7467127142491685 and parameters: {'max_depth': 186, 'learning_rate': 0.11448429820562593, 'subsample': 0.9637994209424324, 'colsample_bytree': 0.7567837051518709, 'reg_alpha': 0.012996185085472903, 'reg_lambda': 0.17437996435402023, 'min_child_weight': 9, 'gamma': 0.44453827226259945, 'num_boost_round': 627}. Best is trial 14 with value: 0.7489639293937068.
# [I 2024-01-24 18:40:56,240] Trial 40 finished with value: 0.7456894346380148 and parameters: {'max_depth': 261, 'learning_rate': 0.07409033044539884, 'subsample': 0.9373533067471155, 'colsample_bytree': 0.8013680016115978, 'reg_alpha': 0.3563992933695039, 'reg_lambda': 0.0335992021841256, 'min_child_weight': 12, 'gamma': 0.38680754533356837, 'num_boost_round': 569}. Best is trial 14 with value: 0.7489639293937068.
# [I 2024-01-24 18:41:17,983] Trial 41 finished with value: 0.7479918137631107 and parameters: {'max_depth': 200, 'learning_rate': 0.03854032559463529, 'subsample': 0.9702894562989063, 'colsample_bytree': 0.7984705076173279, 'reg_alpha': 3.339581143809444e-05, 'reg_lambda': 0.04165830341129909, 'min_child_weight': 15, 'gamma': 0.4691403198601391, 'num_boost_round': 533}. Best is trial 14 with value: 0.7489639293937068.
# [I 2024-01-24 18:41:34,902] Trial 42 finished with value: 0.7478127398311589 and parameters: {'max_depth': 218, 'learning_rate': 0.04040022196327879, 'subsample': 0.9968311976206994, 'colsample_bytree': 0.7763420791742055, 'reg_alpha': 3.0635606412235206e-05, 'reg_lambda': 0.006925565191372654, 'min_child_weight': 15, 'gamma': 0.45395798606609283, 'num_boost_round': 501}. Best is trial 14 with value: 0.7489639293937068.
# [I 2024-01-24 18:41:41,743] Trial 43 finished with value: 0.7406497825530827 and parameters: {'max_depth': 145, 'learning_rate': 0.027381423020470853, 'subsample': 0.9490170021452228, 'colsample_bytree': 0.824942126413347, 'reg_alpha': 1.5738305243027595e-05, 'reg_lambda': 0.021219382668061598, 'min_child_weight': 14, 'gamma': 0.47544727055606534, 'num_boost_round': 480}. Best is trial 14 with value: 0.7489639293937068.
# [I 2024-01-24 18:42:06,594] Trial 44 finished with value: 0.7479150677922742 and parameters: {'max_depth': 226, 'learning_rate': 0.03311309155375461, 'subsample': 0.9788857367442468, 'colsample_bytree': 0.7903533098944573, 'reg_alpha': 0.0020399051492865877, 'reg_lambda': 0.08471630752237717, 'min_child_weight': 11, 'gamma': 0.4196187564656221, 'num_boost_round': 534}. Best is trial 14 with value: 0.7489639293937068.
# [I 2024-01-24 18:42:16,663] Trial 45 finished with value: 0.7478639038117165 and parameters: {'max_depth': 191, 'learning_rate': 0.09524659228358238, 'subsample': 0.9284759586269241, 'colsample_bytree': 0.841984350519544, 'reg_alpha': 2.7321833631357614e-06, 'reg_lambda': 0.0030098019095750107, 'min_child_weight': 13, 'gamma': 0.26105080434785544, 'num_boost_round': 433}. Best is trial 14 with value: 0.7489639293937068.
# [I 2024-01-24 18:42:34,736] Trial 46 finished with value: 0.7480173957533895 and parameters: {'max_depth': 208, 'learning_rate': 0.06005868815409843, 'subsample': 0.9790807594366084, 'colsample_bytree': 0.7599388745256503, 'reg_alpha': 4.8474967736017064e-05, 'reg_lambda': 0.1976927357316925, 'min_child_weight': 10, 'gamma': 0.49695359780091214, 'num_boost_round': 756}. Best is trial 14 with value: 0.7489639293937068.
# [I 2024-01-24 18:42:54,239] Trial 47 finished with value: 0.7455871066768995 and parameters: {'max_depth': 166, 'learning_rate': 0.022899024316626753, 'subsample': 0.9116217313651914, 'colsample_bytree': 0.7349413770845248, 'reg_alpha': 0.00023268057968624999, 'reg_lambda': 0.7341676065436807, 'min_child_weight': 16, 'gamma': 0.44571836481638466, 'num_boost_round': 708}. Best is trial 14 with value: 0.7489639293937068.
# [I 2024-01-24 18:43:11,849] Trial 48 finished with value: 0.7466103862880532 and parameters: {'max_depth': 175, 'learning_rate': 0.043581122826950786, 'subsample': 0.9468070046014605, 'colsample_bytree': 0.8563904474710958, 'reg_alpha': 0.00010408192703157697, 'reg_lambda': 0.008211608068416672, 'min_child_weight': 8, 'gamma': 0.40605256471937495, 'num_boost_round': 571}. Best is trial 14 with value: 0.7489639293937068.
# [I 2024-01-24 18:43:28,071] Trial 49 finished with value: 0.7478383218214377 and parameters: {'max_depth': 249, 'learning_rate': 0.035525721609597306, 'subsample': 0.9981562328910212, 'colsample_bytree': 0.7291788542901219, 'reg_alpha': 0.9536187210995739, 'reg_lambda': 0.00022164697416589835, 'min_child_weight': 11, 'gamma': 0.47784865468709153, 'num_boost_round': 822}. Best is trial 14 with value: 0.7489639293937068.
# [I 2024-01-24 18:43:41,422] Trial 50 finished with value: 0.7438731133282169 and parameters: {'max_depth': 281, 'learning_rate': 0.04869170020254494, 'subsample': 0.9651174390776962, 'colsample_bytree': 0.9906415193331852, 'reg_alpha': 0.05804719036291602, 'reg_lambda': 1.1945813950267808e-06, 'min_child_weight': 14, 'gamma': 0.366230412076851, 'num_boost_round': 652}. Best is trial 14 with value: 0.7489639293937068.
