# [I 2024-01-24 20:17:57,609] Trial 566 finished with value: 0.7486569455103607 and parameters: {'max_depth': 24, 'learning_rate': 0.02508849454418991, 'subsample': 0.9642997746186419, 'colsample_bytree': 0.7150504667658395, 'reg_alpha': 0.4580105956934254, 'reg_lambda': 1.3646628327583837e-05, 'min_child_weight': 13, 'gamma': 0.40059522489749644, 'num_boost_round': 639}. Best is trial 442 with value: 0.7504988488104375.
# [I 2024-01-24 20:18:12,432] Trial 567 finished with value: 0.7491941673062164 and parameters: {'max_depth': 29, 'learning_rate': 0.06131249483502395, 'subsample': 0.9879091510864554, 'colsample_bytree': 0.7309065159005248, 'reg_alpha': 0.28244864516385093, 'reg_lambda': 0.00011451852564120219, 'min_child_weight': 16, 'gamma': 0.432069464401094, 'num_boost_round': 560}. Best is trial 442 with value: 0.7504988488104375.
# [I 2024-01-24 20:18:23,888] Trial 568 finished with value: 0.7486313635200819 and parameters: {'max_depth': 25, 'learning_rate': 0.0700356684212267, 'subsample': 0.9348225946181933, 'colsample_bytree': 0.710370240359873, 'reg_alpha': 0.7761174959500596, 'reg_lambda': 0.0002569288548109378, 'min_child_weight': 15, 'gamma': 0.4168643296870558, 'num_boost_round': 504}. Best is trial 442 with value: 0.7504988488104375.
# [I 2024-01-24 20:18:43,118] Trial 569 finished with value: 0.7487848554617549 and parameters: {'max_depth': 24, 'learning_rate': 0.04433956156364407, 'subsample': 0.9726745360085769, 'colsample_bytree': 0.7207382275279786, 'reg_alpha': 0.0486425987257389, 'reg_lambda': 7.24459552542739e-05, 'min_child_weight': 14, 'gamma': 0.39407434617848697, 'num_boost_round': 453}. Best is trial 442 with value: 0.7504988488104375.
# [I 2024-01-24 20:18:57,641] Trial 570 finished with value: 0.7474034279866973 and parameters: {'max_depth': 25, 'learning_rate': 0.05639749427719789, 'subsample': 0.953927867952638, 'colsample_bytree': 0.705191915755962, 'reg_alpha': 0.6024379023463622, 'reg_lambda': 0.00017750079800828774, 'min_child_weight': 19, 'gamma': 0.4057296898900848, 'num_boost_round': 468}. Best is trial 442 with value: 0.7504988488104375.
# [I 2024-01-24 20:19:15,508] Trial 571 finished with value: 0.7489383474034279 and parameters: {'max_depth': 23, 'learning_rate': 0.05118528893969989, 'subsample': 0.9209830351643058, 'colsample_bytree': 0.7177811831536166, 'reg_alpha': 0.007431094543015148, 'reg_lambda': 9.02149714230355e-05, 'min_child_weight': 16, 'gamma': 0.2972475895103407, 'num_boost_round': 599}. Best is trial 442 with value: 0.7504988488104375.
# [I 2024-01-24 20:19:25,297] Trial 572 finished with value: 0.7468150422102839 and parameters: {'max_depth': 26, 'learning_rate': 0.07835914745945892, 'subsample': 0.984220092470344, 'colsample_bytree': 0.7093805547909222, 'reg_alpha': 0.41343001727135786, 'reg_lambda': 0.0001362149682339877, 'min_child_weight': 20, 'gamma': 0.4630385463187478, 'num_boost_round': 543}. Best is trial 442 with value: 0.7504988488104375.
# [I 2024-01-24 20:19:39,320] Trial 573 finished with value: 0.74845228958813 and parameters: {'max_depth': 24, 'learning_rate': 0.06438266905089733, 'subsample': 0.9915167516725978, 'colsample_bytree': 0.725990468012257, 'reg_alpha': 0.0009262074279849128, 'reg_lambda': 0.009179289179913078, 'min_child_weight': 13, 'gamma': 0.36424252730355805, 'num_boost_round': 571}. Best is trial 442 with value: 0.7504988488104375.
# [I 2024-01-24 20:19:54,728] Trial 574 finished with value: 0.7462522384241494 and parameters: {'max_depth': 25, 'learning_rate': 0.05942330035428138, 'subsample': 0.976835144102708, 'colsample_bytree': 0.888806760101483, 'reg_alpha': 0.2814042302784525, 'reg_lambda': 0.00034477736751311905, 'min_child_weight': 17, 'gamma': 0.4282857476901367, 'num_boost_round': 485}. Best is trial 442 with value: 0.7504988488104375.
# [I 2024-01-24 20:20:07,324] Trial 575 finished with value: 0.7484778715784088 and parameters: {'max_depth': 23, 'learning_rate': 0.06983234169015162, 'subsample': 0.9592905033964483, 'colsample_bytree': 0.7046010704679329, 'reg_alpha': 0.7487982197861784, 'reg_lambda': 5.362132281251045e-05, 'min_child_weight': 10, 'gamma': 0.41115245187395777, 'num_boost_round': 556}. Best is trial 442 with value: 0.7504988488104375.
# [I 2024-01-24 20:20:22,895] Trial 576 finished with value: 0.7485801995395241 and parameters: {'max_depth': 22, 'learning_rate': 0.05441000785804927, 'subsample': 0.9483341605785447, 'colsample_bytree': 0.7139781303135604, 'reg_alpha': 0.538941582120784, 'reg_lambda': 0.0001018035473624626, 'min_child_weight': 12, 'gamma': 0.3798582146373191, 'num_boost_round': 533}. Best is trial 442 with value: 0.7504988488104375.
# [I 2024-01-24 20:20:39,433] Trial 577 finished with value: 0.747966231772832 and parameters: {'max_depth': 24, 'learning_rate': 0.05026825041204305, 'subsample': 0.9814600182780819, 'colsample_bytree': 0.73671120308731, 'reg_alpha': 0.015038999099102047, 'reg_lambda': 7.088526934765567e-05, 'min_child_weight': 12, 'gamma': 0.44635111268737127, 'num_boost_round': 497}. Best is trial 442 with value: 0.7504988488104375.
# [I 2024-01-24 20:20:53,331] Trial 578 finished with value: 0.7484267075978511 and parameters: {'max_depth': 26, 'learning_rate': 0.0618656798188703, 'subsample': 0.9704794417827205, 'colsample_bytree': 0.721268612170494, 'reg_alpha': 0.34688752705079806, 'reg_lambda': 9.20469575657666e-06, 'min_child_weight': 16, 'gamma': 0.39324339598913904, 'num_boost_round': 424}. Best is trial 442 with value: 0.7504988488104375.
# [I 2024-01-24 20:21:12,982] Trial 579 finished with value: 0.7484778715784088 and parameters: {'max_depth': 25, 'learning_rate': 0.04731139740568173, 'subsample': 0.9955908357673413, 'colsample_bytree': 0.771479235133273, 'reg_alpha': 0.06860005774402733, 'reg_lambda': 4.167679624846354e-05, 'min_child_weight': 14, 'gamma': 0.420749455784245, 'num_boost_round': 475}. Best is trial 442 with value: 0.7504988488104375.
# [I 2024-01-24 20:21:23,605] Trial 580 finished with value: 0.7485546175492453 and parameters: {'max_depth': 24, 'learning_rate': 0.07385722936790007, 'subsample': 0.9416464907377026, 'colsample_bytree': 0.7103557982628496, 'reg_alpha': 0.9940978490626287, 'reg_lambda': 0.00021672729469334256, 'min_child_weight': 11, 'gamma': 0.4035559081099509, 'num_boost_round': 458}. Best is trial 442 with value: 0.7504988488104375.
# [I 2024-01-24 20:21:34,340] Trial 581 finished with value: 0.7454336147352264 and parameters: {'max_depth': 13, 'learning_rate': 0.05664190546320995, 'subsample': 0.9869060983158662, 'colsample_bytree': 0.7006002883304969, 'reg_alpha': 0.030376198749461118, 'reg_lambda': 0.00015201900131199758, 'min_child_weight': 18, 'gamma': 0.38670986892308884, 'num_boost_round': 762}. Best is trial 442 with value: 0.7504988488104375.
# [I 2024-01-24 20:21:48,496] Trial 582 finished with value: 0.7482987976464569 and parameters: {'max_depth': 20, 'learning_rate': 0.06622931509636264, 'subsample': 0.9769837611173148, 'colsample_bytree': 0.7177851358679338, 'reg_alpha': 0.14425034741463086, 'reg_lambda': 3.138304172319187e-05, 'min_child_weight': 4, 'gamma': 0.4324061642202396, 'num_boost_round': 575}. Best is trial 442 with value: 0.7504988488104375.
# [I 2024-01-24 20:22:07,323] Trial 583 finished with value: 0.7484267075978511 and parameters: {'max_depth': 30, 'learning_rate': 0.04048013875906579, 'subsample': 0.9629733516402476, 'colsample_bytree': 0.729534107556829, 'reg_alpha': 0.20985477197123886, 'reg_lambda': 0.0001237992925057889, 'min_child_weight': 15, 'gamma': 0.4133250386122319, 'num_boost_round': 589}. Best is trial 442 with value: 0.7504988488104375.
# [I 2024-01-24 20:22:25,941] Trial 584 finished with value: 0.7495523151701202 and parameters: {'max_depth': 26, 'learning_rate': 0.05254526918840954, 'subsample': 0.993591518286756, 'colsample_bytree': 0.7004339868082838, 'reg_alpha': 3.512226068319261e-06, 'reg_lambda': 2.523432703114378e-05, 'min_child_weight': 17, 'gamma': 0.3991927746992376, 'num_boost_round': 439}. Best is trial 442 with value: 0.7504988488104375.
# [I 2024-01-24 20:22:36,398] Trial 585 finished with value: 0.7480685597339474 and parameters: {'max_depth': 18, 'learning_rate': 0.08175173040960243, 'subsample': 0.9999891002761336, 'colsample_bytree': 0.7097425859661056, 'reg_alpha': 0.43699135123005617, 'reg_lambda': 0.0045871078601948615, 'min_child_weight': 18, 'gamma': 0.37399656424737415, 'num_boost_round': 560}. Best is trial 442 with value: 0.7504988488104375.
# [I 2024-01-24 20:22:51,427] Trial 586 finished with value: 0.7478639038117165 and parameters: {'max_depth': 25, 'learning_rate': 0.06171254639668533, 'subsample': 0.9022661128652181, 'colsample_bytree': 0.7136493254920631, 'reg_alpha': 0.6122162666727643, 'reg_lambda': 1.4974528907753545e-05, 'min_child_weight': 2, 'gamma': 0.42555006432368847, 'num_boost_round': 550}. Best is trial 442 with value: 0.7504988488104375.
# [I 2024-01-24 20:23:05,253] Trial 587 finished with value: 0.7379125095932464 and parameters: {'max_depth': 24, 'learning_rate': 0.010258701409160262, 'subsample': 0.9500888281400112, 'colsample_bytree': 0.7054533920237759, 'reg_alpha': 0.8128075757040417, 'reg_lambda': 5.710133380636509e-05, 'min_child_weight': 16, 'gamma': 0.4730336428392894, 'num_boost_round': 610}. Best is trial 442 with value: 0.7504988488104375.
# [I 2024-01-24 20:23:10,979] Trial 588 finished with value: 0.7138654387311333 and parameters: {'max_depth': 5, 'learning_rate': 0.0688618970483813, 'subsample': 0.9674129653793757, 'colsample_bytree': 0.9817111807004129, 'reg_alpha': 0.5110576316274725, 'reg_lambda': 0.09206416345886606, 'min_child_weight': 17, 'gamma': 0.4375437746210343, 'num_boost_round': 626}. Best is trial 442 with value: 0.7504988488104375.
# [I 2024-01-24 20:23:24,363] Trial 589 finished with value: 0.7492453312867742 and parameters: {'max_depth': 23, 'learning_rate': 0.05809613537400483, 'subsample': 0.9837747070040155, 'colsample_bytree': 0.7245127355157561, 'reg_alpha': 0.3101223279106794, 'reg_lambda': 8.823623262958104e-05, 'min_child_weight': 15, 'gamma': 0.4099843927878516, 'num_boost_round': 668}. Best is trial 442 with value: 0.7504988488104375.
# [I 2024-01-24 20:23:40,680] Trial 590 finished with value: 0.7478127398311589 and parameters: {'max_depth': 22, 'learning_rate': 0.050708854137711354, 'subsample': 0.9905922195960084, 'colsample_bytree': 0.7189323507229172, 'reg_alpha': 0.008904579051636101, 'reg_lambda': 0.00021338151337346132, 'min_child_weight': 14, 'gamma': 0.20486296919498242, 'num_boost_round': 465}. Best is trial 442 with value: 0.7504988488104375.
# [I 2024-01-24 20:23:57,775] Trial 591 finished with value: 0.7489895113839857 and parameters: {'max_depth': 25, 'learning_rate': 0.046141780313422046, 'subsample': 0.9766539623840441, 'colsample_bytree': 0.7087386647391636, 'reg_alpha': 0.7601679814930098, 'reg_lambda': 0.0005768777548789204, 'min_child_weight': 13, 'gamma': 0.41990954737414954, 'num_boost_round': 542}. Best is trial 442 with value: 0.7504988488104375.
# [I 2024-01-24 20:24:17,604] Trial 592 finished with value: 0.7434638014837555 and parameters: {'max_depth': 24, 'learning_rate': 0.016988792966801208, 'subsample': 0.847727597577423, 'colsample_bytree': 0.714884148240362, 'reg_alpha': 0.6092185910543847, 'reg_lambda': 8.125467773122767e-05, 'min_child_weight': 16, 'gamma': 0.4998074617089351, 'num_boost_round': 565}. Best is trial 442 with value: 0.7504988488104375.
# [I 2024-01-24 20:24:30,806] Trial 593 finished with value: 0.747966231772832 and parameters: {'max_depth': 26, 'learning_rate': 0.06308387901378494, 'subsample': 0.9369473993251034, 'colsample_bytree': 0.7004406859556396, 'reg_alpha': 0.3812554587030586, 'reg_lambda': 1.8805996293415515e-05, 'min_child_weight': 17, 'gamma': 0.3938350439916259, 'num_boost_round': 453}. Best is trial 442 with value: 0.7504988488104375.
# [I 2024-01-24 20:24:41,661] Trial 594 finished with value: 0.7485801995395241 and parameters: {'max_depth': 25, 'learning_rate': 0.07328945572223984, 'subsample': 0.9560272602236419, 'colsample_bytree': 0.7242616544564515, 'reg_alpha': 0.9817357246161358, 'reg_lambda': 0.6038395379569714, 'min_child_weight': 11, 'gamma': 0.48573367690445324, 'num_boost_round': 482}. Best is trial 442 with value: 0.7504988488104375.
# [I 2024-01-24 20:24:56,313] Trial 595 finished with value: 0.7488104374520338 and parameters: {'max_depth': 21, 'learning_rate': 0.055387192714475106, 'subsample': 0.9447089574984767, 'colsample_bytree': 0.7348342044439233, 'reg_alpha': 0.012446169946747734, 'reg_lambda': 0.0001652120966836449, 'min_child_weight': 18, 'gamma': 0.38273692945124876, 'num_boost_round': 527}. Best is trial 442 with value: 0.7504988488104375.
# [I 2024-01-24 20:25:10,624] Trial 596 finished with value: 0.7482476336658992 and parameters: {'max_depth': 29, 'learning_rate': 0.0660200976281702, 'subsample': 0.9823802752065047, 'colsample_bytree': 0.7062903001917398, 'reg_alpha': 0.16561510497296758, 'reg_lambda': 0.00011438439584928958, 'min_child_weight': 9, 'gamma': 0.45146435403518814, 'num_boost_round': 583}. Best is trial 442 with value: 0.7504988488104375.
# [I 2024-01-24 20:25:23,569] Trial 597 finished with value: 0.7486825275006396 and parameters: {'max_depth': 24, 'learning_rate': 0.060090503079897536, 'subsample': 0.9710916849861481, 'colsample_bytree': 0.7130559894682992, 'reg_alpha': 0.24100046727026386, 'reg_lambda': 0.00029799915405564825, 'min_child_weight': 15, 'gamma': 0.40454154532757663, 'num_boost_round': 493}. Best is trial 442 with value: 0.7504988488104375.
# [I 2024-01-24 20:25:40,004] Trial 598 finished with value: 0.7458173445894091 and parameters: {'max_depth': 23, 'learning_rate': 0.03336838021888667, 'subsample': 0.9883893759505958, 'colsample_bytree': 0.906744354988353, 'reg_alpha': 0.5213564398846372, 'reg_lambda': 5.953216515795004e-05, 'min_child_weight': 16, 'gamma': 0.41919045536871025, 'num_boost_round': 475}. Best is trial 442 with value: 0.7504988488104375.
# [I 2024-01-24 20:25:51,065] Trial 599 finished with value: 0.7464313123561013 and parameters: {'max_depth': 27, 'learning_rate': 0.0902938446933951, 'subsample': 0.9944834556995178, 'colsample_bytree': 0.7407047079583302, 'reg_alpha': 0.0017946873194843514, 'reg_lambda': 4.624162533681592e-05, 'min_child_weight': 13, 'gamma': 0.38964885193898363, 'num_boost_round': 511}. Best is trial 442 with value: 0.7504988488104375.
# Best trial: trial number 442, score 0.7504988488104375, params {'max_depth': 24, 'learning_rate': 0.05499358322455664, 'subsample': 0.9953760617217673, 'colsample_bytree': 0.7003539269061473, 'reg_alpha': 0.5685576654400151, 'reg_lambda': 0.00010880959224634605, 'min_child_weight': 12, 'gamma': 0.4061534464520698, 'num_boost_round': 593}
