# [I 2024-01-24 19:52:20,254] Trial 464 finished with value: 0.7484011256075722 and parameters: {'max_depth': 28, 'learning_rate': 0.051125525968273466, 'subsample': 0.978304029527872, 'colsample_bytree': 0.719427908394267, 'reg_alpha': 0.006743949082760731, 'reg_lambda': 6.756386689869942e-05, 'min_child_weight': 18, 'gamma': 0.4314346225601977, 'num_boost_round': 450}. Best is trial 442 with value: 0.7504988488104375.
# [I 2024-01-24 19:52:34,257] Trial 465 finished with value: 0.7476848298797647 and parameters: {'max_depth': 25, 'learning_rate': 0.06304314778010787, 'subsample': 0.9937870718001929, 'colsample_bytree': 0.7004292290790421, 'reg_alpha': 0.5422508057137406, 'reg_lambda': 0.00014857272584771735, 'min_child_weight': 17, 'gamma': 0.4236613122647524, 'num_boost_round': 478}. Best is trial 442 with value: 0.7504988488104375.
# [I 2024-01-24 19:52:41,578] Trial 466 finished with value: 0.746482476336659 and parameters: {'max_depth': 24, 'learning_rate': 0.11186321425256424, 'subsample': 0.9832259302587341, 'colsample_bytree': 0.7115670794886599, 'reg_alpha': 0.7914416393830165, 'reg_lambda': 0.01731680375545236, 'min_child_weight': 16, 'gamma': 0.40112521254870664, 'num_boost_round': 599}. Best is trial 442 with value: 0.7504988488104375.
# [I 2024-01-24 19:53:05,677] Trial 467 finished with value: 0.7480685597339474 and parameters: {'max_depth': 26, 'learning_rate': 0.028384041067304973, 'subsample': 0.9287131699390906, 'colsample_bytree': 0.7281583994116135, 'reg_alpha': 0.19833623828998886, 'reg_lambda': 8.762764902357469e-05, 'min_child_weight': 16, 'gamma': 0.4520352954140934, 'num_boost_round': 557}. Best is trial 442 with value: 0.7504988488104375.
# [I 2024-01-24 19:53:24,075] Trial 468 finished with value: 0.7498592990534664 and parameters: {'max_depth': 24, 'learning_rate': 0.05418965944432234, 'subsample': 0.9887008645066373, 'colsample_bytree': 0.7181940678051904, 'reg_alpha': 0.36240300505976547, 'reg_lambda': 0.0002185855566971329, 'min_child_weight': 17, 'gamma': 0.38920488190778374, 'num_boost_round': 460}. Best is trial 442 with value: 0.7504988488104375.
# [I 2024-01-24 19:53:40,511] Trial 469 finished with value: 0.7482220516756204 and parameters: {'max_depth': 24, 'learning_rate': 0.051195625501614855, 'subsample': 0.9996411945464967, 'colsample_bytree': 0.7246327126639273, 'reg_alpha': 0.3233740882711939, 'reg_lambda': 0.00021196149864243484, 'min_child_weight': 17, 'gamma': 0.39229170699537924, 'num_boost_round': 462}. Best is trial 442 with value: 0.7504988488104375.
# [I 2024-01-24 19:53:55,207] Trial 470 finished with value: 0.7461243284727552 and parameters: {'max_depth': 24, 'learning_rate': 0.05417369738948305, 'subsample': 0.7832231010882769, 'colsample_bytree': 0.9644566899532714, 'reg_alpha': 0.20178206810262894, 'reg_lambda': 0.0002864465339252128, 'min_child_weight': 17, 'gamma': 0.3775189159154075, 'num_boost_round': 449}. Best is trial 442 with value: 0.7504988488104375.
# [I 2024-01-24 19:54:10,569] Trial 471 finished with value: 0.749091839345101 and parameters: {'max_depth': 24, 'learning_rate': 0.0490287286140412, 'subsample': 0.9908948813557523, 'colsample_bytree': 0.7336529889356723, 'reg_alpha': 0.3621345237414133, 'reg_lambda': 0.0003504430774505037, 'min_child_weight': 16, 'gamma': 0.4142850750873653, 'num_boost_round': 438}. Best is trial 442 with value: 0.7504988488104375.
# [I 2024-01-24 19:54:23,013] Trial 472 finished with value: 0.7483243796367358 and parameters: {'max_depth': 24, 'learning_rate': 0.05737072885336674, 'subsample': 0.9882483005217494, 'colsample_bytree': 0.7201497327098796, 'reg_alpha': 0.2544445014251481, 'reg_lambda': 0.00023233924542508957, 'min_child_weight': 16, 'gamma': 0.48888945902063, 'num_boost_round': 470}. Best is trial 442 with value: 0.7504988488104375.
# [I 2024-01-24 19:54:39,521] Trial 473 finished with value: 0.7478127398311589 and parameters: {'max_depth': 25, 'learning_rate': 0.046757759455004065, 'subsample': 0.9392928517622485, 'colsample_bytree': 0.8717596256707669, 'reg_alpha': 0.4691387477521531, 'reg_lambda': 0.0001820558094005153, 'min_child_weight': 13, 'gamma': 0.4030585385419751, 'num_boost_round': 457}. Best is trial 442 with value: 0.7504988488104375.
# [I 2024-01-24 19:54:58,400] Trial 474 finished with value: 0.749091839345101 and parameters: {'max_depth': 24, 'learning_rate': 0.05429750234795169, 'subsample': 0.9949737561662803, 'colsample_bytree': 0.7164202041570432, 'reg_alpha': 0.017921772204114457, 'reg_lambda': 0.00013299251108638265, 'min_child_weight': 17, 'gamma': 0.2667790939127902, 'num_boost_round': 484}. Best is trial 442 with value: 0.7504988488104375.
# [I 2024-01-24 19:55:08,922] Trial 475 finished with value: 0.7472755180353031 and parameters: {'max_depth': 23, 'learning_rate': 0.05731068626158829, 'subsample': 0.9829765334078783, 'colsample_bytree': 0.7436011905682719, 'reg_alpha': 0.3447033109413371, 'reg_lambda': 0.00015680750030159108, 'min_child_weight': 12, 'gamma': 0.46075738695474255, 'num_boost_round': 464}. Best is trial 442 with value: 0.7504988488104375.
# [I 2024-01-24 19:55:27,372] Trial 476 finished with value: 0.7477104118700435 and parameters: {'max_depth': 28, 'learning_rate': 0.041868060607519346, 'subsample': 0.7382394004048787, 'colsample_bytree': 0.7260272520056817, 'reg_alpha': 0.5629407223080481, 'reg_lambda': 0.0002531434069688224, 'min_child_weight': 17, 'gamma': 0.429613887722792, 'num_boost_round': 473}. Best is trial 442 with value: 0.7504988488104375.
# [I 2024-01-24 19:55:42,678] Trial 477 finished with value: 0.7483243796367358 and parameters: {'max_depth': 25, 'learning_rate': 0.05118290466456545, 'subsample': 0.9485074101463813, 'colsample_bytree': 0.7225639479980217, 'reg_alpha': 0.15225991211876785, 'reg_lambda': 0.0001166054306899865, 'min_child_weight': 16, 'gamma': 0.388282232476746, 'num_boost_round': 497}. Best is trial 442 with value: 0.7504988488104375.
# [I 2024-01-24 19:55:57,086] Trial 478 finished with value: 0.7500383729854183 and parameters: {'max_depth': 24, 'learning_rate': 0.06041101577303755, 'subsample': 0.9888228555334335, 'colsample_bytree': 0.7150019841646881, 'reg_alpha': 0.2674887787992473, 'reg_lambda': 0.00010053010959983926, 'min_child_weight': 16, 'gamma': 0.41638784582483046, 'num_boost_round': 488}. Best is trial 442 with value: 0.7504988488104375.
# [I 2024-01-24 19:56:10,892] Trial 479 finished with value: 0.7486825275006396 and parameters: {'max_depth': 25, 'learning_rate': 0.0622226396214923, 'subsample': 0.9938016872095689, 'colsample_bytree': 0.7140415464813182, 'reg_alpha': 0.010465030470229774, 'reg_lambda': 9.812798622151108e-05, 'min_child_weight': 20, 'gamma': 0.4407783563727269, 'num_boost_round': 484}. Best is trial 442 with value: 0.7504988488104375.
# [I 2024-01-24 19:56:20,193] Trial 480 finished with value: 0.747301100025582 and parameters: {'max_depth': 24, 'learning_rate': 0.09560064221185512, 'subsample': 0.9998231040126835, 'colsample_bytree': 0.7165183486028451, 'reg_alpha': 0.4070610896213743, 'reg_lambda': 0.00014970069838774705, 'min_child_weight': 17, 'gamma': 0.4192711315105136, 'num_boost_round': 477}. Best is trial 442 with value: 0.7504988488104375.
# [I 2024-01-24 19:56:34,949] Trial 481 finished with value: 0.749424405218726 and parameters: {'max_depth': 24, 'learning_rate': 0.06359718787495586, 'subsample': 0.8398580026230216, 'colsample_bytree': 0.7104197832574498, 'reg_alpha': 0.6776740999699384, 'reg_lambda': 0.00010716548233395459, 'min_child_weight': 16, 'gamma': 0.425382200075512, 'num_boost_round': 458}. Best is trial 442 with value: 0.7504988488104375.
# [I 2024-01-24 19:56:47,508] Trial 482 finished with value: 0.7471731900741878 and parameters: {'max_depth': 25, 'learning_rate': 0.05958307194128412, 'subsample': 0.9764991326217013, 'colsample_bytree': 0.7083144125707332, 'reg_alpha': 0.521655976458187, 'reg_lambda': 0.0001937324822656666, 'min_child_weight': 17, 'gamma': 0.4129901796027156, 'num_boost_round': 449}. Best is trial 442 with value: 0.7504988488104375.
# [I 2024-01-24 19:57:12,732] Trial 483 finished with value: 0.7451010488616014 and parameters: {'max_depth': 23, 'learning_rate': 0.014477321740876247, 'subsample': 0.9899690867073503, 'colsample_bytree': 0.7164807880949184, 'reg_alpha': 0.278190995598503, 'reg_lambda': 0.00048145591912432184, 'min_child_weight': 13, 'gamma': 0.43874892501655643, 'num_boost_round': 470}. Best is trial 442 with value: 0.7504988488104375.
# [I 2024-01-24 19:57:23,695] Trial 484 finished with value: 0.7474801739575339 and parameters: {'max_depth': 18, 'learning_rate': 0.06636695550293213, 'subsample': 0.9434704919535999, 'colsample_bytree': 0.7099546153946061, 'reg_alpha': 0.10886634938461687, 'reg_lambda': 7.22124620841976e-05, 'min_child_weight': 16, 'gamma': 0.40889818251259846, 'num_boost_round': 489}. Best is trial 442 with value: 0.7504988488104375.
# [I 2024-01-24 19:57:38,306] Trial 485 finished with value: 0.7485290355589664 and parameters: {'max_depth': 25, 'learning_rate': 0.059215632806880254, 'subsample': 0.9337384173774044, 'colsample_bytree': 0.7203060745500754, 'reg_alpha': 0.8133145587275651, 'reg_lambda': 0.00012487559948988128, 'min_child_weight': 12, 'gamma': 0.42470777070745874, 'num_boost_round': 463}. Best is trial 442 with value: 0.7504988488104375.
# [I 2024-01-24 19:57:51,698] Trial 486 finished with value: 0.7487336914811973 and parameters: {'max_depth': 23, 'learning_rate': 0.05564466477879891, 'subsample': 0.9799938015029765, 'colsample_bytree': 0.7062266652957181, 'reg_alpha': 0.9957748289481979, 'reg_lambda': 9.719469842709786e-05, 'min_child_weight': 15, 'gamma': 0.41660890745949825, 'num_boost_round': 483}. Best is trial 442 with value: 0.7504988488104375.
# [I 2024-01-24 19:58:04,627] Trial 487 finished with value: 0.7484011256075722 and parameters: {'max_depth': 24, 'learning_rate': 0.06459038038409498, 'subsample': 0.9876921407427455, 'colsample_bytree': 0.7139971726897811, 'reg_alpha': 0.5924523165465251, 'reg_lambda': 0.23282751885390623, 'min_child_weight': 11, 'gamma': 0.4680357609587627, 'num_boost_round': 583}. Best is trial 442 with value: 0.7504988488104375.
# [I 2024-01-24 19:58:21,345] Trial 488 finished with value: 0.748119723714505 and parameters: {'max_depth': 28, 'learning_rate': 0.06005796167231112, 'subsample': 0.9493868032118054, 'colsample_bytree': 0.7000351910352306, 'reg_alpha': 0.02302681507084173, 'reg_lambda': 0.00031220279772997537, 'min_child_weight': 10, 'gamma': 0.40422563364946656, 'num_boost_round': 548}. Best is trial 442 with value: 0.7504988488104375.
# [I 2024-01-24 19:58:35,233] Trial 489 finished with value: 0.747966231772832 and parameters: {'max_depth': 26, 'learning_rate': 0.07315409318405362, 'subsample': 0.9754065773016071, 'colsample_bytree': 0.7198873317770513, 'reg_alpha': 0.40609061216053993, 'reg_lambda': 0.00016621635548463233, 'min_child_weight': 16, 'gamma': 0.3643917106933488, 'num_boost_round': 445}. Best is trial 442 with value: 0.7504988488104375.
# [I 2024-01-24 19:58:53,965] Trial 490 finished with value: 0.7484778715784088 and parameters: {'max_depth': 27, 'learning_rate': 0.05564802768551991, 'subsample': 0.984538201386102, 'colsample_bytree': 0.7093945317414079, 'reg_alpha': 0.0058302550351230905, 'reg_lambda': 7.985372234997605e-05, 'min_child_weight': 13, 'gamma': 0.4305291035506889, 'num_boost_round': 787}. Best is trial 442 with value: 0.7504988488104375.
# [I 2024-01-24 19:59:07,328] Trial 491 finished with value: 0.7486057815298031 and parameters: {'max_depth': 24, 'learning_rate': 0.06650052750028954, 'subsample': 0.9918633137785703, 'colsample_bytree': 0.7130001202142521, 'reg_alpha': 0.04545572687717943, 'reg_lambda': 5.529974104163392e-05, 'min_child_weight': 17, 'gamma': 0.4794831276958115, 'num_boost_round': 568}. Best is trial 442 with value: 0.7504988488104375.
# [I 2024-01-24 19:59:19,277] Trial 492 finished with value: 0.7494755691992837 and parameters: {'max_depth': 20, 'learning_rate': 0.08250891527476406, 'subsample': 0.9414862275950869, 'colsample_bytree': 0.7231112271197608, 'reg_alpha': 0.013602068894016231, 'reg_lambda': 1.1243504778199893, 'min_child_weight': 18, 'gamma': 0.4456272137170516, 'num_boost_round': 682}. Best is trial 442 with value: 0.7504988488104375.
# [I 2024-01-24 19:59:31,523] Trial 493 finished with value: 0.7482476336658992 and parameters: {'max_depth': 25, 'learning_rate': 0.060554724922039255, 'subsample': 0.9809812365040288, 'colsample_bytree': 0.7046487751901699, 'reg_alpha': 0.1700612618643975, 'reg_lambda': 0.00020793129686916704, 'min_child_weight': 16, 'gamma': 0.3943254790875858, 'num_boost_round': 474}. Best is trial 442 with value: 0.7504988488104375.
# [I 2024-01-24 19:59:43,631] Trial 494 finished with value: 0.7476848298797647 and parameters: {'max_depth': 19, 'learning_rate': 0.05391198220680074, 'subsample': 0.9732314231252652, 'colsample_bytree': 0.7170641071890326, 'reg_alpha': 0.6585393112904337, 'reg_lambda': 7.501054233349216e-05, 'min_child_weight': 15, 'gamma': 0.4095056110686493, 'num_boost_round': 543}. Best is trial 442 with value: 0.7504988488104375.
# [I 2024-01-24 20:00:04,820] Trial 495 finished with value: 0.7484778715784088 and parameters: {'max_depth': 24, 'learning_rate': 0.036000742345187374, 'subsample': 0.9950684153785889, 'colsample_bytree': 0.7054962950200085, 'reg_alpha': 0.2354031772858603, 'reg_lambda': 0.00011956593377165803, 'min_child_weight': 12, 'gamma': 0.37796942171167436, 'num_boost_round': 465}. Best is trial 442 with value: 0.7504988488104375.
# [I 2024-01-24 20:00:12,940] Trial 496 finished with value: 0.7434126375031977 and parameters: {'max_depth': 23, 'learning_rate': 0.07617597307532674, 'subsample': 0.9885363986179168, 'colsample_bytree': 0.9210771036773663, 'reg_alpha': 0.008716153564445646, 'reg_lambda': 0.00014726385431364258, 'min_child_weight': 19, 'gamma': 0.4177827456953728, 'num_boost_round': 591}. Best is trial 442 with value: 0.7504988488104375.
# [I 2024-01-24 20:00:26,405] Trial 497 finished with value: 0.7493476592478895 and parameters: {'max_depth': 25, 'learning_rate': 0.06918245843516721, 'subsample': 0.9501409872338337, 'colsample_bytree': 0.7115991493658803, 'reg_alpha': 0.47504180978921107, 'reg_lambda': 6.255869710464748e-05, 'min_child_weight': 16, 'gamma': 0.4007428935008268, 'num_boost_round': 557}. Best is trial 442 with value: 0.7504988488104375.
# [I 2024-01-24 20:00:33,298] Trial 498 finished with value: 0.7472243540547454 and parameters: {'max_depth': 26, 'learning_rate': 0.14607258037834053, 'subsample': 0.9790677087314826, 'colsample_bytree': 0.7643771353847129, 'reg_alpha': 0.7808347945868865, 'reg_lambda': 0.03149505195409376, 'min_child_weight': 15, 'gamma': 0.43606981527046895, 'num_boost_round': 489}. Best is trial 442 with value: 0.7504988488104375.
# [I 2024-01-24 20:00:49,485] Trial 499 finished with value: 0.7493220772576106 and parameters: {'max_depth': 29, 'learning_rate': 0.06286309178088899, 'subsample': 0.9995974539557735, 'colsample_bytree': 0.7273098261663342, 'reg_alpha': 0.00016883658047253512, 'reg_lambda': 9.22040629895827e-05, 'min_child_weight': 17, 'gamma': 0.389129016332746, 'num_boost_round': 577}. Best is trial 442 with value: 0.7504988488104375.
# [I 2024-01-24 20:01:05,991] Trial 500 finished with value: 0.7492964952673318 and parameters: {'max_depth': 28, 'learning_rate': 0.0573921110139967, 'subsample': 0.9353299673475558, 'colsample_bytree': 0.720896352341405, 'reg_alpha': 0.352197868038259, 'reg_lambda': 0.0009229631643488318, 'min_child_weight': 16, 'gamma': 0.3496884128632263, 'num_boost_round': 438}. Best is trial 442 with value: 0.7504988488104375.
# [I 2024-01-24 20:01:18,791] Trial 501 finished with value: 0.7478383218214377 and parameters: {'max_depth': 23, 'learning_rate': 0.045660356343564606, 'subsample': 0.9565406231091094, 'colsample_bytree': 0.7532265219268687, 'reg_alpha': 0.78935607406241, 'reg_lambda': 0.00019731273253554023, 'min_child_weight': 13, 'gamma': 0.4243986750442904, 'num_boost_round': 609}. Best is trial 442 with value: 0.7504988488104375.
# [I 2024-01-24 20:01:36,238] Trial 502 finished with value: 0.7488871834228703 and parameters: {'max_depth': 25, 'learning_rate': 0.05298029625842178, 'subsample': 0.9850733903083924, 'colsample_bytree': 0.7063919875965049, 'reg_alpha': 0.9915105904418541, 'reg_lambda': 0.000400447190431928, 'min_child_weight': 17, 'gamma': 0.41020901020071304, 'num_boost_round': 549}. Best is trial 442 with value: 0.7504988488104375.
# [I 2024-01-24 20:01:49,283] Trial 503 finished with value: 0.7486057815298031 and parameters: {'max_depth': 26, 'learning_rate': 0.0648682500567766, 'subsample': 0.9924970239471452, 'colsample_bytree': 0.7165476885605933, 'reg_alpha': 0.5166423871402374, 'reg_lambda': 0.000262221092040918, 'min_child_weight': 15, 'gamma': 0.3815508645793409, 'num_boost_round': 536}. Best is trial 442 with value: 0.7504988488104375.
# [I 2024-01-24 20:01:59,860] Trial 504 finished with value: 0.7470452801227936 and parameters: {'max_depth': 27, 'learning_rate': 0.06962442722056733, 'subsample': 0.971608750747222, 'colsample_bytree': 0.7096188287777244, 'reg_alpha': 0.3515797592384213, 'reg_lambda': 1.5889986436089557e-05, 'min_child_weight': 17, 'gamma': 0.3981834713727172, 'num_boost_round': 456}. Best is trial 442 with value: 0.7504988488104375.
# [I 2024-01-24 20:02:16,306] Trial 505 finished with value: 0.7500383729854183 and parameters: {'max_depth': 24, 'learning_rate': 0.059612069536797554, 'subsample': 0.9795208776643566, 'colsample_bytree': 0.7298653887440224, 'reg_alpha': 0.6346810374545601, 'reg_lambda': 0.0001155358276653963, 'min_child_weight': 18, 'gamma': 0.418621124667366, 'num_boost_round': 474}. Best is trial 442 with value: 0.7504988488104375.
# [I 2024-01-24 20:02:31,709] Trial 506 finished with value: 0.7390125351752366 and parameters: {'max_depth': 25, 'learning_rate': 0.011872428490308626, 'subsample': 0.9642178422788228, 'colsample_bytree': 0.7238890748833564, 'reg_alpha': 0.48131830791853136, 'reg_lambda': 0.00013499229401060675, 'min_child_weight': 19, 'gamma': 0.4337296168706395, 'num_boost_round': 472}. Best is trial 442 with value: 0.7504988488104375.
# [I 2024-01-24 20:02:51,337] Trial 507 finished with value: 0.7494755691992837 and parameters: {'max_depth': 24, 'learning_rate': 0.04906323681404742, 'subsample': 0.9757435913566544, 'colsample_bytree': 0.7163989604032872, 'reg_alpha': 1.880505071087127e-06, 'reg_lambda': 0.00017351033576947343, 'min_child_weight': 18, 'gamma': 0.4510616688122478, 'num_boost_round': 460}. Best is trial 442 with value: 0.7504988488104375.
# [I 2024-01-24 20:03:04,547] Trial 508 finished with value: 0.7491685853159376 and parameters: {'max_depth': 25, 'learning_rate': 0.07820351272467065, 'subsample': 0.967298122327611, 'colsample_bytree': 0.700198138710817, 'reg_alpha': 0.06479957716029791, 'reg_lambda': 0.00011636353081098932, 'min_child_weight': 18, 'gamma': 0.37234004483850547, 'num_boost_round': 472}. Best is trial 442 with value: 0.7504988488104375.
# [I 2024-01-24 20:03:18,254] Trial 509 finished with value: 0.7489383474034279 and parameters: {'max_depth': 24, 'learning_rate': 0.062357844160658045, 'subsample': 0.9790397349895851, 'colsample_bytree': 0.7056443740831693, 'reg_alpha': 0.27410900546770406, 'reg_lambda': 0.0001494494905184054, 'min_child_weight': 18, 'gamma': 0.42392506971324195, 'num_boost_round': 476}. Best is trial 442 with value: 0.7504988488104375.
# [I 2024-01-24 20:03:34,773] Trial 510 finished with value: 0.7482476336658992 and parameters: {'max_depth': 26, 'learning_rate': 0.056585583542536094, 'subsample': 0.9438686728291726, 'colsample_bytree': 0.7129352309176252, 'reg_alpha': 0.03202826667207116, 'reg_lambda': 0.00023079114812918982, 'min_child_weight': 18, 'gamma': 0.4061128409875207, 'num_boost_round': 450}. Best is trial 442 with value: 0.7504988488104375.
# [I 2024-01-24 20:03:46,680] Trial 511 finished with value: 0.7470452801227936 and parameters: {'max_depth': 24, 'learning_rate': 0.07299356720638334, 'subsample': 0.817339554494765, 'colsample_bytree': 0.725858518403345, 'reg_alpha': 0.3681594635420731, 'reg_lambda': 0.00010618766087635034, 'min_child_weight': 19, 'gamma': 0.38788826402493637, 'num_boost_round': 899}. Best is trial 442 with value: 0.7504988488104375.
# [I 2024-01-24 20:04:00,451] Trial 512 finished with value: 0.748119723714505 and parameters: {'max_depth': 25, 'learning_rate': 0.0533317694065836, 'subsample': 0.9537053063481202, 'colsample_bytree': 0.719605397729705, 'reg_alpha': 0.5901263607143667, 'reg_lambda': 0.00029108166837475734, 'min_child_weight': 17, 'gamma': 0.4192429614001481, 'num_boost_round': 479}. Best is trial 442 with value: 0.7504988488104375.
# [I 2024-01-24 20:04:52,608] Trial 513 finished with value: 0.7452801227935533 and parameters: {'max_depth': 25, 'learning_rate': 0.007730180085963464, 'subsample': 0.9696929345673776, 'colsample_bytree': 0.7102470128578022, 'reg_alpha': 0.4393167403520491, 'reg_lambda': 0.0005311068319818965, 'min_child_weight': 18, 'gamma': 0.3970539220246968, 'num_boost_round': 487}. Best is trial 442 with value: 0.7504988488104375.
# [I 2024-01-24 20:05:03,671] Trial 514 finished with value: 0.748119723714505 and parameters: {'max_depth': 24, 'learning_rate': 0.08917980677925971, 'subsample': 0.9797339132698614, 'colsample_bytree': 0.7311713062035671, 'reg_alpha': 0.18450265568384497, 'reg_lambda': 9.157852930122859e-05, 'min_child_weight': 18, 'gamma': 0.4055288103715152, 'num_boost_round': 563}. Best is trial 442 with value: 0.7504988488104375.
