# [I 2024-01-24 19:46:59,490] Trial 258 finished with value: 0.7486057815298031 and parameters: {'max_depth': 103, 'learning_rate': 0.038572739557533695, 'subsample': 0.9728151445881578, 'colsample_bytree': 0.7267760205062421, 'reg_alpha': 0.5852488862461971, 'reg_lambda': 0.1333315612806134, 'min_child_weight': 16, 'gamma': 0.28839669450590344, 'num_boost_round': 520}. Best is trial 222 with value: 0.7501662829368125.
# [I 2024-01-24 19:47:15,846] Trial 259 finished with value: 0.7484267075978511 and parameters: {'max_depth': 145, 'learning_rate': 0.047975453489694043, 'subsample': 0.9601259030538426, 'colsample_bytree': 0.7072366930516591, 'reg_alpha': 0.9236784169090773, 'reg_lambda': 0.05069158669149989, 'min_child_weight': 15, 'gamma': 0.26530593077223447, 'num_boost_round': 508}. Best is trial 222 with value: 0.7501662829368125.
# [I 2024-01-24 19:47:36,783] Trial 260 finished with value: 0.7486313635200819 and parameters: {'max_depth': 86, 'learning_rate': 0.05305681368392104, 'subsample': 0.9668891547120909, 'colsample_bytree': 0.721815763140681, 'reg_alpha': 0.0003839723056980587, 'reg_lambda': 0.0765220365431387, 'min_child_weight': 18, 'gamma': 0.3126281412062953, 'num_boost_round': 493}. Best is trial 222 with value: 0.7501662829368125.
# [I 2024-01-24 19:47:54,075] Trial 261 finished with value: 0.7489639293937068 and parameters: {'max_depth': 98, 'learning_rate': 0.04462879565704421, 'subsample': 0.9825295037862477, 'colsample_bytree': 0.71119593932842, 'reg_alpha': 0.45738777934779223, 'reg_lambda': 0.20537062858671032, 'min_child_weight': 17, 'gamma': 0.2811007129638814, 'num_boost_round': 453}. Best is trial 222 with value: 0.7501662829368125.
# [I 2024-01-24 19:48:13,546] Trial 262 finished with value: 0.7494755691992837 and parameters: {'max_depth': 274, 'learning_rate': 0.05508047828835273, 'subsample': 0.9547432361563801, 'colsample_bytree': 0.7052170465990183, 'reg_alpha': 0.7239362566240565, 'reg_lambda': 0.09854626665639936, 'min_child_weight': 15, 'gamma': 0.22496323226239343, 'num_boost_round': 522}. Best is trial 222 with value: 0.7501662829368125.
# [I 2024-01-24 19:48:32,672] Trial 263 finished with value: 0.7483755436172934 and parameters: {'max_depth': 267, 'learning_rate': 0.05578691241011694, 'subsample': 0.955930706830936, 'colsample_bytree': 0.7040741422877625, 'reg_alpha': 0.5658869675276369, 'reg_lambda': 0.09043898400461148, 'min_child_weight': 15, 'gamma': 0.24340243506728218, 'num_boost_round': 523}. Best is trial 222 with value: 0.7501662829368125.
# [I 2024-01-24 19:48:54,498] Trial 264 finished with value: 0.7493732412381684 and parameters: {'max_depth': 276, 'learning_rate': 0.05018126968299406, 'subsample': 0.9695485194387724, 'colsample_bytree': 0.7315200562017298, 'reg_alpha': 0.0005736128545374684, 'reg_lambda': 0.10688686929712173, 'min_child_weight': 15, 'gamma': 0.22786122911336507, 'num_boost_round': 514}. Best is trial 222 with value: 0.7501662829368125.
# [I 2024-01-24 19:49:16,627] Trial 265 finished with value: 0.7483755436172934 and parameters: {'max_depth': 113, 'learning_rate': 0.05042448869466711, 'subsample': 0.9727125042935556, 'colsample_bytree': 0.7369126681005155, 'reg_alpha': 0.0004104752548734832, 'reg_lambda': 0.1433517149121041, 'min_child_weight': 15, 'gamma': 0.18045708316886436, 'num_boost_round': 535}. Best is trial 222 with value: 0.7501662829368125.
# [I 2024-01-24 19:49:39,842] Trial 266 finished with value: 0.7482476336658992 and parameters: {'max_depth': 272, 'learning_rate': 0.0480275767422677, 'subsample': 0.7020576695163148, 'colsample_bytree': 0.7314743093968101, 'reg_alpha': 0.0006137910359691792, 'reg_lambda': 0.09896311366088116, 'min_child_weight': 15, 'gamma': 0.22355651880125657, 'num_boost_round': 501}. Best is trial 222 with value: 0.7501662829368125.
# [I 2024-01-24 19:49:59,867] Trial 267 finished with value: 0.7480173957533895 and parameters: {'max_depth': 261, 'learning_rate': 0.04591767905564835, 'subsample': 0.9796788411969001, 'colsample_bytree': 0.7427672394819741, 'reg_alpha': 0.0005774059230920674, 'reg_lambda': 0.11068249330913613, 'min_child_weight': 14, 'gamma': 0.21393986911211235, 'num_boost_round': 476}. Best is trial 222 with value: 0.7501662829368125.
# [I 2024-01-24 19:50:18,409] Trial 268 finished with value: 0.7478894858019953 and parameters: {'max_depth': 275, 'learning_rate': 0.0578794047165101, 'subsample': 0.9520117249609902, 'colsample_bytree': 0.72522016266516, 'reg_alpha': 0.0002656220723708231, 'reg_lambda': 0.7650693745539433, 'min_child_weight': 15, 'gamma': 0.16776533240291228, 'num_boost_round': 524}. Best is trial 222 with value: 0.7501662829368125.
# [I 2024-01-24 19:50:38,871] Trial 269 finished with value: 0.7487336914811973 and parameters: {'max_depth': 109, 'learning_rate': 0.051208362562439505, 'subsample': 0.9698286241674617, 'colsample_bytree': 0.7313225374063637, 'reg_alpha': 0.000962666966775469, 'reg_lambda': 0.17686274604797794, 'min_child_weight': 14, 'gamma': 0.200691313725599, 'num_boost_round': 514}. Best is trial 222 with value: 0.7501662829368125.
# [I 2024-01-24 19:51:00,318] Trial 270 finished with value: 0.7487592734714761 and parameters: {'max_depth': 266, 'learning_rate': 0.04069507865095813, 'subsample': 0.8382913997612206, 'colsample_bytree': 0.7176931438806796, 'reg_alpha': 0.00033292080813815655, 'reg_lambda': 0.05681021122131969, 'min_child_weight': 15, 'gamma': 0.2994033679894195, 'num_boost_round': 490}. Best is trial 222 with value: 0.7501662829368125.
# [I 2024-01-24 19:51:20,248] Trial 271 finished with value: 0.7483755436172934 and parameters: {'max_depth': 116, 'learning_rate': 0.04732387123344965, 'subsample': 0.9871784919964642, 'colsample_bytree': 0.7264700304624835, 'reg_alpha': 0.0004968041692971257, 'reg_lambda': 0.04047202634145763, 'min_child_weight': 16, 'gamma': 0.1464667920211983, 'num_boost_round': 502}. Best is trial 222 with value: 0.7501662829368125.
# [I 2024-01-24 19:51:37,530] Trial 272 finished with value: 0.7480429777436685 and parameters: {'max_depth': 273, 'learning_rate': 0.0646668753544751, 'subsample': 0.9601217367397923, 'colsample_bytree': 0.7050068100298236, 'reg_alpha': 0.00019564225349687586, 'reg_lambda': 0.5669670226203607, 'min_child_weight': 15, 'gamma': 0.23389462930284194, 'num_boost_round': 536}. Best is trial 222 with value: 0.7501662829368125.
# [I 2024-01-24 19:51:57,742] Trial 273 finished with value: 0.7480941417242262 and parameters: {'max_depth': 254, 'learning_rate': 0.05351473596114659, 'subsample': 0.9556835456562488, 'colsample_bytree': 0.716086100901543, 'reg_alpha': 0.35550051899732016, 'reg_lambda': 0.11082233839277306, 'min_child_weight': 14, 'gamma': 0.3260513588910795, 'num_boost_round': 480}. Best is trial 222 with value: 0.7501662829368125.
# [I 2024-01-24 19:52:15,272] Trial 274 finished with value: 0.7460987464824763 and parameters: {'max_depth': 209, 'learning_rate': 0.04268153565230638, 'subsample': 0.9773969967744256, 'colsample_bytree': 0.723460803837819, 'reg_alpha': 0.004292555075460132, 'reg_lambda': 1.0722965441647276, 'min_child_weight': 2, 'gamma': 0.2332107994422661, 'num_boost_round': 466}. Best is trial 222 with value: 0.7501662829368125.
# [I 2024-01-24 19:52:32,090] Trial 275 finished with value: 0.7468406242005627 and parameters: {'max_depth': 284, 'learning_rate': 0.03757920587590867, 'subsample': 0.9492767120367575, 'colsample_bytree': 0.7002653234848384, 'reg_alpha': 0.6725178835818759, 'reg_lambda': 0.06202878746972035, 'min_child_weight': 16, 'gamma': 0.22779554481534695, 'num_boost_round': 518}. Best is trial 222 with value: 0.7501662829368125.
# [I 2024-01-24 19:52:51,237] Trial 276 finished with value: 0.7488616014325915 and parameters: {'max_depth': 245, 'learning_rate': 0.04911381103254301, 'subsample': 0.9373610142946606, 'colsample_bytree': 0.7365298095153742, 'reg_alpha': 0.0008009913283764359, 'reg_lambda': 0.035755779502469436, 'min_child_weight': 14, 'gamma': 0.2947464988230768, 'num_boost_round': 414}. Best is trial 222 with value: 0.7501662829368125.
# [I 2024-01-24 19:53:09,975] Trial 277 finished with value: 0.7488104374520338 and parameters: {'max_depth': 257, 'learning_rate': 0.058483414200015224, 'subsample': 0.9680255885551927, 'colsample_bytree': 0.7000126056275395, 'reg_alpha': 0.46596152722686, 'reg_lambda': 0.1437236486061083, 'min_child_weight': 16, 'gamma': 0.24984482846795017, 'num_boost_round': 509}. Best is trial 222 with value: 0.7501662829368125.
# [I 2024-01-24 19:53:32,470] Trial 278 finished with value: 0.7487592734714761 and parameters: {'max_depth': 138, 'learning_rate': 0.045591588841279465, 'subsample': 0.9435597946579358, 'colsample_bytree': 0.7138937500506528, 'reg_alpha': 0.00565608966303239, 'reg_lambda': 0.2385510901368241, 'min_child_weight': 15, 'gamma': 0.15393008469993652, 'num_boost_round': 497}. Best is trial 222 with value: 0.7501662829368125.
# [I 2024-01-24 19:53:50,108] Trial 279 finished with value: 0.740598618572525 and parameters: {'max_depth': 203, 'learning_rate': 0.011759801165175299, 'subsample': 0.9602230843593753, 'colsample_bytree': 0.7211675993346619, 'reg_alpha': 0.0007147888855177675, 'reg_lambda': 0.7496053210692907, 'min_child_weight': 15, 'gamma': 0.277363068578932, 'num_boost_round': 543}. Best is trial 222 with value: 0.7501662829368125.
# [I 2024-01-24 19:54:09,494] Trial 280 finished with value: 0.7490662573548221 and parameters: {'max_depth': 97, 'learning_rate': 0.05413395598471537, 'subsample': 0.9513283715799462, 'colsample_bytree': 0.7069225456763278, 'reg_alpha': 0.0002834330943533898, 'reg_lambda': 0.04981293715421073, 'min_child_weight': 16, 'gamma': 0.18911358865544123, 'num_boost_round': 528}. Best is trial 222 with value: 0.7501662829368125.
# [I 2024-01-24 19:54:23,229] Trial 281 finished with value: 0.7466871322588897 and parameters: {'max_depth': 278, 'learning_rate': 0.05003311538587345, 'subsample': 0.9688615241321235, 'colsample_bytree': 0.7306009604761824, 'reg_alpha': 0.0034437508174147667, 'reg_lambda': 0.09547400421252743, 'min_child_weight': 20, 'gamma': 0.31425293375594454, 'num_boost_round': 484}. Best is trial 222 with value: 0.7501662829368125.
# [I 2024-01-24 19:54:43,446] Trial 282 finished with value: 0.7488104374520338 and parameters: {'max_depth': 262, 'learning_rate': 0.04069918125502536, 'subsample': 0.9568824598730034, 'colsample_bytree': 0.7122990930763694, 'reg_alpha': 0.6631816821099356, 'reg_lambda': 1.4112934866489835, 'min_child_weight': 18, 'gamma': 0.2894945643613879, 'num_boost_round': 494}. Best is trial 222 with value: 0.7501662829368125.
# [I 2024-01-24 19:55:03,801] Trial 283 finished with value: 0.7482987976464569 and parameters: {'max_depth': 91, 'learning_rate': 0.03471746973473633, 'subsample': 0.9431622996429108, 'colsample_bytree': 0.7181865327405794, 'reg_alpha': 0.9977460161952001, 'reg_lambda': 0.06909166995883735, 'min_child_weight': 9, 'gamma': 0.3029485557640609, 'num_boost_round': 508}. Best is trial 222 with value: 0.7501662829368125.
# [I 2024-01-24 19:55:24,721] Trial 284 finished with value: 0.7489383474034279 and parameters: {'max_depth': 124, 'learning_rate': 0.04630879698256987, 'subsample': 0.8768376285830557, 'colsample_bytree': 0.706228678312762, 'reg_alpha': 0.0005174783867851408, 'reg_lambda': 0.031858779461164645, 'min_child_weight': 14, 'gamma': 0.27405417248136904, 'num_boost_round': 518}. Best is trial 222 with value: 0.7501662829368125.
# [I 2024-01-24 19:55:36,648] Trial 285 finished with value: 0.7460475825019186 and parameters: {'max_depth': 251, 'learning_rate': 0.05879887708402964, 'subsample': 0.9627698612788834, 'colsample_bytree': 0.7411521020516206, 'reg_alpha': 0.0010382210087393512, 'reg_lambda': 0.043158909643826834, 'min_child_weight': 15, 'gamma': 0.2417087257379852, 'num_boost_round': 528}. Best is trial 222 with value: 0.7501662829368125.
# [I 2024-01-24 19:55:55,901] Trial 286 finished with value: 0.7490662573548221 and parameters: {'max_depth': 103, 'learning_rate': 0.043863174844544994, 'subsample': 0.9738314023788865, 'colsample_bytree': 0.7283426277710826, 'reg_alpha': 0.4562038501370222, 'reg_lambda': 0.1600694662301746, 'min_child_weight': 16, 'gamma': 0.25130093539204673, 'num_boost_round': 503}. Best is trial 222 with value: 0.7501662829368125.
# [I 2024-01-24 19:56:15,725] Trial 287 finished with value: 0.7482220516756204 and parameters: {'max_depth': 246, 'learning_rate': 0.05204373315642972, 'subsample': 0.9485464043767109, 'colsample_bytree': 0.7120021641721328, 'reg_alpha': 0.006479484340237729, 'reg_lambda': 0.3342172223774972, 'min_child_weight': 15, 'gamma': 0.3044676271486563, 'num_boost_round': 487}. Best is trial 222 with value: 0.7501662829368125.
# [I 2024-01-24 19:56:33,858] Trial 288 finished with value: 0.74845228958813 and parameters: {'max_depth': 144, 'learning_rate': 0.06718768077090381, 'subsample': 0.9549199178009136, 'colsample_bytree': 0.7220330490668954, 'reg_alpha': 0.000410434405281298, 'reg_lambda': 0.5414327058085651, 'min_child_weight': 17, 'gamma': 0.2221767692426722, 'num_boost_round': 516}. Best is trial 222 with value: 0.7501662829368125.
# [I 2024-01-24 19:56:51,320] Trial 289 finished with value: 0.7476336658992069 and parameters: {'max_depth': 110, 'learning_rate': 0.039353613465568316, 'subsample': 0.9629235615941842, 'colsample_bytree': 0.7063216512920247, 'reg_alpha': 0.004111581676338872, 'reg_lambda': 0.9888606062973682, 'min_child_weight': 16, 'gamma': 0.2876768999696076, 'num_boost_round': 475}. Best is trial 222 with value: 0.7501662829368125.
# [I 2024-01-24 19:57:05,536] Trial 290 finished with value: 0.7482476336658992 and parameters: {'max_depth': 117, 'learning_rate': 0.05568434405230621, 'subsample': 0.978546189141141, 'colsample_bytree': 0.7152139536486378, 'reg_alpha': 0.3286683290838716, 'reg_lambda': 0.0861805033118548, 'min_child_weight': 19, 'gamma': 0.27074132293689646, 'num_boost_round': 501}. Best is trial 222 with value: 0.7501662829368125.
# [I 2024-01-24 19:57:19,324] Trial 291 finished with value: 0.747454591967255 and parameters: {'max_depth': 76, 'learning_rate': 0.06297884792715415, 'subsample': 0.9348279944405532, 'colsample_bytree': 0.7255937076166434, 'reg_alpha': 0.7234518921511548, 'reg_lambda': 0.7198143371701301, 'min_child_weight': 16, 'gamma': 0.2572638404364169, 'num_boost_round': 510}. Best is trial 222 with value: 0.7501662829368125.
# [I 2024-01-24 19:57:30,485] Trial 292 finished with value: 0.7474290099769763 and parameters: {'max_depth': 135, 'learning_rate': 0.09850365631354889, 'subsample': 0.9687352012492771, 'colsample_bytree': 0.7349465180703897, 'reg_alpha': 0.10035019471779023, 'reg_lambda': 0.11879967441567639, 'min_child_weight': 14, 'gamma': 0.31776360897490113, 'num_boost_round': 492}. Best is trial 222 with value: 0.7501662829368125.
# [I 2024-01-24 19:57:48,949] Trial 293 finished with value: 0.7481453057047838 and parameters: {'max_depth': 158, 'learning_rate': 0.048353054890101346, 'subsample': 0.94229108644007, 'colsample_bytree': 0.700681433812455, 'reg_alpha': 0.5589502030026198, 'reg_lambda': 0.05932797196560943, 'min_child_weight': 15, 'gamma': 0.29330197907717853, 'num_boost_round': 549}. Best is trial 222 with value: 0.7501662829368125.
# [I 2024-01-24 19:58:08,611] Trial 294 finished with value: 0.7482987976464569 and parameters: {'max_depth': 239, 'learning_rate': 0.044685429912245694, 'subsample': 0.9491596297367595, 'colsample_bytree': 0.7100492957939949, 'reg_alpha': 2.5343081719725024e-06, 'reg_lambda': 0.03217127250652556, 'min_child_weight': 17, 'gamma': 0.20284725707218854, 'num_boost_round': 530}. Best is trial 222 with value: 0.7501662829368125.
# [I 2024-01-24 19:58:25,787] Trial 295 finished with value: 0.7487592734714761 and parameters: {'max_depth': 269, 'learning_rate': 0.052042591766437656, 'subsample': 0.9591297949296446, 'colsample_bytree': 0.7184466101676309, 'reg_alpha': 0.9779084694886736, 'reg_lambda': 0.40947480042429546, 'min_child_weight': 18, 'gamma': 0.3371941609073481, 'num_boost_round': 520}. Best is trial 222 with value: 0.7501662829368125.
# [I 2024-01-24 19:58:46,483] Trial 296 finished with value: 0.7486057815298031 and parameters: {'max_depth': 250, 'learning_rate': 0.048305049197490624, 'subsample': 0.7752067522312035, 'colsample_bytree': 0.7068378382563478, 'reg_alpha': 0.0021505634941673254, 'reg_lambda': 0.017435775676866393, 'min_child_weight': 15, 'gamma': 0.3054210147316552, 'num_boost_round': 462}. Best is trial 222 with value: 0.7501662829368125.
# [I 2024-01-24 19:59:05,624] Trial 297 finished with value: 0.7487848554617549 and parameters: {'max_depth': 107, 'learning_rate': 0.04190765623116165, 'subsample': 0.9831526056241575, 'colsample_bytree': 0.7140619858782126, 'reg_alpha': 0.0031669249253741356, 'reg_lambda': 0.22724584945737974, 'min_child_weight': 16, 'gamma': 0.2567382651598779, 'num_boost_round': 482}. Best is trial 222 with value: 0.7501662829368125.
# [I 2024-01-24 19:59:28,742] Trial 298 finished with value: 0.7485034535686876 and parameters: {'max_depth': 129, 'learning_rate': 0.03717841937625138, 'subsample': 0.9541210047901812, 'colsample_bytree': 0.7299495414888836, 'reg_alpha': 0.7113255081739758, 'reg_lambda': 0.0444753289026477, 'min_child_weight': 14, 'gamma': 0.26975784898746763, 'num_boost_round': 499}. Best is trial 222 with value: 0.7501662829368125.
# [I 2024-01-24 19:59:51,389] Trial 299 finished with value: 0.74845228958813 and parameters: {'max_depth': 138, 'learning_rate': 0.05615769290198723, 'subsample': 0.9669178091658256, 'colsample_bytree': 0.7457008146416972, 'reg_alpha': 0.00036888405768742915, 'reg_lambda': 0.06727762770389725, 'min_child_weight': 20, 'gamma': 0.28115610851649153, 'num_boost_round': 507}. Best is trial 222 with value: 0.7501662829368125.
# [I 2024-01-24 20:00:09,557] Trial 300 finished with value: 0.7493988232284472 and parameters: {'max_depth': 191, 'learning_rate': 0.05126839640671411, 'subsample': 0.9766978672092135, 'colsample_bytree': 0.7224385576608564, 'reg_alpha': 0.5252594140538285, 'reg_lambda': 0.973586704685924, 'min_child_weight': 15, 'gamma': 0.29574514384101847, 'num_boost_round': 539}. Best is trial 222 with value: 0.7501662829368125.
# [I 2024-01-24 20:00:26,313] Trial 301 finished with value: 0.7489127654131491 and parameters: {'max_depth': 199, 'learning_rate': 0.05227837796270782, 'subsample': 0.9767181192562828, 'colsample_bytree': 0.720575086875301, 'reg_alpha': 0.42435482353928405, 'reg_lambda': 1.2676702187662288, 'min_child_weight': 15, 'gamma': 0.2930765404083018, 'num_boost_round': 536}. Best is trial 222 with value: 0.7501662829368125.
# [I 2024-01-24 20:00:41,346] Trial 302 finished with value: 0.7489895113839857 and parameters: {'max_depth': 188, 'learning_rate': 0.060403420517773705, 'subsample': 0.9882102639535861, 'colsample_bytree': 0.700470804076983, 'reg_alpha': 0.5205590554397277, 'reg_lambda': 1.8648405741575786, 'min_child_weight': 15, 'gamma': 0.3141077342333699, 'num_boost_round': 492}. Best is trial 222 with value: 0.7501662829368125.
# [I 2024-01-24 20:01:03,685] Trial 303 finished with value: 0.7496802251215144 and parameters: {'max_depth': 192, 'learning_rate': 0.04660752975662668, 'subsample': 0.9736485258954228, 'colsample_bytree': 0.7099070582463836, 'reg_alpha': 0.7108577414973875, 'reg_lambda': 0.9609149899407051, 'min_child_weight': 16, 'gamma': 0.27997800995115474, 'num_boost_round': 440}. Best is trial 222 with value: 0.7501662829368125.
# [I 2024-01-24 20:01:22,088] Trial 304 finished with value: 0.7486057815298031 and parameters: {'max_depth': 208, 'learning_rate': 0.045706000207790524, 'subsample': 0.9168391794856913, 'colsample_bytree': 0.7138936745009647, 'reg_alpha': 0.5781336468086492, 'reg_lambda': 0.9575811225125367, 'min_child_weight': 16, 'gamma': 0.2816199663911021, 'num_boost_round': 457}. Best is trial 222 with value: 0.7501662829368125.
# [I 2024-01-24 20:01:43,761] Trial 305 finished with value: 0.7487081094909184 and parameters: {'max_depth': 186, 'learning_rate': 0.042346888591147866, 'subsample': 0.9921923881785568, 'colsample_bytree': 0.7061225461092492, 'reg_alpha': 0.3518435311679963, 'reg_lambda': 0.6466604622157687, 'min_child_weight': 16, 'gamma': 0.2675913440104846, 'num_boost_round': 436}. Best is trial 222 with value: 0.7501662829368125.
# [I 2024-01-24 20:02:00,390] Trial 306 finished with value: 0.74778715784088 and parameters: {'max_depth': 192, 'learning_rate': 0.0390070652296202, 'subsample': 0.9822065098879685, 'colsample_bytree': 0.7227996926258901, 'reg_alpha': 0.7543333071099305, 'reg_lambda': 0.9141402153547251, 'min_child_weight': 17, 'gamma': 0.27566273236377037, 'num_boost_round': 520}. Best is trial 222 with value: 0.7501662829368125.
# [I 2024-01-24 20:02:17,027] Trial 307 finished with value: 0.7479406497825531 and parameters: {'max_depth': 193, 'learning_rate': 0.04832614274596301, 'subsample': 0.9724948951210673, 'colsample_bytree': 0.7000762215181139, 'reg_alpha': 0.7351112988429934, 'reg_lambda': 0.6037003656890203, 'min_child_weight': 16, 'gamma': 0.24381272812272, 'num_boost_round': 449}. Best is trial 222 with value: 0.7501662829368125.
# [I 2024-01-24 20:02:33,531] Trial 308 finished with value: 0.7482220516756204 and parameters: {'max_depth': 197, 'learning_rate': 0.055462324310848556, 'subsample': 0.9649175289695274, 'colsample_bytree': 0.7176738564425957, 'reg_alpha': 0.519311251445532, 'reg_lambda': 1.0842397506706907, 'min_child_weight': 15, 'gamma': 0.28747052232133913, 'num_boost_round': 442}. Best is trial 222 with value: 0.7501662829368125.
# [I 2024-01-24 20:02:50,956] Trial 309 finished with value: 0.74778715784088 and parameters: {'max_depth': 201, 'learning_rate': 0.04403115022954341, 'subsample': 0.9594285831706185, 'colsample_bytree': 0.7115334062348181, 'reg_alpha': 0.9801573717874178, 'reg_lambda': 1.6053267292661821, 'min_child_weight': 16, 'gamma': 0.25831694186253407, 'num_boost_round': 423}. Best is trial 222 with value: 0.7501662829368125.
