# [I 2024-01-24 18:43:59,964] Trial 51 finished with value: 0.7456382706574571 and parameters: {'max_depth': 155, 'learning_rate': 0.030337166118410537, 'subsample': 0.9768598143963795, 'colsample_bytree': 0.7764217833741451, 'reg_alpha': 0.014890768995553758, 'reg_lambda': 0.2388521380780793, 'min_child_weight': 3, 'gamma': 0.4790145967306109, 'num_boost_round': 463}. Best is trial 14 with value: 0.7489639293937068.
# [I 2024-01-24 18:44:19,084] Trial 52 finished with value: 0.7453824507546687 and parameters: {'max_depth': 115, 'learning_rate': 0.04293695511791614, 'subsample': 0.9375658509886858, 'colsample_bytree': 0.8164625078458947, 'reg_alpha': 0.018843246175313504, 'reg_lambda': 0.024676070152027323, 'min_child_weight': 3, 'gamma': 0.43518546588308793, 'num_boost_round': 431}. Best is trial 14 with value: 0.7489639293937068.
# [I 2024-01-24 18:44:51,683] Trial 53 finished with value: 0.7483499616270146 and parameters: {'max_depth': 134, 'learning_rate': 0.0234028777753477, 'subsample': 0.987479815418768, 'colsample_bytree': 0.8000509688798665, 'reg_alpha': 0.07532438670285466, 'reg_lambda': 0.06770976876863471, 'min_child_weight': 13, 'gamma': 0.4656550294756095, 'num_boost_round': 545}. Best is trial 14 with value: 0.7489639293937068.
# [I 2024-01-24 18:45:01,124] Trial 54 finished with value: 0.7418009721156307 and parameters: {'max_depth': 136, 'learning_rate': 0.02073035761019665, 'subsample': 0.9911453336003266, 'colsample_bytree': 0.8004341421122935, 'reg_alpha': 0.08313612701316428, 'reg_lambda': 0.06912407273339427, 'min_child_weight': 13, 'gamma': 0.4518561361026294, 'num_boost_round': 511}. Best is trial 14 with value: 0.7489639293937068.
# [I 2024-01-24 18:45:12,648] Trial 55 finished with value: 0.742721923765669 and parameters: {'max_depth': 192, 'learning_rate': 0.014843989589012823, 'subsample': 0.9589865063828938, 'colsample_bytree': 0.8340793177173628, 'reg_alpha': 0.38857105533280345, 'reg_lambda': 0.014122911751699099, 'min_child_weight': 12, 'gamma': 0.4988640525967276, 'num_boost_round': 545}. Best is trial 14 with value: 0.7489639293937068.
# [I 2024-01-24 18:45:25,735] Trial 56 finished with value: 0.7471220260936301 and parameters: {'max_depth': 101, 'learning_rate': 0.07077340033117976, 'subsample': 0.7097912420850908, 'colsample_bytree': 0.8193495699566438, 'reg_alpha': 0.16642472285660878, 'reg_lambda': 0.12722661599020577, 'min_child_weight': 15, 'gamma': 0.4185920210358786, 'num_boost_round': 614}. Best is trial 14 with value: 0.7489639293937068.
# [I 2024-01-24 18:45:34,697] Trial 57 finished with value: 0.7468662061908417 and parameters: {'max_depth': 159, 'learning_rate': 0.1366723749760759, 'subsample': 0.9855701589072035, 'colsample_bytree': 0.8064707463271242, 'reg_alpha': 0.0067927631313429325, 'reg_lambda': 4.758280605905071e-06, 'min_child_weight': 10, 'gamma': 0.4622614698233277, 'num_boost_round': 583}. Best is trial 14 with value: 0.7489639293937068.
# [I 2024-01-24 18:45:44,058] Trial 58 finished with value: 0.7382450754668713 and parameters: {'max_depth': 123, 'learning_rate': 0.009961567949144944, 'subsample': 0.9681787654202265, 'colsample_bytree': 0.793751999363499, 'reg_alpha': 0.027832243430122406, 'reg_lambda': 0.002521105468680221, 'min_child_weight': 13, 'gamma': 0.4795525666028888, 'num_boost_round': 556}. Best is trial 14 with value: 0.7489639293937068.
# [I 2024-01-24 18:46:13,054] Trial 59 finished with value: 0.7477104118700435 and parameters: {'max_depth': 178, 'learning_rate': 0.02333353654098583, 'subsample': 0.8831823995909892, 'colsample_bytree': 0.8852817145634431, 'reg_alpha': 0.6089349187778155, 'reg_lambda': 1.9749631289177807, 'min_child_weight': 12, 'gamma': 0.3865939410812247, 'num_boost_round': 868}. Best is trial 14 with value: 0.7489639293937068.
# [I 2024-01-24 18:46:24,766] Trial 60 finished with value: 0.7469941161422359 and parameters: {'max_depth': 147, 'learning_rate': 0.06092036086308783, 'subsample': 0.9278688804243632, 'colsample_bytree': 0.7682371574842699, 'reg_alpha': 0.0004517908369175386, 'reg_lambda': 0.570037266546954, 'min_child_weight': 11, 'gamma': 0.43869506011949866, 'num_boost_round': 493}. Best is trial 14 with value: 0.7489639293937068.
# [I 2024-01-24 18:46:41,479] Trial 61 finished with value: 0.7457917625991302 and parameters: {'max_depth': 83, 'learning_rate': 0.029474974226269213, 'subsample': 0.9542303301056939, 'colsample_bytree': 0.7256868801873048, 'reg_alpha': 0.09840464104950614, 'reg_lambda': 0.3327089928968844, 'min_child_weight': 1, 'gamma': 0.46254510286429623, 'num_boost_round': 473}. Best is trial 14 with value: 0.7489639293937068.
# [I 2024-01-24 18:47:03,217] Trial 62 finished with value: 0.7476848298797647 and parameters: {'max_depth': 237, 'learning_rate': 0.03565461499276134, 'subsample': 0.975183484416831, 'colsample_bytree': 0.8392211107269459, 'reg_alpha': 0.002644540162504699, 'reg_lambda': 0.0009544627920741747, 'min_child_weight': 14, 'gamma': 0.4848411852329859, 'num_boost_round': 420}. Best is trial 14 with value: 0.7489639293937068.
# [I 2024-01-24 18:47:22,289] Trial 63 finished with value: 0.7453312867741111 and parameters: {'max_depth': 135, 'learning_rate': 0.02458007891348067, 'subsample': 0.746664701037133, 'colsample_bytree': 0.7042741558526971, 'reg_alpha': 0.0008780159940473036, 'reg_lambda': 0.030012626930860948, 'min_child_weight': 12, 'gamma': 0.4159831532069579, 'num_boost_round': 514}. Best is trial 14 with value: 0.7489639293937068.
# [I 2024-01-24 18:47:42,627] Trial 64 finished with value: 0.7487336914811973 and parameters: {'max_depth': 159, 'learning_rate': 0.05221519987760955, 'subsample': 0.9887248006873312, 'colsample_bytree': 0.778927067704032, 'reg_alpha': 0.04587221400492756, 'reg_lambda': 0.055383220382527916, 'min_child_weight': 17, 'gamma': 0.3105849860139176, 'num_boost_round': 734}. Best is trial 14 with value: 0.7489639293937068.
# [I 2024-01-24 18:47:59,185] Trial 65 finished with value: 0.7470964441033512 and parameters: {'max_depth': 160, 'learning_rate': 0.04902492463086326, 'subsample': 0.9888935652363887, 'colsample_bytree': 0.7852998675653912, 'reg_alpha': 9.871016626052363e-06, 'reg_lambda': 0.06386727698311527, 'min_child_weight': 20, 'gamma': 0.32615255911620916, 'num_boost_round': 682}. Best is trial 14 with value: 0.7489639293937068.
# [I 2024-01-24 18:48:12,311] Trial 66 finished with value: 0.7469429521616782 and parameters: {'max_depth': 211, 'learning_rate': 0.08487837540203953, 'subsample': 0.9994848342346434, 'colsample_bytree': 0.8093026453167848, 'reg_alpha': 0.04333058076256269, 'reg_lambda': 0.0122684590675802, 'min_child_weight': 18, 'gamma': 0.1750385237022821, 'num_boost_round': 635}. Best is trial 14 with value: 0.7489639293937068.
# [I 2024-01-24 18:48:27,163] Trial 67 finished with value: 0.747301100025582 and parameters: {'max_depth': 195, 'learning_rate': 0.05970497265657504, 'subsample': 0.9432261062551118, 'colsample_bytree': 0.7759591521655506, 'reg_alpha': 0.20926020361765166, 'reg_lambda': 0.005488119524541893, 'min_child_weight': 17, 'gamma': 0.2938391880641991, 'num_boost_round': 731}. Best is trial 14 with value: 0.7489639293937068.
# [I 2024-01-24 18:48:55,840] Trial 68 finished with value: 0.7465592223074955 and parameters: {'max_depth': 173, 'learning_rate': 0.020249319528686555, 'subsample': 0.8497539782293524, 'colsample_bytree': 0.7944669673456799, 'reg_alpha': 0.2696359177369775, 'reg_lambda': 0.12803179401799142, 'min_child_weight': 18, 'gamma': 0.08468520175131372, 'num_boost_round': 787}. Best is trial 14 with value: 0.7489639293937068.
# [I 2024-01-24 18:49:11,334] Trial 69 finished with value: 0.7473778459964185 and parameters: {'max_depth': 106, 'learning_rate': 0.053542310072436206, 'subsample': 0.8959584037884122, 'colsample_bytree': 0.8205667109535174, 'reg_alpha': 0.09767005317174086, 'reg_lambda': 0.04306172744450122, 'min_child_weight': 15, 'gamma': 0.22714566539077913, 'num_boost_round': 874}. Best is trial 14 with value: 0.7489639293937068.
# [I 2024-01-24 18:49:32,180] Trial 70 finished with value: 0.7488104374520338 and parameters: {'max_depth': 229, 'learning_rate': 0.046088695535573175, 'subsample': 0.9599043960695628, 'colsample_bytree': 0.7612915766032442, 'reg_alpha': 0.007729171138297237, 'reg_lambda': 0.020874782852510387, 'min_child_weight': 16, 'gamma': 0.2578837948426499, 'num_boost_round': 523}. Best is trial 14 with value: 0.7489639293937068.
# [I 2024-01-24 18:49:54,893] Trial 71 finished with value: 0.7489383474034279 and parameters: {'max_depth': 232, 'learning_rate': 0.04209444587578822, 'subsample': 0.9622895509924781, 'colsample_bytree': 0.7579824560249258, 'reg_alpha': 0.00978421836642379, 'reg_lambda': 0.01931454235651715, 'min_child_weight': 16, 'gamma': 0.2771675171835468, 'num_boost_round': 526}. Best is trial 14 with value: 0.7489639293937068.
# [I 2024-01-24 18:50:13,832] Trial 72 finished with value: 0.7479918137631107 and parameters: {'max_depth': 231, 'learning_rate': 0.04903132539197806, 'subsample': 0.9604465199213258, 'colsample_bytree': 0.7492256524386572, 'reg_alpha': 0.009379437074404653, 'reg_lambda': 0.016255653469714255, 'min_child_weight': 16, 'gamma': 0.26708804209207043, 'num_boost_round': 537}. Best is trial 14 with value: 0.7489639293937068.
# [I 2024-01-24 18:50:35,385] Trial 73 finished with value: 0.7480173957533895 and parameters: {'max_depth': 266, 'learning_rate': 0.043735676591569614, 'subsample': 0.9526141640191366, 'colsample_bytree': 0.7671957909871412, 'reg_alpha': 0.004042028562434782, 'reg_lambda': 0.009115861785487274, 'min_child_weight': 17, 'gamma': 0.2430177429571885, 'num_boost_round': 576}. Best is trial 14 with value: 0.7489639293937068.
# [I 2024-01-24 18:50:58,338] Trial 74 finished with value: 0.7471220260936301 and parameters: {'max_depth': 291, 'learning_rate': 0.032157526328496965, 'subsample': 0.9123146105019072, 'colsample_bytree': 0.761164218263593, 'reg_alpha': 0.02208330890702685, 'reg_lambda': 0.019780969486231238, 'min_child_weight': 16, 'gamma': 0.2782946971173052, 'num_boost_round': 501}. Best is trial 14 with value: 0.7489639293937068.
# [I 2024-01-24 18:51:11,752] Trial 75 finished with value: 0.7485290355589664 and parameters: {'max_depth': 257, 'learning_rate': 0.06454687101813182, 'subsample': 0.9903584484134031, 'colsample_bytree': 0.7774875421631736, 'reg_alpha': 0.007164302439008728, 'reg_lambda': 0.0021344302778385253, 'min_child_weight': 19, 'gamma': 0.31865460685878605, 'num_boost_round': 600}. Best is trial 14 with value: 0.7489639293937068.
# [I 2024-01-24 18:51:27,653] Trial 76 finished with value: 0.7479918137631107 and parameters: {'max_depth': 249, 'learning_rate': 0.06822514594017651, 'subsample': 0.98892368939739, 'colsample_bytree': 0.7806137372718435, 'reg_alpha': 0.0060995452160051145, 'reg_lambda': 0.0017779779012215516, 'min_child_weight': 19, 'gamma': 0.3168840336605141, 'num_boost_round': 607}. Best is trial 14 with value: 0.7489639293937068.
# [I 2024-01-24 18:51:39,747] Trial 77 finished with value: 0.748273215656178 and parameters: {'max_depth': 256, 'learning_rate': 0.08011511358128423, 'subsample': 0.9828731532450401, 'colsample_bytree': 0.7176588638909341, 'reg_alpha': 0.05364162688343551, 'reg_lambda': 0.0011214910784519071, 'min_child_weight': 19, 'gamma': 0.2905393698238424, 'num_boost_round': 555}. Best is trial 14 with value: 0.7489639293937068.
# [I 2024-01-24 18:51:49,288] Trial 78 finished with value: 0.747301100025582 and parameters: {'max_depth': 42, 'learning_rate': 0.09280919657629351, 'subsample': 0.9662083672733239, 'colsample_bytree': 0.7473451066302935, 'reg_alpha': 0.001296983854566653, 'reg_lambda': 0.006146891648049875, 'min_child_weight': 20, 'gamma': 0.22376466917244292, 'num_boost_round': 517}. Best is trial 14 with value: 0.7489639293937068.
# [I 2024-01-24 18:52:05,185] Trial 79 finished with value: 0.7484778715784088 and parameters: {'max_depth': 128, 'learning_rate': 0.05595931531133657, 'subsample': 0.9730421559104532, 'colsample_bytree': 0.7570377577133103, 'reg_alpha': 0.013303420369830317, 'reg_lambda': 0.0533512304135003, 'min_child_weight': 17, 'gamma': 0.19145426158511836, 'num_boost_round': 546}. Best is trial 14 with value: 0.7489639293937068.
# [I 2024-01-24 18:52:23,282] Trial 80 finished with value: 0.7481964696853416 and parameters: {'max_depth': 241, 'learning_rate': 0.05536354221142019, 'subsample': 0.9353676968273996, 'colsample_bytree': 0.75236594198529, 'reg_alpha': 0.010407731271822842, 'reg_lambda': 0.003438023030681744, 'min_child_weight': 18, 'gamma': 0.20066705583478306, 'num_boost_round': 470}. Best is trial 14 with value: 0.7489639293937068.
# [I 2024-01-24 18:52:38,227] Trial 81 finished with value: 0.7485801995395241 and parameters: {'max_depth': 126, 'learning_rate': 0.06646481485579256, 'subsample': 0.9713246978565641, 'colsample_bytree': 0.7406821275906356, 'reg_alpha': 0.016420878092033315, 'reg_lambda': 0.05583437173708631, 'min_child_weight': 17, 'gamma': 0.2478099345928095, 'num_boost_round': 544}. Best is trial 14 with value: 0.7489639293937068.
# [I 2024-01-24 18:52:51,647] Trial 82 finished with value: 0.7485546175492453 and parameters: {'max_depth': 124, 'learning_rate': 0.06441979596605761, 'subsample': 0.9745707695312779, 'colsample_bytree': 0.7404669001533386, 'reg_alpha': 0.03135110003430566, 'reg_lambda': 0.05299000179072094, 'min_child_weight': 17, 'gamma': 0.24028534188505352, 'num_boost_round': 501}. Best is trial 14 with value: 0.7489639293937068.
# [I 2024-01-24 18:53:01,657] Trial 83 finished with value: 0.7470452801227936 and parameters: {'max_depth': 89, 'learning_rate': 0.10088064787500266, 'subsample': 0.9745358038142186, 'colsample_bytree': 0.7383612010903192, 'reg_alpha': 0.02910077613217967, 'reg_lambda': 0.051173443556758916, 'min_child_weight': 17, 'gamma': 0.25140234571650105, 'num_boost_round': 562}. Best is trial 14 with value: 0.7489639293937068.
# [I 2024-01-24 18:53:16,206] Trial 84 finished with value: 0.7470196981325148 and parameters: {'max_depth': 116, 'learning_rate': 0.06592495223421199, 'subsample': 0.9935285646030224, 'colsample_bytree': 0.740253419801335, 'reg_alpha': 0.01750264825403048, 'reg_lambda': 0.08896944096785625, 'min_child_weight': 17, 'gamma': 0.20987474875227813, 'num_boost_round': 591}. Best is trial 14 with value: 0.7489639293937068.
# [I 2024-01-24 18:53:33,431] Trial 85 finished with value: 0.7490662573548221 and parameters: {'max_depth': 125, 'learning_rate': 0.07535772315203983, 'subsample': 0.949255407954068, 'colsample_bytree': 0.7269918820032547, 'reg_alpha': 0.005279657252171642, 'reg_lambda': 0.025915206740100248, 'min_child_weight': 19, 'gamma': 0.17212166343102384, 'num_boost_round': 527}. Best is trial 85 with value: 0.7490662573548221.
# [I 2024-01-24 18:53:47,463] Trial 86 finished with value: 0.7489639293937068 and parameters: {'max_depth': 228, 'learning_rate': 0.0731617395230066, 'subsample': 0.9455653013581756, 'colsample_bytree': 0.7267380660475314, 'reg_alpha': 0.0030158544515812573, 'reg_lambda': 0.0273686369766874, 'min_child_weight': 18, 'gamma': 0.27391840990337607, 'num_boost_round': 528}. Best is trial 85 with value: 0.7490662573548221.
# [I 2024-01-24 18:53:59,090] Trial 87 finished with value: 0.7470452801227936 and parameters: {'max_depth': 230, 'learning_rate': 0.07637224060491522, 'subsample': 0.948002536506995, 'colsample_bytree': 0.7215231336594006, 'reg_alpha': 0.0025283867541012785, 'reg_lambda': 0.02309058895174862, 'min_child_weight': 18, 'gamma': 0.17551547297336964, 'num_boost_round': 522}. Best is trial 85 with value: 0.7490662573548221.
# [I 2024-01-24 18:54:08,989] Trial 88 finished with value: 0.7472755180353031 and parameters: {'max_depth': 76, 'learning_rate': 0.08779499904007104, 'subsample': 0.9571664594073576, 'colsample_bytree': 0.7118797251286566, 'reg_alpha': 0.0032003774695119917, 'reg_lambda': 0.030053555619096995, 'min_child_weight': 18, 'gamma': 0.2727432443240366, 'num_boost_round': 501}. Best is trial 85 with value: 0.7490662573548221.
# [I 2024-01-24 18:54:17,998] Trial 89 finished with value: 0.7460731644921975 and parameters: {'max_depth': 220, 'learning_rate': 0.10815963243285233, 'subsample': 0.940403140710371, 'colsample_bytree': 0.7267247397609786, 'reg_alpha': 0.0018827738674706152, 'reg_lambda': 0.1500430031196679, 'min_child_weight': 16, 'gamma': 0.1422112097518274, 'num_boost_round': 447}. Best is trial 85 with value: 0.7490662573548221.
# [I 2024-01-24 18:54:29,488] Trial 90 finished with value: 0.7471987720644666 and parameters: {'max_depth': 117, 'learning_rate': 0.07112554632565075, 'subsample': 0.9238636297999383, 'colsample_bytree': 0.7315137317045401, 'reg_alpha': 0.00582656320551652, 'reg_lambda': 0.010577414783649205, 'min_child_weight': 15, 'gamma': 0.2606479406871389, 'num_boost_round': 486}. Best is trial 85 with value: 0.7490662573548221.
# [I 2024-01-24 18:54:46,252] Trial 91 finished with value: 0.7485546175492453 and parameters: {'max_depth': 255, 'learning_rate': 0.06318041737440237, 'subsample': 0.9636979449441149, 'colsample_bytree': 0.7412606646942154, 'reg_alpha': 0.00593141714588627, 'reg_lambda': 0.09890880017680043, 'min_child_weight': 19, 'gamma': 0.3006406346925049, 'num_boost_round': 532}. Best is trial 85 with value: 0.7490662573548221.
# [I 2024-01-24 18:55:03,719] Trial 92 finished with value: 0.749424405218726 and parameters: {'max_depth': 143, 'learning_rate': 0.05993667069032727, 'subsample': 0.9637983918508871, 'colsample_bytree': 0.7419399834064909, 'reg_alpha': 0.005532485879576461, 'reg_lambda': 0.09086636000755648, 'min_child_weight': 19, 'gamma': 0.2872609748192018, 'num_boost_round': 531}. Best is trial 92 with value: 0.749424405218726.
# [I 2024-01-24 18:55:21,393] Trial 93 finished with value: 0.74778715784088 and parameters: {'max_depth': 147, 'learning_rate': 0.05168713019206316, 'subsample': 0.8119776695820142, 'colsample_bytree': 0.7190990416615333, 'reg_alpha': 0.00477520143417333, 'reg_lambda': 0.03554709525528271, 'min_child_weight': 20, 'gamma': 0.24298934382590268, 'num_boost_round': 513}. Best is trial 92 with value: 0.749424405218726.
# [I 2024-01-24 18:55:37,398] Trial 94 finished with value: 0.7489895113839857 and parameters: {'max_depth': 107, 'learning_rate': 0.05735229273180476, 'subsample': 0.9506438778647419, 'colsample_bytree': 0.7042553399145431, 'reg_alpha': 0.0400016317907742, 'reg_lambda': 0.25248369381234903, 'min_child_weight': 19, 'gamma': 0.2819053722069612, 'num_boost_round': 500}. Best is trial 92 with value: 0.749424405218726.
# [I 2024-01-24 18:55:54,008] Trial 95 finished with value: 0.7478383218214377 and parameters: {'max_depth': 109, 'learning_rate': 0.04619744807903719, 'subsample': 0.9486192139203009, 'colsample_bytree': 0.7085459022713853, 'reg_alpha': 0.021789511785704603, 'reg_lambda': 0.22114067061513112, 'min_child_weight': 19, 'gamma': 0.3346893673571408, 'num_boost_round': 530}. Best is trial 92 with value: 0.749424405218726.
# [I 2024-01-24 18:56:13,563] Trial 96 finished with value: 0.7480941417242262 and parameters: {'max_depth': 96, 'learning_rate': 0.04071994290231591, 'subsample': 0.9409496426266413, 'colsample_bytree': 0.7339236805938515, 'reg_alpha': 0.009195117255344474, 'reg_lambda': 0.4419019175068112, 'min_child_weight': 18, 'gamma': 0.2803772804168968, 'num_boost_round': 796}. Best is trial 92 with value: 0.749424405218726.
# [I 2024-01-24 18:56:24,663] Trial 97 finished with value: 0.74845228958813 and parameters: {'max_depth': 225, 'learning_rate': 0.07936661218860284, 'subsample': 0.9324412700752303, 'colsample_bytree': 0.7151747354572799, 'reg_alpha': 0.014108546635015266, 'reg_lambda': 0.10137625627906235, 'min_child_weight': 20, 'gamma': 0.2940994301920641, 'num_boost_round': 543}. Best is trial 92 with value: 0.749424405218726.
# [I 2024-01-24 18:56:40,276] Trial 98 finished with value: 0.7478894858019953 and parameters: {'max_depth': 215, 'learning_rate': 0.0584631054762719, 'subsample': 0.9564750804485148, 'colsample_bytree': 0.7625678950086126, 'reg_alpha': 0.0030687588786553126, 'reg_lambda': 9.457489548646298e-05, 'min_child_weight': 19, 'gamma': 0.3517922841411693, 'num_boost_round': 851}. Best is trial 92 with value: 0.749424405218726.
# [I 2024-01-24 18:57:08,989] Trial 99 finished with value: 0.7492453312867742 and parameters: {'max_depth': 139, 'learning_rate': 0.037409587918883394, 'subsample': 0.9681261720762576, 'colsample_bytree': 0.702010441356256, 'reg_alpha': 0.03893591814353418, 'reg_lambda': 0.015301270093948303, 'min_child_weight': 16, 'gamma': 0.30883099930481017, 'num_boost_round': 493}. Best is trial 92 with value: 0.749424405218726.
# [I 2024-01-24 18:57:27,684] Trial 100 finished with value: 0.7480685597339474 and parameters: {'max_depth': 168, 'learning_rate': 0.037085365735758866, 'subsample': 0.9804704005394356, 'colsample_bytree': 0.7039598301290758, 'reg_alpha': 0.039620442926828287, 'reg_lambda': 0.014373152939007273, 'min_child_weight': 18, 'gamma': 0.2606224226519862, 'num_boost_round': 473}. Best is trial 92 with value: 0.749424405218726.
# [I 2024-01-24 18:57:48,248] Trial 101 finished with value: 0.7477359938603223 and parameters: {'max_depth': 143, 'learning_rate': 0.04183075670046046, 'subsample': 0.9641777814288568, 'colsample_bytree': 0.7008238230148116, 'reg_alpha': 0.06442516242793508, 'reg_lambda': 0.025769355399136835, 'min_child_weight': 16, 'gamma': 0.3073388051383888, 'num_boost_round': 491}. Best is trial 92 with value: 0.749424405218726.
# [I 2024-01-24 18:58:08,870] Trial 102 finished with value: 0.7487848554617549 and parameters: {'max_depth': 140, 'learning_rate': 0.04629512229431319, 'subsample': 0.9517334882681997, 'colsample_bytree': 0.7235279030498756, 'reg_alpha': 0.13297381059206848, 'reg_lambda': 0.018025127601946897, 'min_child_weight': 16, 'gamma': 0.2529628199343692, 'num_boost_round': 524}. Best is trial 92 with value: 0.749424405218726.
