# [I 2024-01-24 22:34:46,934] Trial 153 finished with value: 0.7485546175492453 and parameters: {'max_depth': 18, 'learning_rate': 0.059683864954886846, 'subsample': 0.8193539091706228, 'colsample_bytree': 0.7949867547431991, 'reg_alpha': 0.03059606605177041, 'reg_lambda': 8.949665938994424e-06, 'min_child_weight': 10, 'gamma': 0.2848999474478248, 'num_boost_round': 695}. Best is trial 66 with value: 0.7492197492964953.
# [I 2024-01-24 22:35:08,357] Trial 154 finished with value: 0.7462266564338705 and parameters: {'max_depth': 16, 'learning_rate': 0.05738833740424799, 'subsample': 0.8396143082878976, 'colsample_bytree': 0.81755879815623, 'reg_alpha': 0.0038421022996042663, 'reg_lambda': 0.00011238524229668464, 'min_child_weight': 12, 'gamma': 0.22515044993580816, 'num_boost_round': 697}. Best is trial 66 with value: 0.7492197492964953.
# [I 2024-01-24 22:35:29,381] Trial 155 finished with value: 0.7478639038117165 and parameters: {'max_depth': 17, 'learning_rate': 0.09403757266569823, 'subsample': 0.8897373859718319, 'colsample_bytree': 0.8017987884439232, 'reg_alpha': 0.0017282273883967275, 'reg_lambda': 9.018642907042172e-05, 'min_child_weight': 11, 'gamma': 0.21496734781591736, 'num_boost_round': 728}. Best is trial 66 with value: 0.7492197492964953.
# [I 2024-01-24 22:35:44,201] Trial 156 finished with value: 0.745996418521361 and parameters: {'max_depth': 18, 'learning_rate': 0.08064758607639631, 'subsample': 0.8768506436673166, 'colsample_bytree': 0.8023000447433803, 'reg_alpha': 0.2955006284330347, 'reg_lambda': 3.7024895846779483e-06, 'min_child_weight': 5, 'gamma': 0.25712661039703877, 'num_boost_round': 868}. Best is trial 66 with value: 0.7492197492964953.
# [I 2024-01-24 22:36:04,162] Trial 157 finished with value: 0.7472499360450243 and parameters: {'max_depth': 16, 'learning_rate': 0.07978475995145823, 'subsample': 0.861898595190404, 'colsample_bytree': 0.8097083983094117, 'reg_alpha': 0.01924312698128033, 'reg_lambda': 7.665990727417463e-06, 'min_child_weight': 11, 'gamma': 0.2404309373362633, 'num_boost_round': 734}. Best is trial 66 with value: 0.7492197492964953.
# [I 2024-01-24 22:36:19,054] Trial 158 finished with value: 0.7468662061908417 and parameters: {'max_depth': 18, 'learning_rate': 0.1081116952478264, 'subsample': 0.8103353901956962, 'colsample_bytree': 0.7711809916715066, 'reg_alpha': 0.0094123343505802, 'reg_lambda': 1.7588307920493253e-05, 'min_child_weight': 12, 'gamma': 0.12847845194676605, 'num_boost_round': 824}. Best is trial 66 with value: 0.7492197492964953.
# [I 2024-01-24 22:36:28,658] Trial 159 finished with value: 0.7458685085699668 and parameters: {'max_depth': 20, 'learning_rate': 0.17773466585412642, 'subsample': 0.8519262186673404, 'colsample_bytree': 0.8516266231716261, 'reg_alpha': 0.11433158286192391, 'reg_lambda': 5.24123386271873e-06, 'min_child_weight': 12, 'gamma': 0.25482100928261137, 'num_boost_round': 689}. Best is trial 66 with value: 0.7492197492964953.
# [I 2024-01-24 22:36:42,290] Trial 160 finished with value: 0.7458685085699668 and parameters: {'max_depth': 13, 'learning_rate': 0.15941348422538698, 'subsample': 0.8433942034793726, 'colsample_bytree': 0.8032845941174445, 'reg_alpha': 0.1876858320654517, 'reg_lambda': 5.6170396492169115e-06, 'min_child_weight': 6, 'gamma': 0.38061323711722816, 'num_boost_round': 772}. Best is trial 66 with value: 0.7492197492964953.
# [I 2024-01-24 22:37:00,936] Trial 161 finished with value: 0.7472755180353031 and parameters: {'max_depth': 18, 'learning_rate': 0.10986006889637513, 'subsample': 0.8441751911790528, 'colsample_bytree': 0.8100571701672594, 'reg_alpha': 0.0028196512179701066, 'reg_lambda': 4.9358627225088336e-06, 'min_child_weight': 11, 'gamma': 0.1962265231627286, 'num_boost_round': 701}. Best is trial 66 with value: 0.7492197492964953.
# [I 2024-01-24 22:37:14,794] Trial 162 finished with value: 0.7481453057047838 and parameters: {'max_depth': 17, 'learning_rate': 0.12149107552663513, 'subsample': 0.8188128935447451, 'colsample_bytree': 0.7872476532982697, 'reg_alpha': 0.08363180722253902, 'reg_lambda': 2.1685328136890567e-05, 'min_child_weight': 12, 'gamma': 0.2662580060279932, 'num_boost_round': 722}. Best is trial 66 with value: 0.7492197492964953.
# [I 2024-01-24 22:37:39,924] Trial 163 finished with value: 0.7480941417242262 and parameters: {'max_depth': 18, 'learning_rate': 0.046646408671689066, 'subsample': 0.8780676959145637, 'colsample_bytree': 0.8127977335644158, 'reg_alpha': 0.0029263028175900694, 'reg_lambda': 2.0540604744663437e-05, 'min_child_weight': 11, 'gamma': 0.2939618227880258, 'num_boost_round': 639}. Best is trial 66 with value: 0.7492197492964953.
# [I 2024-01-24 22:37:55,624] Trial 164 finished with value: 0.7477359938603223 and parameters: {'max_depth': 18, 'learning_rate': 0.0854762990686756, 'subsample': 0.8458334724679405, 'colsample_bytree': 0.7547179782364495, 'reg_alpha': 0.01545046398401379, 'reg_lambda': 4.467889965441162e-05, 'min_child_weight': 11, 'gamma': 0.19116068000698033, 'num_boost_round': 715}. Best is trial 66 with value: 0.7492197492964953.
# [I 2024-01-24 22:38:16,338] Trial 165 finished with value: 0.7477615758506011 and parameters: {'max_depth': 18, 'learning_rate': 0.05044292009356448, 'subsample': 0.8691591455831307, 'colsample_bytree': 0.778714551061133, 'reg_alpha': 0.011943502529538788, 'reg_lambda': 2.2072871620777224e-05, 'min_child_weight': 7, 'gamma': 0.20220397522061084, 'num_boost_round': 742}. Best is trial 66 with value: 0.7492197492964953.
# [I 2024-01-24 22:38:28,007] Trial 166 finished with value: 0.7463801483755437 and parameters: {'max_depth': 18, 'learning_rate': 0.13503898462711844, 'subsample': 0.8404960551557152, 'colsample_bytree': 0.8200261573761496, 'reg_alpha': 0.008692490311198134, 'reg_lambda': 7.558382424289264e-06, 'min_child_weight': 12, 'gamma': 0.21642560773571062, 'num_boost_round': 674}. Best is trial 66 with value: 0.7492197492964953.
# [I 2024-01-24 22:39:01,496] Trial 167 finished with value: 0.7472243540547454 and parameters: {'max_depth': 18, 'learning_rate': 0.03245300808650962, 'subsample': 0.8772119290723188, 'colsample_bytree': 0.7928636916196707, 'reg_alpha': 0.006084957193964075, 'reg_lambda': 2.2730457989335605e-05, 'min_child_weight': 10, 'gamma': 0.22740348039634184, 'num_boost_round': 682}. Best is trial 66 with value: 0.7492197492964953.
# [I 2024-01-24 22:39:27,806] Trial 168 finished with value: 0.7473266820158608 and parameters: {'max_depth': 18, 'learning_rate': 0.04009369049550828, 'subsample': 0.8788256959902204, 'colsample_bytree': 0.7862079953576433, 'reg_alpha': 0.008971338243825008, 'reg_lambda': 4.023936955425476e-05, 'min_child_weight': 9, 'gamma': 0.2731220933763264, 'num_boost_round': 764}. Best is trial 66 with value: 0.7492197492964953.
# [I 2024-01-24 22:39:45,975] Trial 169 finished with value: 0.7469429521616782 and parameters: {'max_depth': 16, 'learning_rate': 0.08854185895034383, 'subsample': 0.8587712442749412, 'colsample_bytree': 0.8024166822359285, 'reg_alpha': 0.0021544399832563376, 'reg_lambda': 6.39513189908951e-05, 'min_child_weight': 9, 'gamma': 0.2733680397935613, 'num_boost_round': 723}. Best is trial 66 with value: 0.7492197492964953.
# [I 2024-01-24 22:40:02,372] Trial 170 finished with value: 0.7462778204144283 and parameters: {'max_depth': 15, 'learning_rate': 0.09967015287380356, 'subsample': 0.8260446297538937, 'colsample_bytree': 0.825295873597232, 'reg_alpha': 0.17411374762550544, 'reg_lambda': 3.5230578157163807e-05, 'min_child_weight': 14, 'gamma': 0.2522966924351839, 'num_boost_round': 756}. Best is trial 66 with value: 0.7492197492964953.
# [I 2024-01-24 22:40:14,651] Trial 171 finished with value: 0.747147608083909 and parameters: {'max_depth': 15, 'learning_rate': 0.15401715421821158, 'subsample': 0.8388085389937697, 'colsample_bytree': 0.8219608638119728, 'reg_alpha': 0.009008282247184474, 'reg_lambda': 7.601954120443618e-06, 'min_child_weight': 12, 'gamma': 0.16255915070183857, 'num_boost_round': 643}. Best is trial 66 with value: 0.7492197492964953.
# [I 2024-01-24 22:40:32,769] Trial 172 finished with value: 0.7469941161422359 and parameters: {'max_depth': 18, 'learning_rate': 0.0849926541113927, 'subsample': 0.7911660893519996, 'colsample_bytree': 0.8356373183047296, 'reg_alpha': 0.014694476469649088, 'reg_lambda': 1.12718962915601e-05, 'min_child_weight': 13, 'gamma': 0.22523058352002304, 'num_boost_round': 668}. Best is trial 66 with value: 0.7492197492964953.
# [I 2024-01-24 22:40:56,910] Trial 173 finished with value: 0.7495523151701202 and parameters: {'max_depth': 19, 'learning_rate': 0.06852535553109501, 'subsample': 0.8142291200127127, 'colsample_bytree': 0.761985965271594, 'reg_alpha': 0.01608942918515435, 'reg_lambda': 1.4710947888626936e-05, 'min_child_weight': 12, 'gamma': 0.29303790141636005, 'num_boost_round': 731}. Best is trial 173 with value: 0.7495523151701202.
# [I 2024-01-24 22:41:15,608] Trial 174 finished with value: 0.7480685597339474 and parameters: {'max_depth': 19, 'learning_rate': 0.07930795497499885, 'subsample': 0.8152304822303347, 'colsample_bytree': 0.7569479843982212, 'reg_alpha': 0.006763849332769643, 'reg_lambda': 2.0613108279652094e-06, 'min_child_weight': 12, 'gamma': 0.19015968399204908, 'num_boost_round': 692}. Best is trial 173 with value: 0.7495523151701202.
# [I 2024-01-24 22:41:34,741] Trial 175 finished with value: 0.7467382962394474 and parameters: {'max_depth': 16, 'learning_rate': 0.05852116988739446, 'subsample': 0.8534341564000669, 'colsample_bytree': 0.7955225114140784, 'reg_alpha': 0.005537475195474568, 'reg_lambda': 1.7501697991486103e-05, 'min_child_weight': 13, 'gamma': 0.1827464852480915, 'num_boost_round': 687}. Best is trial 173 with value: 0.7495523151701202.
# [I 2024-01-24 22:41:45,753] Trial 176 finished with value: 0.7464313123561013 and parameters: {'max_depth': 19, 'learning_rate': 0.1271330252264632, 'subsample': 0.8177609783362054, 'colsample_bytree': 0.8384724678891524, 'reg_alpha': 0.012267397627885826, 'reg_lambda': 2.946718074349007e-05, 'min_child_weight': 12, 'gamma': 0.22639968932111726, 'num_boost_round': 692}. Best is trial 173 with value: 0.7495523151701202.
# [I 2024-01-24 22:42:06,553] Trial 177 finished with value: 0.7470196981325148 and parameters: {'max_depth': 17, 'learning_rate': 0.0743036615155977, 'subsample': 0.8468038862429967, 'colsample_bytree': 0.7744405692367968, 'reg_alpha': 0.014740396423123636, 'reg_lambda': 7.901959624698702e-05, 'min_child_weight': 11, 'gamma': 0.27166180668864165, 'num_boost_round': 715}. Best is trial 173 with value: 0.7495523151701202.
# [I 2024-01-24 22:42:21,999] Trial 178 finished with value: 0.7488104374520338 and parameters: {'max_depth': 18, 'learning_rate': 0.0877387987005926, 'subsample': 0.8505582876576033, 'colsample_bytree': 0.7334874861100666, 'reg_alpha': 0.3413687604143156, 'reg_lambda': 6.912668104368768e-06, 'min_child_weight': 7, 'gamma': 0.3268676587060352, 'num_boost_round': 678}. Best is trial 173 with value: 0.7495523151701202.
# [I 2024-01-24 22:42:40,055] Trial 179 finished with value: 0.7470196981325148 and parameters: {'max_depth': 17, 'learning_rate': 0.09692279076732871, 'subsample': 0.9109024863528933, 'colsample_bytree': 0.7564370815737503, 'reg_alpha': 0.009087037091166025, 'reg_lambda': 9.068399117303982e-06, 'min_child_weight': 8, 'gamma': 0.2719027426063902, 'num_boost_round': 694}. Best is trial 173 with value: 0.7495523151701202.
# [I 2024-01-24 22:43:01,152] Trial 180 finished with value: 0.7478127398311589 and parameters: {'max_depth': 15, 'learning_rate': 0.08046179327355281, 'subsample': 0.846104776418767, 'colsample_bytree': 0.7910112314554818, 'reg_alpha': 0.06642880965730039, 'reg_lambda': 0.00016020947111236155, 'min_child_weight': 12, 'gamma': 0.2728937212480142, 'num_boost_round': 710}. Best is trial 173 with value: 0.7495523151701202.
# [I 2024-01-24 22:43:18,155] Trial 181 finished with value: 0.7488104374520338 and parameters: {'max_depth': 18, 'learning_rate': 0.09734004498790626, 'subsample': 0.8241728989592387, 'colsample_bytree': 0.7440654331710028, 'reg_alpha': 0.023810350768501354, 'reg_lambda': 4.133255281754555e-06, 'min_child_weight': 12, 'gamma': 0.3357808056633828, 'num_boost_round': 637}. Best is trial 173 with value: 0.7495523151701202.
# [I 2024-01-24 22:43:31,153] Trial 182 finished with value: 0.7453312867741111 and parameters: {'max_depth': 20, 'learning_rate': 0.0718697783459612, 'subsample': 0.8124913579338279, 'colsample_bytree': 0.7336605719865971, 'reg_alpha': 0.028686666833674702, 'reg_lambda': 5.177822786453474e-06, 'min_child_weight': 15, 'gamma': 0.2562813602183215, 'num_boost_round': 735}. Best is trial 173 with value: 0.7495523151701202.
# [I 2024-01-24 22:43:45,342] Trial 183 finished with value: 0.7473778459964185 and parameters: {'max_depth': 18, 'learning_rate': 0.09436289707247184, 'subsample': 0.8307095757526672, 'colsample_bytree': 0.7455310723003369, 'reg_alpha': 0.15627221079814418, 'reg_lambda': 7.374076518289313e-06, 'min_child_weight': 7, 'gamma': 0.32506577596560193, 'num_boost_round': 669}. Best is trial 173 with value: 0.7495523151701202.
# [I 2024-01-24 22:44:00,679] Trial 184 finished with value: 0.7486057815298031 and parameters: {'max_depth': 18, 'learning_rate': 0.08717634590414516, 'subsample': 0.8406194705972835, 'colsample_bytree': 0.7541774709689871, 'reg_alpha': 0.03397843894181192, 'reg_lambda': 4.653127956801197e-06, 'min_child_weight': 9, 'gamma': 0.3864726406358564, 'num_boost_round': 652}. Best is trial 173 with value: 0.7495523151701202.
# [I 2024-01-24 22:44:18,448] Trial 185 finished with value: 0.7482476336658992 and parameters: {'max_depth': 18, 'learning_rate': 0.08879364826975593, 'subsample': 0.8269232085858575, 'colsample_bytree': 0.7527958730845318, 'reg_alpha': 0.038133089928610614, 'reg_lambda': 4.206156586646094e-06, 'min_child_weight': 11, 'gamma': 0.24646514421011695, 'num_boost_round': 638}. Best is trial 173 with value: 0.7495523151701202.
# [I 2024-01-24 22:44:32,529] Trial 186 finished with value: 0.7466871322588897 and parameters: {'max_depth': 17, 'learning_rate': 0.13926778903573572, 'subsample': 0.8304792193635469, 'colsample_bytree': 0.7693329243313168, 'reg_alpha': 0.24978246828241124, 'reg_lambda': 1.0642705127043071e-05, 'min_child_weight': 9, 'gamma': 0.23857481063313266, 'num_boost_round': 721}. Best is trial 173 with value: 0.7495523151701202.
# [I 2024-01-24 22:44:54,679] Trial 187 finished with value: 0.7485290355589664 and parameters: {'max_depth': 18, 'learning_rate': 0.06196880988792105, 'subsample': 0.8606172623524707, 'colsample_bytree': 0.7941765325014754, 'reg_alpha': 0.007482001880750766, 'reg_lambda': 7.522240119747452e-06, 'min_child_weight': 11, 'gamma': 0.2877538029479675, 'num_boost_round': 694}. Best is trial 173 with value: 0.7495523151701202.
# [I 2024-01-24 22:45:14,220] Trial 188 finished with value: 0.7477615758506011 and parameters: {'max_depth': 18, 'learning_rate': 0.08480531073582073, 'subsample': 0.8141196493570757, 'colsample_bytree': 0.7928450956059019, 'reg_alpha': 0.12029792300418209, 'reg_lambda': 1.02504722139704e-05, 'min_child_weight': 13, 'gamma': 0.3004978443398718, 'num_boost_round': 630}. Best is trial 173 with value: 0.7495523151701202.
# [I 2024-01-24 22:45:28,547] Trial 189 finished with value: 0.7473778459964185 and parameters: {'max_depth': 20, 'learning_rate': 0.11477643219537625, 'subsample': 0.8235672468084213, 'colsample_bytree': 0.7050136620032974, 'reg_alpha': 0.14066833376461138, 'reg_lambda': 6.197551406256116e-06, 'min_child_weight': 14, 'gamma': 0.30349466251980284, 'num_boost_round': 669}. Best is trial 173 with value: 0.7495523151701202.
# [I 2024-01-24 22:45:46,551] Trial 190 finished with value: 0.7472499360450243 and parameters: {'max_depth': 18, 'learning_rate': 0.061586177054319145, 'subsample': 0.8611112271380357, 'colsample_bytree': 0.8144555900595989, 'reg_alpha': 0.018036083572897908, 'reg_lambda': 1.3783023957508902e-06, 'min_child_weight': 10, 'gamma': 0.20460682169909783, 'num_boost_round': 785}. Best is trial 173 with value: 0.7495523151701202.
# [I 2024-01-24 22:46:02,628] Trial 191 finished with value: 0.747147608083909 and parameters: {'max_depth': 19, 'learning_rate': 0.10016007394410403, 'subsample': 0.8065120693696921, 'colsample_bytree': 0.7505831957515874, 'reg_alpha': 0.06061945624897718, 'reg_lambda': 1.4112917237697705e-06, 'min_child_weight': 10, 'gamma': 0.35118368436245506, 'num_boost_round': 632}. Best is trial 173 with value: 0.7495523151701202.
# [I 2024-01-24 22:46:22,378] Trial 192 finished with value: 0.7486057815298031 and parameters: {'max_depth': 16, 'learning_rate': 0.11471279459528266, 'subsample': 0.7923981783515169, 'colsample_bytree': 0.7506903177505859, 'reg_alpha': 0.026518275604339964, 'reg_lambda': 2.45414221216563e-05, 'min_child_weight': 13, 'gamma': 0.387730139323489, 'num_boost_round': 713}. Best is trial 173 with value: 0.7495523151701202.
# [I 2024-01-24 22:46:49,110] Trial 193 finished with value: 0.7474801739575339 and parameters: {'max_depth': 17, 'learning_rate': 0.055421219007794904, 'subsample': 0.8574545190989896, 'colsample_bytree': 0.7906716622420182, 'reg_alpha': 0.05307192376028344, 'reg_lambda': 6.734456303181317e-06, 'min_child_weight': 10, 'gamma': 0.23702521350264685, 'num_boost_round': 636}. Best is trial 173 with value: 0.7495523151701202.
# [I 2024-01-24 22:47:06,558] Trial 194 finished with value: 0.7475313379380916 and parameters: {'max_depth': 17, 'learning_rate': 0.09951324975689914, 'subsample': 0.7969480257652808, 'colsample_bytree': 0.7437820123962106, 'reg_alpha': 0.3820308572545788, 'reg_lambda': 5.7470189195890495e-06, 'min_child_weight': 12, 'gamma': 0.3488000972476123, 'num_boost_round': 620}. Best is trial 173 with value: 0.7495523151701202.
# [I 2024-01-24 22:47:21,093] Trial 195 finished with value: 0.7462778204144283 and parameters: {'max_depth': 17, 'learning_rate': 0.10817393833284161, 'subsample': 0.8020979669210165, 'colsample_bytree': 0.8008930962676034, 'reg_alpha': 0.11321441963565018, 'reg_lambda': 1.742572235684108e-06, 'min_child_weight': 10, 'gamma': 0.3455609181512544, 'num_boost_round': 648}. Best is trial 173 with value: 0.7495523151701202.
# [I 2024-01-24 22:47:38,122] Trial 196 finished with value: 0.7477104118700435 and parameters: {'max_depth': 19, 'learning_rate': 0.1261945478468992, 'subsample': 0.864983264161546, 'colsample_bytree': 0.7557621325286963, 'reg_alpha': 0.1032800599250202, 'reg_lambda': 4.1988891878410304e-06, 'min_child_weight': 9, 'gamma': 0.30950188603499956, 'num_boost_round': 685}. Best is trial 173 with value: 0.7495523151701202.
# [I 2024-01-24 22:47:53,245] Trial 197 finished with value: 0.7475057559478128 and parameters: {'max_depth': 17, 'learning_rate': 0.1074470484154207, 'subsample': 0.8619848579990681, 'colsample_bytree': 0.7432648645212316, 'reg_alpha': 0.009198096721746664, 'reg_lambda': 1.7127318410977913e-05, 'min_child_weight': 15, 'gamma': 0.412759801404236, 'num_boost_round': 697}. Best is trial 173 with value: 0.7495523151701202.
# [I 2024-01-24 22:48:05,563] Trial 198 finished with value: 0.7468662061908417 and parameters: {'max_depth': 17, 'learning_rate': 0.1729132822727241, 'subsample': 0.8335682630113282, 'colsample_bytree': 0.8018005092925451, 'reg_alpha': 0.012490407795828497, 'reg_lambda': 8.562779955226029e-06, 'min_child_weight': 14, 'gamma': 0.33467966141817346, 'num_boost_round': 587}. Best is trial 173 with value: 0.7495523151701202.
# [I 2024-01-24 22:48:28,410] Trial 199 finished with value: 0.7467638782297263 and parameters: {'max_depth': 17, 'learning_rate': 0.051104582499066645, 'subsample': 0.8683032581886463, 'colsample_bytree': 0.7975024282291809, 'reg_alpha': 0.001992505674693886, 'reg_lambda': 6.665452617322092e-06, 'min_child_weight': 12, 'gamma': 0.3608308046135883, 'num_boost_round': 561}. Best is trial 173 with value: 0.7495523151701202.
# [I 2024-01-24 22:48:48,819] Trial 200 finished with value: 0.7484267075978511 and parameters: {'max_depth': 19, 'learning_rate': 0.05829639224001363, 'subsample': 0.8547265084359645, 'colsample_bytree': 0.7296259878686453, 'reg_alpha': 0.029702710939806084, 'reg_lambda': 1.2344249488742416e-06, 'min_child_weight': 11, 'gamma': 0.2520991960107103, 'num_boost_round': 661}. Best is trial 173 with value: 0.7495523151701202.
# [I 2024-01-24 22:49:05,843] Trial 201 finished with value: 0.7478894858019953 and parameters: {'max_depth': 16, 'learning_rate': 0.09419849382804531, 'subsample': 0.8345152444593131, 'colsample_bytree': 0.721755320487224, 'reg_alpha': 0.024276163215899295, 'reg_lambda': 5.303174377341729e-06, 'min_child_weight': 8, 'gamma': 0.3178123601508503, 'num_boost_round': 705}. Best is trial 173 with value: 0.7495523151701202.
# [I 2024-01-24 22:49:16,434] Trial 202 finished with value: 0.7465848042977743 and parameters: {'max_depth': 17, 'learning_rate': 0.12669114875233808, 'subsample': 0.8571378368738644, 'colsample_bytree': 0.7470928928042185, 'reg_alpha': 0.049528931570402154, 'reg_lambda': 1.652718160247876e-05, 'min_child_weight': 10, 'gamma': 0.26525290470258056, 'num_boost_round': 715}. Best is trial 173 with value: 0.7495523151701202.
# [I 2024-01-24 22:49:31,201] Trial 203 finished with value: 0.746482476336659 and parameters: {'max_depth': 19, 'learning_rate': 0.12563396707465693, 'subsample': 0.8342760315328774, 'colsample_bytree': 0.7583851142677308, 'reg_alpha': 0.24778335368767868, 'reg_lambda': 1.2532370882669919e-05, 'min_child_weight': 12, 'gamma': 0.3160178576149815, 'num_boost_round': 608}. Best is trial 173 with value: 0.7495523151701202.
