# [I 2024-01-17 20:27:59,197] Trial 409 finished with value: 0.7494755691992837 and parameters: {'max_depth': 19, 'learning_rate': 0.06376707203020235, 'subsample': 0.7899629231752613, 'colsample_bytree': 0.7367286438373107, 'reg_alpha': 0.007111074635452937, 'reg_lambda': 0.0008228797421948355, 'min_child_weight': 12, 'gamma': 0.14736782588536154, 'num_boost_round': 755}. Best is trial 363 with value: 0.7503453568687644.
# [I 2024-01-17 20:28:13,217] Trial 410 finished with value: 0.7480941417242262 and parameters: {'max_depth': 19, 'learning_rate': 0.05798731866978709, 'subsample': 0.7619838408407421, 'colsample_bytree': 0.7120032173420345, 'reg_alpha': 0.0019089728817766908, 'reg_lambda': 0.003136858125818215, 'min_child_weight': 13, 'gamma': 0.13244466602304553, 'num_boost_round': 760}. Best is trial 363 with value: 0.7503453568687644.
# [I 2024-01-17 20:28:29,060] Trial 411 finished with value: 0.74845228958813 and parameters: {'max_depth': 19, 'learning_rate': 0.06872069473701975, 'subsample': 0.7688522933097712, 'colsample_bytree': 0.7244181332687031, 'reg_alpha': 0.01048981310713262, 'reg_lambda': 0.002907919019179817, 'min_child_weight': 14, 'gamma': 0.13154202815742924, 'num_boost_round': 781}. Best is trial 363 with value: 0.7503453568687644.
# [I 2024-01-17 20:28:41,675] Trial 412 finished with value: 0.7455103607060629 and parameters: {'max_depth': 19, 'learning_rate': 0.062229931023935314, 'subsample': 0.7746490205576241, 'colsample_bytree': 0.7381506904637658, 'reg_alpha': 0.006002057353822335, 'reg_lambda': 0.0029408562386117423, 'min_child_weight': 12, 'gamma': 0.13674781534355931, 'num_boost_round': 776}. Best is trial 363 with value: 0.7503453568687644.
# [I 2024-01-17 20:28:56,154] Trial 413 finished with value: 0.74778715784088 and parameters: {'max_depth': 19, 'learning_rate': 0.0643040914882883, 'subsample': 0.7851485184434805, 'colsample_bytree': 0.7308967516886481, 'reg_alpha': 0.003027401526571178, 'reg_lambda': 0.002723259993817669, 'min_child_weight': 12, 'gamma': 0.12488113090517608, 'num_boost_round': 755}. Best is trial 363 with value: 0.7503453568687644.
# [I 2024-01-17 20:29:12,201] Trial 414 finished with value: 0.7487336914811973 and parameters: {'max_depth': 18, 'learning_rate': 0.07065555087242285, 'subsample': 0.7705994582434162, 'colsample_bytree': 0.7330476682228643, 'reg_alpha': 0.005188552338829922, 'reg_lambda': 0.0018087764455659852, 'min_child_weight': 12, 'gamma': 0.13817836283400853, 'num_boost_round': 754}. Best is trial 363 with value: 0.7503453568687644.
# [I 2024-01-17 20:29:28,204] Trial 415 finished with value: 0.7485546175492453 and parameters: {'max_depth': 19, 'learning_rate': 0.06209127281398234, 'subsample': 0.7814190431375009, 'colsample_bytree': 0.7460149926346953, 'reg_alpha': 0.004357617468111897, 'reg_lambda': 0.001219684207318668, 'min_child_weight': 11, 'gamma': 0.1497713591496743, 'num_boost_round': 760}. Best is trial 363 with value: 0.7503453568687644.
# [I 2024-01-17 20:29:47,095] Trial 416 finished with value: 0.7493476592478895 and parameters: {'max_depth': 19, 'learning_rate': 0.0595836302554618, 'subsample': 0.7784724921088821, 'colsample_bytree': 0.7306392036837452, 'reg_alpha': 0.0037651480283441992, 'reg_lambda': 0.0024900307657028543, 'min_child_weight': 14, 'gamma': 0.1454112050101241, 'num_boost_round': 778}. Best is trial 363 with value: 0.7503453568687644.
# [I 2024-01-17 20:30:07,626] Trial 417 finished with value: 0.749577897160399 and parameters: {'max_depth': 19, 'learning_rate': 0.053726621708340784, 'subsample': 0.7764890208623242, 'colsample_bytree': 0.7202537865998678, 'reg_alpha': 0.008318141353333388, 'reg_lambda': 0.0019203759838762845, 'min_child_weight': 12, 'gamma': 0.15875783338428298, 'num_boost_round': 805}. Best is trial 363 with value: 0.7503453568687644.
# [I 2024-01-17 20:30:22,060] Trial 418 finished with value: 0.74778715784088 and parameters: {'max_depth': 18, 'learning_rate': 0.07158806283485629, 'subsample': 0.7846736714462416, 'colsample_bytree': 0.7593682204564101, 'reg_alpha': 0.002892896465137374, 'reg_lambda': 0.0014229966620113816, 'min_child_weight': 13, 'gamma': 0.12239955082930576, 'num_boost_round': 761}. Best is trial 363 with value: 0.7503453568687644.
# [I 2024-01-17 20:30:39,127] Trial 419 finished with value: 0.7483243796367358 and parameters: {'max_depth': 19, 'learning_rate': 0.06257875003250861, 'subsample': 0.7822706039906798, 'colsample_bytree': 0.7342377334223946, 'reg_alpha': 0.00529160249281318, 'reg_lambda': 0.000969693125397995, 'min_child_weight': 13, 'gamma': 0.157946212967827, 'num_boost_round': 744}. Best is trial 363 with value: 0.7503453568687644.
# [I 2024-01-17 20:30:56,666] Trial 420 finished with value: 0.7482987976464569 and parameters: {'max_depth': 18, 'learning_rate': 0.06835363794484134, 'subsample': 0.7939887725645507, 'colsample_bytree': 0.7437075075405257, 'reg_alpha': 0.005546682272464487, 'reg_lambda': 0.0004955223118101376, 'min_child_weight': 11, 'gamma': 0.1578992905181327, 'num_boost_round': 733}. Best is trial 363 with value: 0.7503453568687644.
# [I 2024-01-17 20:31:15,058] Trial 421 finished with value: 0.7473778459964185 and parameters: {'max_depth': 19, 'learning_rate': 0.04722658748723813, 'subsample': 0.748052280941308, 'colsample_bytree': 0.7225913792355129, 'reg_alpha': 0.00560034212517929, 'reg_lambda': 0.005098122857372101, 'min_child_weight': 13, 'gamma': 0.15031562526216344, 'num_boost_round': 789}. Best is trial 363 with value: 0.7503453568687644.
# [I 2024-01-17 20:31:35,738] Trial 422 finished with value: 0.7491941673062164 and parameters: {'max_depth': 20, 'learning_rate': 0.05632269489254962, 'subsample': 0.7697722908692489, 'colsample_bytree': 0.7107515724987828, 'reg_alpha': 0.00362893747161557, 'reg_lambda': 0.002640584058287233, 'min_child_weight': 13, 'gamma': 0.13180645693701615, 'num_boost_round': 777}. Best is trial 363 with value: 0.7503453568687644.
# [I 2024-01-17 20:31:56,531] Trial 423 finished with value: 0.7493988232284472 and parameters: {'max_depth': 20, 'learning_rate': 0.05245283375209516, 'subsample': 0.7751146208448085, 'colsample_bytree': 0.7111779928724005, 'reg_alpha': 0.0031738017029844896, 'reg_lambda': 0.007846655946856537, 'min_child_weight': 12, 'gamma': 0.13501069706631302, 'num_boost_round': 775}. Best is trial 363 with value: 0.7503453568687644.
# [I 2024-01-17 20:32:06,570] Trial 424 finished with value: 0.7442568431823996 and parameters: {'max_depth': 18, 'learning_rate': 0.06284788886955273, 'subsample': 0.772409105263417, 'colsample_bytree': 0.7323497950254809, 'reg_alpha': 0.01016898238466134, 'reg_lambda': 0.0007958806631914562, 'min_child_weight': 12, 'gamma': 0.15371360541658116, 'num_boost_round': 771}. Best is trial 363 with value: 0.7503453568687644.
# [I 2024-01-17 20:32:22,201] Trial 425 finished with value: 0.747966231772832 and parameters: {'max_depth': 19, 'learning_rate': 0.06513373413617016, 'subsample': 0.7757114509923606, 'colsample_bytree': 0.7305903332308351, 'reg_alpha': 0.004887134916042154, 'reg_lambda': 0.002605434547646901, 'min_child_weight': 13, 'gamma': 0.15242047958990734, 'num_boost_round': 774}. Best is trial 363 with value: 0.7503453568687644.
# [I 2024-01-17 20:32:37,850] Trial 426 finished with value: 0.7483755436172934 and parameters: {'max_depth': 19, 'learning_rate': 0.06484844983492637, 'subsample': 0.7640881688662517, 'colsample_bytree': 0.7308087666936522, 'reg_alpha': 0.00965030304098198, 'reg_lambda': 0.002574775229598538, 'min_child_weight': 12, 'gamma': 0.13053783133433366, 'num_boost_round': 766}. Best is trial 363 with value: 0.7503453568687644.
# [I 2024-01-17 20:32:55,673] Trial 427 finished with value: 0.748273215656178 and parameters: {'max_depth': 19, 'learning_rate': 0.061248742927940365, 'subsample': 0.7706675017995248, 'colsample_bytree': 0.7196851665654928, 'reg_alpha': 0.008514161882292958, 'reg_lambda': 0.0013275608692235026, 'min_child_weight': 14, 'gamma': 0.15034671779354455, 'num_boost_round': 771}. Best is trial 363 with value: 0.7503453568687644.
# [I 2024-01-17 20:33:14,736] Trial 428 finished with value: 0.7496802251215144 and parameters: {'max_depth': 19, 'learning_rate': 0.050642837741664615, 'subsample': 0.769640103979604, 'colsample_bytree': 0.7190265362226853, 'reg_alpha': 0.006435474145636825, 'reg_lambda': 0.002633971431263808, 'min_child_weight': 12, 'gamma': 0.12545918856571014, 'num_boost_round': 757}. Best is trial 363 with value: 0.7503453568687644.
# [I 2024-01-17 20:33:29,014] Trial 429 finished with value: 0.7476848298797647 and parameters: {'max_depth': 19, 'learning_rate': 0.05745881422641322, 'subsample': 0.8072919354094198, 'colsample_bytree': 0.7313021160805123, 'reg_alpha': 0.007391126132560651, 'reg_lambda': 0.003257217696522228, 'min_child_weight': 12, 'gamma': 0.16100597610589762, 'num_boost_round': 790}. Best is trial 363 with value: 0.7503453568687644.
# [I 2024-01-17 20:33:44,364] Trial 430 finished with value: 0.747966231772832 and parameters: {'max_depth': 19, 'learning_rate': 0.059114274613174124, 'subsample': 0.7686755401807877, 'colsample_bytree': 0.7325153650341726, 'reg_alpha': 0.007760715014513336, 'reg_lambda': 0.002392415495955448, 'min_child_weight': 12, 'gamma': 0.15727874802400713, 'num_boost_round': 791}. Best is trial 363 with value: 0.7503453568687644.
# [I 2024-01-17 20:34:00,567] Trial 431 finished with value: 0.7479406497825531 and parameters: {'max_depth': 19, 'learning_rate': 0.057039695507976114, 'subsample': 0.7785084903074311, 'colsample_bytree': 0.7069167479654783, 'reg_alpha': 0.004106339486680153, 'reg_lambda': 0.0030778759387312254, 'min_child_weight': 12, 'gamma': 0.1271431248942888, 'num_boost_round': 745}. Best is trial 363 with value: 0.7503453568687644.
# [I 2024-01-17 20:34:17,690] Trial 432 finished with value: 0.7480173957533895 and parameters: {'max_depth': 20, 'learning_rate': 0.049614218872071444, 'subsample': 0.7574879370880894, 'colsample_bytree': 0.7108758526846813, 'reg_alpha': 0.00500107568846959, 'reg_lambda': 0.006186234178087655, 'min_child_weight': 12, 'gamma': 0.12356496436277596, 'num_boost_round': 769}. Best is trial 363 with value: 0.7503453568687644.
# [I 2024-01-17 20:34:33,947] Trial 433 finished with value: 0.7473266820158608 and parameters: {'max_depth': 19, 'learning_rate': 0.05198460390167313, 'subsample': 0.7689364824892115, 'colsample_bytree': 0.7187024688803586, 'reg_alpha': 0.010629407013220194, 'reg_lambda': 0.00229750415488427, 'min_child_weight': 12, 'gamma': 0.16253310413933944, 'num_boost_round': 784}. Best is trial 363 with value: 0.7503453568687644.
# [I 2024-01-17 20:34:55,147] Trial 434 finished with value: 0.7503965208493221 and parameters: {'max_depth': 20, 'learning_rate': 0.05240086193952971, 'subsample': 0.7775131152851413, 'colsample_bytree': 0.7080302282921819, 'reg_alpha': 0.005031582823108817, 'reg_lambda': 0.004109741559817778, 'min_child_weight': 12, 'gamma': 0.14380399018568563, 'num_boost_round': 768}. Best is trial 434 with value: 0.7503965208493221.
# [I 2024-01-17 20:35:10,539] Trial 435 finished with value: 0.7475313379380916 and parameters: {'max_depth': 19, 'learning_rate': 0.05117892876024261, 'subsample': 0.7801543133527703, 'colsample_bytree': 0.7046640942563919, 'reg_alpha': 0.008952854295767601, 'reg_lambda': 0.0028422337093186876, 'min_child_weight': 13, 'gamma': 0.1273005620167096, 'num_boost_round': 797}. Best is trial 434 with value: 0.7503965208493221.
# [I 2024-01-17 20:35:29,041] Trial 436 finished with value: 0.7483243796367358 and parameters: {'max_depth': 19, 'learning_rate': 0.057779290378184675, 'subsample': 0.7830670014589635, 'colsample_bytree': 0.729461403051912, 'reg_alpha': 0.004577828906817265, 'reg_lambda': 0.001959523667052938, 'min_child_weight': 13, 'gamma': 0.11437312478976902, 'num_boost_round': 764}. Best is trial 434 with value: 0.7503965208493221.
# [I 2024-01-17 20:35:51,077] Trial 437 finished with value: 0.7500383729854183 and parameters: {'max_depth': 20, 'learning_rate': 0.0501469947490616, 'subsample': 0.7864250122233635, 'colsample_bytree': 0.721092453983058, 'reg_alpha': 0.009132060255809807, 'reg_lambda': 0.005182047879026981, 'min_child_weight': 13, 'gamma': 0.13454249468256677, 'num_boost_round': 795}. Best is trial 434 with value: 0.7503965208493221.
# [I 2024-01-17 20:36:11,695] Trial 438 finished with value: 0.7489127654131491 and parameters: {'max_depth': 20, 'learning_rate': 0.052409394572769157, 'subsample': 0.7951930467825458, 'colsample_bytree': 0.7302086812658863, 'reg_alpha': 0.011196443695692391, 'reg_lambda': 0.0039058313481926967, 'min_child_weight': 13, 'gamma': 0.147626190595227, 'num_boost_round': 799}. Best is trial 434 with value: 0.7503965208493221.
# [I 2024-01-17 20:36:36,026] Trial 439 finished with value: 0.7499104630340241 and parameters: {'max_depth': 20, 'learning_rate': 0.04502360219274313, 'subsample': 0.7825146117067048, 'colsample_bytree': 0.7114798748503773, 'reg_alpha': 0.003575098484161891, 'reg_lambda': 0.0058561522569155295, 'min_child_weight': 12, 'gamma': 0.13458416086706415, 'num_boost_round': 787}. Best is trial 434 with value: 0.7503965208493221.
# [I 2024-01-17 20:36:59,394] Trial 440 finished with value: 0.7491685853159376 and parameters: {'max_depth': 20, 'learning_rate': 0.05152821967954605, 'subsample': 0.7579731021557669, 'colsample_bytree': 0.7177366804499224, 'reg_alpha': 0.0019460794572566465, 'reg_lambda': 0.0032785529098824633, 'min_child_weight': 12, 'gamma': 0.10837994827167274, 'num_boost_round': 722}. Best is trial 434 with value: 0.7503965208493221.
# [I 2024-01-17 20:37:21,513] Trial 441 finished with value: 0.7496546431312356 and parameters: {'max_depth': 20, 'learning_rate': 0.05127888482996001, 'subsample': 0.7799539947171942, 'colsample_bytree': 0.701077199691642, 'reg_alpha': 0.005729490460512687, 'reg_lambda': 0.0039670229981337915, 'min_child_weight': 12, 'gamma': 0.14648671935930913, 'num_boost_round': 750}. Best is trial 434 with value: 0.7503965208493221.
# [I 2024-01-17 20:37:42,679] Trial 442 finished with value: 0.7477359938603223 and parameters: {'max_depth': 20, 'learning_rate': 0.0452860740248998, 'subsample': 0.7837054091414964, 'colsample_bytree': 0.7066579283051287, 'reg_alpha': 0.004393839922629742, 'reg_lambda': 0.008246338372354958, 'min_child_weight': 12, 'gamma': 0.12117575401477085, 'num_boost_round': 769}. Best is trial 434 with value: 0.7503965208493221.
# [I 2024-01-17 20:38:04,661] Trial 443 finished with value: 0.7490662573548221 and parameters: {'max_depth': 20, 'learning_rate': 0.04656479672324337, 'subsample': 0.7949619563642168, 'colsample_bytree': 0.7018516293800536, 'reg_alpha': 0.0028641584751969307, 'reg_lambda': 0.00859390312967135, 'min_child_weight': 12, 'gamma': 0.1451303906894395, 'num_boost_round': 793}. Best is trial 434 with value: 0.7503965208493221.
# [I 2024-01-17 20:38:21,187] Trial 444 finished with value: 0.7475057559478128 and parameters: {'max_depth': 20, 'learning_rate': 0.05293170150564905, 'subsample': 0.7901512386635972, 'colsample_bytree': 0.7228116782852776, 'reg_alpha': 0.003473112006396723, 'reg_lambda': 0.0022983848256492726, 'min_child_weight': 13, 'gamma': 0.13620759659612902, 'num_boost_round': 778}. Best is trial 434 with value: 0.7503965208493221.
# [I 2024-01-17 20:38:44,669] Trial 445 finished with value: 0.7500383729854183 and parameters: {'max_depth': 20, 'learning_rate': 0.050470325652125864, 'subsample': 0.8043901687590749, 'colsample_bytree': 0.7056216937536768, 'reg_alpha': 0.004072230223084778, 'reg_lambda': 0.002983831668963747, 'min_child_weight': 12, 'gamma': 0.14151219224740322, 'num_boost_round': 783}. Best is trial 434 with value: 0.7503965208493221.
# [I 2024-01-17 20:39:06,944] Trial 446 finished with value: 0.7488871834228703 and parameters: {'max_depth': 20, 'learning_rate': 0.04667277306918356, 'subsample': 0.7794232419037253, 'colsample_bytree': 0.712298901009852, 'reg_alpha': 0.007106744355295894, 'reg_lambda': 0.00603806920548426, 'min_child_weight': 13, 'gamma': 0.1427742567996902, 'num_boost_round': 793}. Best is trial 434 with value: 0.7503965208493221.
# [I 2024-01-17 20:39:23,596] Trial 447 finished with value: 0.7482987976464569 and parameters: {'max_depth': 20, 'learning_rate': 0.04630691007858603, 'subsample': 0.7662936839936663, 'colsample_bytree': 0.7057769314182544, 'reg_alpha': 0.0047780098125524105, 'reg_lambda': 0.0069003331464769155, 'min_child_weight': 14, 'gamma': 0.1464591345153361, 'num_boost_round': 787}. Best is trial 434 with value: 0.7503965208493221.
# [I 2024-01-17 20:39:44,088] Trial 448 finished with value: 0.7486057815298031 and parameters: {'max_depth': 20, 'learning_rate': 0.048329734793059353, 'subsample': 0.7892924782959528, 'colsample_bytree': 0.7269584715021701, 'reg_alpha': 0.00849501539783211, 'reg_lambda': 0.004313689969178932, 'min_child_weight': 12, 'gamma': 0.1315379814122315, 'num_boost_round': 797}. Best is trial 434 with value: 0.7503965208493221.
# [I 2024-01-17 20:40:00,757] Trial 449 finished with value: 0.7485546175492453 and parameters: {'max_depth': 20, 'learning_rate': 0.055790294037582844, 'subsample': 0.7600841251057554, 'colsample_bytree': 0.7118027755237902, 'reg_alpha': 0.0024170378637873927, 'reg_lambda': 0.004170817870353544, 'min_child_weight': 12, 'gamma': 0.11897014642826247, 'num_boost_round': 744}. Best is trial 434 with value: 0.7503965208493221.
# [I 2024-01-17 20:40:16,665] Trial 450 finished with value: 0.7486057815298031 and parameters: {'max_depth': 19, 'learning_rate': 0.05928358365210958, 'subsample': 0.7827433737471037, 'colsample_bytree': 0.7210947111504432, 'reg_alpha': 0.004335886306316782, 'reg_lambda': 0.004407309420187683, 'min_child_weight': 12, 'gamma': 0.1541278541644923, 'num_boost_round': 766}. Best is trial 434 with value: 0.7503965208493221.
# [I 2024-01-17 20:40:33,842] Trial 451 finished with value: 0.7463545663852648 and parameters: {'max_depth': 20, 'learning_rate': 0.04330559767249768, 'subsample': 0.7811209694355825, 'colsample_bytree': 0.7093350269434189, 'reg_alpha': 0.006949061348240105, 'reg_lambda': 0.006325013240701648, 'min_child_weight': 14, 'gamma': 0.15732393079851045, 'num_boost_round': 800}. Best is trial 434 with value: 0.7503965208493221.
# [I 2024-01-17 20:40:53,074] Trial 452 finished with value: 0.747454591967255 and parameters: {'max_depth': 20, 'learning_rate': 0.043707585879386286, 'subsample': 0.7860888293474284, 'colsample_bytree': 0.7023621521752824, 'reg_alpha': 0.001929351667887579, 'reg_lambda': 0.00261778489704143, 'min_child_weight': 11, 'gamma': 0.14195558359020485, 'num_boost_round': 758}. Best is trial 434 with value: 0.7503965208493221.
# [I 2024-01-17 20:41:12,214] Trial 453 finished with value: 0.7482220516756204 and parameters: {'max_depth': 19, 'learning_rate': 0.04722252749623139, 'subsample': 0.7878404305207126, 'colsample_bytree': 0.7093979790054301, 'reg_alpha': 0.00724871975218352, 'reg_lambda': 0.0041234620239806175, 'min_child_weight': 15, 'gamma': 0.16266934394917984, 'num_boost_round': 794}. Best is trial 434 with value: 0.7503965208493221.
# [I 2024-01-17 20:41:34,588] Trial 454 finished with value: 0.7489895113839857 and parameters: {'max_depth': 20, 'learning_rate': 0.04609636644529318, 'subsample': 0.7905243048631975, 'colsample_bytree': 0.7051995928685624, 'reg_alpha': 0.0029484001270446095, 'reg_lambda': 0.009541152885047584, 'min_child_weight': 12, 'gamma': 0.1407079616203199, 'num_boost_round': 813}. Best is trial 434 with value: 0.7503965208493221.
# [I 2024-01-17 20:41:50,361] Trial 455 finished with value: 0.7474290099769763 and parameters: {'max_depth': 19, 'learning_rate': 0.0511628829881822, 'subsample': 0.7867373227195241, 'colsample_bytree': 0.7257697994305937, 'reg_alpha': 0.00528317622300296, 'reg_lambda': 0.004120585776292146, 'min_child_weight': 13, 'gamma': 0.11529497933832757, 'num_boost_round': 767}. Best is trial 434 with value: 0.7503965208493221.
# [I 2024-01-17 20:42:06,967] Trial 456 finished with value: 0.7479918137631107 and parameters: {'max_depth': 20, 'learning_rate': 0.04909341151646254, 'subsample': 0.8098369664300819, 'colsample_bytree': 0.7033651883707178, 'reg_alpha': 0.0020659051197412345, 'reg_lambda': 0.00619864389909993, 'min_child_weight': 11, 'gamma': 0.13215600968126878, 'num_boost_round': 780}. Best is trial 434 with value: 0.7503965208493221.
# [I 2024-01-17 20:42:26,785] Trial 457 finished with value: 0.7488104374520338 and parameters: {'max_depth': 19, 'learning_rate': 0.04566219839832918, 'subsample': 0.7800363385953156, 'colsample_bytree': 0.7136048623188417, 'reg_alpha': 0.002128767346556326, 'reg_lambda': 0.00249297996144194, 'min_child_weight': 11, 'gamma': 0.14247145287108348, 'num_boost_round': 750}. Best is trial 434 with value: 0.7503965208493221.
# [I 2024-01-17 20:42:51,033] Trial 458 finished with value: 0.7488360194423126 and parameters: {'max_depth': 20, 'learning_rate': 0.04360333285108639, 'subsample': 0.7903065416027022, 'colsample_bytree': 0.7033551589096771, 'reg_alpha': 0.003954759778747973, 'reg_lambda': 0.00738898574717821, 'min_child_weight': 13, 'gamma': 0.16905493061521176, 'num_boost_round': 800}. Best is trial 434 with value: 0.7503965208493221.
# [I 2024-01-17 20:43:10,464] Trial 459 finished with value: 0.7460220005116398 and parameters: {'max_depth': 20, 'learning_rate': 0.042199918350896336, 'subsample': 0.798236741074234, 'colsample_bytree': 0.7049733505357887, 'reg_alpha': 0.010169619030123664, 'reg_lambda': 0.005292418483355602, 'min_child_weight': 12, 'gamma': 0.17418562703411697, 'num_boost_round': 769}. Best is trial 434 with value: 0.7503965208493221.
