# [I 2024-01-25 00:12:47,476] Trial 408 finished with value: 0.7460220005116398 and parameters: {'max_depth': 19, 'learning_rate': 0.024864057091543317, 'subsample': 0.8332137322738771, 'colsample_bytree': 0.7593861076331332, 'reg_alpha': 0.06081248002220913, 'reg_lambda': 2.3198441289476793e-06, 'min_child_weight': 11, 'gamma': 0.11815767582259615, 'num_boost_round': 773}. Best is trial 250 with value: 0.7498848810437452.
# [I 2024-01-25 00:13:12,235] Trial 409 finished with value: 0.7471987720644666 and parameters: {'max_depth': 19, 'learning_rate': 0.03990702493924934, 'subsample': 0.8348864932945433, 'colsample_bytree': 0.7478090005789485, 'reg_alpha': 0.040006016765917606, 'reg_lambda': 7.4193061227522815e-06, 'min_child_weight': 12, 'gamma': 0.1645098003394811, 'num_boost_round': 700}. Best is trial 250 with value: 0.7498848810437452.
# [I 2024-01-25 00:13:39,811] Trial 410 finished with value: 0.7444614991046303 and parameters: {'max_depth': 20, 'learning_rate': 0.022270066167787927, 'subsample': 0.8563986445262017, 'colsample_bytree': 0.7860827207037491, 'reg_alpha': 0.013897902540052196, 'reg_lambda': 0.00020102155140722005, 'min_child_weight': 11, 'gamma': 0.04343344231177192, 'num_boost_round': 703}. Best is trial 250 with value: 0.7498848810437452.
# [I 2024-01-25 00:14:21,162] Trial 411 finished with value: 0.747966231772832 and parameters: {'max_depth': 18, 'learning_rate': 0.020963783909735814, 'subsample': 0.8386395592008629, 'colsample_bytree': 0.7462621683991046, 'reg_alpha': 0.10513226792517463, 'reg_lambda': 6.200606049875157e-05, 'min_child_weight': 7, 'gamma': 0.08259191282232092, 'num_boost_round': 759}. Best is trial 250 with value: 0.7498848810437452.
# [I 2024-01-25 00:14:47,061] Trial 412 finished with value: 0.7468406242005627 and parameters: {'max_depth': 17, 'learning_rate': 0.03259021989439674, 'subsample': 0.8259192784189675, 'colsample_bytree': 0.7517006233157667, 'reg_alpha': 0.30312250780734756, 'reg_lambda': 0.00014756354346021286, 'min_child_weight': 8, 'gamma': 0.17830071578540416, 'num_boost_round': 823}. Best is trial 250 with value: 0.7498848810437452.
# [I 2024-01-25 00:15:18,759] Trial 413 finished with value: 0.7456894346380148 and parameters: {'max_depth': 19, 'learning_rate': 0.01799490477423816, 'subsample': 0.8408780195985507, 'colsample_bytree': 0.8121908639435333, 'reg_alpha': 0.010199142888875398, 'reg_lambda': 2.548038689716736e-05, 'min_child_weight': 9, 'gamma': 0.0507491130988353, 'num_boost_round': 770}. Best is trial 250 with value: 0.7498848810437452.
# [I 2024-01-25 00:15:56,699] Trial 414 finished with value: 0.7471987720644666 and parameters: {'max_depth': 18, 'learning_rate': 0.020977593537149994, 'subsample': 0.8508393047293525, 'colsample_bytree': 0.7440012159309776, 'reg_alpha': 0.394281003053377, 'reg_lambda': 2.1635597980510535e-05, 'min_child_weight': 8, 'gamma': 0.12899324241340138, 'num_boost_round': 787}. Best is trial 250 with value: 0.7498848810437452.
# [I 2024-01-25 00:16:41,124] Trial 415 finished with value: 0.748119723714505 and parameters: {'max_depth': 19, 'learning_rate': 0.022572541751124577, 'subsample': 0.817930739393065, 'colsample_bytree': 0.7672722020108772, 'reg_alpha': 0.4984125590305995, 'reg_lambda': 7.702750441865361e-05, 'min_child_weight': 9, 'gamma': 0.1137312945086097, 'num_boost_round': 799}. Best is trial 250 with value: 0.7498848810437452.
# [I 2024-01-25 00:17:09,494] Trial 416 finished with value: 0.746968534151957 and parameters: {'max_depth': 18, 'learning_rate': 0.03165871345302817, 'subsample': 0.8467795048198808, 'colsample_bytree': 0.7457833037849848, 'reg_alpha': 0.0677585271187809, 'reg_lambda': 1.559755626986236e-05, 'min_child_weight': 9, 'gamma': 0.14421077786176498, 'num_boost_round': 765}. Best is trial 250 with value: 0.7498848810437452.
# [I 2024-01-25 00:17:20,053] Trial 417 finished with value: 0.7392171910974674 and parameters: {'max_depth': 17, 'learning_rate': 0.022652315126594023, 'subsample': 0.8317709064773433, 'colsample_bytree': 0.772072468342409, 'reg_alpha': 0.1962371584214367, 'reg_lambda': 3.933592023377455e-05, 'min_child_weight': 8, 'gamma': 0.215482290147488, 'num_boost_round': 719}. Best is trial 250 with value: 0.7498848810437452.
# [I 2024-01-25 00:18:00,988] Trial 418 finished with value: 0.747147608083909 and parameters: {'max_depth': 19, 'learning_rate': 0.018737339164114245, 'subsample': 0.8341799662161562, 'colsample_bytree': 0.7479128120534579, 'reg_alpha': 0.08858661454542457, 'reg_lambda': 0.00010501229380382399, 'min_child_weight': 7, 'gamma': 0.1395897333045755, 'num_boost_round': 697}. Best is trial 250 with value: 0.7498848810437452.
# [I 2024-01-25 00:18:45,292] Trial 419 finished with value: 0.7481708876950627 and parameters: {'max_depth': 19, 'learning_rate': 0.022521616266180246, 'subsample': 0.8450539749382637, 'colsample_bytree': 0.7664063132934626, 'reg_alpha': 0.0757348738243334, 'reg_lambda': 2.151214321314953e-05, 'min_child_weight': 9, 'gamma': 0.040679367351397, 'num_boost_round': 805}. Best is trial 250 with value: 0.7498848810437452.
# [I 2024-01-25 00:19:23,337] Trial 420 finished with value: 0.7476080839089281 and parameters: {'max_depth': 18, 'learning_rate': 0.03451443262642286, 'subsample': 0.8383772282968261, 'colsample_bytree': 0.7505501102143978, 'reg_alpha': 0.027253824561249394, 'reg_lambda': 5.427710322180505e-05, 'min_child_weight': 8, 'gamma': 0.1606743988562796, 'num_boost_round': 756}. Best is trial 250 with value: 0.7498848810437452.
# [I 2024-01-25 00:20:08,766] Trial 421 finished with value: 0.7475825019186493 and parameters: {'max_depth': 19, 'learning_rate': 0.02225552589706453, 'subsample': 0.8244923068798382, 'colsample_bytree': 0.7895205591849331, 'reg_alpha': 0.03679488636621957, 'reg_lambda': 9.218015268171345e-05, 'min_child_weight': 12, 'gamma': 0.017917430010712644, 'num_boost_round': 740}. Best is trial 250 with value: 0.7498848810437452.
# [I 2024-01-25 00:20:36,820] Trial 422 finished with value: 0.7455103607060629 and parameters: {'max_depth': 18, 'learning_rate': 0.024691121157719244, 'subsample': 0.8141755391459251, 'colsample_bytree': 0.7560829561601317, 'reg_alpha': 0.42368427082812543, 'reg_lambda': 0.00014175241218988797, 'min_child_weight': 6, 'gamma': 0.0992101576434136, 'num_boost_round': 886}. Best is trial 250 with value: 0.7498848810437452.
# [I 2024-01-25 00:21:09,679] Trial 423 finished with value: 0.7474034279866973 and parameters: {'max_depth': 18, 'learning_rate': 0.03026094335642521, 'subsample': 0.8348857361801416, 'colsample_bytree': 0.7380969649976448, 'reg_alpha': 0.05012030110123212, 'reg_lambda': 2.5613617109587877e-05, 'min_child_weight': 7, 'gamma': 0.09524683400241062, 'num_boost_round': 742}. Best is trial 250 with value: 0.7498848810437452.
# [I 2024-01-25 00:21:42,583] Trial 424 finished with value: 0.7479918137631107 and parameters: {'max_depth': 20, 'learning_rate': 0.027290249263215365, 'subsample': 0.8356029027681904, 'colsample_bytree': 0.7397152072263785, 'reg_alpha': 0.23005270437697242, 'reg_lambda': 2.4779156352976472e-05, 'min_child_weight': 7, 'gamma': 0.050193324619296625, 'num_boost_round': 799}. Best is trial 250 with value: 0.7498848810437452.
# [I 2024-01-25 00:22:20,724] Trial 425 finished with value: 0.7474801739575339 and parameters: {'max_depth': 17, 'learning_rate': 0.024761804803622917, 'subsample': 0.8475835728102261, 'colsample_bytree': 0.7622078611034667, 'reg_alpha': 0.1076471291478599, 'reg_lambda': 2.664853195179283e-05, 'min_child_weight': 6, 'gamma': 0.0212536962020834, 'num_boost_round': 765}. Best is trial 250 with value: 0.7498848810437452.
# [I 2024-01-25 00:23:04,685] Trial 426 finished with value: 0.7482987976464569 and parameters: {'max_depth': 19, 'learning_rate': 0.022310345556949687, 'subsample': 0.8367087624272371, 'colsample_bytree': 0.7985643097812859, 'reg_alpha': 0.08013101414441165, 'reg_lambda': 0.00014498190479384827, 'min_child_weight': 10, 'gamma': 0.03625269721008473, 'num_boost_round': 799}. Best is trial 250 with value: 0.7498848810437452.
# [I 2024-01-25 00:23:35,112] Trial 427 finished with value: 0.7487336914811973 and parameters: {'max_depth': 19, 'learning_rate': 0.032617876997144475, 'subsample': 0.828786499729763, 'colsample_bytree': 0.7491356827095648, 'reg_alpha': 0.04207064660662637, 'reg_lambda': 1.970028621210238e-05, 'min_child_weight': 8, 'gamma': 0.17936291655619002, 'num_boost_round': 773}. Best is trial 250 with value: 0.7498848810437452.
# [I 2024-01-25 00:24:04,417] Trial 428 finished with value: 0.746968534151957 and parameters: {'max_depth': 18, 'learning_rate': 0.03025666794312542, 'subsample': 0.8004226547561405, 'colsample_bytree': 0.8074287529282076, 'reg_alpha': 0.1848887205981108, 'reg_lambda': 5.631772237504035e-05, 'min_child_weight': 7, 'gamma': 0.14453055532448267, 'num_boost_round': 809}. Best is trial 250 with value: 0.7498848810437452.
# [I 2024-01-25 00:24:43,211] Trial 429 finished with value: 0.7484267075978511 and parameters: {'max_depth': 20, 'learning_rate': 0.02634488980668257, 'subsample': 0.827178879840609, 'colsample_bytree': 0.7800461029784054, 'reg_alpha': 0.2569601496305169, 'reg_lambda': 4.4062887454354e-05, 'min_child_weight': 9, 'gamma': 0.11177244925487709, 'num_boost_round': 804}. Best is trial 250 with value: 0.7498848810437452.
# [I 2024-01-25 00:25:28,500] Trial 430 finished with value: 0.7470964441033512 and parameters: {'max_depth': 18, 'learning_rate': 0.024804573946755334, 'subsample': 0.8239583180557971, 'colsample_bytree': 0.7647804898723491, 'reg_alpha': 0.14403503505294724, 'reg_lambda': 0.0001955326057110681, 'min_child_weight': 9, 'gamma': 0.060588820344007185, 'num_boost_round': 819}. Best is trial 250 with value: 0.7498848810437452.
# [I 2024-01-25 00:25:50,940] Trial 431 finished with value: 0.7462010744435917 and parameters: {'max_depth': 19, 'learning_rate': 0.04209094219747798, 'subsample': 0.8231116008533779, 'colsample_bytree': 0.7117498084735647, 'reg_alpha': 0.1556044232158566, 'reg_lambda': 1.530580558307309e-05, 'min_child_weight': 7, 'gamma': 0.173860969871059, 'num_boost_round': 785}. Best is trial 250 with value: 0.7498848810437452.
# [I 2024-01-25 00:26:25,393] Trial 432 finished with value: 0.7467894602200051 and parameters: {'max_depth': 19, 'learning_rate': 0.02369599741661657, 'subsample': 0.8432841184229325, 'colsample_bytree': 0.7649326830846944, 'reg_alpha': 0.05509377494884058, 'reg_lambda': 9.457575038054051e-05, 'min_child_weight': 8, 'gamma': 0.10260172085438336, 'num_boost_round': 776}. Best is trial 250 with value: 0.7498848810437452.
# [I 2024-01-25 00:27:13,341] Trial 433 finished with value: 0.7483499616270146 and parameters: {'max_depth': 19, 'learning_rate': 0.02200161314415139, 'subsample': 0.8501218930008102, 'colsample_bytree': 0.7526553018984246, 'reg_alpha': 0.057117123959549175, 'reg_lambda': 2.2305230510935088e-05, 'min_child_weight': 9, 'gamma': 0.11646684383773274, 'num_boost_round': 801}. Best is trial 250 with value: 0.7498848810437452.
# [I 2024-01-25 00:27:40,051] Trial 434 finished with value: 0.7473778459964185 and parameters: {'max_depth': 20, 'learning_rate': 0.029800639973272904, 'subsample': 0.8103838721717351, 'colsample_bytree': 0.7652683525569418, 'reg_alpha': 0.04881092844073517, 'reg_lambda': 4.865009213932695e-05, 'min_child_weight': 8, 'gamma': 0.1909961449170014, 'num_boost_round': 747}. Best is trial 250 with value: 0.7498848810437452.
# [I 2024-01-25 00:28:10,862] Trial 435 finished with value: 0.7476336658992069 and parameters: {'max_depth': 18, 'learning_rate': 0.04303529599210355, 'subsample': 0.8172451059578867, 'colsample_bytree': 0.7314890351471, 'reg_alpha': 0.165019857251667, 'reg_lambda': 1.8773669340325554e-05, 'min_child_weight': 6, 'gamma': 0.1454817165642999, 'num_boost_round': 750}. Best is trial 250 with value: 0.7498848810437452.
# [I 2024-01-25 00:28:58,599] Trial 436 finished with value: 0.7488104374520338 and parameters: {'max_depth': 19, 'learning_rate': 0.024744773018232004, 'subsample': 0.8541633678112956, 'colsample_bytree': 0.7999191193698096, 'reg_alpha': 0.0247722861590786, 'reg_lambda': 4.806993842629763e-05, 'min_child_weight': 10, 'gamma': 0.11102114042683314, 'num_boost_round': 762}. Best is trial 250 with value: 0.7498848810437452.
# [I 2024-01-25 00:29:24,680] Trial 437 finished with value: 0.7480685597339474 and parameters: {'max_depth': 20, 'learning_rate': 0.035355127542844034, 'subsample': 0.818024302986875, 'colsample_bytree': 0.7821818580974105, 'reg_alpha': 0.053617157400791655, 'reg_lambda': 1.9039547120463753e-05, 'min_child_weight': 11, 'gamma': 0.11121600398562488, 'num_boost_round': 790}. Best is trial 250 with value: 0.7498848810437452.
# [I 2024-01-25 00:29:51,946] Trial 438 finished with value: 0.7462266564338705 and parameters: {'max_depth': 20, 'learning_rate': 0.020010135872219278, 'subsample': 0.8233311679538716, 'colsample_bytree': 0.7472635195182531, 'reg_alpha': 0.22258633706856099, 'reg_lambda': 0.00012140925237072432, 'min_child_weight': 4, 'gamma': 0.11256131737256504, 'num_boost_round': 736}. Best is trial 250 with value: 0.7498848810437452.
# [I 2024-01-25 00:30:15,544] Trial 439 finished with value: 0.74778715784088 and parameters: {'max_depth': 20, 'learning_rate': 0.05140276376798547, 'subsample': 0.813842044016755, 'colsample_bytree': 0.7782223858868716, 'reg_alpha': 0.03495660139465053, 'reg_lambda': 2.1897241466632016e-05, 'min_child_weight': 9, 'gamma': 0.24299830684470852, 'num_boost_round': 800}. Best is trial 250 with value: 0.7498848810437452.
# [I 2024-01-25 00:30:52,583] Trial 440 finished with value: 0.747966231772832 and parameters: {'max_depth': 19, 'learning_rate': 0.03140669481882524, 'subsample': 0.8374085975344963, 'colsample_bytree': 0.7568115426586037, 'reg_alpha': 0.03645189735269789, 'reg_lambda': 2.4339018351485105e-05, 'min_child_weight': 8, 'gamma': 0.08857144431967917, 'num_boost_round': 813}. Best is trial 250 with value: 0.7498848810437452.
# [I 2024-01-25 00:31:38,923] Trial 441 finished with value: 0.7478894858019953 and parameters: {'max_depth': 18, 'learning_rate': 0.02383166850265611, 'subsample': 0.8757225505118705, 'colsample_bytree': 0.7627848933459704, 'reg_alpha': 0.27782710234364183, 'reg_lambda': 7.409542513636683e-05, 'min_child_weight': 10, 'gamma': 0.10142830111847512, 'num_boost_round': 799}. Best is trial 250 with value: 0.7498848810437452.
# [I 2024-01-25 00:32:17,809] Trial 442 finished with value: 0.7488104374520338 and parameters: {'max_depth': 20, 'learning_rate': 0.02753513429283284, 'subsample': 0.8261364896751787, 'colsample_bytree': 0.777555702490621, 'reg_alpha': 0.1856696048691983, 'reg_lambda': 3.193577793087714e-05, 'min_child_weight': 11, 'gamma': 0.12764394945130564, 'num_boost_round': 828}. Best is trial 250 with value: 0.7498848810437452.
# [I 2024-01-25 00:32:59,954] Trial 443 finished with value: 0.7482987976464569 and parameters: {'max_depth': 19, 'learning_rate': 0.026296015405146315, 'subsample': 0.8478569035429162, 'colsample_bytree': 0.7748374855498847, 'reg_alpha': 0.05571029785985345, 'reg_lambda': 3.8884329105024634e-05, 'min_child_weight': 10, 'gamma': 0.13915223369891502, 'num_boost_round': 813}. Best is trial 250 with value: 0.7498848810437452.
# [I 2024-01-25 00:33:25,262] Trial 444 finished with value: 0.7450498848810437 and parameters: {'max_depth': 20, 'learning_rate': 0.019796201468884715, 'subsample': 0.872166159747781, 'colsample_bytree': 0.7822035601298074, 'reg_alpha': 0.04331119304063976, 'reg_lambda': 1.4082907369443065e-05, 'min_child_weight': 6, 'gamma': 0.12484483124141037, 'num_boost_round': 802}. Best is trial 250 with value: 0.7498848810437452.
# [I 2024-01-25 00:33:44,655] Trial 445 finished with value: 0.7447684829879765 and parameters: {'max_depth': 20, 'learning_rate': 0.018965182228373036, 'subsample': 0.8703241821127643, 'colsample_bytree': 0.8049371811691506, 'reg_alpha': 0.021584616139654445, 'reg_lambda': 5.7906603126205585e-05, 'min_child_weight': 8, 'gamma': 0.06791119908529536, 'num_boost_round': 834}. Best is trial 250 with value: 0.7498848810437452.
# [I 2024-01-25 00:34:18,524] Trial 446 finished with value: 0.7475057559478128 and parameters: {'max_depth': 20, 'learning_rate': 0.03731030441501981, 'subsample': 0.8502060693385545, 'colsample_bytree': 0.7639298505467211, 'reg_alpha': 0.00926399433695468, 'reg_lambda': 9.457972873188835e-06, 'min_child_weight': 11, 'gamma': 0.08848535131778809, 'num_boost_round': 803}. Best is trial 250 with value: 0.7498848810437452.
# [I 2024-01-25 00:34:56,148] Trial 447 finished with value: 0.7478639038117165 and parameters: {'max_depth': 19, 'learning_rate': 0.029127222005512272, 'subsample': 0.8232599765013398, 'colsample_bytree': 0.7677277356237491, 'reg_alpha': 0.03813874766821402, 'reg_lambda': 6.732669305665872e-05, 'min_child_weight': 12, 'gamma': 0.06675665801322855, 'num_boost_round': 758}. Best is trial 250 with value: 0.7498848810437452.
# [I 2024-01-25 00:35:38,576] Trial 448 finished with value: 0.7472243540547454 and parameters: {'max_depth': 17, 'learning_rate': 0.02422575501664275, 'subsample': 0.8680203439255905, 'colsample_bytree': 0.803668829508495, 'reg_alpha': 0.0725301796686973, 'reg_lambda': 6.708248390931791e-05, 'min_child_weight': 7, 'gamma': 0.12300492498943902, 'num_boost_round': 805}. Best is trial 250 with value: 0.7498848810437452.
# [I 2024-01-25 00:35:53,433] Trial 449 finished with value: 0.741724226144794 and parameters: {'max_depth': 20, 'learning_rate': 0.021321474606146293, 'subsample': 0.8632131336638524, 'colsample_bytree': 0.7723081654244208, 'reg_alpha': 0.005467524020106577, 'reg_lambda': 9.670560176959714e-05, 'min_child_weight': 10, 'gamma': 0.18022292763718858, 'num_boost_round': 678}. Best is trial 250 with value: 0.7498848810437452.
# [I 2024-01-25 00:36:22,271] Trial 450 finished with value: 0.7465848042977743 and parameters: {'max_depth': 18, 'learning_rate': 0.03272280708919356, 'subsample': 0.8530749311910628, 'colsample_bytree': 0.8038479081207507, 'reg_alpha': 0.04272535597364714, 'reg_lambda': 1.291862289584537e-05, 'min_child_weight': 11, 'gamma': 0.10673395632928541, 'num_boost_round': 783}. Best is trial 250 with value: 0.7498848810437452.
# [I 2024-01-25 00:37:01,676] Trial 451 finished with value: 0.74845228958813 and parameters: {'max_depth': 19, 'learning_rate': 0.029065549031097017, 'subsample': 0.8500425725053031, 'colsample_bytree': 0.7654069819750515, 'reg_alpha': 0.18303917962384925, 'reg_lambda': 3.488716674708095e-05, 'min_child_weight': 11, 'gamma': 0.1519600432345025, 'num_boost_round': 805}. Best is trial 250 with value: 0.7498848810437452.
# [I 2024-01-25 00:37:08,818] Trial 452 finished with value: 0.7371962138654387 and parameters: {'max_depth': 19, 'learning_rate': 0.023436450497353427, 'subsample': 0.844675406186254, 'colsample_bytree': 0.7676093461408452, 'reg_alpha': 0.1237482801130194, 'reg_lambda': 9.638491918433167e-06, 'min_child_weight': 10, 'gamma': 0.1258839276345091, 'num_boost_round': 814}. Best is trial 250 with value: 0.7498848810437452.
# [I 2024-01-25 00:37:37,359] Trial 453 finished with value: 0.7482987976464569 and parameters: {'max_depth': 19, 'learning_rate': 0.032781329057129785, 'subsample': 0.8373377656624496, 'colsample_bytree': 0.7515782879177767, 'reg_alpha': 0.3809398147073139, 'reg_lambda': 7.22608855009076e-05, 'min_child_weight': 11, 'gamma': 0.14738700073195304, 'num_boost_round': 822}. Best is trial 250 with value: 0.7498848810437452.
# [I 2024-01-25 00:37:59,310] Trial 454 finished with value: 0.7432591455615247 and parameters: {'max_depth': 19, 'learning_rate': 0.022661529534313055, 'subsample': 0.8236661262038489, 'colsample_bytree': 0.7781698945504822, 'reg_alpha': 0.11530738296892275, 'reg_lambda': 4.1514054339299515e-05, 'min_child_weight': 12, 'gamma': 0.07881475318462133, 'num_boost_round': 815}. Best is trial 250 with value: 0.7498848810437452.
# [I 2024-01-25 00:38:37,219] Trial 455 finished with value: 0.7481708876950627 and parameters: {'max_depth': 20, 'learning_rate': 0.027011497867910128, 'subsample': 0.8347361785007644, 'colsample_bytree': 0.7583708805624593, 'reg_alpha': 0.14073858336448608, 'reg_lambda': 0.0001373921251873513, 'min_child_weight': 11, 'gamma': 0.07993609663067269, 'num_boost_round': 809}. Best is trial 250 with value: 0.7498848810437452.
# [I 2024-01-25 00:39:05,588] Trial 456 finished with value: 0.7476336658992069 and parameters: {'max_depth': 20, 'learning_rate': 0.03756323385473371, 'subsample': 0.8401454255315993, 'colsample_bytree': 0.7836121922226289, 'reg_alpha': 0.13196555817195416, 'reg_lambda': 2.0577007247194584e-05, 'min_child_weight': 12, 'gamma': 0.15675996831176298, 'num_boost_round': 846}. Best is trial 250 with value: 0.7498848810437452.
# [I 2024-01-25 00:39:35,317] Trial 457 finished with value: 0.7455359426963417 and parameters: {'max_depth': 19, 'learning_rate': 0.021689330062888482, 'subsample': 0.8481618877005774, 'colsample_bytree': 0.7906912533983613, 'reg_alpha': 0.360139661857488, 'reg_lambda': 4.0467145079527484e-05, 'min_child_weight': 9, 'gamma': 0.11758265611606342, 'num_boost_round': 834}. Best is trial 250 with value: 0.7498848810437452.
# [I 2024-01-25 00:40:14,575] Trial 458 finished with value: 0.7483499616270146 and parameters: {'max_depth': 20, 'learning_rate': 0.019948133698737106, 'subsample': 0.8567204907228273, 'colsample_bytree': 0.7713880503667288, 'reg_alpha': 0.756956718740588, 'reg_lambda': 2.5691326011788642e-05, 'min_child_weight': 9, 'gamma': 0.1880611346030832, 'num_boost_round': 787}. Best is trial 250 with value: 0.7498848810437452.
