# [I 2024-01-24 22:16:29,230] Trial 102 finished with value: 0.7427475057559478 and parameters: {'max_depth': 17, 'learning_rate': 0.04488354548956054, 'subsample': 0.7873207144478355, 'colsample_bytree': 0.8818484665952973, 'reg_alpha': 9.445676616385289e-05, 'reg_lambda': 0.00011497315935991364, 'min_child_weight': 16, 'gamma': 0.20574156281836067, 'num_boost_round': 679}. Best is trial 66 with value: 0.7492197492964953.
# [I 2024-01-24 22:16:50,615] Trial 103 finished with value: 0.7464057303658225 and parameters: {'max_depth': 16, 'learning_rate': 0.07418430146100342, 'subsample': 0.7710629715407947, 'colsample_bytree': 0.7965733920379875, 'reg_alpha': 0.015410471347941988, 'reg_lambda': 0.00016648140915659525, 'min_child_weight': 18, 'gamma': 0.09537391767122681, 'num_boost_round': 842}. Best is trial 66 with value: 0.7492197492964953.
# [I 2024-01-24 22:17:10,557] Trial 104 finished with value: 0.746968534151957 and parameters: {'max_depth': 18, 'learning_rate': 0.07197757001446575, 'subsample': 0.8251263283450591, 'colsample_bytree': 0.779212505666733, 'reg_alpha': 0.007791635819770667, 'reg_lambda': 1.4341513446713537e-05, 'min_child_weight': 16, 'gamma': 0.15677398028123982, 'num_boost_round': 762}. Best is trial 66 with value: 0.7492197492964953.
# [I 2024-01-24 22:17:28,257] Trial 105 finished with value: 0.7450243028907648 and parameters: {'max_depth': 17, 'learning_rate': 0.07814035992601973, 'subsample': 0.7775824225842227, 'colsample_bytree': 0.7992486418327671, 'reg_alpha': 0.0047529546586515545, 'reg_lambda': 0.0010737003083617048, 'min_child_weight': 14, 'gamma': 0.10296621780432949, 'num_boost_round': 814}. Best is trial 66 with value: 0.7492197492964953.
# [I 2024-01-24 22:17:55,226] Trial 106 finished with value: 0.7466871322588897 and parameters: {'max_depth': 16, 'learning_rate': 0.04502841483314437, 'subsample': 0.8011049541705614, 'colsample_bytree': 0.8225207279112142, 'reg_alpha': 0.01760048032553424, 'reg_lambda': 0.0004280084252052634, 'min_child_weight': 8, 'gamma': 0.16851840390583878, 'num_boost_round': 730}. Best is trial 66 with value: 0.7492197492964953.
# [I 2024-01-24 22:18:23,841] Trial 107 finished with value: 0.7471987720644666 and parameters: {'max_depth': 17, 'learning_rate': 0.04195544733898444, 'subsample': 0.829338233283279, 'colsample_bytree': 0.8456676435740396, 'reg_alpha': 0.009410561225341198, 'reg_lambda': 4.2351953067546136e-05, 'min_child_weight': 14, 'gamma': 0.2173580647539342, 'num_boost_round': 688}. Best is trial 66 with value: 0.7492197492964953.
# [I 2024-01-24 22:18:45,681] Trial 108 finished with value: 0.7465592223074955 and parameters: {'max_depth': 16, 'learning_rate': 0.08509941963363768, 'subsample': 0.8480046057610999, 'colsample_bytree': 0.890664824362379, 'reg_alpha': 0.0043888185054127525, 'reg_lambda': 3.5140737778677986e-05, 'min_child_weight': 15, 'gamma': 0.19740470102345092, 'num_boost_round': 738}. Best is trial 66 with value: 0.7492197492964953.
# [I 2024-01-24 22:19:18,522] Trial 109 finished with value: 0.747966231772832 and parameters: {'max_depth': 15, 'learning_rate': 0.054847264446827436, 'subsample': 0.8602691634407448, 'colsample_bytree': 0.8350361781954406, 'reg_alpha': 0.004554361464640139, 'reg_lambda': 7.33678373184606e-05, 'min_child_weight': 17, 'gamma': 0.2323031093859933, 'num_boost_round': 683}. Best is trial 66 with value: 0.7492197492964953.
# [I 2024-01-24 22:19:34,562] Trial 110 finished with value: 0.7466615502686109 and parameters: {'max_depth': 18, 'learning_rate': 0.13619580992398458, 'subsample': 0.805759711942049, 'colsample_bytree': 0.8763371309937104, 'reg_alpha': 0.006511744126890888, 'reg_lambda': 7.250638743502278e-05, 'min_child_weight': 16, 'gamma': 0.1548181584559787, 'num_boost_round': 810}. Best is trial 66 with value: 0.7492197492964953.
# [I 2024-01-24 22:19:59,904] Trial 111 finished with value: 0.749091839345101 and parameters: {'max_depth': 17, 'learning_rate': 0.07690575672906713, 'subsample': 0.8304088943416862, 'colsample_bytree': 0.8032684114382151, 'reg_alpha': 0.15305796613509787, 'reg_lambda': 7.2352676380118895e-06, 'min_child_weight': 15, 'gamma': 0.29252545702316546, 'num_boost_round': 679}. Best is trial 66 with value: 0.7492197492964953.
# [I 2024-01-24 22:20:17,654] Trial 112 finished with value: 0.74845228958813 and parameters: {'max_depth': 18, 'learning_rate': 0.08209903848473048, 'subsample': 0.8189964075735169, 'colsample_bytree': 0.8613841044439751, 'reg_alpha': 0.14423705382368948, 'reg_lambda': 0.00012549538716255266, 'min_child_weight': 13, 'gamma': 0.2609458032059442, 'num_boost_round': 747}. Best is trial 66 with value: 0.7492197492964953.
# [I 2024-01-24 22:20:39,086] Trial 113 finished with value: 0.7465848042977743 and parameters: {'max_depth': 17, 'learning_rate': 0.06630468320443862, 'subsample': 0.8268172589718434, 'colsample_bytree': 0.8514700138454334, 'reg_alpha': 0.0059507352503228245, 'reg_lambda': 5.0585355918368255e-05, 'min_child_weight': 15, 'gamma': 0.2065744908604262, 'num_boost_round': 746}. Best is trial 66 with value: 0.7492197492964953.
# [I 2024-01-24 22:21:02,633] Trial 114 finished with value: 0.7488104374520338 and parameters: {'max_depth': 15, 'learning_rate': 0.13890389974984146, 'subsample': 0.8834627876352528, 'colsample_bytree': 0.8361874827766069, 'reg_alpha': 0.0010039543044863745, 'reg_lambda': 0.00010156779893428154, 'min_child_weight': 17, 'gamma': 0.16359174602000148, 'num_boost_round': 690}. Best is trial 66 with value: 0.7492197492964953.
# [I 2024-01-24 22:21:24,633] Trial 115 finished with value: 0.7453824507546687 and parameters: {'max_depth': 14, 'learning_rate': 0.06692773699439496, 'subsample': 0.7808924777179247, 'colsample_bytree': 0.8199495369591967, 'reg_alpha': 0.022987447048944516, 'reg_lambda': 8.266876015845015e-06, 'min_child_weight': 14, 'gamma': 0.13806975135669802, 'num_boost_round': 702}. Best is trial 66 with value: 0.7492197492964953.
# [I 2024-01-24 22:21:53,898] Trial 116 finished with value: 0.747966231772832 and parameters: {'max_depth': 16, 'learning_rate': 0.051302234770363435, 'subsample': 0.860061705132954, 'colsample_bytree': 0.826387394247995, 'reg_alpha': 0.024323643670205265, 'reg_lambda': 3.47573560766783e-05, 'min_child_weight': 13, 'gamma': 0.26917349988367595, 'num_boost_round': 767}. Best is trial 66 with value: 0.7492197492964953.
# [I 2024-01-24 22:22:34,217] Trial 117 finished with value: 0.7473266820158608 and parameters: {'max_depth': 14, 'learning_rate': 0.052652859841650745, 'subsample': 0.8613697583183094, 'colsample_bytree': 0.7791919691406709, 'reg_alpha': 0.006778103219027465, 'reg_lambda': 1.0724337954134996e-05, 'min_child_weight': 15, 'gamma': 0.19691665816045817, 'num_boost_round': 685}. Best is trial 66 with value: 0.7492197492964953.
# [I 2024-01-24 22:23:02,913] Trial 118 finished with value: 0.7471220260936301 and parameters: {'max_depth': 14, 'learning_rate': 0.05689725499202444, 'subsample': 0.8866336790512709, 'colsample_bytree': 0.8450799915888292, 'reg_alpha': 0.003792865699410621, 'reg_lambda': 3.8530539075224007e-05, 'min_child_weight': 14, 'gamma': 0.1271497100709474, 'num_boost_round': 710}. Best is trial 66 with value: 0.7492197492964953.
# [I 2024-01-24 22:23:24,451] Trial 119 finished with value: 0.7469173701713994 and parameters: {'max_depth': 16, 'learning_rate': 0.07561330568345416, 'subsample': 0.8220521708595887, 'colsample_bytree': 0.8045882667100488, 'reg_alpha': 0.002609376739034855, 'reg_lambda': 0.0006412080069718864, 'min_child_weight': 19, 'gamma': 0.3165745953435827, 'num_boost_round': 784}. Best is trial 66 with value: 0.7492197492964953.
# [I 2024-01-24 22:23:39,672] Trial 120 finished with value: 0.7458940905602456 and parameters: {'max_depth': 14, 'learning_rate': 0.1019357440838832, 'subsample': 0.8701594749443592, 'colsample_bytree': 0.8302055850601191, 'reg_alpha': 0.0035401690223264923, 'reg_lambda': 6.66562612340082e-05, 'min_child_weight': 13, 'gamma': 0.18186662732525388, 'num_boost_round': 773}. Best is trial 66 with value: 0.7492197492964953.
# [I 2024-01-24 22:23:57,802] Trial 121 finished with value: 0.7480941417242262 and parameters: {'max_depth': 16, 'learning_rate': 0.08020512085075385, 'subsample': 0.8235016044326902, 'colsample_bytree': 0.8294587646394282, 'reg_alpha': 0.019080503533026986, 'reg_lambda': 1.2574791433195764e-05, 'min_child_weight': 10, 'gamma': 0.264263156603, 'num_boost_round': 674}. Best is trial 66 with value: 0.7492197492964953.
# [I 2024-01-24 22:24:19,330] Trial 122 finished with value: 0.7473266820158608 and parameters: {'max_depth': 16, 'learning_rate': 0.08519110758303691, 'subsample': 0.8687679399166522, 'colsample_bytree': 0.8002916849879538, 'reg_alpha': 0.0077488068575861215, 'reg_lambda': 1.0780351631883965e-05, 'min_child_weight': 17, 'gamma': 0.22851098297729605, 'num_boost_round': 715}. Best is trial 66 with value: 0.7492197492964953.
# [I 2024-01-24 22:24:40,153] Trial 123 finished with value: 0.7459452545408033 and parameters: {'max_depth': 16, 'learning_rate': 0.0636842696037047, 'subsample': 0.8970541468041732, 'colsample_bytree': 0.8273772863729936, 'reg_alpha': 0.1452017433436671, 'reg_lambda': 1.2973278030283056e-05, 'min_child_weight': 15, 'gamma': 0.15595919939753944, 'num_boost_round': 703}. Best is trial 66 with value: 0.7492197492964953.
# [I 2024-01-24 22:24:56,539] Trial 124 finished with value: 0.7474034279866973 and parameters: {'max_depth': 18, 'learning_rate': 0.09770556291040593, 'subsample': 0.8630305279525473, 'colsample_bytree': 0.8422950032640713, 'reg_alpha': 0.0463842304999479, 'reg_lambda': 0.00011460137562663419, 'min_child_weight': 15, 'gamma': 0.2223172124365072, 'num_boost_round': 654}. Best is trial 66 with value: 0.7492197492964953.
# [I 2024-01-24 22:25:21,526] Trial 125 finished with value: 0.7480941417242262 and parameters: {'max_depth': 16, 'learning_rate': 0.06955155229025502, 'subsample': 0.8485562060758103, 'colsample_bytree': 0.8288774896791866, 'reg_alpha': 0.3140548542188925, 'reg_lambda': 4.01384611129217e-05, 'min_child_weight': 10, 'gamma': 0.18571045915286374, 'num_boost_round': 789}. Best is trial 66 with value: 0.7492197492964953.
# [I 2024-01-24 22:25:39,298] Trial 126 finished with value: 0.7471731900741878 and parameters: {'max_depth': 14, 'learning_rate': 0.09772052318890129, 'subsample': 0.8422200803506268, 'colsample_bytree': 0.8564755582711634, 'reg_alpha': 0.045630803456433965, 'reg_lambda': 1.0562640052618694e-05, 'min_child_weight': 14, 'gamma': 0.2177879674445038, 'num_boost_round': 650}. Best is trial 66 with value: 0.7492197492964953.
# [I 2024-01-24 22:26:03,169] Trial 127 finished with value: 0.7486569455103607 and parameters: {'max_depth': 15, 'learning_rate': 0.08283922191830996, 'subsample': 0.8299563232005811, 'colsample_bytree': 0.7864456882941183, 'reg_alpha': 0.13025326241899407, 'reg_lambda': 5.3320354120076535e-05, 'min_child_weight': 15, 'gamma': 0.22875807901377446, 'num_boost_round': 749}. Best is trial 66 with value: 0.7492197492964953.
# [I 2024-01-24 22:26:24,901] Trial 128 finished with value: 0.7472243540547454 and parameters: {'max_depth': 18, 'learning_rate': 0.07404896670655378, 'subsample': 0.8505906329458248, 'colsample_bytree': 0.8120379619382414, 'reg_alpha': 0.13817260446213211, 'reg_lambda': 2.1916145379229883e-05, 'min_child_weight': 14, 'gamma': 0.267785570988725, 'num_boost_round': 769}. Best is trial 66 with value: 0.7492197492964953.
# [I 2024-01-24 22:26:50,766] Trial 129 finished with value: 0.747966231772832 and parameters: {'max_depth': 15, 'learning_rate': 0.07155613318986914, 'subsample': 0.8568160897878109, 'colsample_bytree': 0.832740393429944, 'reg_alpha': 0.008637303447608258, 'reg_lambda': 0.0001348145761333154, 'min_child_weight': 13, 'gamma': 0.3142327699662369, 'num_boost_round': 730}. Best is trial 66 with value: 0.7492197492964953.
# [I 2024-01-24 22:27:02,857] Trial 130 finished with value: 0.7427986697365054 and parameters: {'max_depth': 14, 'learning_rate': 0.12581300594486586, 'subsample': 0.8393431661367208, 'colsample_bytree': 0.8737043535952727, 'reg_alpha': 0.035319146994469953, 'reg_lambda': 0.00030480179587746256, 'min_child_weight': 15, 'gamma': 0.3200838257905147, 'num_boost_round': 780}. Best is trial 66 with value: 0.7492197492964953.
# [I 2024-01-24 22:27:25,519] Trial 131 finished with value: 0.7473778459964185 and parameters: {'max_depth': 14, 'learning_rate': 0.08891865806896113, 'subsample': 0.8631634243759703, 'colsample_bytree': 0.7985903790589088, 'reg_alpha': 0.003290742158417052, 'reg_lambda': 8.189397455424177e-05, 'min_child_weight': 11, 'gamma': 0.2369830382309521, 'num_boost_round': 712}. Best is trial 66 with value: 0.7492197492964953.
# [I 2024-01-24 22:27:45,030] Trial 132 finished with value: 0.7472243540547454 and parameters: {'max_depth': 17, 'learning_rate': 0.07635784787149541, 'subsample': 0.8304441037911996, 'colsample_bytree': 0.8594519784445086, 'reg_alpha': 0.027641653741506674, 'reg_lambda': 6.417626021837089e-05, 'min_child_weight': 14, 'gamma': 0.28232890173078395, 'num_boost_round': 722}. Best is trial 66 with value: 0.7492197492964953.
# [I 2024-01-24 22:28:06,902] Trial 133 finished with value: 0.7454080327449475 and parameters: {'max_depth': 15, 'learning_rate': 0.06814446904823421, 'subsample': 0.8502147759711471, 'colsample_bytree': 0.7611120773206941, 'reg_alpha': 0.014182935620240804, 'reg_lambda': 8.965874346036981e-06, 'min_child_weight': 18, 'gamma': 0.27747250696356973, 'num_boost_round': 772}. Best is trial 66 with value: 0.7492197492964953.
# [I 2024-01-24 22:28:27,134] Trial 134 finished with value: 0.7473266820158608 and parameters: {'max_depth': 15, 'learning_rate': 0.08569901545444655, 'subsample': 0.7984441910181173, 'colsample_bytree': 0.763968189050697, 'reg_alpha': 0.08245211393264093, 'reg_lambda': 1.94749919124583e-05, 'min_child_weight': 10, 'gamma': 0.15770639987308266, 'num_boost_round': 812}. Best is trial 66 with value: 0.7492197492964953.
# [I 2024-01-24 22:28:50,283] Trial 135 finished with value: 0.7456382706574571 and parameters: {'max_depth': 14, 'learning_rate': 0.054632199788781796, 'subsample': 0.8522985908896303, 'colsample_bytree': 0.8458493845905766, 'reg_alpha': 0.6857288464444102, 'reg_lambda': 0.00013442086967975215, 'min_child_weight': 14, 'gamma': 0.2246846306177502, 'num_boost_round': 742}. Best is trial 66 with value: 0.7492197492964953.
# [I 2024-01-24 22:29:14,556] Trial 136 finished with value: 0.7455615246866206 and parameters: {'max_depth': 16, 'learning_rate': 0.05100752707605299, 'subsample': 0.8634636011289605, 'colsample_bytree': 0.8547712306102337, 'reg_alpha': 0.03989973010964934, 'reg_lambda': 0.00010680067902735467, 'min_child_weight': 13, 'gamma': 0.17748029472008917, 'num_boost_round': 729}. Best is trial 66 with value: 0.7492197492964953.
# [I 2024-01-24 22:29:36,074] Trial 137 finished with value: 0.7477104118700435 and parameters: {'max_depth': 16, 'learning_rate': 0.06981121139169266, 'subsample': 0.8253655594533991, 'colsample_bytree': 0.7948513950724678, 'reg_alpha': 0.1900802940404012, 'reg_lambda': 4.997658463800863e-05, 'min_child_weight': 11, 'gamma': 0.20065979412142051, 'num_boost_round': 729}. Best is trial 66 with value: 0.7492197492964953.
# [I 2024-01-24 22:29:53,377] Trial 138 finished with value: 0.7466359682783321 and parameters: {'max_depth': 19, 'learning_rate': 0.12292252925623186, 'subsample': 0.7909229649650541, 'colsample_bytree': 0.8086434834791338, 'reg_alpha': 0.038674549297994805, 'reg_lambda': 8.446353588937855e-06, 'min_child_weight': 16, 'gamma': 0.17539094740343675, 'num_boost_round': 731}. Best is trial 66 with value: 0.7492197492964953.
# [I 2024-01-24 22:30:10,697] Trial 139 finished with value: 0.7468406242005627 and parameters: {'max_depth': 14, 'learning_rate': 0.11754995759445858, 'subsample': 0.8383511699859361, 'colsample_bytree': 0.8367088310418923, 'reg_alpha': 0.12455087240162765, 'reg_lambda': 7.082946913212172e-05, 'min_child_weight': 10, 'gamma': 0.3387875962246596, 'num_boost_round': 719}. Best is trial 66 with value: 0.7492197492964953.
# [I 2024-01-24 22:30:31,237] Trial 140 finished with value: 0.7465848042977743 and parameters: {'max_depth': 17, 'learning_rate': 0.12453354890466634, 'subsample': 0.8513364299597936, 'colsample_bytree': 0.8411721723976238, 'reg_alpha': 0.10850050569855664, 'reg_lambda': 6.019045385378146e-05, 'min_child_weight': 13, 'gamma': 0.2435552988270958, 'num_boost_round': 746}. Best is trial 66 with value: 0.7492197492964953.
# [I 2024-01-24 22:30:48,840] Trial 141 finished with value: 0.7486825275006396 and parameters: {'max_depth': 18, 'learning_rate': 0.08280531202482032, 'subsample': 0.8416782499864147, 'colsample_bytree': 0.7861304528256708, 'reg_alpha': 0.018426219104195358, 'reg_lambda': 2.145980445793304e-05, 'min_child_weight': 11, 'gamma': 0.17152166391291407, 'num_boost_round': 793}. Best is trial 66 with value: 0.7492197492964953.
# [I 2024-01-24 22:31:08,067] Trial 142 finished with value: 0.7458685085699668 and parameters: {'max_depth': 15, 'learning_rate': 0.06708212612301215, 'subsample': 0.839515071735393, 'colsample_bytree': 0.8169065600063037, 'reg_alpha': 0.08218212813342045, 'reg_lambda': 5.487066037807535e-06, 'min_child_weight': 13, 'gamma': 0.2664345130691755, 'num_boost_round': 831}. Best is trial 66 with value: 0.7492197492964953.
# [I 2024-01-24 22:31:31,254] Trial 143 finished with value: 0.7462522384241494 and parameters: {'max_depth': 15, 'learning_rate': 0.07080727463817388, 'subsample': 0.8376294200822361, 'colsample_bytree': 0.7765718309880766, 'reg_alpha': 0.057089945494213805, 'reg_lambda': 7.049925586238822e-05, 'min_child_weight': 13, 'gamma': 0.3281510247739554, 'num_boost_round': 715}. Best is trial 66 with value: 0.7492197492964953.
# [I 2024-01-24 22:31:52,155] Trial 144 finished with value: 0.7470964441033512 and parameters: {'max_depth': 17, 'learning_rate': 0.053163627022813464, 'subsample': 0.846982526129036, 'colsample_bytree': 0.7558134790273343, 'reg_alpha': 0.027167029769612997, 'reg_lambda': 1.0053085983138798e-05, 'min_child_weight': 12, 'gamma': 0.21248129066772728, 'num_boost_round': 696}. Best is trial 66 with value: 0.7492197492964953.
# [I 2024-01-24 22:32:15,792] Trial 145 finished with value: 0.7474801739575339 and parameters: {'max_depth': 16, 'learning_rate': 0.06345373287740967, 'subsample': 0.8583483635280251, 'colsample_bytree': 0.795299725939238, 'reg_alpha': 0.0061419798358214855, 'reg_lambda': 6.746699772351724e-05, 'min_child_weight': 13, 'gamma': 0.16288839852389822, 'num_boost_round': 693}. Best is trial 66 with value: 0.7492197492964953.
# [I 2024-01-24 22:32:32,233] Trial 146 finished with value: 0.7479918137631107 and parameters: {'max_depth': 15, 'learning_rate': 0.11388124468255173, 'subsample': 0.851834602044278, 'colsample_bytree': 0.7863071742155207, 'reg_alpha': 0.1564679484597755, 'reg_lambda': 4.5346107435309587e-05, 'min_child_weight': 8, 'gamma': 0.37671321235783106, 'num_boost_round': 790}. Best is trial 66 with value: 0.7492197492964953.
# [I 2024-01-24 22:32:48,120] Trial 147 finished with value: 0.7475313379380916 and parameters: {'max_depth': 15, 'learning_rate': 0.13140315029362634, 'subsample': 0.846267132275161, 'colsample_bytree': 0.7850704398260554, 'reg_alpha': 0.12323454626653296, 'reg_lambda': 1.706003353051594e-05, 'min_child_weight': 8, 'gamma': 0.22997765767794615, 'num_boost_round': 732}. Best is trial 66 with value: 0.7492197492964953.
# [I 2024-01-24 22:33:14,993] Trial 148 finished with value: 0.7478127398311589 and parameters: {'max_depth': 15, 'learning_rate': 0.06873130824370087, 'subsample': 0.869003111964679, 'colsample_bytree': 0.876205268276459, 'reg_alpha': 0.004431261048924285, 'reg_lambda': 6.109685943322512e-05, 'min_child_weight': 10, 'gamma': 0.17307599216839228, 'num_boost_round': 698}. Best is trial 66 with value: 0.7492197492964953.
# [I 2024-01-24 22:33:29,853] Trial 149 finished with value: 0.7475569199283705 and parameters: {'max_depth': 19, 'learning_rate': 0.11749413532537699, 'subsample': 0.8559522165655736, 'colsample_bytree': 0.7967753000235198, 'reg_alpha': 0.08315620661898408, 'reg_lambda': 2.0070887076812545e-05, 'min_child_weight': 12, 'gamma': 0.3396600775492995, 'num_boost_round': 688}. Best is trial 66 with value: 0.7492197492964953.
# [I 2024-01-24 22:33:47,820] Trial 150 finished with value: 0.7458173445894091 and parameters: {'max_depth': 15, 'learning_rate': 0.07193088581907381, 'subsample': 0.8058742913043572, 'colsample_bytree': 0.78824483358455, 'reg_alpha': 0.04264035199477146, 'reg_lambda': 3.638804759778023e-05, 'min_child_weight': 12, 'gamma': 0.1978902028724018, 'num_boost_round': 744}. Best is trial 66 with value: 0.7492197492964953.
# [I 2024-01-24 22:33:59,930] Trial 151 finished with value: 0.7457405986185726 and parameters: {'max_depth': 17, 'learning_rate': 0.08287826910288225, 'subsample': 0.8713756131471608, 'colsample_bytree': 0.7966603026702659, 'reg_alpha': 0.0006542431515575216, 'reg_lambda': 2.401728001523042e-05, 'min_child_weight': 12, 'gamma': 0.18978097366631505, 'num_boost_round': 754}. Best is trial 66 with value: 0.7492197492964953.
# [I 2024-01-24 22:34:24,849] Trial 152 finished with value: 0.7476848298797647 and parameters: {'max_depth': 14, 'learning_rate': 0.09002746658922849, 'subsample': 0.8914390153572879, 'colsample_bytree': 0.7659529242407156, 'reg_alpha': 0.009268528548007037, 'reg_lambda': 0.00015922905289086618, 'min_child_weight': 10, 'gamma': 0.2432991494165028, 'num_boost_round': 764}. Best is trial 66 with value: 0.7492197492964953.
