# [I 2024-01-25 01:07:56,953] Trial 510 finished with value: 0.7480685597339474 and parameters: {'max_depth': 20, 'learning_rate': 0.029677937375840627, 'subsample': 0.8167726861563601, 'colsample_bytree': 0.7650989831415059, 'reg_alpha': 0.38981037564540705, 'reg_lambda': 0.0002700358065968692, 'min_child_weight': 13, 'gamma': 0.08649448208790858, 'num_boost_round': 753}. Best is trial 250 with value: 0.7498848810437452.
# [I 2024-01-25 01:08:22,040] Trial 511 finished with value: 0.7468406242005627 and parameters: {'max_depth': 19, 'learning_rate': 0.038142655288535735, 'subsample': 0.8162972458016795, 'colsample_bytree': 0.73985090267326, 'reg_alpha': 0.5011503068089926, 'reg_lambda': 0.00015821113654359564, 'min_child_weight': 12, 'gamma': 0.1411563865681581, 'num_boost_round': 779}. Best is trial 250 with value: 0.7498848810437452.
# [I 2024-01-25 01:08:57,357] Trial 512 finished with value: 0.7491430033256588 and parameters: {'max_depth': 19, 'learning_rate': 0.03794093740819866, 'subsample': 0.8243302463210778, 'colsample_bytree': 0.7581050205518861, 'reg_alpha': 0.4157919570151736, 'reg_lambda': 0.000292465051823018, 'min_child_weight': 12, 'gamma': 0.15841116001980188, 'num_boost_round': 787}. Best is trial 250 with value: 0.7498848810437452.
# [I 2024-01-25 01:09:31,165] Trial 513 finished with value: 0.7487848554617549 and parameters: {'max_depth': 19, 'learning_rate': 0.03453060768773428, 'subsample': 0.8291342374639208, 'colsample_bytree': 0.7516044756382038, 'reg_alpha': 0.5585886649691489, 'reg_lambda': 0.00015318299538728906, 'min_child_weight': 11, 'gamma': 0.1321796425147235, 'num_boost_round': 757}. Best is trial 250 with value: 0.7498848810437452.
# [I 2024-01-25 01:10:06,116] Trial 514 finished with value: 0.7486057815298031 and parameters: {'max_depth': 20, 'learning_rate': 0.03908378281466279, 'subsample': 0.8087523356288678, 'colsample_bytree': 0.7367107540012909, 'reg_alpha': 0.08591257362308267, 'reg_lambda': 7.505197697581711e-05, 'min_child_weight': 10, 'gamma': 0.13756619773014264, 'num_boost_round': 743}. Best is trial 250 with value: 0.7498848810437452.
# [I 2024-01-25 01:10:41,601] Trial 515 finished with value: 0.749091839345101 and parameters: {'max_depth': 20, 'learning_rate': 0.03901218723700183, 'subsample': 0.8081442759647638, 'colsample_bytree': 0.7110060770246625, 'reg_alpha': 0.09776966139611619, 'reg_lambda': 0.00011872123338303836, 'min_child_weight': 14, 'gamma': 0.11033818326362488, 'num_boost_round': 679}. Best is trial 250 with value: 0.7498848810437452.
# [I 2024-01-25 01:11:10,134] Trial 516 finished with value: 0.7469429521616782 and parameters: {'max_depth': 20, 'learning_rate': 0.030691780728804064, 'subsample': 0.8219485355282247, 'colsample_bytree': 0.7483700300834678, 'reg_alpha': 0.09551436216523965, 'reg_lambda': 0.00011763985947135566, 'min_child_weight': 13, 'gamma': 0.10580192495403717, 'num_boost_round': 754}. Best is trial 250 with value: 0.7498848810437452.
# [I 2024-01-25 01:11:48,207] Trial 517 finished with value: 0.74778715784088 and parameters: {'max_depth': 19, 'learning_rate': 0.027918452983956555, 'subsample': 0.8422431155550263, 'colsample_bytree': 0.7542536894593064, 'reg_alpha': 0.23379562331806983, 'reg_lambda': 0.00020858303661521518, 'min_child_weight': 12, 'gamma': 0.12062405200422359, 'num_boost_round': 734}. Best is trial 250 with value: 0.7498848810437452.
# [I 2024-01-25 01:12:09,582] Trial 518 finished with value: 0.7473266820158608 and parameters: {'max_depth': 20, 'learning_rate': 0.051634965321468294, 'subsample': 0.801644400358813, 'colsample_bytree': 0.7500918360119168, 'reg_alpha': 0.044574872449219975, 'reg_lambda': 0.00021037989755439307, 'min_child_weight': 13, 'gamma': 0.16650152523816297, 'num_boost_round': 809}. Best is trial 250 with value: 0.7498848810437452.
# [I 2024-01-25 01:12:46,909] Trial 519 finished with value: 0.749091839345101 and parameters: {'max_depth': 19, 'learning_rate': 0.038262703503635066, 'subsample': 0.8252605400529552, 'colsample_bytree': 0.773969163547315, 'reg_alpha': 0.10931342695413239, 'reg_lambda': 0.0004657496400790118, 'min_child_weight': 11, 'gamma': 0.16224800867614694, 'num_boost_round': 773}. Best is trial 250 with value: 0.7498848810437452.
# [I 2024-01-25 01:13:13,027] Trial 520 finished with value: 0.7472499360450243 and parameters: {'max_depth': 20, 'learning_rate': 0.039672239928575284, 'subsample': 0.8169083105236676, 'colsample_bytree': 0.7289374215642985, 'reg_alpha': 0.31254204822672504, 'reg_lambda': 0.00012169781835184354, 'min_child_weight': 12, 'gamma': 0.18247570874126448, 'num_boost_round': 741}. Best is trial 250 with value: 0.7498848810437452.
# [I 2024-01-25 01:13:49,161] Trial 521 finished with value: 0.7474801739575339 and parameters: {'max_depth': 19, 'learning_rate': 0.0275225119766798, 'subsample': 0.8394457454719257, 'colsample_bytree': 0.7558333416448793, 'reg_alpha': 0.8170078786675449, 'reg_lambda': 0.0001213197799689596, 'min_child_weight': 11, 'gamma': 0.14838132561822592, 'num_boost_round': 752}. Best is trial 250 with value: 0.7498848810437452.
# [I 2024-01-25 01:14:20,805] Trial 522 finished with value: 0.7476592478894858 and parameters: {'max_depth': 19, 'learning_rate': 0.037112507470600055, 'subsample': 0.8083041634284174, 'colsample_bytree': 0.7417210386360205, 'reg_alpha': 0.3740015342614236, 'reg_lambda': 0.0002758003352915483, 'min_child_weight': 13, 'gamma': 0.15030386601861634, 'num_boost_round': 727}. Best is trial 250 with value: 0.7498848810437452.
# [I 2024-01-25 01:14:50,104] Trial 523 finished with value: 0.7476336658992069 and parameters: {'max_depth': 20, 'learning_rate': 0.04376513437549033, 'subsample': 0.8127075204739994, 'colsample_bytree': 0.7314980110875063, 'reg_alpha': 0.2061268096867807, 'reg_lambda': 0.0005964535281573996, 'min_child_weight': 13, 'gamma': 0.16949841273787572, 'num_boost_round': 745}. Best is trial 250 with value: 0.7498848810437452.
# [I 2024-01-25 01:15:25,117] Trial 524 finished with value: 0.7490406753645433 and parameters: {'max_depth': 18, 'learning_rate': 0.042656936444501706, 'subsample': 0.8238608907524858, 'colsample_bytree': 0.7493009881293785, 'reg_alpha': 0.9255446138049785, 'reg_lambda': 0.0009087495291381847, 'min_child_weight': 13, 'gamma': 0.1060124184848753, 'num_boost_round': 775}. Best is trial 250 with value: 0.7498848810437452.
# [I 2024-01-25 01:16:07,622] Trial 525 finished with value: 0.7488871834228703 and parameters: {'max_depth': 19, 'learning_rate': 0.03157489357840111, 'subsample': 0.827694720726789, 'colsample_bytree': 0.755115527790927, 'reg_alpha': 0.3498687437078376, 'reg_lambda': 0.0006642696134661793, 'min_child_weight': 14, 'gamma': 0.1395821852605171, 'num_boost_round': 785}. Best is trial 250 with value: 0.7498848810437452.
# [I 2024-01-25 01:16:28,619] Trial 526 finished with value: 0.7480685597339474 and parameters: {'max_depth': 20, 'learning_rate': 0.04961505677594542, 'subsample': 0.7912646947117739, 'colsample_bytree': 0.7445134416359768, 'reg_alpha': 0.2222219341852058, 'reg_lambda': 8.584401325134986e-05, 'min_child_weight': 10, 'gamma': 0.23412888637697232, 'num_boost_round': 761}. Best is trial 250 with value: 0.7498848810437452.
# [I 2024-01-25 01:17:04,207] Trial 527 finished with value: 0.7495523151701202 and parameters: {'max_depth': 19, 'learning_rate': 0.03777380643073618, 'subsample': 0.8268734985591043, 'colsample_bytree': 0.7551672310239684, 'reg_alpha': 0.0954073906788678, 'reg_lambda': 7.716334032574376e-05, 'min_child_weight': 12, 'gamma': 0.1987798231252018, 'num_boost_round': 728}. Best is trial 250 with value: 0.7498848810437452.
# [I 2024-01-25 01:17:25,142] Trial 528 finished with value: 0.7467382962394474 and parameters: {'max_depth': 19, 'learning_rate': 0.043103987362893025, 'subsample': 0.8183917982547272, 'colsample_bytree': 0.7394504583829036, 'reg_alpha': 0.4151385398721923, 'reg_lambda': 0.00027228804831198753, 'min_child_weight': 11, 'gamma': 0.2445467630541488, 'num_boost_round': 753}. Best is trial 250 with value: 0.7498848810437452.
# [I 2024-01-25 01:18:06,265] Trial 529 finished with value: 0.7496290611409568 and parameters: {'max_depth': 18, 'learning_rate': 0.03559377553825265, 'subsample': 0.825572200337752, 'colsample_bytree': 0.7246358884874327, 'reg_alpha': 0.5222479206121815, 'reg_lambda': 0.00022562611856304275, 'min_child_weight': 13, 'gamma': 0.16700788798953314, 'num_boost_round': 720}. Best is trial 250 with value: 0.7498848810437452.
# [I 2024-01-25 01:18:33,424] Trial 530 finished with value: 0.7478383218214377 and parameters: {'max_depth': 20, 'learning_rate': 0.03808406902458444, 'subsample': 0.8246152311892698, 'colsample_bytree': 0.7631286987667336, 'reg_alpha': 0.25949333149512044, 'reg_lambda': 0.0006754875308447102, 'min_child_weight': 13, 'gamma': 0.13167721249782172, 'num_boost_round': 757}. Best is trial 250 with value: 0.7498848810437452.
# [I 2024-01-25 01:18:57,446] Trial 531 finished with value: 0.7446149910463034 and parameters: {'max_depth': 18, 'learning_rate': 0.029710454034028146, 'subsample': 0.817179414404742, 'colsample_bytree': 0.7137013897019341, 'reg_alpha': 0.5094970734103159, 'reg_lambda': 0.0007244872352597834, 'min_child_weight': 13, 'gamma': 0.13724347518793611, 'num_boost_round': 782}. Best is trial 250 with value: 0.7498848810437452.
# [I 2024-01-25 01:19:13,835] Trial 532 finished with value: 0.7463289843949859 and parameters: {'max_depth': 18, 'learning_rate': 0.055225274252146274, 'subsample': 0.8174808405052264, 'colsample_bytree': 0.7362100622099215, 'reg_alpha': 0.6188055149783572, 'reg_lambda': 0.00019575180038445064, 'min_child_weight': 14, 'gamma': 0.20635883991486764, 'num_boost_round': 728}. Best is trial 250 with value: 0.7498848810437452.
# [I 2024-01-25 01:19:34,436] Trial 533 finished with value: 0.7478894858019953 and parameters: {'max_depth': 18, 'learning_rate': 0.060649641612799635, 'subsample': 0.8222701763691977, 'colsample_bytree': 0.7107884088992903, 'reg_alpha': 0.18434056189285686, 'reg_lambda': 0.00011184491383212157, 'min_child_weight': 13, 'gamma': 0.23761590729578158, 'num_boost_round': 683}. Best is trial 250 with value: 0.7498848810437452.
# [I 2024-01-25 01:20:05,861] Trial 534 finished with value: 0.74911742133538 and parameters: {'max_depth': 19, 'learning_rate': 0.04337748228501226, 'subsample': 0.8254008781432502, 'colsample_bytree': 0.7607409145997176, 'reg_alpha': 0.05062786196636236, 'reg_lambda': 0.00011755759434240179, 'min_child_weight': 14, 'gamma': 0.16854728464675092, 'num_boost_round': 751}. Best is trial 250 with value: 0.7498848810437452.
# [I 2024-01-25 01:20:29,688] Trial 535 finished with value: 0.7438986953184958 and parameters: {'max_depth': 18, 'learning_rate': 0.028237704586027448, 'subsample': 0.7988496454345474, 'colsample_bytree': 0.7638131385106738, 'reg_alpha': 0.4634668225508731, 'reg_lambda': 0.001208777952074317, 'min_child_weight': 12, 'gamma': 0.0852940461106465, 'num_boost_round': 766}. Best is trial 250 with value: 0.7498848810437452.
# [I 2024-01-25 01:20:52,799] Trial 536 finished with value: 0.7457917625991302 and parameters: {'max_depth': 19, 'learning_rate': 0.031211051349230447, 'subsample': 0.8131410454089519, 'colsample_bytree': 0.7422344538674733, 'reg_alpha': 0.8487317320757052, 'reg_lambda': 0.0003278432687459757, 'min_child_weight': 10, 'gamma': 0.1502771058859133, 'num_boost_round': 773}. Best is trial 250 with value: 0.7498848810437452.
# [I 2024-01-25 01:21:19,280] Trial 537 finished with value: 0.7455615246866206 and parameters: {'max_depth': 19, 'learning_rate': 0.0291198195741061, 'subsample': 0.8213325217749052, 'colsample_bytree': 0.7470931873193888, 'reg_alpha': 0.746220833318445, 'reg_lambda': 0.00037985651860840744, 'min_child_weight': 13, 'gamma': 0.10945743649729542, 'num_boost_round': 745}. Best is trial 250 with value: 0.7498848810437452.
# [I 2024-01-25 01:21:49,655] Trial 538 finished with value: 0.7481964696853416 and parameters: {'max_depth': 19, 'learning_rate': 0.04267173039589737, 'subsample': 0.826637135017988, 'colsample_bytree': 0.7441388326347925, 'reg_alpha': 0.16016188737763748, 'reg_lambda': 0.001403353544183957, 'min_child_weight': 13, 'gamma': 0.09672697534468033, 'num_boost_round': 739}. Best is trial 250 with value: 0.7498848810437452.
# [I 2024-01-25 01:22:15,496] Trial 539 finished with value: 0.7475057559478128 and parameters: {'max_depth': 18, 'learning_rate': 0.040746951087775554, 'subsample': 0.8388494834814478, 'colsample_bytree': 0.7339392180117754, 'reg_alpha': 0.21501621537437177, 'reg_lambda': 8.847228614695706e-05, 'min_child_weight': 13, 'gamma': 0.16692267412477638, 'num_boost_round': 723}. Best is trial 250 with value: 0.7498848810437452.
# [I 2024-01-25 01:22:41,685] Trial 540 finished with value: 0.7458685085699668 and parameters: {'max_depth': 18, 'learning_rate': 0.032154256656612173, 'subsample': 0.8383879407843177, 'colsample_bytree': 0.7341281061655257, 'reg_alpha': 0.13118659590835072, 'reg_lambda': 0.00010213427155643493, 'min_child_weight': 13, 'gamma': 0.17496951155257923, 'num_boost_round': 706}. Best is trial 250 with value: 0.7498848810437452.
# [I 2024-01-25 01:22:57,855] Trial 541 finished with value: 0.746968534151957 and parameters: {'max_depth': 17, 'learning_rate': 0.0806116949952066, 'subsample': 0.8147633006336583, 'colsample_bytree': 0.7543122336874509, 'reg_alpha': 0.21909864051509842, 'reg_lambda': 0.00034884394053110834, 'min_child_weight': 14, 'gamma': 0.2777911640084112, 'num_boost_round': 738}. Best is trial 250 with value: 0.7498848810437452.
# [I 2024-01-25 01:23:29,074] Trial 542 finished with value: 0.7483755436172934 and parameters: {'max_depth': 19, 'learning_rate': 0.04141577446183582, 'subsample': 0.8204951861244166, 'colsample_bytree': 0.715436902440483, 'reg_alpha': 0.1351865989064657, 'reg_lambda': 0.0002710066237338381, 'min_child_weight': 14, 'gamma': 0.07966422774289524, 'num_boost_round': 765}. Best is trial 250 with value: 0.7498848810437452.
# [I 2024-01-25 01:23:54,557] Trial 543 finished with value: 0.7469173701713994 and parameters: {'max_depth': 19, 'learning_rate': 0.03835416118156582, 'subsample': 0.8205911178907618, 'colsample_bytree': 0.7613827464916296, 'reg_alpha': 0.02520652782945742, 'reg_lambda': 0.00014943308390002942, 'min_child_weight': 13, 'gamma': 0.17809734512088785, 'num_boost_round': 747}. Best is trial 250 with value: 0.7498848810437452.
# [I 2024-01-25 01:24:10,913] Trial 544 finished with value: 0.7456382706574571 and parameters: {'max_depth': 19, 'learning_rate': 0.05194946169498311, 'subsample': 0.8195260987374957, 'colsample_bytree': 0.7511464998942972, 'reg_alpha': 0.010361411376390798, 'reg_lambda': 7.182904747527503e-05, 'min_child_weight': 13, 'gamma': 0.17773193811190852, 'num_boost_round': 704}. Best is trial 250 with value: 0.7498848810437452.
# [I 2024-01-25 01:24:44,154] Trial 545 finished with value: 0.7472755180353031 and parameters: {'max_depth': 18, 'learning_rate': 0.03295505757819507, 'subsample': 0.8454801106260007, 'colsample_bytree': 0.7824589014752703, 'reg_alpha': 0.9925427766675783, 'reg_lambda': 0.0006665331086281161, 'min_child_weight': 14, 'gamma': 0.094019084411932, 'num_boost_round': 783}. Best is trial 250 with value: 0.7498848810437452.
# [I 2024-01-25 01:25:04,860] Trial 546 finished with value: 0.7485546175492453 and parameters: {'max_depth': 20, 'learning_rate': 0.05994600758516259, 'subsample': 0.8171268783894576, 'colsample_bytree': 0.7341598717545867, 'reg_alpha': 0.11637055909317358, 'reg_lambda': 0.00040682117731623475, 'min_child_weight': 13, 'gamma': 0.1877545315882898, 'num_boost_round': 723}. Best is trial 250 with value: 0.7498848810437452.
# [I 2024-01-25 01:25:27,637] Trial 547 finished with value: 0.7473778459964185 and parameters: {'max_depth': 20, 'learning_rate': 0.05221362371784067, 'subsample': 0.8264059350776984, 'colsample_bytree': 0.7723748973852036, 'reg_alpha': 0.06267933584399138, 'reg_lambda': 0.00013466442433722898, 'min_child_weight': 14, 'gamma': 0.13528417960678274, 'num_boost_round': 714}. Best is trial 250 with value: 0.7498848810437452.
# [I 2024-01-25 01:25:51,588] Trial 548 finished with value: 0.7475825019186493 and parameters: {'max_depth': 19, 'learning_rate': 0.047680177215022566, 'subsample': 0.8313177190939804, 'colsample_bytree': 0.7251797500121827, 'reg_alpha': 0.07094042665495567, 'reg_lambda': 0.00012204692559606834, 'min_child_weight': 13, 'gamma': 0.15737248324057007, 'num_boost_round': 708}. Best is trial 250 with value: 0.7498848810437452.
# [I 2024-01-25 01:26:18,915] Trial 549 finished with value: 0.7446149910463034 and parameters: {'max_depth': 17, 'learning_rate': 0.030226187630208616, 'subsample': 0.8315242374882768, 'colsample_bytree': 0.740758369145901, 'reg_alpha': 0.3271857926211991, 'reg_lambda': 0.00019848337782348125, 'min_child_weight': 15, 'gamma': 0.14535237630469697, 'num_boost_round': 715}. Best is trial 250 with value: 0.7498848810437452.
# [I 2024-01-25 01:26:40,658] Trial 550 finished with value: 0.7468662061908417 and parameters: {'max_depth': 19, 'learning_rate': 0.04434319791277974, 'subsample': 0.8291606617998131, 'colsample_bytree': 0.7137077740537159, 'reg_alpha': 0.5325306603341543, 'reg_lambda': 8.014772578090027e-05, 'min_child_weight': 12, 'gamma': 0.18823064727568836, 'num_boost_round': 736}. Best is trial 250 with value: 0.7498848810437452.
# [I 2024-01-25 01:27:03,833] Trial 551 finished with value: 0.7486569455103607 and parameters: {'max_depth': 20, 'learning_rate': 0.05248868806048998, 'subsample': 0.8111511180106759, 'colsample_bytree': 0.7167186326636131, 'reg_alpha': 0.18677171942018, 'reg_lambda': 0.0001740158098524423, 'min_child_weight': 13, 'gamma': 0.18345259923874047, 'num_boost_round': 663}. Best is trial 250 with value: 0.7498848810437452.
# [I 2024-01-25 01:27:31,202] Trial 552 finished with value: 0.7484011256075722 and parameters: {'max_depth': 19, 'learning_rate': 0.046193227028332576, 'subsample': 0.8236610972047175, 'colsample_bytree': 0.7385218521871196, 'reg_alpha': 0.04044841662168298, 'reg_lambda': 4.8143655613217615e-05, 'min_child_weight': 12, 'gamma': 0.12823720224948446, 'num_boost_round': 704}. Best is trial 250 with value: 0.7498848810437452.
# [I 2024-01-25 01:27:51,062] Trial 553 finished with value: 0.7471220260936301 and parameters: {'max_depth': 19, 'learning_rate': 0.056938804535942196, 'subsample': 0.8178344509463145, 'colsample_bytree': 0.7214857138428724, 'reg_alpha': 0.4267853424433485, 'reg_lambda': 0.00044176305933855677, 'min_child_weight': 11, 'gamma': 0.15097051599877578, 'num_boost_round': 758}. Best is trial 250 with value: 0.7498848810437452.
# [I 2024-01-25 01:28:11,542] Trial 554 finished with value: 0.7471220260936301 and parameters: {'max_depth': 20, 'learning_rate': 0.04546302373066414, 'subsample': 0.8015189569252712, 'colsample_bytree': 0.742167457293485, 'reg_alpha': 0.09786913976176931, 'reg_lambda': 0.0004282447324598183, 'min_child_weight': 13, 'gamma': 0.14124715889771183, 'num_boost_round': 718}. Best is trial 250 with value: 0.7498848810437452.
# [I 2024-01-25 01:28:36,487] Trial 555 finished with value: 0.748119723714505 and parameters: {'max_depth': 19, 'learning_rate': 0.057025645651417475, 'subsample': 0.8123587516975985, 'colsample_bytree': 0.7335692393410554, 'reg_alpha': 0.21606673289691464, 'reg_lambda': 0.000662774763664525, 'min_child_weight': 13, 'gamma': 0.08662926055150862, 'num_boost_round': 804}. Best is trial 250 with value: 0.7498848810437452.
# [I 2024-01-25 01:29:05,937] Trial 556 finished with value: 0.7489895113839857 and parameters: {'max_depth': 20, 'learning_rate': 0.037356139382745596, 'subsample': 0.8364213627955366, 'colsample_bytree': 0.7365492751800841, 'reg_alpha': 0.12592644145304288, 'reg_lambda': 0.0005064516786885321, 'min_child_weight': 13, 'gamma': 0.12508463048497162, 'num_boost_round': 700}. Best is trial 250 with value: 0.7498848810437452.
# [I 2024-01-25 01:29:25,357] Trial 557 finished with value: 0.7477615758506011 and parameters: {'max_depth': 19, 'learning_rate': 0.05741590161085505, 'subsample': 0.8244111416822582, 'colsample_bytree': 0.7269972683223348, 'reg_alpha': 0.06074389006704051, 'reg_lambda': 0.0001685101645776713, 'min_child_weight': 12, 'gamma': 0.20747335145480605, 'num_boost_round': 766}. Best is trial 250 with value: 0.7498848810437452.
# [I 2024-01-25 01:29:48,132] Trial 558 finished with value: 0.7487592734714761 and parameters: {'max_depth': 19, 'learning_rate': 0.0612627305755202, 'subsample': 0.8223788427436025, 'colsample_bytree': 0.7295175666306253, 'reg_alpha': 0.1458148157659501, 'reg_lambda': 0.0006686509516194346, 'min_child_weight': 15, 'gamma': 0.1429423656611231, 'num_boost_round': 717}. Best is trial 250 with value: 0.7498848810437452.
# [I 2024-01-25 01:30:12,734] Trial 559 finished with value: 0.7485034535686876 and parameters: {'max_depth': 19, 'learning_rate': 0.05692561135220765, 'subsample': 0.8188564865830351, 'colsample_bytree': 0.7727729622113078, 'reg_alpha': 0.07571357091921677, 'reg_lambda': 0.00046261395769994177, 'min_child_weight': 14, 'gamma': 0.1446364591330857, 'num_boost_round': 774}. Best is trial 250 with value: 0.7498848810437452.
# [I 2024-01-25 01:30:49,337] Trial 560 finished with value: 0.7484778715784088 and parameters: {'max_depth': 20, 'learning_rate': 0.036503420761812885, 'subsample': 0.817756639980581, 'colsample_bytree': 0.7627024861093394, 'reg_alpha': 0.2942391006279733, 'reg_lambda': 0.0008575314016592004, 'min_child_weight': 13, 'gamma': 0.0691382669072885, 'num_boost_round': 781}. Best is trial 250 with value: 0.7498848810437452.
