# [I 2024-01-24 19:15:55,424] Trial 155 finished with value: 0.7492197492964953 and parameters: {'max_depth': 242, 'learning_rate': 0.034957854429701306, 'subsample': 0.9630354642602587, 'colsample_bytree': 0.7316787493179944, 'reg_alpha': 0.004009264088502897, 'reg_lambda': 0.029966863362614733, 'min_child_weight': 15, 'gamma': 0.3151283512060235, 'num_boost_round': 481}. Best is trial 92 with value: 0.749424405218726.
# [I 2024-01-24 19:16:19,234] Trial 156 finished with value: 0.7482220516756204 and parameters: {'max_depth': 244, 'learning_rate': 0.03579213992876291, 'subsample': 0.9667741827652043, 'colsample_bytree': 0.7415247443294475, 'reg_alpha': 0.001376195300615658, 'reg_lambda': 0.030209022280777563, 'min_child_weight': 15, 'gamma': 0.34507972887168686, 'num_boost_round': 478}. Best is trial 92 with value: 0.749424405218726.
# [I 2024-01-24 19:16:44,817] Trial 157 finished with value: 0.7486569455103607 and parameters: {'max_depth': 233, 'learning_rate': 0.03273787404983687, 'subsample': 0.9861707314342284, 'colsample_bytree': 0.7504170327652112, 'reg_alpha': 0.004013236919049549, 'reg_lambda': 0.8386816939486469, 'min_child_weight': 14, 'gamma': 0.3107558046261263, 'num_boost_round': 470}. Best is trial 92 with value: 0.749424405218726.
# [I 2024-01-24 19:17:06,233] Trial 158 finished with value: 0.7476336658992069 and parameters: {'max_depth': 213, 'learning_rate': 0.03867703793399415, 'subsample': 0.9627432979376614, 'colsample_bytree': 0.8640554587285142, 'reg_alpha': 0.002538671487927429, 'reg_lambda': 0.27574189712877767, 'min_child_weight': 13, 'gamma': 0.3011412653147586, 'num_boost_round': 463}. Best is trial 92 with value: 0.749424405218726.
# [I 2024-01-24 19:17:37,007] Trial 159 finished with value: 0.747966231772832 and parameters: {'max_depth': 248, 'learning_rate': 0.025031040493241147, 'subsample': 0.9761803706303817, 'colsample_bytree': 0.7620947245920613, 'reg_alpha': 0.0055949288302487325, 'reg_lambda': 0.040368957846228785, 'min_child_weight': 11, 'gamma': 0.3218964033079151, 'num_boost_round': 486}. Best is trial 92 with value: 0.749424405218726.
# [I 2024-01-24 19:17:52,726] Trial 160 finished with value: 0.7486825275006396 and parameters: {'max_depth': 233, 'learning_rate': 0.05616843310598385, 'subsample': 0.9595505884966131, 'colsample_bytree': 0.732552835633956, 'reg_alpha': 0.008656471383511381, 'reg_lambda': 0.011166732168865927, 'min_child_weight': 15, 'gamma': 0.3347732475077405, 'num_boost_round': 440}. Best is trial 92 with value: 0.749424405218726.
# [I 2024-01-24 19:18:11,487] Trial 161 finished with value: 0.7490406753645433 and parameters: {'max_depth': 148, 'learning_rate': 0.04326444954402886, 'subsample': 0.9475820505619105, 'colsample_bytree': 0.7101837299816398, 'reg_alpha': 0.993336772896513, 'reg_lambda': 0.020535181508982085, 'min_child_weight': 16, 'gamma': 0.26431733246699135, 'num_boost_round': 717}. Best is trial 92 with value: 0.749424405218726.
# [I 2024-01-24 19:18:20,236] Trial 162 finished with value: 0.7421079559989767 and parameters: {'max_depth': 146, 'learning_rate': 0.041282030683391736, 'subsample': 0.9362441196788017, 'colsample_bytree': 0.7112813327116251, 'reg_alpha': 0.991429953795698, 'reg_lambda': 0.022664808083788287, 'min_child_weight': 16, 'gamma': 0.2798956186095084, 'num_boost_round': 696}. Best is trial 92 with value: 0.749424405218726.
# [I 2024-01-24 19:18:46,784] Trial 163 finished with value: 0.7483243796367358 and parameters: {'max_depth': 152, 'learning_rate': 0.03469905163956829, 'subsample': 0.9433847774325105, 'colsample_bytree': 0.70612194837443, 'reg_alpha': 0.004415163743344072, 'reg_lambda': 0.013352448470236448, 'min_child_weight': 15, 'gamma': 0.26684708160765397, 'num_boost_round': 664}. Best is trial 92 with value: 0.749424405218726.
# [I 2024-01-24 19:19:06,718] Trial 164 finished with value: 0.7493988232284472 and parameters: {'max_depth': 222, 'learning_rate': 0.0434783833015063, 'subsample': 0.9497405209329827, 'colsample_bytree': 0.7167153197400219, 'reg_alpha': 0.6707906611461825, 'reg_lambda': 0.4284171063809878, 'min_child_weight': 14, 'gamma': 0.2950349140124594, 'num_boost_round': 496}. Best is trial 92 with value: 0.749424405218726.
# [I 2024-01-24 19:19:18,554] Trial 165 finished with value: 0.7374520337682271 and parameters: {'max_depth': 10, 'learning_rate': 0.031376566282808216, 'subsample': 0.9462295486827724, 'colsample_bytree': 0.7195947110520376, 'reg_alpha': 0.6770711654892083, 'reg_lambda': 0.3949870450930674, 'min_child_weight': 12, 'gamma': 0.28979446515176704, 'num_boost_round': 896}. Best is trial 92 with value: 0.749424405218726.
# [I 2024-01-24 19:19:36,629] Trial 166 finished with value: 0.7475313379380916 and parameters: {'max_depth': 127, 'learning_rate': 0.03703698854452889, 'subsample': 0.9293325148074847, 'colsample_bytree': 0.7137573534790828, 'reg_alpha': 0.9969284750114076, 'reg_lambda': 0.5003309211573715, 'min_child_weight': 14, 'gamma': 0.3113223150723592, 'num_boost_round': 770}. Best is trial 92 with value: 0.749424405218726.
# [I 2024-01-24 19:19:58,756] Trial 167 finished with value: 0.74911742133538 and parameters: {'max_depth': 205, 'learning_rate': 0.043336495538486015, 'subsample': 0.9537039086728809, 'colsample_bytree': 0.7294153113915152, 'reg_alpha': 0.7671045488710836, 'reg_lambda': 1.275012052650689, 'min_child_weight': 13, 'gamma': 0.2962644795271839, 'num_boost_round': 493}. Best is trial 92 with value: 0.749424405218726.
# [I 2024-01-24 19:20:16,825] Trial 168 finished with value: 0.7480685597339474 and parameters: {'max_depth': 205, 'learning_rate': 0.04407109827994296, 'subsample': 0.9503016292897819, 'colsample_bytree': 0.7189734256473814, 'reg_alpha': 0.440278407126848, 'reg_lambda': 1.1129862544169953, 'min_child_weight': 20, 'gamma': 0.29848491243005687, 'num_boost_round': 448}. Best is trial 92 with value: 0.749424405218726.
# [I 2024-01-24 19:20:32,281] Trial 169 finished with value: 0.7483499616270146 and parameters: {'max_depth': 223, 'learning_rate': 0.05105923469163829, 'subsample': 0.9400151466767513, 'colsample_bytree': 0.7101505456093474, 'reg_alpha': 0.7017175981061502, 'reg_lambda': 0.7799031798587537, 'min_child_weight': 19, 'gamma': 0.287964807406273, 'num_boost_round': 495}. Best is trial 92 with value: 0.749424405218726.
# [I 2024-01-24 19:20:48,230] Trial 170 finished with value: 0.7473522640061396 and parameters: {'max_depth': 200, 'learning_rate': 0.04153854310978205, 'subsample': 0.9543780186225269, 'colsample_bytree': 0.7265021636289641, 'reg_alpha': 0.5301178514223751, 'reg_lambda': 0.19719464263673875, 'min_child_weight': 15, 'gamma': 0.31497864650800733, 'num_boost_round': 480}. Best is trial 92 with value: 0.749424405218726.
# [I 2024-01-24 19:21:06,900] Trial 171 finished with value: 0.7481708876950627 and parameters: {'max_depth': 241, 'learning_rate': 0.03910100488380799, 'subsample': 0.9709764832631778, 'colsample_bytree': 0.7310894058502307, 'reg_alpha': 0.7476518033429358, 'reg_lambda': 1.2794656482821474, 'min_child_weight': 13, 'gamma': 0.27972351607569634, 'num_boost_round': 507}. Best is trial 92 with value: 0.749424405218726.
# [I 2024-01-24 19:21:30,088] Trial 172 finished with value: 0.7481964696853416 and parameters: {'max_depth': 217, 'learning_rate': 0.034900701401713544, 'subsample': 0.9639759497126237, 'colsample_bytree': 0.7353856467036587, 'reg_alpha': 0.4004237620841647, 'reg_lambda': 0.42652208657087387, 'min_child_weight': 14, 'gamma': 0.13464112033104944, 'num_boost_round': 826}. Best is trial 92 with value: 0.749424405218726.
# [I 2024-01-24 19:21:47,146] Trial 173 finished with value: 0.7475569199283705 and parameters: {'max_depth': 136, 'learning_rate': 0.04327687535922277, 'subsample': 0.9482289775589082, 'colsample_bytree': 0.7067921445106639, 'reg_alpha': 0.7803561653631627, 'reg_lambda': 1.4696076741538913, 'min_child_weight': 13, 'gamma': 0.17146057871963, 'num_boost_round': 499}. Best is trial 92 with value: 0.749424405218726.
# [I 2024-01-24 19:22:08,040] Trial 174 finished with value: 0.7491941673062164 and parameters: {'max_depth': 116, 'learning_rate': 0.04889482751363199, 'subsample': 0.9560315903514065, 'colsample_bytree': 0.7175846099193307, 'reg_alpha': 0.00322935994174388, 'reg_lambda': 0.6187461370550515, 'min_child_weight': 14, 'gamma': 0.30108106215529423, 'num_boost_round': 513}. Best is trial 92 with value: 0.749424405218726.
# [I 2024-01-24 19:22:26,128] Trial 175 finished with value: 0.7480685597339474 and parameters: {'max_depth': 117, 'learning_rate': 0.05394178912265661, 'subsample': 0.9549636197301021, 'colsample_bytree': 0.7165943181827754, 'reg_alpha': 0.003431990159472437, 'reg_lambda': 0.6735817927081985, 'min_child_weight': 14, 'gamma': 0.29853745419269223, 'num_boost_round': 488}. Best is trial 92 with value: 0.749424405218726.
# [I 2024-01-24 19:22:48,257] Trial 176 finished with value: 0.7487336914811973 and parameters: {'max_depth': 101, 'learning_rate': 0.04836032678206615, 'subsample': 0.9405168507750372, 'colsample_bytree': 0.7223398778387614, 'reg_alpha': 0.5951906585620704, 'reg_lambda': 0.30528251600759904, 'min_child_weight': 14, 'gamma': 0.3054198611656785, 'num_boost_round': 514}. Best is trial 92 with value: 0.749424405218726.
# [I 2024-01-24 19:23:04,806] Trial 177 finished with value: 0.746968534151957 and parameters: {'max_depth': 111, 'learning_rate': 0.06163296685953899, 'subsample': 0.9351031842035812, 'colsample_bytree': 0.7040508150768474, 'reg_alpha': 0.0011060478678221247, 'reg_lambda': 0.552878522886167, 'min_child_weight': 15, 'gamma': 0.3215795452914018, 'num_boost_round': 461}. Best is trial 92 with value: 0.749424405218726.
# [I 2024-01-24 19:23:19,132] Trial 178 finished with value: 0.7476336658992069 and parameters: {'max_depth': 127, 'learning_rate': 0.06543972018563729, 'subsample': 0.9588567482741465, 'colsample_bytree': 0.7129542029745429, 'reg_alpha': 0.001927053765532251, 'reg_lambda': 0.3369371651322668, 'min_child_weight': 14, 'gamma': 0.26463595253638067, 'num_boost_round': 502}. Best is trial 92 with value: 0.749424405218726.
# [I 2024-01-24 19:23:38,194] Trial 179 finished with value: 0.7493732412381684 and parameters: {'max_depth': 159, 'learning_rate': 0.04866319025433133, 'subsample': 0.965753314648979, 'colsample_bytree': 0.7262003676768952, 'reg_alpha': 0.0027274126255934753, 'reg_lambda': 0.9039305125706246, 'min_child_weight': 15, 'gamma': 0.2840328376850784, 'num_boost_round': 510}. Best is trial 92 with value: 0.749424405218726.
# [I 2024-01-24 19:23:53,476] Trial 180 finished with value: 0.7478127398311589 and parameters: {'max_depth': 158, 'learning_rate': 0.057110593251418956, 'subsample': 0.8619057723629219, 'colsample_bytree': 0.8815679102176923, 'reg_alpha': 0.9682722746511584, 'reg_lambda': 0.45776535730502377, 'min_child_weight': 15, 'gamma': 0.2843872890501862, 'num_boost_round': 471}. Best is trial 92 with value: 0.749424405218726.
# [I 2024-01-24 19:24:11,755] Trial 181 finished with value: 0.7481453057047838 and parameters: {'max_depth': 166, 'learning_rate': 0.04884413639149822, 'subsample': 0.967088058155147, 'colsample_bytree': 0.7258647977041756, 'reg_alpha': 0.0029210619753137082, 'reg_lambda': 0.8167893399885657, 'min_child_weight': 14, 'gamma': 0.2950109282686382, 'num_boost_round': 514}. Best is trial 92 with value: 0.749424405218726.
# [I 2024-01-24 19:24:33,023] Trial 182 finished with value: 0.7486057815298031 and parameters: {'max_depth': 149, 'learning_rate': 0.04406600292380526, 'subsample': 0.9504710012649691, 'colsample_bytree': 0.7174382151196129, 'reg_alpha': 0.00213280148695582, 'reg_lambda': 1.0697607962468556, 'min_child_weight': 15, 'gamma': 0.2720818928474827, 'num_boost_round': 633}. Best is trial 92 with value: 0.749424405218726.
# [I 2024-01-24 19:24:57,102] Trial 183 finished with value: 0.7478894858019953 and parameters: {'max_depth': 122, 'learning_rate': 0.039111878810012164, 'subsample': 0.9624361116412674, 'colsample_bytree': 0.7388424712535103, 'reg_alpha': 0.0057276489602875345, 'reg_lambda': 0.5800780214394037, 'min_child_weight': 18, 'gamma': 0.28329310092171567, 'num_boost_round': 488}. Best is trial 92 with value: 0.749424405218726.
# [I 2024-01-24 19:25:16,087] Trial 184 finished with value: 0.749091839345101 and parameters: {'max_depth': 155, 'learning_rate': 0.05081894374137682, 'subsample': 0.972646694114901, 'colsample_bytree': 0.7096716126510257, 'reg_alpha': 0.0034214617865199193, 'reg_lambda': 0.04790979166119611, 'min_child_weight': 19, 'gamma': 0.30804006278702445, 'num_boost_round': 496}. Best is trial 92 with value: 0.749424405218726.
# [I 2024-01-24 19:25:36,635] Trial 185 finished with value: 0.7492197492964953 and parameters: {'max_depth': 173, 'learning_rate': 0.05164561650510921, 'subsample': 0.9438940511119659, 'colsample_bytree': 0.7089327454403525, 'reg_alpha': 0.3164347010461172, 'reg_lambda': 0.028052927557078815, 'min_child_weight': 19, 'gamma': 0.3082687170010422, 'num_boost_round': 495}. Best is trial 92 with value: 0.749424405218726.
# [I 2024-01-24 19:25:51,274] Trial 186 finished with value: 0.7477104118700435 and parameters: {'max_depth': 168, 'learning_rate': 0.05269495713754372, 'subsample': 0.9455812185233454, 'colsample_bytree': 0.7014555993621302, 'reg_alpha': 0.31228706796003786, 'reg_lambda': 0.08138811257016716, 'min_child_weight': 19, 'gamma': 0.31547426348480834, 'num_boost_round': 506}. Best is trial 92 with value: 0.749424405218726.
# [I 2024-01-24 19:26:06,836] Trial 187 finished with value: 0.7481708876950627 and parameters: {'max_depth': 174, 'learning_rate': 0.05477711855697123, 'subsample': 0.9556530897227051, 'colsample_bytree': 0.7083431672246799, 'reg_alpha': 0.5736994358458304, 'reg_lambda': 0.046833637402501224, 'min_child_weight': 19, 'gamma': 0.33475806354643, 'num_boost_round': 478}. Best is trial 92 with value: 0.749424405218726.
# [I 2024-01-24 19:26:20,037] Trial 188 finished with value: 0.7479150677922742 and parameters: {'max_depth': 155, 'learning_rate': 0.059583767825291206, 'subsample': 0.9320911649714505, 'colsample_bytree': 0.7101561580261032, 'reg_alpha': 0.39322491620390193, 'reg_lambda': 0.029546116916998873, 'min_child_weight': 19, 'gamma': 0.30470080395135873, 'num_boost_round': 493}. Best is trial 92 with value: 0.749424405218726.
# [I 2024-01-24 19:26:37,366] Trial 189 finished with value: 0.7483499616270146 and parameters: {'max_depth': 162, 'learning_rate': 0.047426806174089065, 'subsample': 0.9469757675551723, 'colsample_bytree': 0.7009665406832508, 'reg_alpha': 0.745231640697499, 'reg_lambda': 0.031071654305250048, 'min_child_weight': 20, 'gamma': 0.2739438116340104, 'num_boost_round': 513}. Best is trial 92 with value: 0.749424405218726.
# [I 2024-01-24 19:26:49,325] Trial 190 finished with value: 0.7489127654131491 and parameters: {'max_depth': 180, 'learning_rate': 0.07692327568002423, 'subsample': 0.9551259082662017, 'colsample_bytree': 0.7145549714547712, 'reg_alpha': 0.2578461468047222, 'reg_lambda': 0.01892477838180518, 'min_child_weight': 18, 'gamma': 0.32938454532891076, 'num_boost_round': 713}. Best is trial 92 with value: 0.749424405218726.
# [I 2024-01-24 19:26:58,251] Trial 191 finished with value: 0.7470196981325148 and parameters: {'max_depth': 178, 'learning_rate': 0.09021997624705853, 'subsample': 0.9551487537693923, 'colsample_bytree': 0.7138651022000143, 'reg_alpha': 0.46344517130171126, 'reg_lambda': 0.016032138506095483, 'min_child_weight': 18, 'gamma': 0.32596003895870446, 'num_boost_round': 721}. Best is trial 92 with value: 0.749424405218726.
# [I 2024-01-24 19:27:12,858] Trial 192 finished with value: 0.7487336914811973 and parameters: {'max_depth': 170, 'learning_rate': 0.06767158650326324, 'subsample': 0.9610038240931504, 'colsample_bytree': 0.7205661413524895, 'reg_alpha': 0.613852844365296, 'reg_lambda': 0.05942121288263956, 'min_child_weight': 18, 'gamma': 0.3098254042668759, 'num_boost_round': 689}. Best is trial 92 with value: 0.749424405218726.
# [I 2024-01-24 19:27:22,466] Trial 193 finished with value: 0.746303402404707 and parameters: {'max_depth': 174, 'learning_rate': 0.07932247460795633, 'subsample': 0.9390065226647901, 'colsample_bytree': 0.7071949023060585, 'reg_alpha': 0.3243188867410912, 'reg_lambda': 0.040340981229906765, 'min_child_weight': 19, 'gamma': 0.2938707540049674, 'num_boost_round': 711}. Best is trial 92 with value: 0.749424405218726.
# [I 2024-01-24 19:27:35,281] Trial 194 finished with value: 0.7469429521616782 and parameters: {'max_depth': 161, 'learning_rate': 0.05084637109007568, 'subsample': 0.9504830362764404, 'colsample_bytree': 0.7131243156842063, 'reg_alpha': 0.8266633850558756, 'reg_lambda': 0.022539819644090374, 'min_child_weight': 19, 'gamma': 0.34604855181735944, 'num_boost_round': 523}. Best is trial 92 with value: 0.749424405218726.
# [I 2024-01-24 19:27:46,907] Trial 195 finished with value: 0.7486825275006396 and parameters: {'max_depth': 188, 'learning_rate': 0.07302594060797178, 'subsample': 0.9677822053055373, 'colsample_bytree': 0.7001184000369105, 'reg_alpha': 0.2480998219791273, 'reg_lambda': 0.02683092631859528, 'min_child_weight': 18, 'gamma': 0.3187600674752422, 'num_boost_round': 501}. Best is trial 92 with value: 0.749424405218726.
# [I 2024-01-24 19:27:57,438] Trial 196 finished with value: 0.7476848298797647 and parameters: {'max_depth': 196, 'learning_rate': 0.08544402243357796, 'subsample': 0.9437110404178828, 'colsample_bytree': 0.7244039641707034, 'reg_alpha': 0.002499701809469188, 'reg_lambda': 0.04202818672226718, 'min_child_weight': 20, 'gamma': 0.28711785331775713, 'num_boost_round': 484}. Best is trial 92 with value: 0.749424405218726.
# [I 2024-01-24 19:28:13,135] Trial 197 finished with value: 0.7480173957533895 and parameters: {'max_depth': 182, 'learning_rate': 0.045888480616387305, 'subsample': 0.9572554778387302, 'colsample_bytree': 0.7165890330377159, 'reg_alpha': 0.19530276047400688, 'reg_lambda': 0.009998523609183425, 'min_child_weight': 17, 'gamma': 0.30493323322036475, 'num_boost_round': 801}. Best is trial 92 with value: 0.749424405218726.
# [I 2024-01-24 19:28:31,770] Trial 198 finished with value: 0.7490150933742645 and parameters: {'max_depth': 235, 'learning_rate': 0.06175214460202705, 'subsample': 0.9722705573931424, 'colsample_bytree': 0.7093438858400395, 'reg_alpha': 0.0016660323478559656, 'reg_lambda': 0.025700171852405515, 'min_child_weight': 17, 'gamma': 0.26101713307891866, 'num_boost_round': 515}. Best is trial 92 with value: 0.749424405218726.
# [I 2024-01-24 19:28:48,700] Trial 199 finished with value: 0.7480941417242262 and parameters: {'max_depth': 239, 'learning_rate': 0.06202754746250874, 'subsample': 0.965000249819898, 'colsample_bytree': 0.7079694585600829, 'reg_alpha': 0.0016337461610261468, 'reg_lambda': 0.06189901216197794, 'min_child_weight': 17, 'gamma': 0.255256387524377, 'num_boost_round': 511}. Best is trial 92 with value: 0.749424405218726.
# [I 2024-01-24 19:29:05,710] Trial 200 finished with value: 0.7481708876950627 and parameters: {'max_depth': 234, 'learning_rate': 0.05606021684956981, 'subsample': 0.9736937658143027, 'colsample_bytree': 0.7053419748347594, 'reg_alpha': 0.0013134968696173518, 'reg_lambda': 0.028354718829476124, 'min_child_weight': 16, 'gamma': 0.2646608298363383, 'num_boost_round': 527}. Best is trial 92 with value: 0.749424405218726.
# [I 2024-01-24 19:29:16,229] Trial 201 finished with value: 0.7467127142491685 and parameters: {'max_depth': 225, 'learning_rate': 0.07298137062157573, 'subsample': 0.9550389188897629, 'colsample_bytree': 0.7138107142873268, 'reg_alpha': 0.004816477335030566, 'reg_lambda': 0.03715654417981628, 'min_child_weight': 18, 'gamma': 0.2783151007121181, 'num_boost_round': 495}. Best is trial 92 with value: 0.749424405218726.
# [I 2024-01-24 19:29:31,516] Trial 202 finished with value: 0.7489383474034279 and parameters: {'max_depth': 220, 'learning_rate': 0.06646347704824311, 'subsample': 0.9711079606698646, 'colsample_bytree': 0.7207855891277389, 'reg_alpha': 0.003017042175759067, 'reg_lambda': 0.014679221514384258, 'min_child_weight': 17, 'gamma': 0.29734287992336056, 'num_boost_round': 761}. Best is trial 92 with value: 0.749424405218726.
# [I 2024-01-24 19:29:44,214] Trial 203 finished with value: 0.7474801739575339 and parameters: {'max_depth': 210, 'learning_rate': 0.06445402947155109, 'subsample': 0.9741732115848327, 'colsample_bytree': 0.7294082680051384, 'reg_alpha': 0.0034443032811201702, 'reg_lambda': 0.015942682948219516, 'min_child_weight': 17, 'gamma': 0.2965269465613362, 'num_boost_round': 515}. Best is trial 92 with value: 0.749424405218726.
# [I 2024-01-24 19:29:57,785] Trial 204 finished with value: 0.7478127398311589 and parameters: {'max_depth': 227, 'learning_rate': 0.05898527553270715, 'subsample': 0.9699220592933135, 'colsample_bytree': 0.7228398477596126, 'reg_alpha': 0.002627534879643303, 'reg_lambda': 0.007330279737615829, 'min_child_weight': 16, 'gamma': 0.27159758117567284, 'num_boost_round': 646}. Best is trial 92 with value: 0.749424405218726.
# [I 2024-01-24 19:30:17,895] Trial 205 finished with value: 0.7488360194423126 and parameters: {'max_depth': 216, 'learning_rate': 0.05166285284451176, 'subsample': 0.9633187270784734, 'colsample_bytree': 0.7196990941964708, 'reg_alpha': 0.0019902864975940085, 'reg_lambda': 0.012369903517022269, 'min_child_weight': 17, 'gamma': 0.28659280110029606, 'num_boost_round': 504}. Best is trial 92 with value: 0.749424405218726.
# [I 2024-01-24 19:30:37,313] Trial 206 finished with value: 0.7497058071117932 and parameters: {'max_depth': 223, 'learning_rate': 0.048939863364769194, 'subsample': 0.9475937420536319, 'colsample_bytree': 0.7060667515442907, 'reg_alpha': 0.0029684355124299463, 'reg_lambda': 0.021456480801960092, 'min_child_weight': 16, 'gamma': 0.26531910644058576, 'num_boost_round': 525}. Best is trial 206 with value: 0.7497058071117932.
