[I 2024-01-15 13:02:01,768] Trial 267 finished with value: 0.7434638014837555 and parameters: {'max_depth': 10, 'learning_rate': 0.12152628163833183, 'subsample': 0.8814611230618937, 'colsample_bytree': 0.853911222888271, 'reg_alpha': 0.004096493449896571, 'reg_lambda': 4.9601585307202386e-06, 'min_child_weight': 4, 'gamma': 0.35879633345297113, 'num_boost_round': 840}. Best is trial 107 with value: 0.7486569455103607.
[I 2024-01-15 13:02:08,819] Trial 268 finished with value: 0.745152212842159 and parameters: {'max_depth': 10, 'learning_rate': 0.1089848975026355, 'subsample': 0.7407174443843758, 'colsample_bytree': 0.7577880420299855, 'reg_alpha': 0.0022847112959738106, 'reg_lambda': 3.4920627396589057e-06, 'min_child_weight': 4, 'gamma': 0.26068276438826665, 'num_boost_round': 831}. Best is trial 107 with value: 0.7486569455103607.
[I 2024-01-15 13:02:14,343] Trial 269 finished with value: 0.7420312100281402 and parameters: {'max_depth': 8, 'learning_rate': 0.1287946710638466, 'subsample': 0.8272509491243275, 'colsample_bytree': 0.7515189878063503, 'reg_alpha': 0.0030338898680541946, 'reg_lambda': 0.02263856636523518, 'min_child_weight': 5, 'gamma': 0.22310179692728357, 'num_boost_round': 841}. Best is trial 107 with value: 0.7486569455103607.
[I 2024-01-15 13:02:20,694] Trial 270 finished with value: 0.7462778204144283 and parameters: {'max_depth': 10, 'learning_rate': 0.14405037481154062, 'subsample': 0.822228715078795, 'colsample_bytree': 0.7693940954636854, 'reg_alpha': 0.005153727059733971, 'reg_lambda': 1.9124744205322017e-05, 'min_child_weight': 5, 'gamma': 0.24800999035804436, 'num_boost_round': 821}. Best is trial 107 with value: 0.7486569455103607.
[I 2024-01-15 13:02:24,589] Trial 271 finished with value: 0.7020465592223075 and parameters: {'max_depth': 10, 'learning_rate': 0.009063061123402731, 'subsample': 0.8978486369994942, 'colsample_bytree': 0.7777075469711194, 'reg_alpha': 0.008241702188252589, 'reg_lambda': 7.067099666082781e-06, 'min_child_weight': 4, 'gamma': 0.31535461553106725, 'num_boost_round': 834}. Best is trial 107 with value: 0.7486569455103607.
[I 2024-01-15 13:02:31,144] Trial 272 finished with value: 0.7449475569199284 and parameters: {'max_depth': 10, 'learning_rate': 0.11296132006872531, 'subsample': 0.8439732146423791, 'colsample_bytree': 0.7646785175931756, 'reg_alpha': 0.003481733888299353, 'reg_lambda': 4.966943765283324e-06, 'min_child_weight': 4, 'gamma': 0.16317779257407397, 'num_boost_round': 850}. Best is trial 107 with value: 0.7486569455103607.
[I 2024-01-15 13:02:38,334] Trial 273 finished with value: 0.7433358915323612 and parameters: {'max_depth': 10, 'learning_rate': 0.10423169887993178, 'subsample': 0.8185913260549659, 'colsample_bytree': 0.9948179725587917, 'reg_alpha': 0.0022523656327832933, 'reg_lambda': 8.8788709765812e-06, 'min_child_weight': 3, 'gamma': 0.12203152695803873, 'num_boost_round': 807}. Best is trial 107 with value: 0.7486569455103607.
[I 2024-01-15 13:02:46,118] Trial 274 finished with value: 0.7467382962394474 and parameters: {'max_depth': 10, 'learning_rate': 0.1194734701921818, 'subsample': 0.827681625150075, 'colsample_bytree': 0.7410605653378782, 'reg_alpha': 0.014057723124574664, 'reg_lambda': 0.07416789213444697, 'min_child_weight': 5, 'gamma': 0.18340483033622318, 'num_boost_round': 827}. Best is trial 107 with value: 0.7486569455103607.
[I 2024-01-15 13:02:52,730] Trial 275 finished with value: 0.7431568176004093 and parameters: {'max_depth': 10, 'learning_rate': 0.09339228799507522, 'subsample': 0.8807629902088002, 'colsample_bytree': 0.772154595818778, 'reg_alpha': 0.006135844500651145, 'reg_lambda': 2.644667128645274e-06, 'min_child_weight': 6, 'gamma': 0.44570321479060454, 'num_boost_round': 841}. Best is trial 107 with value: 0.7486569455103607.
[I 2024-01-15 13:02:59,685] Trial 276 finished with value: 0.7457917625991302 and parameters: {'max_depth': 10, 'learning_rate': 0.15045669898470282, 'subsample': 0.854555254943483, 'colsample_bytree': 0.7502422427960653, 'reg_alpha': 0.0034282640352784424, 'reg_lambda': 1.4273624450746676e-05, 'min_child_weight': 5, 'gamma': 0.014039370432196536, 'num_boost_round': 813}. Best is trial 107 with value: 0.7486569455103607.
[I 2024-01-15 13:03:09,533] Trial 277 finished with value: 0.7476080839089281 and parameters: {'max_depth': 10, 'learning_rate': 0.10888998436546893, 'subsample': 0.8734942514652277, 'colsample_bytree': 0.7817248439211368, 'reg_alpha': 0.0018548248356532004, 'reg_lambda': 0.006202731993673953, 'min_child_weight': 4, 'gamma': 0.1011692947077083, 'num_boost_round': 759}. Best is trial 107 with value: 0.7486569455103607.
[I 2024-01-15 13:03:16,343] Trial 278 finished with value: 0.7444103351240727 and parameters: {'max_depth': 10, 'learning_rate': 0.09927666766486071, 'subsample': 0.8618203805180591, 'colsample_bytree': 0.7808814190432473, 'reg_alpha': 0.004607092583093317, 'reg_lambda': 1.1590531858073265e-05, 'min_child_weight': 6, 'gamma': 0.11941431287672659, 'num_boost_round': 750}. Best is trial 107 with value: 0.7486569455103607.
[I 2024-01-15 13:03:22,967] Trial 279 finished with value: 0.7447173190074188 and parameters: {'max_depth': 10, 'learning_rate': 0.12642152722202038, 'subsample': 0.874836517805459, 'colsample_bytree': 0.7987104041522687, 'reg_alpha': 0.001850351889444235, 'reg_lambda': 0.0065157787660475456, 'min_child_weight': 4, 'gamma': 0.10154920281967733, 'num_boost_round': 766}. Best is trial 107 with value: 0.7486569455103607.
[I 2024-01-15 13:03:42,884] Trial 280 finished with value: 0.7409311844461499 and parameters: {'max_depth': 10, 'learning_rate': 0.02777729373066002, 'subsample': 0.8693868774670677, 'colsample_bytree': 0.7926736147109001, 'reg_alpha': 0.007010989995353599, 'reg_lambda': 3.611386773422237e-06, 'min_child_weight': 5, 'gamma': 0.10144549716977262, 'num_boost_round': 752}. Best is trial 107 with value: 0.7486569455103607.
[I 2024-01-15 13:03:50,323] Trial 281 finished with value: 0.7449219749296495 and parameters: {'max_depth': 10, 'learning_rate': 0.10490579480665867, 'subsample': 0.8744462124986979, 'colsample_bytree': 0.7825220611746171, 'reg_alpha': 0.0040751222612295575, 'reg_lambda': 0.0021518578937750293, 'min_child_weight': 3, 'gamma': 0.11244227791987021, 'num_boost_round': 764}. Best is trial 107 with value: 0.7486569455103607.
[I 2024-01-15 13:03:56,987] Trial 282 finished with value: 0.7441033512407265 and parameters: {'max_depth': 10, 'learning_rate': 0.113864778746198, 'subsample': 0.8842700182758042, 'colsample_bytree': 0.7589255135010068, 'reg_alpha': 2.4463275822924162e-05, 'reg_lambda': 0.003449727855259161, 'min_child_weight': 4, 'gamma': 0.13758685128634404, 'num_boost_round': 761}. Best is trial 107 with value: 0.7486569455103607.
[I 2024-01-15 13:04:04,210] Trial 283 finished with value: 0.7438986953184958 and parameters: {'max_depth': 10, 'learning_rate': 0.09708721587284586, 'subsample': 0.8481455357830535, 'colsample_bytree': 0.777372266249019, 'reg_alpha': 0.011275741753462205, 'reg_lambda': 0.11927960105005558, 'min_child_weight': 6, 'gamma': 0.09782905113182264, 'num_boost_round': 820}. Best is trial 107 with value: 0.7486569455103607.
[I 2024-01-15 13:04:14,382] Trial 284 finished with value: 0.7451010488616014 and parameters: {'max_depth': 10, 'learning_rate': 0.08872825223460169, 'subsample': 0.8421132172684369, 'colsample_bytree': 0.9617721789114326, 'reg_alpha': 0.0027537306659586773, 'reg_lambda': 0.013075724683608498, 'min_child_weight': 5, 'gamma': 0.035794414015018094, 'num_boost_round': 835}. Best is trial 107 with value: 0.7486569455103607.
[I 2024-01-15 13:04:20,582] Trial 285 finished with value: 0.7450754668713226 and parameters: {'max_depth': 10, 'learning_rate': 0.13240005933827356, 'subsample': 0.8326015476502454, 'colsample_bytree': 0.784851885362577, 'reg_alpha': 0.005872018110201891, 'reg_lambda': 2.5801794298620115e-05, 'min_child_weight': 12, 'gamma': 0.08502241891373637, 'num_boost_round': 828}. Best is trial 107 with value: 0.7486569455103607.
[I 2024-01-15 13:04:27,694] Trial 286 finished with value: 0.7453568687643899 and parameters: {'max_depth': 10, 'learning_rate': 0.1192634217843805, 'subsample': 0.8628415914929438, 'colsample_bytree': 0.7673912385000083, 'reg_alpha': 0.0036096225621518713, 'reg_lambda': 0.04865501120578543, 'min_child_weight': 3, 'gamma': 0.12610515545671164, 'num_boost_round': 810}. Best is trial 107 with value: 0.7486569455103607.
[I 2024-01-15 13:04:35,291] Trial 287 finished with value: 0.7438731133282169 and parameters: {'max_depth': 10, 'learning_rate': 0.10648903087782073, 'subsample': 0.8931838647276904, 'colsample_bytree': 0.7758861720588636, 'reg_alpha': 0.002493278661611423, 'reg_lambda': 1.911958410554592e-06, 'min_child_weight': 4, 'gamma': 0.00803509452932463, 'num_boost_round': 737}. Best is trial 107 with value: 0.7486569455103607.
[I 2024-01-15 13:04:55,393] Trial 288 finished with value: 0.7454847787157841 and parameters: {'max_depth': 10, 'learning_rate': 0.03567630527922942, 'subsample': 0.9200935925078714, 'colsample_bytree': 0.7455671590236311, 'reg_alpha': 0.0013257295944483537, 'reg_lambda': 7.375946205235033e-06, 'min_child_weight': 5, 'gamma': 0.024241355745292726, 'num_boost_round': 773}. Best is trial 107 with value: 0.7486569455103607.
[I 2024-01-15 13:05:05,430] Trial 289 finished with value: 0.7473778459964185 and parameters: {'max_depth': 10, 'learning_rate': 0.09573722809942778, 'subsample': 0.8386147980887587, 'colsample_bytree': 0.7633549297159996, 'reg_alpha': 0.00805373659119389, 'reg_lambda': 5.975996924816859e-06, 'min_child_weight': 5, 'gamma': 0.09124797640837977, 'num_boost_round': 773}. Best is trial 107 with value: 0.7486569455103607.
[I 2024-01-15 13:05:14,761] Trial 290 finished with value: 0.7409311844461499 and parameters: {'max_depth': 10, 'learning_rate': 0.05583326739585055, 'subsample': 0.8375126082060994, 'colsample_bytree': 0.7565080198794397, 'reg_alpha': 0.009545795338247214, 'reg_lambda': 4.046735947840539e-06, 'min_child_weight': 6, 'gamma': 0.09403492998816389, 'num_boost_round': 769}. Best is trial 107 with value: 0.7486569455103607.
[I 2024-01-15 13:05:23,549] Trial 291 finished with value: 0.7446661550268611 and parameters: {'max_depth': 9, 'learning_rate': 0.08637553984585838, 'subsample': 0.8400258022306695, 'colsample_bytree': 0.7607402561151094, 'reg_alpha': 0.0019404589759744906, 'reg_lambda': 3.0397824885288007e-06, 'min_child_weight': 5, 'gamma': 0.11176723529200688, 'num_boost_round': 757}. Best is trial 107 with value: 0.7486569455103607.
[I 2024-01-15 13:05:29,080] Trial 292 finished with value: 0.7437707853671016 and parameters: {'max_depth': 10, 'learning_rate': 0.16275672474647823, 'subsample': 0.8298861090992189, 'colsample_bytree': 0.7527511468964337, 'reg_alpha': 0.004345393671092897, 'reg_lambda': 5.886534447820302e-06, 'min_child_weight': 6, 'gamma': 0.08853825605576232, 'num_boost_round': 782}. Best is trial 107 with value: 0.7486569455103607.
[I 2024-01-15 13:05:37,525] Trial 293 finished with value: 0.7465848042977743 and parameters: {'max_depth': 10, 'learning_rate': 0.09568985716561983, 'subsample': 0.852497021599818, 'colsample_bytree': 0.7374076484979925, 'reg_alpha': 0.025831286528100936, 'reg_lambda': 0.005449961029923363, 'min_child_weight': 5, 'gamma': 0.07735246952844448, 'num_boost_round': 669}. Best is trial 107 with value: 0.7486569455103607.
[I 2024-01-15 13:05:44,732] Trial 294 finished with value: 0.7468406242005627 and parameters: {'max_depth': 10, 'learning_rate': 0.1402877956102765, 'subsample': 0.8457775919394689, 'colsample_bytree': 0.7650557834856024, 'reg_alpha': 0.0028885017360128855, 'reg_lambda': 9.830999406707974e-06, 'min_child_weight': 5, 'gamma': 0.10605168318257903, 'num_boost_round': 777}. Best is trial 107 with value: 0.7486569455103607.
[I 2024-01-15 13:05:51,236] Trial 295 finished with value: 0.745152212842159 and parameters: {'max_depth': 10, 'learning_rate': 0.11707486402281359, 'subsample': 0.7513462589060707, 'colsample_bytree': 0.7899200654086513, 'reg_alpha': 0.009019606500692043, 'reg_lambda': 5.658759578357578e-06, 'min_child_weight': 6, 'gamma': 0.0914901086437984, 'num_boost_round': 747}. Best is trial 107 with value: 0.7486569455103607.
[I 2024-01-15 13:05:59,901] Trial 296 finished with value: 0.7457150166282938 and parameters: {'max_depth': 10, 'learning_rate': 0.09187385516194853, 'subsample': 0.82517096709508, 'colsample_bytree': 0.7819419639788685, 'reg_alpha': 0.0017679256929101761, 'reg_lambda': 1.58948481897067e-05, 'min_child_weight': 5, 'gamma': 0.07758649519306753, 'num_boost_round': 798}. Best is trial 107 with value: 0.7486569455103607.
[I 2024-01-15 13:06:07,779] Trial 297 finished with value: 0.7477359938603223 and parameters: {'max_depth': 10, 'learning_rate': 0.12526880681453492, 'subsample': 0.833209459879945, 'colsample_bytree': 0.7750954919960983, 'reg_alpha': 0.004715247663772281, 'reg_lambda': 4.196256121433005e-06, 'min_child_weight': 4, 'gamma': 0.09839454150665132, 'num_boost_round': 773}. Best is trial 107 with value: 0.7486569455103607.
[I 2024-01-15 13:06:15,369] Trial 298 finished with value: 0.7464057303658225 and parameters: {'max_depth': 10, 'learning_rate': 0.12951312705303264, 'subsample': 0.8362024125674156, 'colsample_bytree': 0.7748605592891399, 'reg_alpha': 0.005005772709651298, 'reg_lambda': 2.223488327509519e-06, 'min_child_weight': 3, 'gamma': 0.09679885594058377, 'num_boost_round': 773}. Best is trial 107 with value: 0.7486569455103607.
[I 2024-01-15 13:06:20,748] Trial 299 finished with value: 0.74469173701714 and parameters: {'max_depth': 10, 'learning_rate': 0.15366143480605648, 'subsample': 0.8294172414248077, 'colsample_bytree': 0.7780167102176332, 'reg_alpha': 0.0034676791150505134, 'reg_lambda': 0.00892625904835803, 'min_child_weight': 4, 'gamma': 0.10477362585131114, 'num_boost_round': 791}. Best is trial 107 with value: 0.7486569455103607.
Best trial: score 0.7486569455103607, params {'max_depth': 10, 'learning_rate': 0.1260676184319049, 'subsample': 0.8225104732808353, 'colsample_bytree': 0.758231929328952, 'reg_alpha': 0.0020582843880172655, 'reg_lambda': 1.643885824246253e-05, 'min_child_weight': 4, 'gamma': 0.1414200561975269, 'num_boost_round': 794}







--------------------------------------------------------------------------------------------------------------------------------------------------------------------------------------------------------------------------------------------------------------------------------------------------------------------------------------------------------------------------------------------------------------------------------------------------















/home/michaelye22/.local/lib/python3.10/site-packages/tqdm/auto.py:21: TqdmWarning: IProgress not found. Please update jupyter and ipywidgets. See https://ipywidgets.readthedocs.io/en/stable/user_install.html
  from .autonotebook import tqdm as notebook_tqdm
[I 2024-01-14 22:34:00,818] A new study created in memory with name: no-name-06d19692-2382-471c-ae27-7c926188cb39
[I 2024-01-14 22:34:02,976] Trial 0 finished with value: 0.6891276541314915 and parameters: {'max_depth': 9, 'learning_rate': 0.014977515295017629, 'subsample': 0.8171449945932143, 'colsample_bytree': 0.7312905006415262, 'reg_alpha': 0.7217159360549916, 'reg_lambda': 5.6033760032112106e-05, 'min_child_weight': 16, 'gamma': 0.15123627339198636, 'num_boost_round': 650}. Best is trial 0 with value: 0.6891276541314915.
[I 2024-01-14 22:34:09,322] Trial 1 finished with value: 0.7150933742645178 and parameters: {'max_depth': 5, 'learning_rate': 0.046647705413198105, 'subsample': 0.8872763251146762, 'colsample_bytree': 0.8947886776228069, 'reg_alpha': 0.01111905403482751, 'reg_lambda': 0.0005803851719908322, 'min_child_weight': 8, 'gamma': 0.31548803683376136, 'num_boost_round': 784}. Best is trial 1 with value: 0.7150933742645178.
[I 2024-01-14 22:34:09,993] Trial 2 finished with value: 0.6630851880276285 and parameters: {'max_depth': 7, 'learning_rate': 0.007957120696979096, 'subsample': 0.8127502167443565, 'colsample_bytree': 0.7287642031556756, 'reg_alpha': 0.00615537105963781, 'reg_lambda': 0.00030000702880415955, 'min_child_weight': 13, 'gamma': 0.22644702378820536, 'num_boost_round': 657}. Best is trial 1 with value: 0.7150933742645178.
[I 2024-01-14 22:34:23,575] Trial 3 finished with value: 0.724226144794065 and parameters: {'max_depth': 8, 'learning_rate': 0.01744575296935299, 'subsample': 0.7802926010626282, 'colsample_bytree': 0.7905282685366386, 'reg_alpha': 0.029121463383808555, 'reg_lambda': 0.0002167346861471831, 'min_child_weight': 9, 'gamma': 0.3314925729728716, 'num_boost_round': 703}. Best is trial 3 with value: 0.724226144794065.
[I 2024-01-14 22:34:29,248] Trial 4 finished with value: 0.7419800460475825 and parameters: {'max_depth': 8, 'learning_rate': 0.09660978171950639, 'subsample': 0.8811659484112643, 'colsample_bytree': 0.8451090426407317, 'reg_alpha': 0.0007659971588599838, 'reg_lambda': 0.012751505327279422, 'min_child_weight': 12, 'gamma': 0.1667116512451981, 'num_boost_round': 813}. Best is trial 4 with value: 0.7419800460475825.
[I 2024-01-14 22:34:40,493] Trial 5 finished with value: 0.7334612432847276 and parameters: {'max_depth': 7, 'learning_rate': 0.03660846567643983, 'subsample': 0.9178695746851541, 'colsample_bytree': 0.8649666354074543, 'reg_alpha': 0.015058136515248765, 'reg_lambda': 0.0007228220611445631, 'min_child_weight': 13, 'gamma': 0.11085641010888961, 'num_boost_round': 743}. Best is trial 4 with value: 0.7419800460475825.
[I 2024-01-14 22:34:40,849] Trial 6 pruned. Trial was pruned at iteration 0.
[I 2024-01-14 22:34:41,188] Trial 7 pruned. Trial was pruned at iteration 0.
[I 2024-01-14 22:34:41,539] Trial 8 pruned. Trial was pruned at iteration 0.
[I 2024-01-14 22:34:52,458] Trial 9 finished with value: 0.7331030954208237 and parameters: {'max_depth': 7, 'learning_rate': 0.03467474532046089, 'subsample': 0.8400374766676246, 'colsample_bytree': 0.8472668122288683, 'reg_alpha': 0.00021713894640434947, 'reg_lambda': 0.0036321195378194665, 'min_child_weight': 8, 'gamma': 0.11124427952905835, 'num_boost_round': 636}. Best is trial 4 with value: 0.7419800460475825.
[I 2024-01-14 22:34:52,814] Trial 10 pruned. Trial was pruned at iteration 0.
[I 2024-01-14 22:34:53,160] Trial 11 pruned. Trial was pruned at iteration 0.
[I 2024-01-14 22:34:55,311] Trial 12 finished with value: 0.6836019442312612 and parameters: {'max_depth': 6, 'learning_rate': 0.01698494400353527, 'subsample': 0.7905410121734682, 'colsample_bytree': 0.8615263456780367, 'reg_alpha': 0.0014673485504664392, 'reg_lambda': 0.00016465467016434822, 'min_child_weight': 12, 'gamma': 0.24862200600659176, 'num_boost_round': 688}. Best is trial 4 with value: 0.7419800460475825.
[I 2024-01-14 22:34:55,665] Trial 13 pruned. Trial was pruned at iteration 0.
[I 2024-01-14 22:34:56,419] Trial 14 finished with value: 0.6701713993348682 and parameters: {'max_depth': 7, 'learning_rate': 0.027321655721712034, 'subsample': 0.877159058149287, 'colsample_bytree': 0.7935138480233879, 'reg_alpha': 0.0012031764142270292, 'reg_lambda': 0.0002887683156164746, 'min_child_weight': 3, 'gamma': 0.04806348952357331, 'num_boost_round': 623}. Best is trial 4 with value: 0.7419800460475825.
[I 2024-01-14 22:34:56,757] Trial 15 pruned. Trial was pruned at iteration 0.
[I 2024-01-14 22:34:57,099] Trial 16 pruned. Trial was pruned at iteration 0.
[I 2024-01-14 22:34:57,451] Trial 17 pruned. Trial was pruned at iteration 0.
[I 2024-01-14 22:35:09,592] Trial 18 finished with value: 0.7274750575594782 and parameters: {'max_depth': 7, 'learning_rate': 0.028191827565462707, 'subsample': 0.7681307493332116, 'colsample_bytree': 0.7958384753394907, 'reg_alpha': 0.02084803138766526, 'reg_lambda': 0.0007832132928318362, 'min_child_weight': 9, 'gamma': 0.3000475736847288, 'num_boost_round': 652}. Best is trial 4 with value: 0.7419800460475825.
[I 2024-01-14 22:35:09,932] Trial 19 pruned. Trial was pruned at iteration 0.
[I 2024-01-14 22:35:10,275] Trial 20 pruned. Trial was pruned at iteration 0.
[I 2024-01-14 22:35:11,013] Trial 21 finished with value: 0.6673829623944743 and parameters: {'max_depth': 7, 'learning_rate': 0.015264583290788865, 'subsample': 0.8090230305949221, 'colsample_bytree': 0.7975048006041565, 'reg_alpha': 0.0016860625750881393, 'reg_lambda': 0.007499216831194647, 'min_child_weight': 13, 'gamma': 0.14414912848875688, 'num_boost_round': 672}. Best is trial 4 with value: 0.7419800460475825.
[I 2024-01-14 22:35:11,349] Trial 22 pruned. Trial was pruned at iteration 0.
[I 2024-01-14 22:35:11,701] Trial 23 pruned. Trial was pruned at iteration 0.
[I 2024-01-14 22:35:12,055] Trial 24 pruned. Trial was pruned at iteration 0.
[I 2024-01-14 22:35:21,522] Trial 25 finished with value: 0.7207725761064211 and parameters: {'max_depth': 6, 'learning_rate': 0.038218904230709554, 'subsample': 0.806750784920454, 'colsample_bytree': 0.8274093725026112, 'reg_alpha': 0.0037920627428219564, 'reg_lambda': 0.0014436262832128865, 'min_child_weight': 8, 'gamma': 0.09200376305060806, 'num_boost_round': 743}. Best is trial 4 with value: 0.7419800460475825.
[I 2024-01-14 22:35:21,891] Trial 26 pruned. Trial was pruned at iteration 0.
[I 2024-01-14 22:35:27,771] Trial 27 finished with value: 0.7370171399334868 and parameters: {'max_depth': 6, 'learning_rate': 0.1085547967631511, 'subsample': 0.8718156490855189, 'colsample_bytree': 0.8224857946725985, 'reg_alpha': 0.0004866173180474556, 'reg_lambda': 0.05127527834127006, 'min_child_weight': 12, 'gamma': 0.1595278475934106, 'num_boost_round': 732}. Best is trial 4 with value: 0.7419800460475825.
[I 2024-01-14 22:35:28,121] Trial 28 pruned. Trial was pruned at iteration 0.
[I 2024-01-14 22:35:28,459] Trial 29 pruned. Trial was pruned at iteration 0.
[I 2024-01-14 22:35:28,805] Trial 30 pruned. Trial was pruned at iteration 0.
