# [I 2024-01-27 22:24:05,401] Trial 51 finished with value: 0.7455420341559253 and parameters: {'max_depth': 11, 'learning_rate': 0.10897549541008793, 'subsample': 0.7881071886395444, 'colsample_bytree': 0.8436782567314882, 'reg_alpha': 0.0013710043696785236, 'reg_lambda': 0.00012156074366220642, 'min_child_weight': 10, 'gamma': 0.21869998669114804, 'num_boost_round': 701}. Best is trial 44 with value: 0.7466126316143483.
# [I 2024-01-27 22:25:37,898] Trial 52 finished with value: 0.7455765697691789 and parameters: {'max_depth': 15, 'learning_rate': 0.11764774425471075, 'subsample': 0.8537130506265519, 'colsample_bytree': 0.8514302951567477, 'reg_alpha': 0.0003160861872949218, 'reg_lambda': 0.009720777444388744, 'min_child_weight': 6, 'gamma': 0.37359081031320346, 'num_boost_round': 853}. Best is trial 44 with value: 0.7466126316143483.
# [I 2024-01-27 22:27:52,975] Trial 53 finished with value: 0.7440493284098075 and parameters: {'max_depth': 13, 'learning_rate': 0.051164137807914505, 'subsample': 0.8081365094009401, 'colsample_bytree': 0.737251764746085, 'reg_alpha': 0.0037968936131541698, 'reg_lambda': 0.00011288100097425597, 'min_child_weight': 9, 'gamma': 0.30183169531144527, 'num_boost_round': 516}. Best is trial 44 with value: 0.7466126316143483.
# [I 2024-01-27 22:30:56,869] Trial 54 finished with value: 0.7445251448151161 and parameters: {'max_depth': 14, 'learning_rate': 0.04492385470297885, 'subsample': 0.7885301486140002, 'colsample_bytree': 0.8113573957230122, 'reg_alpha': 0.019108548652362015, 'reg_lambda': 0.0013435013974751522, 'min_child_weight': 2, 'gamma': 0.3875862514031806, 'num_boost_round': 735}. Best is trial 44 with value: 0.7466126316143483.
# [I 2024-01-27 22:33:17,792] Trial 55 finished with value: 0.745212023315544 and parameters: {'max_depth': 14, 'learning_rate': 0.05665267484964229, 'subsample': 0.8080772590021582, 'colsample_bytree': 0.8055467991371813, 'reg_alpha': 0.00017060388381035817, 'reg_lambda': 0.001506795357339192, 'min_child_weight': 10, 'gamma': 0.3685649488976658, 'num_boost_round': 898}. Best is trial 44 with value: 0.7466126316143483.
# [I 2024-01-27 22:34:38,716] Trial 56 finished with value: 0.7454844740151918 and parameters: {'max_depth': 15, 'learning_rate': 0.12288471995638087, 'subsample': 0.8111021302543302, 'colsample_bytree': 0.7796987282583875, 'reg_alpha': 0.001245258375440415, 'reg_lambda': 0.0029501638478204822, 'min_child_weight': 9, 'gamma': 0.441636336609592, 'num_boost_round': 777}. Best is trial 44 with value: 0.7466126316143483.
# [I 2024-01-27 22:36:41,874] Trial 57 finished with value: 0.7464015839493152 and parameters: {'max_depth': 15, 'learning_rate': 0.07096461632674658, 'subsample': 0.819632108870837, 'colsample_bytree': 0.7871285646418766, 'reg_alpha': 0.0006332850151794863, 'reg_lambda': 0.04513117998049593, 'min_child_weight': 12, 'gamma': 0.3391684849671152, 'num_boost_round': 638}. Best is trial 44 with value: 0.7466126316143483.
# [I 2024-01-27 22:38:51,139] Trial 58 finished with value: 0.7410255479077898 and parameters: {'max_depth': 11, 'learning_rate': 0.04073459606206351, 'subsample': 0.8146021466683238, 'colsample_bytree': 0.7613234813979058, 'reg_alpha': 0.00011495304132525785, 'reg_lambda': 0.00011552931003533384, 'min_child_weight': 2, 'gamma': 0.3229928002148603, 'num_boost_round': 795}. Best is trial 44 with value: 0.7466126316143483.
# [I 2024-01-27 22:40:51,546] Trial 59 finished with value: 0.7421767305497864 and parameters: {'max_depth': 14, 'learning_rate': 0.03180902219154441, 'subsample': 0.8756759445076241, 'colsample_bytree': 0.8492040680927985, 'reg_alpha': 0.00026278242381010624, 'reg_lambda': 0.0008064916319072317, 'min_child_weight': 3, 'gamma': 0.2767908510404434, 'num_boost_round': 785}. Best is trial 44 with value: 0.7466126316143483.
# [I 2024-01-27 22:41:49,265] Trial 60 finished with value: 0.7446594546078306 and parameters: {'max_depth': 13, 'learning_rate': 0.08736871221984832, 'subsample': 0.8331477762246577, 'colsample_bytree': 0.8598119100870721, 'reg_alpha': 0.0003659283023974543, 'reg_lambda': 0.0005442559517313129, 'min_child_weight': 4, 'gamma': 0.3475761523391038, 'num_boost_round': 746}. Best is trial 44 with value: 0.7466126316143483.
# [I 2024-01-27 22:42:48,695] Trial 61 finished with value: 0.7457262301548953 and parameters: {'max_depth': 15, 'learning_rate': 0.09885309643163934, 'subsample': 0.8325960370741929, 'colsample_bytree': 0.8760304202567064, 'reg_alpha': 0.0003394903857924245, 'reg_lambda': 0.02756351113416566, 'min_child_weight': 9, 'gamma': 0.26797120288586357, 'num_boost_round': 701}. Best is trial 44 with value: 0.7466126316143483.
# [I 2024-01-27 22:44:13,163] Trial 62 finished with value: 0.7437807228127277 and parameters: {'max_depth': 14, 'learning_rate': 0.04460656162246303, 'subsample': 0.9212453577295925, 'colsample_bytree': 0.7313263135055449, 'reg_alpha': 0.00044385133285888205, 'reg_lambda': 0.02811003763858182, 'min_child_weight': 11, 'gamma': 0.44716813324517385, 'num_boost_round': 625}. Best is trial 44 with value: 0.7466126316143483.
# [I 2024-01-27 22:44:50,702] Trial 63 finished with value: 0.744164446924325 and parameters: {'max_depth': 17, 'learning_rate': 0.17360371563223442, 'subsample': 0.8472985571107443, 'colsample_bytree': 0.7552301360722948, 'reg_alpha': 6.411800406755162e-05, 'reg_lambda': 0.08231376971238735, 'min_child_weight': 8, 'gamma': 0.37930843561735017, 'num_boost_round': 902}. Best is trial 44 with value: 0.7466126316143483.
# [I 2024-01-27 22:45:57,939] Trial 64 finished with value: 0.745380864156893 and parameters: {'max_depth': 12, 'learning_rate': 0.08341001925767504, 'subsample': 0.8272847251605244, 'colsample_bytree': 0.8002734745608389, 'reg_alpha': 0.00015799262106160435, 'reg_lambda': 0.9422277990093889, 'min_child_weight': 12, 'gamma': 0.3912121210547162, 'num_boost_round': 691}. Best is trial 44 with value: 0.7466126316143483.
# [I 2024-01-27 22:46:35,794] Trial 65 finished with value: 0.743938041892984 and parameters: {'max_depth': 13, 'learning_rate': 0.157249896646716, 'subsample': 0.8365384986187381, 'colsample_bytree': 0.8988748275508057, 'reg_alpha': 3.357339449417715e-05, 'reg_lambda': 0.0003059020205409363, 'min_child_weight': 6, 'gamma': 0.3452165106512863, 'num_boost_round': 858}. Best is trial 44 with value: 0.7466126316143483.
# [I 2024-01-27 22:47:19,129] Trial 66 finished with value: 0.7454691168697527 and parameters: {'max_depth': 12, 'learning_rate': 0.11291508176883526, 'subsample': 0.8016571221454221, 'colsample_bytree': 0.8516110524645307, 'reg_alpha': 0.0003642642619622793, 'reg_lambda': 0.010220386392346051, 'min_child_weight': 7, 'gamma': 0.2768065698317247, 'num_boost_round': 831}. Best is trial 44 with value: 0.7466126316143483.
# [I 2024-01-27 22:48:01,929] Trial 67 finished with value: 0.7450009780064433 and parameters: {'max_depth': 13, 'learning_rate': 0.14062926354013355, 'subsample': 0.8406538573245583, 'colsample_bytree': 0.8018522956084776, 'reg_alpha': 0.00024218732813233607, 'reg_lambda': 0.007734430754416684, 'min_child_weight': 6, 'gamma': 0.30933616528789004, 'num_boost_round': 854}. Best is trial 44 with value: 0.7466126316143483.
# [I 2024-01-27 22:48:47,023] Trial 68 finished with value: 0.7460140134835607 and parameters: {'max_depth': 14, 'learning_rate': 0.12554933161355292, 'subsample': 0.856022553698686, 'colsample_bytree': 0.846653392490011, 'reg_alpha': 0.00018787360524919557, 'reg_lambda': 0.009423141367882847, 'min_child_weight': 9, 'gamma': 0.3157477066127469, 'num_boost_round': 892}. Best is trial 44 with value: 0.7466126316143483.
# [I 2024-01-27 22:49:40,260] Trial 69 finished with value: 0.7446863145932799 and parameters: {'max_depth': 11, 'learning_rate': 0.07756704154288939, 'subsample': 0.8288225088091837, 'colsample_bytree': 0.836583688267056, 'reg_alpha': 0.010692892333685143, 'reg_lambda': 0.0021060367363834286, 'min_child_weight': 8, 'gamma': 0.2895592349713724, 'num_boost_round': 640}. Best is trial 44 with value: 0.7466126316143483.
# [I 2024-01-27 22:50:42,633] Trial 70 finished with value: 0.7457722676510616 and parameters: {'max_depth': 15, 'learning_rate': 0.0810023616498776, 'subsample': 0.7645455297618562, 'colsample_bytree': 0.8334669077406107, 'reg_alpha': 0.0015888494271846043, 'reg_lambda': 0.0020354613320106864, 'min_child_weight': 11, 'gamma': 0.25501223840238585, 'num_boost_round': 654}. Best is trial 44 with value: 0.7466126316143483.
# [I 2024-01-27 22:51:58,200] Trial 71 finished with value: 0.7462250732227476 and parameters: {'max_depth': 15, 'learning_rate': 0.0699540562437473, 'subsample': 0.8397209980714015, 'colsample_bytree': 0.8117033556337387, 'reg_alpha': 0.0018592536648233081, 'reg_lambda': 0.0013274936026738166, 'min_child_weight': 11, 'gamma': 0.31828663256438344, 'num_boost_round': 843}. Best is trial 44 with value: 0.7466126316143483.
# [I 2024-01-27 22:52:32,616] Trial 72 finished with value: 0.7448513190195617 and parameters: {'max_depth': 14, 'learning_rate': 0.18597038456642617, 'subsample': 0.8272770236277345, 'colsample_bytree': 0.9090969812645808, 'reg_alpha': 0.0012218958027411114, 'reg_lambda': 0.06866734345410196, 'min_child_weight': 14, 'gamma': 0.2905404545237746, 'num_boost_round': 944}. Best is trial 44 with value: 0.7466126316143483.
# [I 2024-01-27 22:53:43,733] Trial 73 finished with value: 0.7467776361142529 and parameters: {'max_depth': 15, 'learning_rate': 0.07176584445592332, 'subsample': 0.819649190296673, 'colsample_bytree': 0.7297695708758003, 'reg_alpha': 0.00014021976520202774, 'reg_lambda': 0.09814516207267494, 'min_child_weight': 12, 'gamma': 0.30110742817450914, 'num_boost_round': 906}. Best is trial 73 with value: 0.7467776361142529.
# [I 2024-01-27 22:54:25,787] Trial 74 finished with value: 0.7445980652670728 and parameters: {'max_depth': 15, 'learning_rate': 0.15002340827182836, 'subsample': 0.8262342446662178, 'colsample_bytree': 0.8963129335964342, 'reg_alpha': 0.0011840416612911978, 'reg_lambda': 0.7599909343045179, 'min_child_weight': 8, 'gamma': 0.2197498106727881, 'num_boost_round': 879}. Best is trial 73 with value: 0.7467776361142529.
# [I 2024-01-27 22:55:02,641] Trial 75 finished with value: 0.7453041180388105 and parameters: {'max_depth': 13, 'learning_rate': 0.16000466177971093, 'subsample': 0.8201658496620612, 'colsample_bytree': 0.8273571110954514, 'reg_alpha': 0.0002798202057371751, 'reg_lambda': 0.0010991049894906392, 'min_child_weight': 8, 'gamma': 0.28248432627865777, 'num_boost_round': 817}. Best is trial 73 with value: 0.7467776361142529.
# [I 2024-01-27 22:55:40,592] Trial 76 finished with value: 0.7452158607613317 and parameters: {'max_depth': 14, 'learning_rate': 0.14736857919793592, 'subsample': 0.7861437569747628, 'colsample_bytree': 0.8916479259064463, 'reg_alpha': 0.0014626300125410196, 'reg_lambda': 0.0013109190229749694, 'min_child_weight': 12, 'gamma': 0.33332899349915757, 'num_boost_round': 825}. Best is trial 73 with value: 0.7467776361142529.
# [I 2024-01-27 22:56:59,989] Trial 77 finished with value: 0.7462672800464321 and parameters: {'max_depth': 17, 'learning_rate': 0.07341188930357147, 'subsample': 0.8151082217593209, 'colsample_bytree': 0.7816027526765414, 'reg_alpha': 0.000382240129280473, 'reg_lambda': 0.010274059773973917, 'min_child_weight': 9, 'gamma': 0.23376550246718952, 'num_boost_round': 874}. Best is trial 73 with value: 0.7467776361142529.
# [I 2024-01-27 22:58:09,578] Trial 78 finished with value: 0.7448052781367425 and parameters: {'max_depth': 13, 'learning_rate': 0.06457678266398147, 'subsample': 0.7871550860992269, 'colsample_bytree': 0.8593527249623989, 'reg_alpha': 0.0005942477433974767, 'reg_lambda': 0.022003981875287782, 'min_child_weight': 8, 'gamma': 0.2673367585124192, 'num_boost_round': 687}. Best is trial 73 with value: 0.7467776361142529.
# [I 2024-01-27 22:59:11,733] Trial 79 finished with value: 0.7454154019052102 and parameters: {'max_depth': 15, 'learning_rate': 0.12976043011500707, 'subsample': 0.8439806378607893, 'colsample_bytree': 0.8046924868627057, 'reg_alpha': 0.003808866230175586, 'reg_lambda': 0.002010220033004702, 'min_child_weight': 10, 'gamma': 0.23766791811397198, 'num_boost_round': 740}. Best is trial 73 with value: 0.7467776361142529.
# [I 2024-01-27 23:00:38,646] Trial 80 finished with value: 0.7447592214986254 and parameters: {'max_depth': 13, 'learning_rate': 0.09613141271087099, 'subsample': 0.9121543986829815, 'colsample_bytree': 0.8509887780676071, 'reg_alpha': 0.00039361800983235367, 'reg_lambda': 0.0020854894247805634, 'min_child_weight': 11, 'gamma': 0.3619507701284801, 'num_boost_round': 805}. Best is trial 73 with value: 0.7467776361142529.
# [I 2024-01-27 23:02:36,249] Trial 81 finished with value: 0.7449357350228628 and parameters: {'max_depth': 14, 'learning_rate': 0.06681624414403946, 'subsample': 0.8281130384677999, 'colsample_bytree': 0.876807561214118, 'reg_alpha': 0.002320134775570409, 'reg_lambda': 0.00042462265064902624, 'min_child_weight': 13, 'gamma': 0.32039146562534426, 'num_boost_round': 752}. Best is trial 73 with value: 0.7467776361142529.
# [I 2024-01-27 23:04:04,987] Trial 82 finished with value: 0.7461061120352175 and parameters: {'max_depth': 15, 'learning_rate': 0.13434148146616626, 'subsample': 0.7887705412675816, 'colsample_bytree': 0.8028330535497828, 'reg_alpha': 0.00021627828469679593, 'reg_lambda': 0.008987410278174776, 'min_child_weight': 9, 'gamma': 0.2683025361679121, 'num_boost_round': 730}. Best is trial 73 with value: 0.7467776361142529.
# [I 2024-01-27 23:05:15,548] Trial 83 finished with value: 0.7457761057594552 and parameters: {'max_depth': 13, 'learning_rate': 0.14110811326741035, 'subsample': 0.8106167648201422, 'colsample_bytree': 0.785543037689244, 'reg_alpha': 0.0002460764574519026, 'reg_lambda': 0.0023701973851991305, 'min_child_weight': 9, 'gamma': 0.3271236628607004, 'num_boost_round': 877}. Best is trial 73 with value: 0.7467776361142529.
# [I 2024-01-27 23:07:57,197] Trial 84 finished with value: 0.7441567788060555 and parameters: {'max_depth': 15, 'learning_rate': 0.04353248570926045, 'subsample': 0.7923018773050563, 'colsample_bytree': 0.7596859868764251, 'reg_alpha': 0.00013222948527241495, 'reg_lambda': 0.0034295418769622996, 'min_child_weight': 12, 'gamma': 0.22203057850861763, 'num_boost_round': 692}. Best is trial 73 with value: 0.7467776361142529.
# [I 2024-01-27 23:09:34,855] Trial 85 finished with value: 0.7464783305091348 and parameters: {'max_depth': 16, 'learning_rate': 0.10618908702487913, 'subsample': 0.8484467562144616, 'colsample_bytree': 0.7211378110806573, 'reg_alpha': 0.0009011892247886285, 'reg_lambda': 0.05518393757218245, 'min_child_weight': 10, 'gamma': 0.32876479439092204, 'num_boost_round': 676}. Best is trial 73 with value: 0.7467776361142529.
# [I 2024-01-27 23:11:33,440] Trial 86 finished with value: 0.742180573296422 and parameters: {'max_depth': 10, 'learning_rate': 0.04950842869677259, 'subsample': 0.8382537078667899, 'colsample_bytree': 0.7187242397674436, 'reg_alpha': 0.0006430772300278778, 'reg_lambda': 0.01948779941300162, 'min_child_weight': 12, 'gamma': 0.1853917596446677, 'num_boost_round': 876}. Best is trial 73 with value: 0.7467776361142529.
# [I 2024-01-27 23:13:21,547] Trial 87 finished with value: 0.7463248410706399 and parameters: {'max_depth': 15, 'learning_rate': 0.09758473415695909, 'subsample': 0.8409084662738137, 'colsample_bytree': 0.8132505291533378, 'reg_alpha': 0.0005129766309031195, 'reg_lambda': 0.03149739692791368, 'min_child_weight': 9, 'gamma': 0.2901807954002583, 'num_boost_round': 733}. Best is trial 73 with value: 0.7467776361142529.
# [I 2024-01-27 23:15:38,388] Trial 88 finished with value: 0.7442718985721621 and parameters: {'max_depth': 15, 'learning_rate': 0.05334433042206908, 'subsample': 0.8246049831861781, 'colsample_bytree': 0.8075460120298112, 'reg_alpha': 0.0019067496799567228, 'reg_lambda': 0.0015406839973930713, 'min_child_weight': 9, 'gamma': 0.37417268252508706, 'num_boost_round': 1000}. Best is trial 73 with value: 0.7467776361142529.
# [I 2024-01-27 23:16:56,512] Trial 89 finished with value: 0.7454038958994158 and parameters: {'max_depth': 13, 'learning_rate': 0.11602069118869378, 'subsample': 0.8536170955838037, 'colsample_bytree': 0.7135983994388602, 'reg_alpha': 6.564002831112558e-05, 'reg_lambda': 0.05125074378367841, 'min_child_weight': 9, 'gamma': 0.17779640175164585, 'num_boost_round': 944}. Best is trial 73 with value: 0.7467776361142529.
# [I 2024-01-27 23:18:44,580] Trial 90 finished with value: 0.7446479428594508 and parameters: {'max_depth': 17, 'learning_rate': 0.09084429130991481, 'subsample': 0.854125582481115, 'colsample_bytree': 0.8292743322593821, 'reg_alpha': 0.0007454269987613307, 'reg_lambda': 0.16909788106403795, 'min_child_weight': 12, 'gamma': 0.2907956653297177, 'num_boost_round': 748}. Best is trial 73 with value: 0.7467776361142529.
# [I 2024-01-27 23:19:48,324] Trial 91 finished with value: 0.7452503993195008 and parameters: {'max_depth': 15, 'learning_rate': 0.1846161111081962, 'subsample': 0.9077679774973272, 'colsample_bytree': 0.7852868507927355, 'reg_alpha': 0.0013666927802715187, 'reg_lambda': 0.17950461755794234, 'min_child_weight': 8, 'gamma': 0.2721835157721743, 'num_boost_round': 699}. Best is trial 73 with value: 0.7467776361142529.
# [I 2024-01-27 23:21:16,773] Trial 92 finished with value: 0.7444867809589361 and parameters: {'max_depth': 12, 'learning_rate': 0.08370823287545763, 'subsample': 0.8317766934965352, 'colsample_bytree': 0.7679439201778279, 'reg_alpha': 0.0005071879180503448, 'reg_lambda': 0.05329490059520306, 'min_child_weight': 10, 'gamma': 0.23987711197245887, 'num_boost_round': 757}. Best is trial 73 with value: 0.7467776361142529.
# [I 2024-01-27 23:23:43,238] Trial 93 finished with value: 0.7459909902812928 and parameters: {'max_depth': 17, 'learning_rate': 0.05724960637453437, 'subsample': 0.8050956638949834, 'colsample_bytree': 0.7175493980720918, 'reg_alpha': 0.0014082252645708931, 'reg_lambda': 0.0007742082813490916, 'min_child_weight': 7, 'gamma': 0.3446411379570856, 'num_boost_round': 701}. Best is trial 73 with value: 0.7467776361142529.
# [I 2024-01-27 23:24:51,377] Trial 94 finished with value: 0.7453501684189823 and parameters: {'max_depth': 16, 'learning_rate': 0.14710930625638086, 'subsample': 0.7561342140735791, 'colsample_bytree': 0.7002829839924201, 'reg_alpha': 3.773977034014152e-05, 'reg_lambda': 0.0237044028625805, 'min_child_weight': 13, 'gamma': 0.2791981907347612, 'num_boost_round': 781}. Best is trial 73 with value: 0.7467776361142529.
# [I 2024-01-27 23:26:32,179] Trial 95 finished with value: 0.7461099564015565 and parameters: {'max_depth': 17, 'learning_rate': 0.10551156888520756, 'subsample': 0.7925493203685217, 'colsample_bytree': 0.7111997463273205, 'reg_alpha': 0.001173920569309059, 'reg_lambda': 0.10076589629635299, 'min_child_weight': 10, 'gamma': 0.35731063735810553, 'num_boost_round': 685}. Best is trial 73 with value: 0.7467776361142529.
# [I 2024-01-27 23:27:51,570] Trial 96 finished with value: 0.7464821680285454 and parameters: {'max_depth': 12, 'learning_rate': 0.10783073662547868, 'subsample': 0.8254646597226531, 'colsample_bytree': 0.7365674364458886, 'reg_alpha': 0.0014424420647900114, 'reg_lambda': 0.09276639114468592, 'min_child_weight': 10, 'gamma': 0.3669478259851947, 'num_boost_round': 771}. Best is trial 73 with value: 0.7467776361142529.
# [I 2024-01-27 23:30:09,693] Trial 97 finished with value: 0.7459027380837931 and parameters: {'max_depth': 17, 'learning_rate': 0.056221911330145515, 'subsample': 0.8659537781267952, 'colsample_bytree': 0.7160108836593073, 'reg_alpha': 0.0003207073421327266, 'reg_lambda': 0.022299736666747397, 'min_child_weight': 8, 'gamma': 0.3747323378494658, 'num_boost_round': 448}. Best is trial 73 with value: 0.7467776361142529.
# [I 2024-01-27 23:31:49,889] Trial 98 finished with value: 0.7457454100215445 and parameters: {'max_depth': 16, 'learning_rate': 0.09613957533886301, 'subsample': 0.8282035982084796, 'colsample_bytree': 0.7226125052451777, 'reg_alpha': 5.585137419851676e-05, 'reg_lambda': 0.004890806631261984, 'min_child_weight': 12, 'gamma': 0.260127860837295, 'num_boost_round': 634}. Best is trial 73 with value: 0.7467776361142529.
# [I 2024-01-27 23:32:42,079] Trial 99 finished with value: 0.7445443335901348 and parameters: {'max_depth': 12, 'learning_rate': 0.17998763034072202, 'subsample': 0.8421122323115969, 'colsample_bytree': 0.7873943059220556, 'reg_alpha': 0.00770720324793691, 'reg_lambda': 0.020179074018701504, 'min_child_weight': 9, 'gamma': 0.3903980844102416, 'num_boost_round': 829}. Best is trial 73 with value: 0.7467776361142529.


