2024-01-28 20:07:10.417134: I tensorflow/core/util/port.cc:113] oneDNN custom operations are on. You may see slightly different numerical results due to floating-point round-off errors from different computation orders. To turn them off, set the environment variable `TF_ENABLE_ONEDNN_OPTS=0`.
# 2024-01-28 20:07:10.604616: E external/local_xla/xla/stream_executor/cuda/cuda_dnn.cc:9261] Unable to register cuDNN factory: Attempting to register factory for plugin cuDNN when one has already been registered
# 2024-01-28 20:07:10.604738: E external/local_xla/xla/stream_executor/cuda/cuda_fft.cc:607] Unable to register cuFFT factory: Attempting to register factory for plugin cuFFT when one has already been registered
# 2024-01-28 20:07:10.627219: E external/local_xla/xla/stream_executor/cuda/cuda_blas.cc:1515] Unable to register cuBLAS factory: Attempting to register factory for plugin cuBLAS when one has already been registered
# 2024-01-28 20:07:10.695047: I tensorflow/core/platform/cpu_feature_guard.cc:182] This TensorFlow binary is optimized to use available CPU instructions in performance-critical operations.
# To enable the following instructions: AVX2 AVX512F AVX512_VNNI AVX512_BF16 FMA, in other operations, rebuild TensorFlow with the appropriate compiler flags.
# 2024-01-28 20:07:11.578680: W tensorflow/compiler/tf2tensorrt/utils/py_utils.cc:38] TF-TRT Warning: Could not find TensorRT
# 34
# New features:
#  ['land_surface_condition_n', 'land_surface_condition_o', 'foundation_type_h', 'foundation_type_r', 'foundation_type_u', 'roof_type_n', 'roof_type_q', 'roof_type_x', 'ground_floor_type_f', 'ground_floor_type_v', 'ground_floor_type_x', 'other_floor_type_q', 'position_s', 'plan_configuration_u']
# 27
# Number of missing values in train_X: 0
# Number of missing values in train_Y: 0
# Number of missing values in test_values: 0
# Number of missing values in train_X: 0
# Number of missing values in train_Y: 0
# Number of missing values in test_values: 0
# [I 2024-01-28 20:07:15,086] A new study created in memory with name: no-name-312c4282-5ad7-4b5c-a2c7-4914023a5ff2
# [I 2024-01-28 20:07:32,598] Trial 0 finished with value: 0.7247285146007342 and parameters: {'max_depth': 18, 'learning_rate': 0.007176716566623935, 'subsample': 0.745129818210536, 'colsample_bytree': 0.9808601297343851, 'reg_alpha': 0.027777280550059125, 'reg_lambda': 0.19496882256751022, 'min_child_weight': 20, 'gamma': 0.13808030982657654, 'num_boost_round': 560}. Best is trial 0 with value: 0.7247285146007342.
# [I 2024-01-28 20:08:22,070] Trial 1 finished with value: 0.7336181425154449 and parameters: {'max_depth': 14, 'learning_rate': 0.020094513853132327, 'subsample': 0.8306871956187885, 'colsample_bytree': 0.9078521927581822, 'reg_alpha': 0.0035303474321846384, 'reg_lambda': 0.01591348396286786, 'min_child_weight': 6, 'gamma': 0.2536307022090547, 'num_boost_round': 614}. Best is trial 1 with value: 0.7336181425154449.
# [I 2024-01-28 20:08:57,948] Trial 2 finished with value: 0.7397065783246568 and parameters: {'max_depth': 14, 'learning_rate': 0.06446823059426308, 'subsample': 0.8941417163013202, 'colsample_bytree': 0.9167268549422605, 'reg_alpha': 0.000687011613903676, 'reg_lambda': 0.00011195720551338815, 'min_child_weight': 14, 'gamma': 0.2417876463734283, 'num_boost_round': 598}. Best is trial 2 with value: 0.7397065783246568.
# [I 2024-01-28 20:09:42,974] Trial 3 finished with value: 0.7318657985955668 and parameters: {'max_depth': 13, 'learning_rate': 0.019712236860906993, 'subsample': 0.9070961125614032, 'colsample_bytree': 0.9085787093902048, 'reg_alpha': 0.0003042441410564812, 'reg_lambda': 0.03800884853029931, 'min_child_weight': 4, 'gamma': 0.22460095422548493, 'num_boost_round': 768}. Best is trial 2 with value: 0.7397065783246568.
# [I 2024-01-28 20:09:58,850] Trial 4 finished with value: 0.7366879420831148 and parameters: {'max_depth': 16, 'learning_rate': 0.09574353026064104, 'subsample': 0.820377309628775, 'colsample_bytree': 0.8372753372676769, 'reg_alpha': 0.0019463609580855465, 'reg_lambda': 0.0016356335129890265, 'min_child_weight': 11, 'gamma': 0.2928347983189743, 'num_boost_round': 652}. Best is trial 2 with value: 0.7397065783246568.
# [I 2024-01-28 20:10:37,171] Trial 5 finished with value: 0.7344879190596181 and parameters: {'max_depth': 12, 'learning_rate': 0.030274421615217074, 'subsample': 0.9261887401911273, 'colsample_bytree': 0.8816196143502038, 'reg_alpha': 0.4238118459091925, 'reg_lambda': 0.0028115732245204477, 'min_child_weight': 10, 'gamma': 0.14284621952015158, 'num_boost_round': 588}. Best is trial 2 with value: 0.7397065783246568.
# [I 2024-01-28 20:11:13,479] Trial 6 finished with value: 0.7358437472020056 and parameters: {'max_depth': 12, 'learning_rate': 0.038415331869170295, 'subsample': 0.9539127137065075, 'colsample_bytree': 0.8369044919108348, 'reg_alpha': 0.00012258843494549314, 'reg_lambda': 3.952109136898258e-05, 'min_child_weight': 17, 'gamma': 0.24244811870923164, 'num_boost_round': 562}. Best is trial 2 with value: 0.7397065783246568.
# [I 2024-01-28 20:11:46,092] Trial 7 finished with value: 0.7394379708624857 and parameters: {'max_depth': 15, 'learning_rate': 0.05547931956388284, 'subsample': 0.8545809956400356, 'colsample_bytree': 0.8039187239699859, 'reg_alpha': 0.0011607267588513422, 'reg_lambda': 0.0036783183353629022, 'min_child_weight': 12, 'gamma': 0.29627986076620455, 'num_boost_round': 731}. Best is trial 2 with value: 0.7397065783246568.
# [I 2024-01-28 20:12:48,328] Trial 8 finished with value: 0.7382484235300137 and parameters: {'max_depth': 15, 'learning_rate': 0.02404328879728239, 'subsample': 0.8378932287525325, 'colsample_bytree': 0.8417292340476573, 'reg_alpha': 7.478919891507308e-05, 'reg_lambda': 0.00016947282674924789, 'min_child_weight': 14, 'gamma': 0.14947977417151503, 'num_boost_round': 582}. Best is trial 2 with value: 0.7397065783246568.
# [I 2024-01-28 20:13:08,086] Trial 9 finished with value: 0.7189726404113531 and parameters: {'max_depth': 7, 'learning_rate': 0.028793397375142124, 'subsample': 0.8865869068916228, 'colsample_bytree': 0.886039778196105, 'reg_alpha': 2.775459809130487e-06, 'reg_lambda': 0.015847494224644754, 'min_child_weight': 11, 'gamma': 0.3247031652971728, 'num_boost_round': 642}. Best is trial 2 with value: 0.7397065783246568.
# [I 2024-01-28 20:13:56,976] Trial 10 finished with value: 0.736930967882222 and parameters: {'max_depth': 13, 'learning_rate': 0.026241071264718363, 'subsample': 0.75741819638588, 'colsample_bytree': 0.8502169625422707, 'reg_alpha': 0.0051313767029064206, 'reg_lambda': 0.0009644991183217441, 'min_child_weight': 12, 'gamma': 0.1365136915415735, 'num_boost_round': 734}. Best is trial 2 with value: 0.7397065783246568.
# [I 2024-01-28 20:14:15,683] Trial 11 finished with value: 0.7369565495452859 and parameters: {'max_depth': 10, 'learning_rate': 0.07551533357012702, 'subsample': 0.8405989016806775, 'colsample_bytree': 0.8330398418157894, 'reg_alpha': 0.008532715631337229, 'reg_lambda': 0.0001011882086064625, 'min_child_weight': 6, 'gamma': 0.1408441097842782, 'num_boost_round': 681}. Best is trial 2 with value: 0.7397065783246568.
# [I 2024-01-28 20:14:31,499] Trial 12 finished with value: 0.7361890996533684 and parameters: {'max_depth': 12, 'learning_rate': 0.08927728311855666, 'subsample': 0.8417407415204411, 'colsample_bytree': 0.8988740387622968, 'reg_alpha': 0.00015602478373330067, 'reg_lambda': 1.4730884101625784e-05, 'min_child_weight': 15, 'gamma': 0.28860406802446226, 'num_boost_round': 605}. Best is trial 2 with value: 0.7397065783246568.
# [I 2024-01-28 20:15:06,745] Trial 13 finished with value: 0.7294355406044948 and parameters: {'max_depth': 12, 'learning_rate': 0.02164673221571031, 'subsample': 0.906243757356448, 'colsample_bytree': 0.9444293935009483, 'reg_alpha': 0.0013098766351408082, 'reg_lambda': 0.00630866971923666, 'min_child_weight': 9, 'gamma': 0.2938931800066239, 'num_boost_round': 697}. Best is trial 2 with value: 0.7397065783246568.
# [I 2024-01-28 20:15:50,075] Trial 14 finished with value: 0.7339890766298718 and parameters: {'max_depth': 14, 'learning_rate': 0.02259530941110354, 'subsample': 0.8035974120922142, 'colsample_bytree': 0.8702041453365511, 'reg_alpha': 0.0038769813971276735, 'reg_lambda': 0.030818619383979937, 'min_child_weight': 9, 'gamma': 0.24637581704289152, 'num_boost_round': 629}. Best is trial 2 with value: 0.7397065783246568.
# [I 2024-01-28 20:16:44,316] Trial 15 finished with value: 0.7386961026336323 and parameters: {'max_depth': 18, 'learning_rate': 0.027288867749308384, 'subsample': 0.8704231313575441, 'colsample_bytree': 0.8402653712738302, 'reg_alpha': 0.0010172848795399754, 'reg_lambda': 0.011580199153003679, 'min_child_weight': 12, 'gamma': 0.27892597891621335, 'num_boost_round': 569}. Best is trial 2 with value: 0.7397065783246568.
# [I 2024-01-28 20:16:59,957] Trial 16 finished with value: 0.7326460393190162 and parameters: {'max_depth': 14, 'learning_rate': 0.06368123654413103, 'subsample': 0.844189367000227, 'colsample_bytree': 0.8011108701222752, 'reg_alpha': 4.1422151915388056e-05, 'reg_lambda': 0.0009052769712455849, 'min_child_weight': 12, 'gamma': 0.14639191773790394, 'num_boost_round': 645}. Best is trial 2 with value: 0.7397065783246568.
# [I 2024-01-28 20:17:25,131] Trial 17 finished with value: 0.7376216727849477 and parameters: {'max_depth': 16, 'learning_rate': 0.07414220941197022, 'subsample': 0.9194441206077058, 'colsample_bytree': 0.8930208202226453, 'reg_alpha': 0.0028091116515826567, 'reg_lambda': 1.4030696886582962e-05, 'min_child_weight': 19, 'gamma': 0.3405841967721617, 'num_boost_round': 626}. Best is trial 2 with value: 0.7397065783246568.
# [I 2024-01-28 20:18:02,039] Trial 18 finished with value: 0.7367391054092427 and parameters: {'max_depth': 18, 'learning_rate': 0.030059905058345885, 'subsample': 0.8709531197754353, 'colsample_bytree': 0.8182717988471397, 'reg_alpha': 0.01244883696361597, 'reg_lambda': 0.00027107590162545124, 'min_child_weight': 16, 'gamma': 0.15222647764709932, 'num_boost_round': 841}. Best is trial 2 with value: 0.7397065783246568.
# [I 2024-01-28 20:18:39,212] Trial 19 finished with value: 0.7349611798263005 and parameters: {'max_depth': 13, 'learning_rate': 0.032352200559197374, 'subsample': 0.7923946194198943, 'colsample_bytree': 0.93829760014382, 'reg_alpha': 0.013658236268151876, 'reg_lambda': 0.0030309842036893393, 'min_child_weight': 16, 'gamma': 0.15721001033090048, 'num_boost_round': 664}. Best is trial 2 with value: 0.7397065783246568.
# [I 2024-01-28 20:18:58,427] Trial 20 finished with value: 0.7398984407976363 and parameters: {'max_depth': 15, 'learning_rate': 0.13898829811580257, 'subsample': 0.8621427394786444, 'colsample_bytree': 0.8486782399346747, 'reg_alpha': 2.362593089442652e-05, 'reg_lambda': 0.00018554888520539667, 'min_child_weight': 15, 'gamma': 0.27905201068181423, 'num_boost_round': 663}. Best is trial 20 with value: 0.7398984407976363.
# [I 2024-01-28 20:19:30,431] Trial 21 finished with value: 0.738760056791292 and parameters: {'max_depth': 19, 'learning_rate': 0.060326135239977305, 'subsample': 0.8837954981293594, 'colsample_bytree': 0.8586783486008851, 'reg_alpha': 0.003831459310219721, 'reg_lambda': 0.0064239884809014006, 'min_child_weight': 17, 'gamma': 0.24348751309085212, 'num_boost_round': 505}. Best is trial 20 with value: 0.7398984407976363.
# [I 2024-01-28 20:19:44,604] Trial 22 finished with value: 0.7374681828065642 and parameters: {'max_depth': 18, 'learning_rate': 0.14516067972792154, 'subsample': 0.8605524503039477, 'colsample_bytree': 0.8706921945627611, 'reg_alpha': 0.002126722996085579, 'reg_lambda': 6.515456588497505e-05, 'min_child_weight': 18, 'gamma': 0.3061231988195411, 'num_boost_round': 664}. Best is trial 20 with value: 0.7398984407976363.
# [I 2024-01-28 20:19:49,476] Trial 23 finished with value: 0.7204691677005922 and parameters: {'max_depth': 15, 'learning_rate': 0.016640558646303715, 'subsample': 0.8976491526132835, 'colsample_bytree': 0.8299603688203443, 'reg_alpha': 0.00012836210954657404, 'reg_lambda': 0.0009570269242854165, 'min_child_weight': 13, 'gamma': 0.2803819376104164, 'num_boost_round': 552}. Best is trial 20 with value: 0.7398984407976363.
# [I 2024-01-28 20:20:31,858] Trial 24 finished with value: 0.7362914263056242 and parameters: {'max_depth': 12, 'learning_rate': 0.03070691667538292, 'subsample': 0.8188140689528816, 'colsample_bytree': 0.8889375232427215, 'reg_alpha': 7.909218171379117e-05, 'reg_lambda': 0.00019424325556966502, 'min_child_weight': 13, 'gamma': 0.18838510694243, 'num_boost_round': 620}. Best is trial 20 with value: 0.7398984407976363.
# [I 2024-01-28 20:21:14,645] Trial 25 finished with value: 0.7383763318453332 and parameters: {'max_depth': 15, 'learning_rate': 0.03277899862372587, 'subsample': 0.8763440405372074, 'colsample_bytree': 0.7726918050349639, 'reg_alpha': 0.00040941346142366064, 'reg_lambda': 0.00012684306801473918, 'min_child_weight': 12, 'gamma': 0.40654597717681334, 'num_boost_round': 596}. Best is trial 20 with value: 0.7398984407976363.
# [I 2024-01-28 20:22:07,360] Trial 26 finished with value: 0.736317007968688 and parameters: {'max_depth': 15, 'learning_rate': 0.020455721041016426, 'subsample': 0.8909140891119717, 'colsample_bytree': 0.8450033152240383, 'reg_alpha': 0.002467480466086367, 'reg_lambda': 0.0023503484988224104, 'min_child_weight': 15, 'gamma': 0.416489316856283, 'num_boost_round': 714}. Best is trial 20 with value: 0.7398984407976363.
# [I 2024-01-28 20:22:36,288] Trial 27 finished with value: 0.7385426126552488 and parameters: {'max_depth': 16, 'learning_rate': 0.05708977371645823, 'subsample': 0.8351379830839936, 'colsample_bytree': 0.8673399135624036, 'reg_alpha': 4.449867210644786e-05, 'reg_lambda': 0.00021931611132232622, 'min_child_weight': 11, 'gamma': 0.2854891186781728, 'num_boost_round': 618}. Best is trial 20 with value: 0.7398984407976363.
# [I 2024-01-28 20:23:00,787] Trial 28 finished with value: 0.7349100165001727 and parameters: {'max_depth': 13, 'learning_rate': 0.05202525951565121, 'subsample': 0.8674026945402125, 'colsample_bytree': 0.8342300999371717, 'reg_alpha': 0.0001693765022497696, 'reg_lambda': 0.0003291166575281993, 'min_child_weight': 10, 'gamma': 0.2740692008239925, 'num_boost_round': 584}. Best is trial 20 with value: 0.7398984407976363.
# [I 2024-01-28 20:23:46,314] Trial 29 finished with value: 0.7377112086056714 and parameters: {'max_depth': 17, 'learning_rate': 0.025198408585131154, 'subsample': 0.8486428650475322, 'colsample_bytree': 0.8113293159590012, 'reg_alpha': 0.000845029811185065, 'reg_lambda': 0.00018128029106838302, 'min_child_weight': 12, 'gamma': 0.26925993944710647, 'num_boost_round': 609}. Best is trial 20 with value: 0.7398984407976363.
# [I 2024-01-28 20:24:15,132] Trial 30 finished with value: 0.7377495811002673 and parameters: {'max_depth': 19, 'learning_rate': 0.04728559535329746, 'subsample': 0.8763461897713125, 'colsample_bytree': 0.9197233066716108, 'reg_alpha': 0.00012159441878837231, 'reg_lambda': 0.0020593347767120396, 'min_child_weight': 12, 'gamma': 0.43263415351762113, 'num_boost_round': 693}. Best is trial 20 with value: 0.7398984407976363.
# [I 2024-01-28 20:24:42,938] Trial 31 finished with value: 0.7401798390913393 and parameters: {'max_depth': 13, 'learning_rate': 0.06399046740732188, 'subsample': 0.945670948202838, 'colsample_bytree': 0.8040895683625671, 'reg_alpha': 0.000604499951056913, 'reg_lambda': 0.0029989143741818193, 'min_child_weight': 13, 'gamma': 0.2867005241464392, 'num_boost_round': 636}. Best is trial 31 with value: 0.7401798390913393.
# [I 2024-01-28 20:24:58,254] Trial 32 finished with value: 0.7377367902687353 and parameters: {'max_depth': 18, 'learning_rate': 0.11453571451831221, 'subsample': 0.8631811859523727, 'colsample_bytree': 0.8414191739551726, 'reg_alpha': 2.2508189307439867e-05, 'reg_lambda': 0.0001551091229429025, 'min_child_weight': 10, 'gamma': 0.3526731647883335, 'num_boost_round': 612}. Best is trial 31 with value: 0.7401798390913393.
# [I 2024-01-28 20:25:36,309] Trial 33 finished with value: 0.7391565725687828 and parameters: {'max_depth': 17, 'learning_rate': 0.041696389296855145, 'subsample': 0.8943345009530985, 'colsample_bytree': 0.8376255792965009, 'reg_alpha': 0.004605856087276848, 'reg_lambda': 0.0002568637725897035, 'min_child_weight': 16, 'gamma': 0.44542604582927997, 'num_boost_round': 416}. Best is trial 31 with value: 0.7401798390913393.
# [I 2024-01-28 20:26:04,341] Trial 34 finished with value: 0.736943758713754 and parameters: {'max_depth': 17, 'learning_rate': 0.04324226875023512, 'subsample': 0.8410077781162486, 'colsample_bytree': 0.8499569103590279, 'reg_alpha': 0.011709282620995515, 'reg_lambda': 0.0017228807387611373, 'min_child_weight': 13, 'gamma': 0.2230823486196442, 'num_boost_round': 545}. Best is trial 31 with value: 0.7401798390913393.
# [I 2024-01-28 20:26:31,466] Trial 35 finished with value: 0.7342576840920428 and parameters: {'max_depth': 13, 'learning_rate': 0.03335176795544705, 'subsample': 0.944217972102539, 'colsample_bytree': 0.8346525317250486, 'reg_alpha': 0.00011092213639488999, 'reg_lambda': 9.443144742147523e-05, 'min_child_weight': 14, 'gamma': 0.2821218023338777, 'num_boost_round': 585}. Best is trial 31 with value: 0.7401798390913393.
# [I 2024-01-28 20:27:15,208] Trial 36 finished with value: 0.7364065437894117 and parameters: {'max_depth': 16, 'learning_rate': 0.02781750774848377, 'subsample': 0.8375695785278382, 'colsample_bytree': 0.8638336566517677, 'reg_alpha': 0.001253020907294886, 'reg_lambda': 0.0006570212295239461, 'min_child_weight': 13, 'gamma': 0.39431529219843664, 'num_boost_round': 511}. Best is trial 31 with value: 0.7401798390913393.
# [I 2024-01-28 20:27:49,254] Trial 37 finished with value: 0.7389775009273353 and parameters: {'max_depth': 13, 'learning_rate': 0.04680324625612024, 'subsample': 0.8535280243020953, 'colsample_bytree': 0.8211250016359722, 'reg_alpha': 0.00042263786520651034, 'reg_lambda': 0.0142723999780063, 'min_child_weight': 12, 'gamma': 0.2680561790722085, 'num_boost_round': 550}. Best is trial 31 with value: 0.7401798390913393.
# [I 2024-01-28 20:28:42,769] Trial 38 finished with value: 0.7365856154308592 and parameters: {'max_depth': 16, 'learning_rate': 0.019852187218576494, 'subsample': 0.9184989300746321, 'colsample_bytree': 0.8134521331450412, 'reg_alpha': 0.0005070581151358847, 'reg_lambda': 0.0024725353855963006, 'min_child_weight': 14, 'gamma': 0.20426230961351743, 'num_boost_round': 583}. Best is trial 31 with value: 0.7401798390913393.
# [I 2024-01-28 20:29:34,127] Trial 39 finished with value: 0.7333495350532738 and parameters: {'max_depth': 15, 'learning_rate': 0.016992317105710347, 'subsample': 0.9388346694290317, 'colsample_bytree': 0.915866048570536, 'reg_alpha': 0.024656840111784463, 'reg_lambda': 0.01823994572565351, 'min_child_weight': 15, 'gamma': 0.3726754141317747, 'num_boost_round': 661}. Best is trial 31 with value: 0.7401798390913393.
# [I 2024-01-28 20:30:22,148] Trial 40 finished with value: 0.7403461199012548 and parameters: {'max_depth': 18, 'learning_rate': 0.03894650695632271, 'subsample': 0.845255799397075, 'colsample_bytree': 0.8262047308121397, 'reg_alpha': 0.00010877082152035756, 'reg_lambda': 0.004843354468185792, 'min_child_weight': 13, 'gamma': 0.23246286970665334, 'num_boost_round': 563}. Best is trial 40 with value: 0.7403461199012548.
# [I 2024-01-28 20:30:48,067] Trial 41 finished with value: 0.736623987925455 and parameters: {'max_depth': 17, 'learning_rate': 0.0485269321557907, 'subsample': 0.9108599762647265, 'colsample_bytree': 0.7885977015881526, 'reg_alpha': 0.0015975893213245104, 'reg_lambda': 0.01085197207016298, 'min_child_weight': 17, 'gamma': 0.32500652009720427, 'num_boost_round': 502}. Best is trial 40 with value: 0.7403461199012548.
# [I 2024-01-28 20:31:16,085] Trial 42 finished with value: 0.7379670252363106 and parameters: {'max_depth': 18, 'learning_rate': 0.04548986849658782, 'subsample': 0.8240893693328244, 'colsample_bytree': 0.7646703259150016, 'reg_alpha': 0.00015981854013136134, 'reg_lambda': 0.009987523327996966, 'min_child_weight': 9, 'gamma': 0.16344134293789903, 'num_boost_round': 531}. Best is trial 40 with value: 0.7403461199012548.
# [I 2024-01-28 20:32:14,341] Trial 43 finished with value: 0.7355751397398345 and parameters: {'max_depth': 17, 'learning_rate': 0.013559746304721409, 'subsample': 0.9329509405169456, 'colsample_bytree': 0.8036935131046397, 'reg_alpha': 5.8530946552097123e-05, 'reg_lambda': 0.20238648447931032, 'min_child_weight': 17, 'gamma': 0.18408958006114054, 'num_boost_round': 674}. Best is trial 40 with value: 0.7403461199012548.
# [I 2024-01-28 20:32:49,648] Trial 44 finished with value: 0.7397193691561889 and parameters: {'max_depth': 16, 'learning_rate': 0.05499265620291287, 'subsample': 0.9121924049347557, 'colsample_bytree': 0.7746641400687394, 'reg_alpha': 0.0004913547886044479, 'reg_lambda': 0.009550364076899508, 'min_child_weight': 11, 'gamma': 0.24411086920723282, 'num_boost_round': 625}. Best is trial 40 with value: 0.7403461199012548.
# [I 2024-01-28 20:33:21,984] Trial 45 finished with value: 0.7386065668129085 and parameters: {'max_depth': 17, 'learning_rate': 0.04687900193891695, 'subsample': 0.8488658742921886, 'colsample_bytree': 0.853086942743871, 'reg_alpha': 0.00025468160185294317, 'reg_lambda': 0.004291065464527349, 'min_child_weight': 13, 'gamma': 0.3378510784675431, 'num_boost_round': 457}. Best is trial 40 with value: 0.7403461199012548.
# [I 2024-01-28 20:33:55,279] Trial 46 finished with value: 0.7371484120182653 and parameters: {'max_depth': 15, 'learning_rate': 0.03776673418428991, 'subsample': 0.9082686801638674, 'colsample_bytree': 0.8494857434174521, 'reg_alpha': 0.0019530355705709677, 'reg_lambda': 0.012162419299660247, 'min_child_weight': 13, 'gamma': 0.3855783831909996, 'num_boost_round': 547}. Best is trial 40 with value: 0.7403461199012548.
