# [I 2024-01-24 18:58:28,591] Trial 103 finished with value: 0.7485546175492453 and parameters: {'max_depth': 152, 'learning_rate': 0.04773230790372509, 'subsample': 0.9465666848520008, 'colsample_bytree': 0.7252229891189336, 'reg_alpha': 0.13570135190131977, 'reg_lambda': 0.018697168696691673, 'min_child_weight': 16, 'gamma': 0.28086459781835105, 'num_boost_round': 525}. Best is trial 92 with value: 0.749424405218726.
# [I 2024-01-24 18:58:45,289] Trial 104 finished with value: 0.7487336914811973 and parameters: {'max_depth': 161, 'learning_rate': 0.05237725582698619, 'subsample': 0.9527547290599959, 'colsample_bytree': 0.7084748192289089, 'reg_alpha': 0.7471397448272827, 'reg_lambda': 0.2597331575354376, 'min_child_weight': 15, 'gamma': 0.28882208095294576, 'num_boost_round': 507}. Best is trial 92 with value: 0.749424405218726.
# [I 2024-01-24 18:59:02,059] Trial 105 finished with value: 0.7471731900741878 and parameters: {'max_depth': 137, 'learning_rate': 0.04536304947373685, 'subsample': 0.923711823941981, 'colsample_bytree': 0.7219102481251093, 'reg_alpha': 0.12102493704778951, 'reg_lambda': 0.011516162037430519, 'min_child_weight': 20, 'gamma': 0.21960742602132885, 'num_boost_round': 480}. Best is trial 92 with value: 0.749424405218726.
# [I 2024-01-24 18:59:23,321] Trial 106 finished with value: 0.7474290099769763 and parameters: {'max_depth': 130, 'learning_rate': 0.038373400296750605, 'subsample': 0.9605295348758334, 'colsample_bytree': 0.7526961134196488, 'reg_alpha': 0.0046716903963618, 'reg_lambda': 0.035711561262083774, 'min_child_weight': 18, 'gamma': 0.27030497857193164, 'num_boost_round': 747}. Best is trial 92 with value: 0.749424405218726.
# [I 2024-01-24 18:59:38,773] Trial 107 finished with value: 0.747966231772832 and parameters: {'max_depth': 181, 'learning_rate': 0.05841829222521375, 'subsample': 0.9685268860978102, 'colsample_bytree': 0.7706856565002096, 'reg_alpha': 0.046929623293499166, 'reg_lambda': 0.07780359568023555, 'min_child_weight': 14, 'gamma': 0.2537508397674579, 'num_boost_round': 564}. Best is trial 92 with value: 0.749424405218726.
# [I 2024-01-24 18:59:57,299] Trial 108 finished with value: 0.7476592478894858 and parameters: {'max_depth': 237, 'learning_rate': 0.03498509586287161, 'subsample': 0.9517378031432063, 'colsample_bytree': 0.7145913951775564, 'reg_alpha': 0.2525141897814614, 'reg_lambda': 0.004263286806056864, 'min_child_weight': 19, 'gamma': 0.3121498371035038, 'num_boost_round': 576}. Best is trial 92 with value: 0.749424405218726.
# [I 2024-01-24 19:00:13,452] Trial 109 finished with value: 0.7482987976464569 and parameters: {'max_depth': 139, 'learning_rate': 0.07270064879966896, 'subsample': 0.9402600914073633, 'colsample_bytree': 0.7002516682130249, 'reg_alpha': 0.5266825303003175, 'reg_lambda': 0.15697304203682103, 'min_child_weight': 15, 'gamma': 0.03450734295389579, 'num_boost_round': 522}. Best is trial 92 with value: 0.749424405218726.
# [I 2024-01-24 19:00:33,911] Trial 110 finished with value: 0.7478383218214377 and parameters: {'max_depth': 151, 'learning_rate': 0.05100529101536593, 'subsample': 0.9152872228554771, 'colsample_bytree': 0.7331744301363561, 'reg_alpha': 0.010650052275745274, 'reg_lambda': 0.02438188599382681, 'min_child_weight': 17, 'gamma': 0.233956791102238, 'num_boost_round': 463}. Best is trial 92 with value: 0.749424405218726.
# [I 2024-01-24 19:00:53,463] Trial 111 finished with value: 0.7486057815298031 and parameters: {'max_depth': 185, 'learning_rate': 0.04325802157569677, 'subsample': 0.9575891483422292, 'colsample_bytree': 0.710902959720428, 'reg_alpha': 0.3559942838209988, 'reg_lambda': 0.28480377489732867, 'min_child_weight': 16, 'gamma': 0.327151527918696, 'num_boost_round': 552}. Best is trial 92 with value: 0.749424405218726.
# [I 2024-01-24 19:01:10,553] Trial 112 finished with value: 0.7485034535686876 and parameters: {'max_depth': 164, 'learning_rate': 0.05304922345571619, 'subsample': 0.9520347249533685, 'colsample_bytree': 0.7295106374786293, 'reg_alpha': 0.7456034563506622, 'reg_lambda': 0.01636015006042595, 'min_child_weight': 15, 'gamma': 0.2854321286839635, 'num_boost_round': 508}. Best is trial 92 with value: 0.749424405218726.
# [I 2024-01-24 19:01:26,766] Trial 113 finished with value: 0.74911742133538 and parameters: {'max_depth': 141, 'learning_rate': 0.05609036428409761, 'subsample': 0.9834050001531726, 'colsample_bytree': 0.7059090865415821, 'reg_alpha': 0.9688050403096609, 'reg_lambda': 0.43576578029168916, 'min_child_weight': 15, 'gamma': 0.30506737631605285, 'num_boost_round': 498}. Best is trial 92 with value: 0.749424405218726.
# [I 2024-01-24 19:01:42,890] Trial 114 finished with value: 0.7484267075978511 and parameters: {'max_depth': 146, 'learning_rate': 0.05776832358673035, 'subsample': 0.9673844014214361, 'colsample_bytree': 0.7059185604090851, 'reg_alpha': 0.001482388188915658, 'reg_lambda': 0.9041802466314618, 'min_child_weight': 16, 'gamma': 0.36069546289676035, 'num_boost_round': 491}. Best is trial 92 with value: 0.749424405218726.
# [I 2024-01-24 19:02:02,331] Trial 115 finished with value: 0.7488616014325915 and parameters: {'max_depth': 119, 'learning_rate': 0.04087936303166222, 'subsample': 0.9824395965985675, 'colsample_bytree': 0.7206325582584774, 'reg_alpha': 0.024715837644825284, 'reg_lambda': 0.4628893509094954, 'min_child_weight': 14, 'gamma': 0.29647078214470934, 'num_boost_round': 496}. Best is trial 92 with value: 0.749424405218726.
# [I 2024-01-24 19:02:26,457] Trial 116 finished with value: 0.7485290355589664 and parameters: {'max_depth': 121, 'learning_rate': 0.02957819053443144, 'subsample': 0.9805447303363, 'colsample_bytree': 0.7184370380815127, 'reg_alpha': 0.02341739080805161, 'reg_lambda': 0.5010033260746897, 'min_child_weight': 14, 'gamma': 0.300248101961864, 'num_boost_round': 497}. Best is trial 92 with value: 0.749424405218726.
# [I 2024-01-24 19:02:49,267] Trial 117 finished with value: 0.7493988232284472 and parameters: {'max_depth': 104, 'learning_rate': 0.04011794292415924, 'subsample': 0.9326408493495552, 'colsample_bytree': 0.7245528573826381, 'reg_alpha': 0.0023510976391089996, 'reg_lambda': 0.6339047451812333, 'min_child_weight': 14, 'gamma': 0.26869650133487755, 'num_boost_round': 451}. Best is trial 92 with value: 0.749424405218726.
# [I 2024-01-24 19:03:10,417] Trial 118 finished with value: 0.7481964696853416 and parameters: {'max_depth': 103, 'learning_rate': 0.03934089876252224, 'subsample': 0.9058292759028381, 'colsample_bytree': 0.723243990174455, 'reg_alpha': 0.002156641374919177, 'reg_lambda': 0.36877741980985496, 'min_child_weight': 14, 'gamma': 0.268191215365642, 'num_boost_round': 422}. Best is trial 92 with value: 0.749424405218726.
# [I 2024-01-24 19:03:26,036] Trial 119 finished with value: 0.7454336147352264 and parameters: {'max_depth': 114, 'learning_rate': 0.04758048496943154, 'subsample': 0.930207112513616, 'colsample_bytree': 0.9190559629585422, 'reg_alpha': 0.45265030029074593, 'reg_lambda': 1.1102846199422176, 'min_child_weight': 15, 'gamma': 0.25876133886785213, 'num_boost_round': 458}. Best is trial 92 with value: 0.749424405218726.
# [I 2024-01-24 19:03:49,194] Trial 120 finished with value: 0.7480429777436685 and parameters: {'max_depth': 92, 'learning_rate': 0.03297463380436767, 'subsample': 0.9427353678425886, 'colsample_bytree': 0.745775126191574, 'reg_alpha': 0.008169844188688926, 'reg_lambda': 0.6269491286765619, 'min_child_weight': 14, 'gamma': 0.27551155789013404, 'num_boost_round': 479}. Best is trial 92 with value: 0.749424405218726.
# [I 2024-01-24 19:04:14,266] Trial 121 finished with value: 0.7485290355589664 and parameters: {'max_depth': 109, 'learning_rate': 0.04209134521230814, 'subsample': 0.9631784522787828, 'colsample_bytree': 0.7147361339274428, 'reg_alpha': 0.0010311309073395792, 'reg_lambda': 0.008191312467013101, 'min_child_weight': 13, 'gamma': 0.29924358039610377, 'num_boost_round': 447}. Best is trial 92 with value: 0.749424405218726.
# [I 2024-01-24 19:04:43,897] Trial 122 finished with value: 0.7488360194423126 and parameters: {'max_depth': 132, 'learning_rate': 0.03663040284803753, 'subsample': 0.9822166449337403, 'colsample_bytree': 0.7314205929028896, 'reg_alpha': 0.004120175764584113, 'reg_lambda': 1.6414072297066913, 'min_child_weight': 13, 'gamma': 0.15381012078470263, 'num_boost_round': 536}. Best is trial 92 with value: 0.749424405218726.
# [I 2024-01-24 19:05:10,213] Trial 123 finished with value: 0.7488616014325915 and parameters: {'max_depth': 131, 'learning_rate': 0.037097935064528534, 'subsample': 0.9786997791249014, 'colsample_bytree': 0.730592930806412, 'reg_alpha': 0.0036606470194754824, 'reg_lambda': 1.2129960204504882, 'min_child_weight': 14, 'gamma': 0.09770544018778154, 'num_boost_round': 537}. Best is trial 92 with value: 0.749424405218726.
# [I 2024-01-24 19:05:33,483] Trial 124 finished with value: 0.7480429777436685 and parameters: {'max_depth': 121, 'learning_rate': 0.036520990860318715, 'subsample': 0.9826257168023856, 'colsample_bytree': 0.7351936581862067, 'reg_alpha': 0.004048286243115418, 'reg_lambda': 1.4746903221260805, 'min_child_weight': 14, 'gamma': 0.09991344537990658, 'num_boost_round': 513}. Best is trial 92 with value: 0.749424405218726.
# [I 2024-01-24 19:06:04,503] Trial 125 finished with value: 0.74845228958813 and parameters: {'max_depth': 132, 'learning_rate': 0.028740383281749347, 'subsample': 0.9761533075478046, 'colsample_bytree': 0.7286264176543978, 'reg_alpha': 0.0016779505031201936, 'reg_lambda': 1.9342408212853992, 'min_child_weight': 13, 'gamma': 0.13148668286588283, 'num_boost_round': 541}. Best is trial 92 with value: 0.749424405218726.
# [I 2024-01-24 19:06:35,833] Trial 126 finished with value: 0.7486057815298031 and parameters: {'max_depth': 61, 'learning_rate': 0.030826873570909005, 'subsample': 0.9973903155896021, 'colsample_bytree': 0.7084002232017672, 'reg_alpha': 0.0028770979132929134, 'reg_lambda': 0.8255980490792868, 'min_child_weight': 13, 'gamma': 0.11471949864006226, 'num_boost_round': 531}. Best is trial 92 with value: 0.749424405218726.
# [I 2024-01-24 19:07:00,677] Trial 127 finished with value: 0.7486313635200819 and parameters: {'max_depth': 100, 'learning_rate': 0.0350542912235076, 'subsample': 0.9729841781436257, 'colsample_bytree': 0.7180849210592295, 'reg_alpha': 0.004924527270233739, 'reg_lambda': 1.233290286795696, 'min_child_weight': 12, 'gamma': 0.04075988028962699, 'num_boost_round': 470}. Best is trial 92 with value: 0.749424405218726.
# [I 2024-01-24 19:07:23,816] Trial 128 finished with value: 0.7463801483755437 and parameters: {'max_depth': 129, 'learning_rate': 0.02696785504599661, 'subsample': 0.9826304921353957, 'colsample_bytree': 0.7548550544466812, 'reg_alpha': 0.00071379828033553, 'reg_lambda': 0.6676917833517017, 'min_child_weight': 15, 'gamma': 0.16171397919788943, 'num_boost_round': 484}. Best is trial 92 with value: 0.749424405218726.
# [I 2024-01-24 19:07:47,449] Trial 129 finished with value: 0.7484267075978511 and parameters: {'max_depth': 119, 'learning_rate': 0.040527864502927266, 'subsample': 0.9946324656651463, 'colsample_bytree': 0.7461299182797445, 'reg_alpha': 0.002312419800620816, 'reg_lambda': 1.5229858669826488, 'min_child_weight': 13, 'gamma': 0.06650407247836304, 'num_boost_round': 504}. Best is trial 92 with value: 0.749424405218726.
# [I 2024-01-24 19:08:03,556] Trial 130 finished with value: 0.7391916091071886 and parameters: {'max_depth': 113, 'learning_rate': 0.00667162247659046, 'subsample': 0.969456564553549, 'colsample_bytree': 0.7341038568137013, 'reg_alpha': 0.006821221050516142, 'reg_lambda': 0.3638777630346965, 'min_child_weight': 14, 'gamma': 0.3261128877559376, 'num_boost_round': 536}. Best is trial 92 with value: 0.749424405218726.
# [I 2024-01-24 19:08:29,672] Trial 131 finished with value: 0.7478639038117165 and parameters: {'max_depth': 140, 'learning_rate': 0.04550119188713608, 'subsample': 0.9574837594227993, 'colsample_bytree': 0.7259459231457881, 'reg_alpha': 0.0033248474359675807, 'reg_lambda': 1.0280490978157073, 'min_child_weight': 15, 'gamma': 0.23365343162165686, 'num_boost_round': 522}. Best is trial 92 with value: 0.749424405218726.
# [I 2024-01-24 19:08:47,021] Trial 132 finished with value: 0.744538245075467 and parameters: {'max_depth': 135, 'learning_rate': 0.03749493398729802, 'subsample': 0.9357629114037053, 'colsample_bytree': 0.9700373517787478, 'reg_alpha': 0.010994015781463006, 'reg_lambda': 0.48558978898290706, 'min_child_weight': 16, 'gamma': 0.11599784173703359, 'num_boost_round': 555}. Best is trial 92 with value: 0.749424405218726.
# [I 2024-01-24 19:09:08,261] Trial 133 finished with value: 0.7492964952673318 and parameters: {'max_depth': 126, 'learning_rate': 0.04778560231812614, 'subsample': 0.9479015724256964, 'colsample_bytree': 0.7125779505117981, 'reg_alpha': 0.9317673154581511, 'reg_lambda': 0.7457418711574261, 'min_child_weight': 15, 'gamma': 0.16019375066558655, 'num_boost_round': 518}. Best is trial 92 with value: 0.749424405218726.
# [I 2024-01-24 19:09:23,026] Trial 134 finished with value: 0.7479150677922742 and parameters: {'max_depth': 80, 'learning_rate': 0.06176164793405822, 'subsample': 0.7733335432241603, 'colsample_bytree': 0.7121699266164664, 'reg_alpha': 0.626413098309027, 'reg_lambda': 0.7371535987800071, 'min_child_weight': 14, 'gamma': 0.14596012241132922, 'num_boost_round': 495}. Best is trial 92 with value: 0.749424405218726.
# [I 2024-01-24 19:09:48,696] Trial 135 finished with value: 0.7487592734714761 and parameters: {'max_depth': 127, 'learning_rate': 0.032104974370905294, 'subsample': 0.9601531441413157, 'colsample_bytree': 0.7009059958624999, 'reg_alpha': 0.8842472724934608, 'reg_lambda': 0.623874971351116, 'min_child_weight': 15, 'gamma': 0.00033740668690429576, 'num_boost_round': 516}. Best is trial 92 with value: 0.749424405218726.
# [I 2024-01-24 19:10:06,071] Trial 136 finished with value: 0.7485801995395241 and parameters: {'max_depth': 105, 'learning_rate': 0.07033808344809625, 'subsample': 0.9768599632796949, 'colsample_bytree': 0.7177624712912918, 'reg_alpha': 0.005253949983562476, 'reg_lambda': 0.20284400599036195, 'min_child_weight': 20, 'gamma': 0.15985866490211847, 'num_boost_round': 533}. Best is trial 92 with value: 0.749424405218726.
# [I 2024-01-24 19:10:28,888] Trial 137 finished with value: 0.7483243796367358 and parameters: {'max_depth': 122, 'learning_rate': 0.04919930816886525, 'subsample': 0.9847064597471273, 'colsample_bytree': 0.706380581966495, 'reg_alpha': 0.007351702641756494, 'reg_lambda': 1.5414366466355889, 'min_child_weight': 14, 'gamma': 0.13350181511033554, 'num_boost_round': 503}. Best is trial 92 with value: 0.749424405218726.
# [I 2024-01-24 19:10:39,062] Trial 138 finished with value: 0.746968534151957 and parameters: {'max_depth': 95, 'learning_rate': 0.08251270973422298, 'subsample': 0.9459047644967954, 'colsample_bytree': 0.7295231200006272, 'reg_alpha': 0.9671718274948036, 'reg_lambda': 0.3003865258872827, 'min_child_weight': 13, 'gamma': 0.16420815120645255, 'num_boost_round': 489}. Best is trial 92 with value: 0.749424405218726.
# [I 2024-01-24 19:10:56,076] Trial 139 finished with value: 0.7479918137631107 and parameters: {'max_depth': 151, 'learning_rate': 0.05767981398339115, 'subsample': 0.9692646232455322, 'colsample_bytree': 0.7388225078547112, 'reg_alpha': 0.003602001871347255, 'reg_lambda': 2.3157996881230503e-05, 'min_child_weight': 19, 'gamma': 0.2108303918329844, 'num_boost_round': 565}. Best is trial 92 with value: 0.749424405218726.
# [I 2024-01-24 19:11:13,473] Trial 140 finished with value: 0.7479150677922742 and parameters: {'max_depth': 132, 'learning_rate': 0.05443708386773026, 'subsample': 0.9653635261470199, 'colsample_bytree': 0.7130756331630032, 'reg_alpha': 0.012662447074705761, 'reg_lambda': 0.48380774860774256, 'min_child_weight': 15, 'gamma': 0.19810810135256943, 'num_boost_round': 408}. Best is trial 92 with value: 0.749424405218726.
# [I 2024-01-24 19:11:29,590] Trial 141 finished with value: 0.7476336658992069 and parameters: {'max_depth': 139, 'learning_rate': 0.044974868600494454, 'subsample': 0.9509386739877662, 'colsample_bytree': 0.7225504443237186, 'reg_alpha': 0.5765799598376596, 'reg_lambda': 0.919348610183413, 'min_child_weight': 16, 'gamma': 0.2837148326422763, 'num_boost_round': 519}. Best is trial 92 with value: 0.749424405218726.
# [I 2024-01-24 19:11:51,423] Trial 142 finished with value: 0.7487081094909184 and parameters: {'max_depth': 146, 'learning_rate': 0.03978556846329667, 'subsample': 0.9442819014039082, 'colsample_bytree': 0.723548275777356, 'reg_alpha': 0.3134040431424689, 'reg_lambda': 1.831927267480954e-06, 'min_child_weight': 16, 'gamma': 0.26706836739835293, 'num_boost_round': 529}. Best is trial 92 with value: 0.749424405218726.
# [I 2024-01-24 19:12:13,690] Trial 143 finished with value: 0.7487592734714761 and parameters: {'max_depth': 126, 'learning_rate': 0.04839288628442922, 'subsample': 0.9553797295971647, 'colsample_bytree': 0.7445666938080654, 'reg_alpha': 0.035309195267566436, 'reg_lambda': 0.0002783822589389682, 'min_child_weight': 18, 'gamma': 0.2509207907591512, 'num_boost_round': 543}. Best is trial 92 with value: 0.749424405218726.
# [I 2024-01-24 19:12:26,962] Trial 144 finished with value: 0.7477359938603223 and parameters: {'max_depth': 111, 'learning_rate': 0.07542029892876305, 'subsample': 0.9348504570576451, 'colsample_bytree': 0.7361492750411552, 'reg_alpha': 0.07434979002204906, 'reg_lambda': 1.031840555872074e-05, 'min_child_weight': 15, 'gamma': 0.2889095470922968, 'num_boost_round': 509}. Best is trial 92 with value: 0.749424405218726.
# [I 2024-01-24 19:12:44,344] Trial 145 finished with value: 0.7475569199283705 and parameters: {'max_depth': 155, 'learning_rate': 0.043166747439704396, 'subsample': 0.9605960196371927, 'colsample_bytree': 0.7295192588160231, 'reg_alpha': 0.20590602258332266, 'reg_lambda': 1.1595733395882508, 'min_child_weight': 17, 'gamma': 0.07562356641335483, 'num_boost_round': 521}. Best is trial 92 with value: 0.749424405218726.
# [I 2024-01-24 19:13:07,238] Trial 146 finished with value: 0.7485290355589664 and parameters: {'max_depth': 140, 'learning_rate': 0.03384899099247748, 'subsample': 0.9784464253841222, 'colsample_bytree': 0.7082777393049218, 'reg_alpha': 0.01799735551398733, 'reg_lambda': 1.9617065434287395, 'min_child_weight': 14, 'gamma': 0.18541230168674738, 'num_boost_round': 557}. Best is trial 92 with value: 0.749424405218726.
# [I 2024-01-24 19:13:22,133] Trial 147 finished with value: 0.7481964696853416 and parameters: {'max_depth': 116, 'learning_rate': 0.06183944809640129, 'subsample': 0.9909020534570404, 'colsample_bytree': 0.7162604630085625, 'reg_alpha': 0.008383670966203247, 'reg_lambda': 0.11850898334796323, 'min_child_weight': 19, 'gamma': 0.30444087630546046, 'num_boost_round': 498}. Best is trial 92 with value: 0.749424405218726.
# [I 2024-01-24 19:13:45,937] Trial 148 finished with value: 0.7489639293937068 and parameters: {'max_depth': 133, 'learning_rate': 0.03743452073275549, 'subsample': 0.9477444217676765, 'colsample_bytree': 0.7006622999917518, 'reg_alpha': 0.004648185433420211, 'reg_lambda': 0.3631178221356133, 'min_child_weight': 12, 'gamma': 0.26850250000054693, 'num_boost_round': 538}. Best is trial 92 with value: 0.749424405218726.
# [I 2024-01-24 19:13:55,609] Trial 149 finished with value: 0.7455615246866206 and parameters: {'max_depth': 130, 'learning_rate': 0.18424852629312297, 'subsample': 0.9712521457084423, 'colsample_bytree': 0.700842147876217, 'reg_alpha': 0.004098252198999376, 'reg_lambda': 0.2346108551305677, 'min_child_weight': 12, 'gamma': 0.10540105595214094, 'num_boost_round': 550}. Best is trial 92 with value: 0.749424405218726.
# [I 2024-01-24 19:14:16,153] Trial 150 finished with value: 0.7484778715784088 and parameters: {'max_depth': 226, 'learning_rate': 0.03753476144909319, 'subsample': 0.940922728968338, 'colsample_bytree': 0.7063939416133923, 'reg_alpha': 0.0026980157106531893, 'reg_lambda': 0.37217845797246196, 'min_child_weight': 12, 'gamma': 0.27570737859882594, 'num_boost_round': 538}. Best is trial 92 with value: 0.749424405218726.
# [I 2024-01-24 19:14:38,553] Trial 151 finished with value: 0.7487592734714761 and parameters: {'max_depth': 143, 'learning_rate': 0.040978566353523656, 'subsample': 0.9518980284918845, 'colsample_bytree': 0.7208252500014893, 'reg_alpha': 0.005836353631304465, 'reg_lambda': 0.5596064581519898, 'min_child_weight': 16, 'gamma': 0.24643132931828282, 'num_boost_round': 509}. Best is trial 92 with value: 0.749424405218726.
# [I 2024-01-24 19:14:51,868] Trial 152 finished with value: 0.7469173701713994 and parameters: {'max_depth': 134, 'learning_rate': 0.04575833793087822, 'subsample': 0.9471022791272686, 'colsample_bytree': 0.713681424988248, 'reg_alpha': 0.0018300791974954005, 'reg_lambda': 0.6913772726647635, 'min_child_weight': 13, 'gamma': 0.25939076922808973, 'num_boost_round': 580}. Best is trial 92 with value: 0.749424405218726.
# [I 2024-01-24 19:15:12,144] Trial 153 finished with value: 0.7487592734714761 and parameters: {'max_depth': 122, 'learning_rate': 0.05077102783687564, 'subsample': 0.9562213306996064, 'colsample_bytree': 0.725791559210103, 'reg_alpha': 0.4849690844498752, 'reg_lambda': 0.1641923916604944, 'min_child_weight': 14, 'gamma': 0.2915111286407785, 'num_boost_round': 523}. Best is trial 92 with value: 0.749424405218726.
# [I 2024-01-24 19:15:27,578] Trial 154 finished with value: 0.747454591967255 and parameters: {'max_depth': 107, 'learning_rate': 0.06794008114959056, 'subsample': 0.9246364939617328, 'colsample_bytree': 0.7000612750787176, 'reg_alpha': 0.026064451883689208, 'reg_lambda': 0.0198484611553308, 'min_child_weight': 11, 'gamma': 0.2733397995778658, 'num_boost_round': 533}. Best is trial 92 with value: 0.749424405218726.
