# [I 2024-01-24 21:57:52,954] Trial 51 finished with value: 0.7440777692504477 and parameters: {'max_depth': 14, 'learning_rate': 0.05263935266538039, 'subsample': 0.8575397993044, 'colsample_bytree': 0.8967376780300108, 'reg_alpha': 0.0005071727123289106, 'reg_lambda': 0.0023062092610649444, 'min_child_weight': 18, 'gamma': 0.24839239954230707, 'num_boost_round': 694}. Best is trial 8 with value: 0.7486313635200819.
# [I 2024-01-24 21:58:16,842] Trial 52 finished with value: 0.7454591967255053 and parameters: {'max_depth': 17, 'learning_rate': 0.04986743525006823, 'subsample': 0.8552710234513007, 'colsample_bytree': 0.8702157567715688, 'reg_alpha': 0.031193358383889567, 'reg_lambda': 0.00020095152109979823, 'min_child_weight': 15, 'gamma': 0.15467598869909183, 'num_boost_round': 602}. Best is trial 8 with value: 0.7486313635200819.
# [I 2024-01-24 21:58:33,017] Trial 53 finished with value: 0.7458940905602456 and parameters: {'max_depth': 18, 'learning_rate': 0.11958620464436961, 'subsample': 0.7872212465629247, 'colsample_bytree': 0.8572748311497936, 'reg_alpha': 0.012078377133795032, 'reg_lambda': 0.007146944072018222, 'min_child_weight': 12, 'gamma': 0.2826126641732358, 'num_boost_round': 626}. Best is trial 8 with value: 0.7486313635200819.
# [I 2024-01-24 21:59:01,029] Trial 54 finished with value: 0.7491941673062164 and parameters: {'max_depth': 12, 'learning_rate': 0.08510240645508052, 'subsample': 0.8118792369913675, 'colsample_bytree': 0.8144660820958751, 'reg_alpha': 0.0052169265809395545, 'reg_lambda': 2.1496005254384563e-05, 'min_child_weight': 13, 'gamma': 0.15679567874549755, 'num_boost_round': 685}. Best is trial 54 with value: 0.7491941673062164.
# [I 2024-01-24 21:59:28,785] Trial 55 finished with value: 0.7441289332310054 and parameters: {'max_depth': 11, 'learning_rate': 0.06924559291050668, 'subsample': 0.8091128465856561, 'colsample_bytree': 0.8623050379251566, 'reg_alpha': 0.27161002209479396, 'reg_lambda': 0.004170175304651381, 'min_child_weight': 15, 'gamma': 0.1889362690735876, 'num_boost_round': 613}. Best is trial 54 with value: 0.7491941673062164.
# [I 2024-01-24 21:59:38,431] Trial 56 finished with value: 0.7447173190074188 and parameters: {'max_depth': 20, 'learning_rate': 0.1817336893664339, 'subsample': 0.7936597219914899, 'colsample_bytree': 0.8988684960969092, 'reg_alpha': 0.0002197817401082005, 'reg_lambda': 0.08621831791770146, 'min_child_weight': 13, 'gamma': 0.1634112810246228, 'num_boost_round': 604}. Best is trial 54 with value: 0.7491941673062164.
# [I 2024-01-24 22:00:09,585] Trial 57 finished with value: 0.7423637759017652 and parameters: {'max_depth': 13, 'learning_rate': 0.040831893902627765, 'subsample': 0.8544825829453317, 'colsample_bytree': 0.8448173722187063, 'reg_alpha': 0.17922432475651906, 'reg_lambda': 0.0033840878812144595, 'min_child_weight': 17, 'gamma': 0.1343152994450949, 'num_boost_round': 553}. Best is trial 54 with value: 0.7491941673062164.
# [I 2024-01-24 22:00:26,663] Trial 58 finished with value: 0.7474034279866973 and parameters: {'max_depth': 18, 'learning_rate': 0.0857196952850448, 'subsample': 0.8389005869590775, 'colsample_bytree': 0.9092712806822631, 'reg_alpha': 0.016156513122487053, 'reg_lambda': 0.0001629465065558313, 'min_child_weight': 15, 'gamma': 0.2471869395264721, 'num_boost_round': 646}. Best is trial 54 with value: 0.7491941673062164.
# [I 2024-01-24 22:00:53,617] Trial 59 finished with value: 0.748119723714505 and parameters: {'max_depth': 17, 'learning_rate': 0.0866131653682593, 'subsample': 0.8012569448321929, 'colsample_bytree': 0.7767587165523143, 'reg_alpha': 0.0025072282862562906, 'reg_lambda': 0.001096234279047073, 'min_child_weight': 13, 'gamma': 0.41127646355156666, 'num_boost_round': 596}. Best is trial 54 with value: 0.7491941673062164.
# [I 2024-01-24 22:01:17,267] Trial 60 finished with value: 0.7430289076490151 and parameters: {'max_depth': 12, 'learning_rate': 0.0696099974124656, 'subsample': 0.7250453530754676, 'colsample_bytree': 0.8877526541913525, 'reg_alpha': 0.0035841081119528722, 'reg_lambda': 0.0012112046263225008, 'min_child_weight': 13, 'gamma': 0.23424788670742083, 'num_boost_round': 581}. Best is trial 54 with value: 0.7491941673062164.
# [I 2024-01-24 22:01:51,284] Trial 61 finished with value: 0.7483243796367358 and parameters: {'max_depth': 18, 'learning_rate': 0.049036543575434105, 'subsample': 0.838600483609234, 'colsample_bytree': 0.8110866579930462, 'reg_alpha': 0.0007610954746324336, 'reg_lambda': 0.0001081554826333273, 'min_child_weight': 9, 'gamma': 0.2836617921173179, 'num_boost_round': 659}. Best is trial 54 with value: 0.7491941673062164.
# [I 2024-01-24 22:02:06,626] Trial 62 finished with value: 0.7440266052698901 and parameters: {'max_depth': 11, 'learning_rate': 0.14916986153440515, 'subsample': 0.8302477595006291, 'colsample_bytree': 0.8206409493430247, 'reg_alpha': 0.0014004671455709193, 'reg_lambda': 5.8357930503902155e-06, 'min_child_weight': 13, 'gamma': 0.23789306343857108, 'num_boost_round': 725}. Best is trial 54 with value: 0.7491941673062164.
# [I 2024-01-24 22:02:29,933] Trial 63 finished with value: 0.747147608083909 and parameters: {'max_depth': 17, 'learning_rate': 0.063097335990667, 'subsample': 0.8320499261349044, 'colsample_bytree': 0.8618674818710549, 'reg_alpha': 0.1366386960002998, 'reg_lambda': 0.0007018177310837545, 'min_child_weight': 13, 'gamma': 0.24528115215122084, 'num_boost_round': 641}. Best is trial 54 with value: 0.7491941673062164.
# [I 2024-01-24 22:03:01,023] Trial 64 finished with value: 0.747966231772832 and parameters: {'max_depth': 15, 'learning_rate': 0.07596972739939196, 'subsample': 0.8050437690826153, 'colsample_bytree': 0.8576806807303468, 'reg_alpha': 0.031962566365602414, 'reg_lambda': 0.00031945889919684904, 'min_child_weight': 18, 'gamma': 0.10840088751852836, 'num_boost_round': 635}. Best is trial 54 with value: 0.7491941673062164.
# [I 2024-01-24 22:03:18,353] Trial 65 finished with value: 0.7465336403172167 and parameters: {'max_depth': 16, 'learning_rate': 0.07272409092535649, 'subsample': 0.7782161718397023, 'colsample_bytree': 0.832794650854342, 'reg_alpha': 0.002246222821574168, 'reg_lambda': 0.0004223956767620537, 'min_child_weight': 9, 'gamma': 0.3524033286798192, 'num_boost_round': 657}. Best is trial 54 with value: 0.7491941673062164.
# [I 2024-01-24 22:03:44,975] Trial 66 finished with value: 0.7492197492964953 and parameters: {'max_depth': 14, 'learning_rate': 0.08072418755309368, 'subsample': 0.8763456228289015, 'colsample_bytree': 0.7778282818904712, 'reg_alpha': 0.003225029142847914, 'reg_lambda': 7.784882855510882e-05, 'min_child_weight': 13, 'gamma': 0.1845128349290207, 'num_boost_round': 727}. Best is trial 66 with value: 0.7492197492964953.
# [I 2024-01-24 22:04:06,921] Trial 67 finished with value: 0.7432335635712459 and parameters: {'max_depth': 15, 'learning_rate': 0.041216658836963016, 'subsample': 0.7552596766036769, 'colsample_bytree': 0.7791919080823851, 'reg_alpha': 0.009486099514839275, 'reg_lambda': 9.17923803571655e-05, 'min_child_weight': 14, 'gamma': 0.2780420200975504, 'num_boost_round': 781}. Best is trial 66 with value: 0.7492197492964953.
# [I 2024-01-24 22:04:24,597] Trial 68 finished with value: 0.7471220260936301 and parameters: {'max_depth': 15, 'learning_rate': 0.10318328565694307, 'subsample': 0.8323303849965296, 'colsample_bytree': 0.9071013789824952, 'reg_alpha': 0.005159800369459133, 'reg_lambda': 0.00011644845585539913, 'min_child_weight': 15, 'gamma': 0.15033304824073682, 'num_boost_round': 668}. Best is trial 66 with value: 0.7492197492964953.
# [I 2024-01-24 22:04:51,656] Trial 69 finished with value: 0.7475825019186493 and parameters: {'max_depth': 15, 'learning_rate': 0.059227130964187136, 'subsample': 0.8065957028751868, 'colsample_bytree': 0.8703991001765071, 'reg_alpha': 0.0006335527737669971, 'reg_lambda': 0.00017076419105102193, 'min_child_weight': 13, 'gamma': 0.2509029573528142, 'num_boost_round': 661}. Best is trial 66 with value: 0.7492197492964953.
# [I 2024-01-24 22:05:13,152] Trial 70 finished with value: 0.7462266564338705 and parameters: {'max_depth': 16, 'learning_rate': 0.05433792631118507, 'subsample': 0.8156639083897665, 'colsample_bytree': 0.7887255627576543, 'reg_alpha': 0.0003530409597861957, 'reg_lambda': 0.011674593479558496, 'min_child_weight': 13, 'gamma': 0.29824769549939745, 'num_boost_round': 642}. Best is trial 66 with value: 0.7492197492964953.
# [I 2024-01-24 22:05:32,709] Trial 71 finished with value: 0.7475057559478128 and parameters: {'max_depth': 15, 'learning_rate': 0.10493778534778372, 'subsample': 0.84503820710766, 'colsample_bytree': 0.8585221326722008, 'reg_alpha': 0.01457862782168217, 'reg_lambda': 0.00013834173356018666, 'min_child_weight': 17, 'gamma': 0.18426580010776425, 'num_boost_round': 776}. Best is trial 66 with value: 0.7492197492964953.
# [I 2024-01-24 22:05:44,474] Trial 72 finished with value: 0.744998720900486 and parameters: {'max_depth': 19, 'learning_rate': 0.08445801819498133, 'subsample': 0.8329084922560175, 'colsample_bytree': 0.8175864288288814, 'reg_alpha': 0.00030675168860849224, 'reg_lambda': 5.1934181675642074e-05, 'min_child_weight': 14, 'gamma': 0.19053110775817356, 'num_boost_round': 751}. Best is trial 66 with value: 0.7492197492964953.
# [I 2024-01-24 22:06:08,501] Trial 73 finished with value: 0.7465080583269379 and parameters: {'max_depth': 17, 'learning_rate': 0.05379119205074323, 'subsample': 0.7938785399005909, 'colsample_bytree': 0.9126886243372794, 'reg_alpha': 0.00020120072091774495, 'reg_lambda': 0.00023509126573278193, 'min_child_weight': 8, 'gamma': 0.28316011167298727, 'num_boost_round': 738}. Best is trial 66 with value: 0.7492197492964953.
# [I 2024-01-24 22:06:35,343] Trial 74 finished with value: 0.7455103607060629 and parameters: {'max_depth': 14, 'learning_rate': 0.05517705524836669, 'subsample': 0.9230873521132508, 'colsample_bytree': 0.8094355755859447, 'reg_alpha': 0.005003782618703841, 'reg_lambda': 0.0001756581050392391, 'min_child_weight': 13, 'gamma': 0.1708769578691925, 'num_boost_round': 752}. Best is trial 66 with value: 0.7492197492964953.
# [I 2024-01-24 22:07:05,385] Trial 75 finished with value: 0.7447429009976976 and parameters: {'max_depth': 15, 'learning_rate': 0.034438919438012805, 'subsample': 0.8838107820675497, 'colsample_bytree': 0.7790744721691961, 'reg_alpha': 0.001591569791977562, 'reg_lambda': 0.0005132452113566018, 'min_child_weight': 13, 'gamma': 0.20253858190008694, 'num_boost_round': 780}. Best is trial 66 with value: 0.7492197492964953.
# [I 2024-01-24 22:07:29,375] Trial 76 finished with value: 0.7427986697365054 and parameters: {'max_depth': 14, 'learning_rate': 0.05583158008919355, 'subsample': 0.8479001350703859, 'colsample_bytree': 0.7807676805405863, 'reg_alpha': 0.008356572630346053, 'reg_lambda': 7.8144464808442e-05, 'min_child_weight': 20, 'gamma': 0.18604036681731292, 'num_boost_round': 784}. Best is trial 66 with value: 0.7492197492964953.
# [I 2024-01-24 22:07:45,768] Trial 77 finished with value: 0.7440010232796112 and parameters: {'max_depth': 16, 'learning_rate': 0.04529062516513217, 'subsample': 0.8600496145255415, 'colsample_bytree': 0.7432027099105064, 'reg_alpha': 0.0006221375372958952, 'reg_lambda': 3.569193893280956e-05, 'min_child_weight': 15, 'gamma': 0.31859106764861345, 'num_boost_round': 592}. Best is trial 66 with value: 0.7492197492964953.
# [I 2024-01-24 22:08:07,492] Trial 78 finished with value: 0.7472243540547454 and parameters: {'max_depth': 16, 'learning_rate': 0.06529009945366904, 'subsample': 0.892640373342506, 'colsample_bytree': 0.7528179963779662, 'reg_alpha': 0.009450119579319693, 'reg_lambda': 0.0001478580709744076, 'min_child_weight': 15, 'gamma': 0.20944133843563104, 'num_boost_round': 688}. Best is trial 66 with value: 0.7492197492964953.
# [I 2024-01-24 22:08:23,832] Trial 79 finished with value: 0.7463801483755437 and parameters: {'max_depth': 16, 'learning_rate': 0.08248542414490595, 'subsample': 0.8478800735465805, 'colsample_bytree': 0.786365276975741, 'reg_alpha': 0.018366547569699156, 'reg_lambda': 7.997788133336432e-06, 'min_child_weight': 9, 'gamma': 0.06509007658755162, 'num_boost_round': 623}. Best is trial 66 with value: 0.7492197492964953.
# [I 2024-01-24 22:09:09,798] Trial 80 finished with value: 0.7431823995906881 and parameters: {'max_depth': 14, 'learning_rate': 0.023183655764599236, 'subsample': 0.8366246446103581, 'colsample_bytree': 0.8173986374630375, 'reg_alpha': 0.0018439977594136285, 'reg_lambda': 6.587078330299324e-06, 'min_child_weight': 12, 'gamma': 0.3227402685626739, 'num_boost_round': 688}. Best is trial 66 with value: 0.7492197492964953.
# [I 2024-01-24 22:09:22,388] Trial 81 finished with value: 0.7457150166282938 and parameters: {'max_depth': 13, 'learning_rate': 0.18540950877616394, 'subsample': 0.9020420173688747, 'colsample_bytree': 0.8342934978393363, 'reg_alpha': 0.00500334337404043, 'reg_lambda': 9.45098200484776e-05, 'min_child_weight': 17, 'gamma': 0.2412823571275043, 'num_boost_round': 757}. Best is trial 66 with value: 0.7492197492964953.
# [I 2024-01-24 22:09:38,004] Trial 82 finished with value: 0.7469173701713994 and parameters: {'max_depth': 17, 'learning_rate': 0.06875634596761593, 'subsample': 0.8740875833105758, 'colsample_bytree': 0.7758311054957415, 'reg_alpha': 0.07218529153051748, 'reg_lambda': 5.026526236102625e-05, 'min_child_weight': 10, 'gamma': 0.27110481448678114, 'num_boost_round': 633}. Best is trial 66 with value: 0.7492197492964953.
# [I 2024-01-24 22:10:01,655] Trial 83 finished with value: 0.7475057559478128 and parameters: {'max_depth': 17, 'learning_rate': 0.078137548776575, 'subsample': 0.843530301724759, 'colsample_bytree': 0.8506775247404156, 'reg_alpha': 0.0009633917194257109, 'reg_lambda': 7.984444998201566e-05, 'min_child_weight': 15, 'gamma': 0.15054576446478107, 'num_boost_round': 718}. Best is trial 66 with value: 0.7492197492964953.
# [I 2024-01-24 22:10:13,659] Trial 84 finished with value: 0.7434382194934765 and parameters: {'max_depth': 17, 'learning_rate': 0.12531998876822548, 'subsample': 0.7828859262933835, 'colsample_bytree': 0.8704832219837818, 'reg_alpha': 0.003852114379563907, 'reg_lambda': 0.006410611100792969, 'min_child_weight': 18, 'gamma': 0.1687234542566676, 'num_boost_round': 692}. Best is trial 66 with value: 0.7492197492964953.
# [I 2024-01-24 22:10:34,823] Trial 85 finished with value: 0.7475569199283705 and parameters: {'max_depth': 16, 'learning_rate': 0.08498653168678613, 'subsample': 0.8794727608944828, 'colsample_bytree': 0.8408326590366307, 'reg_alpha': 0.0005128991763712278, 'reg_lambda': 6.979995420807057e-06, 'min_child_weight': 14, 'gamma': 0.14606648593610969, 'num_boost_round': 673}. Best is trial 66 with value: 0.7492197492964953.
# [I 2024-01-24 22:10:55,990] Trial 86 finished with value: 0.7427475057559478 and parameters: {'max_depth': 14, 'learning_rate': 0.04970309993887875, 'subsample': 0.7864506533704125, 'colsample_bytree': 0.8362575439370032, 'reg_alpha': 0.002276123921695256, 'reg_lambda': 3.276669836752202e-05, 'min_child_weight': 10, 'gamma': 0.2651086486066536, 'num_boost_round': 752}. Best is trial 66 with value: 0.7492197492964953.
# [I 2024-01-24 22:11:22,225] Trial 87 finished with value: 0.7477615758506011 and parameters: {'max_depth': 19, 'learning_rate': 0.050443186259252655, 'subsample': 0.807075330565007, 'colsample_bytree': 0.8042293065441963, 'reg_alpha': 0.004220658577265393, 'reg_lambda': 0.0005219340118213404, 'min_child_weight': 16, 'gamma': 0.10124270070092023, 'num_boost_round': 750}. Best is trial 66 with value: 0.7492197492964953.
# [I 2024-01-24 22:11:41,092] Trial 88 finished with value: 0.7472499360450243 and parameters: {'max_depth': 16, 'learning_rate': 0.07980290640679646, 'subsample': 0.8442352347702184, 'colsample_bytree': 0.8262254382444368, 'reg_alpha': 0.016783234164519364, 'reg_lambda': 6.060868308501108e-05, 'min_child_weight': 13, 'gamma': 0.2238740415789368, 'num_boost_round': 735}. Best is trial 66 with value: 0.7492197492964953.
# [I 2024-01-24 22:12:11,733] Trial 89 finished with value: 0.7455103607060629 and parameters: {'max_depth': 16, 'learning_rate': 0.04717791964117686, 'subsample': 0.9259928388195594, 'colsample_bytree': 0.8136097109420801, 'reg_alpha': 0.032768458621472714, 'reg_lambda': 0.00013164051671541157, 'min_child_weight': 20, 'gamma': 0.15322676807087213, 'num_boost_round': 741}. Best is trial 66 with value: 0.7492197492964953.
# [I 2024-01-24 22:12:23,101] Trial 90 finished with value: 0.7460731644921975 and parameters: {'max_depth': 16, 'learning_rate': 0.1436542130213517, 'subsample': 0.7733673172110482, 'colsample_bytree': 0.8305069600044834, 'reg_alpha': 0.004118208067529583, 'reg_lambda': 2.4050419237963618e-05, 'min_child_weight': 15, 'gamma': 0.15474492562253261, 'num_boost_round': 751}. Best is trial 66 with value: 0.7492197492964953.
# [I 2024-01-24 22:12:45,104] Trial 91 finished with value: 0.7444614991046303 and parameters: {'max_depth': 18, 'learning_rate': 0.042389718554310445, 'subsample': 0.8051020592532745, 'colsample_bytree': 0.8777168324189788, 'reg_alpha': 0.08073883024757154, 'reg_lambda': 6.0549878719360655e-05, 'min_child_weight': 18, 'gamma': 0.17211619216158364, 'num_boost_round': 740}. Best is trial 66 with value: 0.7492197492964953.
# [I 2024-01-24 22:13:00,203] Trial 92 finished with value: 0.7418521360961883 and parameters: {'max_depth': 19, 'learning_rate': 0.02624255291581275, 'subsample': 0.8667155672812261, 'colsample_bytree': 0.8982372179669115, 'reg_alpha': 0.0001714528880273184, 'reg_lambda': 0.001294517251443709, 'min_child_weight': 10, 'gamma': 0.21503276264440196, 'num_boost_round': 771}. Best is trial 66 with value: 0.7492197492964953.
# [I 2024-01-24 22:13:21,592] Trial 93 finished with value: 0.7478127398311589 and parameters: {'max_depth': 17, 'learning_rate': 0.07403371415945527, 'subsample': 0.8152301803634778, 'colsample_bytree': 0.7610657355556799, 'reg_alpha': 0.0015430116627899659, 'reg_lambda': 3.683390481355463e-05, 'min_child_weight': 15, 'gamma': 0.04910280361457446, 'num_boost_round': 788}. Best is trial 66 with value: 0.7492197492964953.
# [I 2024-01-24 22:13:43,263] Trial 94 finished with value: 0.7474034279866973 and parameters: {'max_depth': 16, 'learning_rate': 0.07810199545579329, 'subsample': 0.79503659792206, 'colsample_bytree': 0.8724430862554212, 'reg_alpha': 0.004771538779135814, 'reg_lambda': 0.00027711843973711296, 'min_child_weight': 14, 'gamma': 0.11611933237557051, 'num_boost_round': 673}. Best is trial 66 with value: 0.7492197492964953.
# [I 2024-01-24 22:13:59,337] Trial 95 finished with value: 0.7447684829879765 and parameters: {'max_depth': 18, 'learning_rate': 0.05563414779106145, 'subsample': 0.8018780275104795, 'colsample_bytree': 0.9111421561339104, 'reg_alpha': 9.627176208365181e-05, 'reg_lambda': 0.0012047523956471584, 'min_child_weight': 14, 'gamma': 0.052705169341765876, 'num_boost_round': 778}. Best is trial 66 with value: 0.7492197492964953.
# [I 2024-01-24 22:14:19,679] Trial 96 finished with value: 0.7407776925044769 and parameters: {'max_depth': 16, 'learning_rate': 0.02899690194877347, 'subsample': 0.9226948964084587, 'colsample_bytree': 0.805180204953191, 'reg_alpha': 0.009173890673370946, 'reg_lambda': 1.765357252555815e-05, 'min_child_weight': 16, 'gamma': 0.2532906225212656, 'num_boost_round': 802}. Best is trial 66 with value: 0.7492197492964953.
# [I 2024-01-24 22:14:45,422] Trial 97 finished with value: 0.7483755436172934 and parameters: {'max_depth': 16, 'learning_rate': 0.05934468585061948, 'subsample': 0.8581915711027979, 'colsample_bytree': 0.7898516497967827, 'reg_alpha': 0.027696960652954343, 'reg_lambda': 1.9026857171616917e-05, 'min_child_weight': 16, 'gamma': 0.20967821252452762, 'num_boost_round': 842}. Best is trial 66 with value: 0.7492197492964953.
# [I 2024-01-24 22:15:12,778] Trial 98 finished with value: 0.7479406497825531 and parameters: {'max_depth': 16, 'learning_rate': 0.0840198472188704, 'subsample': 0.8044562098082874, 'colsample_bytree': 0.8635514515823249, 'reg_alpha': 0.0005595570339825413, 'reg_lambda': 0.0003953515949381725, 'min_child_weight': 15, 'gamma': 0.06406772885594174, 'num_boost_round': 702}. Best is trial 66 with value: 0.7492197492964953.
# [I 2024-01-24 22:15:37,584] Trial 99 finished with value: 0.7470452801227936 and parameters: {'max_depth': 17, 'learning_rate': 0.061481891008308136, 'subsample': 0.7756589531822935, 'colsample_bytree': 0.7739829513312991, 'reg_alpha': 0.031326209284046315, 'reg_lambda': 9.887405498414689e-05, 'min_child_weight': 14, 'gamma': 0.038670463344159314, 'num_boost_round': 722}. Best is trial 66 with value: 0.7492197492964953.
# [I 2024-01-24 22:15:56,429] Trial 100 finished with value: 0.7469173701713994 and parameters: {'max_depth': 18, 'learning_rate': 0.060665031992289925, 'subsample': 0.8505789698427897, 'colsample_bytree': 0.8329576123618614, 'reg_alpha': 0.001993829689532804, 'reg_lambda': 8.291842188006981e-05, 'min_child_weight': 15, 'gamma': 0.22147754432587616, 'num_boost_round': 798}. Best is trial 66 with value: 0.7492197492964953.
# [I 2024-01-24 22:16:11,941] Trial 101 finished with value: 0.7477615758506011 and parameters: {'max_depth': 13, 'learning_rate': 0.17400958787558818, 'subsample': 0.8416813581527887, 'colsample_bytree': 0.8504303254258773, 'reg_alpha': 0.04079227827380331, 'reg_lambda': 2.219534071746153e-06, 'min_child_weight': 8, 'gamma': 0.18496994419791585, 'num_boost_round': 740}. Best is trial 66 with value: 0.7492197492964953.
