# [I 2024-01-17 20:43:23,502] Trial 460 finished with value: 0.7467894602200051 and parameters: {'max_depth': 19, 'learning_rate': 0.06089434198794637, 'subsample': 0.7889284982982769, 'colsample_bytree': 0.7074274069933143, 'reg_alpha': 0.007739136589416567, 'reg_lambda': 0.0025227827860206044, 'min_child_weight': 11, 'gamma': 0.151108572748228, 'num_boost_round': 783}. Best is trial 434 with value: 0.7503965208493221.
# [I 2024-01-17 20:43:41,729] Trial 461 finished with value: 0.7480941417242262 and parameters: {'max_depth': 20, 'learning_rate': 0.05012525914952227, 'subsample': 0.8063890047900093, 'colsample_bytree': 0.7012013366144284, 'reg_alpha': 0.004361519584568939, 'reg_lambda': 0.011123929081275668, 'min_child_weight': 12, 'gamma': 0.1318440249260199, 'num_boost_round': 808}. Best is trial 434 with value: 0.7503965208493221.
# [I 2024-01-17 20:43:53,422] Trial 462 finished with value: 0.7445638270657458 and parameters: {'max_depth': 20, 'learning_rate': 0.04879278012017459, 'subsample': 0.7998193265238878, 'colsample_bytree': 0.7302393442481547, 'reg_alpha': 0.0035800184430735686, 'reg_lambda': 0.0012222369595093314, 'min_child_weight': 11, 'gamma': 0.14865225495833442, 'num_boost_round': 772}. Best is trial 434 with value: 0.7503965208493221.
# [I 2024-01-17 20:44:16,448] Trial 463 finished with value: 0.7493732412381684 and parameters: {'max_depth': 20, 'learning_rate': 0.04630218315342613, 'subsample': 0.7766843892283914, 'colsample_bytree': 0.700560244059299, 'reg_alpha': 0.0013221870641543232, 'reg_lambda': 0.00923805477264475, 'min_child_weight': 13, 'gamma': 0.12892412504532874, 'num_boost_round': 756}. Best is trial 434 with value: 0.7503965208493221.
# [I 2024-01-17 20:44:43,653] Trial 464 finished with value: 0.7493988232284472 and parameters: {'max_depth': 20, 'learning_rate': 0.04257006599312961, 'subsample': 0.8180491005354256, 'colsample_bytree': 0.7266010929275534, 'reg_alpha': 0.005570801688239559, 'reg_lambda': 0.002127637492987606, 'min_child_weight': 11, 'gamma': 0.15886613931926352, 'num_boost_round': 805}. Best is trial 434 with value: 0.7503965208493221.
# [I 2024-01-17 20:45:05,582] Trial 465 finished with value: 0.7491685853159376 and parameters: {'max_depth': 19, 'learning_rate': 0.04679360199161759, 'subsample': 0.7934109697438644, 'colsample_bytree': 0.7034623381003293, 'reg_alpha': 0.0028326873235496202, 'reg_lambda': 0.010798948191678145, 'min_child_weight': 12, 'gamma': 0.16289995526113657, 'num_boost_round': 806}. Best is trial 434 with value: 0.7503965208493221.
# [I 2024-01-17 20:45:22,566] Trial 466 finished with value: 0.7475313379380916 and parameters: {'max_depth': 19, 'learning_rate': 0.047527314682686284, 'subsample': 0.7776334355399482, 'colsample_bytree': 0.7185180304707471, 'reg_alpha': 0.0029857675044499, 'reg_lambda': 0.010133282945272978, 'min_child_weight': 13, 'gamma': 0.13742617048922007, 'num_boost_round': 792}. Best is trial 434 with value: 0.7503965208493221.
# [I 2024-01-17 20:45:37,413] Trial 467 finished with value: 0.7475569199283705 and parameters: {'max_depth': 19, 'learning_rate': 0.054222875158439314, 'subsample': 0.7916386301666346, 'colsample_bytree': 0.7201696913488855, 'reg_alpha': 0.0063427121255424206, 'reg_lambda': 0.001673443314905518, 'min_child_weight': 12, 'gamma': 0.16082234512964902, 'num_boost_round': 796}. Best is trial 434 with value: 0.7503965208493221.
# [I 2024-01-17 20:46:02,745] Trial 468 finished with value: 0.7497313891020722 and parameters: {'max_depth': 20, 'learning_rate': 0.0507090696267304, 'subsample': 0.7878262077446966, 'colsample_bytree': 0.7153376200306676, 'reg_alpha': 0.0028230322699162994, 'reg_lambda': 0.005501388579858388, 'min_child_weight': 13, 'gamma': 0.16370550723263547, 'num_boost_round': 788}. Best is trial 434 with value: 0.7503965208493221.
# [I 2024-01-17 20:46:14,375] Trial 469 finished with value: 0.7436172934254285 and parameters: {'max_depth': 20, 'learning_rate': 0.04749197785297564, 'subsample': 0.8028377131188409, 'colsample_bytree': 0.7106919268413007, 'reg_alpha': 0.0025022526441316048, 'reg_lambda': 0.005056370260832884, 'min_child_weight': 12, 'gamma': 0.14639947118044427, 'num_boost_round': 804}. Best is trial 434 with value: 0.7503965208493221.
# [I 2024-01-17 20:46:40,295] Trial 470 finished with value: 0.7497569710923511 and parameters: {'max_depth': 20, 'learning_rate': 0.041520335808171493, 'subsample': 0.7767498289863479, 'colsample_bytree': 0.7130284901775253, 'reg_alpha': 0.003393940547828526, 'reg_lambda': 0.017245651859660368, 'min_child_weight': 14, 'gamma': 0.1263645085172677, 'num_boost_round': 826}. Best is trial 434 with value: 0.7503965208493221.
# [I 2024-01-17 20:47:04,897] Trial 471 finished with value: 0.7487848554617549 and parameters: {'max_depth': 20, 'learning_rate': 0.03966129411817714, 'subsample': 0.8045880914844262, 'colsample_bytree': 0.7100735692654293, 'reg_alpha': 0.0017739193144526162, 'reg_lambda': 0.022824164628864187, 'min_child_weight': 13, 'gamma': 0.12852972032593388, 'num_boost_round': 836}. Best is trial 434 with value: 0.7503965208493221.
# [I 2024-01-17 20:47:24,576] Trial 472 finished with value: 0.7480941417242262 and parameters: {'max_depth': 20, 'learning_rate': 0.0479473421463251, 'subsample': 0.7925277063561824, 'colsample_bytree': 0.7050247018331715, 'reg_alpha': 0.003035162025379706, 'reg_lambda': 0.005228070603058776, 'min_child_weight': 13, 'gamma': 0.10904857689957262, 'num_boost_round': 775}. Best is trial 434 with value: 0.7503965208493221.
# [I 2024-01-17 20:47:41,871] Trial 473 finished with value: 0.7468150422102839 and parameters: {'max_depth': 20, 'learning_rate': 0.04638297541430033, 'subsample': 0.7781094426591968, 'colsample_bytree': 0.7171730257188236, 'reg_alpha': 0.003372970949939894, 'reg_lambda': 0.010083170030234111, 'min_child_weight': 14, 'gamma': 0.13224950780685896, 'num_boost_round': 797}. Best is trial 434 with value: 0.7503965208493221.
# [I 2024-01-17 20:48:06,891] Trial 474 finished with value: 0.7485290355589664 and parameters: {'max_depth': 20, 'learning_rate': 0.039177498292839986, 'subsample': 0.7948688674587482, 'colsample_bytree': 0.7374274666549407, 'reg_alpha': 0.005610197650779211, 'reg_lambda': 0.007879349474559047, 'min_child_weight': 13, 'gamma': 0.1731013482163206, 'num_boost_round': 817}. Best is trial 434 with value: 0.7503965208493221.
# [I 2024-01-17 20:48:23,082] Trial 475 finished with value: 0.7489895113839857 and parameters: {'max_depth': 19, 'learning_rate': 0.06001111906859121, 'subsample': 0.7864426122975661, 'colsample_bytree': 0.7106755614433535, 'reg_alpha': 0.0031593774106725213, 'reg_lambda': 0.0022692263210570282, 'min_child_weight': 13, 'gamma': 0.10908882364353317, 'num_boost_round': 783}. Best is trial 434 with value: 0.7503965208493221.
# [I 2024-01-17 20:48:45,087] Trial 476 finished with value: 0.7499104630340241 and parameters: {'max_depth': 20, 'learning_rate': 0.04398332471906061, 'subsample': 0.780475415503606, 'colsample_bytree': 0.7158838582585907, 'reg_alpha': 0.0028808646505283603, 'reg_lambda': 0.011227096664724904, 'min_child_weight': 14, 'gamma': 0.12627971348798223, 'num_boost_round': 789}. Best is trial 434 with value: 0.7503965208493221.
# [I 2024-01-17 20:49:06,392] Trial 477 finished with value: 0.7484011256075722 and parameters: {'max_depth': 20, 'learning_rate': 0.04630499408052282, 'subsample': 0.8044515748686751, 'colsample_bytree': 0.7033551098461291, 'reg_alpha': 0.0047342026393333535, 'reg_lambda': 0.005281996937611232, 'min_child_weight': 12, 'gamma': 0.11776525665842419, 'num_boost_round': 798}. Best is trial 434 with value: 0.7503965208493221.
# [I 2024-01-17 20:49:25,848] Trial 478 finished with value: 0.7494499872090048 and parameters: {'max_depth': 20, 'learning_rate': 0.049840849064554986, 'subsample': 0.7724046988130742, 'colsample_bytree': 0.7222159275239656, 'reg_alpha': 0.0013273365733554507, 'reg_lambda': 0.0062049069670172055, 'min_child_weight': 13, 'gamma': 0.12197569286393994, 'num_boost_round': 776}. Best is trial 434 with value: 0.7503965208493221.
# [I 2024-01-17 20:49:49,327] Trial 479 finished with value: 0.7489383474034279 and parameters: {'max_depth': 20, 'learning_rate': 0.04741600545680474, 'subsample': 0.785875023179069, 'colsample_bytree': 0.7067581261179731, 'reg_alpha': 0.0035882697958417612, 'reg_lambda': 0.005979497464096674, 'min_child_weight': 13, 'gamma': 0.13907271932258755, 'num_boost_round': 804}. Best is trial 434 with value: 0.7503965208493221.
# [I 2024-01-17 20:50:08,678] Trial 480 finished with value: 0.7483499616270146 and parameters: {'max_depth': 20, 'learning_rate': 0.04441583640928396, 'subsample': 0.7572117974938369, 'colsample_bytree': 0.7016552342281533, 'reg_alpha': 0.0026708878328646907, 'reg_lambda': 0.0041762607641387065, 'min_child_weight': 12, 'gamma': 0.12220396216588646, 'num_boost_round': 760}. Best is trial 434 with value: 0.7503965208493221.
# [I 2024-01-17 20:50:28,885] Trial 481 finished with value: 0.7472755180353031 and parameters: {'max_depth': 20, 'learning_rate': 0.041982783306371674, 'subsample': 0.7936841735201736, 'colsample_bytree': 0.7316891913545988, 'reg_alpha': 0.003840493269078359, 'reg_lambda': 0.0057317959515973205, 'min_child_weight': 14, 'gamma': 0.12578302142433542, 'num_boost_round': 806}. Best is trial 434 with value: 0.7503965208493221.
# [I 2024-01-17 20:50:46,205] Trial 482 finished with value: 0.7466615502686109 and parameters: {'max_depth': 20, 'learning_rate': 0.04383110715663904, 'subsample': 0.7973636917253653, 'colsample_bytree': 0.708285863938532, 'reg_alpha': 0.0012678304110560628, 'reg_lambda': 0.009140258119019728, 'min_child_weight': 14, 'gamma': 0.13556567002956116, 'num_boost_round': 809}. Best is trial 434 with value: 0.7503965208493221.
# [I 2024-01-17 20:51:10,009] Trial 483 finished with value: 0.7502174469173701 and parameters: {'max_depth': 20, 'learning_rate': 0.0469627154845331, 'subsample': 0.7940095603243603, 'colsample_bytree': 0.7160594995737293, 'reg_alpha': 0.003786535908902074, 'reg_lambda': 0.004820410417972694, 'min_child_weight': 12, 'gamma': 0.12196461530220712, 'num_boost_round': 795}. Best is trial 434 with value: 0.7503965208493221.
# [I 2024-01-17 20:51:32,112] Trial 484 finished with value: 0.7503965208493221 and parameters: {'max_depth': 19, 'learning_rate': 0.049401976941810546, 'subsample': 0.8183002313259534, 'colsample_bytree': 0.7157610633242043, 'reg_alpha': 0.00558058165527612, 'reg_lambda': 0.0039303321702839535, 'min_child_weight': 13, 'gamma': 0.14526028407364563, 'num_boost_round': 798}. Best is trial 434 with value: 0.7503965208493221.
# [I 2024-01-17 20:51:47,591] Trial 485 finished with value: 0.7462266564338705 and parameters: {'max_depth': 20, 'learning_rate': 0.049567263944656555, 'subsample': 0.7819797607819733, 'colsample_bytree': 0.7324455020948052, 'reg_alpha': 0.005769762598196716, 'reg_lambda': 0.004760175496111062, 'min_child_weight': 14, 'gamma': 0.14444510101456898, 'num_boost_round': 797}. Best is trial 434 with value: 0.7503965208493221.
# [I 2024-01-17 20:52:08,112] Trial 486 finished with value: 0.7493220772576106 and parameters: {'max_depth': 19, 'learning_rate': 0.050523267762586574, 'subsample': 0.7842915717367467, 'colsample_bytree': 0.7343209175761284, 'reg_alpha': 0.0012362025134010119, 'reg_lambda': 0.0050190757426006325, 'min_child_weight': 14, 'gamma': 0.1211057496009809, 'num_boost_round': 771}. Best is trial 434 with value: 0.7503965208493221.
# [I 2024-01-17 20:52:29,537] Trial 487 finished with value: 0.7488360194423126 and parameters: {'max_depth': 20, 'learning_rate': 0.05605389993840521, 'subsample': 0.7823059704896863, 'colsample_bytree': 0.7121761491992138, 'reg_alpha': 0.004663562341321719, 'reg_lambda': 0.002837135439831698, 'min_child_weight': 13, 'gamma': 0.14073736173365933, 'num_boost_round': 777}. Best is trial 434 with value: 0.7503965208493221.
# [I 2024-01-17 20:52:49,629] Trial 488 finished with value: 0.7483499616270146 and parameters: {'max_depth': 20, 'learning_rate': 0.04958486775798569, 'subsample': 0.7903967070428821, 'colsample_bytree': 0.7126064473651185, 'reg_alpha': 0.0022990654545070413, 'reg_lambda': 0.004980622274045217, 'min_child_weight': 13, 'gamma': 0.1419773572558068, 'num_boost_round': 796}. Best is trial 434 with value: 0.7503965208493221.
# [I 2024-01-17 20:53:12,070] Trial 489 finished with value: 0.7490150933742645 and parameters: {'max_depth': 20, 'learning_rate': 0.0465083561002206, 'subsample': 0.7837012224574261, 'colsample_bytree': 0.7074285720636159, 'reg_alpha': 0.00188062241733205, 'reg_lambda': 0.009222313472908623, 'min_child_weight': 13, 'gamma': 0.10588577098695198, 'num_boost_round': 809}. Best is trial 434 with value: 0.7503965208493221.
# [I 2024-01-17 20:53:26,421] Trial 490 finished with value: 0.748273215656178 and parameters: {'max_depth': 19, 'learning_rate': 0.058818373331744035, 'subsample': 0.787919767118675, 'colsample_bytree': 0.7258883974821527, 'reg_alpha': 0.00194900659188723, 'reg_lambda': 0.004553952840689873, 'min_child_weight': 14, 'gamma': 0.09135980768685327, 'num_boost_round': 773}. Best is trial 434 with value: 0.7503965208493221.
# [I 2024-01-17 20:53:45,531] Trial 491 finished with value: 0.7480429777436685 and parameters: {'max_depth': 20, 'learning_rate': 0.0445676010752397, 'subsample': 0.7929349524659082, 'colsample_bytree': 0.7146803330375944, 'reg_alpha': 0.007961393097673903, 'reg_lambda': 0.007059863653745361, 'min_child_weight': 13, 'gamma': 0.14072929452301267, 'num_boost_round': 797}. Best is trial 434 with value: 0.7503965208493221.
# [I 2024-01-17 20:54:02,046] Trial 492 finished with value: 0.7471731900741878 and parameters: {'max_depth': 19, 'learning_rate': 0.05682167251986456, 'subsample': 0.783611093813406, 'colsample_bytree': 0.7006273417254528, 'reg_alpha': 0.0028489578968006065, 'reg_lambda': 0.01589443282291252, 'min_child_weight': 13, 'gamma': 0.1416533466869766, 'num_boost_round': 793}. Best is trial 434 with value: 0.7503965208493221.
# [I 2024-01-17 20:54:23,588] Trial 493 finished with value: 0.7485801995395241 and parameters: {'max_depth': 20, 'learning_rate': 0.04220619768527573, 'subsample': 0.804404376236561, 'colsample_bytree': 0.7150192455518771, 'reg_alpha': 0.005238526032714549, 'reg_lambda': 0.004991369539503236, 'min_child_weight': 13, 'gamma': 0.1484650312210346, 'num_boost_round': 806}. Best is trial 434 with value: 0.7503965208493221.
# [I 2024-01-17 20:54:44,932] Trial 494 finished with value: 0.7493476592478895 and parameters: {'max_depth': 20, 'learning_rate': 0.049121930160427665, 'subsample': 0.8065011023873392, 'colsample_bytree': 0.7372073874765497, 'reg_alpha': 0.006811475489256881, 'reg_lambda': 0.003344759124121882, 'min_child_weight': 13, 'gamma': 0.1186831467591761, 'num_boost_round': 791}. Best is trial 434 with value: 0.7503965208493221.
# [I 2024-01-17 20:54:57,513] Trial 495 finished with value: 0.7429265796878997 and parameters: {'max_depth': 19, 'learning_rate': 0.042927616874272316, 'subsample': 0.7953037188833815, 'colsample_bytree': 0.7238104355181644, 'reg_alpha': 0.001505487210565044, 'reg_lambda': 0.015304747845812823, 'min_child_weight': 13, 'gamma': 0.10964669711447547, 'num_boost_round': 793}. Best is trial 434 with value: 0.7503965208493221.
# [I 2024-01-17 20:55:19,534] Trial 496 finished with value: 0.7478127398311589 and parameters: {'max_depth': 20, 'learning_rate': 0.04126316040833944, 'subsample': 0.8081620305601498, 'colsample_bytree': 0.7260679796976276, 'reg_alpha': 0.0030022122927950484, 'reg_lambda': 0.003733057183061437, 'min_child_weight': 13, 'gamma': 0.13292866782606214, 'num_boost_round': 830}. Best is trial 434 with value: 0.7503965208493221.
# [I 2024-01-17 20:55:37,171] Trial 497 finished with value: 0.7486313635200819 and parameters: {'max_depth': 19, 'learning_rate': 0.05001857346785684, 'subsample': 0.8034516927583102, 'colsample_bytree': 0.7166446638559568, 'reg_alpha': 0.002533065617702829, 'reg_lambda': 0.002971638460063423, 'min_child_weight': 11, 'gamma': 0.12591217011751032, 'num_boost_round': 803}. Best is trial 434 with value: 0.7503965208493221.
# [I 2024-01-17 20:55:58,737] Trial 498 finished with value: 0.7485290355589664 and parameters: {'max_depth': 20, 'learning_rate': 0.045212554741835935, 'subsample': 0.7932802106635203, 'colsample_bytree': 0.7268464906219086, 'reg_alpha': 0.007671367495045881, 'reg_lambda': 0.006978778500357791, 'min_child_weight': 14, 'gamma': 0.14289086247198948, 'num_boost_round': 812}. Best is trial 434 with value: 0.7503965208493221.
# [I 2024-01-17 20:56:22,134] Trial 499 finished with value: 0.7487592734714761 and parameters: {'max_depth': 20, 'learning_rate': 0.04622240765087638, 'subsample': 0.7852851993216763, 'colsample_bytree': 0.7171153434437167, 'reg_alpha': 0.007714180651188142, 'reg_lambda': 0.009460589484784785, 'min_child_weight': 13, 'gamma': 0.1421059207497232, 'num_boost_round': 811}. Best is trial 434 with value: 0.7503965208493221.
# [I 2024-01-17 20:56:45,109] Trial 500 finished with value: 0.7486825275006396 and parameters: {'max_depth': 20, 'learning_rate': 0.0410350139660949, 'subsample': 0.8114784103164967, 'colsample_bytree': 0.7232314529234232, 'reg_alpha': 0.002419552991609668, 'reg_lambda': 0.01871976507953802, 'min_child_weight': 13, 'gamma': 0.14238049394674412, 'num_boost_round': 816}. Best is trial 434 with value: 0.7503965208493221.
# [I 2024-01-17 20:57:06,817] Trial 501 finished with value: 0.7486825275006396 and parameters: {'max_depth': 19, 'learning_rate': 0.0489375044962015, 'subsample': 0.7994357472970758, 'colsample_bytree': 0.72290674883387, 'reg_alpha': 0.0014104161705313723, 'reg_lambda': 0.008702538798804496, 'min_child_weight': 14, 'gamma': 0.12445596730198856, 'num_boost_round': 824}. Best is trial 434 with value: 0.7503965208493221.
# [I 2024-01-17 20:57:23,223] Trial 502 finished with value: 0.7488871834228703 and parameters: {'max_depth': 19, 'learning_rate': 0.056364238630034286, 'subsample': 0.8014458226002704, 'colsample_bytree': 0.7266309404587705, 'reg_alpha': 0.0070702334974639125, 'reg_lambda': 0.0038016293686616437, 'min_child_weight': 12, 'gamma': 0.14718458410614207, 'num_boost_round': 814}. Best is trial 434 with value: 0.7503965208493221.
# [I 2024-01-17 20:57:44,345] Trial 503 finished with value: 0.7478127398311589 and parameters: {'max_depth': 20, 'learning_rate': 0.04303517078731015, 'subsample': 0.811303102990879, 'colsample_bytree': 0.7402711412964421, 'reg_alpha': 0.0073513519676878265, 'reg_lambda': 0.005646152392263857, 'min_child_weight': 13, 'gamma': 0.13508322650324742, 'num_boost_round': 819}. Best is trial 434 with value: 0.7503965208493221.
# [I 2024-01-17 20:58:07,280] Trial 504 finished with value: 0.7487848554617549 and parameters: {'max_depth': 20, 'learning_rate': 0.045370415907954896, 'subsample': 0.8150870982105674, 'colsample_bytree': 0.740281902111323, 'reg_alpha': 0.0059172794282274415, 'reg_lambda': 0.0066250483903534975, 'min_child_weight': 14, 'gamma': 0.12907171102134185, 'num_boost_round': 817}. Best is trial 434 with value: 0.7503965208493221.
# [I 2024-01-17 20:58:27,921] Trial 505 finished with value: 0.7492197492964953 and parameters: {'max_depth': 20, 'learning_rate': 0.04947399990486101, 'subsample': 0.7967079569466738, 'colsample_bytree': 0.7284415677320729, 'reg_alpha': 0.006070500962942905, 'reg_lambda': 0.004201835312333705, 'min_child_weight': 14, 'gamma': 0.13748382617929567, 'num_boost_round': 782}. Best is trial 434 with value: 0.7503965208493221.
# [I 2024-01-17 20:58:47,735] Trial 506 finished with value: 0.7481708876950627 and parameters: {'max_depth': 19, 'learning_rate': 0.04939318525626014, 'subsample': 0.8158105939533048, 'colsample_bytree': 0.7285280419922832, 'reg_alpha': 0.007008845682056467, 'reg_lambda': 0.006992548033562345, 'min_child_weight': 12, 'gamma': 0.14867433171542854, 'num_boost_round': 833}. Best is trial 434 with value: 0.7503965208493221.
# [I 2024-01-17 20:59:08,932] Trial 507 finished with value: 0.748119723714505 and parameters: {'max_depth': 20, 'learning_rate': 0.04163896063357275, 'subsample': 0.8052671772869563, 'colsample_bytree': 0.7375741618745695, 'reg_alpha': 0.006620291469989006, 'reg_lambda': 0.009677971226852506, 'min_child_weight': 13, 'gamma': 0.14902732842808347, 'num_boost_round': 831}. Best is trial 434 with value: 0.7503965208493221.
# [I 2024-01-17 20:59:27,749] Trial 508 finished with value: 0.7476080839089281 and parameters: {'max_depth': 20, 'learning_rate': 0.04464803835567977, 'subsample': 0.8039820872219539, 'colsample_bytree': 0.7382557225154482, 'reg_alpha': 0.006105486155295518, 'reg_lambda': 0.004537899523780339, 'min_child_weight': 13, 'gamma': 0.13026276569513073, 'num_boost_round': 809}. Best is trial 434 with value: 0.7503965208493221.
# [I 2024-01-17 20:59:46,999] Trial 509 finished with value: 0.7476336658992069 and parameters: {'max_depth': 20, 'learning_rate': 0.04332045275380439, 'subsample': 0.8011296180916646, 'colsample_bytree': 0.7408462297188857, 'reg_alpha': 0.003576401934992797, 'reg_lambda': 0.013401675037465088, 'min_child_weight': 12, 'gamma': 0.12167005063236258, 'num_boost_round': 809}. Best is trial 434 with value: 0.7503965208493221.
# [I 2024-01-17 21:00:04,236] Trial 510 finished with value: 0.7480941417242262 and parameters: {'max_depth': 20, 'learning_rate': 0.050235676981866574, 'subsample': 0.7906830968350064, 'colsample_bytree': 0.7237863129312525, 'reg_alpha': 0.002540643798571694, 'reg_lambda': 0.01086612414536948, 'min_child_weight': 14, 'gamma': 0.14768807959078614, 'num_boost_round': 816}. Best is trial 434 with value: 0.7503965208493221.
