/home/michaelye22/.local/lib/python3.10/site-packages/tqdm/auto.py:21: TqdmWarning: IProgress not found. Please update jupyter and ipywidgets. See https://ipywidgets.readthedocs.io/en/stable/user_install.html
#   from .autonotebook import tqdm as notebook_tqdm
# [I 2024-01-17 18:48:12,007] A new study created in memory with name: no-name-19e1aae1-278c-4b9c-aa5a-c52b04a6340a
# [I 2024-01-17 18:48:29,697] Trial 0 finished with value: 0.7447684829879765 and parameters: {'max_depth': 18, 'learning_rate': 0.09009895338304331, 'subsample': 0.8030718416475608, 'colsample_bytree': 0.966442896568471, 'reg_alpha': 2.791491528376382e-05, 'reg_lambda': 4.573148529913549e-06, 'min_child_weight': 7, 'gamma': 0.15155681055560533, 'num_boost_round': 721}. Best is trial 0 with value: 0.7447684829879765.
# [I 2024-01-17 18:48:44,440] Trial 1 finished with value: 0.746149910463034 and parameters: {'max_depth': 13, 'learning_rate': 0.047626930442205756, 'subsample': 0.8080870028182383, 'colsample_bytree': 0.7664366321276445, 'reg_alpha': 0.00021293488497674682, 'reg_lambda': 0.0005623764817446592, 'min_child_weight': 9, 'gamma': 0.15517859070270296, 'num_boost_round': 560}. Best is trial 1 with value: 0.746149910463034.
# [I 2024-01-17 18:48:56,700] Trial 2 finished with value: 0.7223586595037094 and parameters: {'max_depth': 9, 'learning_rate': 0.01789964890401469, 'subsample': 0.7743586521104062, 'colsample_bytree': 0.9121395607999437, 'reg_alpha': 0.0039637297009606385, 'reg_lambda': 0.025133951757100727, 'min_child_weight': 16, 'gamma': 0.2754070731121093, 'num_boost_round': 645}. Best is trial 1 with value: 0.746149910463034.
# [I 2024-01-17 18:49:15,933] Trial 3 finished with value: 0.7408288564850345 and parameters: {'max_depth': 12, 'learning_rate': 0.02709234314753561, 'subsample': 0.8282919001862852, 'colsample_bytree': 0.8555695033811439, 'reg_alpha': 0.0001809687271806116, 'reg_lambda': 0.014068954331446724, 'min_child_weight': 6, 'gamma': 0.28336490267102427, 'num_boost_round': 762}. Best is trial 1 with value: 0.746149910463034.
# [I 2024-01-17 18:50:03,760] Trial 4 finished with value: 0.746149910463034 and parameters: {'max_depth': 16, 'learning_rate': 0.015824596055012654, 'subsample': 0.8680294139630305, 'colsample_bytree': 0.8954018007825337, 'reg_alpha': 0.0006460589556595152, 'reg_lambda': 0.003763025474778686, 'min_child_weight': 9, 'gamma': 0.24311322397191845, 'num_boost_round': 517}. Best is trial 1 with value: 0.746149910463034.
# [I 2024-01-17 18:50:20,704] Trial 5 finished with value: 0.7449475569199284 and parameters: {'max_depth': 10, 'learning_rate': 0.03624868717345988, 'subsample': 0.8521995861596039, 'colsample_bytree': 0.7724860324224458, 'reg_alpha': 0.02150137679211983, 'reg_lambda': 0.0020645761158183387, 'min_child_weight': 8, 'gamma': 0.29054744314745884, 'num_boost_round': 732}. Best is trial 1 with value: 0.746149910463034.
# [I 2024-01-17 18:50:26,602] Trial 6 finished with value: 0.7442312611921207 and parameters: {'max_depth': 11, 'learning_rate': 0.10396707537020683, 'subsample': 0.7736633913358938, 'colsample_bytree': 0.8403620504141606, 'reg_alpha': 0.015089558693895598, 'reg_lambda': 0.0020393622256955637, 'min_child_weight': 13, 'gamma': 0.2566351329392538, 'num_boost_round': 594}. Best is trial 1 with value: 0.746149910463034.
# [I 2024-01-17 18:50:40,727] Trial 7 finished with value: 0.7438986953184958 and parameters: {'max_depth': 11, 'learning_rate': 0.04275517954948878, 'subsample': 0.8536179853072952, 'colsample_bytree': 0.8131902579971916, 'reg_alpha': 0.0003554736164622815, 'reg_lambda': 0.0002014294202314028, 'min_child_weight': 13, 'gamma': 0.2847219077216584, 'num_boost_round': 785}. Best is trial 1 with value: 0.746149910463034.
# [I 2024-01-17 18:50:49,813] Trial 8 finished with value: 0.7217191097467384 and parameters: {'max_depth': 7, 'learning_rate': 0.02910176987045188, 'subsample': 0.8537568394841877, 'colsample_bytree': 0.840329452464763, 'reg_alpha': 0.002597428601234658, 'reg_lambda': 0.01451389379639219, 'min_child_weight': 12, 'gamma': 0.37035790374549854, 'num_boost_round': 471}. Best is trial 1 with value: 0.746149910463034.
# [I 2024-01-17 18:51:08,796] Trial 9 finished with value: 0.7485034535686876 and parameters: {'max_depth': 15, 'learning_rate': 0.05336935110261098, 'subsample': 0.8834652325679093, 'colsample_bytree': 0.8220555703793428, 'reg_alpha': 0.011173016288011785, 'reg_lambda': 0.0008103757391725349, 'min_child_weight': 18, 'gamma': 0.24717434178747674, 'num_boost_round': 557}. Best is trial 9 with value: 0.7485034535686876.
# [I 2024-01-17 18:51:25,075] Trial 10 finished with value: 0.7414939882322844 and parameters: {'max_depth': 14, 'learning_rate': 0.02691997680769745, 'subsample': 0.8009005880381118, 'colsample_bytree': 0.8170861936119944, 'reg_alpha': 0.016990272040551813, 'reg_lambda': 0.0006532565612055514, 'min_child_weight': 13, 'gamma': 0.25252158966604327, 'num_boost_round': 711}. Best is trial 9 with value: 0.7485034535686876.
# [I 2024-01-17 18:51:39,390] Trial 11 finished with value: 0.7293425428498337 and parameters: {'max_depth': 10, 'learning_rate': 0.02047708740488207, 'subsample': 0.9036022588957462, 'colsample_bytree': 0.8582258402075242, 'reg_alpha': 0.00022003733044349214, 'reg_lambda': 0.0002084409829212313, 'min_child_weight': 16, 'gamma': 0.17235302249001544, 'num_boost_round': 432}. Best is trial 9 with value: 0.7485034535686876.
# [I 2024-01-17 18:51:52,515] Trial 12 finished with value: 0.7459452545408033 and parameters: {'max_depth': 13, 'learning_rate': 0.050903593637958426, 'subsample': 0.858809857893297, 'colsample_bytree': 0.8076545890930806, 'reg_alpha': 0.0002710254605388857, 'reg_lambda': 0.0005040605456703904, 'min_child_weight': 15, 'gamma': 0.35431490909663843, 'num_boost_round': 673}. Best is trial 9 with value: 0.7485034535686876.
# [I 2024-01-17 18:52:09,373] Trial 13 finished with value: 0.7344077769250448 and parameters: {'max_depth': 11, 'learning_rate': 0.02045369984344379, 'subsample': 0.9283447715262648, 'colsample_bytree': 0.7579140996655793, 'reg_alpha': 0.00038022143515809383, 'reg_lambda': 0.005307753841699288, 'min_child_weight': 12, 'gamma': 0.2951152972784481, 'num_boost_round': 652}. Best is trial 9 with value: 0.7485034535686876.
# [I 2024-01-17 18:52:19,842] Trial 14 finished with value: 0.7470196981325148 and parameters: {'max_depth': 12, 'learning_rate': 0.07626813386942721, 'subsample': 0.7946521529308246, 'colsample_bytree': 0.7580907908609056, 'reg_alpha': 0.01209924749722151, 'reg_lambda': 7.605450522712126e-05, 'min_child_weight': 10, 'gamma': 0.272013512260311, 'num_boost_round': 566}. Best is trial 9 with value: 0.7485034535686876.
# [I 2024-01-17 18:52:33,960] Trial 15 finished with value: 0.7415963161933998 and parameters: {'max_depth': 11, 'learning_rate': 0.03669655195062221, 'subsample': 0.8949548085381619, 'colsample_bytree': 0.8007513849744512, 'reg_alpha': 0.004736327259114788, 'reg_lambda': 0.0005573692680664405, 'min_child_weight': 13, 'gamma': 0.3071769562382515, 'num_boost_round': 541}. Best is trial 9 with value: 0.7485034535686876.
# [I 2024-01-17 18:52:44,812] Trial 16 finished with value: 0.7466359682783321 and parameters: {'max_depth': 14, 'learning_rate': 0.07086537760707563, 'subsample': 0.8841883519606748, 'colsample_bytree': 0.8267617654772512, 'reg_alpha': 0.003580635331141012, 'reg_lambda': 1.2642140871531964e-05, 'min_child_weight': 17, 'gamma': 0.35243554876819916, 'num_boost_round': 606}. Best is trial 9 with value: 0.7485034535686876.
# [I 2024-01-17 18:52:56,859] Trial 17 finished with value: 0.7464313123561013 and parameters: {'max_depth': 19, 'learning_rate': 0.08632179879648508, 'subsample': 0.8831885515096738, 'colsample_bytree': 0.8331632920661987, 'reg_alpha': 5.1770356997414365e-05, 'reg_lambda': 0.0004317720498095402, 'min_child_weight': 20, 'gamma': 0.09272179083279725, 'num_boost_round': 722}. Best is trial 9 with value: 0.7485034535686876.
# [I 2024-01-17 18:53:16,589] Trial 18 finished with value: 0.7468406242005627 and parameters: {'max_depth': 15, 'learning_rate': 0.04067727447226667, 'subsample': 0.835069319084716, 'colsample_bytree': 0.8984793185346415, 'reg_alpha': 0.03437987300164812, 'reg_lambda': 0.003966463887381545, 'min_child_weight': 14, 'gamma': 0.1109428299172178, 'num_boost_round': 542}. Best is trial 9 with value: 0.7485034535686876.
# [I 2024-01-17 18:53:36,827] Trial 19 finished with value: 0.7444614991046303 and parameters: {'max_depth': 17, 'learning_rate': 0.024431809230436016, 'subsample': 0.8038169421520306, 'colsample_bytree': 0.8422678643556147, 'reg_alpha': 0.004040133889958242, 'reg_lambda': 0.03284522935520584, 'min_child_weight': 15, 'gamma': 0.1820700951173648, 'num_boost_round': 558}. Best is trial 9 with value: 0.7485034535686876.
# [I 2024-01-17 18:53:52,375] Trial 20 finished with value: 0.7466615502686109 and parameters: {'max_depth': 11, 'learning_rate': 0.050296894626204396, 'subsample': 0.8442008812964785, 'colsample_bytree': 0.8118935361374402, 'reg_alpha': 0.0818264210510168, 'reg_lambda': 1.1439932892111486e-05, 'min_child_weight': 12, 'gamma': 0.22747407712882808, 'num_boost_round': 426}. Best is trial 9 with value: 0.7485034535686876.
# [I 2024-01-17 18:54:07,270] Trial 21 finished with value: 0.7448708109490918 and parameters: {'max_depth': 16, 'learning_rate': 0.04375186031443307, 'subsample': 0.8076500822479138, 'colsample_bytree': 0.8303865730254828, 'reg_alpha': 0.006127957305304081, 'reg_lambda': 2.399759637694334e-05, 'min_child_weight': 12, 'gamma': 0.3143823750911343, 'num_boost_round': 462}. Best is trial 9 with value: 0.7485034535686876.
# [I 2024-01-17 18:54:14,367] Trial 22 finished with value: 0.743694039396265 and parameters: {'max_depth': 13, 'learning_rate': 0.09139149274897222, 'subsample': 0.8219928969334042, 'colsample_bytree': 0.8663896329965813, 'reg_alpha': 0.20769899412923884, 'reg_lambda': 0.0028651099163406993, 'min_child_weight': 9, 'gamma': 0.26923163880282264, 'num_boost_round': 565}. Best is trial 9 with value: 0.7485034535686876.
# [I 2024-01-17 18:54:31,941] Trial 23 finished with value: 0.7403939626502942 and parameters: {'max_depth': 14, 'learning_rate': 0.021504818448124272, 'subsample': 0.8005666209408923, 'colsample_bytree': 0.7567521147282081, 'reg_alpha': 0.0021801392035006176, 'reg_lambda': 0.0029479207047837823, 'min_child_weight': 12, 'gamma': 0.35961359037566765, 'num_boost_round': 628}. Best is trial 9 with value: 0.7485034535686876.
# [I 2024-01-17 18:54:40,953] Trial 24 finished with value: 0.7460220005116398 and parameters: {'max_depth': 12, 'learning_rate': 0.08056501895943192, 'subsample': 0.8006601606638918, 'colsample_bytree': 0.7861846633195451, 'reg_alpha': 0.01556096073151123, 'reg_lambda': 6.123764471479945e-05, 'min_child_weight': 12, 'gamma': 0.1841278090209839, 'num_boost_round': 572}. Best is trial 9 with value: 0.7485034535686876.
# [I 2024-01-17 18:54:51,808] Trial 25 finished with value: 0.7358659503709388 and parameters: {'max_depth': 12, 'learning_rate': 0.03282060416999076, 'subsample': 0.8963478650486096, 'colsample_bytree': 0.8757396219639026, 'reg_alpha': 0.008471185603779798, 'reg_lambda': 0.005829223500999136, 'min_child_weight': 11, 'gamma': 0.19066706976795686, 'num_boost_round': 631}. Best is trial 9 with value: 0.7485034535686876.
# [I 2024-01-17 18:55:03,381] Trial 26 finished with value: 0.7434126375031977 and parameters: {'max_depth': 13, 'learning_rate': 0.04727836171825635, 'subsample': 0.8199367457607796, 'colsample_bytree': 0.7645840054404367, 'reg_alpha': 0.9144019885430039, 'reg_lambda': 0.002002577924780332, 'min_child_weight': 10, 'gamma': 0.22813704003912139, 'num_boost_round': 550}. Best is trial 9 with value: 0.7485034535686876.
# [I 2024-01-17 18:55:14,717] Trial 27 finished with value: 0.7467638782297263 and parameters: {'max_depth': 13, 'learning_rate': 0.08316484174138365, 'subsample': 0.8100854121049694, 'colsample_bytree': 0.7446404654353502, 'reg_alpha': 0.007356626261103651, 'reg_lambda': 6.676849156855387e-06, 'min_child_weight': 9, 'gamma': 0.21452427801564974, 'num_boost_round': 557}. Best is trial 9 with value: 0.7485034535686876.
# [I 2024-01-17 18:55:28,066] Trial 28 finished with value: 0.7472755180353031 and parameters: {'max_depth': 17, 'learning_rate': 0.07319293693883026, 'subsample': 0.7718585579741255, 'colsample_bytree': 0.8283415162316008, 'reg_alpha': 0.004239817241038543, 'reg_lambda': 0.015299061658608854, 'min_child_weight': 12, 'gamma': 0.30628593428534273, 'num_boost_round': 503}. Best is trial 9 with value: 0.7485034535686876.
# [I 2024-01-17 18:55:43,230] Trial 29 finished with value: 0.742389357892044 and parameters: {'max_depth': 13, 'learning_rate': 0.05140916864149056, 'subsample': 0.792385762743243, 'colsample_bytree': 0.8411200342903251, 'reg_alpha': 0.00045948394101041787, 'reg_lambda': 0.00012866537554495985, 'min_child_weight': 12, 'gamma': 0.12499479481589419, 'num_boost_round': 530}. Best is trial 9 with value: 0.7485034535686876.
# [I 2024-01-17 18:55:54,404] Trial 30 finished with value: 0.7448196469685342 and parameters: {'max_depth': 12, 'learning_rate': 0.05724598073043607, 'subsample': 0.7363288047055699, 'colsample_bytree': 0.7580018531317212, 'reg_alpha': 0.2181307158610587, 'reg_lambda': 1.5421314068583078e-05, 'min_child_weight': 12, 'gamma': 0.2846166403042549, 'num_boost_round': 754}. Best is trial 9 with value: 0.7485034535686876.
# [I 2024-01-17 18:56:09,520] Trial 31 finished with value: 0.7440010232796112 and parameters: {'max_depth': 14, 'learning_rate': 0.0390987302549513, 'subsample': 0.7482293966749493, 'colsample_bytree': 0.7764789670478313, 'reg_alpha': 0.005453918587987758, 'reg_lambda': 4.472672079530011e-05, 'min_child_weight': 16, 'gamma': 0.30378722741576947, 'num_boost_round': 472}. Best is trial 9 with value: 0.7485034535686876.
# [I 2024-01-17 18:56:16,807] Trial 32 finished with value: 0.7386032233307751 and parameters: {'max_depth': 12, 'learning_rate': 0.057028537973323516, 'subsample': 0.8378693633087879, 'colsample_bytree': 0.7629456189614856, 'reg_alpha': 0.0019754339958011247, 'reg_lambda': 0.00010130455476910769, 'min_child_weight': 12, 'gamma': 0.2518089110096779, 'num_boost_round': 643}. Best is trial 9 with value: 0.7485034535686876.
# [I 2024-01-17 18:56:23,020] Trial 33 finished with value: 0.7452801227935533 and parameters: {'max_depth': 15, 'learning_rate': 0.17036390215247058, 'subsample': 0.7421705511066913, 'colsample_bytree': 0.7947192197968814, 'reg_alpha': 0.0005328653784646791, 'reg_lambda': 3.2554048399632155e-05, 'min_child_weight': 8, 'gamma': 0.4084284396177236, 'num_boost_round': 574}. Best is trial 9 with value: 0.7485034535686876.
# [I 2024-01-17 18:56:29,581] Trial 34 finished with value: 0.7478639038117165 and parameters: {'max_depth': 13, 'learning_rate': 0.16162691686819747, 'subsample': 0.7646623853036788, 'colsample_bytree': 0.7076200681533307, 'reg_alpha': 0.0049377586862461905, 'reg_lambda': 0.0012854164589401712, 'min_child_weight': 10, 'gamma': 0.19904544182242845, 'num_boost_round': 431}. Best is trial 9 with value: 0.7485034535686876.
# [I 2024-01-17 18:56:45,123] Trial 35 finished with value: 0.7469429521616782 and parameters: {'max_depth': 16, 'learning_rate': 0.06411853753784844, 'subsample': 0.8309210103827708, 'colsample_bytree': 0.7560597748065682, 'reg_alpha': 0.001039090142314573, 'reg_lambda': 3.21942282133817e-05, 'min_child_weight': 7, 'gamma': 0.21485491990356562, 'num_boost_round': 566}. Best is trial 9 with value: 0.7485034535686876.
# [I 2024-01-17 18:57:06,865] Trial 36 finished with value: 0.7485546175492453 and parameters: {'max_depth': 19, 'learning_rate': 0.04729565720609144, 'subsample': 0.8073063971695645, 'colsample_bytree': 0.7447703594205985, 'reg_alpha': 0.003247889923636391, 'reg_lambda': 0.00039516710765441314, 'min_child_weight': 11, 'gamma': 0.1654429468212822, 'num_boost_round': 486}. Best is trial 36 with value: 0.7485546175492453.
# [I 2024-01-17 18:57:22,013] Trial 37 finished with value: 0.7425684318239959 and parameters: {'max_depth': 15, 'learning_rate': 0.03290860464517708, 'subsample': 0.7828160531466675, 'colsample_bytree': 0.8318410874638885, 'reg_alpha': 0.005667388556800471, 'reg_lambda': 0.0016903151636024404, 'min_child_weight': 16, 'gamma': 0.2512717332402348, 'num_boost_round': 745}. Best is trial 36 with value: 0.7485546175492453.
# [I 2024-01-17 18:57:32,339] Trial 38 finished with value: 0.7469941161422359 and parameters: {'max_depth': 18, 'learning_rate': 0.1227122604388822, 'subsample': 0.9127939625336939, 'colsample_bytree': 0.8125557112985112, 'reg_alpha': 0.02033445859489028, 'reg_lambda': 0.0006749344059997895, 'min_child_weight': 8, 'gamma': 0.3092338890628791, 'num_boost_round': 560}. Best is trial 36 with value: 0.7485546175492453.
# [I 2024-01-17 18:57:44,601] Trial 39 finished with value: 0.7464057303658225 and parameters: {'max_depth': 14, 'learning_rate': 0.0744450802787186, 'subsample': 0.7831787190565687, 'colsample_bytree': 0.8056856127149594, 'reg_alpha': 0.0015480790489385526, 'reg_lambda': 1.777076272842089e-05, 'min_child_weight': 8, 'gamma': 0.20257766118517975, 'num_boost_round': 412}. Best is trial 36 with value: 0.7485546175492453.
# [I 2024-01-17 18:57:52,326] Trial 40 finished with value: 0.7470452801227936 and parameters: {'max_depth': 12, 'learning_rate': 0.14506098869526668, 'subsample': 0.846781340393767, 'colsample_bytree': 0.7517779154912102, 'reg_alpha': 0.011504586779970663, 'reg_lambda': 6.839916684272757e-05, 'min_child_weight': 11, 'gamma': 0.263732643314122, 'num_boost_round': 525}. Best is trial 36 with value: 0.7485546175492453.
# [I 2024-01-17 18:58:06,472] Trial 41 finished with value: 0.7435917114351496 and parameters: {'max_depth': 14, 'learning_rate': 0.04897767117921033, 'subsample': 0.8469437223325698, 'colsample_bytree': 0.7419283826522866, 'reg_alpha': 0.0006070028755949079, 'reg_lambda': 0.0019391912684950231, 'min_child_weight': 5, 'gamma': 0.30681840312762765, 'num_boost_round': 442}. Best is trial 36 with value: 0.7485546175492453.
# [I 2024-01-17 18:58:14,367] Trial 42 finished with value: 0.7462010744435917 and parameters: {'max_depth': 11, 'learning_rate': 0.1233817819024692, 'subsample': 0.8529241249073485, 'colsample_bytree': 0.7490288459065485, 'reg_alpha': 0.03566583130774704, 'reg_lambda': 0.007423507358632317, 'min_child_weight': 14, 'gamma': 0.20583407810761606, 'num_boost_round': 485}. Best is trial 36 with value: 0.7485546175492453.
# [I 2024-01-17 18:58:31,755] Trial 43 finished with value: 0.7474801739575339 and parameters: {'max_depth': 18, 'learning_rate': 0.06767400425423149, 'subsample': 0.7718729886570541, 'colsample_bytree': 0.7601872102022973, 'reg_alpha': 0.020323152333860145, 'reg_lambda': 0.0007518351148269991, 'min_child_weight': 8, 'gamma': 0.051608437237255306, 'num_boost_round': 546}. Best is trial 36 with value: 0.7485546175492453.
# [I 2024-01-17 18:58:43,291] Trial 44 finished with value: 0.7481964696853416 and parameters: {'max_depth': 15, 'learning_rate': 0.09235177129011912, 'subsample': 0.7442054220027279, 'colsample_bytree': 0.7103327899209402, 'reg_alpha': 0.002265338185321071, 'reg_lambda': 0.0002452763352627717, 'min_child_weight': 11, 'gamma': 0.13995351868479644, 'num_boost_round': 475}. Best is trial 36 with value: 0.7485546175492453.
# [I 2024-01-17 18:58:52,937] Trial 45 finished with value: 0.7470196981325148 and parameters: {'max_depth': 17, 'learning_rate': 0.10395432512514305, 'subsample': 0.8146812054862577, 'colsample_bytree': 0.8060503501605416, 'reg_alpha': 0.02192112897945842, 'reg_lambda': 4.783838181837286e-06, 'min_child_weight': 8, 'gamma': 0.26310444658260046, 'num_boost_round': 455}. Best is trial 36 with value: 0.7485546175492453.
# [I 2024-01-17 18:59:01,528] Trial 46 finished with value: 0.7428242517267843 and parameters: {'max_depth': 9, 'learning_rate': 0.08202060768382811, 'subsample': 0.7509332547092161, 'colsample_bytree': 0.8170536055892721, 'reg_alpha': 0.0004443958233590627, 'reg_lambda': 2.2467381336267353e-05, 'min_child_weight': 6, 'gamma': 0.16958819272237774, 'num_boost_round': 599}. Best is trial 36 with value: 0.7485546175492453.
# [I 2024-01-17 18:59:19,215] Trial 47 finished with value: 0.7476336658992069 and parameters: {'max_depth': 18, 'learning_rate': 0.04216876337446882, 'subsample': 0.9024229491895511, 'colsample_bytree': 0.7512885122454787, 'reg_alpha': 0.910526518323461, 'reg_lambda': 0.0010061471548118684, 'min_child_weight': 10, 'gamma': 0.17760075149187404, 'num_boost_round': 471}. Best is trial 36 with value: 0.7485546175492453.
# [I 2024-01-17 18:59:30,026] Trial 48 finished with value: 0.7429521616781786 and parameters: {'max_depth': 14, 'learning_rate': 0.05400196762283385, 'subsample': 0.8241566814957652, 'colsample_bytree': 0.7530769765992236, 'reg_alpha': 0.004651265017233095, 'reg_lambda': 0.00015894701146886958, 'min_child_weight': 6, 'gamma': 0.22584657220052895, 'num_boost_round': 541}. Best is trial 36 with value: 0.7485546175492453.
# [I 2024-01-17 18:59:50,951] Trial 49 finished with value: 0.7472499360450243 and parameters: {'max_depth': 16, 'learning_rate': 0.053659292691715384, 'subsample': 0.8283795840364192, 'colsample_bytree': 0.7422748780137542, 'reg_alpha': 0.015763140961246543, 'reg_lambda': 0.0023254180015513104, 'min_child_weight': 3, 'gamma': 0.20754283171331886, 'num_boost_round': 554}. Best is trial 36 with value: 0.7485546175492453.
# [I 2024-01-17 18:59:58,320] Trial 50 finished with value: 0.7473522640061396 and parameters: {'max_depth': 15, 'learning_rate': 0.1323791981340277, 'subsample': 0.7932619484238672, 'colsample_bytree': 0.7267483152353632, 'reg_alpha': 0.0024880999153296373, 'reg_lambda': 9.872001379170392e-05, 'min_child_weight': 11, 'gamma': 0.2851844959993597, 'num_boost_round': 530}. Best is trial 36 with value: 0.7485546175492453.
