# [I 2024-01-17 19:33:46,119] Trial 205 finished with value: 0.747454591967255 and parameters: {'max_depth': 18, 'learning_rate': 0.10797443354532087, 'subsample': 0.7883247670595599, 'colsample_bytree': 0.7067408384379642, 'reg_alpha': 0.0001114199263952913, 'reg_lambda': 0.001340213898806455, 'min_child_weight': 11, 'gamma': 0.11463856719328333, 'num_boost_round': 602}. Best is trial 200 with value: 0.7496290611409568.
# [I 2024-01-17 19:34:01,341] Trial 206 finished with value: 0.7489639293937068 and parameters: {'max_depth': 19, 'learning_rate': 0.07630432218251879, 'subsample': 0.7370451812943731, 'colsample_bytree': 0.7528476692120866, 'reg_alpha': 0.0015421525421734975, 'reg_lambda': 0.0020989996971672383, 'min_child_weight': 11, 'gamma': 0.08363578511088195, 'num_boost_round': 672}. Best is trial 200 with value: 0.7496290611409568.
# [I 2024-01-17 19:34:12,801] Trial 207 finished with value: 0.7463545663852648 and parameters: {'max_depth': 18, 'learning_rate': 0.07913215590453453, 'subsample': 0.7414978818671196, 'colsample_bytree': 0.7434285439997339, 'reg_alpha': 0.001067051382469875, 'reg_lambda': 0.0011544518714273091, 'min_child_weight': 11, 'gamma': 0.07558557655486894, 'num_boost_round': 634}. Best is trial 200 with value: 0.7496290611409568.
# [I 2024-01-17 19:34:32,473] Trial 208 finished with value: 0.74911742133538 and parameters: {'max_depth': 20, 'learning_rate': 0.05197560302207568, 'subsample': 0.7759794268855298, 'colsample_bytree': 0.7200609768720894, 'reg_alpha': 0.0013620008662983136, 'reg_lambda': 0.010985119701143554, 'min_child_weight': 16, 'gamma': 0.11858475220795486, 'num_boost_round': 699}. Best is trial 200 with value: 0.7496290611409568.
# [I 2024-01-17 19:34:45,692] Trial 209 finished with value: 0.7476080839089281 and parameters: {'max_depth': 18, 'learning_rate': 0.07967076888890139, 'subsample': 0.8033814421002075, 'colsample_bytree': 0.7225780209794258, 'reg_alpha': 0.00015832837560357033, 'reg_lambda': 0.0017599155524073225, 'min_child_weight': 10, 'gamma': 0.09789548305024773, 'num_boost_round': 537}. Best is trial 200 with value: 0.7496290611409568.
# [I 2024-01-17 19:35:06,405] Trial 210 finished with value: 0.7483499616270146 and parameters: {'max_depth': 19, 'learning_rate': 0.06927501378684989, 'subsample': 0.7970447993515597, 'colsample_bytree': 0.7157949306758222, 'reg_alpha': 0.0006959471956037687, 'reg_lambda': 0.0011289392641227794, 'min_child_weight': 8, 'gamma': 0.011590612675341297, 'num_boost_round': 604}. Best is trial 200 with value: 0.7496290611409568.
# [I 2024-01-17 19:35:23,630] Trial 211 finished with value: 0.74911742133538 and parameters: {'max_depth': 18, 'learning_rate': 0.06530211389558911, 'subsample': 0.7409306505226444, 'colsample_bytree': 0.7251827488370308, 'reg_alpha': 0.0010032624966220234, 'reg_lambda': 0.0036297998807167504, 'min_child_weight': 12, 'gamma': 0.07826460223761318, 'num_boost_round': 704}. Best is trial 200 with value: 0.7496290611409568.
# [I 2024-01-17 19:35:36,983] Trial 212 finished with value: 0.7474290099769763 and parameters: {'max_depth': 19, 'learning_rate': 0.07217304995433904, 'subsample': 0.7583441598031782, 'colsample_bytree': 0.7562794941157386, 'reg_alpha': 0.0008176271382672688, 'reg_lambda': 0.00535078574945663, 'min_child_weight': 14, 'gamma': 0.14346873928042123, 'num_boost_round': 679}. Best is trial 200 with value: 0.7496290611409568.
# [I 2024-01-17 19:35:51,764] Trial 213 finished with value: 0.7489895113839857 and parameters: {'max_depth': 20, 'learning_rate': 0.0719064877635436, 'subsample': 0.7491894059360301, 'colsample_bytree': 0.7353464051124968, 'reg_alpha': 0.0007401273828924045, 'reg_lambda': 0.002908075991620609, 'min_child_weight': 17, 'gamma': 0.06813678001073216, 'num_boost_round': 692}. Best is trial 200 with value: 0.7496290611409568.
# [I 2024-01-17 19:36:11,510] Trial 214 finished with value: 0.7479918137631107 and parameters: {'max_depth': 20, 'learning_rate': 0.06112655929820295, 'subsample': 0.7624226585864482, 'colsample_bytree': 0.7400548374148405, 'reg_alpha': 0.0010297402831522858, 'reg_lambda': 0.0017307345603780231, 'min_child_weight': 12, 'gamma': 0.022756548624918438, 'num_boost_round': 683}. Best is trial 200 with value: 0.7496290611409568.
# [I 2024-01-17 19:36:27,670] Trial 215 finished with value: 0.7490406753645433 and parameters: {'max_depth': 19, 'learning_rate': 0.0662875093617808, 'subsample': 0.795410677686352, 'colsample_bytree': 0.7242313291617799, 'reg_alpha': 0.001756927186113737, 'reg_lambda': 0.001219588516373603, 'min_child_weight': 12, 'gamma': 0.11311414218696653, 'num_boost_round': 726}. Best is trial 200 with value: 0.7496290611409568.
# [I 2024-01-17 19:36:49,076] Trial 216 finished with value: 0.7487592734714761 and parameters: {'max_depth': 20, 'learning_rate': 0.05324587141159692, 'subsample': 0.7816740765372056, 'colsample_bytree': 0.7619738124606622, 'reg_alpha': 0.0008448950527645378, 'reg_lambda': 0.017621949586425743, 'min_child_weight': 13, 'gamma': 0.03709935151012333, 'num_boost_round': 602}. Best is trial 200 with value: 0.7496290611409568.
# [I 2024-01-17 19:37:00,251] Trial 217 finished with value: 0.7467127142491685 and parameters: {'max_depth': 19, 'learning_rate': 0.08537751567963771, 'subsample': 0.7577772603265823, 'colsample_bytree': 0.7305999334585851, 'reg_alpha': 0.00042735761053141954, 'reg_lambda': 0.0017306026394198078, 'min_child_weight': 14, 'gamma': 0.03946964165175358, 'num_boost_round': 647}. Best is trial 200 with value: 0.7496290611409568.
# [I 2024-01-17 19:37:13,172] Trial 218 finished with value: 0.7467127142491685 and parameters: {'max_depth': 18, 'learning_rate': 0.06909789046637654, 'subsample': 0.7679781076828707, 'colsample_bytree': 0.7725374324454127, 'reg_alpha': 0.003469623244934823, 'reg_lambda': 0.006836504861898859, 'min_child_weight': 14, 'gamma': 0.027532919896140463, 'num_boost_round': 669}. Best is trial 200 with value: 0.7496290611409568.
# [I 2024-01-17 19:37:31,093] Trial 219 finished with value: 0.748273215656178 and parameters: {'max_depth': 20, 'learning_rate': 0.06339443422652685, 'subsample': 0.8107125122055774, 'colsample_bytree': 0.7454082432540088, 'reg_alpha': 0.006524130971181055, 'reg_lambda': 0.000731581271558185, 'min_child_weight': 11, 'gamma': 0.12031495126577471, 'num_boost_round': 694}. Best is trial 200 with value: 0.7496290611409568.
# [I 2024-01-17 19:37:45,031] Trial 220 finished with value: 0.748119723714505 and parameters: {'max_depth': 18, 'learning_rate': 0.06635785080623886, 'subsample': 0.7511467887418479, 'colsample_bytree': 0.7652840551498998, 'reg_alpha': 0.0007888969151269461, 'reg_lambda': 0.005004749483387846, 'min_child_weight': 14, 'gamma': 0.08816080573739984, 'num_boost_round': 678}. Best is trial 200 with value: 0.7496290611409568.
# [I 2024-01-17 19:37:59,122] Trial 221 finished with value: 0.7475825019186493 and parameters: {'max_depth': 15, 'learning_rate': 0.05913125428353646, 'subsample': 0.7410705566669175, 'colsample_bytree': 0.7279726810829344, 'reg_alpha': 0.00021624941716467965, 'reg_lambda': 0.0018604734152838397, 'min_child_weight': 15, 'gamma': 0.07986618143545214, 'num_boost_round': 661}. Best is trial 200 with value: 0.7496290611409568.
# [I 2024-01-17 19:38:17,255] Trial 222 finished with value: 0.7481708876950627 and parameters: {'max_depth': 19, 'learning_rate': 0.05759185597381968, 'subsample': 0.7510602786287954, 'colsample_bytree': 0.7310635995845883, 'reg_alpha': 0.0019966929319563996, 'reg_lambda': 0.0005614070947485798, 'min_child_weight': 14, 'gamma': 0.09165104537138585, 'num_boost_round': 666}. Best is trial 200 with value: 0.7496290611409568.
# [I 2024-01-17 19:38:35,009] Trial 223 finished with value: 0.74845228958813 and parameters: {'max_depth': 20, 'learning_rate': 0.0560759542339252, 'subsample': 0.8017701992004386, 'colsample_bytree': 0.7610846895963024, 'reg_alpha': 0.00040816425207412907, 'reg_lambda': 0.010433382882345365, 'min_child_weight': 13, 'gamma': 0.06185303796924333, 'num_boost_round': 722}. Best is trial 200 with value: 0.7496290611409568.
# [I 2024-01-17 19:38:55,964] Trial 224 finished with value: 0.7493988232284472 and parameters: {'max_depth': 20, 'learning_rate': 0.059164242512075624, 'subsample': 0.7806657124497793, 'colsample_bytree': 0.7210597484429724, 'reg_alpha': 0.006090219802940578, 'reg_lambda': 0.003968130266473167, 'min_child_weight': 13, 'gamma': 0.07806777946258467, 'num_boost_round': 727}. Best is trial 200 with value: 0.7496290611409568.
# [I 2024-01-17 19:39:10,709] Trial 225 finished with value: 0.7478894858019953 and parameters: {'max_depth': 18, 'learning_rate': 0.06330052839195435, 'subsample': 0.7227934044489968, 'colsample_bytree': 0.7230893394945089, 'reg_alpha': 0.0020469798965862406, 'reg_lambda': 0.0074329900175021495, 'min_child_weight': 11, 'gamma': 0.039337685689787245, 'num_boost_round': 619}. Best is trial 200 with value: 0.7496290611409568.
# [I 2024-01-17 19:39:25,146] Trial 226 finished with value: 0.7475569199283705 and parameters: {'max_depth': 20, 'learning_rate': 0.06885107701892948, 'subsample': 0.7667972895967928, 'colsample_bytree': 0.7210111779077844, 'reg_alpha': 0.003587405541779437, 'reg_lambda': 0.0025296245942756424, 'min_child_weight': 14, 'gamma': 0.050056862901758654, 'num_boost_round': 716}. Best is trial 200 with value: 0.7496290611409568.
# [I 2024-01-17 19:39:37,374] Trial 227 finished with value: 0.7478127398311589 and parameters: {'max_depth': 19, 'learning_rate': 0.08363130932069611, 'subsample': 0.7795442763292092, 'colsample_bytree': 0.7565076439321462, 'reg_alpha': 0.0008654303619288092, 'reg_lambda': 0.0007001055537621098, 'min_child_weight': 13, 'gamma': 0.10363494275167041, 'num_boost_round': 707}. Best is trial 200 with value: 0.7496290611409568.
# [I 2024-01-17 19:39:57,743] Trial 228 finished with value: 0.74778715784088 and parameters: {'max_depth': 20, 'learning_rate': 0.05973700012680619, 'subsample': 0.7315529825770528, 'colsample_bytree': 0.7596723863681485, 'reg_alpha': 0.0014706470098635235, 'reg_lambda': 0.009856329251270952, 'min_child_weight': 12, 'gamma': 0.02209875531657953, 'num_boost_round': 734}. Best is trial 200 with value: 0.7496290611409568.
# [I 2024-01-17 19:40:15,579] Trial 229 finished with value: 0.7489639293937068 and parameters: {'max_depth': 18, 'learning_rate': 0.06587886503214535, 'subsample': 0.7670769395278176, 'colsample_bytree': 0.7542453122713222, 'reg_alpha': 0.0019886020074691207, 'reg_lambda': 0.0012551653879555142, 'min_child_weight': 13, 'gamma': 0.05074302009699162, 'num_boost_round': 716}. Best is trial 200 with value: 0.7496290611409568.
# [I 2024-01-17 19:40:33,801] Trial 230 finished with value: 0.7471987720644666 and parameters: {'max_depth': 20, 'learning_rate': 0.048537959452135716, 'subsample': 0.7763095717587883, 'colsample_bytree': 0.7557185846592852, 'reg_alpha': 0.000792936943330646, 'reg_lambda': 0.009678200693164996, 'min_child_weight': 13, 'gamma': 0.14152415669411927, 'num_boost_round': 713}. Best is trial 200 with value: 0.7496290611409568.
# [I 2024-01-17 19:40:47,342] Trial 231 finished with value: 0.7467638782297263 and parameters: {'max_depth': 19, 'learning_rate': 0.07237148621954674, 'subsample': 0.7660923172890648, 'colsample_bytree': 0.7503247590263553, 'reg_alpha': 0.0013175716948054634, 'reg_lambda': 0.012739298562461787, 'min_child_weight': 14, 'gamma': 0.04417569466223856, 'num_boost_round': 745}. Best is trial 200 with value: 0.7496290611409568.
# [I 2024-01-17 19:41:11,314] Trial 232 finished with value: 0.7485801995395241 and parameters: {'max_depth': 20, 'learning_rate': 0.04141973603280847, 'subsample': 0.7820140762784605, 'colsample_bytree': 0.7484528717754115, 'reg_alpha': 0.029322422036467784, 'reg_lambda': 0.0008139135576982117, 'min_child_weight': 15, 'gamma': 0.13463943048870652, 'num_boost_round': 671}. Best is trial 200 with value: 0.7496290611409568.
# [I 2024-01-17 19:41:24,756] Trial 233 finished with value: 0.7473266820158608 and parameters: {'max_depth': 20, 'learning_rate': 0.08132402020418954, 'subsample': 0.7568244088810331, 'colsample_bytree': 0.7749016524590253, 'reg_alpha': 0.0006810560929862608, 'reg_lambda': 0.004672934373741604, 'min_child_weight': 16, 'gamma': 0.04972855142218628, 'num_boost_round': 751}. Best is trial 200 with value: 0.7496290611409568.
# [I 2024-01-17 19:41:43,046] Trial 234 finished with value: 0.7494755691992837 and parameters: {'max_depth': 20, 'learning_rate': 0.0565839001873018, 'subsample': 0.799087379567299, 'colsample_bytree': 0.7107885368210106, 'reg_alpha': 0.004588924631783493, 'reg_lambda': 0.00400696072574868, 'min_child_weight': 12, 'gamma': 0.08486989445648072, 'num_boost_round': 730}. Best is trial 200 with value: 0.7496290611409568.
# [I 2024-01-17 19:42:04,337] Trial 235 finished with value: 0.7486313635200819 and parameters: {'max_depth': 20, 'learning_rate': 0.05520113981724083, 'subsample': 0.8030086857843338, 'colsample_bytree': 0.7238443066685721, 'reg_alpha': 0.0018950080397428864, 'reg_lambda': 0.001764197934094391, 'min_child_weight': 10, 'gamma': 0.05774845572747575, 'num_boost_round': 729}. Best is trial 200 with value: 0.7496290611409568.
# [I 2024-01-17 19:42:27,851] Trial 236 finished with value: 0.7484267075978511 and parameters: {'max_depth': 20, 'learning_rate': 0.04334742559878562, 'subsample': 0.7685429066284546, 'colsample_bytree': 0.7242514746146678, 'reg_alpha': 0.0009762029055538326, 'reg_lambda': 0.0034762673366164065, 'min_child_weight': 11, 'gamma': 0.07422829847337531, 'num_boost_round': 724}. Best is trial 200 with value: 0.7496290611409568.
# [I 2024-01-17 19:42:42,859] Trial 237 finished with value: 0.7472499360450243 and parameters: {'max_depth': 20, 'learning_rate': 0.07948868335734147, 'subsample': 0.7637174672471021, 'colsample_bytree': 0.7616849072456866, 'reg_alpha': 0.0024706806580356367, 'reg_lambda': 0.012331823760784785, 'min_child_weight': 10, 'gamma': 0.0995881108591381, 'num_boost_round': 660}. Best is trial 200 with value: 0.7496290611409568.
# [I 2024-01-17 19:42:57,551] Trial 238 finished with value: 0.7466103862880532 and parameters: {'max_depth': 20, 'learning_rate': 0.06470005960554447, 'subsample': 0.7638789644745368, 'colsample_bytree': 0.7599311239110853, 'reg_alpha': 0.002163202540627295, 'reg_lambda': 0.002282565138221078, 'min_child_weight': 14, 'gamma': 0.03428797675254885, 'num_boost_round': 709}. Best is trial 200 with value: 0.7496290611409568.
# [I 2024-01-17 19:43:12,556] Trial 239 finished with value: 0.746968534151957 and parameters: {'max_depth': 18, 'learning_rate': 0.05555410937557473, 'subsample': 0.7809941529266182, 'colsample_bytree': 0.7168987491373179, 'reg_alpha': 0.002573609288561921, 'reg_lambda': 0.0029833928954414502, 'min_child_weight': 13, 'gamma': 0.07566127212475895, 'num_boost_round': 726}. Best is trial 200 with value: 0.7496290611409568.
# [I 2024-01-17 19:43:31,139] Trial 240 finished with value: 0.7487848554617549 and parameters: {'max_depth': 18, 'learning_rate': 0.06653131686257073, 'subsample': 0.7523864147452942, 'colsample_bytree': 0.7123625708093847, 'reg_alpha': 0.0009130878495566647, 'reg_lambda': 0.0038887286392729416, 'min_child_weight': 12, 'gamma': 0.03179869655094, 'num_boost_round': 670}. Best is trial 200 with value: 0.7496290611409568.
# [I 2024-01-17 19:43:46,494] Trial 241 finished with value: 0.7475825019186493 and parameters: {'max_depth': 20, 'learning_rate': 0.08407193343311567, 'subsample': 0.8230646032892481, 'colsample_bytree': 0.7120660422314743, 'reg_alpha': 0.004983770792750791, 'reg_lambda': 0.0016319063197334652, 'min_child_weight': 12, 'gamma': 0.08286724679999857, 'num_boost_round': 752}. Best is trial 200 with value: 0.7496290611409568.
# [I 2024-01-17 19:44:06,345] Trial 242 finished with value: 0.7487081094909184 and parameters: {'max_depth': 18, 'learning_rate': 0.05629694003366555, 'subsample': 0.7680786329451017, 'colsample_bytree': 0.7319261545489366, 'reg_alpha': 0.00364133356320797, 'reg_lambda': 0.007695340631460716, 'min_child_weight': 12, 'gamma': 0.07034986501433296, 'num_boost_round': 718}. Best is trial 200 with value: 0.7496290611409568.
# [I 2024-01-17 19:44:20,872] Trial 243 finished with value: 0.7482476336658992 and parameters: {'max_depth': 17, 'learning_rate': 0.0668738649473931, 'subsample': 0.7480343011630958, 'colsample_bytree': 0.7112478311872462, 'reg_alpha': 0.019325228137059287, 'reg_lambda': 0.0027926087997667236, 'min_child_weight': 14, 'gamma': 0.06681377781567029, 'num_boost_round': 603}. Best is trial 200 with value: 0.7496290611409568.
# [I 2024-01-17 19:44:41,820] Trial 244 finished with value: 0.7471731900741878 and parameters: {'max_depth': 18, 'learning_rate': 0.04326036519159699, 'subsample': 0.7846005519776758, 'colsample_bytree': 0.7116910386028064, 'reg_alpha': 0.0023389447672256913, 'reg_lambda': 0.011478761047402282, 'min_child_weight': 11, 'gamma': 0.08413964207597732, 'num_boost_round': 712}. Best is trial 200 with value: 0.7496290611409568.
# [I 2024-01-17 19:45:03,123] Trial 245 finished with value: 0.7487081094909184 and parameters: {'max_depth': 20, 'learning_rate': 0.04822806678468725, 'subsample': 0.7735782098436809, 'colsample_bytree': 0.7390706496291138, 'reg_alpha': 0.002000843269439708, 'reg_lambda': 0.0011545899560828385, 'min_child_weight': 12, 'gamma': 0.0542993516625447, 'num_boost_round': 727}. Best is trial 200 with value: 0.7496290611409568.
# [I 2024-01-17 19:45:25,989] Trial 246 finished with value: 0.7485801995395241 and parameters: {'max_depth': 20, 'learning_rate': 0.047272251270455784, 'subsample': 0.7863330823933002, 'colsample_bytree': 0.7182107517915233, 'reg_alpha': 0.010847493950491675, 'reg_lambda': 0.002336256633066023, 'min_child_weight': 14, 'gamma': 0.11678633931588468, 'num_boost_round': 732}. Best is trial 200 with value: 0.7496290611409568.
# [I 2024-01-17 19:45:39,782] Trial 247 finished with value: 0.7489639293937068 and parameters: {'max_depth': 19, 'learning_rate': 0.09366832693097898, 'subsample': 0.8037985529487125, 'colsample_bytree': 0.700697426514844, 'reg_alpha': 0.007951729006227141, 'reg_lambda': 0.0006584215326269669, 'min_child_weight': 11, 'gamma': 0.10854206027288579, 'num_boost_round': 723}. Best is trial 200 with value: 0.7496290611409568.
# [I 2024-01-17 19:45:56,132] Trial 248 finished with value: 0.7478383218214377 and parameters: {'max_depth': 20, 'learning_rate': 0.05548969679568254, 'subsample': 0.7973039341076261, 'colsample_bytree': 0.7072814153684721, 'reg_alpha': 0.0075387764221655105, 'reg_lambda': 0.0019825107780421006, 'min_child_weight': 10, 'gamma': 0.12106462349407413, 'num_boost_round': 696}. Best is trial 200 with value: 0.7496290611409568.
# [I 2024-01-17 19:46:10,576] Trial 249 finished with value: 0.7471987720644666 and parameters: {'max_depth': 20, 'learning_rate': 0.07794247272064478, 'subsample': 0.7816488322838805, 'colsample_bytree': 0.7297725845543696, 'reg_alpha': 0.0033301201184762668, 'reg_lambda': 0.004336629735349331, 'min_child_weight': 16, 'gamma': 0.08758413266810568, 'num_boost_round': 749}. Best is trial 200 with value: 0.7496290611409568.
# [I 2024-01-17 19:46:31,790] Trial 250 finished with value: 0.7487848554617549 and parameters: {'max_depth': 19, 'learning_rate': 0.04676633053814202, 'subsample': 0.7825121144232617, 'colsample_bytree': 0.7397080538382317, 'reg_alpha': 0.007048364668509057, 'reg_lambda': 0.006938289820995112, 'min_child_weight': 13, 'gamma': 0.11582590993335115, 'num_boost_round': 785}. Best is trial 200 with value: 0.7496290611409568.
# [I 2024-01-17 19:46:45,025] Trial 251 finished with value: 0.7487081094909184 and parameters: {'max_depth': 19, 'learning_rate': 0.06630432500235718, 'subsample': 0.750034531900043, 'colsample_bytree': 0.7329409244553671, 'reg_alpha': 0.003939388470439178, 'reg_lambda': 0.002402608362712438, 'min_child_weight': 14, 'gamma': 0.13866912830099748, 'num_boost_round': 769}. Best is trial 200 with value: 0.7496290611409568.
# [I 2024-01-17 19:47:02,352] Trial 252 finished with value: 0.7487848554617549 and parameters: {'max_depth': 19, 'learning_rate': 0.06668181322130955, 'subsample': 0.7949219547427318, 'colsample_bytree': 0.722320048009988, 'reg_alpha': 0.00753563852609708, 'reg_lambda': 0.001245393723261179, 'min_child_weight': 12, 'gamma': 0.12233572583108017, 'num_boost_round': 697}. Best is trial 200 with value: 0.7496290611409568.
# [I 2024-01-17 19:47:16,079] Trial 253 finished with value: 0.7470708621130724 and parameters: {'max_depth': 18, 'learning_rate': 0.06739169422966448, 'subsample': 0.7822040202211966, 'colsample_bytree': 0.7535834025599, 'reg_alpha': 0.003770384075753667, 'reg_lambda': 0.003228253692697438, 'min_child_weight': 12, 'gamma': 0.15175139142176355, 'num_boost_round': 745}. Best is trial 200 with value: 0.7496290611409568.
# [I 2024-01-17 19:47:40,263] Trial 254 finished with value: 0.7484778715784088 and parameters: {'max_depth': 20, 'learning_rate': 0.0466527204939058, 'subsample': 0.7974828883063347, 'colsample_bytree': 0.7616511415506454, 'reg_alpha': 0.012378825124980716, 'reg_lambda': 0.00047784785099275017, 'min_child_weight': 14, 'gamma': 0.13917065866826064, 'num_boost_round': 735}. Best is trial 200 with value: 0.7496290611409568.
# [I 2024-01-17 19:47:53,497] Trial 255 finished with value: 0.7480173957533895 and parameters: {'max_depth': 18, 'learning_rate': 0.10186083078909809, 'subsample': 0.7868801594454646, 'colsample_bytree': 0.7339747807592799, 'reg_alpha': 0.002258099726490068, 'reg_lambda': 0.0008255214027763753, 'min_child_weight': 12, 'gamma': 0.16633975325420738, 'num_boost_round': 740}. Best is trial 200 with value: 0.7496290611409568.
