# [I 2024-01-24 18:03:09,763] A new study created in memory with name: no-name-bc9203c3-c167-46d4-a0d4-9d6d4029932a
# [I 2024-01-24 18:03:12,826] Trial 0 finished with value: 0.6970836531082119 and parameters: {'max_depth': 10, 'learning_rate': 0.005487757460412473, 'subsample': 0.999574765269676, 'colsample_bytree': 0.7475192870261588, 'reg_alpha': 1.7670552437241606e-06, 'reg_lambda': 0.007381069467508521, 'min_child_weight': 11, 'gamma': 0.41163060802489077, 'num_boost_round': 629}. Best is trial 0 with value: 0.6970836531082119.
# [I 2024-01-24 18:03:17,579] Trial 1 finished with value: 0.7430033256587363 and parameters: {'max_depth': 8, 'learning_rate': 0.19198768345172676, 'subsample': 0.8195004891846925, 'colsample_bytree': 0.7168069281272239, 'reg_alpha': 3.0428484541198676e-06, 'reg_lambda': 0.0031607605984216576, 'min_child_weight': 12, 'gamma': 0.13662138599017787, 'num_boost_round': 809}. Best is trial 1 with value: 0.7430033256587363.
# [I 2024-01-24 18:03:40,431] Trial 2 finished with value: 0.7470964441033512 and parameters: {'max_depth': 29, 'learning_rate': 0.04576652229606914, 'subsample': 0.9381226264557323, 'colsample_bytree': 0.811680650374368, 'reg_alpha': 2.9534697115599334e-06, 'reg_lambda': 3.3738630365394656e-05, 'min_child_weight': 10, 'gamma': 0.25489333035071965, 'num_boost_round': 781}. Best is trial 2 with value: 0.7470964441033512.
# [I 2024-01-24 18:03:54,648] Trial 3 finished with value: 0.7329751854694295 and parameters: {'max_depth': 14, 'learning_rate': 0.012685533172959576, 'subsample': 0.8082065928477037, 'colsample_bytree': 0.7462692775170646, 'reg_alpha': 0.3159176684444679, 'reg_lambda': 0.0005491591860686015, 'min_child_weight': 3, 'gamma': 0.35466670409509365, 'num_boost_round': 836}. Best is trial 2 with value: 0.7470964441033512.
# [I 2024-01-24 18:04:34,132] Trial 4 finished with value: 0.7432847275518035 and parameters: {'max_depth': 19, 'learning_rate': 0.008898329339081667, 'subsample': 0.9904407693997592, 'colsample_bytree': 0.9388765656733714, 'reg_alpha': 5.476114637073146e-06, 'reg_lambda': 0.08614172425278133, 'min_child_weight': 4, 'gamma': 0.14874278044509898, 'num_boost_round': 569}. Best is trial 2 with value: 0.7470964441033512.
# [I 2024-01-24 18:04:41,388] Trial 5 finished with value: 0.743847531337938 and parameters: {'max_depth': 18, 'learning_rate': 0.12967423784753698, 'subsample': 0.7194602194105769, 'colsample_bytree': 0.9601945912271902, 'reg_alpha': 0.00011398180999458035, 'reg_lambda': 0.005182524724865452, 'min_child_weight': 5, 'gamma': 0.21754171402550382, 'num_boost_round': 694}. Best is trial 2 with value: 0.7470964441033512.
# [I 2024-01-24 18:04:44,286] Trial 6 finished with value: 0.6836786902020977 and parameters: {'max_depth': 6, 'learning_rate': 0.017566945211586162, 'subsample': 0.9540698577184978, 'colsample_bytree': 0.8435804775081255, 'reg_alpha': 0.30380574976754654, 'reg_lambda': 0.022617240060998387, 'min_child_weight': 14, 'gamma': 0.1871682494794008, 'num_boost_round': 610}. Best is trial 2 with value: 0.7470964441033512.
# [I 2024-01-24 18:04:53,047] Trial 7 finished with value: 0.7080071629572781 and parameters: {'max_depth': 8, 'learning_rate': 0.011738216822218837, 'subsample': 0.7581294241578669, 'colsample_bytree': 0.8231478292696179, 'reg_alpha': 0.16370531361749904, 'reg_lambda': 0.18328900099598516, 'min_child_weight': 5, 'gamma': 0.4451581662688406, 'num_boost_round': 776}. Best is trial 2 with value: 0.7470964441033512.
# [I 2024-01-24 18:04:58,842] Trial 8 finished with value: 0.7459452545408033 and parameters: {'max_depth': 16, 'learning_rate': 0.1654739397077173, 'subsample': 0.8008544966167871, 'colsample_bytree': 0.7565287909019447, 'reg_alpha': 0.0002132362624758566, 'reg_lambda': 9.627979399726044e-05, 'min_child_weight': 19, 'gamma': 0.496975526492938, 'num_boost_round': 438}. Best is trial 2 with value: 0.7470964441033512.
# [I 2024-01-24 18:05:06,537] Trial 9 finished with value: 0.745152212842159 and parameters: {'max_depth': 14, 'learning_rate': 0.08691410741400464, 'subsample': 0.9649474282277624, 'colsample_bytree': 0.7807901179663486, 'reg_alpha': 1.3370746748312492e-05, 'reg_lambda': 3.3483186245422836e-05, 'min_child_weight': 13, 'gamma': 0.33046577087264717, 'num_boost_round': 695}. Best is trial 2 with value: 0.7470964441033512.
# [I 2024-01-24 18:05:29,407] Trial 10 finished with value: 0.7470964441033512 and parameters: {'max_depth': 30, 'learning_rate': 0.0424852631535774, 'subsample': 0.9003962428665705, 'colsample_bytree': 0.8994551423441244, 'reg_alpha': 0.008372223850819406, 'reg_lambda': 1.050338037790481e-06, 'min_child_weight': 8, 'gamma': 0.00379284181268863, 'num_boost_round': 884}. Best is trial 2 with value: 0.7470964441033512.
# [I 2024-01-24 18:05:43,353] Trial 11 finished with value: 0.7441289332310054 and parameters: {'max_depth': 30, 'learning_rate': 0.04491518874884586, 'subsample': 0.8989621170151897, 'colsample_bytree': 0.9144629755438124, 'reg_alpha': 0.010915058760758605, 'reg_lambda': 1.599478355924216e-06, 'min_child_weight': 7, 'gamma': 0.005616985937707305, 'num_boost_round': 891}. Best is trial 2 with value: 0.7470964441033512.
# [I 2024-01-24 18:06:08,713] Trial 12 finished with value: 0.7470452801227936 and parameters: {'max_depth': 30, 'learning_rate': 0.038633913507817294, 'subsample': 0.8978087199699292, 'colsample_bytree': 0.8771400705146181, 'reg_alpha': 0.012478712354162789, 'reg_lambda': 1.2726800843318807e-06, 'min_child_weight': 8, 'gamma': 0.0016870879591249777, 'num_boost_round': 892}. Best is trial 2 with value: 0.7470964441033512.
# [I 2024-01-24 18:06:30,807] Trial 13 finished with value: 0.7410846763878229 and parameters: {'max_depth': 24, 'learning_rate': 0.07233857290788841, 'subsample': 0.895338906031734, 'colsample_bytree': 0.8797065977138436, 'reg_alpha': 0.003614696276340049, 'reg_lambda': 1.1644567890114986e-05, 'min_child_weight': 1, 'gamma': 0.28849857203796947, 'num_boost_round': 748}. Best is trial 2 with value: 0.7470964441033512.
# [I 2024-01-24 18:06:59,570] Trial 14 finished with value: 0.7440521872601689 and parameters: {'max_depth': 25, 'learning_rate': 0.022398951286067406, 'subsample': 0.9308133642260308, 'colsample_bytree': 0.9923351485813817, 'reg_alpha': 0.0007210979614374874, 'reg_lambda': 7.814001052085758e-06, 'min_child_weight': 16, 'gamma': 0.08649503105254691, 'num_boost_round': 842}. Best is trial 2 with value: 0.7470964441033512.
# [I 2024-01-24 18:07:15,860] Trial 15 finished with value: 0.746149910463034 and parameters: {'max_depth': 26, 'learning_rate': 0.05802935596741064, 'subsample': 0.8577018304304965, 'colsample_bytree': 0.7960183197241613, 'reg_alpha': 4.3326858839228445e-05, 'reg_lambda': 0.00013117102403690405, 'min_child_weight': 9, 'gamma': 0.2598961680859835, 'num_boost_round': 738}. Best is trial 2 with value: 0.7470964441033512.
# [I 2024-01-24 18:07:28,729] Trial 16 finished with value: 0.7435661294448708 and parameters: {'max_depth': 22, 'learning_rate': 0.027114784236298588, 'subsample': 0.8581727894425631, 'colsample_bytree': 0.8858046195041931, 'reg_alpha': 0.024624923689859236, 'reg_lambda': 1.3680204747509848, 'min_child_weight': 9, 'gamma': 0.07142656112580574, 'num_boost_round': 486}. Best is trial 2 with value: 0.7470964441033512.
# [I 2024-01-24 18:07:38,371] Trial 17 finished with value: 0.747301100025582 and parameters: {'max_depth': 28, 'learning_rate': 0.10744748942033758, 'subsample': 0.9244767889979282, 'colsample_bytree': 0.8169012542143957, 'reg_alpha': 0.000998267250678069, 'reg_lambda': 6.462841077165159e-06, 'min_child_weight': 16, 'gamma': 0.3084348310178197, 'num_boost_round': 898}. Best is trial 17 with value: 0.747301100025582.
# [I 2024-01-24 18:07:50,015] Trial 18 finished with value: 0.7471987720644666 and parameters: {'max_depth': 27, 'learning_rate': 0.09285695960940236, 'subsample': 0.9358659722753055, 'colsample_bytree': 0.8051631160595828, 'reg_alpha': 0.0010733721662240141, 'reg_lambda': 0.0005850622676461744, 'min_child_weight': 20, 'gamma': 0.3288385799340407, 'num_boost_round': 805}. Best is trial 17 with value: 0.747301100025582.
# [I 2024-01-24 18:07:59,145] Trial 19 finished with value: 0.746303402404707 and parameters: {'max_depth': 21, 'learning_rate': 0.11202351015342082, 'subsample': 0.9235463364373506, 'colsample_bytree': 0.8465420991283227, 'reg_alpha': 0.0009293439584739584, 'reg_lambda': 0.0007002155984840931, 'min_child_weight': 20, 'gamma': 0.3475563686895964, 'num_boost_round': 835}. Best is trial 17 with value: 0.747301100025582.
# [I 2024-01-24 18:08:09,859] Trial 20 finished with value: 0.7488104374520338 and parameters: {'max_depth': 27, 'learning_rate': 0.09868002290593986, 'subsample': 0.963621041443613, 'colsample_bytree': 0.7073429734309913, 'reg_alpha': 0.05140684953573958, 'reg_lambda': 0.00015388768781174578, 'min_child_weight': 17, 'gamma': 0.377471928752876, 'num_boost_round': 548}. Best is trial 20 with value: 0.7488104374520338.
# [I 2024-01-24 18:08:18,252] Trial 21 finished with value: 0.7474034279866973 and parameters: {'max_depth': 27, 'learning_rate': 0.09598970870835428, 'subsample': 0.9670164147898677, 'colsample_bytree': 0.7091691346850525, 'reg_alpha': 0.9915829359350027, 'reg_lambda': 0.00021820345445832125, 'min_child_weight': 17, 'gamma': 0.39668215057695183, 'num_boost_round': 585}. Best is trial 20 with value: 0.7488104374520338.
# [I 2024-01-24 18:08:25,044] Trial 22 finished with value: 0.7462266564338705 and parameters: {'max_depth': 23, 'learning_rate': 0.13506209760970683, 'subsample': 0.9668491243794944, 'colsample_bytree': 0.7118870435874095, 'reg_alpha': 0.07901461350943055, 'reg_lambda': 0.00011894565067009603, 'min_child_weight': 17, 'gamma': 0.40237682181189477, 'num_boost_round': 533}. Best is trial 20 with value: 0.7488104374520338.
# [I 2024-01-24 18:08:37,010] Trial 23 finished with value: 0.7486313635200819 and parameters: {'max_depth': 27, 'learning_rate': 0.06212923550406791, 'subsample': 0.9839121649749152, 'colsample_bytree': 0.7068163689829281, 'reg_alpha': 0.9968250820398444, 'reg_lambda': 9.238032505288925e-06, 'min_child_weight': 16, 'gamma': 0.3846326696402217, 'num_boost_round': 572}. Best is trial 20 with value: 0.7488104374520338.
# [I 2024-01-24 18:08:51,456] Trial 24 finished with value: 0.7495523151701202 and parameters: {'max_depth': 26, 'learning_rate': 0.06783052647468646, 'subsample': 0.9798367091372376, 'colsample_bytree': 0.7010160783415671, 'reg_alpha': 0.7374805449485975, 'reg_lambda': 3.28949409824742e-05, 'min_child_weight': 18, 'gamma': 0.3915768941242742, 'num_boost_round': 559}. Best is trial 24 with value: 0.7495523151701202.
# [I 2024-01-24 18:09:03,614] Trial 25 finished with value: 0.7491941673062164 and parameters: {'max_depth': 20, 'learning_rate': 0.05800610764118273, 'subsample': 0.9851854842470877, 'colsample_bytree': 0.7000764319480061, 'reg_alpha': 0.8583246233346358, 'reg_lambda': 3.3596334964113163e-05, 'min_child_weight': 14, 'gamma': 0.48187913302207647, 'num_boost_round': 518}. Best is trial 24 with value: 0.7495523151701202.
# [I 2024-01-24 18:09:17,212] Trial 26 finished with value: 0.7487081094909184 and parameters: {'max_depth': 21, 'learning_rate': 0.06297555025775711, 'subsample': 0.9994124285065709, 'colsample_bytree': 0.7420135087324732, 'reg_alpha': 0.058187808438250284, 'reg_lambda': 5.1245679411363555e-05, 'min_child_weight': 14, 'gamma': 0.49880694870186065, 'num_boost_round': 493}. Best is trial 24 with value: 0.7495523151701202.
# [I 2024-01-24 18:09:33,350] Trial 27 finished with value: 0.7452289588129957 and parameters: {'max_depth': 20, 'learning_rate': 0.030713681054647564, 'subsample': 0.9518869377065026, 'colsample_bytree': 0.7722534712744074, 'reg_alpha': 0.3312499145834806, 'reg_lambda': 2.2690018271427406e-05, 'min_child_weight': 18, 'gamma': 0.45213256450927564, 'num_boost_round': 434}. Best is trial 24 with value: 0.7495523151701202.
# [I 2024-01-24 18:09:44,488] Trial 28 finished with value: 0.7489639293937068 and parameters: {'max_depth': 24, 'learning_rate': 0.07885160554639303, 'subsample': 0.980298615947828, 'colsample_bytree': 0.7346805289018284, 'reg_alpha': 0.05880400411469906, 'reg_lambda': 4.420204628062844e-06, 'min_child_weight': 15, 'gamma': 0.46654982626250163, 'num_boost_round': 522}. Best is trial 24 with value: 0.7495523151701202.
# [I 2024-01-24 18:09:57,554] Trial 29 finished with value: 0.7388334612432848 and parameters: {'max_depth': 24, 'learning_rate': 0.005651769049179128, 'subsample': 0.9869273913916388, 'colsample_bytree': 0.7326477980100397, 'reg_alpha': 0.14430610393892915, 'reg_lambda': 3.1325607164695642e-06, 'min_child_weight': 12, 'gamma': 0.4467890982156171, 'num_boost_round': 644}. Best is trial 24 with value: 0.7495523151701202.
# [I 2024-01-24 18:10:07,629] Trial 30 finished with value: 0.747966231772832 and parameters: {'max_depth': 17, 'learning_rate': 0.07449472188983898, 'subsample': 0.8752984919102066, 'colsample_bytree': 0.7301351411669046, 'reg_alpha': 0.5825093301319787, 'reg_lambda': 2.6054256393379844e-06, 'min_child_weight': 14, 'gamma': 0.46774547422815665, 'num_boost_round': 500}. Best is trial 24 with value: 0.7495523151701202.
# [I 2024-01-24 18:10:26,115] Trial 31 finished with value: 0.7496802251215144 and parameters: {'max_depth': 23, 'learning_rate': 0.05140777212279913, 'subsample': 0.9748724577801192, 'colsample_bytree': 0.7012107163416342, 'reg_alpha': 0.039956318878116445, 'reg_lambda': 1.8811109619649502e-05, 'min_child_weight': 15, 'gamma': 0.4193938630627251, 'num_boost_round': 532}. Best is trial 31 with value: 0.7496802251215144.
# [I 2024-01-24 18:10:41,068] Trial 32 finished with value: 0.7488871834228703 and parameters: {'max_depth': 23, 'learning_rate': 0.05476225510528728, 'subsample': 0.9996281175421087, 'colsample_bytree': 0.7626544142401561, 'reg_alpha': 0.024013611265020048, 'reg_lambda': 1.5573173809872455e-05, 'min_child_weight': 15, 'gamma': 0.4319228805958384, 'num_boost_round': 404}. Best is trial 31 with value: 0.7496802251215144.
# [I 2024-01-24 18:10:57,773] Trial 33 finished with value: 0.7488104374520338 and parameters: {'max_depth': 25, 'learning_rate': 0.051330951236993765, 'subsample': 0.9784329217190165, 'colsample_bytree': 0.7276359426735768, 'reg_alpha': 0.10420251742526736, 'reg_lambda': 4.931266535003226e-06, 'min_child_weight': 11, 'gamma': 0.4752471029774404, 'num_boost_round': 520}. Best is trial 31 with value: 0.7496802251215144.
# [I 2024-01-24 18:11:12,864] Trial 34 finished with value: 0.7466871322588897 and parameters: {'max_depth': 22, 'learning_rate': 0.03432880243826577, 'subsample': 0.9516555019160335, 'colsample_bytree': 0.7011185511545165, 'reg_alpha': 0.3218208019835792, 'reg_lambda': 0.0016817224935647315, 'min_child_weight': 12, 'gamma': 0.4249280877837191, 'num_boost_round': 467}. Best is trial 31 with value: 0.7496802251215144.
# [I 2024-01-24 18:11:25,967] Trial 35 finished with value: 0.748273215656178 and parameters: {'max_depth': 19, 'learning_rate': 0.07504117569354059, 'subsample': 0.9155958272726814, 'colsample_bytree': 0.72764459270487, 'reg_alpha': 0.003279496945152948, 'reg_lambda': 5.2261151167732805e-05, 'min_child_weight': 18, 'gamma': 0.4171310096694753, 'num_boost_round': 622}. Best is trial 31 with value: 0.7496802251215144.
# [I 2024-01-24 18:11:40,679] Trial 36 finished with value: 0.7397288309030443 and parameters: {'max_depth': 15, 'learning_rate': 0.022080650994737633, 'subsample': 0.8359202231770336, 'colsample_bytree': 0.7432452970590201, 'reg_alpha': 0.03226361562948221, 'reg_lambda': 0.00025238204139762637, 'min_child_weight': 15, 'gamma': 0.3694361837032404, 'num_boost_round': 596}. Best is trial 31 with value: 0.7496802251215144.
# [I 2024-01-24 18:11:51,643] Trial 37 finished with value: 0.741417242261448 and parameters: {'max_depth': 11, 'learning_rate': 0.047611509086405504, 'subsample': 0.9458063867123966, 'colsample_bytree': 0.787689430013309, 'reg_alpha': 0.5269540889169214, 'reg_lambda': 2.0711929454199185e-05, 'min_child_weight': 15, 'gamma': 0.4694576113780793, 'num_boost_round': 550}. Best is trial 31 with value: 0.7496802251215144.
# [I 2024-01-24 18:11:58,824] Trial 38 finished with value: 0.7468917881811206 and parameters: {'max_depth': 19, 'learning_rate': 0.12825010482915622, 'subsample': 0.9780113031537901, 'colsample_bytree': 0.7569752394568904, 'reg_alpha': 0.1868934112886286, 'reg_lambda': 5.689932763255514e-05, 'min_child_weight': 13, 'gamma': 0.4118686658886345, 'num_boost_round': 513}. Best is trial 31 with value: 0.7496802251215144.
# [I 2024-01-24 18:12:03,469] Trial 39 finished with value: 0.7443591711435149 and parameters: {'max_depth': 12, 'learning_rate': 0.189973570340813, 'subsample': 0.7467452851101282, 'colsample_bytree': 0.7268421662135758, 'reg_alpha': 0.2039747683805864, 'reg_lambda': 0.01945607815924733, 'min_child_weight': 19, 'gamma': 0.48348958589755564, 'num_boost_round': 466}. Best is trial 31 with value: 0.7496802251215144.
# [I 2024-01-24 18:12:15,667] Trial 40 finished with value: 0.7477359938603223 and parameters: {'max_depth': 25, 'learning_rate': 0.07932452500627109, 'subsample': 0.9759836628728176, 'colsample_bytree': 0.7211050032119753, 'reg_alpha': 0.5422826360106502, 'reg_lambda': 3.408017743390327e-06, 'min_child_weight': 13, 'gamma': 0.22401470476351767, 'num_boost_round': 672}. Best is trial 31 with value: 0.7496802251215144.
# [I 2024-01-24 18:12:28,217] Trial 41 finished with value: 0.7474801739575339 and parameters: {'max_depth': 23, 'learning_rate': 0.05332068377874359, 'subsample': 0.9972375990372551, 'colsample_bytree': 0.7672805443432593, 'reg_alpha': 0.025401328864174944, 'reg_lambda': 1.6920259142685166e-05, 'min_child_weight': 15, 'gamma': 0.4275494195807326, 'num_boost_round': 421}. Best is trial 31 with value: 0.7496802251215144.
# [I 2024-01-24 18:12:43,264] Trial 42 finished with value: 0.7460220005116398 and parameters: {'max_depth': 21, 'learning_rate': 0.036762719298709265, 'subsample': 0.9987136735403919, 'colsample_bytree': 0.755025724524381, 'reg_alpha': 0.004856356309968364, 'reg_lambda': 1.5150940215834832e-05, 'min_child_weight': 18, 'gamma': 0.4636613143220601, 'num_boost_round': 465}. Best is trial 31 with value: 0.7496802251215144.
# [I 2024-01-24 18:12:54,476] Trial 43 finished with value: 0.7483499616270146 and parameters: {'max_depth': 23, 'learning_rate': 0.06301031293506039, 'subsample': 0.95991450351786, 'colsample_bytree': 0.701303029797138, 'reg_alpha': 0.07644573840838875, 'reg_lambda': 5.0020547131379725e-05, 'min_child_weight': 15, 'gamma': 0.44026186167159004, 'num_boost_round': 402}. Best is trial 31 with value: 0.7496802251215144.
# [I 2024-01-24 18:13:08,855] Trial 44 finished with value: 0.7472499360450243 and parameters: {'max_depth': 18, 'learning_rate': 0.04249450163794895, 'subsample': 0.9808007150896301, 'colsample_bytree': 0.7427623657289937, 'reg_alpha': 1.4540534167403002e-06, 'reg_lambda': 0.0003196997824305943, 'min_child_weight': 14, 'gamma': 0.34667998435702163, 'num_boost_round': 554}. Best is trial 31 with value: 0.7496802251215144.
# [I 2024-01-24 18:13:32,151] Trial 45 finished with value: 0.7476848298797647 and parameters: {'max_depth': 24, 'learning_rate': 0.029378414757572795, 'subsample': 0.7889543615980809, 'colsample_bytree': 0.8295280698036335, 'reg_alpha': 0.016814435923735972, 'reg_lambda': 2.9036585216637836e-05, 'min_child_weight': 12, 'gamma': 0.49379523120435553, 'num_boost_round': 605}. Best is trial 31 with value: 0.7496802251215144.
# [I 2024-01-24 18:13:43,645] Trial 46 finished with value: 0.7487848554617549 and parameters: {'max_depth': 22, 'learning_rate': 0.06643890120086399, 'subsample': 0.9431853226467306, 'colsample_bytree': 0.7171483942421173, 'reg_alpha': 0.03950735990059481, 'reg_lambda': 2.389362425369372e-06, 'min_child_weight': 16, 'gamma': 0.43315481239714987, 'num_boost_round': 450}. Best is trial 31 with value: 0.7496802251215144.
# [I 2024-01-24 18:13:57,217] Trial 47 finished with value: 0.7467894602200051 and parameters: {'max_depth': 20, 'learning_rate': 0.05232150352963308, 'subsample': 0.988688324508657, 'colsample_bytree': 0.7750269472112411, 'reg_alpha': 0.00550806861173209, 'reg_lambda': 5.483409064675526e-06, 'min_child_weight': 10, 'gamma': 0.39878671818876216, 'num_boost_round': 527}. Best is trial 31 with value: 0.7496802251215144.
# [I 2024-01-24 18:14:07,136] Trial 48 finished with value: 0.7467894602200051 and parameters: {'max_depth': 26, 'learning_rate': 0.08120609628638699, 'subsample': 0.9728538512849656, 'colsample_bytree': 0.7605661973338192, 'reg_alpha': 0.0017221231428348844, 'reg_lambda': 1.1304217401465256e-05, 'min_child_weight': 19, 'gamma': 0.3701415500284216, 'num_boost_round': 408}. Best is trial 31 with value: 0.7496802251215144.
# [I 2024-01-24 18:14:25,142] Trial 49 finished with value: 0.7469941161422359 and parameters: {'max_depth': 29, 'learning_rate': 0.0398691790345539, 'subsample': 0.8808261494496678, 'colsample_bytree': 0.740095331459079, 'reg_alpha': 0.0003134909879258505, 'reg_lambda': 8.945582131864243e-05, 'min_child_weight': 17, 'gamma': 0.45261543920878267, 'num_boost_round': 575}. Best is trial 31 with value: 0.7496802251215144.
# [I 2024-01-24 18:14:41,878] Trial 50 finished with value: 0.7472243540547454 and parameters: {'max_depth': 26, 'learning_rate': 0.056275858482788876, 'subsample': 0.9169339867596108, 'colsample_bytree': 0.86404362743903, 'reg_alpha': 0.11032522091541765, 'reg_lambda': 0.001169561512715065, 'min_child_weight': 13, 'gamma': 0.2776409909399244, 'num_boost_round': 648}. Best is trial 31 with value: 0.7496802251215144.
