# [I 2024-01-24 18:14:53,102] Trial 51 finished with value: 0.7479150677922742 and parameters: {'max_depth': 28, 'learning_rate': 0.10332232762656927, 'subsample': 0.9568009323305235, 'colsample_bytree': 0.7165729866614026, 'reg_alpha': 0.05453619783855856, 'reg_lambda': 2.886578458309584e-05, 'min_child_weight': 17, 'gamma': 0.37323287745300876, 'num_boost_round': 547}. Best is trial 31 with value: 0.7496802251215144.
# [I 2024-01-24 18:15:00,578] Trial 52 finished with value: 0.7471987720644666 and parameters: {'max_depth': 24, 'learning_rate': 0.14247568993065118, 'subsample': 0.9645581623279944, 'colsample_bytree': 0.7022716866732148, 'reg_alpha': 0.01698331472982435, 'reg_lambda': 0.00016395839852428068, 'min_child_weight': 16, 'gamma': 0.393193023438862, 'num_boost_round': 486}. Best is trial 31 with value: 0.7496802251215144.
# [I 2024-01-24 18:15:11,992] Trial 53 finished with value: 0.7475569199283705 and parameters: {'max_depth': 28, 'learning_rate': 0.09194277276737509, 'subsample': 0.9889386560803803, 'colsample_bytree': 0.7177315760500755, 'reg_alpha': 0.2249018782053643, 'reg_lambda': 8.15862514875216e-05, 'min_child_weight': 18, 'gamma': 0.31710651357716474, 'num_boost_round': 556}. Best is trial 31 with value: 0.7496802251215144.
# [I 2024-01-24 18:15:22,140] Trial 54 finished with value: 0.747454591967255 and parameters: {'max_depth': 25, 'learning_rate': 0.12179724899528485, 'subsample': 0.9365075869554136, 'colsample_bytree': 0.7511298068698139, 'reg_alpha': 0.00916823440805563, 'reg_lambda': 0.00035231301613926406, 'min_child_weight': 15, 'gamma': 0.4166642891032427, 'num_boost_round': 536}. Best is trial 31 with value: 0.7496802251215144.
# [I 2024-01-24 18:15:29,294] Trial 55 finished with value: 0.7478894858019953 and parameters: {'max_depth': 23, 'learning_rate': 0.1600532855385173, 'subsample': 0.9626499630542071, 'colsample_bytree': 0.7003599784526747, 'reg_alpha': 0.43117752693821754, 'reg_lambda': 8.923690769442512e-06, 'min_child_weight': 17, 'gamma': 0.3613287056454413, 'num_boost_round': 507}. Best is trial 31 with value: 0.7496802251215144.
# [I 2024-01-24 18:15:39,731] Trial 56 finished with value: 0.7479406497825531 and parameters: {'max_depth': 20, 'learning_rate': 0.08884196096939473, 'subsample': 0.970986028327274, 'colsample_bytree': 0.7130356598910441, 'reg_alpha': 0.0396830958893304, 'reg_lambda': 1.468761058901549e-06, 'min_child_weight': 14, 'gamma': 0.48161507998627956, 'num_boost_round': 620}. Best is trial 31 with value: 0.7496802251215144.
# [I 2024-01-24 18:15:47,163] Trial 57 finished with value: 0.7202353543105653 and parameters: {'max_depth': 6, 'learning_rate': 0.0468554883203162, 'subsample': 0.9966132502294275, 'colsample_bytree': 0.730395566347211, 'reg_alpha': 0.7671435004218534, 'reg_lambda': 0.0038351523466006966, 'min_child_weight': 19, 'gamma': 0.14968638322468888, 'num_boost_round': 694}. Best is trial 31 with value: 0.7496802251215144.
# [I 2024-01-24 18:15:59,102] Trial 58 finished with value: 0.7473522640061396 and parameters: {'max_depth': 26, 'learning_rate': 0.0689826122801389, 'subsample': 0.9484391886985118, 'colsample_bytree': 0.7381058339535097, 'reg_alpha': 1.0961995224395422e-05, 'reg_lambda': 3.99941089946494e-05, 'min_child_weight': 16, 'gamma': 0.45076336027490355, 'num_boost_round': 581}. Best is trial 31 with value: 0.7496802251215144.
# [I 2024-01-24 18:16:08,920] Trial 59 finished with value: 0.7461243284727552 and parameters: {'max_depth': 29, 'learning_rate': 0.10524309900898403, 'subsample': 0.932073146422808, 'colsample_bytree': 0.7844403159238246, 'reg_alpha': 0.018584292041510537, 'reg_lambda': 4.898534363308951e-06, 'min_child_weight': 20, 'gamma': 0.34132280242678986, 'num_boost_round': 483}. Best is trial 31 with value: 0.7496802251215144.
# [I 2024-01-24 18:16:15,294] Trial 60 finished with value: 0.7371962138654387 and parameters: {'max_depth': 17, 'learning_rate': 0.026524775639551277, 'subsample': 0.9868922601155712, 'colsample_bytree': 0.7119480627689071, 'reg_alpha': 0.12572041713425955, 'reg_lambda': 1.2025966054880217e-05, 'min_child_weight': 6, 'gamma': 0.4341158221404161, 'num_boost_round': 448}. Best is trial 31 with value: 0.7496802251215144.
# [I 2024-01-24 18:16:32,938] Trial 61 finished with value: 0.7490406753645433 and parameters: {'max_depth': 25, 'learning_rate': 0.050559279933669016, 'subsample': 0.9757217172679857, 'colsample_bytree': 0.7258121994336477, 'reg_alpha': 0.09188012186603783, 'reg_lambda': 4.6375655763777444e-06, 'min_child_weight': 11, 'gamma': 0.4833275010518947, 'num_boost_round': 524}. Best is trial 31 with value: 0.7496802251215144.
# [I 2024-01-24 18:16:48,101] Trial 62 finished with value: 0.7448708109490918 and parameters: {'max_depth': 27, 'learning_rate': 0.05887039248760075, 'subsample': 0.9710164076451876, 'colsample_bytree': 0.9462605229770327, 'reg_alpha': 0.06398424838948247, 'reg_lambda': 2.1091257441819495e-05, 'min_child_weight': 10, 'gamma': 0.4996269916744266, 'num_boost_round': 537}. Best is trial 31 with value: 0.7496802251215144.
# [I 2024-01-24 18:16:58,742] Trial 63 finished with value: 0.7478383218214377 and parameters: {'max_depth': 22, 'learning_rate': 0.0837353832573794, 'subsample': 0.9560380967968253, 'colsample_bytree': 0.7226299814501483, 'reg_alpha': 0.2729044782240424, 'reg_lambda': 1.9031315161143147e-06, 'min_child_weight': 11, 'gamma': 0.383932064275728, 'num_boost_round': 515}. Best is trial 31 with value: 0.7496802251215144.
# [I 2024-01-24 18:17:14,081] Trial 64 finished with value: 0.7467894602200051 and parameters: {'max_depth': 24, 'learning_rate': 0.04839145491016012, 'subsample': 0.983963267725314, 'colsample_bytree': 0.7085362649552965, 'reg_alpha': 0.04261340643652545, 'reg_lambda': 1.041432313520937e-06, 'min_child_weight': 3, 'gamma': 0.46869409327034145, 'num_boost_round': 567}. Best is trial 31 with value: 0.7496802251215144.
# [I 2024-01-24 18:17:35,571] Trial 65 finished with value: 0.7487336914811973 and parameters: {'max_depth': 25, 'learning_rate': 0.03530706094669294, 'subsample': 0.9987040923491975, 'colsample_bytree': 0.734996698126168, 'reg_alpha': 0.10266819817612169, 'reg_lambda': 4.119614822263725e-06, 'min_child_weight': 14, 'gamma': 0.41331950458004435, 'num_boost_round': 501}. Best is trial 31 with value: 0.7496802251215144.
# [I 2024-01-24 18:17:48,473] Trial 66 finished with value: 0.749091839345101 and parameters: {'max_depth': 22, 'learning_rate': 0.0572103506548132, 'subsample': 0.975921351706879, 'colsample_bytree': 0.7209669850157661, 'reg_alpha': 0.36244426030053073, 'reg_lambda': 7.769423782302086e-06, 'min_child_weight': 13, 'gamma': 0.45199288217151606, 'num_boost_round': 529}. Best is trial 31 with value: 0.7496802251215144.
# [I 2024-01-24 18:18:05,870] Trial 67 finished with value: 0.7481964696853416 and parameters: {'max_depth': 22, 'learning_rate': 0.04388149620772462, 'subsample': 0.9777770353803263, 'colsample_bytree': 0.7498770524863665, 'reg_alpha': 0.3329242082510239, 'reg_lambda': 7.580278145375692e-06, 'min_child_weight': 12, 'gamma': 0.4638737795665817, 'num_boost_round': 593}. Best is trial 31 with value: 0.7496802251215144.
# [I 2024-01-24 18:18:19,700] Trial 68 finished with value: 0.7502174469173701 and parameters: {'max_depth': 21, 'learning_rate': 0.07092241783523516, 'subsample': 0.9426411272656379, 'colsample_bytree': 0.7624376090904599, 'reg_alpha': 0.9657127210093687, 'reg_lambda': 0.485514659006626, 'min_child_weight': 13, 'gamma': 0.483339100910917, 'num_boost_round': 471}. Best is trial 68 with value: 0.7502174469173701.
# [I 2024-01-24 18:18:31,168] Trial 69 finished with value: 0.747454591967255 and parameters: {'max_depth': 19, 'learning_rate': 0.06972046533249279, 'subsample': 0.7058655040346999, 'colsample_bytree': 0.796694039852904, 'reg_alpha': 0.7528408766077683, 'reg_lambda': 0.04364309171521334, 'min_child_weight': 13, 'gamma': 0.4836239528287279, 'num_boost_round': 476}. Best is trial 68 with value: 0.7502174469173701.
# [I 2024-01-24 18:18:49,406] Trial 70 finished with value: 0.7412125863392172 and parameters: {'max_depth': 21, 'learning_rate': 0.013637637055407463, 'subsample': 0.9079427647429729, 'colsample_bytree': 0.7466322803683617, 'reg_alpha': 0.9811419724344903, 'reg_lambda': 1.121360176762624, 'min_child_weight': 9, 'gamma': 0.4536022862167043, 'num_boost_round': 497}. Best is trial 68 with value: 0.7502174469173701.
# [I 2024-01-24 18:19:02,016] Trial 71 finished with value: 0.7487336914811973 and parameters: {'max_depth': 21, 'learning_rate': 0.05840297831513413, 'subsample': 0.9909571992207993, 'colsample_bytree': 0.7624362426649723, 'reg_alpha': 0.41015364220878753, 'reg_lambda': 0.3521154093085456, 'min_child_weight': 12, 'gamma': 0.439298929483274, 'num_boost_round': 437}. Best is trial 68 with value: 0.7502174469173701.
# [I 2024-01-24 18:19:13,722] Trial 72 finished with value: 0.7478383218214377 and parameters: {'max_depth': 20, 'learning_rate': 0.0735092486460351, 'subsample': 0.9418692663545865, 'colsample_bytree': 0.7267666714857437, 'reg_alpha': 0.17198999158952874, 'reg_lambda': 8.323212428031748e-06, 'min_child_weight': 13, 'gamma': 0.48116597316565635, 'num_boost_round': 522}. Best is trial 68 with value: 0.7502174469173701.
# [I 2024-01-24 18:19:27,766] Trial 73 finished with value: 0.7479918137631107 and parameters: {'max_depth': 23, 'learning_rate': 0.05175752204764482, 'subsample': 0.9687444758791224, 'colsample_bytree': 0.7203327010747796, 'reg_alpha': 0.6030595421619643, 'reg_lambda': 0.18593966223251857, 'min_child_weight': 11, 'gamma': 0.46133601040051136, 'num_boost_round': 454}. Best is trial 68 with value: 0.7502174469173701.
# [I 2024-01-24 18:19:41,556] Trial 74 finished with value: 0.7480685597339474 and parameters: {'max_depth': 24, 'learning_rate': 0.0645822090109492, 'subsample': 0.9798019670672232, 'colsample_bytree': 0.7709051808585344, 'reg_alpha': 0.2291112447706105, 'reg_lambda': 1.4714485265246792e-05, 'min_child_weight': 14, 'gamma': 0.49154630663185916, 'num_boost_round': 535}. Best is trial 68 with value: 0.7502174469173701.
# [I 2024-01-24 18:19:51,331] Trial 75 finished with value: 0.7429777436684575 and parameters: {'max_depth': 18, 'learning_rate': 0.056393553632706185, 'subsample': 0.9540223604941469, 'colsample_bytree': 0.9896030174949838, 'reg_alpha': 0.40777981443290107, 'reg_lambda': 0.007865296776099595, 'min_child_weight': 15, 'gamma': 0.4268229156612938, 'num_boost_round': 417}. Best is trial 68 with value: 0.7502174469173701.
# [I 2024-01-24 18:20:09,593] Trial 76 finished with value: 0.7451266308518802 and parameters: {'max_depth': 22, 'learning_rate': 0.03904246259296068, 'subsample': 0.992986649048534, 'colsample_bytree': 0.9132217498611928, 'reg_alpha': 0.0820572984064987, 'reg_lambda': 3.3715087332460348e-06, 'min_child_weight': 15, 'gamma': 0.44283100331698566, 'num_boost_round': 566}. Best is trial 68 with value: 0.7502174469173701.
# [I 2024-01-24 18:20:23,060] Trial 77 finished with value: 0.7492964952673318 and parameters: {'max_depth': 23, 'learning_rate': 0.07755707234908339, 'subsample': 0.9257663824280716, 'colsample_bytree': 0.7094042960186794, 'reg_alpha': 0.15607366097220507, 'reg_lambda': 2.972159884938453e-05, 'min_child_weight': 13, 'gamma': 0.40441618008929525, 'num_boost_round': 477}. Best is trial 68 with value: 0.7502174469173701.
# [I 2024-01-24 18:20:30,742] Trial 78 finished with value: 0.740598618572525 and parameters: {'max_depth': 8, 'learning_rate': 0.08057131339361119, 'subsample': 0.9275761578184358, 'colsample_bytree': 0.7116795632569985, 'reg_alpha': 0.14038910980591596, 'reg_lambda': 3.23610344653504e-05, 'min_child_weight': 12, 'gamma': 0.4054217194969174, 'num_boost_round': 472}. Best is trial 68 with value: 0.7502174469173701.
# [I 2024-01-24 18:20:40,261] Trial 79 finished with value: 0.7479918137631107 and parameters: {'max_depth': 21, 'learning_rate': 0.11174162995740558, 'subsample': 0.8845410026368823, 'colsample_bytree': 0.735785855815815, 'reg_alpha': 0.710333120821862, 'reg_lambda': 2.1449659853632615e-06, 'min_child_weight': 11, 'gamma': 0.04639955765263842, 'num_boost_round': 506}. Best is trial 68 with value: 0.7502174469173701.
# [I 2024-01-24 18:20:52,386] Trial 80 finished with value: 0.7487592734714761 and parameters: {'max_depth': 25, 'learning_rate': 0.07401571577050181, 'subsample': 0.8298987499587479, 'colsample_bytree': 0.7061594711549386, 'reg_alpha': 0.24367944242814488, 'reg_lambda': 8.06985112742665e-05, 'min_child_weight': 13, 'gamma': 0.47417604867510055, 'num_boost_round': 491}. Best is trial 68 with value: 0.7502174469173701.
# [I 2024-01-24 18:21:05,428] Trial 81 finished with value: 0.7495523151701202 and parameters: {'max_depth': 23, 'learning_rate': 0.06687499545063982, 'subsample': 0.9613008479843751, 'colsample_bytree': 0.7252244146720689, 'reg_alpha': 0.3846041971760231, 'reg_lambda': 6.429657960144844e-06, 'min_child_weight': 14, 'gamma': 0.42190655955738093, 'num_boost_round': 524}. Best is trial 68 with value: 0.7502174469173701.
# [I 2024-01-24 18:21:19,096] Trial 82 finished with value: 0.749091839345101 and parameters: {'max_depth': 23, 'learning_rate': 0.06449155149060799, 'subsample': 0.9603869323377122, 'colsample_bytree': 0.7227541650055375, 'reg_alpha': 0.46662028282184437, 'reg_lambda': 5.901487570829662e-06, 'min_child_weight': 14, 'gamma': 0.3880212683203246, 'num_boost_round': 541}. Best is trial 68 with value: 0.7502174469173701.
# [I 2024-01-24 18:21:31,767] Trial 83 finished with value: 0.7493732412381684 and parameters: {'max_depth': 23, 'learning_rate': 0.06262878812181567, 'subsample': 0.9471966931383291, 'colsample_bytree': 0.7218003183338013, 'reg_alpha': 0.41828826256973073, 'reg_lambda': 2.135851987445484e-05, 'min_child_weight': 14, 'gamma': 0.384199309507096, 'num_boost_round': 546}. Best is trial 68 with value: 0.7502174469173701.
# [I 2024-01-24 18:21:44,364] Trial 84 finished with value: 0.7480685597339474 and parameters: {'max_depth': 20, 'learning_rate': 0.06244801605731936, 'subsample': 0.9191025447964141, 'colsample_bytree': 0.7184874741042553, 'reg_alpha': 0.4519250547467123, 'reg_lambda': 2.2929413785820576e-05, 'min_child_weight': 14, 'gamma': 0.36012854059411215, 'num_boost_round': 542}. Best is trial 68 with value: 0.7502174469173701.
# [I 2024-01-24 18:21:59,740] Trial 85 finished with value: 0.7497569710923511 and parameters: {'max_depth': 23, 'learning_rate': 0.06675680515090626, 'subsample': 0.9437855102845686, 'colsample_bytree': 0.7003100988902801, 'reg_alpha': 0.9720827882895279, 'reg_lambda': 6.461295881675974e-05, 'min_child_weight': 14, 'gamma': 0.39188889705104124, 'num_boost_round': 560}. Best is trial 68 with value: 0.7502174469173701.
# [I 2024-01-24 18:22:09,094] Trial 86 finished with value: 0.7486057815298031 and parameters: {'max_depth': 22, 'learning_rate': 0.09589254128555269, 'subsample': 0.9067178184747663, 'colsample_bytree': 0.7005380046434304, 'reg_alpha': 0.9805102978848499, 'reg_lambda': 6.259912016053437e-05, 'min_child_weight': 13, 'gamma': 0.4003716186311104, 'num_boost_round': 557}. Best is trial 68 with value: 0.7502174469173701.
# [I 2024-01-24 18:22:21,743] Trial 87 finished with value: 0.7483243796367358 and parameters: {'max_depth': 21, 'learning_rate': 0.07122162108536098, 'subsample': 0.9369557449626755, 'colsample_bytree': 0.7089213809930744, 'reg_alpha': 0.3469056339162063, 'reg_lambda': 4.241916415921539e-05, 'min_child_weight': 13, 'gamma': 0.32856158782340456, 'num_boost_round': 586}. Best is trial 68 with value: 0.7502174469173701.
# [I 2024-01-24 18:22:33,474] Trial 88 finished with value: 0.7496802251215144 and parameters: {'max_depth': 19, 'learning_rate': 0.08251262510393804, 'subsample': 0.9468779337408227, 'colsample_bytree': 0.707225438348166, 'reg_alpha': 0.7322426325159828, 'reg_lambda': 0.00012354370707181052, 'min_child_weight': 12, 'gamma': 0.4163621284553233, 'num_boost_round': 607}. Best is trial 68 with value: 0.7502174469173701.
# [I 2024-01-24 18:22:42,619] Trial 89 finished with value: 0.7482476336658992 and parameters: {'max_depth': 19, 'learning_rate': 0.08386987117506858, 'subsample': 0.9488815474146894, 'colsample_bytree': 0.707414294303092, 'reg_alpha': 0.6193554530379958, 'reg_lambda': 0.0001530103145870172, 'min_child_weight': 12, 'gamma': 0.38180264292243127, 'num_boost_round': 635}. Best is trial 68 with value: 0.7502174469173701.
# [I 2024-01-24 18:22:52,976] Trial 90 finished with value: 0.7481964696853416 and parameters: {'max_depth': 16, 'learning_rate': 0.08904087498786797, 'subsample': 0.9258117438565817, 'colsample_bytree': 0.7150136341856494, 'reg_alpha': 0.7499205895762798, 'reg_lambda': 0.00011226952993732935, 'min_child_weight': 14, 'gamma': 0.4215985039104502, 'num_boost_round': 612}. Best is trial 68 with value: 0.7502174469173701.
# [I 2024-01-24 18:23:06,030] Trial 91 finished with value: 0.7490662573548221 and parameters: {'max_depth': 19, 'learning_rate': 0.06120180113829192, 'subsample': 0.9462878414192135, 'colsample_bytree': 0.7056716143388637, 'reg_alpha': 0.2756220282856464, 'reg_lambda': 3.177224145875564e-05, 'min_child_weight': 13, 'gamma': 0.40815686446913524, 'num_boost_round': 559}. Best is trial 68 with value: 0.7502174469173701.
# [I 2024-01-24 18:23:19,090] Trial 92 finished with value: 0.7486057815298031 and parameters: {'max_depth': 20, 'learning_rate': 0.06852443498785567, 'subsample': 0.9426596313973427, 'colsample_bytree': 0.714672820608307, 'reg_alpha': 0.17408919773321477, 'reg_lambda': 6.496085375453903e-05, 'min_child_weight': 12, 'gamma': 0.39406285037143174, 'num_boost_round': 602}. Best is trial 68 with value: 0.7502174469173701.
# [I 2024-01-24 18:23:29,119] Trial 93 finished with value: 0.7483755436172934 and parameters: {'max_depth': 18, 'learning_rate': 0.07808703339476199, 'subsample': 0.9652454387028662, 'colsample_bytree': 0.7321039167059397, 'reg_alpha': 0.6389853679052576, 'reg_lambda': 1.1644277889456918e-05, 'min_child_weight': 16, 'gamma': 0.42193153651801646, 'num_boost_round': 513}. Best is trial 68 with value: 0.7502174469173701.
# [I 2024-01-24 18:23:44,038] Trial 94 finished with value: 0.7478639038117165 and parameters: {'max_depth': 23, 'learning_rate': 0.044531770840738144, 'subsample': 0.9559711358907959, 'colsample_bytree': 0.7009488492215055, 'reg_alpha': 0.9694449500436982, 'reg_lambda': 2.3333091720952324e-05, 'min_child_weight': 14, 'gamma': 0.35651981607631494, 'num_boost_round': 576}. Best is trial 68 with value: 0.7502174469173701.
# [I 2024-01-24 18:23:59,086] Trial 95 finished with value: 0.7488104374520338 and parameters: {'max_depth': 22, 'learning_rate': 0.057393983107954974, 'subsample': 0.9353156422449328, 'colsample_bytree': 0.723241117441793, 'reg_alpha': 0.3211280304259536, 'reg_lambda': 0.00019870688209683098, 'min_child_weight': 16, 'gamma': 0.2972624522299102, 'num_boost_round': 529}. Best is trial 68 with value: 0.7502174469173701.
# [I 2024-01-24 18:24:06,738] Trial 96 finished with value: 0.7469429521616782 and parameters: {'max_depth': 24, 'learning_rate': 0.12116804145891272, 'subsample': 0.9104731412335827, 'colsample_bytree': 0.7432501115300854, 'reg_alpha': 0.4717400293606389, 'reg_lambda': 0.0009974142467933072, 'min_child_weight': 13, 'gamma': 0.45530084468839205, 'num_boost_round': 482}. Best is trial 68 with value: 0.7502174469173701.
# [I 2024-01-24 18:24:24,214] Trial 97 finished with value: 0.7441033512407265 and parameters: {'max_depth': 23, 'learning_rate': 0.00665690608996721, 'subsample': 0.9508524546078836, 'colsample_bytree': 0.7117931983527586, 'reg_alpha': 0.5760130970381329, 'reg_lambda': 1.5331564311893614e-05, 'min_child_weight': 1, 'gamma': 0.20238949693745467, 'num_boost_round': 724}. Best is trial 68 with value: 0.7502174469173701.
# [I 2024-01-24 18:24:31,424] Trial 98 finished with value: 0.7458173445894091 and parameters: {'max_depth': 17, 'learning_rate': 0.09741626712694434, 'subsample': 0.9714724869858598, 'colsample_bytree': 0.7318366599095845, 'reg_alpha': 0.21367134761378656, 'reg_lambda': 3.7569704416081684e-05, 'min_child_weight': 15, 'gamma': 0.441350580901767, 'num_boost_round': 666}. Best is trial 68 with value: 0.7502174469173701.
# [I 2024-01-24 18:24:45,208] Trial 99 finished with value: 0.747301100025582 and parameters: {'max_depth': 21, 'learning_rate': 0.054097463301701156, 'subsample': 0.9619310497095865, 'colsample_bytree': 0.8312741339589119, 'reg_alpha': 4.411496039628547e-05, 'reg_lambda': 0.000531369295954479, 'min_child_weight': 14, 'gamma': 0.23868332749127513, 'num_boost_round': 462}. Best is trial 68 with value: 0.7502174469173701.
# [I 2024-01-24 18:25:01,387] Trial 100 finished with value: 0.7481708876950627 and parameters: {'max_depth': 22, 'learning_rate': 0.04109127353617997, 'subsample': 0.9296805536166973, 'colsample_bytree': 0.7187718285128544, 'reg_alpha': 0.7926359142418256, 'reg_lambda': 0.010057037690423883, 'min_child_weight': 12, 'gamma': 0.4094798026171087, 'num_boost_round': 565}. Best is trial 68 with value: 0.7502174469173701.
# [I 2024-01-24 18:25:15,616] Trial 101 finished with value: 0.7493988232284472 and parameters: {'max_depth': 24, 'learning_rate': 0.0660139979275556, 'subsample': 0.9601916455994608, 'colsample_bytree': 0.7222014848496718, 'reg_alpha': 0.46457905459055454, 'reg_lambda': 0.0020986077478442355, 'min_child_weight': 14, 'gamma': 0.38100459485552657, 'num_boost_round': 545}. Best is trial 68 with value: 0.7502174469173701.
# [I 2024-01-24 18:25:29,902] Trial 102 finished with value: 0.7479918137631107 and parameters: {'max_depth': 26, 'learning_rate': 0.06621133823531876, 'subsample': 0.940703621367781, 'colsample_bytree': 0.7000994314170867, 'reg_alpha': 0.3668857735615495, 'reg_lambda': 0.7408232802164563, 'min_child_weight': 13, 'gamma': 0.3658916053920574, 'num_boost_round': 586}. Best is trial 68 with value: 0.7502174469173701.
