# [I 2024-01-17 19:00:09,893] Trial 51 finished with value: 0.7476336658992069 and parameters: {'max_depth': 17, 'learning_rate': 0.09100882039005456, 'subsample': 0.76957740268377, 'colsample_bytree': 0.7362650131619777, 'reg_alpha': 0.10334682649272918, 'reg_lambda': 0.0015315353773651737, 'min_child_weight': 11, 'gamma': 0.04293657011001498, 'num_boost_round': 547}. Best is trial 36 with value: 0.7485546175492453.
# [I 2024-01-17 19:00:19,584] Trial 52 finished with value: 0.7464057303658225 and parameters: {'max_depth': 16, 'learning_rate': 0.09836522942757785, 'subsample': 0.8509024870576928, 'colsample_bytree': 0.8097897708623348, 'reg_alpha': 0.13054860203535523, 'reg_lambda': 0.0012454675390960745, 'min_child_weight': 12, 'gamma': 0.2523850345348055, 'num_boost_round': 598}. Best is trial 36 with value: 0.7485546175492453.
# [I 2024-01-17 19:00:40,656] Trial 53 finished with value: 0.7458685085699668 and parameters: {'max_depth': 15, 'learning_rate': 0.03872644473895401, 'subsample': 0.9176213766145239, 'colsample_bytree': 0.835992589160603, 'reg_alpha': 0.020699478023839268, 'reg_lambda': 0.009308291017536937, 'min_child_weight': 7, 'gamma': 0.32083018732780355, 'num_boost_round': 522}. Best is trial 36 with value: 0.7485546175492453.
# [I 2024-01-17 19:00:50,073] Trial 54 finished with value: 0.7447684829879765 and parameters: {'max_depth': 19, 'learning_rate': 0.17441996359122675, 'subsample': 0.882997137033442, 'colsample_bytree': 0.7269174680663762, 'reg_alpha': 0.0031149824827138486, 'reg_lambda': 5.376292235532717e-05, 'min_child_weight': 7, 'gamma': 0.034553380750863755, 'num_boost_round': 418}. Best is trial 36 with value: 0.7485546175492453.
# [I 2024-01-17 19:01:02,024] Trial 55 finished with value: 0.7473778459964185 and parameters: {'max_depth': 16, 'learning_rate': 0.06721440775967914, 'subsample': 0.7489376418255527, 'colsample_bytree': 0.7486565124276398, 'reg_alpha': 0.0021637186444512136, 'reg_lambda': 0.00023858561182797149, 'min_child_weight': 9, 'gamma': 0.32645452120840796, 'num_boost_round': 502}. Best is trial 36 with value: 0.7485546175492453.
# [I 2024-01-17 19:01:18,959] Trial 56 finished with value: 0.7465592223074955 and parameters: {'max_depth': 16, 'learning_rate': 0.04499322035126054, 'subsample': 0.8270569522076804, 'colsample_bytree': 0.70332755161984, 'reg_alpha': 0.10916433702459911, 'reg_lambda': 0.0010214549786210305, 'min_child_weight': 10, 'gamma': 0.14375703815702875, 'num_boost_round': 488}. Best is trial 36 with value: 0.7485546175492453.
# [I 2024-01-17 19:01:40,996] Trial 57 finished with value: 0.74911742133538 and parameters: {'max_depth': 17, 'learning_rate': 0.05783367331655646, 'subsample': 0.8224779216422303, 'colsample_bytree': 0.7274126154655153, 'reg_alpha': 0.001936343415557244, 'reg_lambda': 0.002112405454336705, 'min_child_weight': 8, 'gamma': 0.23352989217655448, 'num_boost_round': 557}. Best is trial 57 with value: 0.74911742133538.
# [I 2024-01-17 19:01:48,983] Trial 58 finished with value: 0.7425684318239959 and parameters: {'max_depth': 15, 'learning_rate': 0.07013516350605511, 'subsample': 0.7177270307847531, 'colsample_bytree': 0.7387962729509434, 'reg_alpha': 0.2721917535233316, 'reg_lambda': 0.001673820529428186, 'min_child_weight': 10, 'gamma': 0.08412306164316223, 'num_boost_round': 493}. Best is trial 57 with value: 0.74911742133538.
# [I 2024-01-17 19:01:59,553] Trial 59 finished with value: 0.7443335891532361 and parameters: {'max_depth': 14, 'learning_rate': 0.06528637543992197, 'subsample': 0.7326116006420608, 'colsample_bytree': 0.7185457257017627, 'reg_alpha': 0.16630631908651802, 'reg_lambda': 7.250793062260411e-05, 'min_child_weight': 5, 'gamma': 0.07726213405990158, 'num_boost_round': 511}. Best is trial 57 with value: 0.74911742133538.
# [I 2024-01-17 19:02:13,276] Trial 60 finished with value: 0.7484267075978511 and parameters: {'max_depth': 16, 'learning_rate': 0.08702845105375946, 'subsample': 0.822331609788601, 'colsample_bytree': 0.7196755154573913, 'reg_alpha': 0.0007517768946679586, 'reg_lambda': 0.0033783956079025228, 'min_child_weight': 11, 'gamma': 0.1523213996344308, 'num_boost_round': 451}. Best is trial 57 with value: 0.74911742133538.
# [I 2024-01-17 19:02:23,483] Trial 61 finished with value: 0.7467127142491685 and parameters: {'max_depth': 18, 'learning_rate': 0.08243023913071151, 'subsample': 0.7838021101715629, 'colsample_bytree': 0.8332289313305263, 'reg_alpha': 0.42189765022419834, 'reg_lambda': 9.246769521818725e-05, 'min_child_weight': 11, 'gamma': 0.26151186293521417, 'num_boost_round': 446}. Best is trial 57 with value: 0.74911742133538.
# [I 2024-01-17 19:02:38,541] Trial 62 finished with value: 0.7463801483755437 and parameters: {'max_depth': 18, 'learning_rate': 0.044310110024536685, 'subsample': 0.8023911324531168, 'colsample_bytree': 0.7678469869112374, 'reg_alpha': 0.0036980282500867117, 'reg_lambda': 0.006390070901996418, 'min_child_weight': 7, 'gamma': 0.27291587235069326, 'num_boost_round': 638}. Best is trial 57 with value: 0.74911742133538.
# [I 2024-01-17 19:02:40,315] Trial 63 finished with value: 0.7121258633921719 and parameters: {'max_depth': 12, 'learning_rate': 0.021095438270048755, 'subsample': 0.7932016871887019, 'colsample_bytree': 0.7220606943133341, 'reg_alpha': 0.019585305375168297, 'reg_lambda': 0.00040378282976671334, 'min_child_weight': 10, 'gamma': 0.29461909554421367, 'num_boost_round': 465}. Best is trial 57 with value: 0.74911742133538.
# [I 2024-01-17 19:02:54,771] Trial 64 finished with value: 0.7461754924533128 and parameters: {'max_depth': 17, 'learning_rate': 0.05128150568209174, 'subsample': 0.7466870792425496, 'colsample_bytree': 0.7606335522531765, 'reg_alpha': 0.027502221251828617, 'reg_lambda': 0.002847038335758001, 'min_child_weight': 5, 'gamma': 0.28207974636256145, 'num_boost_round': 535}. Best is trial 57 with value: 0.74911742133538.
# [I 2024-01-17 19:03:26,570] Trial 65 finished with value: 0.7430544896392939 and parameters: {'max_depth': 16, 'learning_rate': 0.014760177726022833, 'subsample': 0.7681493676398167, 'colsample_bytree': 0.8130486948452841, 'reg_alpha': 0.023521347106253383, 'reg_lambda': 0.0007327870986804734, 'min_child_weight': 12, 'gamma': 0.14893565492367802, 'num_boost_round': 460}. Best is trial 57 with value: 0.74911742133538.
# [I 2024-01-17 19:03:34,846] Trial 66 finished with value: 0.7440010232796112 and parameters: {'max_depth': 16, 'learning_rate': 0.0814403244453864, 'subsample': 0.8133832760116524, 'colsample_bytree': 0.7447667464771942, 'reg_alpha': 0.0002164143395743246, 'reg_lambda': 0.002376161861254366, 'min_child_weight': 9, 'gamma': 0.18635751791693117, 'num_boost_round': 576}. Best is trial 57 with value: 0.74911742133538.
# [I 2024-01-17 19:03:56,932] Trial 67 finished with value: 0.7471731900741878 and parameters: {'max_depth': 18, 'learning_rate': 0.0403732441816133, 'subsample': 0.835372271585731, 'colsample_bytree': 0.7362333237093466, 'reg_alpha': 0.046791501811480986, 'reg_lambda': 0.000437216745749849, 'min_child_weight': 7, 'gamma': 0.17776722599778444, 'num_boost_round': 494}. Best is trial 57 with value: 0.74911742133538.
# [I 2024-01-17 19:04:09,335] Trial 68 finished with value: 0.7487848554617549 and parameters: {'max_depth': 18, 'learning_rate': 0.08264145597007437, 'subsample': 0.732058828773006, 'colsample_bytree': 0.7194204017091105, 'reg_alpha': 0.0005707300188849352, 'reg_lambda': 0.002782286325783357, 'min_child_weight': 11, 'gamma': 0.1538405594371126, 'num_boost_round': 557}. Best is trial 57 with value: 0.74911742133538.
# [I 2024-01-17 19:04:24,531] Trial 69 finished with value: 0.74469173701714 and parameters: {'max_depth': 14, 'learning_rate': 0.04107372219777396, 'subsample': 0.7839964162175409, 'colsample_bytree': 0.7112393399532864, 'reg_alpha': 0.0008755424434062635, 'reg_lambda': 0.0022539325697656563, 'min_child_weight': 8, 'gamma': 0.038749955022178095, 'num_boost_round': 496}. Best is trial 57 with value: 0.74911742133538.
# [I 2024-01-17 19:04:33,499] Trial 70 finished with value: 0.7477615758506011 and parameters: {'max_depth': 15, 'learning_rate': 0.11274933060514696, 'subsample': 0.8048589414724729, 'colsample_bytree': 0.7647977346316563, 'reg_alpha': 0.008237656250199793, 'reg_lambda': 0.010985616271116997, 'min_child_weight': 12, 'gamma': 0.04179092478110713, 'num_boost_round': 452}. Best is trial 57 with value: 0.74911742133538.
# [I 2024-01-17 19:05:02,933] Trial 71 finished with value: 0.7469941161422359 and parameters: {'max_depth': 20, 'learning_rate': 0.028550856574189296, 'subsample': 0.7769537210234707, 'colsample_bytree': 0.8606396104234763, 'reg_alpha': 0.008325074438982411, 'reg_lambda': 0.006922275066623956, 'min_child_weight': 10, 'gamma': 0.08014320526012816, 'num_boost_round': 508}. Best is trial 57 with value: 0.74911742133538.
# [I 2024-01-17 19:05:11,820] Trial 72 finished with value: 0.7476592478894858 and parameters: {'max_depth': 14, 'learning_rate': 0.10921490521904845, 'subsample': 0.7983554197147859, 'colsample_bytree': 0.7392961677179684, 'reg_alpha': 0.020744235528313882, 'reg_lambda': 0.03842671557893603, 'min_child_weight': 14, 'gamma': 0.002035020591570569, 'num_boost_round': 540}. Best is trial 57 with value: 0.74911742133538.
# [I 2024-01-17 19:05:25,715] Trial 73 finished with value: 0.7495011511895626 and parameters: {'max_depth': 16, 'learning_rate': 0.07804953080726278, 'subsample': 0.7372446311060505, 'colsample_bytree': 0.7313209356500971, 'reg_alpha': 0.0004963207814185677, 'reg_lambda': 0.00040658603133315256, 'min_child_weight': 11, 'gamma': 0.10405169615573975, 'num_boost_round': 497}. Best is trial 73 with value: 0.7495011511895626.
# [I 2024-01-17 19:05:38,609] Trial 74 finished with value: 0.746149910463034 and parameters: {'max_depth': 18, 'learning_rate': 0.08378746505054524, 'subsample': 0.7729376751610014, 'colsample_bytree': 0.7860067936815015, 'reg_alpha': 0.0035358861342651435, 'reg_lambda': 0.0012610029436038747, 'min_child_weight': 9, 'gamma': 0.12115752717848104, 'num_boost_round': 539}. Best is trial 73 with value: 0.7495011511895626.
# [I 2024-01-17 19:05:58,381] Trial 75 finished with value: 0.7462778204144283 and parameters: {'max_depth': 14, 'learning_rate': 0.0441522386848888, 'subsample': 0.8285655429054364, 'colsample_bytree': 0.8078769585730065, 'reg_alpha': 0.0003920661248464482, 'reg_lambda': 0.02926423686016513, 'min_child_weight': 9, 'gamma': 0.02068900228909243, 'num_boost_round': 471}. Best is trial 73 with value: 0.7495011511895626.
# [I 2024-01-17 19:06:17,242] Trial 76 finished with value: 0.74778715784088 and parameters: {'max_depth': 19, 'learning_rate': 0.04572408362136613, 'subsample': 0.7687907992976166, 'colsample_bytree': 0.7618109363093926, 'reg_alpha': 0.0013007053484270696, 'reg_lambda': 0.0003028724630315768, 'min_child_weight': 12, 'gamma': 0.22811705191224352, 'num_boost_round': 426}. Best is trial 73 with value: 0.7495011511895626.
# [I 2024-01-17 19:06:29,431] Trial 77 finished with value: 0.7474290099769763 and parameters: {'max_depth': 15, 'learning_rate': 0.08205813153612389, 'subsample': 0.7584056546595462, 'colsample_bytree': 0.8013472116305368, 'reg_alpha': 0.03624220426721628, 'reg_lambda': 0.001618055162970838, 'min_child_weight': 8, 'gamma': 0.24181869570210024, 'num_boost_round': 709}. Best is trial 73 with value: 0.7495011511895626.
# [I 2024-01-17 19:06:40,802] Trial 78 finished with value: 0.7489639293937068 and parameters: {'max_depth': 15, 'learning_rate': 0.10003611589938277, 'subsample': 0.8158109340385302, 'colsample_bytree': 0.7081121044451816, 'reg_alpha': 0.002786209588018626, 'reg_lambda': 0.01861294368276127, 'min_child_weight': 12, 'gamma': 0.13635607262725616, 'num_boost_round': 535}. Best is trial 73 with value: 0.7495011511895626.
# [I 2024-01-17 19:06:55,247] Trial 79 finished with value: 0.7489639293937068 and parameters: {'max_depth': 15, 'learning_rate': 0.0717550968417094, 'subsample': 0.7523667250967548, 'colsample_bytree': 0.7824364451704476, 'reg_alpha': 0.01073671162615753, 'reg_lambda': 0.0018503233715688606, 'min_child_weight': 11, 'gamma': 0.13914272049312074, 'num_boost_round': 511}. Best is trial 73 with value: 0.7495011511895626.
# [I 2024-01-17 19:07:12,017] Trial 80 finished with value: 0.748119723714505 and parameters: {'max_depth': 20, 'learning_rate': 0.058897105010649334, 'subsample': 0.7734626210573929, 'colsample_bytree': 0.7143543107184933, 'reg_alpha': 0.019180478323963395, 'reg_lambda': 0.0010516108774247768, 'min_child_weight': 13, 'gamma': 0.038110940771161145, 'num_boost_round': 439}. Best is trial 73 with value: 0.7495011511895626.
# [I 2024-01-17 19:07:25,194] Trial 81 finished with value: 0.7457150166282938 and parameters: {'max_depth': 17, 'learning_rate': 0.051308565783588125, 'subsample': 0.7348894858227641, 'colsample_bytree': 0.7226997601186952, 'reg_alpha': 0.0006174525505131603, 'reg_lambda': 0.0016924273946250306, 'min_child_weight': 13, 'gamma': 0.06001056951036017, 'num_boost_round': 616}. Best is trial 73 with value: 0.7495011511895626.
# [I 2024-01-17 19:07:37,312] Trial 82 finished with value: 0.7443847531337938 and parameters: {'max_depth': 16, 'learning_rate': 0.051336574047189346, 'subsample': 0.741207413300879, 'colsample_bytree': 0.7654978763233714, 'reg_alpha': 0.00029586663723557457, 'reg_lambda': 0.0009760205224552092, 'min_child_weight': 10, 'gamma': 0.22548381913213844, 'num_boost_round': 526}. Best is trial 73 with value: 0.7495011511895626.
# [I 2024-01-17 19:07:46,432] Trial 83 finished with value: 0.7467638782297263 and parameters: {'max_depth': 15, 'learning_rate': 0.10324229212991427, 'subsample': 0.7574417801622647, 'colsample_bytree': 0.7253320328427296, 'reg_alpha': 0.020696113900002883, 'reg_lambda': 0.00025999819099091097, 'min_child_weight': 11, 'gamma': 0.03744748090708866, 'num_boost_round': 524}. Best is trial 73 with value: 0.7495011511895626.
# [I 2024-01-17 19:08:01,007] Trial 84 finished with value: 0.7478894858019953 and parameters: {'max_depth': 18, 'learning_rate': 0.08286767915037499, 'subsample': 0.7360250777731682, 'colsample_bytree': 0.7916898271628818, 'reg_alpha': 0.001457865237030959, 'reg_lambda': 0.1345577697956802, 'min_child_weight': 14, 'gamma': 0.14388278918125566, 'num_boost_round': 579}. Best is trial 73 with value: 0.7495011511895626.
# [I 2024-01-17 19:08:13,384] Trial 85 finished with value: 0.7472243540547454 and parameters: {'max_depth': 16, 'learning_rate': 0.07496837526617448, 'subsample': 0.7887661660447759, 'colsample_bytree': 0.7499088828002284, 'reg_alpha': 0.0002721889290979804, 'reg_lambda': 0.0008599011993927638, 'min_child_weight': 12, 'gamma': 0.09665589242160416, 'num_boost_round': 505}. Best is trial 73 with value: 0.7495011511895626.
# [I 2024-01-17 19:08:24,474] Trial 86 finished with value: 0.7486825275006396 and parameters: {'max_depth': 14, 'learning_rate': 0.08905689390090793, 'subsample': 0.7934175513027117, 'colsample_bytree': 0.7426284429788714, 'reg_alpha': 0.009682351794014225, 'reg_lambda': 0.01935809828797134, 'min_child_weight': 16, 'gamma': 0.0406318863963948, 'num_boost_round': 570}. Best is trial 73 with value: 0.7495011511895626.
# [I 2024-01-17 19:08:33,489] Trial 87 finished with value: 0.7470964441033512 and parameters: {'max_depth': 17, 'learning_rate': 0.1209091401275008, 'subsample': 0.7437371043593665, 'colsample_bytree': 0.7039968157683273, 'reg_alpha': 0.011458939785675732, 'reg_lambda': 0.05163179202544089, 'min_child_weight': 9, 'gamma': 0.11815017733181853, 'num_boost_round': 554}. Best is trial 73 with value: 0.7495011511895626.
# [I 2024-01-17 19:08:45,634] Trial 88 finished with value: 0.7478894858019953 and parameters: {'max_depth': 17, 'learning_rate': 0.11199316151136429, 'subsample': 0.7643093177525944, 'colsample_bytree': 0.7217316131938453, 'reg_alpha': 0.011000773821770341, 'reg_lambda': 0.0024063688926682708, 'min_child_weight': 9, 'gamma': 0.16300042483665333, 'num_boost_round': 531}. Best is trial 73 with value: 0.7495011511895626.
# [I 2024-01-17 19:09:02,550] Trial 89 finished with value: 0.7489639293937068 and parameters: {'max_depth': 19, 'learning_rate': 0.08703532182154866, 'subsample': 0.7535110651301375, 'colsample_bytree': 0.7293587700347055, 'reg_alpha': 9.720186698095318e-05, 'reg_lambda': 0.007012584017562386, 'min_child_weight': 10, 'gamma': 0.014136998023419334, 'num_boost_round': 589}. Best is trial 73 with value: 0.7495011511895626.
# [I 2024-01-17 19:09:11,472] Trial 90 finished with value: 0.7458940905602456 and parameters: {'max_depth': 17, 'learning_rate': 0.08477168644308215, 'subsample': 0.7657433323974611, 'colsample_bytree': 0.7484960349238666, 'reg_alpha': 0.004235905761301007, 'reg_lambda': 0.0022356329577005686, 'min_child_weight': 7, 'gamma': 0.20355826603152222, 'num_boost_round': 652}. Best is trial 73 with value: 0.7495011511895626.
# [I 2024-01-17 19:09:24,914] Trial 91 finished with value: 0.7480173957533895 and parameters: {'max_depth': 19, 'learning_rate': 0.07261055470870015, 'subsample': 0.7321390974176085, 'colsample_bytree': 0.7136937154499202, 'reg_alpha': 0.0042257370784199106, 'reg_lambda': 0.04324629901077829, 'min_child_weight': 15, 'gamma': 0.12368992261436743, 'num_boost_round': 596}. Best is trial 73 with value: 0.7495011511895626.
# [I 2024-01-17 19:09:34,104] Trial 92 finished with value: 0.7456126886671783 and parameters: {'max_depth': 19, 'learning_rate': 0.11923011170660026, 'subsample': 0.7247900016292457, 'colsample_bytree': 0.7713075147867711, 'reg_alpha': 0.0006308641166280422, 'reg_lambda': 0.004806238324128194, 'min_child_weight': 14, 'gamma': 0.15641426190654967, 'num_boost_round': 517}. Best is trial 73 with value: 0.7495011511895626.
# [I 2024-01-17 19:09:42,571] Trial 93 finished with value: 0.7454080327449475 and parameters: {'max_depth': 17, 'learning_rate': 0.10354037235420316, 'subsample': 0.7209770571188407, 'colsample_bytree': 0.7675277222497968, 'reg_alpha': 9.21642949140578e-05, 'reg_lambda': 0.01716337819700836, 'min_child_weight': 15, 'gamma': 0.02140456502018924, 'num_boost_round': 670}. Best is trial 73 with value: 0.7495011511895626.
# [I 2024-01-17 19:09:51,676] Trial 94 finished with value: 0.7455615246866206 and parameters: {'max_depth': 13, 'learning_rate': 0.07948364745324203, 'subsample': 0.8077123714482518, 'colsample_bytree': 0.7853987292575485, 'reg_alpha': 0.0224016189826593, 'reg_lambda': 0.0035742155026189334, 'min_child_weight': 12, 'gamma': 0.1820746492249458, 'num_boost_round': 634}. Best is trial 73 with value: 0.7495011511895626.
# [I 2024-01-17 19:10:05,145] Trial 95 finished with value: 0.7454080327449475 and parameters: {'max_depth': 15, 'learning_rate': 0.05135952686163402, 'subsample': 0.8001907460365099, 'colsample_bytree': 0.742946736856275, 'reg_alpha': 0.00036224215912308063, 'reg_lambda': 0.00043019535517907243, 'min_child_weight': 15, 'gamma': 0.05792843219646921, 'num_boost_round': 652}. Best is trial 73 with value: 0.7495011511895626.
# [I 2024-01-17 19:10:16,563] Trial 96 finished with value: 0.7474801739575339 and parameters: {'max_depth': 19, 'learning_rate': 0.12025382193845503, 'subsample': 0.7929398965082565, 'colsample_bytree': 0.7267581704489777, 'reg_alpha': 0.00353171065768357, 'reg_lambda': 0.05278615514893909, 'min_child_weight': 12, 'gamma': 0.012391602793558248, 'num_boost_round': 531}. Best is trial 73 with value: 0.7495011511895626.
# [I 2024-01-17 19:10:37,030] Trial 97 finished with value: 0.7481453057047838 and parameters: {'max_depth': 18, 'learning_rate': 0.047155399969149504, 'subsample': 0.7548545579005492, 'colsample_bytree': 0.8381337280209571, 'reg_alpha': 0.0022177743611231653, 'reg_lambda': 0.0029728846100995276, 'min_child_weight': 18, 'gamma': 0.1504557280995851, 'num_boost_round': 598}. Best is trial 73 with value: 0.7495011511895626.
# [I 2024-01-17 19:10:55,261] Trial 98 finished with value: 0.746968534151957 and parameters: {'max_depth': 18, 'learning_rate': 0.04425953616626768, 'subsample': 0.7733328756197151, 'colsample_bytree': 0.7174287149373496, 'reg_alpha': 0.001825725947411093, 'reg_lambda': 0.001973959100875965, 'min_child_weight': 17, 'gamma': 0.012742236276958606, 'num_boost_round': 618}. Best is trial 73 with value: 0.7495011511895626.
# [I 2024-01-17 19:11:04,692] Trial 99 finished with value: 0.7478894858019953 and parameters: {'max_depth': 13, 'learning_rate': 0.0850023111469722, 'subsample': 0.7782049533069264, 'colsample_bytree': 0.7138213069458744, 'reg_alpha': 0.0015550706277920616, 'reg_lambda': 0.00038546211931450493, 'min_child_weight': 12, 'gamma': 0.08653063905697203, 'num_boost_round': 600}. Best is trial 73 with value: 0.7495011511895626.
# [I 2024-01-17 19:11:16,384] Trial 100 finished with value: 0.7470196981325148 and parameters: {'max_depth': 17, 'learning_rate': 0.0790469533826863, 'subsample': 0.7673858247060656, 'colsample_bytree': 0.7116580439088169, 'reg_alpha': 0.002113655779544565, 'reg_lambda': 0.0012658219343347683, 'min_child_weight': 14, 'gamma': 0.1480101682249114, 'num_boost_round': 565}. Best is trial 73 with value: 0.7495011511895626.
# [I 2024-01-17 19:11:32,039] Trial 101 finished with value: 0.74845228958813 and parameters: {'max_depth': 14, 'learning_rate': 0.06170599056458333, 'subsample': 0.7811234404511452, 'colsample_bytree': 0.7112771649662799, 'reg_alpha': 0.012475612893015367, 'reg_lambda': 0.0002387541201112934, 'min_child_weight': 15, 'gamma': 0.06933262114290085, 'num_boost_round': 682}. Best is trial 73 with value: 0.7495011511895626.
# [I 2024-01-17 19:11:43,497] Trial 102 finished with value: 0.7480941417242262 and parameters: {'max_depth': 19, 'learning_rate': 0.1003723574063026, 'subsample': 0.7529367074781488, 'colsample_bytree': 0.736555700591754, 'reg_alpha': 0.034250378933122744, 'reg_lambda': 0.24456671803630667, 'min_child_weight': 15, 'gamma': 0.12848673286578616, 'num_boost_round': 634}. Best is trial 73 with value: 0.7495011511895626.
