# [I 2024-01-24 20:03:08,659] Trial 310 finished with value: 0.748119723714505 and parameters: {'max_depth': 218, 'learning_rate': 0.05016309762052329, 'subsample': 0.9763302994980205, 'colsample_bytree': 0.7354388568441755, 'reg_alpha': 0.4043989319491071, 'reg_lambda': 1.330167660184506, 'min_child_weight': 15, 'gamma': 0.29795517443712316, 'num_boost_round': 471}. Best is trial 222 with value: 0.7501662829368125.
# [I 2024-01-24 20:03:27,185] Trial 311 finished with value: 0.7486313635200819 and parameters: {'max_depth': 213, 'learning_rate': 0.046749388047267706, 'subsample': 0.96837611232503, 'colsample_bytree': 0.726779027875618, 'reg_alpha': 0.639112965325985, 'reg_lambda': 0.7713965612536027, 'min_child_weight': 15, 'gamma': 0.28387516197525703, 'num_boost_round': 429}. Best is trial 222 with value: 0.7501662829368125.
# [I 2024-01-24 20:03:52,230] Trial 312 finished with value: 0.7484778715784088 and parameters: {'max_depth': 262, 'learning_rate': 0.035762553222837966, 'subsample': 0.9307864739490161, 'colsample_bytree': 0.7064403356775419, 'reg_alpha': 0.0006690259013330995, 'reg_lambda': 0.8692773970972913, 'min_child_weight': 16, 'gamma': 0.26755510372876923, 'num_boost_round': 541}. Best is trial 222 with value: 0.7501662829368125.
# [I 2024-01-24 20:04:14,488] Trial 313 finished with value: 0.7495523151701202 and parameters: {'max_depth': 178, 'learning_rate': 0.041747783491885404, 'subsample': 0.9631403280396735, 'colsample_bytree': 0.7188759130530132, 'reg_alpha': 0.7635403155861837, 'reg_lambda': 0.5420266913309846, 'min_child_weight': 14, 'gamma': 0.2948333292350673, 'num_boost_round': 509}. Best is trial 222 with value: 0.7501662829368125.
# [I 2024-01-24 20:04:34,565] Trial 314 finished with value: 0.7478127398311589 and parameters: {'max_depth': 173, 'learning_rate': 0.04042169085785231, 'subsample': 0.7206588363026301, 'colsample_bytree': 0.7207863131216011, 'reg_alpha': 0.7805775901153611, 'reg_lambda': 0.4480147252982364, 'min_child_weight': 14, 'gamma': 0.3001834065079168, 'num_boost_round': 511}. Best is trial 222 with value: 0.7501662829368125.
# [I 2024-01-24 20:04:54,533] Trial 315 finished with value: 0.7495011511895626 and parameters: {'max_depth': 179, 'learning_rate': 0.04261712000336587, 'subsample': 0.9712941281302659, 'colsample_bytree': 0.7303279615335331, 'reg_alpha': 0.7538398200530892, 'reg_lambda': 0.3040089497301839, 'min_child_weight': 14, 'gamma': 0.327200924328357, 'num_boost_round': 527}. Best is trial 222 with value: 0.7501662829368125.
# [I 2024-01-24 20:05:15,154] Trial 316 finished with value: 0.7473266820158608 and parameters: {'max_depth': 184, 'learning_rate': 0.038558391903596174, 'subsample': 0.9743466704438957, 'colsample_bytree': 0.7175811529656523, 'reg_alpha': 0.46352634430555034, 'reg_lambda': 0.27119395986751826, 'min_child_weight': 14, 'gamma': 0.3318433248969334, 'num_boost_round': 552}. Best is trial 222 with value: 0.7501662829368125.
# [I 2024-01-24 20:05:40,786] Trial 317 finished with value: 0.7489127654131491 and parameters: {'max_depth': 181, 'learning_rate': 0.032836228420750055, 'subsample': 0.982642987102333, 'colsample_bytree': 0.7252333238310252, 'reg_alpha': 0.5332375501989345, 'reg_lambda': 0.4369690062233848, 'min_child_weight': 14, 'gamma': 0.34614384514655544, 'num_boost_round': 530}. Best is trial 222 with value: 0.7501662829368125.
# [I 2024-01-24 20:05:57,890] Trial 318 finished with value: 0.7477615758506011 and parameters: {'max_depth': 176, 'learning_rate': 0.041829908024263035, 'subsample': 0.9720081965643849, 'colsample_bytree': 0.731662093716351, 'reg_alpha': 0.6179952221376389, 'reg_lambda': 0.2996625956300176, 'min_child_weight': 14, 'gamma': 0.3181179370545823, 'num_boost_round': 525}. Best is trial 222 with value: 0.7501662829368125.
# [I 2024-01-24 20:06:18,456] Trial 319 finished with value: 0.7486825275006396 and parameters: {'max_depth': 172, 'learning_rate': 0.044115423332095983, 'subsample': 0.965602121336217, 'colsample_bytree': 0.7142242999768716, 'reg_alpha': 0.9615418343336184, 'reg_lambda': 0.20550569642259497, 'min_child_weight': 14, 'gamma': 0.3064984656792604, 'num_boost_round': 540}. Best is trial 222 with value: 0.7501662829368125.
# [I 2024-01-24 20:06:41,448] Trial 320 finished with value: 0.7489383474034279 and parameters: {'max_depth': 178, 'learning_rate': 0.03804309344137869, 'subsample': 0.9867672007058705, 'colsample_bytree': 0.740182185635468, 'reg_alpha': 0.3417867175514719, 'reg_lambda': 0.1250817279894537, 'min_child_weight': 13, 'gamma': 0.333707994037508, 'num_boost_round': 519}. Best is trial 222 with value: 0.7501662829368125.
# [I 2024-01-24 20:07:02,238] Trial 321 finished with value: 0.7482220516756204 and parameters: {'max_depth': 165, 'learning_rate': 0.034299006863693096, 'subsample': 0.9796808606812988, 'colsample_bytree': 0.7209013971154339, 'reg_alpha': 0.22575826079822897, 'reg_lambda': 0.5379905904737159, 'min_child_weight': 15, 'gamma': 0.2900671053999045, 'num_boost_round': 513}. Best is trial 222 with value: 0.7501662829368125.
# [I 2024-01-24 20:07:13,479] Trial 322 finished with value: 0.7414684062420056 and parameters: {'max_depth': 190, 'learning_rate': 0.005006218296942187, 'subsample': 0.8936741812029387, 'colsample_bytree': 0.7110498838392872, 'reg_alpha': 0.7651300181512407, 'reg_lambda': 0.43698447921512995, 'min_child_weight': 4, 'gamma': 0.2770513910915538, 'num_boost_round': 531}. Best is trial 222 with value: 0.7501662829368125.
# [I 2024-01-24 20:07:32,518] Trial 323 finished with value: 0.7491941673062164 and parameters: {'max_depth': 168, 'learning_rate': 0.04686031833004204, 'subsample': 0.9630003838360853, 'colsample_bytree': 0.7250856608187185, 'reg_alpha': 0.5642462410886665, 'reg_lambda': 0.6409135129406788, 'min_child_weight': 17, 'gamma': 0.3224866183815056, 'num_boost_round': 522}. Best is trial 222 with value: 0.7501662829368125.
# [I 2024-01-24 20:07:49,093] Trial 324 finished with value: 0.7485290355589664 and parameters: {'max_depth': 183, 'learning_rate': 0.04733996276222334, 'subsample': 0.9628432291248092, 'colsample_bytree': 0.7322628077683151, 'reg_alpha': 0.30041281005454157, 'reg_lambda': 0.7112385395758802, 'min_child_weight': 17, 'gamma': 0.24147980388214874, 'num_boost_round': 540}. Best is trial 222 with value: 0.7501662829368125.
# [I 2024-01-24 20:08:04,899] Trial 325 finished with value: 0.748273215656178 and parameters: {'max_depth': 92, 'learning_rate': 0.041734122840889294, 'subsample': 0.9687223154274797, 'colsample_bytree': 0.7243551670458955, 'reg_alpha': 0.46033967005816206, 'reg_lambda': 0.5798884211744615, 'min_child_weight': 17, 'gamma': 0.326900622727239, 'num_boost_round': 523}. Best is trial 222 with value: 0.7501662829368125.
# [I 2024-01-24 20:08:25,197] Trial 326 finished with value: 0.7486569455103607 and parameters: {'max_depth': 167, 'learning_rate': 0.04524189450475601, 'subsample': 0.9607763647980166, 'colsample_bytree': 0.737659569299089, 'reg_alpha': 0.0013081880295976538, 'reg_lambda': 0.1848218497609501, 'min_child_weight': 17, 'gamma': 0.3266383527517235, 'num_boost_round': 531}. Best is trial 222 with value: 0.7501662829368125.
# [I 2024-01-24 20:08:43,728] Trial 327 finished with value: 0.7484011256075722 and parameters: {'max_depth': 166, 'learning_rate': 0.04021444984457538, 'subsample': 0.9647352411147359, 'colsample_bytree': 0.7283182120103118, 'reg_alpha': 0.5915634470386316, 'reg_lambda': 0.3431029891575056, 'min_child_weight': 17, 'gamma': 0.04942464541711444, 'num_boost_round': 516}. Best is trial 222 with value: 0.7501662829368125.
# [I 2024-01-24 20:09:03,164] Trial 328 finished with value: 0.748273215656178 and parameters: {'max_depth': 178, 'learning_rate': 0.049520501559360094, 'subsample': 0.9570733845535321, 'colsample_bytree': 0.7183302884260968, 'reg_alpha': 0.4175077358472638, 'reg_lambda': 0.15348565736092912, 'min_child_weight': 18, 'gamma': 0.21420014570439247, 'num_boost_round': 548}. Best is trial 222 with value: 0.7501662829368125.
# [I 2024-01-24 20:09:21,117] Trial 329 finished with value: 0.74911742133538 and parameters: {'max_depth': 172, 'learning_rate': 0.044828433817487516, 'subsample': 0.9700200310260075, 'colsample_bytree': 0.7249346496428111, 'reg_alpha': 0.2658659532083135, 'reg_lambda': 0.08816672291739466, 'min_child_weight': 17, 'gamma': 0.31784118001139505, 'num_boost_round': 511}. Best is trial 222 with value: 0.7501662829368125.
# [I 2024-01-24 20:09:43,367] Trial 330 finished with value: 0.7493220772576106 and parameters: {'max_depth': 167, 'learning_rate': 0.03621139549137446, 'subsample': 0.9604022037465383, 'colsample_bytree': 0.7170887840898738, 'reg_alpha': 0.6221027659500986, 'reg_lambda': 0.7276188034162209, 'min_child_weight': 13, 'gamma': 0.24975598782728523, 'num_boost_round': 522}. Best is trial 222 with value: 0.7501662829368125.
# [I 2024-01-24 20:10:09,565] Trial 331 finished with value: 0.7487848554617549 and parameters: {'max_depth': 281, 'learning_rate': 0.03645204305310396, 'subsample': 0.9583318651972554, 'colsample_bytree': 0.7163066499702991, 'reg_alpha': 0.7295467582070132, 'reg_lambda': 0.9076853908173771, 'min_child_weight': 14, 'gamma': 0.2527516523469127, 'num_boost_round': 506}. Best is trial 222 with value: 0.7501662829368125.
# [I 2024-01-24 20:10:39,883] Trial 332 finished with value: 0.749091839345101 and parameters: {'max_depth': 101, 'learning_rate': 0.0329442385032656, 'subsample': 0.9745906098800534, 'colsample_bytree': 0.7113072963507605, 'reg_alpha': 7.075514151496511e-05, 'reg_lambda': 0.11651948536702489, 'min_child_weight': 13, 'gamma': 0.23951492738622118, 'num_boost_round': 535}. Best is trial 222 with value: 0.7501662829368125.
# [I 2024-01-24 20:11:04,967] Trial 333 finished with value: 0.7481964696853416 and parameters: {'max_depth': 178, 'learning_rate': 0.029768605939868357, 'subsample': 0.9544322429098165, 'colsample_bytree': 0.7161365425841996, 'reg_alpha': 0.0624937796401845, 'reg_lambda': 0.5208505410300087, 'min_child_weight': 13, 'gamma': 0.25117723491334865, 'num_boost_round': 523}. Best is trial 222 with value: 0.7501662829368125.
# [I 2024-01-24 20:11:36,193] Trial 334 finished with value: 0.7469173701713994 and parameters: {'max_depth': 160, 'learning_rate': 0.016108743593385044, 'subsample': 0.9676114244546082, 'colsample_bytree': 0.7074570696892161, 'reg_alpha': 0.9891311621754589, 'reg_lambda': 0.7158477298134847, 'min_child_weight': 14, 'gamma': 0.27313499800784635, 'num_boost_round': 559}. Best is trial 222 with value: 0.7501662829368125.
# [I 2024-01-24 20:12:00,360] Trial 335 finished with value: 0.7489383474034279 and parameters: {'max_depth': 185, 'learning_rate': 0.03635931863696681, 'subsample': 0.8196097300761095, 'colsample_bytree': 0.7457315717680741, 'reg_alpha': 0.6441800662782815, 'reg_lambda': 0.2965471340507055, 'min_child_weight': 13, 'gamma': 0.22601621130317331, 'num_boost_round': 505}. Best is trial 222 with value: 0.7501662829368125.
# [I 2024-01-24 20:12:21,351] Trial 336 finished with value: 0.7483243796367358 and parameters: {'max_depth': 173, 'learning_rate': 0.039603043720844965, 'subsample': 0.9392232815007229, 'colsample_bytree': 0.7169844176334904, 'reg_alpha': 0.38627462527178325, 'reg_lambda': 1.0907701153595515, 'min_child_weight': 15, 'gamma': 0.23396481918743472, 'num_boost_round': 514}. Best is trial 222 with value: 0.7501662829368125.
# [I 2024-01-24 20:12:47,279] Trial 337 finished with value: 0.7482987976464569 and parameters: {'max_depth': 112, 'learning_rate': 0.04240089815749716, 'subsample': 0.9462737134945034, 'colsample_bytree': 0.7323792447635151, 'reg_alpha': 0.0008545908185414669, 'reg_lambda': 0.10788415029742011, 'min_child_weight': 14, 'gamma': 0.26021344862394924, 'num_boost_round': 527}. Best is trial 222 with value: 0.7501662829368125.
# [I 2024-01-24 20:13:10,810] Trial 338 finished with value: 0.7480685597339474 and parameters: {'max_depth': 98, 'learning_rate': 0.03155233792437122, 'subsample': 0.8504538410134529, 'colsample_bytree': 0.7112036806198974, 'reg_alpha': 0.7959357640329974, 'reg_lambda': 0.14667801582969933, 'min_child_weight': 15, 'gamma': 0.2806661670071662, 'num_boost_round': 504}. Best is trial 222 with value: 0.7501662829368125.
# [I 2024-01-24 20:13:36,662] Trial 339 finished with value: 0.7495523151701202 and parameters: {'max_depth': 84, 'learning_rate': 0.0345785639681273, 'subsample': 0.9605188802002189, 'colsample_bytree': 0.7216925074251173, 'reg_alpha': 0.5414620037760962, 'reg_lambda': 0.08598866057002795, 'min_child_weight': 14, 'gamma': 0.26897027895528197, 'num_boost_round': 540}. Best is trial 222 with value: 0.7501662829368125.
# [I 2024-01-24 20:13:58,473] Trial 340 finished with value: 0.7479918137631107 and parameters: {'max_depth': 75, 'learning_rate': 0.034529341259466745, 'subsample': 0.9559983434494407, 'colsample_bytree': 0.7221311579923949, 'reg_alpha': 0.4860636626390262, 'reg_lambda': 0.41539572116755286, 'min_child_weight': 14, 'gamma': 0.28600988771964486, 'num_boost_round': 542}. Best is trial 222 with value: 0.7501662829368125.
# [I 2024-01-24 20:14:21,744] Trial 341 finished with value: 0.7492964952673318 and parameters: {'max_depth': 78, 'learning_rate': 0.03680318740108732, 'subsample': 0.9520462365751707, 'colsample_bytree': 0.7374211526021166, 'reg_alpha': 0.34471708671976603, 'reg_lambda': 0.20377334503880146, 'min_child_weight': 13, 'gamma': 0.26969726034857683, 'num_boost_round': 566}. Best is trial 222 with value: 0.7501662829368125.
# [I 2024-01-24 20:14:47,245] Trial 342 finished with value: 0.7489895113839857 and parameters: {'max_depth': 274, 'learning_rate': 0.031174259734850527, 'subsample': 0.9488123512073434, 'colsample_bytree': 0.7370740737814346, 'reg_alpha': 0.36204498806434443, 'reg_lambda': 0.20030592142012285, 'min_child_weight': 13, 'gamma': 0.36084705112445636, 'num_boost_round': 401}. Best is trial 222 with value: 0.7501662829368125.
# [I 2024-01-24 20:15:19,975] Trial 343 finished with value: 0.7438731133282169 and parameters: {'max_depth': 87, 'learning_rate': 0.008615826111894449, 'subsample': 0.9439386203154364, 'colsample_bytree': 0.7465514153935505, 'reg_alpha': 0.25600442804528906, 'reg_lambda': 0.21953951317670217, 'min_child_weight': 13, 'gamma': 0.24870775639747061, 'num_boost_round': 564}. Best is trial 222 with value: 0.7501662829368125.
# [I 2024-01-24 20:15:43,886] Trial 344 finished with value: 0.7472499360450243 and parameters: {'max_depth': 52, 'learning_rate': 0.03452455284146531, 'subsample': 0.9533690270733994, 'colsample_bytree': 0.9014078934945993, 'reg_alpha': 0.0018455589026263217, 'reg_lambda': 0.2547769853489636, 'min_child_weight': 14, 'gamma': 0.2697206009219699, 'num_boost_round': 552}. Best is trial 222 with value: 0.7501662829368125.
# [I 2024-01-24 20:16:10,697] Trial 345 finished with value: 0.7485034535686876 and parameters: {'max_depth': 73, 'learning_rate': 0.03682549325313759, 'subsample': 0.9593626438716141, 'colsample_bytree': 0.7394294439097379, 'reg_alpha': 0.17451899396355947, 'reg_lambda': 0.1680216101421062, 'min_child_weight': 14, 'gamma': 0.2648846955592356, 'num_boost_round': 544}. Best is trial 222 with value: 0.7501662829368125.
# [I 2024-01-24 20:16:33,716] Trial 346 finished with value: 0.7496802251215144 and parameters: {'max_depth': 243, 'learning_rate': 0.03942225365894102, 'subsample': 0.938836062416834, 'colsample_bytree': 0.7501871282586626, 'reg_alpha': 0.2981088308520359, 'reg_lambda': 0.33227309156262663, 'min_child_weight': 13, 'gamma': 0.24545870084849683, 'num_boost_round': 573}. Best is trial 222 with value: 0.7501662829368125.
# [I 2024-01-24 20:16:56,171] Trial 347 finished with value: 0.7486825275006396 and parameters: {'max_depth': 82, 'learning_rate': 0.03809131477100774, 'subsample': 0.9300648908124995, 'colsample_bytree': 0.7509322936355938, 'reg_alpha': 0.22845709641755382, 'reg_lambda': 0.2557782690433718, 'min_child_weight': 12, 'gamma': 0.23165317797198082, 'num_boost_round': 551}. Best is trial 222 with value: 0.7501662829368125.
# [I 2024-01-24 20:17:24,177] Trial 348 finished with value: 0.747966231772832 and parameters: {'max_depth': 65, 'learning_rate': 0.02918258417266195, 'subsample': 0.7922794828254253, 'colsample_bytree': 0.753693599503918, 'reg_alpha': 0.13996640699343602, 'reg_lambda': 0.40358826586255336, 'min_child_weight': 14, 'gamma': 0.29422559896657036, 'num_boost_round': 586}. Best is trial 222 with value: 0.7501662829368125.
# [I 2024-01-24 20:17:47,632] Trial 349 finished with value: 0.7482476336658992 and parameters: {'max_depth': 85, 'learning_rate': 0.03453533431717873, 'subsample': 0.9209042964264103, 'colsample_bytree': 0.743960684475742, 'reg_alpha': 0.32620904402130724, 'reg_lambda': 0.3077122674064134, 'min_child_weight': 13, 'gamma': 0.2545498322021724, 'num_boost_round': 595}. Best is trial 222 with value: 0.7501662829368125.
# [I 2024-01-24 20:18:12,571] Trial 350 finished with value: 0.7488616014325915 and parameters: {'max_depth': 79, 'learning_rate': 0.037164247478346034, 'subsample': 0.9361698455613584, 'colsample_bytree': 0.7367540221601312, 'reg_alpha': 0.3003737794715567, 'reg_lambda': 0.3532843466370201, 'min_child_weight': 13, 'gamma': 0.2793891173111499, 'num_boost_round': 535}. Best is trial 222 with value: 0.7501662829368125.
# [I 2024-01-24 20:18:33,621] Trial 351 finished with value: 0.7492964952673318 and parameters: {'max_depth': 230, 'learning_rate': 0.04000998880477058, 'subsample': 0.9509884144946861, 'colsample_bytree': 0.7316078442522979, 'reg_alpha': 0.4152286251661624, 'reg_lambda': 0.5482773588451003, 'min_child_weight': 13, 'gamma': 0.21966195441961642, 'num_boost_round': 561}. Best is trial 222 with value: 0.7501662829368125.
# [I 2024-01-24 20:18:57,453] Trial 352 finished with value: 0.7482220516756204 and parameters: {'max_depth': 230, 'learning_rate': 0.0331798222080621, 'subsample': 0.9493516340886557, 'colsample_bytree': 0.7435458998855473, 'reg_alpha': 0.38388767030765814, 'reg_lambda': 0.5255545512081894, 'min_child_weight': 12, 'gamma': 0.21915900074209585, 'num_boost_round': 557}. Best is trial 222 with value: 0.7501662829368125.
# [I 2024-01-24 20:19:22,969] Trial 353 finished with value: 0.7488871834228703 and parameters: {'max_depth': 163, 'learning_rate': 0.039706926087998765, 'subsample': 0.938676799873172, 'colsample_bytree': 0.732174083608753, 'reg_alpha': 0.19851047518053885, 'reg_lambda': 0.1656920705666008, 'min_child_weight': 13, 'gamma': 0.22824381574230967, 'num_boost_round': 564}. Best is trial 222 with value: 0.7501662829368125.
# [I 2024-01-24 20:19:47,066] Trial 354 finished with value: 0.7491685853159376 and parameters: {'max_depth': 231, 'learning_rate': 0.035915957124516215, 'subsample': 0.9526979990320501, 'colsample_bytree': 0.733688570668007, 'reg_alpha': 0.4760399180464841, 'reg_lambda': 0.33809554535596026, 'min_child_weight': 12, 'gamma': 0.21645504187472436, 'num_boost_round': 577}. Best is trial 222 with value: 0.7501662829368125.
# [I 2024-01-24 20:20:09,691] Trial 355 finished with value: 0.749424405218726 and parameters: {'max_depth': 223, 'learning_rate': 0.037777470186853145, 'subsample': 0.9455352712607281, 'colsample_bytree': 0.7289605062827597, 'reg_alpha': 0.3114580219384315, 'reg_lambda': 0.1294195015013711, 'min_child_weight': 13, 'gamma': 0.24442046873887419, 'num_boost_round': 573}. Best is trial 222 with value: 0.7501662829368125.
# [I 2024-01-24 20:20:39,698] Trial 356 finished with value: 0.745152212842159 and parameters: {'max_depth': 240, 'learning_rate': 0.03203483469656755, 'subsample': 0.9449270853305335, 'colsample_bytree': 0.9908378261789285, 'reg_alpha': 0.29156002719008905, 'reg_lambda': 0.0013452736658624116, 'min_child_weight': 13, 'gamma': 0.24027669122964884, 'num_boost_round': 579}. Best is trial 222 with value: 0.7501662829368125.
# [I 2024-01-24 20:21:05,122] Trial 357 finished with value: 0.7489895113839857 and parameters: {'max_depth': 31, 'learning_rate': 0.03800405607815148, 'subsample': 0.9330552847886779, 'colsample_bytree': 0.7402437483982993, 'reg_alpha': 0.2544112921682597, 'reg_lambda': 0.7826673563526781, 'min_child_weight': 13, 'gamma': 0.22557006605961225, 'num_boost_round': 610}. Best is trial 222 with value: 0.7501662829368125.
# [I 2024-01-24 20:21:29,419] Trial 358 finished with value: 0.7488104374520338 and parameters: {'max_depth': 220, 'learning_rate': 0.036323388615234924, 'subsample': 0.939975875199752, 'colsample_bytree': 0.7285449178724063, 'reg_alpha': 0.36111944612647556, 'reg_lambda': 0.23431693793769273, 'min_child_weight': 13, 'gamma': 0.2045392248921059, 'num_boost_round': 575}. Best is trial 222 with value: 0.7501662829368125.
# [I 2024-01-24 20:21:52,065] Trial 359 finished with value: 0.7493988232284472 and parameters: {'max_depth': 224, 'learning_rate': 0.039293184361357494, 'subsample': 0.9494172227101537, 'colsample_bytree': 0.7480774852505118, 'reg_alpha': 0.15716786852214945, 'reg_lambda': 0.5754767176506836, 'min_child_weight': 13, 'gamma': 0.23696978998920376, 'num_boost_round': 568}. Best is trial 222 with value: 0.7501662829368125.
# [I 2024-01-24 20:22:14,197] Trial 360 finished with value: 0.7491430033256588 and parameters: {'max_depth': 224, 'learning_rate': 0.039743764025051025, 'subsample': 0.9493672913479624, 'colsample_bytree': 0.7508135738319196, 'reg_alpha': 0.1678109068694561, 'reg_lambda': 0.46838118857045885, 'min_child_weight': 12, 'gamma': 0.23477708222501859, 'num_boost_round': 566}. Best is trial 222 with value: 0.7501662829368125.
# [I 2024-01-24 20:22:40,149] Trial 361 finished with value: 0.7484011256075722 and parameters: {'max_depth': 225, 'learning_rate': 0.03375102525730006, 'subsample': 0.903316276129487, 'colsample_bytree': 0.7485403939139341, 'reg_alpha': 0.00013752353757530558, 'reg_lambda': 0.679969640797984, 'min_child_weight': 13, 'gamma': 0.21158233075713803, 'num_boost_round': 571}. Best is trial 222 with value: 0.7501662829368125.
