# [I 2024-01-25 01:31:17,842] Trial 561 finished with value: 0.7477104118700435 and parameters: {'max_depth': 20, 'learning_rate': 0.03409964052467888, 'subsample': 0.8387501299527195, 'colsample_bytree': 0.7158585651154846, 'reg_alpha': 0.0853546722078997, 'reg_lambda': 9.300216157234069e-05, 'min_child_weight': 12, 'gamma': 0.08923163700030143, 'num_boost_round': 677}. Best is trial 250 with value: 0.7498848810437452.
# [I 2024-01-25 01:31:41,733] Trial 562 finished with value: 0.7476592478894858 and parameters: {'max_depth': 19, 'learning_rate': 0.04560801397372973, 'subsample': 0.8225041704887577, 'colsample_bytree': 0.7614463278359789, 'reg_alpha': 0.04461378779833973, 'reg_lambda': 0.0005873690868907629, 'min_child_weight': 14, 'gamma': 0.16713326342516868, 'num_boost_round': 697}. Best is trial 250 with value: 0.7498848810437452.
# [I 2024-01-25 01:32:03,159] Trial 563 finished with value: 0.7468662061908417 and parameters: {'max_depth': 19, 'learning_rate': 0.04455633459035054, 'subsample': 0.8290805568872834, 'colsample_bytree': 0.7155434827239351, 'reg_alpha': 0.026516438436981357, 'reg_lambda': 0.00020199843547533304, 'min_child_weight': 12, 'gamma': 0.1556099461214621, 'num_boost_round': 651}. Best is trial 250 with value: 0.7498848810437452.
# [I 2024-01-25 01:32:29,735] Trial 564 finished with value: 0.7466103862880532 and parameters: {'max_depth': 20, 'learning_rate': 0.03006728097410055, 'subsample': 0.8248277351922874, 'colsample_bytree': 0.731652708339301, 'reg_alpha': 0.549734202510235, 'reg_lambda': 0.0011439480250007804, 'min_child_weight': 13, 'gamma': 0.09713908176137676, 'num_boost_round': 773}. Best is trial 250 with value: 0.7498848810437452.
# [I 2024-01-25 01:33:01,190] Trial 565 finished with value: 0.7486313635200819 and parameters: {'max_depth': 19, 'learning_rate': 0.04094873240666217, 'subsample': 0.8461803529386797, 'colsample_bytree': 0.7226776720411782, 'reg_alpha': 0.07236444464347506, 'reg_lambda': 0.00016575198222547896, 'min_child_weight': 15, 'gamma': 0.14585412830305758, 'num_boost_round': 698}. Best is trial 250 with value: 0.7498848810437452.
# [I 2024-01-25 01:33:30,957] Trial 566 finished with value: 0.7500127909951394 and parameters: {'max_depth': 20, 'learning_rate': 0.06320245480949405, 'subsample': 0.8188272349235466, 'colsample_bytree': 0.7127641606598758, 'reg_alpha': 0.08424063460596642, 'reg_lambda': 0.0010426300127364537, 'min_child_weight': 15, 'gamma': 0.1279168805879946, 'num_boost_round': 659}. Best is trial 566 with value: 0.7500127909951394.
# [I 2024-01-25 01:33:50,156] Trial 567 finished with value: 0.7470708621130724 and parameters: {'max_depth': 20, 'learning_rate': 0.06488864015269107, 'subsample': 0.8175430034037403, 'colsample_bytree': 0.7356957673257684, 'reg_alpha': 0.0708387452179877, 'reg_lambda': 0.0008935260178827771, 'min_child_weight': 16, 'gamma': 0.06603326205116931, 'num_boost_round': 701}. Best is trial 566 with value: 0.7500127909951394.
# [I 2024-01-25 01:34:17,588] Trial 568 finished with value: 0.7482987976464569 and parameters: {'max_depth': 20, 'learning_rate': 0.03561781791901153, 'subsample': 0.8280473564833798, 'colsample_bytree': 0.7341385136784953, 'reg_alpha': 0.4323749890627114, 'reg_lambda': 0.0006940634160299419, 'min_child_weight': 14, 'gamma': 0.13344005400705752, 'num_boost_round': 740}. Best is trial 566 with value: 0.7500127909951394.
# [I 2024-01-25 01:34:41,022] Trial 569 finished with value: 0.7479918137631107 and parameters: {'max_depth': 19, 'learning_rate': 0.044299399462137165, 'subsample': 0.8390048285333516, 'colsample_bytree': 0.7242405478525297, 'reg_alpha': 0.2291154882722593, 'reg_lambda': 0.0003827481565196233, 'min_child_weight': 12, 'gamma': 0.1594050864639477, 'num_boost_round': 731}. Best is trial 566 with value: 0.7500127909951394.
# [I 2024-01-25 01:35:13,225] Trial 570 finished with value: 0.7487592734714761 and parameters: {'max_depth': 19, 'learning_rate': 0.047057862113841165, 'subsample': 0.818881338434093, 'colsample_bytree': 0.7354519398322434, 'reg_alpha': 0.03659823902335215, 'reg_lambda': 0.00026975721511081704, 'min_child_weight': 13, 'gamma': 0.15870480811947546, 'num_boost_round': 657}. Best is trial 566 with value: 0.7500127909951394.
# [I 2024-01-25 01:35:32,828] Trial 571 finished with value: 0.7482987976464569 and parameters: {'max_depth': 20, 'learning_rate': 0.06891480380619636, 'subsample': 0.8306370045711424, 'colsample_bytree': 0.7317211486620119, 'reg_alpha': 0.004982771417631624, 'reg_lambda': 0.0009466707800630449, 'min_child_weight': 16, 'gamma': 0.17152801619037616, 'num_boost_round': 648}. Best is trial 566 with value: 0.7500127909951394.
# [I 2024-01-25 01:36:07,239] Trial 572 finished with value: 0.7489127654131491 and parameters: {'max_depth': 19, 'learning_rate': 0.03631876342367696, 'subsample': 0.8443442448061601, 'colsample_bytree': 0.7406026361408321, 'reg_alpha': 0.05459467267967326, 'reg_lambda': 0.0003959562305929556, 'min_child_weight': 13, 'gamma': 0.07939738810377711, 'num_boost_round': 674}. Best is trial 566 with value: 0.7500127909951394.
# [I 2024-01-25 01:36:30,579] Trial 573 finished with value: 0.7474801739575339 and parameters: {'max_depth': 19, 'learning_rate': 0.05126069604791331, 'subsample': 0.829918843469184, 'colsample_bytree': 0.7409501780996578, 'reg_alpha': 0.09891595231680742, 'reg_lambda': 0.0003237223322661668, 'min_child_weight': 14, 'gamma': 0.11786643840265999, 'num_boost_round': 740}. Best is trial 566 with value: 0.7500127909951394.
# [I 2024-01-25 01:36:55,847] Trial 574 finished with value: 0.7476336658992069 and parameters: {'max_depth': 19, 'learning_rate': 0.04353380369495877, 'subsample': 0.8215522478462853, 'colsample_bytree': 0.7371797104956165, 'reg_alpha': 0.11815371855669514, 'reg_lambda': 0.0001945028093321387, 'min_child_weight': 13, 'gamma': 0.19912620232022923, 'num_boost_round': 650}. Best is trial 566 with value: 0.7500127909951394.
# [I 2024-01-25 01:37:19,567] Trial 575 finished with value: 0.7488616014325915 and parameters: {'max_depth': 20, 'learning_rate': 0.05909920148645762, 'subsample': 0.8142642506549631, 'colsample_bytree': 0.7150640760717608, 'reg_alpha': 0.0735572582209788, 'reg_lambda': 0.00030203049148467935, 'min_child_weight': 15, 'gamma': 0.16337369109402267, 'num_boost_round': 645}. Best is trial 566 with value: 0.7500127909951394.
# [I 2024-01-25 01:37:43,191] Trial 576 finished with value: 0.7485546175492453 and parameters: {'max_depth': 20, 'learning_rate': 0.07097160008005311, 'subsample': 0.8094202056858132, 'colsample_bytree': 0.713831193986983, 'reg_alpha': 0.0960086446069708, 'reg_lambda': 0.0008321269588124795, 'min_child_weight': 14, 'gamma': 0.14115277706180013, 'num_boost_round': 657}. Best is trial 566 with value: 0.7500127909951394.
# [I 2024-01-25 01:38:04,911] Trial 577 finished with value: 0.7481708876950627 and parameters: {'max_depth': 20, 'learning_rate': 0.06391077991165378, 'subsample': 0.8231696836874252, 'colsample_bytree': 0.7147961300191483, 'reg_alpha': 0.17570661068530904, 'reg_lambda': 0.000855566920876183, 'min_child_weight': 15, 'gamma': 0.14570018975701152, 'num_boost_round': 683}. Best is trial 566 with value: 0.7500127909951394.
# [I 2024-01-25 01:38:35,106] Trial 578 finished with value: 0.749091839345101 and parameters: {'max_depth': 19, 'learning_rate': 0.03690271078018128, 'subsample': 0.8269855360074767, 'colsample_bytree': 0.7233009713934764, 'reg_alpha': 0.17321621623842617, 'reg_lambda': 0.0006845771256753008, 'min_child_weight': 12, 'gamma': 0.14467238682175698, 'num_boost_round': 664}. Best is trial 566 with value: 0.7500127909951394.
# [I 2024-01-25 01:38:55,013] Trial 579 finished with value: 0.7485034535686876 and parameters: {'max_depth': 20, 'learning_rate': 0.06546200068093241, 'subsample': 0.7963104101943238, 'colsample_bytree': 0.7261179937539138, 'reg_alpha': 0.024068566351414054, 'reg_lambda': 0.00028743152149173927, 'min_child_weight': 17, 'gamma': 0.12995094081526165, 'num_boost_round': 644}. Best is trial 566 with value: 0.7500127909951394.
# [I 2024-01-25 01:39:18,923] Trial 580 finished with value: 0.7473522640061396 and parameters: {'max_depth': 19, 'learning_rate': 0.05810477567532725, 'subsample': 0.8331618659263411, 'colsample_bytree': 0.7395269228108914, 'reg_alpha': 0.02131731625775918, 'reg_lambda': 0.0002505853280796634, 'min_child_weight': 17, 'gamma': 0.1400732145863308, 'num_boost_round': 768}. Best is trial 566 with value: 0.7500127909951394.
# [I 2024-01-25 01:39:43,253] Trial 581 finished with value: 0.7447173190074188 and parameters: {'max_depth': 17, 'learning_rate': 0.042886056135398705, 'subsample': 0.8528938138053339, 'colsample_bytree': 0.7112726624241886, 'reg_alpha': 0.08013798707166685, 'reg_lambda': 0.00020033570752932712, 'min_child_weight': 13, 'gamma': 0.1949957552369762, 'num_boost_round': 698}. Best is trial 566 with value: 0.7500127909951394.
# [I 2024-01-25 01:40:09,234] Trial 582 finished with value: 0.7470964441033512 and parameters: {'max_depth': 20, 'learning_rate': 0.03726633591337234, 'subsample': 0.8302532218942336, 'colsample_bytree': 0.7407114086458416, 'reg_alpha': 0.07385834548730635, 'reg_lambda': 0.00034598580999978273, 'min_child_weight': 11, 'gamma': 0.14653659160519827, 'num_boost_round': 685}. Best is trial 566 with value: 0.7500127909951394.
# [I 2024-01-25 01:40:32,438] Trial 583 finished with value: 0.7481708876950627 and parameters: {'max_depth': 18, 'learning_rate': 0.053394218566495774, 'subsample': 0.8148843350530123, 'colsample_bytree': 0.7470157426670859, 'reg_alpha': 0.06847885895305605, 'reg_lambda': 0.0003324567987894728, 'min_child_weight': 14, 'gamma': 0.1796562485824019, 'num_boost_round': 602}. Best is trial 566 with value: 0.7500127909951394.
# [I 2024-01-25 01:41:06,333] Trial 584 finished with value: 0.7487848554617549 and parameters: {'max_depth': 20, 'learning_rate': 0.04026139906345124, 'subsample': 0.8262779731414023, 'colsample_bytree': 0.7297343757496364, 'reg_alpha': 0.1340522077216474, 'reg_lambda': 0.00048479815198925375, 'min_child_weight': 12, 'gamma': 0.11066344922298241, 'num_boost_round': 699}. Best is trial 566 with value: 0.7500127909951394.
# [I 2024-01-25 01:41:34,822] Trial 585 finished with value: 0.7480173957533895 and parameters: {'max_depth': 19, 'learning_rate': 0.044973648702177245, 'subsample': 0.8267292320868408, 'colsample_bytree': 0.7233314804412959, 'reg_alpha': 0.19490497337999999, 'reg_lambda': 0.001174692638562642, 'min_child_weight': 15, 'gamma': 0.16042372423278484, 'num_boost_round': 651}. Best is trial 566 with value: 0.7500127909951394.
# [I 2024-01-25 01:41:53,896] Trial 586 finished with value: 0.7468406242005627 and parameters: {'max_depth': 19, 'learning_rate': 0.05454729840806436, 'subsample': 0.8198327338454242, 'colsample_bytree': 0.7487596311945829, 'reg_alpha': 0.022931972698585403, 'reg_lambda': 0.00017056440932886621, 'min_child_weight': 15, 'gamma': 0.15559775200509285, 'num_boost_round': 651}. Best is trial 566 with value: 0.7500127909951394.
# [I 2024-01-25 01:42:30,416] Trial 587 finished with value: 0.7472499360450243 and parameters: {'max_depth': 17, 'learning_rate': 0.03280291846901211, 'subsample': 0.8569502224968051, 'colsample_bytree': 0.7236432816838159, 'reg_alpha': 0.03730764318446203, 'reg_lambda': 0.00020575396653036538, 'min_child_weight': 14, 'gamma': 0.09560752445750265, 'num_boost_round': 665}. Best is trial 566 with value: 0.7500127909951394.
# [I 2024-01-25 01:42:55,039] Trial 588 finished with value: 0.7475569199283705 and parameters: {'max_depth': 20, 'learning_rate': 0.04184573375086705, 'subsample': 0.8264872919052173, 'colsample_bytree': 0.7484445029036821, 'reg_alpha': 0.14872108813383178, 'reg_lambda': 0.00040808172844125087, 'min_child_weight': 13, 'gamma': 0.09594501494820903, 'num_boost_round': 698}. Best is trial 566 with value: 0.7500127909951394.
# [I 2024-01-25 01:43:29,009] Trial 589 finished with value: 0.749424405218726 and parameters: {'max_depth': 20, 'learning_rate': 0.03800343485475528, 'subsample': 0.8202951515109791, 'colsample_bytree': 0.738661252490032, 'reg_alpha': 0.2242356003763232, 'reg_lambda': 0.0020704697932251615, 'min_child_weight': 13, 'gamma': 0.07638731745657272, 'num_boost_round': 649}. Best is trial 566 with value: 0.7500127909951394.
# [I 2024-01-25 01:43:58,610] Trial 590 finished with value: 0.748273215656178 and parameters: {'max_depth': 19, 'learning_rate': 0.044469199015255007, 'subsample': 0.8218573990559446, 'colsample_bytree': 0.7052800739325974, 'reg_alpha': 0.02611301691321367, 'reg_lambda': 0.00019490163797648147, 'min_child_weight': 13, 'gamma': 0.10649425423187193, 'num_boost_round': 616}. Best is trial 566 with value: 0.7500127909951394.
# [I 2024-01-25 01:44:21,835] Trial 591 finished with value: 0.746482476336659 and parameters: {'max_depth': 18, 'learning_rate': 0.03710761046645325, 'subsample': 0.8323340291327279, 'colsample_bytree': 0.7589453975745017, 'reg_alpha': 0.2593788767289491, 'reg_lambda': 0.0005787620749360323, 'min_child_weight': 12, 'gamma': 0.16824281326439317, 'num_boost_round': 683}. Best is trial 566 with value: 0.7500127909951394.
# [I 2024-01-25 01:44:53,934] Trial 592 finished with value: 0.7480429777436685 and parameters: {'max_depth': 20, 'learning_rate': 0.03060255609291156, 'subsample': 0.836974756806345, 'colsample_bytree': 0.7298634603568256, 'reg_alpha': 0.41736151698124313, 'reg_lambda': 0.0013003927657260093, 'min_child_weight': 12, 'gamma': 0.07901457330130793, 'num_boost_round': 695}. Best is trial 566 with value: 0.7500127909951394.
# [I 2024-01-25 01:45:21,730] Trial 593 finished with value: 0.74845228958813 and parameters: {'max_depth': 19, 'learning_rate': 0.05274293976466859, 'subsample': 0.8286002887966304, 'colsample_bytree': 0.7134629472332529, 'reg_alpha': 0.1405697542651482, 'reg_lambda': 0.0009358578298086829, 'min_child_weight': 12, 'gamma': 0.1333217344235696, 'num_boost_round': 626}. Best is trial 566 with value: 0.7500127909951394.
# [I 2024-01-25 01:45:54,881] Trial 594 finished with value: 0.748273215656178 and parameters: {'max_depth': 19, 'learning_rate': 0.044282349914263594, 'subsample': 0.8163543222599229, 'colsample_bytree': 0.7283321705356773, 'reg_alpha': 0.23483620553519588, 'reg_lambda': 0.002999457681815976, 'min_child_weight': 14, 'gamma': 0.13888804871483001, 'num_boost_round': 545}. Best is trial 566 with value: 0.7500127909951394.
# [I 2024-01-25 01:46:23,892] Trial 595 finished with value: 0.7461754924533128 and parameters: {'max_depth': 18, 'learning_rate': 0.0328888842306266, 'subsample': 0.8348234347365312, 'colsample_bytree': 0.7211662277210988, 'reg_alpha': 0.1665501349522571, 'reg_lambda': 0.0009787006190795527, 'min_child_weight': 11, 'gamma': 0.0726487252204272, 'num_boost_round': 669}. Best is trial 566 with value: 0.7500127909951394.
# [I 2024-01-25 01:46:46,557] Trial 596 finished with value: 0.7476592478894858 and parameters: {'max_depth': 19, 'learning_rate': 0.04493936054246289, 'subsample': 0.8197431221830497, 'colsample_bytree': 0.7354379632081656, 'reg_alpha': 0.34480702307236766, 'reg_lambda': 0.0008746831791451155, 'min_child_weight': 13, 'gamma': 0.11686003258012827, 'num_boost_round': 678}. Best is trial 566 with value: 0.7500127909951394.
# [I 2024-01-25 01:47:19,155] Trial 597 finished with value: 0.7485801995395241 and parameters: {'max_depth': 20, 'learning_rate': 0.03253469163927535, 'subsample': 0.828264136759586, 'colsample_bytree': 0.7555909767132629, 'reg_alpha': 0.26717016464340476, 'reg_lambda': 0.0003521089450780796, 'min_child_weight': 11, 'gamma': 0.10586709841601877, 'num_boost_round': 653}. Best is trial 566 with value: 0.7500127909951394.
# [I 2024-01-25 01:47:47,091] Trial 598 finished with value: 0.7471731900741878 and parameters: {'max_depth': 19, 'learning_rate': 0.0409726810896811, 'subsample': 0.8166495437492415, 'colsample_bytree': 0.7314500394325525, 'reg_alpha': 0.1053485265551852, 'reg_lambda': 0.0005022781394432029, 'min_child_weight': 13, 'gamma': 0.09613555172541795, 'num_boost_round': 620}. Best is trial 566 with value: 0.7500127909951394.
# [I 2024-01-25 01:48:09,029] Trial 599 finished with value: 0.7487336914811973 and parameters: {'max_depth': 20, 'learning_rate': 0.05577662408067398, 'subsample': 0.831483301993819, 'colsample_bytree': 0.7398856309130928, 'reg_alpha': 0.02854060895266263, 'reg_lambda': 0.0004060923151400332, 'min_child_weight': 14, 'gamma': 0.10496465611162548, 'num_boost_round': 650}. Best is trial 566 with value: 0.7500127909951394.
# Best trial: trial number 566, score 0.7500127909951394, params {'max_depth': 20, 'learning_rate': 0.06320245480949405, 'subsample': 0.8188272349235466, 'colsample_bytree': 0.7127641606598758, 'reg_alpha': 0.08424063460596642, 'reg_lambda': 0.0010426300127364537, 'min_child_weight': 15, 'gamma': 0.1279168805879946, 'num_boost_round': 659}
