# [I 2024-01-24 20:05:17,702] Trial 515 finished with value: 0.7486825275006396 and parameters: {'max_depth': 27, 'learning_rate': 0.06435384890967477, 'subsample': 0.9847846836834484, 'colsample_bytree': 0.7043814886317925, 'reg_alpha': 0.5828550731404301, 'reg_lambda': 0.00019435087122575246, 'min_child_weight': 12, 'gamma': 0.4320986021921192, 'num_boost_round': 463}. Best is trial 442 with value: 0.7504988488104375.
# [I 2024-01-24 20:05:28,017] Trial 516 finished with value: 0.7445894090560246 and parameters: {'max_depth': 17, 'learning_rate': 0.05880409107082883, 'subsample': 0.7174148618141267, 'colsample_bytree': 0.7001837111995656, 'reg_alpha': 0.31055026498166594, 'reg_lambda': 0.00014052601683735944, 'min_child_weight': 17, 'gamma': 0.4134160734114314, 'num_boost_round': 585}. Best is trial 442 with value: 0.7504988488104375.
# [I 2024-01-24 20:05:40,445] Trial 517 finished with value: 0.7480429777436685 and parameters: {'max_depth': 29, 'learning_rate': 0.06870384064075681, 'subsample': 0.9731552229325536, 'colsample_bytree': 0.714320742140897, 'reg_alpha': 0.23647418053098854, 'reg_lambda': 0.012459149051073934, 'min_child_weight': 17, 'gamma': 0.3929041995360708, 'num_boost_round': 433}. Best is trial 442 with value: 0.7504988488104375.
# [I 2024-01-24 20:05:58,273] Trial 518 finished with value: 0.7484011256075722 and parameters: {'max_depth': 26, 'learning_rate': 0.04958702061607389, 'subsample': 0.9570959870157676, 'colsample_bytree': 0.7222538707288498, 'reg_alpha': 0.6730106226664363, 'reg_lambda': 8.43942862057625e-05, 'min_child_weight': 11, 'gamma': 0.36547600868299185, 'num_boost_round': 567}. Best is trial 442 with value: 0.7504988488104375.
# [I 2024-01-24 20:06:16,162] Trial 519 finished with value: 0.7492453312867742 and parameters: {'max_depth': 24, 'learning_rate': 0.05499157909491189, 'subsample': 0.9624555311197739, 'colsample_bytree': 0.709809383514362, 'reg_alpha': 0.40828480106925746, 'reg_lambda': 0.00012173559379869195, 'min_child_weight': 18, 'gamma': 0.3838012794198779, 'num_boost_round': 594}. Best is trial 442 with value: 0.7504988488104375.
# [I 2024-01-24 20:06:33,641] Trial 520 finished with value: 0.748273215656178 and parameters: {'max_depth': 28, 'learning_rate': 0.06114328598107214, 'subsample': 0.9271907751882879, 'colsample_bytree': 0.7162233797033072, 'reg_alpha': 0.13170539957565086, 'reg_lambda': 4.506976178885799e-05, 'min_child_weight': 16, 'gamma': 0.24945376176000436, 'num_boost_round': 445}. Best is trial 442 with value: 0.7504988488104375.
# [I 2024-01-24 20:06:46,211] Trial 521 finished with value: 0.7483243796367358 and parameters: {'max_depth': 16, 'learning_rate': 0.06654128674471772, 'subsample': 0.9461116977063765, 'colsample_bytree': 0.7289925930341289, 'reg_alpha': 0.6128769063537607, 'reg_lambda': 1.852661974808395e-05, 'min_child_weight': 20, 'gamma': 0.4178195668758777, 'num_boost_round': 492}. Best is trial 442 with value: 0.7504988488104375.
# [I 2024-01-24 20:06:59,944] Trial 522 finished with value: 0.7496290611409568 and parameters: {'max_depth': 25, 'learning_rate': 0.07389481947363656, 'subsample': 0.9114798408482044, 'colsample_bytree': 0.7055998973293888, 'reg_alpha': 0.012014906854271954, 'reg_lambda': 0.00017443730889217063, 'min_child_weight': 19, 'gamma': 0.40466036570238295, 'num_boost_round': 576}. Best is trial 442 with value: 0.7504988488104375.
# [I 2024-01-24 20:07:18,708] Trial 523 finished with value: 0.7475057559478128 and parameters: {'max_depth': 24, 'learning_rate': 0.0510231867335646, 'subsample': 0.9395406073370703, 'colsample_bytree': 0.8267320466951227, 'reg_alpha': 0.4647556785482186, 'reg_lambda': 0.00032739132840003336, 'min_child_weight': 16, 'gamma': 0.4603250095012742, 'num_boost_round': 457}. Best is trial 442 with value: 0.7504988488104375.
# [I 2024-01-24 20:07:29,416] Trial 524 finished with value: 0.7493988232284472 and parameters: {'max_depth': 26, 'learning_rate': 0.08264933169324018, 'subsample': 0.9846191940828621, 'colsample_bytree': 0.7363632307764832, 'reg_alpha': 0.7264725788220403, 'reg_lambda': 6.241706778485071e-05, 'min_child_weight': 11, 'gamma': 0.44355014388587477, 'num_boost_round': 560}. Best is trial 442 with value: 0.7504988488104375.
# [I 2024-01-24 20:07:48,139] Trial 525 finished with value: 0.7490662573548221 and parameters: {'max_depth': 25, 'learning_rate': 0.046843071745371105, 'subsample': 0.9769804327958651, 'colsample_bytree': 0.7208155386717171, 'reg_alpha': 0.007948754013760101, 'reg_lambda': 0.001971537421215733, 'min_child_weight': 13, 'gamma': 0.2778175014415162, 'num_boost_round': 468}. Best is trial 442 with value: 0.7504988488104375.
# [I 2024-01-24 20:08:08,155] Trial 526 finished with value: 0.7480429777436685 and parameters: {'max_depth': 25, 'learning_rate': 0.057607927830130426, 'subsample': 0.949876786140447, 'colsample_bytree': 0.7113447072980752, 'reg_alpha': 0.28017694368113416, 'reg_lambda': 0.050990117242006354, 'min_child_weight': 5, 'gamma': 0.32064390078486893, 'num_boost_round': 482}. Best is trial 442 with value: 0.7504988488104375.
# [I 2024-01-24 20:08:20,786] Trial 527 finished with value: 0.7483499616270146 and parameters: {'max_depth': 27, 'learning_rate': 0.061896956725243285, 'subsample': 0.9943994907193892, 'colsample_bytree': 0.7065289249139481, 'reg_alpha': 0.5304206101301352, 'reg_lambda': 9.837477044802698e-05, 'min_child_weight': 17, 'gamma': 0.4283955046039893, 'num_boost_round': 551}. Best is trial 442 with value: 0.7504988488104375.
# [I 2024-01-24 20:08:32,504] Trial 528 finished with value: 0.7478639038117165 and parameters: {'max_depth': 24, 'learning_rate': 0.0702885933502603, 'subsample': 0.9811369172363823, 'colsample_bytree': 0.7154780305149147, 'reg_alpha': 0.36680344451449115, 'reg_lambda': 0.0002452725783313907, 'min_child_weight': 18, 'gamma': 0.39789218891543493, 'num_boost_round': 568}. Best is trial 442 with value: 0.7504988488104375.
# [I 2024-01-24 20:08:48,061] Trial 529 finished with value: 0.7473522640061396 and parameters: {'max_depth': 24, 'learning_rate': 0.04239445401487527, 'subsample': 0.9882106612142724, 'colsample_bytree': 0.7048697358302977, 'reg_alpha': 0.7166989097406531, 'reg_lambda': 0.023000571247569157, 'min_child_weight': 17, 'gamma': 0.3792077672394888, 'num_boost_round': 602}. Best is trial 442 with value: 0.7504988488104375.
# [I 2024-01-24 20:09:03,245] Trial 530 finished with value: 0.7480429777436685 and parameters: {'max_depth': 23, 'learning_rate': 0.05354082711983908, 'subsample': 0.9744529603551112, 'colsample_bytree': 0.7002954030236863, 'reg_alpha': 0.4865921186808513, 'reg_lambda': 0.00012985300673385838, 'min_child_weight': 12, 'gamma': 0.0511619003353783, 'num_boost_round': 493}. Best is trial 442 with value: 0.7504988488104375.
# [I 2024-01-24 20:09:18,425] Trial 531 finished with value: 0.7489639293937068 and parameters: {'max_depth': 28, 'learning_rate': 0.0670354403561079, 'subsample': 0.9601331974642489, 'colsample_bytree': 0.7247554439551638, 'reg_alpha': 0.09484198194393698, 'reg_lambda': 6.741898075338973e-05, 'min_child_weight': 16, 'gamma': 0.4107158871933332, 'num_boost_round': 552}. Best is trial 442 with value: 0.7504988488104375.
# [I 2024-01-24 20:09:35,169] Trial 532 finished with value: 0.7493732412381684 and parameters: {'max_depth': 26, 'learning_rate': 0.05834330846595713, 'subsample': 0.9699250868195708, 'colsample_bytree': 0.7111633162121799, 'reg_alpha': 0.8006467433533024, 'reg_lambda': 1.3785982480456221e-05, 'min_child_weight': 13, 'gamma': 0.38979506435867256, 'num_boost_round': 540}. Best is trial 442 with value: 0.7504988488104375.
# [I 2024-01-24 20:09:46,538] Trial 533 finished with value: 0.7487336914811973 and parameters: {'max_depth': 25, 'learning_rate': 0.07778401248129109, 'subsample': 0.9358937962784081, 'colsample_bytree': 0.7200412727140538, 'reg_alpha': 0.005167446660442284, 'reg_lambda': 0.00018898599609944305, 'min_child_weight': 10, 'gamma': 0.42222727900683377, 'num_boost_round': 580}. Best is trial 442 with value: 0.7504988488104375.
# [I 2024-01-24 20:09:59,680] Trial 534 finished with value: 0.7488104374520338 and parameters: {'max_depth': 24, 'learning_rate': 0.06518387870911767, 'subsample': 0.9847092532220432, 'colsample_bytree': 0.7298423092738725, 'reg_alpha': 0.6165430372539367, 'reg_lambda': 8.251941584202065e-05, 'min_child_weight': 19, 'gamma': 0.40512665980898377, 'num_boost_round': 479}. Best is trial 442 with value: 0.7504988488104375.
# [I 2024-01-24 20:10:17,527] Trial 535 finished with value: 0.7497058071117932 and parameters: {'max_depth': 25, 'learning_rate': 0.053037766919251654, 'subsample': 0.9942472500388726, 'colsample_bytree': 0.7151572947703547, 'reg_alpha': 0.20280822845205948, 'reg_lambda': 5.200263164883433e-05, 'min_child_weight': 14, 'gamma': 0.4389793231495235, 'num_boost_round': 452}. Best is trial 442 with value: 0.7504988488104375.
# [I 2024-01-24 20:10:34,737] Trial 536 finished with value: 0.7484778715784088 and parameters: {'max_depth': 25, 'learning_rate': 0.047416079313154745, 'subsample': 0.9998200290554887, 'colsample_bytree': 0.7111250061218395, 'reg_alpha': 0.3315391923443839, 'reg_lambda': 3.2598914249546134e-05, 'min_child_weight': 14, 'gamma': 0.44723302621382793, 'num_boost_round': 447}. Best is trial 442 with value: 0.7504988488104375.
# [I 2024-01-24 20:10:52,351] Trial 537 finished with value: 0.7489895113839857 and parameters: {'max_depth': 24, 'learning_rate': 0.04428459892992152, 'subsample': 0.9930701864967262, 'colsample_bytree': 0.7000075120764393, 'reg_alpha': 0.14582965582803903, 'reg_lambda': 0.0030172747008746143, 'min_child_weight': 13, 'gamma': 0.4392183802556054, 'num_boost_round': 448}. Best is trial 442 with value: 0.7504988488104375.
# [I 2024-01-24 20:11:07,785] Trial 538 finished with value: 0.7488360194423126 and parameters: {'max_depth': 25, 'learning_rate': 0.05194481273774052, 'subsample': 0.9935046432421276, 'colsample_bytree': 0.7136264827891929, 'reg_alpha': 0.18415054544706363, 'reg_lambda': 4.046968144329915e-05, 'min_child_weight': 14, 'gamma': 0.4561766372733537, 'num_boost_round': 453}. Best is trial 442 with value: 0.7504988488104375.
# [I 2024-01-24 20:11:23,421] Trial 539 finished with value: 0.7479918137631107 and parameters: {'max_depth': 23, 'learning_rate': 0.05058271143471072, 'subsample': 0.9538074834009125, 'colsample_bytree': 0.7058417275106629, 'reg_alpha': 0.24571539029196496, 'reg_lambda': 5.009853844468209e-05, 'min_child_weight': 14, 'gamma': 0.4327221795569659, 'num_boost_round': 464}. Best is trial 442 with value: 0.7504988488104375.
# [I 2024-01-24 20:11:41,049] Trial 540 finished with value: 0.7492964952673318 and parameters: {'max_depth': 24, 'learning_rate': 0.05532767168475689, 'subsample': 0.9419842118673332, 'colsample_bytree': 0.7157341623233594, 'reg_alpha': 0.21142453141529322, 'reg_lambda': 2.257219518657884e-05, 'min_child_weight': 14, 'gamma': 0.46810358125615226, 'num_boost_round': 441}. Best is trial 442 with value: 0.7504988488104375.
# [I 2024-01-24 20:11:57,910] Trial 541 finished with value: 0.7489639293937068 and parameters: {'max_depth': 19, 'learning_rate': 0.049458894830473776, 'subsample': 0.9996117967068956, 'colsample_bytree': 0.7091419585923486, 'reg_alpha': 2.080772471400802e-05, 'reg_lambda': 5.909539743175924e-05, 'min_child_weight': 14, 'gamma': 0.4423891110490962, 'num_boost_round': 457}. Best is trial 442 with value: 0.7504988488104375.
# [I 2024-01-24 20:12:10,810] Trial 542 finished with value: 0.7481964696853416 and parameters: {'max_depth': 24, 'learning_rate': 0.07202476877221614, 'subsample': 0.9898997298491785, 'colsample_bytree': 0.7178934122668338, 'reg_alpha': 0.15914169946860474, 'reg_lambda': 4.80415253533143e-05, 'min_child_weight': 13, 'gamma': 0.4301744422610261, 'num_boost_round': 433}. Best is trial 442 with value: 0.7504988488104375.
# [I 2024-01-24 20:12:21,957] Trial 543 finished with value: 0.7452289588129957 and parameters: {'max_depth': 25, 'learning_rate': 0.0619904125282442, 'subsample': 0.9469220634914796, 'colsample_bytree': 0.9440687352997639, 'reg_alpha': 0.01638412184095904, 'reg_lambda': 8.218718909189072e-05, 'min_child_weight': 14, 'gamma': 0.4509792764975402, 'num_boost_round': 466}. Best is trial 442 with value: 0.7504988488104375.
# [I 2024-01-24 20:12:39,652] Trial 544 finished with value: 0.7485801995395241 and parameters: {'max_depth': 25, 'learning_rate': 0.04532368398207422, 'subsample': 0.9688421866630647, 'colsample_bytree': 0.7968752859955558, 'reg_alpha': 0.18943679473973526, 'reg_lambda': 3.307640706850774e-05, 'min_child_weight': 12, 'gamma': 0.42319580514309596, 'num_boost_round': 475}. Best is trial 442 with value: 0.7504988488104375.
# [I 2024-01-24 20:12:58,165] Trial 545 finished with value: 0.7481453057047838 and parameters: {'max_depth': 23, 'learning_rate': 0.039860428367544574, 'subsample': 0.9613027795811263, 'colsample_bytree': 0.7065577278229059, 'reg_alpha': 0.25115501768456416, 'reg_lambda': 5.498254024273412e-05, 'min_child_weight': 13, 'gamma': 0.4384680789144532, 'num_boost_round': 457}. Best is trial 442 with value: 0.7504988488104375.
# [I 2024-01-24 20:13:15,645] Trial 546 finished with value: 0.7493988232284472 and parameters: {'max_depth': 24, 'learning_rate': 0.054839806994335875, 'subsample': 0.8667929424585252, 'colsample_bytree': 0.7001786322208294, 'reg_alpha': 0.9972658615699431, 'reg_lambda': 0.001236827824300515, 'min_child_weight': 3, 'gamma': 0.3698576140512608, 'num_boost_round': 439}. Best is trial 442 with value: 0.7504988488104375.
# [I 2024-01-24 20:13:28,832] Trial 547 finished with value: 0.7475313379380916 and parameters: {'max_depth': 25, 'learning_rate': 0.05822993326878976, 'subsample': 0.9810713141306544, 'colsample_bytree': 0.714040602224441, 'reg_alpha': 0.2922835435692525, 'reg_lambda': 1.0785984377580653e-05, 'min_child_weight': 17, 'gamma': 0.35604218932251935, 'num_boost_round': 468}. Best is trial 442 with value: 0.7504988488104375.
# [I 2024-01-24 20:13:40,292] Trial 548 finished with value: 0.7483243796367358 and parameters: {'max_depth': 24, 'learning_rate': 0.08289769437432727, 'subsample': 0.9893547151057317, 'colsample_bytree': 0.7223778166919786, 'reg_alpha': 0.13444904507951913, 'reg_lambda': 0.0006898875015515998, 'min_child_weight': 18, 'gamma': 0.4238171200623688, 'num_boost_round': 426}. Best is trial 442 with value: 0.7504988488104375.
# [I 2024-01-24 20:13:55,205] Trial 549 finished with value: 0.7487848554617549 and parameters: {'max_depth': 23, 'learning_rate': 0.05296011406119777, 'subsample': 0.9515204113672835, 'colsample_bytree': 0.7074240323145862, 'reg_alpha': 0.20581673505342837, 'reg_lambda': 2.555451731122578e-05, 'min_child_weight': 14, 'gamma': 0.49212956391481916, 'num_boost_round': 616}. Best is trial 442 with value: 0.7504988488104375.
# [I 2024-01-24 20:14:09,168] Trial 550 finished with value: 0.7490406753645433 and parameters: {'max_depth': 25, 'learning_rate': 0.06293648098515035, 'subsample': 0.9791764393871993, 'colsample_bytree': 0.719289817003817, 'reg_alpha': 0.006376779993049067, 'reg_lambda': 0.00010806693504458212, 'min_child_weight': 18, 'gamma': 0.4134244078763033, 'num_boost_round': 480}. Best is trial 442 with value: 0.7504988488104375.
# [I 2024-01-24 20:14:20,455] Trial 551 finished with value: 0.7478639038117165 and parameters: {'max_depth': 30, 'learning_rate': 0.07181594023035186, 'subsample': 0.9940236968148066, 'colsample_bytree': 0.7104403672023892, 'reg_alpha': 0.010379597253924278, 'reg_lambda': 7.599626758343621e-05, 'min_child_weight': 13, 'gamma': 0.47808405465141723, 'num_boost_round': 725}. Best is trial 442 with value: 0.7504988488104375.
# [I 2024-01-24 20:14:36,534] Trial 552 finished with value: 0.7480941417242262 and parameters: {'max_depth': 21, 'learning_rate': 0.048037490559994366, 'subsample': 0.9720423018838285, 'colsample_bytree': 0.705519402057124, 'reg_alpha': 0.3706674222788328, 'reg_lambda': 4.501315847355523e-05, 'min_child_weight': 11, 'gamma': 0.3799687960470195, 'num_boost_round': 499}. Best is trial 442 with value: 0.7504988488104375.
# [I 2024-01-24 20:14:49,419] Trial 553 finished with value: 0.7486313635200819 and parameters: {'max_depth': 24, 'learning_rate': 0.0772721620739195, 'subsample': 0.9846596848849754, 'colsample_bytree': 0.7161947089590021, 'reg_alpha': 0.7605591430077496, 'reg_lambda': 0.00010185263644573551, 'min_child_weight': 7, 'gamma': 0.39491404302519795, 'num_boost_round': 463}. Best is trial 442 with value: 0.7504988488104375.
# [I 2024-01-24 20:15:01,219] Trial 554 finished with value: 0.7471731900741878 and parameters: {'max_depth': 25, 'learning_rate': 0.06624636791370407, 'subsample': 0.9294126392819718, 'colsample_bytree': 0.710598568425478, 'reg_alpha': 0.022607470846704017, 'reg_lambda': 1.7633344224385773e-05, 'min_child_weight': 15, 'gamma': 0.4343986462920762, 'num_boost_round': 486}. Best is trial 442 with value: 0.7504988488104375.
# [I 2024-01-24 20:15:21,876] Trial 555 finished with value: 0.7462522384241494 and parameters: {'max_depth': 26, 'learning_rate': 0.05799609453987678, 'subsample': 0.9571136897393181, 'colsample_bytree': 0.8130432459118885, 'reg_alpha': 0.09882874696867137, 'reg_lambda': 6.708695573391067e-05, 'min_child_weight': 6, 'gamma': 0.017394813475523796, 'num_boost_round': 593}. Best is trial 442 with value: 0.7504988488104375.
# [I 2024-01-24 20:15:34,650] Trial 556 finished with value: 0.7486569455103607 and parameters: {'max_depth': 23, 'learning_rate': 0.061287444917194185, 'subsample': 0.9654687694332873, 'colsample_bytree': 0.7242981368864402, 'reg_alpha': 6.937432413402437e-05, 'reg_lambda': 0.00013483954757866816, 'min_child_weight': 12, 'gamma': 0.415794374603522, 'num_boost_round': 444}. Best is trial 442 with value: 0.7504988488104375.
# [I 2024-01-24 20:15:44,329] Trial 557 finished with value: 0.7496034791506779 and parameters: {'max_depth': 29, 'learning_rate': 0.09870055235606595, 'subsample': 0.999941326541075, 'colsample_bytree': 0.7050817572846517, 'reg_alpha': 0.9980584089048694, 'reg_lambda': 8.18821974915161e-05, 'min_child_weight': 17, 'gamma': 0.399677286739808, 'num_boost_round': 471}. Best is trial 442 with value: 0.7504988488104375.
# [I 2024-01-24 20:15:59,536] Trial 558 finished with value: 0.7495523151701202 and parameters: {'max_depth': 26, 'learning_rate': 0.053142416675934556, 'subsample': 0.9757310873748694, 'colsample_bytree': 0.7175471174827269, 'reg_alpha': 0.4297993567042098, 'reg_lambda': 2.9382860650213248e-05, 'min_child_weight': 19, 'gamma': 0.3885595025054114, 'num_boost_round': 578}. Best is trial 442 with value: 0.7504988488104375.
# [I 2024-01-24 20:16:09,470] Trial 559 finished with value: 0.7437452033768227 and parameters: {'max_depth': 25, 'learning_rate': 0.06743725228174179, 'subsample': 0.9885324195261687, 'colsample_bytree': 0.9993424216101167, 'reg_alpha': 0.00355956467011386, 'reg_lambda': 4.822020943560109e-05, 'min_child_weight': 14, 'gamma': 0.4535678708232309, 'num_boost_round': 449}. Best is trial 442 with value: 0.7504988488104375.
# [I 2024-01-24 20:16:20,190] Trial 560 finished with value: 0.7484011256075722 and parameters: {'max_depth': 24, 'learning_rate': 0.08740012532141209, 'subsample': 0.9406873712620186, 'colsample_bytree': 0.7125438013954618, 'reg_alpha': 0.6131754090617418, 'reg_lambda': 0.0001030968309697096, 'min_child_weight': 18, 'gamma': 0.4258814009780221, 'num_boost_round': 457}. Best is trial 442 with value: 0.7504988488104375.
# [I 2024-01-24 20:16:33,866] Trial 561 finished with value: 0.7472499360450243 and parameters: {'max_depth': 23, 'learning_rate': 0.05448699894750338, 'subsample': 0.9948299714174088, 'colsample_bytree': 0.8339085327794674, 'reg_alpha': 0.34022346524889996, 'reg_lambda': 0.00015051181624278163, 'min_child_weight': 17, 'gamma': 0.40651595432814286, 'num_boost_round': 567}. Best is trial 442 with value: 0.7504988488104375.
# [I 2024-01-24 20:16:49,564] Trial 562 finished with value: 0.7476336658992069 and parameters: {'max_depth': 24, 'learning_rate': 0.048696305237154035, 'subsample': 0.8304761687997487, 'colsample_bytree': 0.700499956124539, 'reg_alpha': 0.0006697689461205136, 'reg_lambda': 6.044010118981887e-05, 'min_child_weight': 16, 'gamma': 0.3732629243405538, 'num_boost_round': 490}. Best is trial 442 with value: 0.7504988488104375.
# [I 2024-01-24 20:17:04,832] Trial 563 finished with value: 0.7493476592478895 and parameters: {'max_depth': 26, 'learning_rate': 0.058023688410146976, 'subsample': 0.9469405138894762, 'colsample_bytree': 0.7240069160140927, 'reg_alpha': 0.7721111370953628, 'reg_lambda': 3.802969159342665e-05, 'min_child_weight': 15, 'gamma': 0.44152453730970886, 'num_boost_round': 434}. Best is trial 442 with value: 0.7504988488104375.
# [I 2024-01-24 20:17:18,587] Trial 564 finished with value: 0.7496034791506779 and parameters: {'max_depth': 25, 'learning_rate': 0.06459305611188691, 'subsample': 0.9812130308114865, 'colsample_bytree': 0.7058561659332866, 'reg_alpha': 0.2245536421652947, 'reg_lambda': 2.113502392626074e-05, 'min_child_weight': 18, 'gamma': 0.4177117713753982, 'num_boost_round': 584}. Best is trial 442 with value: 0.7504988488104375.
# [I 2024-01-24 20:17:30,571] Trial 565 finished with value: 0.7467382962394474 and parameters: {'max_depth': 20, 'learning_rate': 0.07458721053404188, 'subsample': 0.8804643945330274, 'colsample_bytree': 0.8604266257518024, 'reg_alpha': 0.5756727502382898, 'reg_lambda': 0.00044294549851742855, 'min_child_weight': 17, 'gamma': 0.38527931155438333, 'num_boost_round': 477}. Best is trial 442 with value: 0.7504988488104375.
