# [I 2024-01-24 19:01:57,375] Trial 257 finished with value: 0.7485546175492453 and parameters: {'max_depth': 26, 'learning_rate': 0.06908585175144098, 'subsample': 0.9877551744972352, 'colsample_bytree': 0.7053675203565075, 'reg_alpha': 0.011172483890048523, 'reg_lambda': 0.00019638496448196589, 'min_child_weight': 16, 'gamma': 0.40127462132488223, 'num_boost_round': 560}. Best is trial 243 with value: 0.750422102839601.
# [I 2024-01-24 19:02:15,926] Trial 258 finished with value: 0.7423637759017652 and parameters: {'max_depth': 28, 'learning_rate': 0.015812394639573808, 'subsample': 0.9743575584150227, 'colsample_bytree': 0.700371858593003, 'reg_alpha': 0.4350050825300359, 'reg_lambda': 0.00014018380166209876, 'min_child_weight': 16, 'gamma': 0.45515381486260575, 'num_boost_round': 682}. Best is trial 243 with value: 0.750422102839601.
# [I 2024-01-24 19:02:30,369] Trial 259 finished with value: 0.748119723714505 and parameters: {'max_depth': 27, 'learning_rate': 0.05861879494540919, 'subsample': 0.9824729185025981, 'colsample_bytree': 0.748826461970109, 'reg_alpha': 0.8040798369106663, 'reg_lambda': 0.0002449103245587789, 'min_child_weight': 16, 'gamma': 0.49041713483682675, 'num_boost_round': 551}. Best is trial 243 with value: 0.750422102839601.
# [I 2024-01-24 19:02:44,154] Trial 260 finished with value: 0.7490662573548221 and parameters: {'max_depth': 29, 'learning_rate': 0.06603913482311817, 'subsample': 0.9930831775998863, 'colsample_bytree': 0.7063156754737651, 'reg_alpha': 0.657856940898077, 'reg_lambda': 0.00044369968373082297, 'min_child_weight': 15, 'gamma': 0.4279929230093263, 'num_boost_round': 535}. Best is trial 243 with value: 0.750422102839601.
# [I 2024-01-24 19:02:56,947] Trial 261 finished with value: 0.7475057559478128 and parameters: {'max_depth': 26, 'learning_rate': 0.07409364679916497, 'subsample': 0.9814371819955703, 'colsample_bytree': 0.7115728069047602, 'reg_alpha': 0.47827635225952775, 'reg_lambda': 0.00011437720699781386, 'min_child_weight': 17, 'gamma': 0.09503100115137632, 'num_boost_round': 575}. Best is trial 243 with value: 0.750422102839601.
# [I 2024-01-24 19:03:15,782] Trial 262 finished with value: 0.7494499872090048 and parameters: {'max_depth': 26, 'learning_rate': 0.04540567869043597, 'subsample': 0.9748405068732527, 'colsample_bytree': 0.7052885399676952, 'reg_alpha': 0.27998203578934044, 'reg_lambda': 0.00017295626023980674, 'min_child_weight': 9, 'gamma': 0.3904656008030944, 'num_boost_round': 556}. Best is trial 243 with value: 0.750422102839601.
# [I 2024-01-24 19:03:35,045] Trial 263 finished with value: 0.7477359938603223 and parameters: {'max_depth': 26, 'learning_rate': 0.040925524018220916, 'subsample': 0.9650238346284754, 'colsample_bytree': 0.7060087088002931, 'reg_alpha': 0.2521811758273781, 'reg_lambda': 0.00033295090879984055, 'min_child_weight': 16, 'gamma': 0.3841607865152311, 'num_boost_round': 555}. Best is trial 243 with value: 0.750422102839601.
# [I 2024-01-24 19:03:53,664] Trial 264 finished with value: 0.74911742133538 and parameters: {'max_depth': 29, 'learning_rate': 0.05047554232818739, 'subsample': 0.9706282134735684, 'colsample_bytree': 0.7000261779355229, 'reg_alpha': 0.2574526364881912, 'reg_lambda': 0.00017284553570649238, 'min_child_weight': 15, 'gamma': 0.3686865841921813, 'num_boost_round': 564}. Best is trial 243 with value: 0.750422102839601.
# [I 2024-01-24 19:04:11,380] Trial 265 finished with value: 0.7485034535686876 and parameters: {'max_depth': 27, 'learning_rate': 0.043874632169162125, 'subsample': 0.9874963028766987, 'colsample_bytree': 0.7074485975762045, 'reg_alpha': 0.3340648144337599, 'reg_lambda': 0.00020971110046344096, 'min_child_weight': 10, 'gamma': 0.4668744355184544, 'num_boost_round': 547}. Best is trial 243 with value: 0.750422102839601.
# [I 2024-01-24 19:04:27,611] Trial 266 finished with value: 0.7475313379380916 and parameters: {'max_depth': 26, 'learning_rate': 0.054506822224915576, 'subsample': 0.9792877978789492, 'colsample_bytree': 0.7660834576411478, 'reg_alpha': 0.005008565079197351, 'reg_lambda': 0.00014446305922558567, 'min_child_weight': 8, 'gamma': 0.39102019618008504, 'num_boost_round': 534}. Best is trial 243 with value: 0.750422102839601.
# [I 2024-01-24 19:04:49,355] Trial 267 finished with value: 0.7486825275006396 and parameters: {'max_depth': 28, 'learning_rate': 0.04640344097875475, 'subsample': 0.9636177383053621, 'colsample_bytree': 0.7001648377994694, 'reg_alpha': 0.002250393272290446, 'reg_lambda': 0.0002509952282309563, 'min_child_weight': 7, 'gamma': 0.41766612141838116, 'num_boost_round': 582}. Best is trial 243 with value: 0.750422102839601.
# [I 2024-01-24 19:05:07,617] Trial 268 finished with value: 0.7476848298797647 and parameters: {'max_depth': 27, 'learning_rate': 0.050717020859683104, 'subsample': 0.9570955104171689, 'colsample_bytree': 0.7187935270348563, 'reg_alpha': 0.3503984439856795, 'reg_lambda': 9.293124776627777e-05, 'min_child_weight': 9, 'gamma': 0.4397951489886511, 'num_boost_round': 555}. Best is trial 243 with value: 0.750422102839601.
# [I 2024-01-24 19:05:21,635] Trial 269 finished with value: 0.7466615502686109 and parameters: {'max_depth': 18, 'learning_rate': 0.04719510917304478, 'subsample': 0.9715980825137492, 'colsample_bytree': 0.7107331347704369, 'reg_alpha': 0.9775881584981251, 'reg_lambda': 0.00035817822593070325, 'min_child_weight': 17, 'gamma': 0.37556704631681076, 'num_boost_round': 413}. Best is trial 243 with value: 0.750422102839601.
# [I 2024-01-24 19:05:34,057] Trial 270 finished with value: 0.7475057559478128 and parameters: {'max_depth': 26, 'learning_rate': 0.06067020868550254, 'subsample': 0.9942443608074479, 'colsample_bytree': 0.7058024416267749, 'reg_alpha': 0.5170216268477574, 'reg_lambda': 0.00017190136444313384, 'min_child_weight': 11, 'gamma': 0.16314678397629961, 'num_boost_round': 638}. Best is trial 243 with value: 0.750422102839601.
# [I 2024-01-24 19:05:45,017] Trial 271 finished with value: 0.7458685085699668 and parameters: {'max_depth': 26, 'learning_rate': 0.027131526506198798, 'subsample': 0.9741576640747474, 'colsample_bytree': 0.7577570148727717, 'reg_alpha': 0.25643619673690615, 'reg_lambda': 0.00011536732511177723, 'min_child_weight': 4, 'gamma': 0.34933441320038133, 'num_boost_round': 606}. Best is trial 243 with value: 0.750422102839601.
# [I 2024-01-24 19:05:59,373] Trial 272 finished with value: 0.7480429777436685 and parameters: {'max_depth': 27, 'learning_rate': 0.05710136946911724, 'subsample': 0.9636820448529456, 'colsample_bytree': 0.7133265337509218, 'reg_alpha': 0.007593953861276314, 'reg_lambda': 0.0005354131139933107, 'min_child_weight': 16, 'gamma': 0.3949417736910904, 'num_boost_round': 571}. Best is trial 243 with value: 0.750422102839601.
# [I 2024-01-24 19:06:18,433] Trial 273 finished with value: 0.7467894602200051 and parameters: {'max_depth': 25, 'learning_rate': 0.0649010824678867, 'subsample': 0.9845206944047806, 'colsample_bytree': 0.7211192659493824, 'reg_alpha': 0.3994455583363283, 'reg_lambda': 0.00029625070315585057, 'min_child_weight': 2, 'gamma': 0.40986404977391805, 'num_boost_round': 591}. Best is trial 243 with value: 0.750422102839601.
# [I 2024-01-24 19:06:37,840] Trial 274 finished with value: 0.7485290355589664 and parameters: {'max_depth': 26, 'learning_rate': 0.038917176450237, 'subsample': 0.967971488372554, 'colsample_bytree': 0.7278693530694885, 'reg_alpha': 0.6280433741793312, 'reg_lambda': 9.176879790728784e-05, 'min_child_weight': 15, 'gamma': 0.3847241264101151, 'num_boost_round': 540}. Best is trial 243 with value: 0.750422102839601.
# [I 2024-01-24 19:06:54,443] Trial 275 finished with value: 0.7487336914811973 and parameters: {'max_depth': 27, 'learning_rate': 0.052958469297653965, 'subsample': 0.9547535184414438, 'colsample_bytree': 0.7051709014641229, 'reg_alpha': 0.8304018270364968, 'reg_lambda': 0.00014782367787346553, 'min_child_weight': 15, 'gamma': 0.33075620716277165, 'num_boost_round': 420}. Best is trial 243 with value: 0.750422102839601.
# [I 2024-01-24 19:07:08,825] Trial 276 finished with value: 0.7484778715784088 and parameters: {'max_depth': 25, 'learning_rate': 0.06250884355107679, 'subsample': 0.9780878587980115, 'colsample_bytree': 0.718816174846439, 'reg_alpha': 0.511528072673851, 'reg_lambda': 0.00022231917905251512, 'min_child_weight': 16, 'gamma': 0.21352275800791348, 'num_boost_round': 548}. Best is trial 243 with value: 0.750422102839601.
# [I 2024-01-24 19:07:23,211] Trial 277 finished with value: 0.7485034535686876 and parameters: {'max_depth': 28, 'learning_rate': 0.06874110795593308, 'subsample': 0.9419794617002131, 'colsample_bytree': 0.7123643192751894, 'reg_alpha': 0.01790454942340661, 'reg_lambda': 0.01689708507195054, 'min_child_weight': 16, 'gamma': 0.4182472184908564, 'num_boost_round': 564}. Best is trial 243 with value: 0.750422102839601.
# [I 2024-01-24 19:07:32,756] Trial 278 finished with value: 0.745177794832438 and parameters: {'max_depth': 26, 'learning_rate': 0.07887131747229574, 'subsample': 0.9604652346351296, 'colsample_bytree': 0.7987821634473014, 'reg_alpha': 0.06930606359869206, 'reg_lambda': 0.7574132007737393, 'min_child_weight': 17, 'gamma': 0.40366854180508016, 'num_boost_round': 400}. Best is trial 243 with value: 0.750422102839601.
# [I 2024-01-24 19:07:47,851] Trial 279 finished with value: 0.7488616014325915 and parameters: {'max_depth': 27, 'learning_rate': 0.057916598535311344, 'subsample': 0.9503585054227319, 'colsample_bytree': 0.7054026948692098, 'reg_alpha': 0.7563121517764534, 'reg_lambda': 8.078443785886728e-05, 'min_child_weight': 17, 'gamma': 0.390533889024563, 'num_boost_round': 534}. Best is trial 243 with value: 0.750422102839601.
# [I 2024-01-24 19:08:08,071] Trial 280 finished with value: 0.747301100025582 and parameters: {'max_depth': 25, 'learning_rate': 0.03536924406386811, 'subsample': 0.9909900283905232, 'colsample_bytree': 0.7428545294148419, 'reg_alpha': 0.21001717835155434, 'reg_lambda': 0.00012120806043741969, 'min_child_weight': 15, 'gamma': 0.3602949623401647, 'num_boost_round': 429}. Best is trial 243 with value: 0.750422102839601.
# [I 2024-01-24 19:08:25,825] Trial 281 finished with value: 0.7478639038117165 and parameters: {'max_depth': 20, 'learning_rate': 0.04558561886219502, 'subsample': 0.9696936661250802, 'colsample_bytree': 0.7159597256443926, 'reg_alpha': 0.35937506738042235, 'reg_lambda': 0.3293460044211852, 'min_child_weight': 16, 'gamma': 0.2616416654186188, 'num_boost_round': 556}. Best is trial 243 with value: 0.750422102839601.
# [I 2024-01-24 19:08:41,201] Trial 282 finished with value: 0.7489383474034279 and parameters: {'max_depth': 21, 'learning_rate': 0.07400777074934262, 'subsample': 0.9818551643503751, 'colsample_bytree': 0.7106086668141538, 'reg_alpha': 0.5968143422007671, 'reg_lambda': 0.0004761063205858738, 'min_child_weight': 20, 'gamma': 0.07559496831467633, 'num_boost_round': 579}. Best is trial 243 with value: 0.750422102839601.
# [I 2024-01-24 19:08:55,623] Trial 283 finished with value: 0.7490662573548221 and parameters: {'max_depth': 28, 'learning_rate': 0.06421461559884846, 'subsample': 0.9570243996096757, 'colsample_bytree': 0.7000927493028173, 'reg_alpha': 0.2858789019456528, 'reg_lambda': 0.002362607538070786, 'min_child_weight': 9, 'gamma': 0.4267453998338518, 'num_boost_round': 521}. Best is trial 243 with value: 0.750422102839601.
# [I 2024-01-24 19:09:08,858] Trial 284 finished with value: 0.7473266820158608 and parameters: {'max_depth': 26, 'learning_rate': 0.0547819177063762, 'subsample': 0.9753590772059921, 'colsample_bytree': 0.729923570705067, 'reg_alpha': 0.498958623521057, 'reg_lambda': 0.00018016485143311264, 'min_child_weight': 19, 'gamma': 0.4347861898222243, 'num_boost_round': 545}. Best is trial 243 with value: 0.750422102839601.
# [I 2024-01-24 19:09:22,528] Trial 285 finished with value: 0.7478127398311589 and parameters: {'max_depth': 25, 'learning_rate': 0.060936004571748664, 'subsample': 0.9644065130970162, 'colsample_bytree': 0.7231059207698977, 'reg_alpha': 0.8155616589175663, 'reg_lambda': 0.0014555687191615712, 'min_child_weight': 17, 'gamma': 0.3785375999812096, 'num_boost_round': 569}. Best is trial 243 with value: 0.750422102839601.
# [I 2024-01-24 19:09:35,119] Trial 286 finished with value: 0.7469173701713994 and parameters: {'max_depth': 22, 'learning_rate': 0.07037149905279633, 'subsample': 0.9865903819372892, 'colsample_bytree': 0.7367178787308208, 'reg_alpha': 0.002830156541919979, 'reg_lambda': 0.0003131833603507316, 'min_child_weight': 11, 'gamma': 0.4074958797082277, 'num_boost_round': 527}. Best is trial 243 with value: 0.750422102839601.
# [I 2024-01-24 19:09:53,618] Trial 287 finished with value: 0.7481708876950627 and parameters: {'max_depth': 29, 'learning_rate': 0.04997448148615682, 'subsample': 0.724704826178234, 'colsample_bytree': 0.708639791546186, 'reg_alpha': 0.005540904265881218, 'reg_lambda': 0.0036594092034465836, 'min_child_weight': 16, 'gamma': 0.39785170611589027, 'num_boost_round': 416}. Best is trial 243 with value: 0.750422102839601.
# [I 2024-01-24 19:10:09,021] Trial 288 finished with value: 0.7503709388590433 and parameters: {'max_depth': 25, 'learning_rate': 0.06715237055522526, 'subsample': 0.945590316652707, 'colsample_bytree': 0.7135553801977628, 'reg_alpha': 0.9876689629009342, 'reg_lambda': 7.876659586701334e-05, 'min_child_weight': 7, 'gamma': 0.4149073094841512, 'num_boost_round': 555}. Best is trial 243 with value: 0.750422102839601.
# [I 2024-01-24 19:10:21,922] Trial 289 finished with value: 0.7477104118700435 and parameters: {'max_depth': 26, 'learning_rate': 0.058412804821166994, 'subsample': 0.94332839894824, 'colsample_bytree': 0.7155362043293687, 'reg_alpha': 0.8060717893478002, 'reg_lambda': 6.5663920749966e-05, 'min_child_weight': 10, 'gamma': 0.41851972841917523, 'num_boost_round': 558}. Best is trial 243 with value: 0.750422102839601.
# [I 2024-01-24 19:10:34,737] Trial 290 finished with value: 0.7491941673062164 and parameters: {'max_depth': 25, 'learning_rate': 0.06740065574683808, 'subsample': 0.9354359577905906, 'colsample_bytree': 0.7051490838506367, 'reg_alpha': 0.931683291343065, 'reg_lambda': 7.99856128066396e-05, 'min_child_weight': 12, 'gamma': 0.4469454234275383, 'num_boost_round': 588}. Best is trial 243 with value: 0.750422102839601.
# [I 2024-01-24 19:10:47,392] Trial 291 finished with value: 0.7487081094909184 and parameters: {'max_depth': 27, 'learning_rate': 0.08198222366110207, 'subsample': 0.9460279699242301, 'colsample_bytree': 0.71072736619807, 'reg_alpha': 0.6370384509135533, 'reg_lambda': 3.8420278129913775e-05, 'min_child_weight': 4, 'gamma': 0.42623150734137755, 'num_boost_round': 458}. Best is trial 243 with value: 0.750422102839601.
# [I 2024-01-24 19:10:59,813] Trial 292 finished with value: 0.7480685597339474 and parameters: {'max_depth': 26, 'learning_rate': 0.07513116067886742, 'subsample': 0.9524596732741949, 'colsample_bytree': 0.7170967609053571, 'reg_alpha': 0.976337925375802, 'reg_lambda': 5.5307054696804226e-05, 'min_child_weight': 7, 'gamma': 0.4110228501178388, 'num_boost_round': 551}. Best is trial 243 with value: 0.750422102839601.
# [I 2024-01-24 19:11:13,579] Trial 293 finished with value: 0.7475569199283705 and parameters: {'max_depth': 25, 'learning_rate': 0.062393368409607367, 'subsample': 0.8239835601210688, 'colsample_bytree': 0.7001470587851841, 'reg_alpha': 0.9980863375778538, 'reg_lambda': 0.00011864194470441787, 'min_child_weight': 17, 'gamma': 0.4132920092017373, 'num_boost_round': 564}. Best is trial 243 with value: 0.750422102839601.
# [I 2024-01-24 19:11:29,470] Trial 294 finished with value: 0.7468917881811206 and parameters: {'max_depth': 28, 'learning_rate': 0.053204337913511555, 'subsample': 0.9388409401543064, 'colsample_bytree': 0.7101867240800083, 'reg_alpha': 0.15531168724671995, 'reg_lambda': 0.0001622284233224477, 'min_child_weight': 6, 'gamma': 0.4360544158250713, 'num_boost_round': 710}. Best is trial 243 with value: 0.750422102839601.
# [I 2024-01-24 19:11:41,956] Trial 295 finished with value: 0.7469429521616782 and parameters: {'max_depth': 26, 'learning_rate': 0.06939680445661052, 'subsample': 0.9987126120981029, 'colsample_bytree': 0.823051986654393, 'reg_alpha': 0.642243695388987, 'reg_lambda': 7.672014181585327e-05, 'min_child_weight': 15, 'gamma': 0.1363725322250494, 'num_boost_round': 428}. Best is trial 243 with value: 0.750422102839601.
# [I 2024-01-24 19:11:57,200] Trial 296 finished with value: 0.7485546175492453 and parameters: {'max_depth': 27, 'learning_rate': 0.05589189563486768, 'subsample': 0.9499147913933034, 'colsample_bytree': 0.7216638750929463, 'reg_alpha': 0.003890359632227905, 'reg_lambda': 0.17777637502183738, 'min_child_weight': 18, 'gamma': 0.3994302343584329, 'num_boost_round': 577}. Best is trial 243 with value: 0.750422102839601.
# [I 2024-01-24 19:12:10,875] Trial 297 finished with value: 0.7487848554617549 and parameters: {'max_depth': 25, 'learning_rate': 0.06463721626595959, 'subsample': 0.9813628110806797, 'colsample_bytree': 0.7063143867554023, 'reg_alpha': 0.40583933626369684, 'reg_lambda': 0.00010223325003078836, 'min_child_weight': 16, 'gamma': 0.3917063454005799, 'num_boost_round': 410}. Best is trial 243 with value: 0.750422102839601.
# [I 2024-01-24 19:12:26,746] Trial 298 finished with value: 0.7473266820158608 and parameters: {'max_depth': 26, 'learning_rate': 0.04167280815409638, 'subsample': 0.977866186860726, 'colsample_bytree': 0.7153554960168494, 'reg_alpha': 0.013758708140405819, 'reg_lambda': 0.00022917927986686572, 'min_child_weight': 8, 'gamma': 0.23624648923727146, 'num_boost_round': 536}. Best is trial 243 with value: 0.750422102839601.
# [I 2024-01-24 19:12:39,280] Trial 299 finished with value: 0.7488871834228703 and parameters: {'max_depth': 22, 'learning_rate': 0.05864164297086042, 'subsample': 0.972285479520362, 'colsample_bytree': 0.7040240785508609, 'reg_alpha': 0.6606213815702884, 'reg_lambda': 1.6612878782952887e-05, 'min_child_weight': 5, 'gamma': 0.417826684249102, 'num_boost_round': 567}. Best is trial 243 with value: 0.750422102839601.
# [I 2024-01-24 19:12:54,654] Trial 300 finished with value: 0.7474801739575339 and parameters: {'max_depth': 21, 'learning_rate': 0.04724743311629805, 'subsample': 0.9441143927977406, 'colsample_bytree': 0.7260001078262471, 'reg_alpha': 0.0015079330304092423, 'reg_lambda': 4.531681924214528e-05, 'min_child_weight': 16, 'gamma': 0.049571147984788955, 'num_boost_round': 546}. Best is trial 243 with value: 0.750422102839601.
# [I 2024-01-24 19:13:06,574] Trial 301 finished with value: 0.7488871834228703 and parameters: {'max_depth': 17, 'learning_rate': 0.08788420940746439, 'subsample': 0.9665073856005415, 'colsample_bytree': 0.711534978805754, 'reg_alpha': 0.4946048944055803, 'reg_lambda': 6.181877577024993e-05, 'min_child_weight': 6, 'gamma': 0.4042352276720473, 'num_boost_round': 558}. Best is trial 243 with value: 0.750422102839601.
# [I 2024-01-24 19:13:20,356] Trial 302 finished with value: 0.7478127398311589 and parameters: {'max_depth': 27, 'learning_rate': 0.07831939410565049, 'subsample': 0.9918019134379826, 'colsample_bytree': 0.7048619948860612, 'reg_alpha': 0.04895993747625315, 'reg_lambda': 2.9628161368688548e-05, 'min_child_weight': 19, 'gamma': 0.09665222759119901, 'num_boost_round': 447}. Best is trial 243 with value: 0.750422102839601.
# [I 2024-01-24 19:13:30,687] Trial 303 finished with value: 0.7459196725505244 and parameters: {'max_depth': 25, 'learning_rate': 0.07174750410347269, 'subsample': 0.9575912555102472, 'colsample_bytree': 0.9082970397485945, 'reg_alpha': 0.735613279654876, 'reg_lambda': 0.00013010326952692043, 'min_child_weight': 6, 'gamma': 0.42969677481564256, 'num_boost_round': 538}. Best is trial 243 with value: 0.750422102839601.
# [I 2024-01-24 19:13:48,359] Trial 304 finished with value: 0.7499616270145817 and parameters: {'max_depth': 30, 'learning_rate': 0.05123677926631859, 'subsample': 0.9858363539223506, 'colsample_bytree': 0.7185218155672253, 'reg_alpha': 0.008234357020120792, 'reg_lambda': 2.1656679572793455e-05, 'min_child_weight': 18, 'gamma': 0.4576726393318121, 'num_boost_round': 465}. Best is trial 243 with value: 0.750422102839601.
# [I 2024-01-24 19:14:00,738] Trial 305 finished with value: 0.7479150677922742 and parameters: {'max_depth': 24, 'learning_rate': 0.061458948765644186, 'subsample': 0.9866544647712311, 'colsample_bytree': 0.7172489425901926, 'reg_alpha': 0.0052143912174411715, 'reg_lambda': 1.9811104706861783e-05, 'min_child_weight': 18, 'gamma': 0.4688117150790253, 'num_boost_round': 472}. Best is trial 243 with value: 0.750422102839601.
# [I 2024-01-24 19:14:11,589] Trial 306 finished with value: 0.7471220260936301 and parameters: {'max_depth': 30, 'learning_rate': 0.06645101113564887, 'subsample': 0.9810254332050284, 'colsample_bytree': 0.7095760480017291, 'reg_alpha': 0.007476797000431038, 'reg_lambda': 1.4455056690677463e-05, 'min_child_weight': 7, 'gamma': 0.45106599206112796, 'num_boost_round': 438}. Best is trial 243 with value: 0.750422102839601.
# [I 2024-01-24 19:14:25,663] Trial 307 finished with value: 0.7483499616270146 and parameters: {'max_depth': 29, 'learning_rate': 0.05564795599518883, 'subsample': 0.9920084769641473, 'colsample_bytree': 0.7149293130564239, 'reg_alpha': 0.010758054497837918, 'reg_lambda': 2.2980383190213172e-05, 'min_child_weight': 18, 'gamma': 0.45679066833694504, 'num_boost_round': 466}. Best is trial 243 with value: 0.750422102839601.
# [I 2024-01-24 19:14:33,635] Trial 308 finished with value: 0.7463289843949859 and parameters: {'max_depth': 30, 'learning_rate': 0.19457083102668396, 'subsample': 0.9741352358293258, 'colsample_bytree': 0.7049636832171443, 'reg_alpha': 0.006136268710156479, 'reg_lambda': 4.179041082819274e-05, 'min_child_weight': 9, 'gamma': 0.38991786365900766, 'num_boost_round': 620}. Best is trial 243 with value: 0.750422102839601.
