# [I 2024-01-24 19:39:18,135] Trial 413 finished with value: 0.7480429777436685 and parameters: {'max_depth': 25, 'learning_rate': 0.05958140476345568, 'subsample': 0.9549657909084714, 'colsample_bytree': 0.7356893904000861, 'reg_alpha': 0.0173379809025357, 'reg_lambda': 4.6207905295983685e-05, 'min_child_weight': 14, 'gamma': 0.39438420210900715, 'num_boost_round': 473}. Best is trial 243 with value: 0.750422102839601.
# [I 2024-01-24 19:39:30,254] Trial 414 finished with value: 0.7476848298797647 and parameters: {'max_depth': 23, 'learning_rate': 0.06546050591483743, 'subsample': 0.9815954991839199, 'colsample_bytree': 0.7165546533914879, 'reg_alpha': 0.35871016543308, 'reg_lambda': 0.00011964116281130803, 'min_child_weight': 15, 'gamma': 0.38542714265154215, 'num_boost_round': 599}. Best is trial 243 with value: 0.750422102839601.
# [I 2024-01-24 19:39:48,073] Trial 415 finished with value: 0.7492197492964953 and parameters: {'max_depth': 25, 'learning_rate': 0.04784891379377789, 'subsample': 0.988910457043909, 'colsample_bytree': 0.7275951025332529, 'reg_alpha': 0.6125651101318338, 'reg_lambda': 0.8429491752536623, 'min_child_weight': 18, 'gamma': 0.46433446438418685, 'num_boost_round': 490}. Best is trial 243 with value: 0.750422102839601.
# [I 2024-01-24 19:39:58,112] Trial 416 finished with value: 0.7424661038628806 and parameters: {'max_depth': 12, 'learning_rate': 0.056682047801125644, 'subsample': 0.9760485007643438, 'colsample_bytree': 0.7001426997677614, 'reg_alpha': 0.4268012611469992, 'reg_lambda': 2.7477493655464578e-05, 'min_child_weight': 14, 'gamma': 0.41328715653968884, 'num_boost_round': 467}. Best is trial 243 with value: 0.750422102839601.
# [I 2024-01-24 19:40:06,888] Trial 417 finished with value: 0.7457661806088514 and parameters: {'max_depth': 23, 'learning_rate': 0.07228203844154205, 'subsample': 0.9454426546313515, 'colsample_bytree': 0.7600421681090229, 'reg_alpha': 0.7664620418106177, 'reg_lambda': 6.506475322088907e-05, 'min_child_weight': 20, 'gamma': 0.42760162360248166, 'num_boost_round': 506}. Best is trial 243 with value: 0.750422102839601.
# [I 2024-01-24 19:40:23,945] Trial 418 finished with value: 0.7484011256075722 and parameters: {'max_depth': 26, 'learning_rate': 0.06163288671049794, 'subsample': 0.9591846679727773, 'colsample_bytree': 0.7441770336199123, 'reg_alpha': 0.5427789135048555, 'reg_lambda': 2.054781144674668e-05, 'min_child_weight': 15, 'gamma': 0.006751410814603634, 'num_boost_round': 527}. Best is trial 243 with value: 0.750422102839601.
# [I 2024-01-24 19:40:36,668] Trial 419 finished with value: 0.7475825019186493 and parameters: {'max_depth': 22, 'learning_rate': 0.06761485679645672, 'subsample': 0.9702450711660677, 'colsample_bytree': 0.7193709387458559, 'reg_alpha': 0.13905046254516853, 'reg_lambda': 3.8551825181425995e-05, 'min_child_weight': 11, 'gamma': 0.39927912699991824, 'num_boost_round': 562}. Best is trial 243 with value: 0.750422102839601.
# [I 2024-01-24 19:40:51,387] Trial 420 finished with value: 0.7486825275006396 and parameters: {'max_depth': 25, 'learning_rate': 0.05371759269101372, 'subsample': 0.9824593056574827, 'colsample_bytree': 0.7052527860216203, 'reg_alpha': 0.7715012079573327, 'reg_lambda': 8.541714199091531e-05, 'min_child_weight': 15, 'gamma': 0.3641487524188634, 'num_boost_round': 546}. Best is trial 243 with value: 0.750422102839601.
# [I 2024-01-24 19:41:02,969] Trial 421 finished with value: 0.7476336658992069 and parameters: {'max_depth': 27, 'learning_rate': 0.07960504132238928, 'subsample': 0.9943632361955883, 'colsample_bytree': 0.7140256066793237, 'reg_alpha': 0.26959615363302536, 'reg_lambda': 1.228833577760486e-05, 'min_child_weight': 13, 'gamma': 0.41631752718682324, 'num_boost_round': 584}. Best is trial 243 with value: 0.750422102839601.
# [I 2024-01-24 19:41:16,395] Trial 422 finished with value: 0.7454336147352264 and parameters: {'max_depth': 24, 'learning_rate': 0.06031553175881705, 'subsample': 0.9528046188314357, 'colsample_bytree': 0.7251541399901381, 'reg_alpha': 0.38255706246985166, 'reg_lambda': 0.00015552954062955272, 'min_child_weight': 1, 'gamma': 0.40409124872133445, 'num_boost_round': 442}. Best is trial 243 with value: 0.750422102839601.
# [I 2024-01-24 19:41:29,868] Trial 423 finished with value: 0.7486825275006396 and parameters: {'max_depth': 28, 'learning_rate': 0.06610664568555083, 'subsample': 0.9870429282312206, 'colsample_bytree': 0.7106946009585201, 'reg_alpha': 0.01187306152654574, 'reg_lambda': 2.7754260410494282e-06, 'min_child_weight': 17, 'gamma': 0.45280872319239784, 'num_boost_round': 618}. Best is trial 243 with value: 0.750422102839601.
# [I 2024-01-24 19:41:43,674] Trial 424 finished with value: 0.7474034279866973 and parameters: {'max_depth': 22, 'learning_rate': 0.04984524795759223, 'subsample': 0.9755112430001975, 'colsample_bytree': 0.7055803972539831, 'reg_alpha': 0.990574197826464, 'reg_lambda': 5.318337649101404e-05, 'min_child_weight': 19, 'gamma': 0.3826101860317268, 'num_boost_round': 536}. Best is trial 243 with value: 0.750422102839601.
# [I 2024-01-24 19:42:01,976] Trial 425 finished with value: 0.7455359426963417 and parameters: {'max_depth': 24, 'learning_rate': 0.07385769881228518, 'subsample': 0.9683535938049246, 'colsample_bytree': 0.7217186341996354, 'reg_alpha': 0.0077043232569176286, 'reg_lambda': 6.689062843366685e-06, 'min_child_weight': 2, 'gamma': 0.3920983507655572, 'num_boost_round': 454}. Best is trial 243 with value: 0.750422102839601.
# [I 2024-01-24 19:42:14,269] Trial 426 finished with value: 0.7482987976464569 and parameters: {'max_depth': 26, 'learning_rate': 0.06421467239503872, 'subsample': 0.9388116277287469, 'colsample_bytree': 0.7315729023505747, 'reg_alpha': 0.5205818238473171, 'reg_lambda': 0.00010442835676381041, 'min_child_weight': 15, 'gamma': 0.42262353794860036, 'num_boost_round': 517}. Best is trial 243 with value: 0.750422102839601.
# [I 2024-01-24 19:42:31,663] Trial 427 finished with value: 0.749424405218726 and parameters: {'max_depth': 23, 'learning_rate': 0.053807039490233556, 'subsample': 0.8865375644692307, 'colsample_bytree': 0.7163662222897186, 'reg_alpha': 0.7161613612978464, 'reg_lambda': 6.895014524940915e-05, 'min_child_weight': 12, 'gamma': 0.43642654105144035, 'num_boost_round': 571}. Best is trial 243 with value: 0.750422102839601.
# [I 2024-01-24 19:42:46,855] Trial 428 finished with value: 0.7492453312867742 and parameters: {'max_depth': 25, 'learning_rate': 0.06011578523390135, 'subsample': 0.9604431089636405, 'colsample_bytree': 0.705005565280518, 'reg_alpha': 0.9981399407441774, 'reg_lambda': 1.7440267388067124e-05, 'min_child_weight': 14, 'gamma': 0.4078606981883098, 'num_boost_round': 560}. Best is trial 243 with value: 0.750422102839601.
# [I 2024-01-24 19:42:59,019] Trial 429 finished with value: 0.7479406497825531 and parameters: {'max_depth': 24, 'learning_rate': 0.06880006998018502, 'subsample': 0.9801750210220687, 'colsample_bytree': 0.7107108701603523, 'reg_alpha': 0.2214966358966155, 'reg_lambda': 0.1578337255766137, 'min_child_weight': 18, 'gamma': 0.3742719783537189, 'num_boost_round': 502}. Best is trial 243 with value: 0.750422102839601.
# [I 2024-01-24 19:43:11,298] Trial 430 finished with value: 0.7488871834228703 and parameters: {'max_depth': 27, 'learning_rate': 0.08613615901074682, 'subsample': 0.9473122827845233, 'colsample_bytree': 0.7223070432627415, 'reg_alpha': 0.055680053894016444, 'reg_lambda': 3.185539215263484e-05, 'min_child_weight': 17, 'gamma': 0.3969246683961642, 'num_boost_round': 544}. Best is trial 243 with value: 0.750422102839601.
# [I 2024-01-24 19:43:26,045] Trial 431 finished with value: 0.7465336403172167 and parameters: {'max_depth': 25, 'learning_rate': 0.05681917231422512, 'subsample': 0.990239722518574, 'colsample_bytree': 0.896115673579332, 'reg_alpha': 0.6167011333561024, 'reg_lambda': 5.0384300156672355e-05, 'min_child_weight': 13, 'gamma': 0.41367867951634196, 'num_boost_round': 483}. Best is trial 243 with value: 0.750422102839601.
# [I 2024-01-24 19:43:44,121] Trial 432 finished with value: 0.7489127654131491 and parameters: {'max_depth': 21, 'learning_rate': 0.04647119738260491, 'subsample': 0.8571354105410145, 'colsample_bytree': 0.7377970549269813, 'reg_alpha': 0.324996913412137, 'reg_lambda': 4.4927906185667295e-06, 'min_child_weight': 15, 'gamma': 0.42338623337949294, 'num_boost_round': 472}. Best is trial 243 with value: 0.750422102839601.
# [I 2024-01-24 19:43:57,094] Trial 433 finished with value: 0.7490150933742645 and parameters: {'max_depth': 23, 'learning_rate': 0.07781783115852918, 'subsample': 0.9653667387306999, 'colsample_bytree': 0.7150743852780966, 'reg_alpha': 0.4390559207990664, 'reg_lambda': 0.00014860342209557892, 'min_child_weight': 16, 'gamma': 0.4763884703022377, 'num_boost_round': 526}. Best is trial 243 with value: 0.750422102839601.
# [I 2024-01-24 19:44:06,984] Trial 434 finished with value: 0.7464568943463801 and parameters: {'max_depth': 15, 'learning_rate': 0.07131278479197571, 'subsample': 0.9203957987918928, 'colsample_bytree': 0.7287612680953391, 'reg_alpha': 0.7472487609343067, 'reg_lambda': 8.806093891307337e-05, 'min_child_weight': 14, 'gamma': 0.40288454101108895, 'num_boost_round': 552}. Best is trial 243 with value: 0.750422102839601.
# [I 2024-01-24 19:44:18,662] Trial 435 finished with value: 0.7481708876950627 and parameters: {'max_depth': 26, 'learning_rate': 0.06435512729580055, 'subsample': 0.9771585992205881, 'colsample_bytree': 0.7008394796058339, 'reg_alpha': 0.5134863791128044, 'reg_lambda': 2.3083796978084167e-05, 'min_child_weight': 18, 'gamma': 0.38533124370276045, 'num_boost_round': 534}. Best is trial 243 with value: 0.750422102839601.
# [I 2024-01-24 19:44:35,563] Trial 436 finished with value: 0.7476592478894858 and parameters: {'max_depth': 28, 'learning_rate': 0.041976296235246166, 'subsample': 0.9848586256574052, 'colsample_bytree': 0.7093362088804582, 'reg_alpha': 0.7523265650093541, 'reg_lambda': 0.0001274338581398904, 'min_child_weight': 19, 'gamma': 0.43133150093855666, 'num_boost_round': 510}. Best is trial 243 with value: 0.750422102839601.
# [I 2024-01-24 19:44:51,690] Trial 437 finished with value: 0.7474290099769763 and parameters: {'max_depth': 23, 'learning_rate': 0.05190022535851296, 'subsample': 0.9339384618094667, 'colsample_bytree': 0.8050164590473141, 'reg_alpha': 0.014644277248879487, 'reg_lambda': 3.912106204601239e-05, 'min_child_weight': 17, 'gamma': 0.44369193007780183, 'num_boost_round': 464}. Best is trial 243 with value: 0.750422102839601.
# [I 2024-01-24 19:45:07,962] Trial 438 finished with value: 0.7486313635200819 and parameters: {'max_depth': 25, 'learning_rate': 0.05754691414000777, 'subsample': 0.8096622913997709, 'colsample_bytree': 0.7208642249074899, 'reg_alpha': 0.028184261863239017, 'reg_lambda': 7.75358663412868e-05, 'min_child_weight': 15, 'gamma': 0.41033055344467745, 'num_boost_round': 562}. Best is trial 243 with value: 0.750422102839601.
# [I 2024-01-24 19:45:20,197] Trial 439 finished with value: 0.7480429777436685 and parameters: {'max_depth': 24, 'learning_rate': 0.06215276026694346, 'subsample': 0.9722045048758228, 'colsample_bytree': 0.7136598476785828, 'reg_alpha': 0.38306356654729756, 'reg_lambda': 0.00019492547066926193, 'min_child_weight': 16, 'gamma': 0.39072576319416835, 'num_boost_round': 495}. Best is trial 243 with value: 0.750422102839601.
# [I 2024-01-24 19:45:41,164] Trial 440 finished with value: 0.74778715784088 and parameters: {'max_depth': 22, 'learning_rate': 0.032886186211971945, 'subsample': 0.9547237335444134, 'colsample_bytree': 0.7888157773014753, 'reg_alpha': 0.9996696973156736, 'reg_lambda': 6.474775395758627e-05, 'min_child_weight': 14, 'gamma': 0.4169699044141066, 'num_boost_round': 573}. Best is trial 243 with value: 0.750422102839601.
# [I 2024-01-24 19:45:53,451] Trial 441 finished with value: 0.7485034535686876 and parameters: {'max_depth': 27, 'learning_rate': 0.06883254855140375, 'subsample': 0.9432504482501446, 'colsample_bytree': 0.7073877542379212, 'reg_alpha': 0.17158874083119113, 'reg_lambda': 1.1782960696744177e-05, 'min_child_weight': 16, 'gamma': 0.36858312989344943, 'num_boost_round': 543}. Best is trial 243 with value: 0.750422102839601.
# [I 2024-01-24 19:46:12,639] Trial 442 finished with value: 0.7504988488104375 and parameters: {'max_depth': 24, 'learning_rate': 0.05499358322455664, 'subsample': 0.9953760617217673, 'colsample_bytree': 0.7003539269061473, 'reg_alpha': 0.5685576654400151, 'reg_lambda': 0.00010880959224634605, 'min_child_weight': 12, 'gamma': 0.4061534464520698, 'num_boost_round': 593}. Best is trial 442 with value: 0.7504988488104375.
# [I 2024-01-24 19:46:29,087] Trial 443 finished with value: 0.749270913277053 and parameters: {'max_depth': 24, 'learning_rate': 0.054087198157151545, 'subsample': 0.9928471768689259, 'colsample_bytree': 0.7014512217036254, 'reg_alpha': 0.30491822173576794, 'reg_lambda': 0.00011911298601674604, 'min_child_weight': 12, 'gamma': 0.4062003346376011, 'num_boost_round': 578}. Best is trial 442 with value: 0.7504988488104375.
# [I 2024-01-24 19:46:50,300] Trial 444 finished with value: 0.7498337170631875 and parameters: {'max_depth': 25, 'learning_rate': 0.04887917372027823, 'subsample': 0.9976409851280164, 'colsample_bytree': 0.7045458852212829, 'reg_alpha': 0.4587890769449533, 'reg_lambda': 0.00013984912933341902, 'min_child_weight': 11, 'gamma': 0.39604675484844404, 'num_boost_round': 583}. Best is trial 442 with value: 0.7504988488104375.
# [I 2024-01-24 19:47:07,367] Trial 445 finished with value: 0.7487592734714761 and parameters: {'max_depth': 25, 'learning_rate': 0.0441767854846823, 'subsample': 0.9993119945374859, 'colsample_bytree': 0.7000934582654333, 'reg_alpha': 0.5073988427827015, 'reg_lambda': 0.0001807443100444475, 'min_child_weight': 12, 'gamma': 0.3803347401892486, 'num_boost_round': 584}. Best is trial 442 with value: 0.7504988488104375.
# [I 2024-01-24 19:47:24,555] Trial 446 finished with value: 0.7495011511895626 and parameters: {'max_depth': 25, 'learning_rate': 0.04830458188898512, 'subsample': 0.9973873006274204, 'colsample_bytree': 0.7002599844898101, 'reg_alpha': 0.5219263423269765, 'reg_lambda': 0.00013930130428835557, 'min_child_weight': 11, 'gamma': 0.3960178154280533, 'num_boost_round': 606}. Best is trial 442 with value: 0.7504988488104375.
# [I 2024-01-24 19:47:41,431] Trial 447 finished with value: 0.7493732412381684 and parameters: {'max_depth': 26, 'learning_rate': 0.05044892683718658, 'subsample': 0.9955084732760834, 'colsample_bytree': 0.7063194013296858, 'reg_alpha': 0.6290219265585674, 'reg_lambda': 0.0001286751363911979, 'min_child_weight': 11, 'gamma': 0.3908299515022482, 'num_boost_round': 598}. Best is trial 442 with value: 0.7504988488104375.
# [I 2024-01-24 19:48:03,064] Trial 448 finished with value: 0.7491430033256588 and parameters: {'max_depth': 26, 'learning_rate': 0.04814990454932107, 'subsample': 0.9994350807714242, 'colsample_bytree': 0.7081599659535698, 'reg_alpha': 0.11442075448415988, 'reg_lambda': 0.0002431692819850386, 'min_child_weight': 10, 'gamma': 0.4034789834548089, 'num_boost_round': 591}. Best is trial 442 with value: 0.7504988488104375.
# [I 2024-01-24 19:48:24,099] Trial 449 finished with value: 0.7489639293937068 and parameters: {'max_depth': 25, 'learning_rate': 0.04443892467594014, 'subsample': 0.9915110983388583, 'colsample_bytree': 0.777934711156681, 'reg_alpha': 0.0002507146429299782, 'reg_lambda': 9.746863915234553e-05, 'min_child_weight': 11, 'gamma': 0.3825690449276203, 'num_boost_round': 591}. Best is trial 442 with value: 0.7504988488104375.
# [I 2024-01-24 19:48:38,632] Trial 450 finished with value: 0.7489127654131491 and parameters: {'max_depth': 25, 'learning_rate': 0.05265198589530374, 'subsample': 0.9885815026632006, 'colsample_bytree': 0.7047259088248552, 'reg_alpha': 0.009319911485168043, 'reg_lambda': 1.2500102675586608e-06, 'min_child_weight': 11, 'gamma': 0.3947474242497646, 'num_boost_round': 604}. Best is trial 442 with value: 0.7504988488104375.
# [I 2024-01-24 19:48:53,102] Trial 451 finished with value: 0.7495267331798414 and parameters: {'max_depth': 26, 'learning_rate': 0.05650425045318424, 'subsample': 0.99315206197956, 'colsample_bytree': 0.7054665574207921, 'reg_alpha': 0.39179726003738596, 'reg_lambda': 0.00019718469332675654, 'min_child_weight': 12, 'gamma': 0.4058505086129596, 'num_boost_round': 587}. Best is trial 442 with value: 0.7504988488104375.
# [I 2024-01-24 19:49:12,581] Trial 452 finished with value: 0.7491430033256588 and parameters: {'max_depth': 24, 'learning_rate': 0.05024188098292336, 'subsample': 0.9847331193288331, 'colsample_bytree': 0.7117785238209614, 'reg_alpha': 0.29043011108804506, 'reg_lambda': 0.0050762311127476875, 'min_child_weight': 12, 'gamma': 0.3569473838080547, 'num_boost_round': 572}. Best is trial 442 with value: 0.7504988488104375.
# [I 2024-01-24 19:49:31,098] Trial 453 finished with value: 0.7494755691992837 and parameters: {'max_depth': 25, 'learning_rate': 0.0466910228695071, 'subsample': 0.9985158720052771, 'colsample_bytree': 0.7001494374980238, 'reg_alpha': 0.6005077645394394, 'reg_lambda': 0.0014918287785489243, 'min_child_weight': 11, 'gamma': 0.3967426669331086, 'num_boost_round': 595}. Best is trial 442 with value: 0.7504988488104375.
# [I 2024-01-24 19:49:46,686] Trial 454 finished with value: 0.7493988232284472 and parameters: {'max_depth': 26, 'learning_rate': 0.054763182246748296, 'subsample': 0.9892255698567863, 'colsample_bytree': 0.7000615856513037, 'reg_alpha': 0.4305826881657065, 'reg_lambda': 0.00010070376534602625, 'min_child_weight': 12, 'gamma': 0.37659971458116037, 'num_boost_round': 586}. Best is trial 442 with value: 0.7504988488104375.
# [I 2024-01-24 19:50:02,766] Trial 455 finished with value: 0.7482987976464569 and parameters: {'max_depth': 24, 'learning_rate': 0.039022949058698575, 'subsample': 0.9854364811670712, 'colsample_bytree': 0.7087533713263765, 'reg_alpha': 0.7126167457499457, 'reg_lambda': 0.00015552558607846587, 'min_child_weight': 12, 'gamma': 0.41470246925443655, 'num_boost_round': 612}. Best is trial 442 with value: 0.7504988488104375.
# [I 2024-01-24 19:50:19,691] Trial 456 finished with value: 0.7486057815298031 and parameters: {'max_depth': 27, 'learning_rate': 0.05891205595975216, 'subsample': 0.9931480167871284, 'colsample_bytree': 0.7151215195894297, 'reg_alpha': 0.5833506350161826, 'reg_lambda': 0.0002604121576605621, 'min_child_weight': 13, 'gamma': 0.38703338897856715, 'num_boost_round': 573}. Best is trial 442 with value: 0.7504988488104375.
# [I 2024-01-24 19:50:31,969] Trial 457 finished with value: 0.7467127142491685 and parameters: {'max_depth': 20, 'learning_rate': 0.05098528780655675, 'subsample': 0.982418575264978, 'colsample_bytree': 0.7059465372076944, 'reg_alpha': 0.4213829542667233, 'reg_lambda': 1.863374843846101, 'min_child_weight': 18, 'gamma': 0.40712849187491734, 'num_boost_round': 578}. Best is trial 442 with value: 0.7504988488104375.
# [I 2024-01-24 19:50:50,313] Trial 458 finished with value: 0.7493988232284472 and parameters: {'max_depth': 25, 'learning_rate': 0.04301589948455874, 'subsample': 0.9993387312500142, 'colsample_bytree': 0.7115811724301018, 'reg_alpha': 0.23473610946914078, 'reg_lambda': 0.08853841492670741, 'min_child_weight': 10, 'gamma': 0.4209928319265617, 'num_boost_round': 566}. Best is trial 442 with value: 0.7504988488104375.
# [I 2024-01-24 19:51:05,656] Trial 459 finished with value: 0.747966231772832 and parameters: {'max_depth': 26, 'learning_rate': 0.05468463831555195, 'subsample': 0.987887668616601, 'colsample_bytree': 0.7178204409282156, 'reg_alpha': 0.07734464154447238, 'reg_lambda': 8.439150134233527e-05, 'min_child_weight': 17, 'gamma': 0.3979197355703837, 'num_boost_round': 578}. Best is trial 442 with value: 0.7504988488104375.
# [I 2024-01-24 19:51:21,184] Trial 460 finished with value: 0.7491685853159376 and parameters: {'max_depth': 25, 'learning_rate': 0.05959081032416562, 'subsample': 0.993706502525058, 'colsample_bytree': 0.7057755646738182, 'reg_alpha': 0.7107943089652884, 'reg_lambda': 0.48320164402710614, 'min_child_weight': 13, 'gamma': 0.3330165280560684, 'num_boost_round': 554}. Best is trial 442 with value: 0.7504988488104375.
# [I 2024-01-24 19:51:38,048] Trial 461 finished with value: 0.7472243540547454 and parameters: {'max_depth': 24, 'learning_rate': 0.04676145436880056, 'subsample': 0.9817177563385734, 'colsample_bytree': 0.8496658579228042, 'reg_alpha': 0.7914375266810795, 'reg_lambda': 0.00012441992548819795, 'min_child_weight': 11, 'gamma': 0.3692223028842943, 'num_boost_round': 559}. Best is trial 442 with value: 0.7504988488104375.
# [I 2024-01-24 19:51:50,829] Trial 462 finished with value: 0.7466871322588897 and parameters: {'max_depth': 19, 'learning_rate': 0.05583808267467041, 'subsample': 0.8959784845947149, 'colsample_bytree': 0.7128081743914793, 'reg_alpha': 0.2998418301678999, 'reg_lambda': 0.0001778216570421564, 'min_child_weight': 17, 'gamma': 0.41143284393249047, 'num_boost_round': 567}. Best is trial 442 with value: 0.7504988488104375.
# [I 2024-01-24 19:52:03,566] Trial 463 finished with value: 0.7483755436172934 and parameters: {'max_depth': 27, 'learning_rate': 0.060002658755688484, 'subsample': 0.9881524128856649, 'colsample_bytree': 0.7054991763192667, 'reg_alpha': 0.44246111170626884, 'reg_lambda': 0.00010432423686904681, 'min_child_weight': 12, 'gamma': 0.3850304673358992, 'num_boost_round': 625}. Best is trial 442 with value: 0.7504988488104375.
