[I 2024-01-15 13:58:26,098] Trial 104 finished with value: 0.746149910463034 and parameters: {'max_depth': 10, 'learning_rate': 0.18363560042625532, 'subsample': 0.8590486944691224, 'colsample_bytree': 0.8763229394381049, 'reg_alpha': 7.275328784601827e-06, 'reg_lambda': 0.00793536737468168, 'min_child_weight': 6, 'gamma': 0.3302625764535078, 'num_boost_round': 554}. Best is trial 101 with value: 0.7468406242005627.
[I 2024-01-15 13:58:31,200] Trial 105 finished with value: 0.745152212842159 and parameters: {'max_depth': 10, 'learning_rate': 0.1576813885386937, 'subsample': 0.8404353070304763, 'colsample_bytree': 0.9013485963563493, 'reg_alpha': 3.5592420976196816e-06, 'reg_lambda': 0.0002213891432666082, 'min_child_weight': 13, 'gamma': 0.41101163090378723, 'num_boost_round': 650}. Best is trial 101 with value: 0.7468406242005627.
[I 2024-01-15 13:58:36,488] Trial 106 finished with value: 0.7450243028907648 and parameters: {'max_depth': 10, 'learning_rate': 0.17867647374937007, 'subsample': 0.837186435469286, 'colsample_bytree': 0.8730612175432713, 'reg_alpha': 4.656284653766412e-06, 'reg_lambda': 5.89830383786662e-06, 'min_child_weight': 6, 'gamma': 0.24107183472733315, 'num_boost_round': 611}. Best is trial 101 with value: 0.7468406242005627.
[I 2024-01-15 13:58:45,997] Trial 107 finished with value: 0.745996418521361 and parameters: {'max_depth': 9, 'learning_rate': 0.07703859340966318, 'subsample': 0.8716277199827316, 'colsample_bytree': 0.8430401400641009, 'reg_alpha': 6.562979609406637e-05, 'reg_lambda': 0.0020806143049861337, 'min_child_weight': 9, 'gamma': 0.33551343898582464, 'num_boost_round': 738}. Best is trial 101 with value: 0.7468406242005627.
[I 2024-01-15 13:58:51,137] Trial 108 finished with value: 0.743694039396265 and parameters: {'max_depth': 9, 'learning_rate': 0.1816721609388841, 'subsample': 0.8840578716018527, 'colsample_bytree': 0.8802949862764696, 'reg_alpha': 0.0008155595238650858, 'reg_lambda': 0.002380030541596428, 'min_child_weight': 11, 'gamma': 0.35167867799210467, 'num_boost_round': 648}. Best is trial 101 with value: 0.7468406242005627.
[I 2024-01-15 13:58:56,971] Trial 109 finished with value: 0.7471731900741878 and parameters: {'max_depth': 10, 'learning_rate': 0.16361066367857321, 'subsample': 0.8073135963222022, 'colsample_bytree': 0.8882314153232878, 'reg_alpha': 0.0001240155675116328, 'reg_lambda': 0.00019569639241642954, 'min_child_weight': 6, 'gamma': 0.3351807578721107, 'num_boost_round': 563}. Best is trial 109 with value: 0.7471731900741878.
[I 2024-01-15 13:59:02,078] Trial 110 finished with value: 0.7433358915323612 and parameters: {'max_depth': 10, 'learning_rate': 0.13625800757170406, 'subsample': 0.7934763368281721, 'colsample_bytree': 0.8492247716664787, 'reg_alpha': 1.633622447864834e-06, 'reg_lambda': 0.0004431494256017626, 'min_child_weight': 10, 'gamma': 0.2981604290246461, 'num_boost_round': 451}. Best is trial 109 with value: 0.7471731900741878.
[I 2024-01-15 13:59:08,860] Trial 111 finished with value: 0.7458940905602456 and parameters: {'max_depth': 10, 'learning_rate': 0.13645659977805055, 'subsample': 0.804373237463591, 'colsample_bytree': 0.815063269249402, 'reg_alpha': 0.0001523818975139857, 'reg_lambda': 0.0001675605613332085, 'min_child_weight': 5, 'gamma': 0.36103491381322295, 'num_boost_round': 589}. Best is trial 109 with value: 0.7471731900741878.
[I 2024-01-15 13:59:15,034] Trial 112 finished with value: 0.740752110514198 and parameters: {'max_depth': 10, 'learning_rate': 0.10987612100284631, 'subsample': 0.7826470887037305, 'colsample_bytree': 0.8667750734700287, 'reg_alpha': 0.00010450052043282766, 'reg_lambda': 0.0006514153431433546, 'min_child_weight': 1, 'gamma': 0.3902473259817383, 'num_boost_round': 642}. Best is trial 109 with value: 0.7471731900741878.
[I 2024-01-15 13:59:20,024] Trial 113 finished with value: 0.7366845740598619 and parameters: {'max_depth': 10, 'learning_rate': 0.09482583467378473, 'subsample': 0.7897347684936733, 'colsample_bytree': 0.8351810325626118, 'reg_alpha': 0.0007987355249062403, 'reg_lambda': 0.0007861597734624379, 'min_child_weight': 3, 'gamma': 0.4853059371025308, 'num_boost_round': 609}. Best is trial 109 with value: 0.7471731900741878.
[I 2024-01-15 13:59:24,539] Trial 114 finished with value: 0.7431312356101305 and parameters: {'max_depth': 9, 'learning_rate': 0.1793754314351609, 'subsample': 0.7809682585701941, 'colsample_bytree': 0.8912473068437257, 'reg_alpha': 7.840173100637163e-05, 'reg_lambda': 3.855301420143236e-05, 'min_child_weight': 7, 'gamma': 0.339124785133203, 'num_boost_round': 593}. Best is trial 109 with value: 0.7471731900741878.
[I 2024-01-15 13:59:29,747] Trial 115 finished with value: 0.7438731133282169 and parameters: {'max_depth': 10, 'learning_rate': 0.1636401512711947, 'subsample': 0.8262628302658027, 'colsample_bytree': 0.877666030041347, 'reg_alpha': 4.057143620904411e-05, 'reg_lambda': 0.00018425688993990646, 'min_child_weight': 7, 'gamma': 0.30137278752949836, 'num_boost_round': 545}. Best is trial 109 with value: 0.7471731900741878.
[I 2024-01-15 13:59:40,447] Trial 116 finished with value: 0.7433358915323612 and parameters: {'max_depth': 9, 'learning_rate': 0.05538988532243299, 'subsample': 0.8214534334385414, 'colsample_bytree': 0.8779640949944507, 'reg_alpha': 9.26288691306421e-05, 'reg_lambda': 0.0001774282121516758, 'min_child_weight': 10, 'gamma': 0.3783494519305856, 'num_boost_round': 607}. Best is trial 109 with value: 0.7471731900741878.
[I 2024-01-15 13:59:48,256] Trial 117 finished with value: 0.7457405986185726 and parameters: {'max_depth': 9, 'learning_rate': 0.1125711756751916, 'subsample': 0.8208073423222408, 'colsample_bytree': 0.8930822268476157, 'reg_alpha': 0.0001989688960114433, 'reg_lambda': 0.0012569642902007549, 'min_child_weight': 7, 'gamma': 0.3545288648058922, 'num_boost_round': 671}. Best is trial 109 with value: 0.7471731900741878.
[I 2024-01-15 13:59:52,230] Trial 118 finished with value: 0.7417498081350729 and parameters: {'max_depth': 10, 'learning_rate': 0.1675565763473233, 'subsample': 0.8213368549191697, 'colsample_bytree': 0.854234894547875, 'reg_alpha': 0.00012399587835529592, 'reg_lambda': 0.00012899607771720426, 'min_child_weight': 12, 'gamma': 0.3769465557080438, 'num_boost_round': 571}. Best is trial 109 with value: 0.7471731900741878.
[I 2024-01-15 13:59:59,329] Trial 119 finished with value: 0.7448196469685342 and parameters: {'max_depth': 10, 'learning_rate': 0.11531230484945458, 'subsample': 0.8385073025593832, 'colsample_bytree': 0.9218149128452309, 'reg_alpha': 0.00010632154967146767, 'reg_lambda': 0.0015557672739148897, 'min_child_weight': 8, 'gamma': 0.3174845847527369, 'num_boost_round': 639}. Best is trial 109 with value: 0.7471731900741878.
[I 2024-01-15 14:00:04,956] Trial 120 finished with value: 0.7431568176004093 and parameters: {'max_depth': 9, 'learning_rate': 0.14495800388033622, 'subsample': 0.8358578990404439, 'colsample_bytree': 0.8729995305117149, 'reg_alpha': 0.00018704002709535853, 'reg_lambda': 0.0003458882540691258, 'min_child_weight': 9, 'gamma': 0.35557618913244027, 'num_boost_round': 636}. Best is trial 109 with value: 0.7471731900741878.
[I 2024-01-15 14:00:09,796] Trial 121 finished with value: 0.7434126375031977 and parameters: {'max_depth': 9, 'learning_rate': 0.1630719672481625, 'subsample': 0.7938478894680423, 'colsample_bytree': 0.8598383114576291, 'reg_alpha': 0.000289732306885363, 'reg_lambda': 0.00028958028255304693, 'min_child_weight': 6, 'gamma': 0.3111960775460529, 'num_boost_round': 661}. Best is trial 109 with value: 0.7471731900741878.
[I 2024-01-15 14:00:15,762] Trial 122 finished with value: 0.741724226144794 and parameters: {'max_depth': 9, 'learning_rate': 0.09214214549089303, 'subsample': 0.8237582560207143, 'colsample_bytree': 0.8352699719307092, 'reg_alpha': 0.0002450939015677052, 'reg_lambda': 0.0025702292914534363, 'min_child_weight': 6, 'gamma': 0.4425732371474222, 'num_boost_round': 642}. Best is trial 109 with value: 0.7471731900741878.
[I 2024-01-15 14:00:23,766] Trial 123 finished with value: 0.742056792018419 and parameters: {'max_depth': 9, 'learning_rate': 0.0714695231244654, 'subsample': 0.8440714022052042, 'colsample_bytree': 0.8335353202279224, 'reg_alpha': 0.0007802839288257179, 'reg_lambda': 0.00017352225732757506, 'min_child_weight': 5, 'gamma': 0.36286336906027206, 'num_boost_round': 608}. Best is trial 109 with value: 0.7471731900741878.
[I 2024-01-15 14:00:29,448] Trial 124 finished with value: 0.7430800716295728 and parameters: {'max_depth': 10, 'learning_rate': 0.11554730581331202, 'subsample': 0.7910752007165233, 'colsample_bytree': 0.8941927666797533, 'reg_alpha': 0.00013604215090036762, 'reg_lambda': 3.425718740526343e-05, 'min_child_weight': 8, 'gamma': 0.35670612980309774, 'num_boost_round': 641}. Best is trial 109 with value: 0.7471731900741878.
[I 2024-01-15 14:00:34,335] Trial 125 finished with value: 0.7433358915323612 and parameters: {'max_depth': 9, 'learning_rate': 0.1721146039391395, 'subsample': 0.8424143576098283, 'colsample_bytree': 0.8458527617552656, 'reg_alpha': 0.00014808862624121925, 'reg_lambda': 0.0007823381846926616, 'min_child_weight': 6, 'gamma': 0.34261158284834964, 'num_boost_round': 629}. Best is trial 109 with value: 0.7471731900741878.
[I 2024-01-15 14:00:40,033] Trial 126 finished with value: 0.7400613967766692 and parameters: {'max_depth': 9, 'learning_rate': 0.0872757629830238, 'subsample': 0.8028232919755314, 'colsample_bytree': 0.8928945414072927, 'reg_alpha': 4.383256158132278e-05, 'reg_lambda': 0.0018884435473396325, 'min_child_weight': 11, 'gamma': 0.38688120417860244, 'num_boost_round': 547}. Best is trial 109 with value: 0.7471731900741878.
[I 2024-01-15 14:00:47,377] Trial 127 finished with value: 0.7440777692504477 and parameters: {'max_depth': 10, 'learning_rate': 0.08910769222040384, 'subsample': 0.8289357042324154, 'colsample_bytree': 0.8530228154083814, 'reg_alpha': 0.0001428256114385621, 'reg_lambda': 0.00011404818908286765, 'min_child_weight': 7, 'gamma': 0.3659903410013026, 'num_boost_round': 596}. Best is trial 109 with value: 0.7471731900741878.
[I 2024-01-15 14:00:56,601] Trial 128 finished with value: 0.7471731900741878 and parameters: {'max_depth': 10, 'learning_rate': 0.1108866159041365, 'subsample': 0.7877730041335349, 'colsample_bytree': 0.8935464512214046, 'reg_alpha': 3.834197417026058e-05, 'reg_lambda': 0.00039925250589750835, 'min_child_weight': 7, 'gamma': 0.32956718657243433, 'num_boost_round': 642}. Best is trial 109 with value: 0.7471731900741878.
[I 2024-01-15 14:01:02,936] Trial 129 finished with value: 0.7465080583269379 and parameters: {'max_depth': 10, 'learning_rate': 0.17402944931469316, 'subsample': 0.8098855554313322, 'colsample_bytree': 0.7939654178009474, 'reg_alpha': 3.5361536823499745e-05, 'reg_lambda': 0.0016940575683641948, 'min_child_weight': 4, 'gamma': 0.3343023589084678, 'num_boost_round': 597}. Best is trial 109 with value: 0.7471731900741878.
[I 2024-01-15 14:01:08,822] Trial 130 finished with value: 0.7455359426963417 and parameters: {'max_depth': 10, 'learning_rate': 0.13854897351022472, 'subsample': 0.8353137020446597, 'colsample_bytree': 0.8849937260886963, 'reg_alpha': 6.0880223682226875e-05, 'reg_lambda': 0.00021581952740826906, 'min_child_weight': 5, 'gamma': 0.3768027276786479, 'num_boost_round': 586}. Best is trial 109 with value: 0.7471731900741878.
[I 2024-01-15 14:01:16,067] Trial 131 finished with value: 0.7441033512407265 and parameters: {'max_depth': 9, 'learning_rate': 0.09665329185211405, 'subsample': 0.8058489961438979, 'colsample_bytree': 0.8518597846626681, 'reg_alpha': 8.94030938203009e-05, 'reg_lambda': 0.0001655265747841907, 'min_child_weight': 7, 'gamma': 0.2994146144332398, 'num_boost_round': 684}. Best is trial 109 with value: 0.7471731900741878.
[I 2024-01-15 14:01:23,542] Trial 132 finished with value: 0.7437963673573804 and parameters: {'max_depth': 9, 'learning_rate': 0.0819558995728788, 'subsample': 0.8209803132235349, 'colsample_bytree': 0.8509334203979917, 'reg_alpha': 7.774543624999373e-05, 'reg_lambda': 5.643653309673814e-05, 'min_child_weight': 5, 'gamma': 0.4774547429110605, 'num_boost_round': 550}. Best is trial 109 with value: 0.7471731900741878.
[I 2024-01-15 14:01:30,731] Trial 133 finished with value: 0.7435149654643132 and parameters: {'max_depth': 9, 'learning_rate': 0.09347746915692928, 'subsample': 0.8239454608868749, 'colsample_bytree': 0.8721634470575772, 'reg_alpha': 0.00014395308563959188, 'reg_lambda': 6.026512142536153e-05, 'min_child_weight': 5, 'gamma': 0.393529248878946, 'num_boost_round': 639}. Best is trial 109 with value: 0.7471731900741878.
[I 2024-01-15 14:01:37,940] Trial 134 finished with value: 0.7452545408032745 and parameters: {'max_depth': 10, 'learning_rate': 0.12691170247617697, 'subsample': 0.79007854513251, 'colsample_bytree': 0.8783705008554894, 'reg_alpha': 4.578277042395011e-05, 'reg_lambda': 0.0002366914525592905, 'min_child_weight': 4, 'gamma': 0.32399407278594505, 'num_boost_round': 611}. Best is trial 109 with value: 0.7471731900741878.
[I 2024-01-15 14:01:47,500] Trial 135 finished with value: 0.7457405986185726 and parameters: {'max_depth': 10, 'learning_rate': 0.0769657214963469, 'subsample': 0.8232675042153988, 'colsample_bytree': 0.8812480513093665, 'reg_alpha': 3.839326530687277e-05, 'reg_lambda': 0.0007778312381135939, 'min_child_weight': 4, 'gamma': 0.43014495315206785, 'num_boost_round': 589}. Best is trial 109 with value: 0.7471731900741878.
[I 2024-01-15 14:01:53,458] Trial 136 finished with value: 0.7428498337170633 and parameters: {'max_depth': 9, 'learning_rate': 0.11544933221565754, 'subsample': 0.7991184636296196, 'colsample_bytree': 0.8826178330453116, 'reg_alpha': 7.839738211725922e-05, 'reg_lambda': 0.0002424847341505914, 'min_child_weight': 5, 'gamma': 0.3640485841371809, 'num_boost_round': 585}. Best is trial 109 with value: 0.7471731900741878.
[I 2024-01-15 14:01:57,413] Trial 137 finished with value: 0.7401381427475058 and parameters: {'max_depth': 8, 'learning_rate': 0.16337913842347518, 'subsample': 0.8456206526021337, 'colsample_bytree': 0.8905092749420003, 'reg_alpha': 3.765407890122521e-05, 'reg_lambda': 0.0005263504799698077, 'min_child_weight': 5, 'gamma': 0.28160315330346386, 'num_boost_round': 640}. Best is trial 109 with value: 0.7471731900741878.
[I 2024-01-15 14:02:02,438] Trial 138 finished with value: 0.7363008442056792 and parameters: {'max_depth': 9, 'learning_rate': 0.0859713042195885, 'subsample': 0.8282898195794685, 'colsample_bytree': 0.8878377251791572, 'reg_alpha': 2.616033362462549e-05, 'reg_lambda': 0.00016487158343184177, 'min_child_weight': 8, 'gamma': 0.3820509369260867, 'num_boost_round': 644}. Best is trial 109 with value: 0.7471731900741878.
[I 2024-01-15 14:02:14,314] Trial 139 finished with value: 0.7457917625991302 and parameters: {'max_depth': 10, 'learning_rate': 0.06451339397987414, 'subsample': 0.8114442860577719, 'colsample_bytree': 0.8614122067702344, 'reg_alpha': 0.0003267759763058392, 'reg_lambda': 0.0005834704863492188, 'min_child_weight': 6, 'gamma': 0.33001868760470365, 'num_boost_round': 599}. Best is trial 109 with value: 0.7471731900741878.
[I 2024-01-15 14:02:20,565] Trial 140 finished with value: 0.7442312611921207 and parameters: {'max_depth': 10, 'learning_rate': 0.1259330794402201, 'subsample': 0.8125082135365466, 'colsample_bytree': 0.867804874294803, 'reg_alpha': 0.00020815755409241487, 'reg_lambda': 0.001423636724933593, 'min_child_weight': 6, 'gamma': 0.3262529057485546, 'num_boost_round': 542}. Best is trial 109 with value: 0.7471731900741878.
[I 2024-01-15 14:02:27,444] Trial 141 finished with value: 0.7460220005116398 and parameters: {'max_depth': 10, 'learning_rate': 0.11495723165554039, 'subsample': 0.7793614387180465, 'colsample_bytree': 0.8969042860392482, 'reg_alpha': 0.0002911029244949185, 'reg_lambda': 0.004000630018537796, 'min_child_weight': 4, 'gamma': 0.3822419361770604, 'num_boost_round': 603}. Best is trial 109 with value: 0.7471731900741878.
[I 2024-01-15 14:02:35,155] Trial 142 finished with value: 0.7438219493476592 and parameters: {'max_depth': 10, 'learning_rate': 0.08358977492360771, 'subsample': 0.8081320739256377, 'colsample_bytree': 0.8621924732714843, 'reg_alpha': 2.754862168394558e-05, 'reg_lambda': 0.000721919300769582, 'min_child_weight': 4, 'gamma': 0.32762001841370714, 'num_boost_round': 546}. Best is trial 109 with value: 0.7471731900741878.
[I 2024-01-15 14:02:42,194] Trial 143 finished with value: 0.7421079559989767 and parameters: {'max_depth': 10, 'learning_rate': 0.08847785451384121, 'subsample': 0.8198748741177567, 'colsample_bytree': 0.8562233322943349, 'reg_alpha': 0.0002446056694163501, 'reg_lambda': 0.0002222021453378596, 'min_child_weight': 5, 'gamma': 0.38950079574212504, 'num_boost_round': 620}. Best is trial 109 with value: 0.7471731900741878.
[I 2024-01-15 14:02:50,516] Trial 144 finished with value: 0.7414684062420056 and parameters: {'max_depth': 10, 'learning_rate': 0.06784512155237173, 'subsample': 0.8072499843578389, 'colsample_bytree': 0.8340320357611891, 'reg_alpha': 6.606218968696651e-05, 'reg_lambda': 0.0007803013323344303, 'min_child_weight': 8, 'gamma': 0.39164128530135506, 'num_boost_round': 560}. Best is trial 109 with value: 0.7471731900741878.
[I 2024-01-15 14:03:01,001] Trial 145 finished with value: 0.7417498081350729 and parameters: {'max_depth': 10, 'learning_rate': 0.05151986152860239, 'subsample': 0.8372781718212545, 'colsample_bytree': 0.8694925847661401, 'reg_alpha': 5.667886884261924e-05, 'reg_lambda': 0.0005509942244007124, 'min_child_weight': 7, 'gamma': 0.378582543664805, 'num_boost_round': 550}. Best is trial 109 with value: 0.7471731900741878.
[I 2024-01-15 14:03:07,275] Trial 146 finished with value: 0.7336914811972371 and parameters: {'max_depth': 10, 'learning_rate': 0.061938806604946606, 'subsample': 0.8256451175436594, 'colsample_bytree': 0.8699812688573201, 'reg_alpha': 7.153491513737993e-05, 'reg_lambda': 0.0010953921393859205, 'min_child_weight': 4, 'gamma': 0.2800775651848065, 'num_boost_round': 565}. Best is trial 109 with value: 0.7471731900741878.
[I 2024-01-15 14:03:17,800] Trial 147 finished with value: 0.7409823484267075 and parameters: {'max_depth': 10, 'learning_rate': 0.05221415146729498, 'subsample': 0.7839454953776976, 'colsample_bytree': 0.8844674181970136, 'reg_alpha': 1.175973689914691e-05, 'reg_lambda': 0.0015250885531418476, 'min_child_weight': 4, 'gamma': 0.32808153411898294, 'num_boost_round': 544}. Best is trial 109 with value: 0.7471731900741878.
[I 2024-01-15 14:03:23,840] Trial 148 finished with value: 0.7442312611921207 and parameters: {'max_depth': 10, 'learning_rate': 0.12483720546358577, 'subsample': 0.8408927632742729, 'colsample_bytree': 0.8958916824412828, 'reg_alpha': 6.754070973687343e-05, 'reg_lambda': 0.0006460220650468238, 'min_child_weight': 7, 'gamma': 0.33116857855721205, 'num_boost_round': 599}. Best is trial 109 with value: 0.7471731900741878.
[I 2024-01-15 14:03:32,552] Trial 149 finished with value: 0.7421335379892555 and parameters: {'max_depth': 10, 'learning_rate': 0.06906673280317033, 'subsample': 0.7813283877655565, 'colsample_bytree': 0.8919334464553078, 'reg_alpha': 0.0001697261128103796, 'reg_lambda': 0.0006330120013808814, 'min_child_weight': 3, 'gamma': 0.313533964681878, 'num_boost_round': 635}. Best is trial 109 with value: 0.7471731900741878.
[I 2024-01-15 14:03:44,400] Trial 150 finished with value: 0.7425684318239959 and parameters: {'max_depth': 10, 'learning_rate': 0.050191220432765686, 'subsample': 0.7988282734645076, 'colsample_bytree': 0.868780633924852, 'reg_alpha': 0.00029688422837535484, 'reg_lambda': 0.002787597539538684, 'min_child_weight': 3, 'gamma': 0.31262980269246937, 'num_boost_round': 650}. Best is trial 109 with value: 0.7471731900741878.
[I 2024-01-15 14:03:52,180] Trial 151 finished with value: 0.7449219749296495 and parameters: {'max_depth': 10, 'learning_rate': 0.08602590392415983, 'subsample': 0.7845103112491255, 'colsample_bytree': 0.9505221866731743, 'reg_alpha': 0.0023877708667196357, 'reg_lambda': 0.0005227215486516635, 'min_child_weight': 3, 'gamma': 0.3529813502120024, 'num_boost_round': 536}. Best is trial 109 with value: 0.7471731900741878.
[I 2024-01-15 14:03:58,329] Trial 152 finished with value: 0.7431568176004093 and parameters: {'max_depth': 10, 'learning_rate': 0.10705455941810553, 'subsample': 0.7941184109368115, 'colsample_bytree': 0.8558520977972387, 'reg_alpha': 0.00011194609044708433, 'reg_lambda': 0.017811783048115783, 'min_child_weight': 7, 'gamma': 0.3117472854204257, 'num_boost_round': 595}. Best is trial 109 with value: 0.7471731900741878.
[I 2024-01-15 14:04:07,556] Trial 153 finished with value: 0.7444870810949091 and parameters: {'max_depth': 10, 'learning_rate': 0.08001483948168288, 'subsample': 0.8145064054189926, 'colsample_bytree': 0.8503892600222904, 'reg_alpha': 0.00011808927184943836, 'reg_lambda': 0.010279129259280245, 'min_child_weight': 5, 'gamma': 0.35700810409148176, 'num_boost_round': 586}. Best is trial 109 with value: 0.7471731900741878.
[I 2024-01-15 14:04:18,512] Trial 154 finished with value: 0.7452289588129957 and parameters: {'max_depth': 10, 'learning_rate': 0.06779457468554499, 'subsample': 0.7912690822569467, 'colsample_bytree': 0.8881130674010573, 'reg_alpha': 0.0001964277826418005, 'reg_lambda': 0.0006335050237105585, 'min_child_weight': 6, 'gamma': 0.35031801279016833, 'num_boost_round': 566}. Best is trial 109 with value: 0.7471731900741878.
[I 2024-01-15 14:04:24,256] Trial 155 finished with value: 0.7450498848810437 and parameters: {'max_depth': 10, 'learning_rate': 0.14403843960968798, 'subsample': 0.8144047953343473, 'colsample_bytree': 0.9267223706595481, 'reg_alpha': 0.0001796268158757609, 'reg_lambda': 0.00026363116961522455, 'min_child_weight': 5, 'gamma': 0.366205767431419, 'num_boost_round': 520}. Best is trial 109 with value: 0.7471731900741878.
