[I 2024-01-14 22:35:29,145] Trial 31 pruned. Trial was pruned at iteration 0.
[I 2024-01-14 22:35:29,498] Trial 32 pruned. Trial was pruned at iteration 0.
[I 2024-01-14 22:35:29,867] Trial 33 pruned. Trial was pruned at iteration 0.
[I 2024-01-14 22:35:35,467] Trial 34 finished with value: 0.7236889229982093 and parameters: {'max_depth': 5, 'learning_rate': 0.09483390571015073, 'subsample': 0.8251789970259902, 'colsample_bytree': 0.8650941811503257, 'reg_alpha': 0.005711857539337097, 'reg_lambda': 0.23041211849427162, 'min_child_weight': 8, 'gamma': 0.19163773773388365, 'num_boost_round': 756}. Best is trial 4 with value: 0.7419800460475825.
[I 2024-01-14 22:35:35,810] Trial 35 pruned. Trial was pruned at iteration 0.
[I 2024-01-14 22:35:36,156] Trial 36 pruned. Trial was pruned at iteration 0.
[I 2024-01-14 22:35:36,511] Trial 37 pruned. Trial was pruned at iteration 0.
[I 2024-01-14 22:35:36,844] Trial 38 pruned. Trial was pruned at iteration 0.
[I 2024-01-14 22:35:37,201] Trial 39 pruned. Trial was pruned at iteration 0.
[I 2024-01-14 22:35:37,558] Trial 40 pruned. Trial was pruned at iteration 0.
[I 2024-01-14 22:35:37,919] Trial 41 pruned. Trial was pruned at iteration 0.
[I 2024-01-14 22:35:38,317] Trial 42 pruned. Trial was pruned at iteration 0.
[I 2024-01-14 22:35:38,690] Trial 43 pruned. Trial was pruned at iteration 0.
[I 2024-01-14 22:35:39,195] Trial 44 pruned. Trial was pruned at iteration 0.
[I 2024-01-14 22:35:39,574] Trial 45 pruned. Trial was pruned at iteration 0.
[I 2024-01-14 22:35:39,929] Trial 46 pruned. Trial was pruned at iteration 0.
[I 2024-01-14 22:35:40,302] Trial 47 pruned. Trial was pruned at iteration 0.
[I 2024-01-14 22:35:40,658] Trial 48 pruned. Trial was pruned at iteration 0.
[I 2024-01-14 22:35:41,025] Trial 49 pruned. Trial was pruned at iteration 0.
[I 2024-01-14 22:35:41,417] Trial 50 pruned. Trial was pruned at iteration 0.
[I 2024-01-14 22:35:41,823] Trial 51 pruned. Trial was pruned at iteration 0.
[I 2024-01-14 22:35:42,212] Trial 52 pruned. Trial was pruned at iteration 0.
[I 2024-01-14 22:35:51,136] Trial 53 finished with value: 0.7192376566896905 and parameters: {'max_depth': 6, 'learning_rate': 0.03054736041062266, 'subsample': 0.9016479112732873, 'colsample_bytree': 0.8190606584477769, 'reg_alpha': 0.004082888455830953, 'reg_lambda': 0.003008280907809565, 'min_child_weight': 10, 'gamma': 0.23968319189564471, 'num_boost_round': 739}. Best is trial 4 with value: 0.7419800460475825.
[I 2024-01-14 22:35:51,468] Trial 54 pruned. Trial was pruned at iteration 0.
[I 2024-01-14 22:35:51,812] Trial 55 pruned. Trial was pruned at iteration 0.
[I 2024-01-14 22:35:52,159] Trial 56 pruned. Trial was pruned at iteration 0.
[I 2024-01-14 22:35:53,809] Trial 57 finished with value: 0.6845228958812996 and parameters: {'max_depth': 6, 'learning_rate': 0.023773046693026843, 'subsample': 0.9183236250351194, 'colsample_bytree': 0.8346232824953407, 'reg_alpha': 0.0016696698662848387, 'reg_lambda': 0.14968030064149104, 'min_child_weight': 12, 'gamma': 0.27760269527095005, 'num_boost_round': 617}. Best is trial 4 with value: 0.7419800460475825.
[I 2024-01-14 22:35:54,159] Trial 58 pruned. Trial was pruned at iteration 0.
[I 2024-01-14 22:35:54,502] Trial 59 pruned. Trial was pruned at iteration 0.
[I 2024-01-14 22:35:54,957] Trial 60 pruned. Trial was pruned at iteration 0.
[I 2024-01-14 22:35:55,346] Trial 61 pruned. Trial was pruned at iteration 0.
[I 2024-01-14 22:35:55,686] Trial 62 pruned. Trial was pruned at iteration 0.
[I 2024-01-14 22:35:56,076] Trial 63 pruned. Trial was pruned at iteration 0.
[I 2024-01-14 22:36:07,267] Trial 64 finished with value: 0.7294960347915067 and parameters: {'max_depth': 6, 'learning_rate': 0.037708265000106565, 'subsample': 0.9287979488770953, 'colsample_bytree': 0.8896174274656484, 'reg_alpha': 0.0017056103450693925, 'reg_lambda': 0.002956112363948344, 'min_child_weight': 10, 'gamma': 0.33616321895070145, 'num_boost_round': 776}. Best is trial 4 with value: 0.7419800460475825.
[I 2024-01-14 22:36:13,398] Trial 65 finished with value: 0.7334868252750064 and parameters: {'max_depth': 6, 'learning_rate': 0.084338961461402, 'subsample': 0.8898776814697884, 'colsample_bytree': 0.891440122171584, 'reg_alpha': 0.0012371448330229145, 'reg_lambda': 0.00036537078249854416, 'min_child_weight': 6, 'gamma': 0.1228479621620994, 'num_boost_round': 783}. Best is trial 4 with value: 0.7419800460475825.
[I 2024-01-14 22:36:13,747] Trial 66 pruned. Trial was pruned at iteration 0.
[I 2024-01-14 22:36:14,097] Trial 67 pruned. Trial was pruned at iteration 0.
[I 2024-01-14 22:36:14,456] Trial 68 pruned. Trial was pruned at iteration 0.
[I 2024-01-14 22:36:14,839] Trial 69 pruned. Trial was pruned at iteration 0.
[I 2024-01-14 22:36:19,060] Trial 70 finished with value: 0.7347147608083908 and parameters: {'max_depth': 6, 'learning_rate': 0.15071924915065296, 'subsample': 0.8962042712166574, 'colsample_bytree': 0.8147746205038139, 'reg_alpha': 0.001365068982577677, 'reg_lambda': 0.0013131471574780468, 'min_child_weight': 13, 'gamma': 0.1116468651453342, 'num_boost_round': 584}. Best is trial 4 with value: 0.7419800460475825.
[I 2024-01-14 22:36:19,393] Trial 71 pruned. Trial was pruned at iteration 0.
[I 2024-01-14 22:36:19,729] Trial 72 pruned. Trial was pruned at iteration 0.
[I 2024-01-14 22:36:20,070] Trial 73 pruned. Trial was pruned at iteration 0.
[I 2024-01-14 22:36:20,401] Trial 74 pruned. Trial was pruned at iteration 0.
[I 2024-01-14 22:36:27,176] Trial 75 finished with value: 0.7337682271680737 and parameters: {'max_depth': 6, 'learning_rate': 0.07495780776890874, 'subsample': 0.7955417978995526, 'colsample_bytree': 0.8650648619154198, 'reg_alpha': 0.0024151302526124315, 'reg_lambda': 0.002890691851777674, 'min_child_weight': 9, 'gamma': 0.1156447532891443, 'num_boost_round': 814}. Best is trial 4 with value: 0.7419800460475825.
[I 2024-01-14 22:36:27,506] Trial 76 pruned. Trial was pruned at iteration 0.
[I 2024-01-14 22:36:27,852] Trial 77 pruned. Trial was pruned at iteration 0.
[I 2024-01-14 22:36:28,199] Trial 78 pruned. Trial was pruned at iteration 0.
[I 2024-01-14 22:36:28,562] Trial 79 pruned. Trial was pruned at iteration 0.
[I 2024-01-14 22:36:28,931] Trial 80 pruned. Trial was pruned at iteration 0.
[I 2024-01-14 22:36:29,267] Trial 81 pruned. Trial was pruned at iteration 0.
[I 2024-01-14 22:36:29,633] Trial 82 pruned. Trial was pruned at iteration 1.
[I 2024-01-14 22:36:30,007] Trial 83 pruned. Trial was pruned at iteration 0.
[I 2024-01-14 22:36:30,393] Trial 84 pruned. Trial was pruned at iteration 0.
[I 2024-01-14 22:36:30,785] Trial 85 pruned. Trial was pruned at iteration 0.
[I 2024-01-14 22:36:31,159] Trial 86 pruned. Trial was pruned at iteration 0.
[I 2024-01-14 22:36:31,509] Trial 87 pruned. Trial was pruned at iteration 0.
[I 2024-01-14 22:36:39,065] Trial 88 finished with value: 0.7331286774111025 and parameters: {'max_depth': 6, 'learning_rate': 0.07059284317367559, 'subsample': 0.8123887327796379, 'colsample_bytree': 0.8035902236870724, 'reg_alpha': 2.0609094658474407e-05, 'reg_lambda': 0.001113696941124381, 'min_child_weight': 7, 'gamma': 0.23644997944617951, 'num_boost_round': 749}. Best is trial 4 with value: 0.7419800460475825.
[I 2024-01-14 22:36:39,384] Trial 89 pruned. Trial was pruned at iteration 0.
[I 2024-01-14 22:36:45,244] Trial 90 finished with value: 0.7247122026093631 and parameters: {'max_depth': 5, 'learning_rate': 0.09724672987709869, 'subsample': 0.9460985573545108, 'colsample_bytree': 0.831558563033053, 'reg_alpha': 0.0037423159733522317, 'reg_lambda': 0.03854688118794231, 'min_child_weight': 12, 'gamma': 0.08325701376061719, 'num_boost_round': 672}. Best is trial 4 with value: 0.7419800460475825.
[I 2024-01-14 22:36:45,570] Trial 91 pruned. Trial was pruned at iteration 0.
[I 2024-01-14 22:36:52,988] Trial 92 finished with value: 0.7365310821181887 and parameters: {'max_depth': 6, 'learning_rate': 0.10097170230426745, 'subsample': 0.8775727158938496, 'colsample_bytree': 0.9416715315569688, 'reg_alpha': 0.010142710581742952, 'reg_lambda': 0.0004100649788587487, 'min_child_weight': 14, 'gamma': 0.1881446087086613, 'num_boost_round': 638}. Best is trial 4 with value: 0.7419800460475825.
[I 2024-01-14 22:37:00,057] Trial 93 finished with value: 0.7210028140189306 and parameters: {'max_depth': 5, 'learning_rate': 0.08722566839305933, 'subsample': 0.9238223480329564, 'colsample_bytree': 0.9143194359306962, 'reg_alpha': 1.9013208489101284e-05, 'reg_lambda': 0.16543861100299806, 'min_child_weight': 15, 'gamma': 0.17362636673533188, 'num_boost_round': 588}. Best is trial 4 with value: 0.7419800460475825.
[I 2024-01-14 22:37:00,400] Trial 94 pruned. Trial was pruned at iteration 0.
[I 2024-01-14 22:37:09,198] Trial 95 finished with value: 0.7272192376566897 and parameters: {'max_depth': 6, 'learning_rate': 0.0452122921749929, 'subsample': 0.9267475647648344, 'colsample_bytree': 0.8247761421946619, 'reg_alpha': 6.021177184112963e-05, 'reg_lambda': 0.1645769218974716, 'min_child_weight': 7, 'gamma': 0.17376992205515118, 'num_boost_round': 713}. Best is trial 4 with value: 0.7419800460475825.
[I 2024-01-14 22:37:09,523] Trial 96 pruned. Trial was pruned at iteration 0.
[I 2024-01-14 22:37:14,185] Trial 97 finished with value: 0.7335635712458429 and parameters: {'max_depth': 6, 'learning_rate': 0.11411488412119306, 'subsample': 0.8963572582740031, 'colsample_bytree': 0.8270870524884104, 'reg_alpha': 0.004519164482963471, 'reg_lambda': 0.004224602596068158, 'min_child_weight': 10, 'gamma': 0.2147434637941641, 'num_boost_round': 744}. Best is trial 4 with value: 0.7419800460475825.
[I 2024-01-14 22:37:17,761] Trial 98 finished with value: 0.7216935277564595 and parameters: {'max_depth': 5, 'learning_rate': 0.1150075527220844, 'subsample': 0.8701359188293621, 'colsample_bytree': 0.836432275068572, 'reg_alpha': 1.0814661562571352e-05, 'reg_lambda': 0.10411073443184346, 'min_child_weight': 14, 'gamma': 0.13130810596778342, 'num_boost_round': 799}. Best is trial 4 with value: 0.7419800460475825.
[I 2024-01-14 22:37:18,296] Trial 99 finished with value: 0.6650550012790994 and parameters: {'max_depth': 5, 'learning_rate': 0.10877621774683352, 'subsample': 0.7908886626593687, 'colsample_bytree': 0.9301449135182475, 'reg_alpha': 0.0007053933009459919, 'reg_lambda': 0.0006073487677496399, 'min_child_weight': 7, 'gamma': 0.21262443268910788, 'num_boost_round': 674}. Best is trial 4 with value: 0.7419800460475825.
[I 2024-01-14 22:37:18,644] Trial 100 pruned. Trial was pruned at iteration 0.
[I 2024-01-14 22:37:18,970] Trial 101 pruned. Trial was pruned at iteration 0.
[I 2024-01-14 22:37:19,292] Trial 102 pruned. Trial was pruned at iteration 0.
[I 2024-01-14 22:37:24,021] Trial 103 finished with value: 0.7378869276029676 and parameters: {'max_depth': 6, 'learning_rate': 0.15992787164693628, 'subsample': 0.7855890036141334, 'colsample_bytree': 0.8222788324079153, 'reg_alpha': 2.4212883310527706e-05, 'reg_lambda': 0.007501479412324608, 'min_child_weight': 13, 'gamma': 0.13636778010066733, 'num_boost_round': 644}. Best is trial 4 with value: 0.7419800460475825.
[I 2024-01-14 22:37:24,358] Trial 104 pruned. Trial was pruned at iteration 0.
[I 2024-01-14 22:37:31,389] Trial 105 finished with value: 0.7246354566385265 and parameters: {'max_depth': 6, 'learning_rate': 0.04828632505759897, 'subsample': 0.7998366189351941, 'colsample_bytree': 0.8182305167307512, 'reg_alpha': 0.000645221985277414, 'reg_lambda': 0.5253173280712095, 'min_child_weight': 9, 'gamma': 0.12060830209177865, 'num_boost_round': 744}. Best is trial 4 with value: 0.7419800460475825.
[I 2024-01-14 22:37:31,725] Trial 106 pruned. Trial was pruned at iteration 0.
[I 2024-01-14 22:37:39,767] Trial 107 finished with value: 0.714249168585316 and parameters: {'max_depth': 6, 'learning_rate': 0.02737512060557849, 'subsample': 0.81560060849725, 'colsample_bytree': 0.8829940172656129, 'reg_alpha': 1.8405641011476505e-05, 'reg_lambda': 0.000882744137748788, 'min_child_weight': 14, 'gamma': 0.1721582607460416, 'num_boost_round': 755}. Best is trial 4 with value: 0.7419800460475825.
[I 2024-01-14 22:37:40,100] Trial 108 pruned. Trial was pruned at iteration 0.
[I 2024-01-14 22:37:45,490] Trial 109 finished with value: 0.7376055257099002 and parameters: {'max_depth': 6, 'learning_rate': 0.16346503764238424, 'subsample': 0.8023355665444465, 'colsample_bytree': 0.7963613376474011, 'reg_alpha': 0.000519382543096187, 'reg_lambda': 0.00055258989186887, 'min_child_weight': 13, 'gamma': 0.19193832511058426, 'num_boost_round': 608}. Best is trial 4 with value: 0.7419800460475825.
[I 2024-01-14 22:37:45,810] Trial 110 pruned. Trial was pruned at iteration 0.
[I 2024-01-14 22:37:49,184] Trial 111 finished with value: 0.7270401637247378 and parameters: {'max_depth': 5, 'learning_rate': 0.17613497623012286, 'subsample': 0.709327073662912, 'colsample_bytree': 0.820728120655896, 'reg_alpha': 7.2208587636834186e-06, 'reg_lambda': 0.009565475518981228, 'min_child_weight': 16, 'gamma': 0.2713891501381508, 'num_boost_round': 644}. Best is trial 4 with value: 0.7419800460475825.
[I 2024-01-14 22:37:53,306] Trial 112 finished with value: 0.7368380660015349 and parameters: {'max_depth': 6, 'learning_rate': 0.15259602845846645, 'subsample': 0.8371625370406139, 'colsample_bytree': 0.8704768103930823, 'reg_alpha': 0.00026216167343802427, 'reg_lambda': 0.0007874294574129571, 'min_child_weight': 5, 'gamma': 0.22222371714158862, 'num_boost_round': 689}. Best is trial 4 with value: 0.7419800460475825.
[I 2024-01-14 22:37:53,637] Trial 113 pruned. Trial was pruned at iteration 0.
[I 2024-01-14 22:37:53,972] Trial 114 pruned. Trial was pruned at iteration 0.
[I 2024-01-14 22:37:54,303] Trial 115 pruned. Trial was pruned at iteration 0.
[I 2024-01-14 22:37:54,629] Trial 116 pruned. Trial was pruned at iteration 0.
[I 2024-01-14 22:37:54,951] Trial 117 pruned. Trial was pruned at iteration 0.
[I 2024-01-14 22:37:55,308] Trial 118 pruned. Trial was pruned at iteration 0.
[I 2024-01-14 22:37:59,746] Trial 119 finished with value: 0.7266308518802762 and parameters: {'max_depth': 5, 'learning_rate': 0.11500743327139329, 'subsample': 0.8629092246545695, 'colsample_bytree': 0.8600926639948931, 'reg_alpha': 1.1749750836332208e-05, 'reg_lambda': 0.129874873833826, 'min_child_weight': 15, 'gamma': 0.16908901033073595, 'num_boost_round': 674}. Best is trial 4 with value: 0.7419800460475825.
[I 2024-01-14 22:38:06,185] Trial 120 finished with value: 0.7333589153236122 and parameters: {'max_depth': 6, 'learning_rate': 0.08783856988684713, 'subsample': 0.8417511164282989, 'colsample_bytree': 0.7798851958541898, 'reg_alpha': 0.002405444396633459, 'reg_lambda': 0.002550449559892816, 'min_child_weight': 6, 'gamma': 0.08287627345548397, 'num_boost_round': 588}. Best is trial 4 with value: 0.7419800460475825.
[I 2024-01-14 22:38:06,599] Trial 121 pruned. Trial was pruned at iteration 0.
[I 2024-01-14 22:38:07,031] Trial 122 pruned. Trial was pruned at iteration 0.
[I 2024-01-14 22:38:11,900] Trial 123 finished with value: 0.7356357124584293 and parameters: {'max_depth': 6, 'learning_rate': 0.12259547991124492, 'subsample': 0.8039878062219792, 'colsample_bytree': 0.8226515381141859, 'reg_alpha': 0.0004195303091926511, 'reg_lambda': 0.0010532782294085325, 'min_child_weight': 13, 'gamma': 0.21518659240978003, 'num_boost_round': 652}. Best is trial 4 with value: 0.7419800460475825.
[I 2024-01-14 22:38:12,226] Trial 124 pruned. Trial was pruned at iteration 0.
[I 2024-01-14 22:38:12,579] Trial 125 pruned. Trial was pruned at iteration 0.
[I 2024-01-14 22:38:19,261] Trial 126 finished with value: 0.7306728063443335 and parameters: {'max_depth': 6, 'learning_rate': 0.06485838981177064, 'subsample': 0.8867522506525254, 'colsample_bytree': 0.8582326720944251, 'reg_alpha': 0.006705618069046217, 'reg_lambda': 0.0017900578005101623, 'min_child_weight': 13, 'gamma': 0.1131374545425794, 'num_boost_round': 470}. Best is trial 4 with value: 0.7419800460475825.
[I 2024-01-14 22:38:19,602] Trial 127 pruned. Trial was pruned at iteration 0.
[I 2024-01-14 22:38:19,931] Trial 128 pruned. Trial was pruned at iteration 0.
[I 2024-01-14 22:38:20,264] Trial 129 pruned. Trial was pruned at iteration 0.
[I 2024-01-14 22:38:20,616] Trial 130 pruned. Trial was pruned at iteration 0.
[I 2024-01-14 22:38:26,187] Trial 131 finished with value: 0.7243540547454592 and parameters: {'max_depth': 5, 'learning_rate': 0.09258400404163167, 'subsample': 0.8297897753388918, 'colsample_bytree': 0.8864848553627331, 'reg_alpha': 9.459173410580269e-05, 'reg_lambda': 0.0002471263567293559, 'min_child_weight': 18, 'gamma': 0.16834344850797045, 'num_boost_round': 609}. Best is trial 4 with value: 0.7419800460475825.
[I 2024-01-14 22:38:26,519] Trial 132 pruned. Trial was pruned at iteration 0.
[I 2024-01-14 22:38:26,851] Trial 133 pruned. Trial was pruned at iteration 0.
[I 2024-01-14 22:38:27,184] Trial 134 pruned. Trial was pruned at iteration 0.
[I 2024-01-14 22:38:27,527] Trial 135 pruned. Trial was pruned at iteration 0.
[I 2024-01-14 22:38:31,798] Trial 136 finished with value: 0.730442568431824 and parameters: {'max_depth': 6, 'learning_rate': 0.10881444536774847, 'subsample': 0.789339398234405, 'colsample_bytree': 0.8456558692329407, 'reg_alpha': 9.84219992275333e-05, 'reg_lambda': 0.0005564961186050287, 'min_child_weight': 14, 'gamma': 0.11375198396964173, 'num_boost_round': 628}. Best is trial 4 with value: 0.7419800460475825.
[I 2024-01-14 22:38:32,143] Trial 137 pruned. Trial was pruned at iteration 0.
[I 2024-01-14 22:38:32,488] Trial 138 pruned. Trial was pruned at iteration 0.
[I 2024-01-14 22:38:38,656] Trial 139 finished with value: 0.730263494499872 and parameters: {'max_depth': 5, 'learning_rate': 0.15176857228221494, 'subsample': 0.9404624329680993, 'colsample_bytree': 0.8292933047145494, 'reg_alpha': 0.026970772438337867, 'reg_lambda': 0.0015934306012141677, 'min_child_weight': 8, 'gamma': 0.29473955958608566, 'num_boost_round': 833}. Best is trial 4 with value: 0.7419800460475825.
[I 2024-01-14 22:38:42,725] Trial 140 finished with value: 0.7269634177539013 and parameters: {'max_depth': 5, 'learning_rate': 0.14317996659428642, 'subsample': 0.8266257278890748, 'colsample_bytree': 0.7268367130709543, 'reg_alpha': 1.639044117849896e-05, 'reg_lambda': 0.0034784726419903834, 'min_child_weight': 15, 'gamma': 0.17264485940423252, 'num_boost_round': 471}. Best is trial 4 with value: 0.7419800460475825.
[I 2024-01-14 22:38:43,058] Trial 141 pruned. Trial was pruned at iteration 0.
[I 2024-01-14 22:38:43,405] Trial 142 pruned. Trial was pruned at iteration 0.
[I 2024-01-14 22:38:46,336] Trial 143 finished with value: 0.724072652852392 and parameters: {'max_depth': 5, 'learning_rate': 0.17427559763526212, 'subsample': 0.8106456940035559, 'colsample_bytree': 0.7806507540145344, 'reg_alpha': 3.363209529534373e-05, 'reg_lambda': 0.0018822936987551568, 'min_child_weight': 5, 'gamma': 0.2694688619450031, 'num_boost_round': 633}. Best is trial 4 with value: 0.7419800460475825.
[I 2024-01-14 22:38:46,667] Trial 144 pruned. Trial was pruned at iteration 0.
[I 2024-01-14 22:38:55,144] Trial 145 finished with value: 0.7338193911486314 and parameters: {'max_depth': 6, 'learning_rate': 0.06922893718403635, 'subsample': 0.8128262795374664, 'colsample_bytree': 0.7946157229983142, 'reg_alpha': 0.0008909332943063924, 'reg_lambda': 0.002939605231068959, 'min_child_weight': 13, 'gamma': 0.2178785962245268, 'num_boost_round': 680}. Best is trial 4 with value: 0.7419800460475825.
[I 2024-01-14 22:38:55,468] Trial 146 pruned. Trial was pruned at iteration 0.
[I 2024-01-14 22:38:55,798] Trial 147 pruned. Trial was pruned at iteration 0.
[I 2024-01-14 22:39:00,465] Trial 148 finished with value: 0.7317984139166027 and parameters: {'max_depth': 5, 'learning_rate': 0.15000577573711688, 'subsample': 0.8871310843215199, 'colsample_bytree': 0.8476160607774623, 'reg_alpha': 0.01279312264910207, 'reg_lambda': 0.0007949299682699388, 'min_child_weight': 11, 'gamma': 0.10298405122766549, 'num_boost_round': 591}. Best is trial 4 with value: 0.7419800460475825.
[I 2024-01-14 22:39:05,786] Trial 149 finished with value: 0.7325402916346893 and parameters: {'max_depth': 6, 'learning_rate': 0.0930659422152987, 'subsample': 0.8145761936409501, 'colsample_bytree': 0.766345566043536, 'reg_alpha': 0.00017004885965310508, 'reg_lambda': 0.02273115040846758, 'min_child_weight': 8, 'gamma': 0.22119703424273573, 'num_boost_round': 719}. Best is trial 4 with value: 0.7419800460475825.
[I 2024-01-14 22:39:10,273] Trial 150 finished with value: 0.7336914811972371 and parameters: {'max_depth': 5, 'learning_rate': 0.16912685192846616, 'subsample': 0.8379153481019885, 'colsample_bytree': 0.7856161682514592, 'reg_alpha': 0.0002473847878154469, 'reg_lambda': 0.00033398371973626304, 'min_child_weight': 8, 'gamma': 0.28299072376003925, 'num_boost_round': 637}. Best is trial 4 with value: 0.7419800460475825.
[I 2024-01-14 22:39:10,604] Trial 151 pruned. Trial was pruned at iteration 0.
[I 2024-01-14 22:39:10,939] Trial 152 pruned. Trial was pruned at iteration 0.
[I 2024-01-14 22:39:11,266] Trial 153 pruned. Trial was pruned at iteration 0.
[I 2024-01-14 22:39:11,596] Trial 154 pruned. Trial was pruned at iteration 0.
[I 2024-01-14 22:39:16,845] Trial 155 finished with value: 0.7244308007162957 and parameters: {'max_depth': 5, 'learning_rate': 0.09282793693027891, 'subsample': 0.8766353490591673, 'colsample_bytree': 0.8544136821178508, 'reg_alpha': 0.00017516116695187096, 'reg_lambda': 0.0010127426989342202, 'min_child_weight': 13, 'gamma': 0.19423384629370735, 'num_boost_round': 612}. Best is trial 4 with value: 0.7419800460475825.
