# [I 2024-01-24 22:49:45,684] Trial 204 finished with value: 0.7478127398311589 and parameters: {'max_depth': 18, 'learning_rate': 0.12590305708977004, 'subsample': 0.7718754000579314, 'colsample_bytree': 0.7200483116319983, 'reg_alpha': 0.138644939673825, 'reg_lambda': 2.1824271703026644e-05, 'min_child_weight': 12, 'gamma': 0.4145121557139796, 'num_boost_round': 691}. Best is trial 173 with value: 0.7495523151701202.
# [I 2024-01-24 22:50:03,544] Trial 205 finished with value: 0.7482476336658992 and parameters: {'max_depth': 18, 'learning_rate': 0.08475039051481645, 'subsample': 0.8170348129864669, 'colsample_bytree': 0.7357270437045254, 'reg_alpha': 0.05268843921700567, 'reg_lambda': 2.933306212785354e-05, 'min_child_weight': 14, 'gamma': 0.25139619757571474, 'num_boost_round': 668}. Best is trial 173 with value: 0.7495523151701202.
# [I 2024-01-24 22:50:20,332] Trial 206 finished with value: 0.7477359938603223 and parameters: {'max_depth': 19, 'learning_rate': 0.09380253214786445, 'subsample': 0.785210098079989, 'colsample_bytree': 0.7666713328202092, 'reg_alpha': 0.04744916936244679, 'reg_lambda': 2.697190586268167e-06, 'min_child_weight': 13, 'gamma': 0.36573457415515503, 'num_boost_round': 750}. Best is trial 173 with value: 0.7495523151701202.
# [I 2024-01-24 22:50:36,883] Trial 207 finished with value: 0.7488871834228703 and parameters: {'max_depth': 17, 'learning_rate': 0.10106784942606624, 'subsample': 0.824663074929242, 'colsample_bytree': 0.7383864482444112, 'reg_alpha': 0.0367209398138964, 'reg_lambda': 4.047625797859363e-06, 'min_child_weight': 11, 'gamma': 0.2861835807197295, 'num_boost_round': 709}. Best is trial 173 with value: 0.7495523151701202.
# [I 2024-01-24 22:50:50,350] Trial 208 finished with value: 0.7470196981325148 and parameters: {'max_depth': 17, 'learning_rate': 0.12947872705070126, 'subsample': 0.8379555242288657, 'colsample_bytree': 0.7151058396974659, 'reg_alpha': 0.003747710500424435, 'reg_lambda': 1.2233436508667518e-06, 'min_child_weight': 9, 'gamma': 0.26192734365343284, 'num_boost_round': 631}. Best is trial 173 with value: 0.7495523151701202.
# [I 2024-01-24 22:51:09,225] Trial 209 finished with value: 0.7480941417242262 and parameters: {'max_depth': 20, 'learning_rate': 0.07063761404059339, 'subsample': 0.8332606918760854, 'colsample_bytree': 0.7888869396703715, 'reg_alpha': 0.27480293871534767, 'reg_lambda': 2.7195145582502576e-06, 'min_child_weight': 13, 'gamma': 0.3033930511041869, 'num_boost_round': 731}. Best is trial 173 with value: 0.7495523151701202.
# [I 2024-01-24 22:51:22,383] Trial 210 finished with value: 0.7470964441033512 and parameters: {'max_depth': 18, 'learning_rate': 0.11120924871858753, 'subsample': 0.8292783269616244, 'colsample_bytree': 0.7277337213880959, 'reg_alpha': 0.03910151123751198, 'reg_lambda': 1.8799158777953323e-06, 'min_child_weight': 11, 'gamma': 0.2777267963527488, 'num_boost_round': 740}. Best is trial 173 with value: 0.7495523151701202.
# [I 2024-01-24 22:51:32,386] Trial 211 finished with value: 0.7467638782297263 and parameters: {'max_depth': 19, 'learning_rate': 0.12884671234798237, 'subsample': 0.8322331686520659, 'colsample_bytree': 0.7125897351700574, 'reg_alpha': 0.1769719938427165, 'reg_lambda': 7.911330128865962e-06, 'min_child_weight': 13, 'gamma': 0.26011677131839234, 'num_boost_round': 674}. Best is trial 173 with value: 0.7495523151701202.
# [I 2024-01-24 22:51:46,450] Trial 212 finished with value: 0.7471987720644666 and parameters: {'max_depth': 18, 'learning_rate': 0.10026654210877253, 'subsample': 0.8092798410012776, 'colsample_bytree': 0.763545100302128, 'reg_alpha': 0.009783427945984366, 'reg_lambda': 3.880634413836978e-06, 'min_child_weight': 11, 'gamma': 0.2909586981087921, 'num_boost_round': 726}. Best is trial 173 with value: 0.7495523151701202.
# [I 2024-01-24 22:52:05,337] Trial 213 finished with value: 0.7486313635200819 and parameters: {'max_depth': 19, 'learning_rate': 0.07210038182670435, 'subsample': 0.8115872963039404, 'colsample_bytree': 0.7035093602801289, 'reg_alpha': 0.1355332251497966, 'reg_lambda': 3.629099690136624e-06, 'min_child_weight': 11, 'gamma': 0.31479253161371185, 'num_boost_round': 737}. Best is trial 173 with value: 0.7495523151701202.
# [I 2024-01-24 22:52:29,618] Trial 214 finished with value: 0.7466103862880532 and parameters: {'max_depth': 17, 'learning_rate': 0.05731665913854234, 'subsample': 0.7954802764459765, 'colsample_bytree': 0.7795817129932701, 'reg_alpha': 0.015056459056014392, 'reg_lambda': 1.339048169628193e-05, 'min_child_weight': 11, 'gamma': 0.2349546458248119, 'num_boost_round': 686}. Best is trial 173 with value: 0.7495523151701202.
# [I 2024-01-24 22:52:41,273] Trial 215 finished with value: 0.7449731389102072 and parameters: {'max_depth': 20, 'learning_rate': 0.07083266789236042, 'subsample': 0.8231212163247131, 'colsample_bytree': 0.7391131247639263, 'reg_alpha': 0.0759803756534866, 'reg_lambda': 2.0686093507739647e-06, 'min_child_weight': 12, 'gamma': 0.23498541341523663, 'num_boost_round': 695}. Best is trial 173 with value: 0.7495523151701202.
# [I 2024-01-24 22:52:56,312] Trial 216 finished with value: 0.7475569199283705 and parameters: {'max_depth': 16, 'learning_rate': 0.09125015777780034, 'subsample': 0.8221905927315681, 'colsample_bytree': 0.7250842821952447, 'reg_alpha': 0.022794018713692972, 'reg_lambda': 4.004393260013894e-06, 'min_child_weight': 13, 'gamma': 0.35697336009852754, 'num_boost_round': 652}. Best is trial 173 with value: 0.7495523151701202.
# [I 2024-01-24 22:53:13,489] Trial 217 finished with value: 0.7482987976464569 and parameters: {'max_depth': 20, 'learning_rate': 0.10234861193524847, 'subsample': 0.8346755927407646, 'colsample_bytree': 0.7388101830320545, 'reg_alpha': 0.348333530062549, 'reg_lambda': 5.342830080473041e-06, 'min_child_weight': 14, 'gamma': 0.25036636911297844, 'num_boost_round': 723}. Best is trial 173 with value: 0.7495523151701202.
# [I 2024-01-24 22:53:35,241] Trial 218 finished with value: 0.7483499616270146 and parameters: {'max_depth': 18, 'learning_rate': 0.08814496103411328, 'subsample': 0.7814088764822834, 'colsample_bytree': 0.7123613332433054, 'reg_alpha': 0.022247011438905447, 'reg_lambda': 1.9870864632353935e-05, 'min_child_weight': 14, 'gamma': 0.2680830393703969, 'num_boost_round': 647}. Best is trial 173 with value: 0.7495523151701202.
# [I 2024-01-24 22:53:54,641] Trial 219 finished with value: 0.7482220516756204 and parameters: {'max_depth': 18, 'learning_rate': 0.08451682908800931, 'subsample': 0.8117727121787977, 'colsample_bytree': 0.7528920096513754, 'reg_alpha': 0.18240260171539396, 'reg_lambda': 4.103410438799984e-06, 'min_child_weight': 11, 'gamma': 0.31236077939399687, 'num_boost_round': 705}. Best is trial 173 with value: 0.7495523151701202.
# [I 2024-01-24 22:54:15,540] Trial 220 finished with value: 0.7488616014325915 and parameters: {'max_depth': 18, 'learning_rate': 0.0840646100256775, 'subsample': 0.8137438820074172, 'colsample_bytree': 0.7402723441725003, 'reg_alpha': 0.05786990332377788, 'reg_lambda': 8.701564393884266e-06, 'min_child_weight': 11, 'gamma': 0.35299044484549125, 'num_boost_round': 697}. Best is trial 173 with value: 0.7495523151701202.
# [I 2024-01-24 22:54:27,862] Trial 221 finished with value: 0.7464568943463801 and parameters: {'max_depth': 18, 'learning_rate': 0.1087330128741266, 'subsample': 0.825675669560974, 'colsample_bytree': 0.7372178526488627, 'reg_alpha': 0.2372538332984575, 'reg_lambda': 1.1719160028363705e-05, 'min_child_weight': 12, 'gamma': 0.2835077138572919, 'num_boost_round': 726}. Best is trial 173 with value: 0.7495523151701202.
# [I 2024-01-24 22:54:40,446] Trial 222 finished with value: 0.7466615502686109 and parameters: {'max_depth': 17, 'learning_rate': 0.11645951722235875, 'subsample': 0.8276367282422764, 'colsample_bytree': 0.7343945884885236, 'reg_alpha': 0.007188778485319717, 'reg_lambda': 7.534666377742969e-05, 'min_child_weight': 14, 'gamma': 0.3404907968029198, 'num_boost_round': 648}. Best is trial 173 with value: 0.7495523151701202.
# [I 2024-01-24 22:54:50,430] Trial 223 finished with value: 0.7449475569199284 and parameters: {'max_depth': 18, 'learning_rate': 0.14333700080038636, 'subsample': 0.8072957986844754, 'colsample_bytree': 0.7101367761360876, 'reg_alpha': 0.12349764309736883, 'reg_lambda': 8.004359963673279e-06, 'min_child_weight': 13, 'gamma': 0.3029259493806002, 'num_boost_round': 692}. Best is trial 173 with value: 0.7495523151701202.
# [I 2024-01-24 22:55:02,041] Trial 224 finished with value: 0.7476848298797647 and parameters: {'max_depth': 18, 'learning_rate': 0.12823874800043067, 'subsample': 0.8215272369027079, 'colsample_bytree': 0.7238183671700741, 'reg_alpha': 0.030204270075655914, 'reg_lambda': 1.234406687358067e-05, 'min_child_weight': 16, 'gamma': 0.27887149050581506, 'num_boost_round': 706}. Best is trial 173 with value: 0.7495523151701202.
# [I 2024-01-24 22:55:21,379] Trial 225 finished with value: 0.7481453057047838 and parameters: {'max_depth': 17, 'learning_rate': 0.07432587841827962, 'subsample': 0.7874644753081942, 'colsample_bytree': 0.7192531562499979, 'reg_alpha': 0.09161035306643117, 'reg_lambda': 2.3340493999235893e-05, 'min_child_weight': 11, 'gamma': 0.2503486576686654, 'num_boost_round': 695}. Best is trial 173 with value: 0.7495523151701202.
# [I 2024-01-24 22:55:42,108] Trial 226 finished with value: 0.7481964696853416 and parameters: {'max_depth': 18, 'learning_rate': 0.07862939597973924, 'subsample': 0.8215470931308412, 'colsample_bytree': 0.7608122381408564, 'reg_alpha': 0.06026884375993267, 'reg_lambda': 3.3141917143125e-06, 'min_child_weight': 10, 'gamma': 0.28927285403443226, 'num_boost_round': 724}. Best is trial 173 with value: 0.7495523151701202.
# [I 2024-01-24 22:55:54,907] Trial 227 finished with value: 0.7447940649782553 and parameters: {'max_depth': 18, 'learning_rate': 0.07409633636502663, 'subsample': 0.8358260446813078, 'colsample_bytree': 0.744139928572456, 'reg_alpha': 0.07434378896096512, 'reg_lambda': 1.0721424535726197e-05, 'min_child_weight': 11, 'gamma': 0.2843619547910197, 'num_boost_round': 759}. Best is trial 173 with value: 0.7495523151701202.
# [I 2024-01-24 22:56:15,093] Trial 228 finished with value: 0.7480685597339474 and parameters: {'max_depth': 18, 'learning_rate': 0.0622679635929898, 'subsample': 0.8217670764650991, 'colsample_bytree': 0.733677176198769, 'reg_alpha': 0.03810209135186509, 'reg_lambda': 2.115246881698482e-05, 'min_child_weight': 9, 'gamma': 0.37913703553684114, 'num_boost_round': 704}. Best is trial 173 with value: 0.7495523151701202.
# [I 2024-01-24 22:56:28,703] Trial 229 finished with value: 0.7465592223074955 and parameters: {'max_depth': 17, 'learning_rate': 0.12191225583678349, 'subsample': 0.7959521840772289, 'colsample_bytree': 0.7336406796711652, 'reg_alpha': 0.14818505732796017, 'reg_lambda': 7.203913672296656e-06, 'min_child_weight': 12, 'gamma': 0.261642631203107, 'num_boost_round': 811}. Best is trial 173 with value: 0.7495523151701202.
# [I 2024-01-24 22:56:41,375] Trial 230 finished with value: 0.7467127142491685 and parameters: {'max_depth': 19, 'learning_rate': 0.09001507742066356, 'subsample': 0.8318844042494032, 'colsample_bytree': 0.7267736092567055, 'reg_alpha': 0.044087927168238644, 'reg_lambda': 8.960346326524534e-06, 'min_child_weight': 10, 'gamma': 0.3389717946861729, 'num_boost_round': 710}. Best is trial 173 with value: 0.7495523151701202.
# [I 2024-01-24 22:57:06,192] Trial 231 finished with value: 0.7479918137631107 and parameters: {'max_depth': 19, 'learning_rate': 0.05667952848588219, 'subsample': 0.8230655701703583, 'colsample_bytree': 0.7374506703693797, 'reg_alpha': 0.011748769809447014, 'reg_lambda': 5.4362574089496455e-06, 'min_child_weight': 9, 'gamma': 0.3396714318190552, 'num_boost_round': 702}. Best is trial 173 with value: 0.7495523151701202.
# [I 2024-01-24 22:57:23,513] Trial 232 finished with value: 0.747966231772832 and parameters: {'max_depth': 16, 'learning_rate': 0.10139711005863411, 'subsample': 0.8091855659000582, 'colsample_bytree': 0.7682993847888193, 'reg_alpha': 0.033895704414176366, 'reg_lambda': 4.910300533359716e-06, 'min_child_weight': 11, 'gamma': 0.20744337088102996, 'num_boost_round': 723}. Best is trial 173 with value: 0.7495523151701202.
# [I 2024-01-24 22:57:38,573] Trial 233 finished with value: 0.7471987720644666 and parameters: {'max_depth': 18, 'learning_rate': 0.07972486552354019, 'subsample': 0.8501246896360989, 'colsample_bytree': 0.7379399347149466, 'reg_alpha': 0.04357985855308609, 'reg_lambda': 2.6446404431597347e-06, 'min_child_weight': 11, 'gamma': 0.3160948051112285, 'num_boost_round': 738}. Best is trial 173 with value: 0.7495523151701202.
# [I 2024-01-24 22:57:57,025] Trial 234 finished with value: 0.7476592478894858 and parameters: {'max_depth': 18, 'learning_rate': 0.08003918249935274, 'subsample': 0.8129344945006038, 'colsample_bytree': 0.7420580362175799, 'reg_alpha': 0.055421892737595145, 'reg_lambda': 7.243404868977061e-06, 'min_child_weight': 11, 'gamma': 0.2762329009223886, 'num_boost_round': 685}. Best is trial 173 with value: 0.7495523151701202.
# [I 2024-01-24 22:58:14,043] Trial 235 finished with value: 0.7480429777436685 and parameters: {'max_depth': 19, 'learning_rate': 0.10342005567160686, 'subsample': 0.7907086402780912, 'colsample_bytree': 0.7466920398083996, 'reg_alpha': 0.4693959370384172, 'reg_lambda': 4.493992110901213e-06, 'min_child_weight': 13, 'gamma': 0.26397039718124654, 'num_boost_round': 750}. Best is trial 173 with value: 0.7495523151701202.
# [I 2024-01-24 22:58:34,759] Trial 236 finished with value: 0.749091839345101 and parameters: {'max_depth': 17, 'learning_rate': 0.06755970424987041, 'subsample': 0.8217113084043229, 'colsample_bytree': 0.7549707111995404, 'reg_alpha': 0.04323825951344119, 'reg_lambda': 6.149413011693923e-06, 'min_child_weight': 10, 'gamma': 0.2505610034254141, 'num_boost_round': 699}. Best is trial 173 with value: 0.7495523151701202.
# [I 2024-01-24 22:58:50,552] Trial 237 finished with value: 0.7466871322588897 and parameters: {'max_depth': 17, 'learning_rate': 0.09574695461219723, 'subsample': 0.8063365966247221, 'colsample_bytree': 0.7457867928125175, 'reg_alpha': 0.053984734775814794, 'reg_lambda': 1.6119805393200874e-05, 'min_child_weight': 10, 'gamma': 0.28438937097080713, 'num_boost_round': 710}. Best is trial 173 with value: 0.7495523151701202.
# [I 2024-01-24 22:59:06,376] Trial 238 finished with value: 0.748119723714505 and parameters: {'max_depth': 20, 'learning_rate': 0.11511315801921679, 'subsample': 0.7756873109788881, 'colsample_bytree': 0.7314195809108031, 'reg_alpha': 0.10998822310615598, 'reg_lambda': 9.87756402843603e-06, 'min_child_weight': 13, 'gamma': 0.33786069065324204, 'num_boost_round': 705}. Best is trial 173 with value: 0.7495523151701202.
# [I 2024-01-24 22:59:21,967] Trial 239 finished with value: 0.7475313379380916 and parameters: {'max_depth': 19, 'learning_rate': 0.09690317670043261, 'subsample': 0.8321550991919069, 'colsample_bytree': 0.7619588045979122, 'reg_alpha': 0.01900639412798111, 'reg_lambda': 1.0125378391225087e-05, 'min_child_weight': 10, 'gamma': 0.2672866214647815, 'num_boost_round': 664}. Best is trial 173 with value: 0.7495523151701202.
# [I 2024-01-24 22:59:40,706] Trial 240 finished with value: 0.7488104374520338 and parameters: {'max_depth': 19, 'learning_rate': 0.08607629269437471, 'subsample': 0.7938412849666479, 'colsample_bytree': 0.7427879705575491, 'reg_alpha': 0.028181410902603416, 'reg_lambda': 8.120084757090718e-06, 'min_child_weight': 11, 'gamma': 0.25631254341366716, 'num_boost_round': 730}. Best is trial 173 with value: 0.7495523151701202.
# [I 2024-01-24 23:00:03,106] Trial 241 finished with value: 0.7480685597339474 and parameters: {'max_depth': 20, 'learning_rate': 0.06454220328647196, 'subsample': 0.7967025939013899, 'colsample_bytree': 0.7391593965173429, 'reg_alpha': 0.06379840941142652, 'reg_lambda': 7.395130066948272e-06, 'min_child_weight': 12, 'gamma': 0.26432944588545143, 'num_boost_round': 721}. Best is trial 173 with value: 0.7495523151701202.
# [I 2024-01-24 23:00:25,068] Trial 242 finished with value: 0.7478383218214377 and parameters: {'max_depth': 17, 'learning_rate': 0.061861255171399294, 'subsample': 0.8014186098630929, 'colsample_bytree': 0.742153943721306, 'reg_alpha': 0.02833945885068948, 'reg_lambda': 8.672887031822944e-06, 'min_child_weight': 12, 'gamma': 0.27919896882434636, 'num_boost_round': 720}. Best is trial 173 with value: 0.7495523151701202.
# [I 2024-01-24 23:00:45,708] Trial 243 finished with value: 0.74778715784088 and parameters: {'max_depth': 19, 'learning_rate': 0.07805869767132682, 'subsample': 0.794649056374766, 'colsample_bytree': 0.7575040521657084, 'reg_alpha': 0.4188464812616318, 'reg_lambda': 7.681989602225201e-06, 'min_child_weight': 11, 'gamma': 0.28496239448321065, 'num_boost_round': 791}. Best is trial 173 with value: 0.7495523151701202.
# [I 2024-01-24 23:01:04,107] Trial 244 finished with value: 0.7471987720644666 and parameters: {'max_depth': 17, 'learning_rate': 0.06815427168937357, 'subsample': 0.8400191588819825, 'colsample_bytree': 0.7609673739386098, 'reg_alpha': 0.023422081930184198, 'reg_lambda': 3.583519076472358e-05, 'min_child_weight': 11, 'gamma': 0.29942414676953966, 'num_boost_round': 655}. Best is trial 173 with value: 0.7495523151701202.
# [I 2024-01-24 23:01:20,785] Trial 245 finished with value: 0.748119723714505 and parameters: {'max_depth': 17, 'learning_rate': 0.09084031133458281, 'subsample': 0.8102164364406389, 'colsample_bytree': 0.7742245251863528, 'reg_alpha': 0.024899666534510458, 'reg_lambda': 3.3099972512201366e-06, 'min_child_weight': 10, 'gamma': 0.3337041494811642, 'num_boost_round': 681}. Best is trial 173 with value: 0.7495523151701202.
# [I 2024-01-24 23:01:34,656] Trial 246 finished with value: 0.7474034279866973 and parameters: {'max_depth': 19, 'learning_rate': 0.07293539768349204, 'subsample': 0.8078331863585202, 'colsample_bytree': 0.7113333896287553, 'reg_alpha': 0.03232308699453416, 'reg_lambda': 3.4911487067614528e-06, 'min_child_weight': 10, 'gamma': 0.24752367135420084, 'num_boost_round': 700}. Best is trial 173 with value: 0.7495523151701202.
# [I 2024-01-24 23:01:51,793] Trial 247 finished with value: 0.7487336914811973 and parameters: {'max_depth': 18, 'learning_rate': 0.10007339798766597, 'subsample': 0.8187099794014657, 'colsample_bytree': 0.7203663309673528, 'reg_alpha': 0.022326588889705856, 'reg_lambda': 8.021005444240136e-06, 'min_child_weight': 11, 'gamma': 0.21476968575886102, 'num_boost_round': 754}. Best is trial 173 with value: 0.7495523151701202.
# [I 2024-01-24 23:02:10,149] Trial 248 finished with value: 0.74845228958813 and parameters: {'max_depth': 17, 'learning_rate': 0.09628848360229555, 'subsample': 0.8285207984785937, 'colsample_bytree': 0.7532355445350885, 'reg_alpha': 0.012621814006422068, 'reg_lambda': 1.859509113729811e-06, 'min_child_weight': 11, 'gamma': 0.3620285231993425, 'num_boost_round': 639}. Best is trial 173 with value: 0.7495523151701202.
# [I 2024-01-24 23:02:27,871] Trial 249 finished with value: 0.7470964441033512 and parameters: {'max_depth': 20, 'learning_rate': 0.08255950895079418, 'subsample': 0.775196577551743, 'colsample_bytree': 0.7368187535851546, 'reg_alpha': 0.06816352882533594, 'reg_lambda': 1.994948750054485e-06, 'min_child_weight': 10, 'gamma': 0.25053009993441233, 'num_boost_round': 772}. Best is trial 173 with value: 0.7495523151701202.
# [I 2024-01-24 23:02:49,314] Trial 250 finished with value: 0.7498848810437452 and parameters: {'max_depth': 18, 'learning_rate': 0.07282838028748469, 'subsample': 0.8022684987091674, 'colsample_bytree': 0.7188889119870725, 'reg_alpha': 0.026699754804712122, 'reg_lambda': 2.079328254162567e-06, 'min_child_weight': 8, 'gamma': 0.27211990552088783, 'num_boost_round': 680}. Best is trial 250 with value: 0.7498848810437452.
# [I 2024-01-24 23:03:11,673] Trial 251 finished with value: 0.7480429777436685 and parameters: {'max_depth': 16, 'learning_rate': 0.07231747972201003, 'subsample': 0.800126973222963, 'colsample_bytree': 0.7431737451675063, 'reg_alpha': 0.028432406543469298, 'reg_lambda': 3.374623566423872e-06, 'min_child_weight': 9, 'gamma': 0.29582490687482765, 'num_boost_round': 717}. Best is trial 250 with value: 0.7498848810437452.
# [I 2024-01-24 23:03:31,919] Trial 252 finished with value: 0.748273215656178 and parameters: {'max_depth': 20, 'learning_rate': 0.07839085706030259, 'subsample': 0.8325607937444895, 'colsample_bytree': 0.7098183106730095, 'reg_alpha': 0.017048522838473124, 'reg_lambda': 4.096320952705431e-06, 'min_child_weight': 10, 'gamma': 0.335364990024341, 'num_boost_round': 699}. Best is trial 250 with value: 0.7498848810437452.
# [I 2024-01-24 23:03:48,683] Trial 253 finished with value: 0.7478383218214377 and parameters: {'max_depth': 17, 'learning_rate': 0.11022829103519212, 'subsample': 0.7983272560511163, 'colsample_bytree': 0.7270325441708364, 'reg_alpha': 0.06128165436251081, 'reg_lambda': 3.2996181351345334e-06, 'min_child_weight': 8, 'gamma': 0.24461922495348096, 'num_boost_round': 691}. Best is trial 250 with value: 0.7498848810437452.
# [I 2024-01-24 23:04:08,896] Trial 254 finished with value: 0.7476336658992069 and parameters: {'max_depth': 17, 'learning_rate': 0.07579836546762014, 'subsample': 0.8106750605639619, 'colsample_bytree': 0.7033127138013681, 'reg_alpha': 0.008852277144464241, 'reg_lambda': 6.152791449364662e-06, 'min_child_weight': 10, 'gamma': 0.30564856436776877, 'num_boost_round': 688}. Best is trial 250 with value: 0.7498848810437452.
