# [I 2024-01-25 00:40:46,403] Trial 459 finished with value: 0.7473522640061396 and parameters: {'max_depth': 18, 'learning_rate': 0.03460218894602324, 'subsample': 0.8376154977482455, 'colsample_bytree': 0.7739721559404988, 'reg_alpha': 0.020470478816787638, 'reg_lambda': 7.09457432527497e-05, 'min_child_weight': 10, 'gamma': 0.05958269204993688, 'num_boost_round': 832}. Best is trial 250 with value: 0.7498848810437452.
# [I 2024-01-25 00:41:19,848] Trial 460 finished with value: 0.7487848554617549 and parameters: {'max_depth': 18, 'learning_rate': 0.034049807645650416, 'subsample': 0.8323890099805196, 'colsample_bytree': 0.7560894417682151, 'reg_alpha': 0.20540674086915148, 'reg_lambda': 2.5174331302493923e-05, 'min_child_weight': 10, 'gamma': 0.14029996927332516, 'num_boost_round': 821}. Best is trial 250 with value: 0.7498848810437452.
# [I 2024-01-25 00:41:48,135] Trial 461 finished with value: 0.7474290099769763 and parameters: {'max_depth': 20, 'learning_rate': 0.03558546292073262, 'subsample': 0.8360576097649994, 'colsample_bytree': 0.7926606219495987, 'reg_alpha': 0.04051627893091719, 'reg_lambda': 6.9109137100741105e-06, 'min_child_weight': 14, 'gamma': 0.1771239602285445, 'num_boost_round': 763}. Best is trial 250 with value: 0.7498848810437452.
# [I 2024-01-25 00:42:25,236] Trial 462 finished with value: 0.7487848554617549 and parameters: {'max_depth': 20, 'learning_rate': 0.0333263718389519, 'subsample': 0.825795017217487, 'colsample_bytree': 0.7545462501748093, 'reg_alpha': 0.3711341229252551, 'reg_lambda': 7.476355025393657e-05, 'min_child_weight': 10, 'gamma': 0.1336617713391763, 'num_boost_round': 773}. Best is trial 250 with value: 0.7498848810437452.
# [I 2024-01-25 00:42:57,890] Trial 463 finished with value: 0.7485290355589664 and parameters: {'max_depth': 18, 'learning_rate': 0.04019119035887625, 'subsample': 0.8403303397678931, 'colsample_bytree': 0.7596507044770449, 'reg_alpha': 0.10459602155833672, 'reg_lambda': 5.0122996295606045e-05, 'min_child_weight': 11, 'gamma': 0.09386453672890072, 'num_boost_round': 797}. Best is trial 250 with value: 0.7498848810437452.
# [I 2024-01-25 00:43:19,953] Trial 464 finished with value: 0.743207981580967 and parameters: {'max_depth': 18, 'learning_rate': 0.022129050785877645, 'subsample': 0.8275157804798026, 'colsample_bytree': 0.7337634501456191, 'reg_alpha': 0.46869398619276614, 'reg_lambda': 2.9359192982922463e-05, 'min_child_weight': 8, 'gamma': 0.11687013538091709, 'num_boost_round': 809}. Best is trial 250 with value: 0.7498848810437452.
# [I 2024-01-25 00:44:00,792] Trial 465 finished with value: 0.7486569455103607 and parameters: {'max_depth': 17, 'learning_rate': 0.025260811008438945, 'subsample': 0.8474831745115703, 'colsample_bytree': 0.7450821512142559, 'reg_alpha': 0.43558535054612274, 'reg_lambda': 4.4905764616366985e-05, 'min_child_weight': 9, 'gamma': 0.17492740221820377, 'num_boost_round': 757}. Best is trial 250 with value: 0.7498848810437452.
# [I 2024-01-25 00:44:23,383] Trial 466 finished with value: 0.7477359938603223 and parameters: {'max_depth': 18, 'learning_rate': 0.046102925835383016, 'subsample': 0.8268766554081205, 'colsample_bytree': 0.760888436823732, 'reg_alpha': 0.31073929606974177, 'reg_lambda': 2.3133910689263377e-05, 'min_child_weight': 12, 'gamma': 0.25812970185255446, 'num_boost_round': 778}. Best is trial 250 with value: 0.7498848810437452.
# [I 2024-01-25 00:44:53,616] Trial 467 finished with value: 0.7476080839089281 and parameters: {'max_depth': 18, 'learning_rate': 0.03265519743408809, 'subsample': 0.8493968145147262, 'colsample_bytree': 0.7697876692639507, 'reg_alpha': 0.21649316774347044, 'reg_lambda': 2.1015457816133102e-05, 'min_child_weight': 9, 'gamma': 0.17424822925198535, 'num_boost_round': 821}. Best is trial 250 with value: 0.7498848810437452.
# [I 2024-01-25 00:45:27,066] Trial 468 finished with value: 0.7483755436172934 and parameters: {'max_depth': 19, 'learning_rate': 0.03195605221093912, 'subsample': 0.8308880410138993, 'colsample_bytree': 0.7617902680974417, 'reg_alpha': 0.35089054138597703, 'reg_lambda': 0.0001839772568238576, 'min_child_weight': 11, 'gamma': 0.12603894926021586, 'num_boost_round': 871}. Best is trial 250 with value: 0.7498848810437452.
# [I 2024-01-25 00:46:07,367] Trial 469 finished with value: 0.7478639038117165 and parameters: {'max_depth': 20, 'learning_rate': 0.0254440543852741, 'subsample': 0.8456549436653658, 'colsample_bytree': 0.7351905880151991, 'reg_alpha': 0.3659449418681482, 'reg_lambda': 5.820224134719349e-05, 'min_child_weight': 11, 'gamma': 0.16823200462864005, 'num_boost_round': 769}. Best is trial 250 with value: 0.7498848810437452.
# [I 2024-01-25 00:46:32,987] Trial 470 finished with value: 0.747301100025582 and parameters: {'max_depth': 17, 'learning_rate': 0.044536672010188384, 'subsample': 0.8490102283538606, 'colsample_bytree': 0.7565586579097904, 'reg_alpha': 0.1887429282878828, 'reg_lambda': 1.1100728800334552e-05, 'min_child_weight': 9, 'gamma': 0.23610822760415928, 'num_boost_round': 772}. Best is trial 250 with value: 0.7498848810437452.
# [I 2024-01-25 00:47:13,819] Trial 471 finished with value: 0.7471220260936301 and parameters: {'max_depth': 18, 'learning_rate': 0.024530762946756508, 'subsample': 0.8629364021512069, 'colsample_bytree': 0.788449589477396, 'reg_alpha': 0.049717166039745846, 'reg_lambda': 0.00031220533520126087, 'min_child_weight': 11, 'gamma': 0.0842927156718419, 'num_boost_round': 809}. Best is trial 250 with value: 0.7498848810437452.
# [I 2024-01-25 00:47:37,146] Trial 472 finished with value: 0.7440521872601689 and parameters: {'max_depth': 16, 'learning_rate': 0.03496008965902765, 'subsample': 0.8524981190704852, 'colsample_bytree': 0.7695117951956266, 'reg_alpha': 0.11273627956867466, 'reg_lambda': 5.160612838297805e-05, 'min_child_weight': 12, 'gamma': 0.14839397733191104, 'num_boost_round': 752}. Best is trial 250 with value: 0.7498848810437452.
# [I 2024-01-25 00:48:18,526] Trial 473 finished with value: 0.7484778715784088 and parameters: {'max_depth': 19, 'learning_rate': 0.025295831804025334, 'subsample': 0.8180972776324791, 'colsample_bytree': 0.7553020432927026, 'reg_alpha': 0.3879761878519783, 'reg_lambda': 0.00021468748897280504, 'min_child_weight': 11, 'gamma': 0.10217626596901622, 'num_boost_round': 779}. Best is trial 250 with value: 0.7498848810437452.
# [I 2024-01-25 00:49:01,457] Trial 474 finished with value: 0.7478894858019953 and parameters: {'max_depth': 19, 'learning_rate': 0.023446804426077095, 'subsample': 0.8328307129885604, 'colsample_bytree': 0.7206038466943853, 'reg_alpha': 0.9207926440102083, 'reg_lambda': 0.00015662880503980968, 'min_child_weight': 10, 'gamma': 0.05148532771650419, 'num_boost_round': 787}. Best is trial 250 with value: 0.7498848810437452.
# [I 2024-01-25 00:49:39,052] Trial 475 finished with value: 0.7477359938603223 and parameters: {'max_depth': 17, 'learning_rate': 0.02678356376219487, 'subsample': 0.8529869044831261, 'colsample_bytree': 0.7613679232740888, 'reg_alpha': 0.7364501548943, 'reg_lambda': 7.198018008668333e-05, 'min_child_weight': 8, 'gamma': 0.12634314438157823, 'num_boost_round': 816}. Best is trial 250 with value: 0.7498848810437452.
# [I 2024-01-25 00:50:17,334] Trial 476 finished with value: 0.7490150933742645 and parameters: {'max_depth': 20, 'learning_rate': 0.026036363785614178, 'subsample': 0.8438358217232308, 'colsample_bytree': 0.7704072531466309, 'reg_alpha': 0.11480760469479345, 'reg_lambda': 0.00011417867992155103, 'min_child_weight': 11, 'gamma': 0.12741945208978078, 'num_boost_round': 798}. Best is trial 250 with value: 0.7498848810437452.
# [I 2024-01-25 00:50:43,295] Trial 477 finished with value: 0.7452545408032745 and parameters: {'max_depth': 20, 'learning_rate': 0.02097524246253471, 'subsample': 0.8493737627937391, 'colsample_bytree': 0.7456581123889808, 'reg_alpha': 0.4223418624308741, 'reg_lambda': 0.00022475773572305712, 'min_child_weight': 9, 'gamma': 0.1434814834789211, 'num_boost_round': 787}. Best is trial 250 with value: 0.7498848810437452.
# [I 2024-01-25 00:51:11,207] Trial 478 finished with value: 0.7478127398311589 and parameters: {'max_depth': 19, 'learning_rate': 0.03532820939425587, 'subsample': 0.846273710852659, 'colsample_bytree': 0.7453939121191179, 'reg_alpha': 0.10077645318145628, 'reg_lambda': 8.667359215366681e-05, 'min_child_weight': 9, 'gamma': 0.18810792010422211, 'num_boost_round': 754}. Best is trial 250 with value: 0.7498848810437452.
# [I 2024-01-25 00:51:48,324] Trial 479 finished with value: 0.748119723714505 and parameters: {'max_depth': 18, 'learning_rate': 0.02810380824120336, 'subsample': 0.8496536253585314, 'colsample_bytree': 0.7549567995060902, 'reg_alpha': 0.03541407768074797, 'reg_lambda': 4.9364453948963194e-05, 'min_child_weight': 12, 'gamma': 0.13589175525333555, 'num_boost_round': 761}. Best is trial 250 with value: 0.7498848810437452.
# [I 2024-01-25 00:52:13,255] Trial 480 finished with value: 0.7478127398311589 and parameters: {'max_depth': 19, 'learning_rate': 0.042019505144227066, 'subsample': 0.8228911239056822, 'colsample_bytree': 0.7327424981029491, 'reg_alpha': 0.2647210718505481, 'reg_lambda': 2.0380411266374622e-05, 'min_child_weight': 9, 'gamma': 0.17365220474127754, 'num_boost_round': 749}. Best is trial 250 with value: 0.7498848810437452.
# [I 2024-01-25 00:52:47,830] Trial 481 finished with value: 0.747147608083909 and parameters: {'max_depth': 20, 'learning_rate': 0.02513815106550537, 'subsample': 0.8349662776429743, 'colsample_bytree': 0.7740431245751109, 'reg_alpha': 0.06066577949065269, 'reg_lambda': 9.114873280410929e-05, 'min_child_weight': 13, 'gamma': 0.04802104820444142, 'num_boost_round': 699}. Best is trial 250 with value: 0.7498848810437452.
# [I 2024-01-25 00:53:22,891] Trial 482 finished with value: 0.7461243284727552 and parameters: {'max_depth': 20, 'learning_rate': 0.019405790406603222, 'subsample': 0.8301914752144313, 'colsample_bytree': 0.7847366518022434, 'reg_alpha': 0.3504342540049833, 'reg_lambda': 0.00040526827207973046, 'min_child_weight': 11, 'gamma': 0.13058004024312359, 'num_boost_round': 812}. Best is trial 250 with value: 0.7498848810437452.
# [I 2024-01-25 00:53:58,470] Trial 483 finished with value: 0.7488104374520338 and parameters: {'max_depth': 19, 'learning_rate': 0.02783986107384424, 'subsample': 0.8449462988981011, 'colsample_bytree': 0.7431137437846786, 'reg_alpha': 0.20327539175108736, 'reg_lambda': 8.288074291648528e-05, 'min_child_weight': 11, 'gamma': 0.0958586023847626, 'num_boost_round': 820}. Best is trial 250 with value: 0.7498848810437452.
# [I 2024-01-25 00:54:25,142] Trial 484 finished with value: 0.742056792018419 and parameters: {'max_depth': 18, 'learning_rate': 0.015467700606930618, 'subsample': 0.8652745477216874, 'colsample_bytree': 0.7936563429639275, 'reg_alpha': 0.12022225499175034, 'reg_lambda': 0.00022199103550884394, 'min_child_weight': 10, 'gamma': 0.00465905324806902, 'num_boost_round': 789}. Best is trial 250 with value: 0.7498848810437452.
# [I 2024-01-25 00:55:01,297] Trial 485 finished with value: 0.7478127398311589 and parameters: {'max_depth': 19, 'learning_rate': 0.027830765842127122, 'subsample': 0.8159240294492741, 'colsample_bytree': 0.7604150425062968, 'reg_alpha': 0.4409609305531099, 'reg_lambda': 0.0002828232360818681, 'min_child_weight': 11, 'gamma': 0.09255613212116479, 'num_boost_round': 790}. Best is trial 250 with value: 0.7498848810437452.
# [I 2024-01-25 00:55:26,646] Trial 486 finished with value: 0.7460220005116398 and parameters: {'max_depth': 20, 'learning_rate': 0.027517843257712726, 'subsample': 0.8199081775753142, 'colsample_bytree': 0.7524721737691161, 'reg_alpha': 0.18152693166663206, 'reg_lambda': 0.0004005847783495883, 'min_child_weight': 12, 'gamma': 0.17557128461423108, 'num_boost_round': 748}. Best is trial 250 with value: 0.7498848810437452.
# [I 2024-01-25 00:55:56,260] Trial 487 finished with value: 0.7464568943463801 and parameters: {'max_depth': 20, 'learning_rate': 0.022811395064975884, 'subsample': 0.83663816524102, 'colsample_bytree': 0.747441667948989, 'reg_alpha': 0.4794988142779718, 'reg_lambda': 4.6004902241015144e-05, 'min_child_weight': 10, 'gamma': 0.13822447000937818, 'num_boost_round': 778}. Best is trial 250 with value: 0.7498848810437452.
# [I 2024-01-25 00:56:39,537] Trial 488 finished with value: 0.7493220772576106 and parameters: {'max_depth': 18, 'learning_rate': 0.031086245113979383, 'subsample': 0.8554882405655578, 'colsample_bytree': 0.7634830821567467, 'reg_alpha': 0.13536133073726545, 'reg_lambda': 0.00020792364882006904, 'min_child_weight': 12, 'gamma': 0.12373727131876128, 'num_boost_round': 836}. Best is trial 250 with value: 0.7498848810437452.
# [I 2024-01-25 00:57:10,819] Trial 489 finished with value: 0.7481453057047838 and parameters: {'max_depth': 19, 'learning_rate': 0.03351965518958295, 'subsample': 0.8272067127862364, 'colsample_bytree': 0.7568959148783431, 'reg_alpha': 0.1527067123197105, 'reg_lambda': 0.0002839452440264671, 'min_child_weight': 12, 'gamma': 0.09192817628161558, 'num_boost_round': 818}. Best is trial 250 with value: 0.7498848810437452.
# [I 2024-01-25 00:57:34,842] Trial 490 finished with value: 0.7439242773087746 and parameters: {'max_depth': 18, 'learning_rate': 0.025098211720227134, 'subsample': 0.8306507906472975, 'colsample_bytree': 0.7582961366807864, 'reg_alpha': 0.29107503043391164, 'reg_lambda': 0.00012874151895885273, 'min_child_weight': 12, 'gamma': 0.044305663396674064, 'num_boost_round': 837}. Best is trial 250 with value: 0.7498848810437452.
# [I 2024-01-25 00:58:06,835] Trial 491 finished with value: 0.7476848298797647 and parameters: {'max_depth': 18, 'learning_rate': 0.0407511437612101, 'subsample': 0.8471957758850807, 'colsample_bytree': 0.7465786111734987, 'reg_alpha': 0.12309987835244705, 'reg_lambda': 0.00022811104278371434, 'min_child_weight': 13, 'gamma': 0.12201683207278674, 'num_boost_round': 840}. Best is trial 250 with value: 0.7498848810437452.
# [I 2024-01-25 00:58:40,549] Trial 492 finished with value: 0.7485801995395241 and parameters: {'max_depth': 20, 'learning_rate': 0.035329264910273384, 'subsample': 0.8220866497474248, 'colsample_bytree': 0.7960960278111194, 'reg_alpha': 0.2951529004061109, 'reg_lambda': 0.00024199391746362718, 'min_child_weight': 12, 'gamma': 0.11012140341377338, 'num_boost_round': 848}. Best is trial 250 with value: 0.7498848810437452.
# [I 2024-01-25 00:58:59,073] Trial 493 finished with value: 0.7422614479406497 and parameters: {'max_depth': 19, 'learning_rate': 0.025748038035117587, 'subsample': 0.8401018223572034, 'colsample_bytree': 0.7813845277649867, 'reg_alpha': 0.0711430160583169, 'reg_lambda': 0.0002456994438579069, 'min_child_weight': 13, 'gamma': 0.025573723494285314, 'num_boost_round': 831}. Best is trial 250 with value: 0.7498848810437452.
# [I 2024-01-25 00:59:30,595] Trial 494 finished with value: 0.7457150166282938 and parameters: {'max_depth': 18, 'learning_rate': 0.02322662845748969, 'subsample': 0.8639273428563902, 'colsample_bytree': 0.7640646208070616, 'reg_alpha': 0.02646398416854375, 'reg_lambda': 0.0002865077960042707, 'min_child_weight': 13, 'gamma': 0.1018486940762639, 'num_boost_round': 733}. Best is trial 250 with value: 0.7498848810437452.
# [I 2024-01-25 01:00:03,679] Trial 495 finished with value: 0.7447173190074188 and parameters: {'max_depth': 20, 'learning_rate': 0.021256770029138183, 'subsample': 0.853781952797087, 'colsample_bytree': 0.7482131839189533, 'reg_alpha': 0.3457592242320446, 'reg_lambda': 0.0003222074060546546, 'min_child_weight': 11, 'gamma': 0.052822550879331444, 'num_boost_round': 870}. Best is trial 250 with value: 0.7498848810437452.
# [I 2024-01-25 01:00:47,498] Trial 496 finished with value: 0.7473778459964185 and parameters: {'max_depth': 19, 'learning_rate': 0.02174209471140959, 'subsample': 0.841443004872172, 'colsample_bytree': 0.7515396833454896, 'reg_alpha': 0.4462980137661854, 'reg_lambda': 0.00047774742443425336, 'min_child_weight': 11, 'gamma': 0.02383504926092285, 'num_boost_round': 881}. Best is trial 250 with value: 0.7498848810437452.
# [I 2024-01-25 01:01:17,244] Trial 497 finished with value: 0.7486569455103607 and parameters: {'max_depth': 20, 'learning_rate': 0.0403504030712315, 'subsample': 0.8257165365264678, 'colsample_bytree': 0.7549547676563995, 'reg_alpha': 0.0445350118055767, 'reg_lambda': 0.00010473855224334606, 'min_child_weight': 13, 'gamma': 0.14721152913771732, 'num_boost_round': 780}. Best is trial 250 with value: 0.7498848810437452.
# [I 2024-01-25 01:01:52,558] Trial 498 finished with value: 0.7468917881811206 and parameters: {'max_depth': 17, 'learning_rate': 0.03246369009260235, 'subsample': 0.8533616893964922, 'colsample_bytree': 0.7742107032375241, 'reg_alpha': 0.04169791736268797, 'reg_lambda': 3.7779166483695135e-05, 'min_child_weight': 12, 'gamma': 0.10163777210343616, 'num_boost_round': 839}. Best is trial 250 with value: 0.7498848810437452.
# [I 2024-01-25 01:02:31,301] Trial 499 finished with value: 0.7478639038117165 and parameters: {'max_depth': 18, 'learning_rate': 0.02640278186931595, 'subsample': 0.8233030759086174, 'colsample_bytree': 0.7568639755269415, 'reg_alpha': 0.07526528063518478, 'reg_lambda': 0.0003557014775002371, 'min_child_weight': 12, 'gamma': 0.09973359836743993, 'num_boost_round': 789}. Best is trial 250 with value: 0.7498848810437452.
# [I 2024-01-25 01:03:05,886] Trial 500 finished with value: 0.7490406753645433 and parameters: {'max_depth': 19, 'learning_rate': 0.04211408805214449, 'subsample': 0.8209966390375378, 'colsample_bytree': 0.7516431544682141, 'reg_alpha': 0.16791966160729843, 'reg_lambda': 0.0003699346040178164, 'min_child_weight': 13, 'gamma': 0.1306439754724737, 'num_boost_round': 796}. Best is trial 250 with value: 0.7498848810437452.
# [I 2024-01-25 01:03:29,538] Trial 501 finished with value: 0.7475825019186493 and parameters: {'max_depth': 20, 'learning_rate': 0.04343759090260988, 'subsample': 0.8169251241326502, 'colsample_bytree': 0.7770197548203966, 'reg_alpha': 0.08144610640762755, 'reg_lambda': 0.0002086866505099677, 'min_child_weight': 11, 'gamma': 0.09545766018384236, 'num_boost_round': 789}. Best is trial 250 with value: 0.7498848810437452.
# [I 2024-01-25 01:03:59,268] Trial 502 finished with value: 0.7476080839089281 and parameters: {'max_depth': 20, 'learning_rate': 0.04284369072011503, 'subsample': 0.8344651273993484, 'colsample_bytree': 0.7897907545773122, 'reg_alpha': 0.03148989765042216, 'reg_lambda': 0.00012296620572642807, 'min_child_weight': 15, 'gamma': 0.1451747181886708, 'num_boost_round': 800}. Best is trial 250 with value: 0.7498848810437452.
# [I 2024-01-25 01:04:26,054] Trial 503 finished with value: 0.7472243540547454 and parameters: {'max_depth': 18, 'learning_rate': 0.035864223616749846, 'subsample': 0.8619024225680433, 'colsample_bytree': 0.7300788327681116, 'reg_alpha': 0.04135537223577349, 'reg_lambda': 0.001225243805632705, 'min_child_weight': 9, 'gamma': 0.15218856327866917, 'num_boost_round': 773}. Best is trial 250 with value: 0.7498848810437452.
# [I 2024-01-25 01:05:05,641] Trial 504 finished with value: 0.7481964696853416 and parameters: {'max_depth': 20, 'learning_rate': 0.028353276439151455, 'subsample': 0.8187181358045026, 'colsample_bytree': 0.7613985963849623, 'reg_alpha': 0.025336008264780666, 'reg_lambda': 0.0001273888196097561, 'min_child_weight': 13, 'gamma': 0.07813585933619975, 'num_boost_round': 743}. Best is trial 250 with value: 0.7498848810437452.
# [I 2024-01-25 01:05:28,194] Trial 505 finished with value: 0.7477615758506011 and parameters: {'max_depth': 19, 'learning_rate': 0.06888739437386537, 'subsample': 0.8176776214208353, 'colsample_bytree': 0.7187330318357934, 'reg_alpha': 0.10403934835424931, 'reg_lambda': 0.0005227656286049303, 'min_child_weight': 14, 'gamma': 0.1914495612229935, 'num_boost_round': 790}. Best is trial 250 with value: 0.7498848810437452.
# [I 2024-01-25 01:06:02,074] Trial 506 finished with value: 0.7466359682783321 and parameters: {'max_depth': 19, 'learning_rate': 0.026713113263570412, 'subsample': 0.8579657708658266, 'colsample_bytree': 0.744914412665352, 'reg_alpha': 0.28595462091846874, 'reg_lambda': 0.00012129154116148063, 'min_child_weight': 12, 'gamma': 0.14504283637047405, 'num_boost_round': 827}. Best is trial 250 with value: 0.7498848810437452.
# [I 2024-01-25 01:06:24,296] Trial 507 finished with value: 0.7476848298797647 and parameters: {'max_depth': 20, 'learning_rate': 0.0661725239618861, 'subsample': 0.7994122406840447, 'colsample_bytree': 0.7891353715134537, 'reg_alpha': 0.41407010950986595, 'reg_lambda': 0.000784325557357933, 'min_child_weight': 14, 'gamma': 0.12229127610607354, 'num_boost_round': 872}. Best is trial 250 with value: 0.7498848810437452.
# [I 2024-01-25 01:06:54,633] Trial 508 finished with value: 0.7476080839089281 and parameters: {'max_depth': 20, 'learning_rate': 0.03560613274616676, 'subsample': 0.8390427912754068, 'colsample_bytree': 0.7549756792879954, 'reg_alpha': 0.1026005644582537, 'reg_lambda': 0.00015422717501737462, 'min_child_weight': 14, 'gamma': 0.10457144697071183, 'num_boost_round': 817}. Best is trial 250 with value: 0.7498848810437452.
# [I 2024-01-25 01:07:21,943] Trial 509 finished with value: 0.7481453057047838 and parameters: {'max_depth': 19, 'learning_rate': 0.04389651092954916, 'subsample': 0.832813677240771, 'colsample_bytree': 0.7467153481954051, 'reg_alpha': 0.5730325170604733, 'reg_lambda': 9.196701027204548e-05, 'min_child_weight': 10, 'gamma': 0.2554418837726573, 'num_boost_round': 773}. Best is trial 250 with value: 0.7498848810437452.
