# [I 2024-01-17 19:11:56,468] Trial 103 finished with value: 0.7477104118700435 and parameters: {'max_depth': 18, 'learning_rate': 0.07578638897670471, 'subsample': 0.8141212125791668, 'colsample_bytree': 0.7350604807990748, 'reg_alpha': 0.00021653695393493867, 'reg_lambda': 0.005316081052120086, 'min_child_weight': 15, 'gamma': 0.05640903964454577, 'num_boost_round': 639}. Best is trial 73 with value: 0.7495011511895626.
# [I 2024-01-17 19:12:07,021] Trial 104 finished with value: 0.7467127142491685 and parameters: {'max_depth': 18, 'learning_rate': 0.0903165420232158, 'subsample': 0.7282141772757714, 'colsample_bytree': 0.7823933777550003, 'reg_alpha': 0.0036567138040891046, 'reg_lambda': 0.0049719724790625065, 'min_child_weight': 15, 'gamma': 0.1308689873849006, 'num_boost_round': 517}. Best is trial 73 with value: 0.7495011511895626.
# [I 2024-01-17 19:12:16,033] Trial 105 finished with value: 0.7452801227935533 and parameters: {'max_depth': 16, 'learning_rate': 0.07866579228934714, 'subsample': 0.7432697191782006, 'colsample_bytree': 0.7127654052298811, 'reg_alpha': 0.001918261044196941, 'reg_lambda': 0.0596718417222263, 'min_child_weight': 14, 'gamma': 0.1454667472644112, 'num_boost_round': 619}. Best is trial 73 with value: 0.7495011511895626.
# [I 2024-01-17 19:12:34,073] Trial 106 finished with value: 0.749091839345101 and parameters: {'max_depth': 15, 'learning_rate': 0.0486336890433469, 'subsample': 0.7554847747211355, 'colsample_bytree': 0.7314079833453235, 'reg_alpha': 0.00010194409051089709, 'reg_lambda': 0.0011501353896588788, 'min_child_weight': 15, 'gamma': 0.17750729194869863, 'num_boost_round': 516}. Best is trial 73 with value: 0.7495011511895626.
# [I 2024-01-17 19:12:56,523] Trial 107 finished with value: 0.7458940905602456 and parameters: {'max_depth': 18, 'learning_rate': 0.029700186379414188, 'subsample': 0.7078586480464518, 'colsample_bytree': 0.7224093889626935, 'reg_alpha': 0.0015510363443168246, 'reg_lambda': 0.0017616962258967877, 'min_child_weight': 17, 'gamma': 0.12430107308816275, 'num_boost_round': 567}. Best is trial 73 with value: 0.7495011511895626.
# [I 2024-01-17 19:13:13,809] Trial 108 finished with value: 0.746968534151957 and parameters: {'max_depth': 17, 'learning_rate': 0.04218667548290822, 'subsample': 0.7606013412257417, 'colsample_bytree': 0.7220826233081121, 'reg_alpha': 0.013847809870816241, 'reg_lambda': 0.11760233040147908, 'min_child_weight': 15, 'gamma': 0.11114208225012306, 'num_boost_round': 697}. Best is trial 73 with value: 0.7495011511895626.
# [I 2024-01-17 19:13:27,376] Trial 109 finished with value: 0.7472243540547454 and parameters: {'max_depth': 19, 'learning_rate': 0.06568975261598249, 'subsample': 0.7508993519456281, 'colsample_bytree': 0.7653094339803974, 'reg_alpha': 9.2556597209913e-05, 'reg_lambda': 0.006854764677382407, 'min_child_weight': 16, 'gamma': 0.0315096045427547, 'num_boost_round': 589}. Best is trial 73 with value: 0.7495011511895626.
# [I 2024-01-17 19:13:34,190] Trial 110 finished with value: 0.746303402404707 and parameters: {'max_depth': 17, 'learning_rate': 0.14730451241217693, 'subsample': 0.7777435739985861, 'colsample_bytree': 0.7198447045628497, 'reg_alpha': 0.0016723378125686093, 'reg_lambda': 0.0017654186904430145, 'min_child_weight': 14, 'gamma': 0.15828481771099243, 'num_boost_round': 780}. Best is trial 73 with value: 0.7495011511895626.
# [I 2024-01-17 19:13:50,522] Trial 111 finished with value: 0.7427475057559478 and parameters: {'max_depth': 13, 'learning_rate': 0.03449320346169895, 'subsample': 0.7922794630913137, 'colsample_bytree': 0.7743344373875316, 'reg_alpha': 0.00017326595317780768, 'reg_lambda': 0.00284472656860831, 'min_child_weight': 13, 'gamma': 0.062088055624889504, 'num_boost_round': 666}. Best is trial 73 with value: 0.7495011511895626.
# [I 2024-01-17 19:13:59,919] Trial 112 finished with value: 0.7467894602200051 and parameters: {'max_depth': 16, 'learning_rate': 0.09193913038280281, 'subsample': 0.7413586755839086, 'colsample_bytree': 0.7523421247502073, 'reg_alpha': 0.00011093730336762011, 'reg_lambda': 0.010112605472710274, 'min_child_weight': 12, 'gamma': 0.13692645065499956, 'num_boost_round': 534}. Best is trial 73 with value: 0.7495011511895626.
# [I 2024-01-17 19:14:13,529] Trial 113 finished with value: 0.7484778715784088 and parameters: {'max_depth': 18, 'learning_rate': 0.0701997357430866, 'subsample': 0.7881850252437415, 'colsample_bytree': 0.7289189062983524, 'reg_alpha': 0.001131029130277905, 'reg_lambda': 0.006074119928592554, 'min_child_weight': 13, 'gamma': 0.05697401142450298, 'num_boost_round': 581}. Best is trial 73 with value: 0.7495011511895626.
# [I 2024-01-17 19:14:22,721] Trial 114 finished with value: 0.7474290099769763 and parameters: {'max_depth': 15, 'learning_rate': 0.0916074136097221, 'subsample': 0.8167427103998944, 'colsample_bytree': 0.7491364187250683, 'reg_alpha': 0.013293021566119455, 'reg_lambda': 0.0003375963369120622, 'min_child_weight': 14, 'gamma': 0.05930691879796936, 'num_boost_round': 656}. Best is trial 73 with value: 0.7495011511895626.
# [I 2024-01-17 19:14:34,663] Trial 115 finished with value: 0.7478639038117165 and parameters: {'max_depth': 17, 'learning_rate': 0.07763317777300086, 'subsample': 0.7394066952911735, 'colsample_bytree': 0.70270897384809, 'reg_alpha': 0.001009054146935236, 'reg_lambda': 0.0005013908592566438, 'min_child_weight': 15, 'gamma': 0.10901914975716455, 'num_boost_round': 520}. Best is trial 73 with value: 0.7495011511895626.
# [I 2024-01-17 19:14:48,694] Trial 116 finished with value: 0.747147608083909 and parameters: {'max_depth': 17, 'learning_rate': 0.058041084386849635, 'subsample': 0.7492676675298069, 'colsample_bytree': 0.7107277042410324, 'reg_alpha': 0.0008058482617665444, 'reg_lambda': 0.008195707477771364, 'min_child_weight': 17, 'gamma': 0.18094133593101194, 'num_boost_round': 480}. Best is trial 73 with value: 0.7495011511895626.
# [I 2024-01-17 19:15:02,191] Trial 117 finished with value: 0.7460220005116398 and parameters: {'max_depth': 17, 'learning_rate': 0.050801643328867295, 'subsample': 0.8478564451424373, 'colsample_bytree': 0.7311278617451504, 'reg_alpha': 0.006346391022631862, 'reg_lambda': 0.004048156909007719, 'min_child_weight': 18, 'gamma': 0.14700929121235112, 'num_boost_round': 623}. Best is trial 73 with value: 0.7495011511895626.
# [I 2024-01-17 19:15:14,907] Trial 118 finished with value: 0.7488616014325915 and parameters: {'max_depth': 15, 'learning_rate': 0.07545561726203298, 'subsample': 0.7321623777098818, 'colsample_bytree': 0.7414331346948674, 'reg_alpha': 0.0023514646721953776, 'reg_lambda': 0.0008031588791258333, 'min_child_weight': 18, 'gamma': 0.1857370704361941, 'num_boost_round': 587}. Best is trial 73 with value: 0.7495011511895626.
# [I 2024-01-17 19:15:27,298] Trial 119 finished with value: 0.7474290099769763 and parameters: {'max_depth': 18, 'learning_rate': 0.08343337018401509, 'subsample': 0.7335193150927463, 'colsample_bytree': 0.7210626075080226, 'reg_alpha': 0.005746761113337635, 'reg_lambda': 0.0025030580477932215, 'min_child_weight': 12, 'gamma': 0.11853057581030853, 'num_boost_round': 630}. Best is trial 73 with value: 0.7495011511895626.
# [I 2024-01-17 19:15:49,102] Trial 120 finished with value: 0.7485546175492453 and parameters: {'max_depth': 18, 'learning_rate': 0.04874209639570892, 'subsample': 0.7319058258270359, 'colsample_bytree': 0.7952604350014397, 'reg_alpha': 0.002162914782571973, 'reg_lambda': 0.005955677364566888, 'min_child_weight': 16, 'gamma': 0.023361482994246258, 'num_boost_round': 523}. Best is trial 73 with value: 0.7495011511895626.
# [I 2024-01-17 19:16:07,096] Trial 121 finished with value: 0.7457917625991302 and parameters: {'max_depth': 16, 'learning_rate': 0.0388979243432584, 'subsample': 0.806311016319845, 'colsample_bytree': 0.7563419157695426, 'reg_alpha': 0.0004509390282693059, 'reg_lambda': 0.0011198591532799334, 'min_child_weight': 14, 'gamma': 0.0549279703004024, 'num_boost_round': 529}. Best is trial 73 with value: 0.7495011511895626.
# [I 2024-01-17 19:16:14,550] Trial 122 finished with value: 0.7457405986185726 and parameters: {'max_depth': 13, 'learning_rate': 0.09562163476907944, 'subsample': 0.7645564776460118, 'colsample_bytree': 0.7810530975883151, 'reg_alpha': 0.05815532087012231, 'reg_lambda': 0.00020470582376717368, 'min_child_weight': 18, 'gamma': 0.04387649701620697, 'num_boost_round': 560}. Best is trial 73 with value: 0.7495011511895626.
# [I 2024-01-17 19:16:25,827] Trial 123 finished with value: 0.7476080839089281 and parameters: {'max_depth': 16, 'learning_rate': 0.0841188529582267, 'subsample': 0.7195909791475446, 'colsample_bytree': 0.7161745085847019, 'reg_alpha': 0.003549921524974782, 'reg_lambda': 0.002968826321508016, 'min_child_weight': 18, 'gamma': 0.03050855311393169, 'num_boost_round': 540}. Best is trial 73 with value: 0.7495011511895626.
# [I 2024-01-17 19:16:38,401] Trial 124 finished with value: 0.7457661806088514 and parameters: {'max_depth': 18, 'learning_rate': 0.06107046572404917, 'subsample': 0.8024941213504302, 'colsample_bytree': 0.7779508984426746, 'reg_alpha': 0.0004440151139348211, 'reg_lambda': 0.0033416299922967756, 'min_child_weight': 19, 'gamma': 0.11589018975156215, 'num_boost_round': 602}. Best is trial 73 with value: 0.7495011511895626.
# [I 2024-01-17 19:16:49,930] Trial 125 finished with value: 0.7475057559478128 and parameters: {'max_depth': 16, 'learning_rate': 0.07360075865320695, 'subsample': 0.7491703421844847, 'colsample_bytree': 0.7912540287743011, 'reg_alpha': 2.7110918465036098e-05, 'reg_lambda': 0.0006208228341975733, 'min_child_weight': 18, 'gamma': 0.17643119850685052, 'num_boost_round': 544}. Best is trial 73 with value: 0.7495011511895626.
# [I 2024-01-17 19:16:59,690] Trial 126 finished with value: 0.74778715784088 and parameters: {'max_depth': 16, 'learning_rate': 0.12044947810357312, 'subsample': 0.7625079818865634, 'colsample_bytree': 0.750605440399301, 'reg_alpha': 0.0002987857020638686, 'reg_lambda': 0.0020692159916606925, 'min_child_weight': 17, 'gamma': 0.07390759497328508, 'num_boost_round': 533}. Best is trial 73 with value: 0.7495011511895626.
# [I 2024-01-17 19:17:12,521] Trial 127 finished with value: 0.7463289843949859 and parameters: {'max_depth': 19, 'learning_rate': 0.06454870849363542, 'subsample': 0.7214513030678841, 'colsample_bytree': 0.7367766371705963, 'reg_alpha': 0.0002049255490226073, 'reg_lambda': 0.006730626187106899, 'min_child_weight': 16, 'gamma': 0.0948427299534694, 'num_boost_round': 632}. Best is trial 73 with value: 0.7495011511895626.
# [I 2024-01-17 19:17:23,450] Trial 128 finished with value: 0.7452033768227169 and parameters: {'max_depth': 15, 'learning_rate': 0.058201041624821225, 'subsample': 0.7518543724085449, 'colsample_bytree': 0.8131678324462446, 'reg_alpha': 0.0003841764835555337, 'reg_lambda': 7.854247341557558e-05, 'min_child_weight': 18, 'gamma': 0.15945716290512954, 'num_boost_round': 570}. Best is trial 73 with value: 0.7495011511895626.
# [I 2024-01-17 19:17:34,614] Trial 129 finished with value: 0.7481453057047838 and parameters: {'max_depth': 18, 'learning_rate': 0.09683972742398611, 'subsample': 0.7614595903877758, 'colsample_bytree': 0.7170944698590825, 'reg_alpha': 0.0015403260039556412, 'reg_lambda': 0.000649091047945115, 'min_child_weight': 15, 'gamma': 0.07746344127302096, 'num_boost_round': 666}. Best is trial 73 with value: 0.7495011511895626.
# [I 2024-01-17 19:17:44,373] Trial 130 finished with value: 0.7467638782297263 and parameters: {'max_depth': 18, 'learning_rate': 0.09906469772313159, 'subsample': 0.8155120435055783, 'colsample_bytree': 0.7276492976743778, 'reg_alpha': 0.006033900662513686, 'reg_lambda': 0.00027331485698421187, 'min_child_weight': 17, 'gamma': 0.008777324633900213, 'num_boost_round': 538}. Best is trial 73 with value: 0.7495011511895626.
# [I 2024-01-17 19:17:53,389] Trial 131 finished with value: 0.74778715784088 and parameters: {'max_depth': 17, 'learning_rate': 0.10422002314447285, 'subsample': 0.8200884509367818, 'colsample_bytree': 0.7046713224660903, 'reg_alpha': 0.004331772934118529, 'reg_lambda': 0.00042634466341244444, 'min_child_weight': 11, 'gamma': 0.13002410017529725, 'num_boost_round': 620}. Best is trial 73 with value: 0.7495011511895626.
# [I 2024-01-17 19:18:01,459] Trial 132 finished with value: 0.7463801483755437 and parameters: {'max_depth': 15, 'learning_rate': 0.12662414634543842, 'subsample': 0.7218338563754623, 'colsample_bytree': 0.7011203798635743, 'reg_alpha': 0.000724941296345694, 'reg_lambda': 0.0009865068206594836, 'min_child_weight': 17, 'gamma': 0.07174851552042073, 'num_boost_round': 630}. Best is trial 73 with value: 0.7495011511895626.
# [I 2024-01-17 19:18:07,808] Trial 133 finished with value: 0.7464057303658225 and parameters: {'max_depth': 16, 'learning_rate': 0.19351093035840802, 'subsample': 0.766981101562839, 'colsample_bytree': 0.767913888639758, 'reg_alpha': 0.0009363758531490354, 'reg_lambda': 0.000418208645087551, 'min_child_weight': 14, 'gamma': 0.13940790544376785, 'num_boost_round': 568}. Best is trial 73 with value: 0.7495011511895626.
# [I 2024-01-17 19:18:17,715] Trial 134 finished with value: 0.746149910463034 and parameters: {'max_depth': 15, 'learning_rate': 0.07958157594983417, 'subsample': 0.8025442644878474, 'colsample_bytree': 0.7106281008568465, 'reg_alpha': 0.00011362429751547526, 'reg_lambda': 0.0035104034688152796, 'min_child_weight': 17, 'gamma': 0.04946821735363821, 'num_boost_round': 537}. Best is trial 73 with value: 0.7495011511895626.
# [I 2024-01-17 19:18:26,895] Trial 135 finished with value: 0.7464568943463801 and parameters: {'max_depth': 18, 'learning_rate': 0.115807115904742, 'subsample': 0.746662662693886, 'colsample_bytree': 0.7151281849706287, 'reg_alpha': 0.0066412440519472375, 'reg_lambda': 0.00014298937399002113, 'min_child_weight': 18, 'gamma': 0.12608348581734338, 'num_boost_round': 620}. Best is trial 73 with value: 0.7495011511895626.
# [I 2024-01-17 19:18:32,217] Trial 136 finished with value: 0.7440010232796112 and parameters: {'max_depth': 15, 'learning_rate': 0.14860533193926515, 'subsample': 0.7835388868346187, 'colsample_bytree': 0.7269768535343162, 'reg_alpha': 0.0011462914706926908, 'reg_lambda': 0.002385239349961975, 'min_child_weight': 16, 'gamma': 0.10096126784561904, 'num_boost_round': 626}. Best is trial 73 with value: 0.7495011511895626.
# [I 2024-01-17 19:18:39,799] Trial 137 finished with value: 0.747147608083909 and parameters: {'max_depth': 15, 'learning_rate': 0.14631874916000245, 'subsample': 0.7446341149928859, 'colsample_bytree': 0.7352971731892775, 'reg_alpha': 0.00014051939214603765, 'reg_lambda': 0.004495732575475815, 'min_child_weight': 17, 'gamma': 0.06272078515977515, 'num_boost_round': 567}. Best is trial 73 with value: 0.7495011511895626.
# [I 2024-01-17 19:18:49,964] Trial 138 finished with value: 0.7476848298797647 and parameters: {'max_depth': 15, 'learning_rate': 0.08180876282627766, 'subsample': 0.751872382562585, 'colsample_bytree': 0.7729390796724656, 'reg_alpha': 2.5426917651055895e-05, 'reg_lambda': 0.016166277706408147, 'min_child_weight': 16, 'gamma': 0.03598729482293849, 'num_boost_round': 609}. Best is trial 73 with value: 0.7495011511895626.
# [I 2024-01-17 19:19:01,339] Trial 139 finished with value: 0.7484778715784088 and parameters: {'max_depth': 17, 'learning_rate': 0.08117368104417434, 'subsample': 0.781987861827482, 'colsample_bytree': 0.8162935450835801, 'reg_alpha': 0.0007820710029066603, 'reg_lambda': 0.001140130333383476, 'min_child_weight': 17, 'gamma': 0.1321591799107214, 'num_boost_round': 664}. Best is trial 73 with value: 0.7495011511895626.
# [I 2024-01-17 19:19:14,879] Trial 140 finished with value: 0.7466615502686109 and parameters: {'max_depth': 16, 'learning_rate': 0.05605677393942239, 'subsample': 0.7541177347473605, 'colsample_bytree': 0.7593829171715502, 'reg_alpha': 0.000401455694948387, 'reg_lambda': 0.001388005484360854, 'min_child_weight': 15, 'gamma': 0.08903223036812423, 'num_boost_round': 577}. Best is trial 73 with value: 0.7495011511895626.
# [I 2024-01-17 19:19:24,363] Trial 141 finished with value: 0.7467638782297263 and parameters: {'max_depth': 15, 'learning_rate': 0.09111265717352818, 'subsample': 0.7853512228108761, 'colsample_bytree': 0.715741594898434, 'reg_alpha': 0.00020620874631341687, 'reg_lambda': 0.006731617795044238, 'min_child_weight': 14, 'gamma': 0.04479019601247973, 'num_boost_round': 597}. Best is trial 73 with value: 0.7495011511895626.
# [I 2024-01-17 19:19:34,600] Trial 142 finished with value: 0.7465336403172167 and parameters: {'max_depth': 16, 'learning_rate': 0.09565578417379776, 'subsample': 0.7688021278133554, 'colsample_bytree': 0.7874679636993148, 'reg_alpha': 0.006768103478819761, 'reg_lambda': 0.000491284573210729, 'min_child_weight': 14, 'gamma': 0.16633806759538974, 'num_boost_round': 620}. Best is trial 73 with value: 0.7495011511895626.
# [I 2024-01-17 19:19:49,729] Trial 143 finished with value: 0.7475569199283705 and parameters: {'max_depth': 18, 'learning_rate': 0.07572471780282342, 'subsample': 0.794918215727224, 'colsample_bytree': 0.8217022935133407, 'reg_alpha': 3.619630238835085e-05, 'reg_lambda': 0.01855286070891365, 'min_child_weight': 14, 'gamma': 0.0780046645802779, 'num_boost_round': 510}. Best is trial 73 with value: 0.7495011511895626.
# [I 2024-01-17 19:19:55,986] Trial 144 finished with value: 0.7458173445894091 and parameters: {'max_depth': 19, 'learning_rate': 0.16299200035645, 'subsample': 0.8449309229899833, 'colsample_bytree': 0.800170457795262, 'reg_alpha': 0.0010584831777555891, 'reg_lambda': 0.0004284091804163107, 'min_child_weight': 15, 'gamma': 0.13424341401373835, 'num_boost_round': 657}. Best is trial 73 with value: 0.7495011511895626.
# [I 2024-01-17 19:20:11,456] Trial 145 finished with value: 0.7487336914811973 and parameters: {'max_depth': 16, 'learning_rate': 0.06736609519140752, 'subsample': 0.7859484995505597, 'colsample_bytree': 0.7243295878702204, 'reg_alpha': 0.0007402599808344487, 'reg_lambda': 0.0018116247045626029, 'min_child_weight': 12, 'gamma': 0.06432565341619984, 'num_boost_round': 645}. Best is trial 73 with value: 0.7495011511895626.
# [I 2024-01-17 19:20:19,757] Trial 146 finished with value: 0.7467127142491685 and parameters: {'max_depth': 17, 'learning_rate': 0.11975735674170203, 'subsample': 0.7781502898085627, 'colsample_bytree': 0.802863844415681, 'reg_alpha': 0.0017464367383684886, 'reg_lambda': 0.09173283415935303, 'min_child_weight': 11, 'gamma': 0.19632263601854155, 'num_boost_round': 616}. Best is trial 73 with value: 0.7495011511895626.
# [I 2024-01-17 19:20:44,713] Trial 147 finished with value: 0.7471987720644666 and parameters: {'max_depth': 18, 'learning_rate': 0.0292222034741516, 'subsample': 0.7445621057328482, 'colsample_bytree': 0.7941441252045662, 'reg_alpha': 0.00034492576005694067, 'reg_lambda': 0.07637120970183328, 'min_child_weight': 12, 'gamma': 0.2170980992387183, 'num_boost_round': 544}. Best is trial 73 with value: 0.7495011511895626.
# [I 2024-01-17 19:21:00,262] Trial 148 finished with value: 0.7468406242005627 and parameters: {'max_depth': 17, 'learning_rate': 0.05787224512643006, 'subsample': 0.807435245097957, 'colsample_bytree': 0.7644314910613046, 'reg_alpha': 0.0003350833745534856, 'reg_lambda': 0.00020604572369391038, 'min_child_weight': 18, 'gamma': 0.07300528452645857, 'num_boost_round': 588}. Best is trial 73 with value: 0.7495011511895626.
# [I 2024-01-17 19:21:10,343] Trial 149 finished with value: 0.7483243796367358 and parameters: {'max_depth': 16, 'learning_rate': 0.10064547164367726, 'subsample': 0.8041244718488929, 'colsample_bytree': 0.8515057720665908, 'reg_alpha': 0.00023843738680958358, 'reg_lambda': 0.0011863441900524224, 'min_child_weight': 14, 'gamma': 0.0739807678779408, 'num_boost_round': 644}. Best is trial 73 with value: 0.7495011511895626.
# [I 2024-01-17 19:21:19,139] Trial 150 finished with value: 0.7474801739575339 and parameters: {'max_depth': 16, 'learning_rate': 0.13100248516599963, 'subsample': 0.7569484416294747, 'colsample_bytree': 0.728179361941373, 'reg_alpha': 0.0005114833042768483, 'reg_lambda': 0.00530159830189901, 'min_child_weight': 11, 'gamma': 0.07502112073715925, 'num_boost_round': 729}. Best is trial 73 with value: 0.7495011511895626.
# [I 2024-01-17 19:21:40,595] Trial 151 finished with value: 0.7458940905602456 and parameters: {'max_depth': 16, 'learning_rate': 0.03597840949775443, 'subsample': 0.7715547320732282, 'colsample_bytree': 0.7129800884968506, 'reg_alpha': 0.0009424896237165538, 'reg_lambda': 0.000851811545883252, 'min_child_weight': 7, 'gamma': 0.05954336385769515, 'num_boost_round': 604}. Best is trial 73 with value: 0.7495011511895626.
# [I 2024-01-17 19:21:51,980] Trial 152 finished with value: 0.7467638782297263 and parameters: {'max_depth': 16, 'learning_rate': 0.08395415896045616, 'subsample': 0.7913672552880523, 'colsample_bytree': 0.7781741455359986, 'reg_alpha': 0.00040820353440722235, 'reg_lambda': 0.0035948217444342393, 'min_child_weight': 9, 'gamma': 0.04875467829317069, 'num_boost_round': 597}. Best is trial 73 with value: 0.7495011511895626.
# [I 2024-01-17 19:22:09,274] Trial 153 finished with value: 0.7485546175492453 and parameters: {'max_depth': 18, 'learning_rate': 0.0660239153974301, 'subsample': 0.7739970119211121, 'colsample_bytree': 0.7509172702511988, 'reg_alpha': 0.0008070896427409455, 'reg_lambda': 0.0020914736155124743, 'min_child_weight': 10, 'gamma': 0.11579763642805432, 'num_boost_round': 681}. Best is trial 73 with value: 0.7495011511895626.
