# [I 2024-01-24 23:44:00,918] Trial 357 finished with value: 0.7471731900741878 and parameters: {'max_depth': 18, 'learning_rate': 0.02981263785162687, 'subsample': 0.8674292575660778, 'colsample_bytree': 0.7704480189555449, 'reg_alpha': 0.016730710871169476, 'reg_lambda': 1.666268081903601e-05, 'min_child_weight': 14, 'gamma': 0.17184768051911847, 'num_boost_round': 737}. Best is trial 250 with value: 0.7498848810437452.
# [I 2024-01-24 23:44:28,085] Trial 358 finished with value: 0.7478383218214377 and parameters: {'max_depth': 19, 'learning_rate': 0.038070736067576, 'subsample': 0.8323129955589801, 'colsample_bytree': 0.7377178353895918, 'reg_alpha': 0.008084921042235236, 'reg_lambda': 1.7341145625736742e-05, 'min_child_weight': 11, 'gamma': 0.13891001113339974, 'num_boost_round': 711}. Best is trial 250 with value: 0.7498848810437452.
# [I 2024-01-24 23:44:57,880] Trial 359 finished with value: 0.7474290099769763 and parameters: {'max_depth': 18, 'learning_rate': 0.039028898886722604, 'subsample': 0.8370886144392772, 'colsample_bytree': 0.7780662578342754, 'reg_alpha': 0.019778267476498447, 'reg_lambda': 7.3491615093419005e-06, 'min_child_weight': 13, 'gamma': 0.2062952205126371, 'num_boost_round': 668}. Best is trial 250 with value: 0.7498848810437452.
# [I 2024-01-24 23:45:31,210] Trial 360 finished with value: 0.7483755436172934 and parameters: {'max_depth': 20, 'learning_rate': 0.035893734014509515, 'subsample': 0.8154783768009766, 'colsample_bytree': 0.7899403269982957, 'reg_alpha': 0.006968288072171359, 'reg_lambda': 2.1427889709633993e-05, 'min_child_weight': 13, 'gamma': 0.14828630485274127, 'num_boost_round': 655}. Best is trial 250 with value: 0.7498848810437452.
# [I 2024-01-24 23:46:07,228] Trial 361 finished with value: 0.7481453057047838 and parameters: {'max_depth': 19, 'learning_rate': 0.03914456912349725, 'subsample': 0.8445442607073768, 'colsample_bytree': 0.7799926776877514, 'reg_alpha': 0.007046387481534363, 'reg_lambda': 2.2439714935782786e-05, 'min_child_weight': 13, 'gamma': 0.08238082188760049, 'num_boost_round': 645}. Best is trial 250 with value: 0.7498848810437452.
# [I 2024-01-24 23:46:37,533] Trial 362 finished with value: 0.7483755436172934 and parameters: {'max_depth': 20, 'learning_rate': 0.040561648500350475, 'subsample': 0.833348651233552, 'colsample_bytree': 0.7637838851642196, 'reg_alpha': 0.0033843083994973943, 'reg_lambda': 3.0192860683924193e-06, 'min_child_weight': 11, 'gamma': 0.20439592782429244, 'num_boost_round': 724}. Best is trial 250 with value: 0.7498848810437452.
# [I 2024-01-24 23:47:14,784] Trial 363 finished with value: 0.7478894858019953 and parameters: {'max_depth': 20, 'learning_rate': 0.030014051445707443, 'subsample': 0.829764379747307, 'colsample_bytree': 0.7575299139595122, 'reg_alpha': 0.003648874775556321, 'reg_lambda': 5.579756974869591e-06, 'min_child_weight': 10, 'gamma': 0.17909662703244164, 'num_boost_round': 669}. Best is trial 250 with value: 0.7498848810437452.
# [I 2024-01-24 23:47:50,798] Trial 364 finished with value: 0.7474290099769763 and parameters: {'max_depth': 20, 'learning_rate': 0.024810801448131043, 'subsample': 0.8233544167428228, 'colsample_bytree': 0.7530006653607167, 'reg_alpha': 0.0033715350856386205, 'reg_lambda': 2.8881968999440483e-06, 'min_child_weight': 10, 'gamma': 0.1597383669978988, 'num_boost_round': 644}. Best is trial 250 with value: 0.7498848810437452.
# [I 2024-01-24 23:48:21,169] Trial 365 finished with value: 0.7486057815298031 and parameters: {'max_depth': 20, 'learning_rate': 0.03801676999797137, 'subsample': 0.8109315282598824, 'colsample_bytree': 0.7743286568754159, 'reg_alpha': 0.028832148179809555, 'reg_lambda': 1.1710082019145898e-05, 'min_child_weight': 13, 'gamma': 0.12413230088618296, 'num_boost_round': 716}. Best is trial 250 with value: 0.7498848810437452.
# [I 2024-01-24 23:48:49,640] Trial 366 finished with value: 0.7480685597339474 and parameters: {'max_depth': 20, 'learning_rate': 0.03306413163536559, 'subsample': 0.8419146643373621, 'colsample_bytree': 0.762740432786259, 'reg_alpha': 0.004078142247986606, 'reg_lambda': 3.853682666839958e-06, 'min_child_weight': 13, 'gamma': 0.2248322386868703, 'num_boost_round': 619}. Best is trial 250 with value: 0.7498848810437452.
# [I 2024-01-24 23:49:14,329] Trial 367 finished with value: 0.7477359938603223 and parameters: {'max_depth': 20, 'learning_rate': 0.044649927121622766, 'subsample': 0.8219689736384721, 'colsample_bytree': 0.8275809659829367, 'reg_alpha': 0.015485641870445334, 'reg_lambda': 5.1659101241364695e-06, 'min_child_weight': 12, 'gamma': 0.21503681773594907, 'num_boost_round': 694}. Best is trial 250 with value: 0.7498848810437452.
# [I 2024-01-24 23:49:56,616] Trial 368 finished with value: 0.7485290355589664 and parameters: {'max_depth': 19, 'learning_rate': 0.026596239316022133, 'subsample': 0.8421680447040232, 'colsample_bytree': 0.7350436832303786, 'reg_alpha': 0.008274583884788871, 'reg_lambda': 5.339462403039608e-05, 'min_child_weight': 11, 'gamma': 0.16809992002972057, 'num_boost_round': 670}. Best is trial 250 with value: 0.7498848810437452.
# [I 2024-01-24 23:50:33,490] Trial 369 finished with value: 0.7486825275006396 and parameters: {'max_depth': 20, 'learning_rate': 0.03644339067470029, 'subsample': 0.833460998456224, 'colsample_bytree': 0.7791867651663452, 'reg_alpha': 0.0029520475331679613, 'reg_lambda': 2.7855142772242495e-05, 'min_child_weight': 13, 'gamma': 0.10714282686666618, 'num_boost_round': 689}. Best is trial 250 with value: 0.7498848810437452.
# [I 2024-01-24 23:51:11,789] Trial 370 finished with value: 0.7488616014325915 and parameters: {'max_depth': 20, 'learning_rate': 0.033349846335430804, 'subsample': 0.821530702554112, 'colsample_bytree': 0.7643181542319956, 'reg_alpha': 0.0057851958894207306, 'reg_lambda': 8.037775003606757e-06, 'min_child_weight': 14, 'gamma': 0.11125736458268642, 'num_boost_round': 718}. Best is trial 250 with value: 0.7498848810437452.
# [I 2024-01-24 23:51:35,712] Trial 371 finished with value: 0.7485546175492453 and parameters: {'max_depth': 20, 'learning_rate': 0.053381105111263136, 'subsample': 0.8104241460250641, 'colsample_bytree': 0.767693958710677, 'reg_alpha': 0.01587166500038604, 'reg_lambda': 1.4415300861985475e-05, 'min_child_weight': 12, 'gamma': 0.16826319337111423, 'num_boost_round': 739}. Best is trial 250 with value: 0.7498848810437452.
# [I 2024-01-24 23:52:17,392] Trial 372 finished with value: 0.7465592223074955 and parameters: {'max_depth': 20, 'learning_rate': 0.026180334252824723, 'subsample': 0.8165825488025349, 'colsample_bytree': 0.7960754127059735, 'reg_alpha': 0.007262410740314666, 'reg_lambda': 3.4749770701560326e-05, 'min_child_weight': 15, 'gamma': 0.026416486001027098, 'num_boost_round': 753}. Best is trial 250 with value: 0.7498848810437452.
# [I 2024-01-24 23:52:58,010] Trial 373 finished with value: 0.7482220516756204 and parameters: {'max_depth': 19, 'learning_rate': 0.029846241069313908, 'subsample': 0.8180519241070686, 'colsample_bytree': 0.7858585625999432, 'reg_alpha': 0.007950799050106249, 'reg_lambda': 1.2510248262341022e-05, 'min_child_weight': 11, 'gamma': 0.04710294551475072, 'num_boost_round': 683}. Best is trial 250 with value: 0.7498848810437452.
# [I 2024-01-24 23:53:25,907] Trial 374 finished with value: 0.7476848298797647 and parameters: {'max_depth': 19, 'learning_rate': 0.035903615228317774, 'subsample': 0.8296492006045995, 'colsample_bytree': 0.7855505740927244, 'reg_alpha': 0.02714213546394463, 'reg_lambda': 1.4216347905917355e-05, 'min_child_weight': 14, 'gamma': 0.15934731112052797, 'num_boost_round': 713}. Best is trial 250 with value: 0.7498848810437452.
# [I 2024-01-24 23:54:03,021] Trial 375 finished with value: 0.7481453057047838 and parameters: {'max_depth': 20, 'learning_rate': 0.02665400608800663, 'subsample': 0.8332878012364298, 'colsample_bytree': 0.7801987153490342, 'reg_alpha': 0.010847506419376905, 'reg_lambda': 9.451983763128139e-05, 'min_child_weight': 13, 'gamma': 0.09887735389734423, 'num_boost_round': 650}. Best is trial 250 with value: 0.7498848810437452.
# [I 2024-01-24 23:54:39,608] Trial 376 finished with value: 0.7457661806088514 and parameters: {'max_depth': 18, 'learning_rate': 0.02145295863156368, 'subsample': 0.8410287724610485, 'colsample_bytree': 0.7958681169600154, 'reg_alpha': 0.012198581040396892, 'reg_lambda': 2.9944034193888498e-05, 'min_child_weight': 9, 'gamma': 0.04262291986208852, 'num_boost_round': 681}. Best is trial 250 with value: 0.7498848810437452.
# [I 2024-01-24 23:55:22,117] Trial 377 finished with value: 0.7487592734714761 and parameters: {'max_depth': 18, 'learning_rate': 0.028181290521511904, 'subsample': 0.8451695353919696, 'colsample_bytree': 0.7581133950905085, 'reg_alpha': 0.0447542921687188, 'reg_lambda': 2.3338057818974298e-05, 'min_child_weight': 11, 'gamma': 0.10497425027774362, 'num_boost_round': 722}. Best is trial 250 with value: 0.7498848810437452.
# [I 2024-01-24 23:55:59,293] Trial 378 finished with value: 0.7489127654131491 and parameters: {'max_depth': 20, 'learning_rate': 0.03497818606465318, 'subsample': 0.8243380903466678, 'colsample_bytree': 0.7666206248114097, 'reg_alpha': 0.010977364587753502, 'reg_lambda': 5.8914843810235105e-06, 'min_child_weight': 12, 'gamma': 0.1077259244151724, 'num_boost_round': 705}. Best is trial 250 with value: 0.7498848810437452.
# [I 2024-01-24 23:56:30,786] Trial 379 finished with value: 0.7484267075978511 and parameters: {'max_depth': 19, 'learning_rate': 0.038992115298134476, 'subsample': 0.8788208025859139, 'colsample_bytree': 0.7586270389624209, 'reg_alpha': 0.0012584121518101395, 'reg_lambda': 5.085816098394613e-06, 'min_child_weight': 10, 'gamma': 0.14993610933167262, 'num_boost_round': 714}. Best is trial 250 with value: 0.7498848810437452.
# [I 2024-01-24 23:56:54,585] Trial 380 finished with value: 0.7476080839089281 and parameters: {'max_depth': 20, 'learning_rate': 0.04457716593710928, 'subsample': 0.8248525865751771, 'colsample_bytree': 0.7309073384594708, 'reg_alpha': 0.014243498333483788, 'reg_lambda': 4.785933936623295e-06, 'min_child_weight': 13, 'gamma': 0.1583077938272131, 'num_boost_round': 724}. Best is trial 250 with value: 0.7498848810437452.
# [I 2024-01-24 23:57:31,755] Trial 381 finished with value: 0.7486569455103607 and parameters: {'max_depth': 20, 'learning_rate': 0.03308052142237984, 'subsample': 0.8301403727746168, 'colsample_bytree': 0.7945981136325084, 'reg_alpha': 0.010609482176884292, 'reg_lambda': 4.044211328690002e-05, 'min_child_weight': 12, 'gamma': 0.0949340650133638, 'num_boost_round': 749}. Best is trial 250 with value: 0.7498848810437452.
# [I 2024-01-24 23:58:02,568] Trial 382 finished with value: 0.7488616014325915 and parameters: {'max_depth': 19, 'learning_rate': 0.042382987488344154, 'subsample': 0.81114490503413, 'colsample_bytree': 0.7744517745934346, 'reg_alpha': 0.02016974249456866, 'reg_lambda': 3.733336699800988e-05, 'min_child_weight': 12, 'gamma': 0.1209758503438119, 'num_boost_round': 766}. Best is trial 250 with value: 0.7498848810437452.
# [I 2024-01-24 23:58:32,035] Trial 383 finished with value: 0.7471220260936301 and parameters: {'max_depth': 19, 'learning_rate': 0.03238059258794544, 'subsample': 0.8420561668589565, 'colsample_bytree': 0.7680842118741779, 'reg_alpha': 0.00846317274196886, 'reg_lambda': 2.0397168851867296e-06, 'min_child_weight': 10, 'gamma': 0.14626732382066474, 'num_boost_round': 701}. Best is trial 250 with value: 0.7498848810437452.
# [I 2024-01-24 23:58:58,471] Trial 384 finished with value: 0.7477615758506011 and parameters: {'max_depth': 19, 'learning_rate': 0.03667717850760587, 'subsample': 0.8410058578994836, 'colsample_bytree': 0.7566702106896074, 'reg_alpha': 0.015545972287940607, 'reg_lambda': 1.1760617249152822e-05, 'min_child_weight': 10, 'gamma': 0.07931190148093031, 'num_boost_round': 711}. Best is trial 250 with value: 0.7498848810437452.
# [I 2024-01-24 23:59:26,039] Trial 385 finished with value: 0.7481964696853416 and parameters: {'max_depth': 20, 'learning_rate': 0.03847110348045314, 'subsample': 0.8290717064102497, 'colsample_bytree': 0.7350196963210651, 'reg_alpha': 0.20760873756726694, 'reg_lambda': 5.850966150165162e-06, 'min_child_weight': 9, 'gamma': 0.14063929555946708, 'num_boost_round': 739}. Best is trial 250 with value: 0.7498848810437452.
# [I 2024-01-24 23:59:52,056] Trial 386 finished with value: 0.7473778459964185 and parameters: {'max_depth': 19, 'learning_rate': 0.0427216348720076, 'subsample': 0.8393213545926135, 'colsample_bytree': 0.7512698349405866, 'reg_alpha': 0.012540083217546582, 'reg_lambda': 1.8689016329986235e-06, 'min_child_weight': 9, 'gamma': 0.12283661864901028, 'num_boost_round': 741}. Best is trial 250 with value: 0.7498848810437452.
# [I 2024-01-25 00:00:32,171] Trial 387 finished with value: 0.7482476336658992 and parameters: {'max_depth': 20, 'learning_rate': 0.03342868482134523, 'subsample': 0.8417755838828445, 'colsample_bytree': 0.7660716191902643, 'reg_alpha': 0.07022168334210162, 'reg_lambda': 1.7094023867322817e-05, 'min_child_weight': 12, 'gamma': 0.06874257671680128, 'num_boost_round': 716}. Best is trial 250 with value: 0.7498848810437452.
# [I 2024-01-25 00:01:04,048] Trial 388 finished with value: 0.7478639038117165 and parameters: {'max_depth': 18, 'learning_rate': 0.0402119065556817, 'subsample': 0.8037269352459186, 'colsample_bytree': 0.8018751947039728, 'reg_alpha': 0.007773906553687642, 'reg_lambda': 1.2674944186920928e-05, 'min_child_weight': 13, 'gamma': 0.08126751668694582, 'num_boost_round': 713}. Best is trial 250 with value: 0.7498848810437452.
# [I 2024-01-25 00:01:41,936] Trial 389 finished with value: 0.7491685853159376 and parameters: {'max_depth': 19, 'learning_rate': 0.0313588592826631, 'subsample': 0.830229868310942, 'colsample_bytree': 0.7461967990241131, 'reg_alpha': 0.018966919233564618, 'reg_lambda': 1.3191606835570239e-05, 'min_child_weight': 11, 'gamma': 0.13199649255166215, 'num_boost_round': 706}. Best is trial 250 with value: 0.7498848810437452.
# [I 2024-01-25 00:02:19,280] Trial 390 finished with value: 0.7475569199283705 and parameters: {'max_depth': 20, 'learning_rate': 0.02762133351609959, 'subsample': 0.8320259512036616, 'colsample_bytree': 0.8081493019899348, 'reg_alpha': 0.021954354224847303, 'reg_lambda': 3.265235063709869e-05, 'min_child_weight': 13, 'gamma': 0.0868210416908021, 'num_boost_round': 716}. Best is trial 250 with value: 0.7498848810437452.
# [I 2024-01-25 00:02:54,408] Trial 391 finished with value: 0.7471731900741878 and parameters: {'max_depth': 19, 'learning_rate': 0.024801678903713657, 'subsample': 0.838571429183844, 'colsample_bytree': 0.8097431060950264, 'reg_alpha': 0.04055285777677063, 'reg_lambda': 2.7293156624398385e-05, 'min_child_weight': 11, 'gamma': 0.10176723290857904, 'num_boost_round': 754}. Best is trial 250 with value: 0.7498848810437452.
# [I 2024-01-25 00:03:27,866] Trial 392 finished with value: 0.7482220516756204 and parameters: {'max_depth': 19, 'learning_rate': 0.03672890955069347, 'subsample': 0.8160650074337746, 'colsample_bytree': 0.7601388071493685, 'reg_alpha': 0.02075691667182419, 'reg_lambda': 1.6254930628642013e-05, 'min_child_weight': 12, 'gamma': 0.15850683774434876, 'num_boost_round': 663}. Best is trial 250 with value: 0.7498848810437452.
# [I 2024-01-25 00:03:49,548] Trial 393 finished with value: 0.7444359171143515 and parameters: {'max_depth': 19, 'learning_rate': 0.03510422883880352, 'subsample': 0.8214930781004448, 'colsample_bytree': 0.7723620013550371, 'reg_alpha': 0.024028452679761874, 'reg_lambda': 2.015160149073654e-05, 'min_child_weight': 12, 'gamma': 0.11227479782430326, 'num_boost_round': 717}. Best is trial 250 with value: 0.7498848810437452.
# [I 2024-01-25 00:04:19,011] Trial 394 finished with value: 0.7478127398311589 and parameters: {'max_depth': 19, 'learning_rate': 0.03732792761170561, 'subsample': 0.8253078292500597, 'colsample_bytree': 0.7580383097071394, 'reg_alpha': 0.03063276366031366, 'reg_lambda': 2.533039805715234e-05, 'min_child_weight': 12, 'gamma': 0.14223525265011353, 'num_boost_round': 734}. Best is trial 250 with value: 0.7498848810437452.
# [I 2024-01-25 00:05:11,096] Trial 395 finished with value: 0.7487081094909184 and parameters: {'max_depth': 18, 'learning_rate': 0.023185872293381576, 'subsample': 0.845320541266195, 'colsample_bytree': 0.7550246233376916, 'reg_alpha': 0.05691088704936401, 'reg_lambda': 1.8564264016509884e-05, 'min_child_weight': 10, 'gamma': 0.056088969611002355, 'num_boost_round': 714}. Best is trial 250 with value: 0.7498848810437452.
# [I 2024-01-25 00:05:41,143] Trial 396 finished with value: 0.7479406497825531 and parameters: {'max_depth': 20, 'learning_rate': 0.032363609784326834, 'subsample': 0.8298609939872894, 'colsample_bytree': 0.7830887372255854, 'reg_alpha': 0.028030184932120186, 'reg_lambda': 2.3736487615266803e-05, 'min_child_weight': 11, 'gamma': 0.11680849397082779, 'num_boost_round': 697}. Best is trial 250 with value: 0.7498848810437452.
# [I 2024-01-25 00:05:59,892] Trial 397 finished with value: 0.7443847531337938 and parameters: {'max_depth': 19, 'learning_rate': 0.033964630144719114, 'subsample': 0.8127892022802969, 'colsample_bytree': 0.7648228203672113, 'reg_alpha': 0.05784597809067893, 'reg_lambda': 8.799846813576912e-06, 'min_child_weight': 11, 'gamma': 0.10050871896244049, 'num_boost_round': 730}. Best is trial 250 with value: 0.7498848810437452.
# [I 2024-01-25 00:06:26,969] Trial 398 finished with value: 0.7447684829879765 and parameters: {'max_depth': 19, 'learning_rate': 0.023015940864872887, 'subsample': 0.835874737568323, 'colsample_bytree': 0.7365858511740824, 'reg_alpha': 0.015411686570106066, 'reg_lambda': 4.1821745336566715e-05, 'min_child_weight': 11, 'gamma': 0.0357067456071538, 'num_boost_round': 764}. Best is trial 250 with value: 0.7498848810437452.
# [I 2024-01-25 00:07:11,758] Trial 399 finished with value: 0.7488616014325915 and parameters: {'max_depth': 19, 'learning_rate': 0.025870650547530263, 'subsample': 0.8368989830789426, 'colsample_bytree': 0.7646133067572612, 'reg_alpha': 0.02995690787621182, 'reg_lambda': 4.2965626419737994e-05, 'min_child_weight': 9, 'gamma': 0.1062097544744692, 'num_boost_round': 766}. Best is trial 250 with value: 0.7498848810437452.
# [I 2024-01-25 00:07:45,850] Trial 400 finished with value: 0.7474290099769763 and parameters: {'max_depth': 18, 'learning_rate': 0.032047382273423825, 'subsample': 0.8392837992519362, 'colsample_bytree': 0.7778787935844379, 'reg_alpha': 0.021302656603952107, 'reg_lambda': 2.6121928569413106e-05, 'min_child_weight': 12, 'gamma': 0.10000538589797382, 'num_boost_round': 708}. Best is trial 250 with value: 0.7498848810437452.
# [I 2024-01-25 00:08:14,461] Trial 401 finished with value: 0.7465080583269379 and parameters: {'max_depth': 19, 'learning_rate': 0.029859943515123395, 'subsample': 0.7976286297318931, 'colsample_bytree': 0.7663556427371958, 'reg_alpha': 0.02014379859023305, 'reg_lambda': 0.00010521433087572916, 'min_child_weight': 10, 'gamma': 0.11363593043378829, 'num_boost_round': 733}. Best is trial 250 with value: 0.7498848810437452.
# [I 2024-01-25 00:08:43,692] Trial 402 finished with value: 0.745996418521361 and parameters: {'max_depth': 18, 'learning_rate': 0.024754889764520352, 'subsample': 0.8351790319692161, 'colsample_bytree': 0.7692045994291021, 'reg_alpha': 0.03771369255008045, 'reg_lambda': 6.159270174661488e-05, 'min_child_weight': 8, 'gamma': 0.05396841748829473, 'num_boost_round': 817}. Best is trial 250 with value: 0.7498848810437452.
# [I 2024-01-25 00:09:25,361] Trial 403 finished with value: 0.7480429777436685 and parameters: {'max_depth': 19, 'learning_rate': 0.024337674778283656, 'subsample': 0.8566883262029868, 'colsample_bytree': 0.7575252042597426, 'reg_alpha': 0.045092029066381344, 'reg_lambda': 3.0177060891067978e-05, 'min_child_weight': 9, 'gamma': 0.11921671025115924, 'num_boost_round': 730}. Best is trial 250 with value: 0.7498848810437452.
# [I 2024-01-25 00:10:10,167] Trial 404 finished with value: 0.7487592734714761 and parameters: {'max_depth': 19, 'learning_rate': 0.023594158920455764, 'subsample': 0.8297419084482368, 'colsample_bytree': 0.7520478300946082, 'reg_alpha': 0.17232882612420172, 'reg_lambda': 2.545119302973118e-05, 'min_child_weight': 9, 'gamma': 0.1684710637111025, 'num_boost_round': 762}. Best is trial 250 with value: 0.7498848810437452.
# [I 2024-01-25 00:10:53,365] Trial 405 finished with value: 0.7487592734714761 and parameters: {'max_depth': 20, 'learning_rate': 0.02387862136716378, 'subsample': 0.8441077246339758, 'colsample_bytree': 0.7403540089882568, 'reg_alpha': 0.015754431868869843, 'reg_lambda': 4.6977043581764534e-05, 'min_child_weight': 8, 'gamma': 0.11893404768218113, 'num_boost_round': 751}. Best is trial 250 with value: 0.7498848810437452.
# [I 2024-01-25 00:11:34,330] Trial 406 finished with value: 0.7487081094909184 and parameters: {'max_depth': 17, 'learning_rate': 0.029394997158249676, 'subsample': 0.8222508345372976, 'colsample_bytree': 0.7562945896633525, 'reg_alpha': 0.039725293569481575, 'reg_lambda': 8.669523755038554e-06, 'min_child_weight': 9, 'gamma': 0.11579737816841618, 'num_boost_round': 742}. Best is trial 250 with value: 0.7498848810437452.
# [I 2024-01-25 00:12:18,605] Trial 407 finished with value: 0.7485290355589664 and parameters: {'max_depth': 20, 'learning_rate': 0.02760513940607735, 'subsample': 0.8393645513526181, 'colsample_bytree': 0.7757493382557459, 'reg_alpha': 0.01959740813769055, 'reg_lambda': 5.839647869789575e-05, 'min_child_weight': 10, 'gamma': 0.07907642195960045, 'num_boost_round': 691}. Best is trial 250 with value: 0.7498848810437452.
