# [I 2024-01-24 20:40:37,430] Trial 413 finished with value: 0.7481964696853416 and parameters: {'max_depth': 219, 'learning_rate': 0.04122501210187134, 'subsample': 0.9465419275686732, 'colsample_bytree': 0.7062146942474691, 'reg_alpha': 0.7749438999796232, 'reg_lambda': 1.324226052806483, 'min_child_weight': 13, 'gamma': 0.22945181393733502, 'num_boost_round': 519}. Best is trial 222 with value: 0.7501662829368125.
# [I 2024-01-24 20:40:51,424] Trial 414 finished with value: 0.7467382962394474 and parameters: {'max_depth': 179, 'learning_rate': 0.04944861556833983, 'subsample': 0.9658513442611946, 'colsample_bytree': 0.7269631757063328, 'reg_alpha': 0.00020986679959969135, 'reg_lambda': 0.34255538632831734, 'min_child_weight': 9, 'gamma': 0.2758492215530887, 'num_boost_round': 421}. Best is trial 222 with value: 0.7501662829368125.
# [I 2024-01-24 20:41:16,651] Trial 415 finished with value: 0.7479918137631107 and parameters: {'max_depth': 171, 'learning_rate': 0.03280501328251489, 'subsample': 0.9562070197508593, 'colsample_bytree': 0.7334957459153159, 'reg_alpha': 0.16279792663089732, 'reg_lambda': 1.8491626955745488, 'min_child_weight': 15, 'gamma': 0.28809370203080076, 'num_boost_round': 614}. Best is trial 222 with value: 0.7501662829368125.
# [I 2024-01-24 20:41:34,823] Trial 416 finished with value: 0.7480685597339474 and parameters: {'max_depth': 264, 'learning_rate': 0.04645348669823965, 'subsample': 0.9779156159879859, 'colsample_bytree': 0.7129677875848729, 'reg_alpha': 0.00040943510687166385, 'reg_lambda': 0.8690970058231139, 'min_child_weight': 10, 'gamma': 0.25655669718516394, 'num_boost_round': 530}. Best is trial 222 with value: 0.7501662829368125.
# [I 2024-01-24 20:42:02,026] Trial 417 finished with value: 0.7488104374520338 and parameters: {'max_depth': 276, 'learning_rate': 0.03853217765322875, 'subsample': 0.9396542108769499, 'colsample_bytree': 0.7207537111881546, 'reg_alpha': 0.3236251980791119, 'reg_lambda': 0.14797938911407438, 'min_child_weight': 14, 'gamma': 0.205676003359779, 'num_boost_round': 545}. Best is trial 222 with value: 0.7501662829368125.
# [I 2024-01-24 20:42:19,435] Trial 418 finished with value: 0.747147608083909 and parameters: {'max_depth': 211, 'learning_rate': 0.05447376880841274, 'subsample': 0.9490638085323939, 'colsample_bytree': 0.8350787700323994, 'reg_alpha': 0.5769997059816719, 'reg_lambda': 0.5942360778845964, 'min_child_weight': 8, 'gamma': 0.24273116917779003, 'num_boost_round': 574}. Best is trial 222 with value: 0.7501662829368125.
# [I 2024-01-24 20:42:35,754] Trial 419 finished with value: 0.7476848298797647 and parameters: {'max_depth': 162, 'learning_rate': 0.0615882532475996, 'subsample': 0.9626098719184858, 'colsample_bytree': 0.7062331693622749, 'reg_alpha': 0.0002670722021712254, 'reg_lambda': 0.09192059402674603, 'min_child_weight': 12, 'gamma': 0.27976958612966785, 'num_boost_round': 518}. Best is trial 222 with value: 0.7501662829368125.
# [I 2024-01-24 20:42:55,321] Trial 420 finished with value: 0.7478894858019953 and parameters: {'max_depth': 232, 'learning_rate': 0.04195347716770974, 'subsample': 0.9702370996228384, 'colsample_bytree': 0.724192459567259, 'reg_alpha': 0.2508058190238206, 'reg_lambda': 0.24921681427334957, 'min_child_weight': 13, 'gamma': 0.26711937051908125, 'num_boost_round': 556}. Best is trial 222 with value: 0.7501662829368125.
# [I 2024-01-24 20:43:15,944] Trial 421 finished with value: 0.7478127398311589 and parameters: {'max_depth': 222, 'learning_rate': 0.035110592547968625, 'subsample': 0.9536840167147098, 'colsample_bytree': 0.7152666118629526, 'reg_alpha': 0.7418972725406474, 'reg_lambda': 0.412559476083876, 'min_child_weight': 14, 'gamma': 0.22173977495429595, 'num_boost_round': 451}. Best is trial 222 with value: 0.7501662829368125.
# [I 2024-01-24 20:43:35,817] Trial 422 finished with value: 0.7476592478894858 and parameters: {'max_depth': 294, 'learning_rate': 0.050756813298622555, 'subsample': 0.9267985277439609, 'colsample_bytree': 0.7403410766676148, 'reg_alpha': 4.364925222276326e-06, 'reg_lambda': 0.0054140345237266895, 'min_child_weight': 15, 'gamma': 0.2521835345000517, 'num_boost_round': 533}. Best is trial 222 with value: 0.7501662829368125.
# [I 2024-01-24 20:43:53,640] Trial 423 finished with value: 0.7483499616270146 and parameters: {'max_depth': 202, 'learning_rate': 0.044962587602125986, 'subsample': 0.9597315340137913, 'colsample_bytree': 0.7313488023415183, 'reg_alpha': 0.5351773828635487, 'reg_lambda': 1.0568767610798775, 'min_child_weight': 14, 'gamma': 0.2322274222542747, 'num_boost_round': 515}. Best is trial 222 with value: 0.7501662829368125.
# [I 2024-01-24 20:44:17,523] Trial 424 finished with value: 0.7485801995395241 and parameters: {'max_depth': 72, 'learning_rate': 0.040412673029067196, 'subsample': 0.9428698078980079, 'colsample_bytree': 0.7105583872282337, 'reg_alpha': 0.41040846632494327, 'reg_lambda': 0.19805780381392415, 'min_child_weight': 15, 'gamma': 0.29343397652712444, 'num_boost_round': 567}. Best is trial 222 with value: 0.7501662829368125.
# [I 2024-01-24 20:44:28,782] Trial 425 finished with value: 0.7472499360450243 and parameters: {'max_depth': 239, 'learning_rate': 0.06782221838196445, 'subsample': 0.9518533465180367, 'colsample_bytree': 0.7248351688819868, 'reg_alpha': 4.925507989736007e-05, 'reg_lambda': 0.5095808104863874, 'min_child_weight': 12, 'gamma': 0.27451637799475853, 'num_boost_round': 523}. Best is trial 222 with value: 0.7501662829368125.
# [I 2024-01-24 20:44:50,506] Trial 426 finished with value: 0.7489383474034279 and parameters: {'max_depth': 189, 'learning_rate': 0.04732468106959813, 'subsample': 0.9736207679910993, 'colsample_bytree': 0.7164346239843988, 'reg_alpha': 0.7792275137709734, 'reg_lambda': 0.7307397504900924, 'min_child_weight': 13, 'gamma': 0.26184834609444074, 'num_boost_round': 590}. Best is trial 222 with value: 0.7501662829368125.
# [I 2024-01-24 20:45:15,207] Trial 427 finished with value: 0.7490150933742645 and parameters: {'max_depth': 268, 'learning_rate': 0.037494228070078094, 'subsample': 0.9357172375644586, 'colsample_bytree': 0.7475463496861481, 'reg_alpha': 0.450374097653209, 'reg_lambda': 0.13454683615776022, 'min_child_weight': 13, 'gamma': 0.24510625369522857, 'num_boost_round': 541}. Best is trial 222 with value: 0.7501662829368125.
# [I 2024-01-24 20:45:33,256] Trial 428 finished with value: 0.7490406753645433 and parameters: {'max_depth': 167, 'learning_rate': 0.053716438433228236, 'subsample': 0.9664229167356552, 'colsample_bytree': 0.7057289915338935, 'reg_alpha': 0.09712663418646514, 'reg_lambda': 0.08396655091066146, 'min_child_weight': 14, 'gamma': 0.2855716394586386, 'num_boost_round': 409}. Best is trial 222 with value: 0.7501662829368125.
# [I 2024-01-24 20:45:57,219] Trial 429 finished with value: 0.7489383474034279 and parameters: {'max_depth': 229, 'learning_rate': 0.04481547281538281, 'subsample': 0.9565128625634409, 'colsample_bytree': 0.7311456472343227, 'reg_alpha': 0.0004463046745502711, 'reg_lambda': 0.06755433647212286, 'min_child_weight': 15, 'gamma': 0.18813372730118308, 'num_boost_round': 553}. Best is trial 222 with value: 0.7501662829368125.
# [I 2024-01-24 20:46:21,709] Trial 430 finished with value: 0.7486825275006396 and parameters: {'max_depth': 183, 'learning_rate': 0.03284929949082054, 'subsample': 0.9468796966342993, 'colsample_bytree': 0.7363562571370754, 'reg_alpha': 0.6209120476872351, 'reg_lambda': 0.48789900767979677, 'min_child_weight': 16, 'gamma': 0.2552253959843271, 'num_boost_round': 511}. Best is trial 222 with value: 0.7501662829368125.
# [I 2024-01-24 20:46:38,002] Trial 431 finished with value: 0.7469173701713994 and parameters: {'max_depth': 239, 'learning_rate': 0.04219949122482247, 'subsample': 0.9623601614770282, 'colsample_bytree': 0.8729302519169764, 'reg_alpha': 0.9787389410395351, 'reg_lambda': 0.32558802398262304, 'min_child_weight': 14, 'gamma': 0.23664153716767042, 'num_boost_round': 534}. Best is trial 222 with value: 0.7501662829368125.
# [I 2024-01-24 20:46:56,266] Trial 432 finished with value: 0.7489895113839857 and parameters: {'max_depth': 222, 'learning_rate': 0.04998718761294489, 'subsample': 0.9416086647497204, 'colsample_bytree': 0.7177179986393962, 'reg_alpha': 0.29271917381149515, 'reg_lambda': 0.11554290169014489, 'min_child_weight': 13, 'gamma': 0.27464109660594904, 'num_boost_round': 527}. Best is trial 222 with value: 0.7501662829368125.
# [I 2024-01-24 20:47:16,278] Trial 433 finished with value: 0.7484011256075722 and parameters: {'max_depth': 282, 'learning_rate': 0.0359574894447815, 'subsample': 0.9825947949226104, 'colsample_bytree': 0.710051776198759, 'reg_alpha': 0.0003358909051950281, 'reg_lambda': 0.6852351881991119, 'min_child_weight': 15, 'gamma': 0.36759117642189626, 'num_boost_round': 581}. Best is trial 222 with value: 0.7501662829368125.
# [I 2024-01-24 20:47:34,781] Trial 434 finished with value: 0.7484011256075722 and parameters: {'max_depth': 258, 'learning_rate': 0.057839492142695306, 'subsample': 0.9530362491646784, 'colsample_bytree': 0.7250040996993112, 'reg_alpha': 0.6136670393483293, 'reg_lambda': 1.0401876016156764, 'min_child_weight': 14, 'gamma': 0.26452352014143704, 'num_boost_round': 561}. Best is trial 222 with value: 0.7501662829368125.
# [I 2024-01-24 20:47:58,912] Trial 435 finished with value: 0.7486569455103607 and parameters: {'max_depth': 249, 'learning_rate': 0.039472362487794115, 'subsample': 0.9103167185508563, 'colsample_bytree': 0.7550382868602665, 'reg_alpha': 0.9954311720975489, 'reg_lambda': 0.19996681117490317, 'min_child_weight': 7, 'gamma': 0.21393624823725782, 'num_boost_round': 672}. Best is trial 222 with value: 0.7501662829368125.
# [I 2024-01-24 20:48:24,704] Trial 436 finished with value: 0.7478894858019953 and parameters: {'max_depth': 208, 'learning_rate': 0.02825703755627378, 'subsample': 0.967866414668226, 'colsample_bytree': 0.7046512860297365, 'reg_alpha': 0.000644209544971538, 'reg_lambda': 0.3810086849630673, 'min_child_weight': 15, 'gamma': 0.2240489736556193, 'num_boost_round': 519}. Best is trial 222 with value: 0.7501662829368125.
# [I 2024-01-24 20:48:45,451] Trial 437 finished with value: 0.7485290355589664 and parameters: {'max_depth': 233, 'learning_rate': 0.04696261749679919, 'subsample': 0.9595248580112079, 'colsample_bytree': 0.7450075436390636, 'reg_alpha': 0.0012228095732276828, 'reg_lambda': 0.2570912250461142, 'min_child_weight': 13, 'gamma': 0.2939505727947165, 'num_boost_round': 547}. Best is trial 222 with value: 0.7501662829368125.
# [I 2024-01-24 20:49:02,077] Trial 438 finished with value: 0.7474801739575339 and parameters: {'max_depth': 155, 'learning_rate': 0.042092322745206044, 'subsample': 0.9473157532305023, 'colsample_bytree': 0.7006295019071632, 'reg_alpha': 0.3954410165659435, 'reg_lambda': 0.10478431611960554, 'min_child_weight': 16, 'gamma': 0.2816454215665833, 'num_boost_round': 507}. Best is trial 222 with value: 0.7501662829368125.
# [I 2024-01-24 20:49:19,630] Trial 439 finished with value: 0.7477615758506011 and parameters: {'max_depth': 83, 'learning_rate': 0.05149805988350657, 'subsample': 0.9750077336930637, 'colsample_bytree': 0.7292897542304644, 'reg_alpha': 0.00021682936169443355, 'reg_lambda': 0.00027860444637749736, 'min_child_weight': 13, 'gamma': 0.24358551299465145, 'num_boost_round': 571}. Best is trial 222 with value: 0.7501662829368125.
# [I 2024-01-24 20:49:34,960] Trial 440 finished with value: 0.7471220260936301 and parameters: {'max_depth': 178, 'learning_rate': 0.06351695423917994, 'subsample': 0.9370021939729656, 'colsample_bytree': 0.7191415723739385, 'reg_alpha': 0.19842443617212283, 'reg_lambda': 0.1618794221417761, 'min_child_weight': 14, 'gamma': 0.253480296581916, 'num_boost_round': 441}. Best is trial 222 with value: 0.7501662829368125.
# [I 2024-01-24 20:49:55,060] Trial 441 finished with value: 0.7492453312867742 and parameters: {'max_depth': 244, 'learning_rate': 0.04365875876174998, 'subsample': 0.9519597321250057, 'colsample_bytree': 0.8154155045860412, 'reg_alpha': 0.45810246841630814, 'reg_lambda': 0.8257120418874615, 'min_child_weight': 12, 'gamma': 0.22962689933183797, 'num_boost_round': 524}. Best is trial 222 with value: 0.7501662829368125.
# [I 2024-01-24 20:50:16,590] Trial 442 finished with value: 0.7480941417242262 and parameters: {'max_depth': 217, 'learning_rate': 0.037952974848178715, 'subsample': 0.842468678923415, 'colsample_bytree': 0.7378010821379369, 'reg_alpha': 0.6479902254353779, 'reg_lambda': 1.4722229966296714, 'min_child_weight': 16, 'gamma': 0.26591842698697016, 'num_boost_round': 512}. Best is trial 222 with value: 0.7501662829368125.
# [I 2024-01-24 20:50:35,361] Trial 443 finished with value: 0.7440521872601689 and parameters: {'max_depth': 226, 'learning_rate': 0.04782987876318739, 'subsample': 0.9598186078682116, 'colsample_bytree': 0.9714436126924356, 'reg_alpha': 0.32653892190764927, 'reg_lambda': 0.06788695517697944, 'min_child_weight': 15, 'gamma': 0.2731231113066594, 'num_boost_round': 536}. Best is trial 222 with value: 0.7501662829368125.
# [I 2024-01-24 20:50:53,412] Trial 444 finished with value: 0.74845228958813 and parameters: {'max_depth': 276, 'learning_rate': 0.054832390545594696, 'subsample': 0.9450094885566457, 'colsample_bytree': 0.7134018558881711, 'reg_alpha': 0.747891817324047, 'reg_lambda': 0.002258319097906294, 'min_child_weight': 15, 'gamma': 0.288196894827526, 'num_boost_round': 603}. Best is trial 222 with value: 0.7501662829368125.
# [I 2024-01-24 20:51:22,612] Trial 445 finished with value: 0.749577897160399 and parameters: {'max_depth': 236, 'learning_rate': 0.03452885417591944, 'subsample': 0.9313718983641385, 'colsample_bytree': 0.7226869092880049, 'reg_alpha': 0.0002714190155813632, 'reg_lambda': 2.8580775410294077e-06, 'min_child_weight': 14, 'gamma': 0.23832510933581855, 'num_boost_round': 546}. Best is trial 222 with value: 0.7501662829368125.
# [I 2024-01-24 20:51:47,549] Trial 446 finished with value: 0.7484778715784088 and parameters: {'max_depth': 254, 'learning_rate': 0.03100348178026305, 'subsample': 0.9341761494198254, 'colsample_bytree': 0.7114660764803259, 'reg_alpha': 0.00025771033883188683, 'reg_lambda': 7.141489321644261e-06, 'min_child_weight': 14, 'gamma': 0.24770084133716797, 'num_boost_round': 538}. Best is trial 222 with value: 0.7501662829368125.
# [I 2024-01-24 20:52:11,760] Trial 447 finished with value: 0.74845228958813 and parameters: {'max_depth': 196, 'learning_rate': 0.033570518372832314, 'subsample': 0.9215436189432692, 'colsample_bytree': 0.7208135292976904, 'reg_alpha': 0.00015601687683807416, 'reg_lambda': 1.4652720645026336e-05, 'min_child_weight': 14, 'gamma': 0.2588762606962404, 'num_boost_round': 547}. Best is trial 222 with value: 0.7501662829368125.
# [I 2024-01-24 20:52:40,343] Trial 448 finished with value: 0.7485546175492453 and parameters: {'max_depth': 242, 'learning_rate': 0.035451899969981944, 'subsample': 0.9223046743753176, 'colsample_bytree': 0.7243584157603665, 'reg_alpha': 0.0003066257392246873, 'reg_lambda': 0.10199202224112376, 'min_child_weight': 15, 'gamma': 0.24147823639451602, 'num_boost_round': 524}. Best is trial 222 with value: 0.7501662829368125.
# [I 2024-01-24 20:53:06,998] Trial 449 finished with value: 0.7480941417242262 and parameters: {'max_depth': 170, 'learning_rate': 0.03387314020248127, 'subsample': 0.9329878343668412, 'colsample_bytree': 0.8055525784907863, 'reg_alpha': 0.0004253970344182199, 'reg_lambda': 0.13046121322445609, 'min_child_weight': 14, 'gamma': 0.26808113288758084, 'num_boost_round': 502}. Best is trial 222 with value: 0.7501662829368125.
# [I 2024-01-24 20:53:35,964] Trial 450 finished with value: 0.7492197492964953 and parameters: {'max_depth': 163, 'learning_rate': 0.031106892426594153, 'subsample': 0.9707883564083798, 'colsample_bytree': 0.7081526922008514, 'reg_alpha': 0.00020414349605919096, 'reg_lambda': 1.2757276828367158e-06, 'min_child_weight': 15, 'gamma': 0.2549382130896426, 'num_boost_round': 642}. Best is trial 222 with value: 0.7501662829368125.
# [I 2024-01-24 20:53:51,919] Trial 451 finished with value: 0.7473778459964185 and parameters: {'max_depth': 236, 'learning_rate': 0.05958647680234451, 'subsample': 0.9279015489495158, 'colsample_bytree': 0.7156705046264952, 'reg_alpha': 0.0005317694777076254, 'reg_lambda': 0.00016936027744930536, 'min_child_weight': 16, 'gamma': 0.3532268295458972, 'num_boost_round': 531}. Best is trial 222 with value: 0.7501662829368125.
# [I 2024-01-24 20:54:11,949] Trial 452 finished with value: 0.7480429777436685 and parameters: {'max_depth': 190, 'learning_rate': 0.05061183192436922, 'subsample': 0.9282900344031236, 'colsample_bytree': 0.7207324263001372, 'reg_alpha': 0.00032498496380221594, 'reg_lambda': 2.489466042174649e-06, 'min_child_weight': 14, 'gamma': 0.062973326257495, 'num_boost_round': 517}. Best is trial 222 with value: 0.7501662829368125.
# [I 2024-01-24 20:54:39,350] Trial 453 finished with value: 0.7486825275006396 and parameters: {'max_depth': 151, 'learning_rate': 0.037080589849094285, 'subsample': 0.9392188468888645, 'colsample_bytree': 0.7051852108172506, 'reg_alpha': 0.00023446696829764358, 'reg_lambda': 3.019574768791116e-06, 'min_child_weight': 15, 'gamma': 0.2354899560346077, 'num_boost_round': 510}. Best is trial 222 with value: 0.7501662829368125.
# [I 2024-01-24 20:54:59,126] Trial 454 finished with value: 0.7487081094909184 and parameters: {'max_depth': 248, 'learning_rate': 0.04543673197276535, 'subsample': 0.9816197659928413, 'colsample_bytree': 0.7135265345512727, 'reg_alpha': 0.0023197724483036875, 'reg_lambda': 5.7089047226256775e-06, 'min_child_weight': 16, 'gamma': 0.2798116051267915, 'num_boost_round': 545}. Best is trial 222 with value: 0.7501662829368125.
# [I 2024-01-24 20:55:15,651] Trial 455 finished with value: 0.7459196725505244 and parameters: {'max_depth': 266, 'learning_rate': 0.05487999987291897, 'subsample': 0.9633273195841365, 'colsample_bytree': 0.8915142943069104, 'reg_alpha': 0.0003324504735394842, 'reg_lambda': 0.06924937412006255, 'min_child_weight': 14, 'gamma': 0.24437586879891818, 'num_boost_round': 529}. Best is trial 222 with value: 0.7501662829368125.
# [I 2024-01-24 20:55:34,446] Trial 456 finished with value: 0.7481964696853416 and parameters: {'max_depth': 202, 'learning_rate': 0.04122669929178093, 'subsample': 0.9402336117114859, 'colsample_bytree': 0.7004950547815155, 'reg_alpha': 0.00039698289289497474, 'reg_lambda': 0.1750903896280334, 'min_child_weight': 14, 'gamma': 0.2897893984362579, 'num_boost_round': 433}. Best is trial 222 with value: 0.7501662829368125.
# [I 2024-01-24 20:55:55,619] Trial 457 finished with value: 0.7495011511895626 and parameters: {'max_depth': 182, 'learning_rate': 0.04825641914219138, 'subsample': 0.9773492624407314, 'colsample_bytree': 0.7228823676577539, 'reg_alpha': 0.0006404610873466182, 'reg_lambda': 0.24119022974589252, 'min_child_weight': 15, 'gamma': 0.26162791851444533, 'num_boost_round': 518}. Best is trial 222 with value: 0.7501662829368125.
# [I 2024-01-24 20:56:14,764] Trial 458 finished with value: 0.7481964696853416 and parameters: {'max_depth': 181, 'learning_rate': 0.049266820598227776, 'subsample': 0.9913922130433723, 'colsample_bytree': 0.7243330502670947, 'reg_alpha': 0.0008933396468289743, 'reg_lambda': 0.379521627862893, 'min_child_weight': 15, 'gamma': 0.2534831237028671, 'num_boost_round': 520}. Best is trial 222 with value: 0.7501662829368125.
# [I 2024-01-24 20:56:34,264] Trial 459 finished with value: 0.7496802251215144 and parameters: {'max_depth': 182, 'learning_rate': 0.04642749512124778, 'subsample': 0.9763245459309554, 'colsample_bytree': 0.7155203475119652, 'reg_alpha': 0.0004879894366567396, 'reg_lambda': 3.2676118413866356e-05, 'min_child_weight': 15, 'gamma': 0.2617634951862605, 'num_boost_round': 502}. Best is trial 222 with value: 0.7501662829368125.
# [I 2024-01-24 20:56:52,935] Trial 460 finished with value: 0.7489127654131491 and parameters: {'max_depth': 188, 'learning_rate': 0.04551889974333856, 'subsample': 0.9791134066893109, 'colsample_bytree': 0.718259299373575, 'reg_alpha': 0.0006753937725851789, 'reg_lambda': 4.612742704300471e-05, 'min_child_weight': 15, 'gamma': 0.2310914402413612, 'num_boost_round': 498}. Best is trial 222 with value: 0.7501662829368125.
# [I 2024-01-24 20:57:09,773] Trial 461 finished with value: 0.7482987976464569 and parameters: {'max_depth': 185, 'learning_rate': 0.052409506831590846, 'subsample': 0.9877490100372869, 'colsample_bytree': 0.7227204347239271, 'reg_alpha': 0.0005325003903672907, 'reg_lambda': 4.268873984146555e-05, 'min_child_weight': 15, 'gamma': 0.2620220546108013, 'num_boost_round': 502}. Best is trial 222 with value: 0.7501662829368125.
# [I 2024-01-24 20:57:30,065] Trial 462 finished with value: 0.7487336914811973 and parameters: {'max_depth': 183, 'learning_rate': 0.04383034709472017, 'subsample': 0.9985917065936518, 'colsample_bytree': 0.7270065853412436, 'reg_alpha': 0.000647364705815306, 'reg_lambda': 1.0332623537507442e-06, 'min_child_weight': 16, 'gamma': 0.23667058801361057, 'num_boost_round': 510}. Best is trial 222 with value: 0.7501662829368125.
# [I 2024-01-24 20:57:47,017] Trial 463 finished with value: 0.748273215656178 and parameters: {'max_depth': 175, 'learning_rate': 0.049235372932229564, 'subsample': 0.9873641924771404, 'colsample_bytree': 0.7168525486127141, 'reg_alpha': 0.001046966446159132, 'reg_lambda': 4.8471570047831474e-06, 'min_child_weight': 16, 'gamma': 0.24830961301162668, 'num_boost_round': 504}. Best is trial 222 with value: 0.7501662829368125.
