# [I 2024-01-24 18:25:42,858] Trial 103 finished with value: 0.7475057559478128 and parameters: {'max_depth': 24, 'learning_rate': 0.07742473066326333, 'subsample': 0.7874714243802092, 'colsample_bytree': 0.706789462465311, 'reg_alpha': 0.511834035603901, 'reg_lambda': 0.05828637745588567, 'min_child_weight': 15, 'gamma': 0.376377514045747, 'num_boost_round': 550}. Best is trial 68 with value: 0.7502174469173701.
# [I 2024-01-24 18:25:58,985] Trial 104 finished with value: 0.7488871834228703 and parameters: {'max_depth': 23, 'learning_rate': 0.0500114548689358, 'subsample': 0.982273184577169, 'colsample_bytree': 0.7259837912517021, 'reg_alpha': 0.16507574229586705, 'reg_lambda': 1.9250297927555666e-05, 'min_child_weight': 14, 'gamma': 0.34024081779648463, 'num_boost_round': 507}. Best is trial 68 with value: 0.7502174469173701.
# [I 2024-01-24 18:26:12,587] Trial 105 finished with value: 0.7479918137631107 and parameters: {'max_depth': 24, 'learning_rate': 0.05975733463918806, 'subsample': 0.967289020267826, 'colsample_bytree': 0.7394457966419908, 'reg_alpha': 0.31167844292000496, 'reg_lambda': 1.047734203689908e-05, 'min_child_weight': 13, 'gamma': 0.4024816008165705, 'num_boost_round': 529}. Best is trial 68 with value: 0.7502174469173701.
# [I 2024-01-24 18:26:23,943] Trial 106 finished with value: 0.7484011256075722 and parameters: {'max_depth': 25, 'learning_rate': 0.08731121347224861, 'subsample': 0.9574929075974222, 'colsample_bytree': 0.7535640010615949, 'reg_alpha': 0.783681328972777, 'reg_lambda': 6.856280503252889e-05, 'min_child_weight': 12, 'gamma': 0.38459173431935945, 'num_boost_round': 544}. Best is trial 68 with value: 0.7502174469173701.
# [I 2024-01-24 18:26:37,254] Trial 107 finished with value: 0.749091839345101 and parameters: {'max_depth': 21, 'learning_rate': 0.07009904684057726, 'subsample': 0.975252001302736, 'colsample_bytree': 0.7149239903499849, 'reg_alpha': 0.12806106145952487, 'reg_lambda': 0.002824384494685923, 'min_child_weight': 15, 'gamma': 0.4290495647995609, 'num_boost_round': 492}. Best is trial 68 with value: 0.7502174469173701.
# [I 2024-01-24 18:26:47,980] Trial 108 finished with value: 0.7453057047838322 and parameters: {'max_depth': 22, 'learning_rate': 0.04811729312143957, 'subsample': 0.9516972324838474, 'colsample_bytree': 0.8553328382886424, 'reg_alpha': 0.5488025058022283, 'reg_lambda': 0.00010367219214269973, 'min_child_weight': 14, 'gamma': 0.414028033187822, 'num_boost_round': 521}. Best is trial 68 with value: 0.7502174469173701.
# [I 2024-01-24 18:26:58,837] Trial 109 finished with value: 0.7489895113839857 and parameters: {'max_depth': 20, 'learning_rate': 0.07529890952132258, 'subsample': 0.922094214110815, 'colsample_bytree': 0.7195003500419529, 'reg_alpha': 0.9978571363521793, 'reg_lambda': 4.61473253239108e-05, 'min_child_weight': 13, 'gamma': 0.4448145282975992, 'num_boost_round': 573}. Best is trial 68 with value: 0.7502174469173701.
# [I 2024-01-24 18:27:12,810] Trial 110 finished with value: 0.7480941417242262 and parameters: {'max_depth': 26, 'learning_rate': 0.05538045772489905, 'subsample': 0.9909765075567448, 'colsample_bytree': 0.7059533025232049, 'reg_alpha': 0.23579829001735653, 'reg_lambda': 0.021332384638127953, 'min_child_weight': 10, 'gamma': 0.45821494014955655, 'num_boost_round': 560}. Best is trial 68 with value: 0.7502174469173701.
# [I 2024-01-24 18:27:26,693] Trial 111 finished with value: 0.7491941673062164 and parameters: {'max_depth': 23, 'learning_rate': 0.06549065836913207, 'subsample': 0.9618008865614402, 'colsample_bytree': 0.7211377615943247, 'reg_alpha': 0.4091282103269239, 'reg_lambda': 7.3874270829463225e-06, 'min_child_weight': 14, 'gamma': 0.39064687885336064, 'num_boost_round': 538}. Best is trial 68 with value: 0.7502174469173701.
# [I 2024-01-24 18:27:43,252] Trial 112 finished with value: 0.7493476592478895 and parameters: {'max_depth': 24, 'learning_rate': 0.0666962373489141, 'subsample': 0.9677274289816427, 'colsample_bytree': 0.7115475657353898, 'reg_alpha': 2.5003461020724317e-06, 'reg_lambda': 7.923199429710622e-06, 'min_child_weight': 14, 'gamma': 0.3927962620965693, 'num_boost_round': 513}. Best is trial 68 with value: 0.7502174469173701.
# [I 2024-01-24 18:27:56,173] Trial 113 finished with value: 0.7470452801227936 and parameters: {'max_depth': 24, 'learning_rate': 0.06675839727483258, 'subsample': 0.9612395323525692, 'colsample_bytree': 0.7293983306682875, 'reg_alpha': 2.5880812408341445e-06, 'reg_lambda': 6.292381121912566e-06, 'min_child_weight': 15, 'gamma': 0.390298746597029, 'num_boost_round': 513}. Best is trial 68 with value: 0.7502174469173701.
# [I 2024-01-24 18:28:08,277] Trial 114 finished with value: 0.7488104374520338 and parameters: {'max_depth': 23, 'learning_rate': 0.08081833989343175, 'subsample': 0.9471202445518279, 'colsample_bytree': 0.709931157291255, 'reg_alpha': 4.686148298179709e-06, 'reg_lambda': 2.3256907409820073e-05, 'min_child_weight': 14, 'gamma': 0.3690745836829219, 'num_boost_round': 499}. Best is trial 68 with value: 0.7502174469173701.
# [I 2024-01-24 18:28:24,747] Trial 115 finished with value: 0.7498337170631875 and parameters: {'max_depth': 25, 'learning_rate': 0.061770603432925994, 'subsample': 0.9687197719391566, 'colsample_bytree': 0.7137791951283167, 'reg_alpha': 0.697588797883208, 'reg_lambda': 1.422638988521563e-05, 'min_child_weight': 16, 'gamma': 0.37708261420122224, 'num_boost_round': 543}. Best is trial 68 with value: 0.7502174469173701.
# [I 2024-01-24 18:28:33,647] Trial 116 finished with value: 0.7471731900741878 and parameters: {'max_depth': 27, 'learning_rate': 0.10262717295297656, 'subsample': 0.9844187580567034, 'colsample_bytree': 0.713628963293963, 'reg_alpha': 1.0010865349674917e-06, 'reg_lambda': 1.4222169792716398e-05, 'min_child_weight': 16, 'gamma': 0.351101171755496, 'num_boost_round': 477}. Best is trial 68 with value: 0.7502174469173701.
# [I 2024-01-24 18:28:44,870] Trial 117 finished with value: 0.7476848298797647 and parameters: {'max_depth': 24, 'learning_rate': 0.0723447339684728, 'subsample': 0.862530680726565, 'colsample_bytree': 0.704887369133208, 'reg_alpha': 0.00023106127655204373, 'reg_lambda': 3.4979832065105135e-05, 'min_child_weight': 16, 'gamma': 0.3202367967750839, 'num_boost_round': 595}. Best is trial 68 with value: 0.7502174469173701.
# [I 2024-01-24 18:29:00,917] Trial 118 finished with value: 0.7480685597339474 and parameters: {'max_depth': 25, 'learning_rate': 0.06051441001893145, 'subsample': 0.9680592346508701, 'colsample_bytree': 0.7371023441539244, 'reg_alpha': 0.00010800037220618784, 'reg_lambda': 5.395444410442752e-05, 'min_child_weight': 15, 'gamma': 0.37813857039183596, 'num_boost_round': 548}. Best is trial 68 with value: 0.7502174469173701.
# [I 2024-01-24 18:29:11,464] Trial 119 finished with value: 0.7487081094909184 and parameters: {'max_depth': 25, 'learning_rate': 0.09039020604543892, 'subsample': 0.9331184157180056, 'colsample_bytree': 0.7268766904114098, 'reg_alpha': 0.6348657176641104, 'reg_lambda': 1.0278805905262542e-05, 'min_child_weight': 18, 'gamma': 0.39912278453597544, 'num_boost_round': 518}. Best is trial 68 with value: 0.7502174469173701.
# [I 2024-01-24 18:29:29,201] Trial 120 finished with value: 0.749270913277053 and parameters: {'max_depth': 27, 'learning_rate': 0.054176233372293735, 'subsample': 0.954463923134634, 'colsample_bytree': 0.7051500080185779, 'reg_alpha': 0.0026735801023286066, 'reg_lambda': 2.471665009344155e-05, 'min_child_weight': 17, 'gamma': 0.34031794429899304, 'num_boost_round': 456}. Best is trial 68 with value: 0.7502174469173701.
# [I 2024-01-24 18:29:47,842] Trial 121 finished with value: 0.7481453057047838 and parameters: {'max_depth': 27, 'learning_rate': 0.05274291536652904, 'subsample': 0.9399629222979433, 'colsample_bytree': 0.7102207727694642, 'reg_alpha': 2.2256351449584413e-05, 'reg_lambda': 1.861061010228212e-05, 'min_child_weight': 17, 'gamma': 0.3417998805751618, 'num_boost_round': 432}. Best is trial 68 with value: 0.7502174469173701.
# [I 2024-01-24 18:30:04,458] Trial 122 finished with value: 0.7492453312867742 and parameters: {'max_depth': 26, 'learning_rate': 0.06351115450126502, 'subsample': 0.952461632065298, 'colsample_bytree': 0.7052474538448624, 'reg_alpha': 0.0008332533967417924, 'reg_lambda': 2.539200949109749e-05, 'min_child_weight': 18, 'gamma': 0.37055271670025125, 'num_boost_round': 447}. Best is trial 68 with value: 0.7502174469173701.
# [I 2024-01-24 18:30:14,555] Trial 123 finished with value: 0.7472755180353031 and parameters: {'max_depth': 28, 'learning_rate': 0.08368919666845999, 'subsample': 0.9542281713617593, 'colsample_bytree': 0.7167151784211571, 'reg_alpha': 0.00047101326790194406, 'reg_lambda': 2.498500317211863e-05, 'min_child_weight': 18, 'gamma': 0.3572050288242158, 'num_boost_round': 446}. Best is trial 68 with value: 0.7502174469173701.
# [I 2024-01-24 18:30:28,766] Trial 124 finished with value: 0.7485290355589664 and parameters: {'max_depth': 26, 'learning_rate': 0.06284228043079501, 'subsample': 0.9443523382474159, 'colsample_bytree': 0.7005421392786221, 'reg_alpha': 0.00011187229807654011, 'reg_lambda': 1.2803033081408277e-05, 'min_child_weight': 17, 'gamma': 0.3730971126204453, 'num_boost_round': 427}. Best is trial 68 with value: 0.7502174469173701.
# [I 2024-01-24 18:30:42,720] Trial 125 finished with value: 0.7500383729854183 and parameters: {'max_depth': 28, 'learning_rate': 0.07496384877849425, 'subsample': 0.9513804874523685, 'colsample_bytree': 0.7095777490234835, 'reg_alpha': 0.005320789537817523, 'reg_lambda': 1.7540237847236597e-05, 'min_child_weight': 19, 'gamma': 0.4166468930353596, 'num_boost_round': 455}. Best is trial 68 with value: 0.7502174469173701.
# [I 2024-01-24 18:30:56,460] Trial 126 finished with value: 0.7482476336658992 and parameters: {'max_depth': 27, 'learning_rate': 0.07374200100193516, 'subsample': 0.9722924821647463, 'colsample_bytree': 0.7127306507614846, 'reg_alpha': 0.0033165126887806976, 'reg_lambda': 1.6553226065619436e-05, 'min_child_weight': 19, 'gamma': 0.41833483427858387, 'num_boost_round': 454}. Best is trial 68 with value: 0.7502174469173701.
# [I 2024-01-24 18:31:16,437] Trial 127 finished with value: 0.7487592734714761 and parameters: {'max_depth': 29, 'learning_rate': 0.04617468721669622, 'subsample': 0.9592183619330727, 'colsample_bytree': 0.724752259751489, 'reg_alpha': 0.0014697870386067872, 'reg_lambda': 4.209060924349658e-05, 'min_child_weight': 20, 'gamma': 0.40277881562321555, 'num_boost_round': 473}. Best is trial 68 with value: 0.7502174469173701.
# [I 2024-01-24 18:31:30,585] Trial 128 finished with value: 0.7482220516756204 and parameters: {'max_depth': 30, 'learning_rate': 0.06838769645552557, 'subsample': 0.9372481093546795, 'colsample_bytree': 0.8073039112787571, 'reg_alpha': 0.0018931007038722936, 'reg_lambda': 3.895456640635513e-06, 'min_child_weight': 18, 'gamma': 0.43418873496943844, 'num_boost_round': 487}. Best is trial 68 with value: 0.7502174469173701.
# [I 2024-01-24 18:31:42,292] Trial 129 finished with value: 0.7465336403172167 and parameters: {'max_depth': 28, 'learning_rate': 0.07778945389158666, 'subsample': 0.9653785531977989, 'colsample_bytree': 0.746281306034131, 'reg_alpha': 0.0070204993019343884, 'reg_lambda': 2.924735291275285e-06, 'min_child_weight': 19, 'gamma': 0.269789495937234, 'num_boost_round': 615}. Best is trial 68 with value: 0.7502174469173701.
# [I 2024-01-24 18:31:53,862] Trial 130 finished with value: 0.7485546175492453 and parameters: {'max_depth': 25, 'learning_rate': 0.0931685003748084, 'subsample': 0.9478633080609744, 'colsample_bytree': 0.732696566196212, 'reg_alpha': 0.01237382531821161, 'reg_lambda': 0.11104789651695167, 'min_child_weight': 16, 'gamma': 0.3857138988228224, 'num_boost_round': 459}. Best is trial 68 with value: 0.7502174469173701.
# [I 2024-01-24 18:32:08,143] Trial 131 finished with value: 0.749424405218726 and parameters: {'max_depth': 26, 'learning_rate': 0.06384196887979281, 'subsample': 0.9535448817130651, 'colsample_bytree': 0.7061591081424139, 'reg_alpha': 0.002065023376410881, 'reg_lambda': 2.859511490324922e-05, 'min_child_weight': 17, 'gamma': 0.39701244327718727, 'num_boost_round': 417}. Best is trial 68 with value: 0.7502174469173701.
# [I 2024-01-24 18:32:21,563] Trial 132 finished with value: 0.7489383474034279 and parameters: {'max_depth': 25, 'learning_rate': 0.07000904964701915, 'subsample': 0.9540001840539658, 'colsample_bytree': 0.7108032925193667, 'reg_alpha': 0.0020448565724294062, 'reg_lambda': 9.019683296938087e-06, 'min_child_weight': 17, 'gamma': 0.4112290501289675, 'num_boost_round': 417}. Best is trial 68 with value: 0.7502174469173701.
# [I 2024-01-24 18:32:34,037] Trial 133 finished with value: 0.7471987720644666 and parameters: {'max_depth': 26, 'learning_rate': 0.05997562467966503, 'subsample': 0.9442275602604803, 'colsample_bytree': 0.7162554387755937, 'reg_alpha': 0.002885169808703214, 'reg_lambda': 2.9725057052338667e-05, 'min_child_weight': 17, 'gamma': 0.39473951637765253, 'num_boost_round': 442}. Best is trial 68 with value: 0.7502174469173701.
# [I 2024-01-24 18:32:49,824] Trial 134 finished with value: 0.7480941417242262 and parameters: {'max_depth': 24, 'learning_rate': 0.05430513459164067, 'subsample': 0.9310002433612338, 'colsample_bytree': 0.7064884442336815, 'reg_alpha': 0.002619247325587708, 'reg_lambda': 1.824611518659983e-05, 'min_child_weight': 19, 'gamma': 0.4178979671512398, 'num_boost_round': 462}. Best is trial 68 with value: 0.7502174469173701.
# [I 2024-01-24 18:33:01,313] Trial 135 finished with value: 0.7480941417242262 and parameters: {'max_depth': 28, 'learning_rate': 0.08280114422629874, 'subsample': 0.9697288877806758, 'colsample_bytree': 0.7207267012707312, 'reg_alpha': 0.004836497525024055, 'reg_lambda': 8.041183374233399e-05, 'min_child_weight': 16, 'gamma': 0.37860786424482, 'num_boost_round': 427}. Best is trial 68 with value: 0.7502174469173701.
# [I 2024-01-24 18:33:12,780] Trial 136 finished with value: 0.7485290355589664 and parameters: {'max_depth': 27, 'learning_rate': 0.07772108830138431, 'subsample': 0.9577562829202895, 'colsample_bytree': 0.7023295373533404, 'reg_alpha': 0.0006099462708042573, 'reg_lambda': 0.0019613102019297533, 'min_child_weight': 15, 'gamma': 0.4263514250152973, 'num_boost_round': 860}. Best is trial 68 with value: 0.7502174469173701.
# [I 2024-01-24 18:33:31,562] Trial 137 finished with value: 0.7499360450243029 and parameters: {'max_depth': 26, 'learning_rate': 0.05096388319143772, 'subsample': 0.978473147740502, 'colsample_bytree': 0.7109018561312601, 'reg_alpha': 0.6831944937013025, 'reg_lambda': 0.013149463348611001, 'min_child_weight': 17, 'gamma': 0.4072992822137482, 'num_boost_round': 498}. Best is trial 68 with value: 0.7502174469173701.
# [I 2024-01-24 18:33:48,368] Trial 138 finished with value: 0.7465080583269379 and parameters: {'max_depth': 23, 'learning_rate': 0.032846083421965724, 'subsample': 0.976547695440233, 'colsample_bytree': 0.7278172671182119, 'reg_alpha': 0.6755896058018483, 'reg_lambda': 0.03716488765706027, 'min_child_weight': 15, 'gamma': 0.40176066710716984, 'num_boost_round': 504}. Best is trial 68 with value: 0.7502174469173701.
# [I 2024-01-24 18:34:01,804] Trial 139 finished with value: 0.7486569455103607 and parameters: {'max_depth': 24, 'learning_rate': 0.06741782748866042, 'subsample': 0.9811921435261071, 'colsample_bytree': 0.7144359830125105, 'reg_alpha': 0.4870268951684136, 'reg_lambda': 0.0008016700572110898, 'min_child_weight': 14, 'gamma': 0.40824757812906753, 'num_boost_round': 551}. Best is trial 68 with value: 0.7502174469173701.
# [I 2024-01-24 18:34:17,391] Trial 140 finished with value: 0.7470708621130724 and parameters: {'max_depth': 25, 'learning_rate': 0.05087263737048561, 'subsample': 0.9667517654538115, 'colsample_bytree': 0.8915005096081691, 'reg_alpha': 0.6452677851021812, 'reg_lambda': 0.013686506153866925, 'min_child_weight': 18, 'gamma': 0.393075979507221, 'num_boost_round': 493}. Best is trial 68 with value: 0.7502174469173701.
# [I 2024-01-24 18:34:30,785] Trial 141 finished with value: 0.7468917881811206 and parameters: {'max_depth': 26, 'learning_rate': 0.055472244971168296, 'subsample': 0.9496245881477763, 'colsample_bytree': 0.7080830198611388, 'reg_alpha': 0.0010967212650596833, 'reg_lambda': 0.3116949116465597, 'min_child_weight': 17, 'gamma': 0.35976189093076044, 'num_boost_round': 471}. Best is trial 68 with value: 0.7502174469173701.
# [I 2024-01-24 18:34:44,927] Trial 142 finished with value: 0.7485034535686876 and parameters: {'max_depth': 26, 'learning_rate': 0.06020762740441662, 'subsample': 0.7407734050866059, 'colsample_bytree': 0.7228251887709344, 'reg_alpha': 0.004563774330901522, 'reg_lambda': 0.005493693642537317, 'min_child_weight': 17, 'gamma': 0.38241127559227195, 'num_boost_round': 532}. Best is trial 68 with value: 0.7502174469173701.
# [I 2024-01-24 18:35:00,618] Trial 143 finished with value: 0.7502174469173701 and parameters: {'max_depth': 28, 'learning_rate': 0.06322854732046326, 'subsample': 0.9609088836217444, 'colsample_bytree': 0.7008533214415122, 'reg_alpha': 0.26580958991165154, 'reg_lambda': 0.00030962755350176014, 'min_child_weight': 16, 'gamma': 0.43157115920892636, 'num_boost_round': 410}. Best is trial 68 with value: 0.7502174469173701.
# [I 2024-01-24 18:35:13,980] Trial 144 finished with value: 0.74911742133538 and parameters: {'max_depth': 24, 'learning_rate': 0.07212706023554101, 'subsample': 0.9738522661373974, 'colsample_bytree': 0.7165507524169092, 'reg_alpha': 0.2615799150060512, 'reg_lambda': 0.00045511570057389867, 'min_child_weight': 16, 'gamma': 0.42903054514061173, 'num_boost_round': 416}. Best is trial 68 with value: 0.7502174469173701.
# [I 2024-01-24 18:35:22,616] Trial 145 finished with value: 0.7466103862880532 and parameters: {'max_depth': 23, 'learning_rate': 0.08630401921329219, 'subsample': 0.9401403420222559, 'colsample_bytree': 0.7005780523114682, 'reg_alpha': 0.3725800478188098, 'reg_lambda': 0.00016647918161899242, 'min_child_weight': 15, 'gamma': 0.4163633346824939, 'num_boost_round': 511}. Best is trial 68 with value: 0.7502174469173701.
# [I 2024-01-24 18:35:39,992] Trial 146 finished with value: 0.7494755691992837 and parameters: {'max_depth': 30, 'learning_rate': 0.0639743265504926, 'subsample': 0.9624686012193172, 'colsample_bytree': 0.7104288646427469, 'reg_alpha': 0.8175572383368483, 'reg_lambda': 0.00038583827836716466, 'min_child_weight': 16, 'gamma': 0.16984019739139897, 'num_boost_round': 410}. Best is trial 68 with value: 0.7502174469173701.
# [I 2024-01-24 18:35:56,106] Trial 147 finished with value: 0.7490662573548221 and parameters: {'max_depth': 29, 'learning_rate': 0.06468042694653238, 'subsample': 0.9631853699571054, 'colsample_bytree': 0.7002574667860331, 'reg_alpha': 0.7831950081413963, 'reg_lambda': 0.00035995573209054673, 'min_child_weight': 16, 'gamma': 0.12395529095842653, 'num_boost_round': 417}. Best is trial 68 with value: 0.7502174469173701.
# [I 2024-01-24 18:36:12,510] Trial 148 finished with value: 0.7482987976464569 and parameters: {'max_depth': 30, 'learning_rate': 0.05817821791410235, 'subsample': 0.9821997206033798, 'colsample_bytree': 0.7337052591248049, 'reg_alpha': 0.8385376329214876, 'reg_lambda': 0.00012165569750337948, 'min_child_weight': 16, 'gamma': 0.15099245130113131, 'num_boost_round': 400}. Best is trial 68 with value: 0.7502174469173701.
# [I 2024-01-24 18:36:27,900] Trial 149 finished with value: 0.7467894602200051 and parameters: {'max_depth': 29, 'learning_rate': 0.04987162504619993, 'subsample': 0.9875063890681715, 'colsample_bytree': 0.7115486191889734, 'reg_alpha': 0.49365481870973626, 'reg_lambda': 0.0002450179020234692, 'min_child_weight': 20, 'gamma': 0.17181323987768518, 'num_boost_round': 564}. Best is trial 68 with value: 0.7502174469173701.
# [I 2024-01-24 18:36:44,003] Trial 150 finished with value: 0.7486057815298031 and parameters: {'max_depth': 30, 'learning_rate': 0.0631377202237688, 'subsample': 0.9699854821905294, 'colsample_bytree': 0.7201162846750352, 'reg_alpha': 0.5459289865035953, 'reg_lambda': 0.0002741395848398674, 'min_child_weight': 18, 'gamma': 0.38968246346825103, 'num_boost_round': 413}. Best is trial 68 with value: 0.7502174469173701.
# [I 2024-01-24 18:36:56,172] Trial 151 finished with value: 0.747966231772832 and parameters: {'max_depth': 28, 'learning_rate': 0.07397419276627526, 'subsample': 0.9588905181351044, 'colsample_bytree': 0.7091278487073682, 'reg_alpha': 0.3082385310058238, 'reg_lambda': 0.0013211649721195805, 'min_child_weight': 14, 'gamma': 0.43684933834465595, 'num_boost_round': 437}. Best is trial 68 with value: 0.7502174469173701.
# [I 2024-01-24 18:37:10,447] Trial 152 finished with value: 0.7495523151701202 and parameters: {'max_depth': 22, 'learning_rate': 0.06928616504421446, 'subsample': 0.9652697427244545, 'colsample_bytree': 0.7136205753310657, 'reg_alpha': 0.9914060100792335, 'reg_lambda': 5.540451383482385e-05, 'min_child_weight': 15, 'gamma': 0.11197427371370575, 'num_boost_round': 410}. Best is trial 68 with value: 0.7502174469173701.
# [I 2024-01-24 18:37:24,769] Trial 153 finished with value: 0.7481708876950627 and parameters: {'max_depth': 22, 'learning_rate': 0.0684320517386962, 'subsample': 0.9759177355581549, 'colsample_bytree': 0.7148039870789625, 'reg_alpha': 0.9251632612706161, 'reg_lambda': 5.753065169844136e-05, 'min_child_weight': 15, 'gamma': 0.1013441844254228, 'num_boost_round': 539}. Best is trial 68 with value: 0.7502174469173701.
