# [I 2024-01-17 20:13:40,505] Trial 358 finished with value: 0.7481453057047838 and parameters: {'max_depth': 18, 'learning_rate': 0.07071793583797041, 'subsample': 0.7917331190963529, 'colsample_bytree': 0.7164479524712861, 'reg_alpha': 0.001905549295632996, 'reg_lambda': 0.0011300806471438252, 'min_child_weight': 13, 'gamma': 0.13801103423905028, 'num_boost_round': 751}. Best is trial 304 with value: 0.7502686108979278.
# [I 2024-01-17 20:13:56,404] Trial 359 finished with value: 0.7472499360450243 and parameters: {'max_depth': 18, 'learning_rate': 0.05502684945417814, 'subsample': 0.784092625105508, 'colsample_bytree': 0.718793618127991, 'reg_alpha': 0.0009045863724949227, 'reg_lambda': 0.003985037485062365, 'min_child_weight': 12, 'gamma': 0.11815218586578033, 'num_boost_round': 788}. Best is trial 304 with value: 0.7502686108979278.
# [I 2024-01-17 20:14:11,581] Trial 360 finished with value: 0.7486825275006396 and parameters: {'max_depth': 19, 'learning_rate': 0.06674529584360218, 'subsample': 0.7953087379480083, 'colsample_bytree': 0.7162370168690225, 'reg_alpha': 0.0026726764934986704, 'reg_lambda': 0.001830678326575953, 'min_child_weight': 12, 'gamma': 0.14693681793930297, 'num_boost_round': 765}. Best is trial 304 with value: 0.7502686108979278.
# [I 2024-01-17 20:14:27,346] Trial 361 finished with value: 0.7463289843949859 and parameters: {'max_depth': 19, 'learning_rate': 0.05181277976288969, 'subsample': 0.7861127756140333, 'colsample_bytree': 0.7209591717718532, 'reg_alpha': 0.001984864011909101, 'reg_lambda': 0.008219983661638751, 'min_child_weight': 14, 'gamma': 0.09363388553652292, 'num_boost_round': 763}. Best is trial 304 with value: 0.7502686108979278.
# [I 2024-01-17 20:14:42,516] Trial 362 finished with value: 0.7482220516756204 and parameters: {'max_depth': 18, 'learning_rate': 0.06546334864070223, 'subsample': 0.7900622954968041, 'colsample_bytree': 0.7110757221305807, 'reg_alpha': 0.005567571269064288, 'reg_lambda': 0.0007487883018257261, 'min_child_weight': 12, 'gamma': 0.14781711326691846, 'num_boost_round': 748}. Best is trial 304 with value: 0.7502686108979278.
# [I 2024-01-17 20:15:01,147] Trial 363 finished with value: 0.7503453568687644 and parameters: {'max_depth': 19, 'learning_rate': 0.06226811843938903, 'subsample': 0.7963573343501883, 'colsample_bytree': 0.7288693410290388, 'reg_alpha': 0.0011147331327687727, 'reg_lambda': 0.003696015096232239, 'min_child_weight': 13, 'gamma': 0.09897851695964469, 'num_boost_round': 768}. Best is trial 363 with value: 0.7503453568687644.
# [I 2024-01-17 20:15:18,713] Trial 364 finished with value: 0.7497058071117932 and parameters: {'max_depth': 18, 'learning_rate': 0.06427794551104207, 'subsample': 0.7718266063363786, 'colsample_bytree': 0.7136805746574528, 'reg_alpha': 0.002859842435544669, 'reg_lambda': 0.0009220394222251198, 'min_child_weight': 13, 'gamma': 0.1056054722465326, 'num_boost_round': 749}. Best is trial 363 with value: 0.7503453568687644.
# [I 2024-01-17 20:15:41,102] Trial 365 finished with value: 0.7492453312867742 and parameters: {'max_depth': 19, 'learning_rate': 0.047826081842566696, 'subsample': 0.7925574905818707, 'colsample_bytree': 0.7216355110203525, 'reg_alpha': 0.002078534086334752, 'reg_lambda': 0.003977808739193928, 'min_child_weight': 13, 'gamma': 0.10197939781427917, 'num_boost_round': 758}. Best is trial 363 with value: 0.7503453568687644.
# [I 2024-01-17 20:15:53,442] Trial 366 finished with value: 0.7472499360450243 and parameters: {'max_depth': 18, 'learning_rate': 0.06454422248740471, 'subsample': 0.7661131643579973, 'colsample_bytree': 0.740686404119897, 'reg_alpha': 0.0027427259119438808, 'reg_lambda': 0.00490068347571462, 'min_child_weight': 16, 'gamma': 0.1422357007628451, 'num_boost_round': 788}. Best is trial 363 with value: 0.7503453568687644.
# [I 2024-01-17 20:16:09,690] Trial 367 finished with value: 0.7487081094909184 and parameters: {'max_depth': 19, 'learning_rate': 0.06846897075418365, 'subsample': 0.795916809379192, 'colsample_bytree': 0.7059843893196126, 'reg_alpha': 0.004464723104938702, 'reg_lambda': 0.0009989877534268214, 'min_child_weight': 13, 'gamma': 0.1318658806352067, 'num_boost_round': 784}. Best is trial 363 with value: 0.7503453568687644.
# [I 2024-01-17 20:16:25,789] Trial 368 finished with value: 0.7478127398311589 and parameters: {'max_depth': 19, 'learning_rate': 0.06281224462299534, 'subsample': 0.800077256316872, 'colsample_bytree': 0.7024995389967246, 'reg_alpha': 0.0015447098851342298, 'reg_lambda': 0.0013549286853060372, 'min_child_weight': 12, 'gamma': 0.1031768861619443, 'num_boost_round': 716}. Best is trial 363 with value: 0.7503453568687644.
# [I 2024-01-17 20:16:41,355] Trial 369 finished with value: 0.7486313635200819 and parameters: {'max_depth': 19, 'learning_rate': 0.0731189404142606, 'subsample': 0.7782599454830538, 'colsample_bytree': 0.7168341570077711, 'reg_alpha': 0.0065020453252213105, 'reg_lambda': 0.0005966460444557156, 'min_child_weight': 11, 'gamma': 0.13009249409434875, 'num_boost_round': 715}. Best is trial 363 with value: 0.7503453568687644.
# [I 2024-01-17 20:16:57,388] Trial 370 finished with value: 0.7497569710923511 and parameters: {'max_depth': 18, 'learning_rate': 0.07026054899935384, 'subsample': 0.798581598729589, 'colsample_bytree': 0.7333753270229458, 'reg_alpha': 0.00227931884928381, 'reg_lambda': 0.002071106684616011, 'min_child_weight': 12, 'gamma': 0.12290010950437677, 'num_boost_round': 734}. Best is trial 363 with value: 0.7503453568687644.
# [I 2024-01-17 20:17:08,829] Trial 371 finished with value: 0.7473778459964185 and parameters: {'max_depth': 18, 'learning_rate': 0.07734602314823917, 'subsample': 0.8077915432370059, 'colsample_bytree': 0.742825480796122, 'reg_alpha': 0.002052852374968108, 'reg_lambda': 0.0041865735718756, 'min_child_weight': 12, 'gamma': 0.07493276786294842, 'num_boost_round': 737}. Best is trial 363 with value: 0.7503453568687644.
# [I 2024-01-17 20:17:23,330] Trial 372 finished with value: 0.7486825275006396 and parameters: {'max_depth': 18, 'learning_rate': 0.06494515752412369, 'subsample': 0.791074984524735, 'colsample_bytree': 0.7240419470920427, 'reg_alpha': 0.001673596081605558, 'reg_lambda': 0.0012967489794054315, 'min_child_weight': 12, 'gamma': 0.1049756382054819, 'num_boost_round': 769}. Best is trial 363 with value: 0.7503453568687644.
# [I 2024-01-17 20:17:43,194] Trial 373 finished with value: 0.7498081350729087 and parameters: {'max_depth': 19, 'learning_rate': 0.05658132673815018, 'subsample': 0.7734730346469185, 'colsample_bytree': 0.7038199077829246, 'reg_alpha': 0.0010989757056538221, 'reg_lambda': 0.004736955898298319, 'min_child_weight': 12, 'gamma': 0.1031543674850753, 'num_boost_round': 753}. Best is trial 363 with value: 0.7503453568687644.
# [I 2024-01-17 20:17:55,321] Trial 374 finished with value: 0.7456126886671783 and parameters: {'max_depth': 18, 'learning_rate': 0.05999467737675314, 'subsample': 0.7918121787329614, 'colsample_bytree': 0.7223273059706681, 'reg_alpha': 0.0021246299554525234, 'reg_lambda': 0.001932912931475751, 'min_child_weight': 13, 'gamma': 0.1097662178978789, 'num_boost_round': 758}. Best is trial 363 with value: 0.7503453568687644.
# [I 2024-01-17 20:18:10,991] Trial 375 finished with value: 0.7491941673062164 and parameters: {'max_depth': 19, 'learning_rate': 0.07158874042000707, 'subsample': 0.7697881988941959, 'colsample_bytree': 0.7174384271963624, 'reg_alpha': 0.0013919514413982203, 'reg_lambda': 0.004304054288102218, 'min_child_weight': 13, 'gamma': 0.12219145545960262, 'num_boost_round': 761}. Best is trial 363 with value: 0.7503453568687644.
# [I 2024-01-17 20:18:28,387] Trial 376 finished with value: 0.7495011511895626 and parameters: {'max_depth': 19, 'learning_rate': 0.06478886613309776, 'subsample': 0.796883364097453, 'colsample_bytree': 0.74987993422354, 'reg_alpha': 0.004857592047199295, 'reg_lambda': 0.001267739927441951, 'min_child_weight': 12, 'gamma': 0.14645401050688017, 'num_boost_round': 759}. Best is trial 363 with value: 0.7503453568687644.
# [I 2024-01-17 20:18:47,790] Trial 377 finished with value: 0.7484011256075722 and parameters: {'max_depth': 19, 'learning_rate': 0.051033624505109544, 'subsample': 0.7892228865282831, 'colsample_bytree': 0.734744122456405, 'reg_alpha': 0.002935177449833071, 'reg_lambda': 0.0061640193721283106, 'min_child_weight': 14, 'gamma': 0.10893029486532889, 'num_boost_round': 754}. Best is trial 363 with value: 0.7503453568687644.
# [I 2024-01-17 20:19:07,265] Trial 378 finished with value: 0.7492453312867742 and parameters: {'max_depth': 19, 'learning_rate': 0.059805111963898074, 'subsample': 0.7897908061046407, 'colsample_bytree': 0.7233442596996338, 'reg_alpha': 0.002428646340872183, 'reg_lambda': 0.001374516056780558, 'min_child_weight': 12, 'gamma': 0.10800723143502168, 'num_boost_round': 741}. Best is trial 363 with value: 0.7503453568687644.
# [I 2024-01-17 20:19:22,797] Trial 379 finished with value: 0.7490662573548221 and parameters: {'max_depth': 18, 'learning_rate': 0.072051191038615, 'subsample': 0.7937688679004528, 'colsample_bytree': 0.7281173024307611, 'reg_alpha': 0.0013230294817459865, 'reg_lambda': 0.0011978580566523124, 'min_child_weight': 14, 'gamma': 0.11522495821006083, 'num_boost_round': 766}. Best is trial 363 with value: 0.7503453568687644.
# [I 2024-01-17 20:19:35,625] Trial 380 finished with value: 0.7489383474034279 and parameters: {'max_depth': 18, 'learning_rate': 0.07912189430698635, 'subsample': 0.79039230604548, 'colsample_bytree': 0.7062037245795804, 'reg_alpha': 0.0017049955869929763, 'reg_lambda': 0.0014997873101350594, 'min_child_weight': 13, 'gamma': 0.11583046516887632, 'num_boost_round': 753}. Best is trial 363 with value: 0.7503453568687644.
# [I 2024-01-17 20:19:50,880] Trial 381 finished with value: 0.7479406497825531 and parameters: {'max_depth': 19, 'learning_rate': 0.06985927226580038, 'subsample': 0.7957407853296348, 'colsample_bytree': 0.7276719248918894, 'reg_alpha': 0.0026083955250209164, 'reg_lambda': 0.0016766281449012545, 'min_child_weight': 11, 'gamma': 0.11818246237622455, 'num_boost_round': 727}. Best is trial 363 with value: 0.7503453568687644.
# [I 2024-01-17 20:20:07,635] Trial 382 finished with value: 0.7479406497825531 and parameters: {'max_depth': 20, 'learning_rate': 0.0539665348181726, 'subsample': 0.7845562773523705, 'colsample_bytree': 0.7076921865188647, 'reg_alpha': 0.001830854596702513, 'reg_lambda': 0.005396508649758428, 'min_child_weight': 13, 'gamma': 0.11954533090457153, 'num_boost_round': 745}. Best is trial 363 with value: 0.7503453568687644.
# [I 2024-01-17 20:20:22,682] Trial 383 finished with value: 0.7485546175492453 and parameters: {'max_depth': 19, 'learning_rate': 0.06721526725618852, 'subsample': 0.7955326231585489, 'colsample_bytree': 0.712978069709533, 'reg_alpha': 0.0014115454771152507, 'reg_lambda': 0.000878317630039407, 'min_child_weight': 11, 'gamma': 0.15062945959773671, 'num_boost_round': 764}. Best is trial 363 with value: 0.7503453568687644.
# [I 2024-01-17 20:20:41,985] Trial 384 finished with value: 0.7487336914811973 and parameters: {'max_depth': 19, 'learning_rate': 0.05765316859125685, 'subsample': 0.7772528062114814, 'colsample_bytree': 0.7271142269449704, 'reg_alpha': 0.0018865513505370909, 'reg_lambda': 0.004816889812691214, 'min_child_weight': 12, 'gamma': 0.1103305846481411, 'num_boost_round': 761}. Best is trial 363 with value: 0.7503453568687644.
# [I 2024-01-17 20:20:59,529] Trial 385 finished with value: 0.7498337170631875 and parameters: {'max_depth': 19, 'learning_rate': 0.06497414065584214, 'subsample': 0.7601893382105439, 'colsample_bytree': 0.7061938085520243, 'reg_alpha': 0.001837454399089005, 'reg_lambda': 0.0026080201002375175, 'min_child_weight': 13, 'gamma': 0.13152424385776013, 'num_boost_round': 746}. Best is trial 363 with value: 0.7503453568687644.
# [I 2024-01-17 20:21:13,958] Trial 386 finished with value: 0.7482987976464569 and parameters: {'max_depth': 18, 'learning_rate': 0.07053181976842471, 'subsample': 0.7810534609533035, 'colsample_bytree': 0.7299064766510186, 'reg_alpha': 0.0030281304773521556, 'reg_lambda': 0.002842955679228451, 'min_child_weight': 12, 'gamma': 0.1108170048205578, 'num_boost_round': 737}. Best is trial 363 with value: 0.7503453568687644.
# [I 2024-01-17 20:21:33,560] Trial 387 finished with value: 0.7490406753645433 and parameters: {'max_depth': 19, 'learning_rate': 0.05995548854045699, 'subsample': 0.7923980446071176, 'colsample_bytree': 0.7297526541429258, 'reg_alpha': 0.003016420946333628, 'reg_lambda': 0.0032227858552666393, 'min_child_weight': 13, 'gamma': 0.14051259526234589, 'num_boost_round': 763}. Best is trial 363 with value: 0.7503453568687644.
# [I 2024-01-17 20:21:49,634] Trial 388 finished with value: 0.7476592478894858 and parameters: {'max_depth': 19, 'learning_rate': 0.060569069933062776, 'subsample': 0.789672257725191, 'colsample_bytree': 0.7098069002257466, 'reg_alpha': 0.0030139838283502465, 'reg_lambda': 0.00276645225160616, 'min_child_weight': 12, 'gamma': 0.14126451252825922, 'num_boost_round': 779}. Best is trial 363 with value: 0.7503453568687644.
# [I 2024-01-17 20:22:05,911] Trial 389 finished with value: 0.7489639293937068 and parameters: {'max_depth': 20, 'learning_rate': 0.0646063228631621, 'subsample': 0.7967183627180383, 'colsample_bytree': 0.722438903600682, 'reg_alpha': 0.002152993536755107, 'reg_lambda': 0.00950303112087855, 'min_child_weight': 12, 'gamma': 0.10105169384173808, 'num_boost_round': 772}. Best is trial 363 with value: 0.7503453568687644.
# [I 2024-01-17 20:22:22,018] Trial 390 finished with value: 0.7466871322588897 and parameters: {'max_depth': 19, 'learning_rate': 0.06395541237590247, 'subsample': 0.7883737821309849, 'colsample_bytree': 0.7480333277394041, 'reg_alpha': 0.0018177974938707656, 'reg_lambda': 0.0025777018572881154, 'min_child_weight': 11, 'gamma': 0.10040840189373051, 'num_boost_round': 707}. Best is trial 363 with value: 0.7503453568687644.
# [I 2024-01-17 20:22:42,951] Trial 391 finished with value: 0.7491685853159376 and parameters: {'max_depth': 19, 'learning_rate': 0.05836301562959982, 'subsample': 0.7861729884258404, 'colsample_bytree': 0.7380482295078657, 'reg_alpha': 0.0014903823486279912, 'reg_lambda': 0.010804446836692889, 'min_child_weight': 13, 'gamma': 0.11667299866497911, 'num_boost_round': 760}. Best is trial 363 with value: 0.7503453568687644.
# [I 2024-01-17 20:22:59,429] Trial 392 finished with value: 0.7487848554617549 and parameters: {'max_depth': 19, 'learning_rate': 0.06457283936565231, 'subsample': 0.7847811014645698, 'colsample_bytree': 0.725055130701478, 'reg_alpha': 0.002177150185707829, 'reg_lambda': 0.0036690504493449134, 'min_child_weight': 13, 'gamma': 0.12524480381645828, 'num_boost_round': 749}. Best is trial 363 with value: 0.7503453568687644.
# [I 2024-01-17 20:23:18,436] Trial 393 finished with value: 0.7489383474034279 and parameters: {'max_depth': 19, 'learning_rate': 0.06088502131563504, 'subsample': 0.7692325198466101, 'colsample_bytree': 0.7020292238749279, 'reg_alpha': 0.0020878027185448457, 'reg_lambda': 0.0021250808603080072, 'min_child_weight': 12, 'gamma': 0.11524321499185067, 'num_boost_round': 742}. Best is trial 363 with value: 0.7503453568687644.
# [I 2024-01-17 20:23:33,985] Trial 394 finished with value: 0.7492453312867742 and parameters: {'max_depth': 19, 'learning_rate': 0.07240286480240603, 'subsample': 0.776183820217873, 'colsample_bytree': 0.7206219353444013, 'reg_alpha': 0.002818013439725203, 'reg_lambda': 0.0023280968475151956, 'min_child_weight': 13, 'gamma': 0.1509788749714813, 'num_boost_round': 758}. Best is trial 363 with value: 0.7503453568687644.
# [I 2024-01-17 20:23:54,184] Trial 395 finished with value: 0.7499360450243029 and parameters: {'max_depth': 20, 'learning_rate': 0.0578184431624467, 'subsample': 0.7586270408733518, 'colsample_bytree': 0.7015586738241378, 'reg_alpha': 0.0030648680897986374, 'reg_lambda': 0.008987814074597415, 'min_child_weight': 14, 'gamma': 0.14651185481033518, 'num_boost_round': 791}. Best is trial 363 with value: 0.7503453568687644.
# [I 2024-01-17 20:24:08,334] Trial 396 finished with value: 0.7477359938603223 and parameters: {'max_depth': 19, 'learning_rate': 0.060140351700034976, 'subsample': 0.7846548263639407, 'colsample_bytree': 0.7203548952922817, 'reg_alpha': 0.0024097676950728428, 'reg_lambda': 0.0030096998979506026, 'min_child_weight': 13, 'gamma': 0.14768310492550943, 'num_boost_round': 762}. Best is trial 363 with value: 0.7503453568687644.
# [I 2024-01-17 20:24:27,297] Trial 397 finished with value: 0.7501407009465336 and parameters: {'max_depth': 19, 'learning_rate': 0.05742148998166743, 'subsample': 0.7608058618417736, 'colsample_bytree': 0.703314561083343, 'reg_alpha': 0.0021846753940236254, 'reg_lambda': 0.002250887926267016, 'min_child_weight': 13, 'gamma': 0.1244139727832494, 'num_boost_round': 739}. Best is trial 363 with value: 0.7503453568687644.
# [I 2024-01-17 20:24:44,651] Trial 398 finished with value: 0.7497313891020722 and parameters: {'max_depth': 19, 'learning_rate': 0.06770407017299042, 'subsample': 0.7895988643937688, 'colsample_bytree': 0.7387048770578666, 'reg_alpha': 0.001861613685151671, 'reg_lambda': 0.002021136763696843, 'min_child_weight': 13, 'gamma': 0.13885771861677218, 'num_boost_round': 775}. Best is trial 363 with value: 0.7503453568687644.
# [I 2024-01-17 20:24:59,924] Trial 399 finished with value: 0.749577897160399 and parameters: {'max_depth': 19, 'learning_rate': 0.0710113838903236, 'subsample': 0.7797577453790588, 'colsample_bytree': 0.7001998885734387, 'reg_alpha': 0.0032396400809200426, 'reg_lambda': 0.0022667068569689505, 'min_child_weight': 12, 'gamma': 0.13966596516582372, 'num_boost_round': 762}. Best is trial 363 with value: 0.7503453568687644.
# [I 2024-01-17 20:25:17,983] Trial 400 finished with value: 0.7497825530826299 and parameters: {'max_depth': 19, 'learning_rate': 0.07148224559719306, 'subsample': 0.7751821334048816, 'colsample_bytree': 0.7204490975630302, 'reg_alpha': 0.003672326055647036, 'reg_lambda': 0.00272467227697983, 'min_child_weight': 13, 'gamma': 0.11819836400682768, 'num_boost_round': 758}. Best is trial 363 with value: 0.7503453568687644.
# [I 2024-01-17 20:25:38,217] Trial 401 finished with value: 0.7489639293937068 and parameters: {'max_depth': 18, 'learning_rate': 0.05648326754600849, 'subsample': 0.7716989119200166, 'colsample_bytree': 0.7280957789049025, 'reg_alpha': 0.0009739232804651486, 'reg_lambda': 0.0017680131067242945, 'min_child_weight': 12, 'gamma': 0.13205017819646908, 'num_boost_round': 761}. Best is trial 363 with value: 0.7503453568687644.
# [I 2024-01-17 20:25:58,347] Trial 402 finished with value: 0.7487081094909184 and parameters: {'max_depth': 19, 'learning_rate': 0.0607370509897005, 'subsample': 0.7682680284887273, 'colsample_bytree': 0.717253533851211, 'reg_alpha': 0.0031028458164338983, 'reg_lambda': 0.010079141540940806, 'min_child_weight': 15, 'gamma': 0.09944851668051284, 'num_boost_round': 756}. Best is trial 363 with value: 0.7503453568687644.
# [I 2024-01-17 20:26:17,974] Trial 403 finished with value: 0.7488360194423126 and parameters: {'max_depth': 19, 'learning_rate': 0.052988318215445175, 'subsample': 0.7725770011813311, 'colsample_bytree': 0.7145325051515972, 'reg_alpha': 0.004322094623122309, 'reg_lambda': 0.0031035936602262066, 'min_child_weight': 13, 'gamma': 0.15525727260562783, 'num_boost_round': 772}. Best is trial 363 with value: 0.7503453568687644.
# [I 2024-01-17 20:26:34,121] Trial 404 finished with value: 0.7488871834228703 and parameters: {'max_depth': 19, 'learning_rate': 0.0632423079831344, 'subsample': 0.7626002435847584, 'colsample_bytree': 0.7285178192835672, 'reg_alpha': 0.0022347467001183332, 'reg_lambda': 0.004753789496647282, 'min_child_weight': 14, 'gamma': 0.08981708640996636, 'num_boost_round': 773}. Best is trial 363 with value: 0.7503453568687644.
# [I 2024-01-17 20:26:53,470] Trial 405 finished with value: 0.7491430033256588 and parameters: {'max_depth': 19, 'learning_rate': 0.05675015837612944, 'subsample': 0.7745982273365305, 'colsample_bytree': 0.7192266160247915, 'reg_alpha': 0.0031187500624653293, 'reg_lambda': 0.0023173851312639016, 'min_child_weight': 13, 'gamma': 0.1520280167429523, 'num_boost_round': 783}. Best is trial 363 with value: 0.7503453568687644.
# [I 2024-01-17 20:27:09,228] Trial 406 finished with value: 0.7479406497825531 and parameters: {'max_depth': 20, 'learning_rate': 0.059010217480881574, 'subsample': 0.7562618338769322, 'colsample_bytree': 0.7193500424160657, 'reg_alpha': 0.0013839107215401535, 'reg_lambda': 0.005984630598089203, 'min_child_weight': 13, 'gamma': 0.14759631680954563, 'num_boost_round': 769}. Best is trial 363 with value: 0.7503453568687644.
# [I 2024-01-17 20:27:28,137] Trial 407 finished with value: 0.7492197492964953 and parameters: {'max_depth': 19, 'learning_rate': 0.05785692246437461, 'subsample': 0.7556173060029603, 'colsample_bytree': 0.7136059130922839, 'reg_alpha': 0.003978825298611621, 'reg_lambda': 0.004095524482826915, 'min_child_weight': 13, 'gamma': 0.13688505429888112, 'num_boost_round': 763}. Best is trial 363 with value: 0.7503453568687644.
# [I 2024-01-17 20:27:41,273] Trial 408 finished with value: 0.7464568943463801 and parameters: {'max_depth': 19, 'learning_rate': 0.0630412096516859, 'subsample': 0.767609716890535, 'colsample_bytree': 0.7285948944284248, 'reg_alpha': 0.0028969198318584666, 'reg_lambda': 0.004512034307569621, 'min_child_weight': 14, 'gamma': 0.09742402630669936, 'num_boost_round': 749}. Best is trial 363 with value: 0.7503453568687644.
